[2022-01-25 22:26:42,715] {processor.py:163} INFO - Started process (PID=70) to work on /home/airflow/.local/lib/python3.7/site-packages/airflow/example_dags/example_python_operator.py
[2022-01-25 22:26:42,719] {processor.py:642} INFO - Processing file /home/airflow/.local/lib/python3.7/site-packages/airflow/example_dags/example_python_operator.py for tasks to queue
[2022-01-25 22:26:42,724] {logging_mixin.py:109} INFO - [2022-01-25 22:26:42,723] {dagbag.py:500} INFO - Filling up the DagBag from /home/airflow/.local/lib/python3.7/site-packages/airflow/example_dags/example_python_operator.py
[2022-01-25 22:26:42,865] {processor.py:654} INFO - DAG(s) dict_keys(['example_python_operator']) retrieved from /home/airflow/.local/lib/python3.7/site-packages/airflow/example_dags/example_python_operator.py
[2022-01-25 22:26:55,318] {logging_mixin.py:109} INFO - [2022-01-25 22:26:55,315] {manager.py:496} INFO - Created Permission View: can read on DAG:example_python_operator
[2022-01-25 22:26:55,363] {logging_mixin.py:109} INFO - [2022-01-25 22:26:55,363] {manager.py:496} INFO - Created Permission View: can edit on DAG:example_python_operator
[2022-01-25 22:26:55,364] {logging_mixin.py:109} INFO - [2022-01-25 22:26:55,364] {dag.py:2396} INFO - Sync 1 DAGs
[2022-01-25 22:26:55,404] {logging_mixin.py:109} INFO - [2022-01-25 22:26:55,403] {dag.py:2415} INFO - Creating ORM DAG for example_python_operator
[2022-01-25 22:26:55,443] {logging_mixin.py:109} INFO - [2022-01-25 22:26:55,443] {dag.py:2935} INFO - Setting next_dagrun for example_python_operator to None
[2022-01-25 22:26:55,507] {processor.py:171} INFO - Processing /home/airflow/.local/lib/python3.7/site-packages/airflow/example_dags/example_python_operator.py took 12.800 seconds
[2022-01-25 22:28:06,157] {processor.py:163} INFO - Started process (PID=263) to work on /home/airflow/.local/lib/python3.7/site-packages/airflow/example_dags/example_python_operator.py
[2022-01-25 22:28:06,171] {processor.py:642} INFO - Processing file /home/airflow/.local/lib/python3.7/site-packages/airflow/example_dags/example_python_operator.py for tasks to queue
[2022-01-25 22:28:06,172] {logging_mixin.py:109} INFO - [2022-01-25 22:28:06,172] {dagbag.py:500} INFO - Filling up the DagBag from /home/airflow/.local/lib/python3.7/site-packages/airflow/example_dags/example_python_operator.py
[2022-01-25 22:28:06,224] {processor.py:654} INFO - DAG(s) dict_keys(['example_python_operator']) retrieved from /home/airflow/.local/lib/python3.7/site-packages/airflow/example_dags/example_python_operator.py
[2022-01-25 22:28:06,239] {logging_mixin.py:109} INFO - [2022-01-25 22:28:06,239] {dag.py:2396} INFO - Sync 1 DAGs
[2022-01-25 22:28:06,261] {logging_mixin.py:109} INFO - [2022-01-25 22:28:06,261] {dag.py:2935} INFO - Setting next_dagrun for example_python_operator to None
[2022-01-25 22:28:06,283] {processor.py:171} INFO - Processing /home/airflow/.local/lib/python3.7/site-packages/airflow/example_dags/example_python_operator.py took 0.130 seconds
[2022-01-25 22:28:36,675] {processor.py:163} INFO - Started process (PID=314) to work on /home/airflow/.local/lib/python3.7/site-packages/airflow/example_dags/example_python_operator.py
[2022-01-25 22:28:36,677] {processor.py:642} INFO - Processing file /home/airflow/.local/lib/python3.7/site-packages/airflow/example_dags/example_python_operator.py for tasks to queue
[2022-01-25 22:28:36,678] {logging_mixin.py:109} INFO - [2022-01-25 22:28:36,677] {dagbag.py:500} INFO - Filling up the DagBag from /home/airflow/.local/lib/python3.7/site-packages/airflow/example_dags/example_python_operator.py
[2022-01-25 22:28:36,724] {processor.py:654} INFO - DAG(s) dict_keys(['example_python_operator']) retrieved from /home/airflow/.local/lib/python3.7/site-packages/airflow/example_dags/example_python_operator.py
[2022-01-25 22:28:36,740] {logging_mixin.py:109} INFO - [2022-01-25 22:28:36,740] {dag.py:2396} INFO - Sync 1 DAGs
[2022-01-25 22:28:36,764] {logging_mixin.py:109} INFO - [2022-01-25 22:28:36,763] {dag.py:2935} INFO - Setting next_dagrun for example_python_operator to None
[2022-01-25 22:28:36,778] {processor.py:171} INFO - Processing /home/airflow/.local/lib/python3.7/site-packages/airflow/example_dags/example_python_operator.py took 0.107 seconds
[2022-01-25 22:29:06,963] {processor.py:163} INFO - Started process (PID=366) to work on /home/airflow/.local/lib/python3.7/site-packages/airflow/example_dags/example_python_operator.py
[2022-01-25 22:29:06,964] {processor.py:642} INFO - Processing file /home/airflow/.local/lib/python3.7/site-packages/airflow/example_dags/example_python_operator.py for tasks to queue
[2022-01-25 22:29:06,965] {logging_mixin.py:109} INFO - [2022-01-25 22:29:06,965] {dagbag.py:500} INFO - Filling up the DagBag from /home/airflow/.local/lib/python3.7/site-packages/airflow/example_dags/example_python_operator.py
[2022-01-25 22:29:06,999] {processor.py:654} INFO - DAG(s) dict_keys(['example_python_operator']) retrieved from /home/airflow/.local/lib/python3.7/site-packages/airflow/example_dags/example_python_operator.py
[2022-01-25 22:29:07,009] {logging_mixin.py:109} INFO - [2022-01-25 22:29:07,009] {dag.py:2396} INFO - Sync 1 DAGs
[2022-01-25 22:29:07,030] {logging_mixin.py:109} INFO - [2022-01-25 22:29:07,030] {dag.py:2935} INFO - Setting next_dagrun for example_python_operator to None
[2022-01-25 22:29:07,042] {processor.py:171} INFO - Processing /home/airflow/.local/lib/python3.7/site-packages/airflow/example_dags/example_python_operator.py took 0.082 seconds
[2022-01-25 22:29:37,268] {processor.py:163} INFO - Started process (PID=418) to work on /home/airflow/.local/lib/python3.7/site-packages/airflow/example_dags/example_python_operator.py
[2022-01-25 22:29:37,269] {processor.py:642} INFO - Processing file /home/airflow/.local/lib/python3.7/site-packages/airflow/example_dags/example_python_operator.py for tasks to queue
[2022-01-25 22:29:37,270] {logging_mixin.py:109} INFO - [2022-01-25 22:29:37,270] {dagbag.py:500} INFO - Filling up the DagBag from /home/airflow/.local/lib/python3.7/site-packages/airflow/example_dags/example_python_operator.py
[2022-01-25 22:29:37,315] {processor.py:654} INFO - DAG(s) dict_keys(['example_python_operator']) retrieved from /home/airflow/.local/lib/python3.7/site-packages/airflow/example_dags/example_python_operator.py
[2022-01-25 22:29:37,330] {logging_mixin.py:109} INFO - [2022-01-25 22:29:37,330] {dag.py:2396} INFO - Sync 1 DAGs
[2022-01-25 22:29:37,355] {logging_mixin.py:109} INFO - [2022-01-25 22:29:37,355] {dag.py:2935} INFO - Setting next_dagrun for example_python_operator to None
[2022-01-25 22:29:37,374] {processor.py:171} INFO - Processing /home/airflow/.local/lib/python3.7/site-packages/airflow/example_dags/example_python_operator.py took 0.111 seconds
[2022-01-25 22:30:07,471] {processor.py:163} INFO - Started process (PID=468) to work on /home/airflow/.local/lib/python3.7/site-packages/airflow/example_dags/example_python_operator.py
[2022-01-25 22:30:07,472] {processor.py:642} INFO - Processing file /home/airflow/.local/lib/python3.7/site-packages/airflow/example_dags/example_python_operator.py for tasks to queue
[2022-01-25 22:30:07,473] {logging_mixin.py:109} INFO - [2022-01-25 22:30:07,473] {dagbag.py:500} INFO - Filling up the DagBag from /home/airflow/.local/lib/python3.7/site-packages/airflow/example_dags/example_python_operator.py
[2022-01-25 22:30:07,504] {processor.py:654} INFO - DAG(s) dict_keys(['example_python_operator']) retrieved from /home/airflow/.local/lib/python3.7/site-packages/airflow/example_dags/example_python_operator.py
[2022-01-25 22:30:07,515] {logging_mixin.py:109} INFO - [2022-01-25 22:30:07,515] {dag.py:2396} INFO - Sync 1 DAGs
[2022-01-25 22:30:07,531] {logging_mixin.py:109} INFO - [2022-01-25 22:30:07,531] {dag.py:2935} INFO - Setting next_dagrun for example_python_operator to None
[2022-01-25 22:30:07,540] {processor.py:171} INFO - Processing /home/airflow/.local/lib/python3.7/site-packages/airflow/example_dags/example_python_operator.py took 0.073 seconds
[2022-01-25 22:30:37,790] {processor.py:163} INFO - Started process (PID=528) to work on /home/airflow/.local/lib/python3.7/site-packages/airflow/example_dags/example_python_operator.py
[2022-01-25 22:30:37,792] {processor.py:642} INFO - Processing file /home/airflow/.local/lib/python3.7/site-packages/airflow/example_dags/example_python_operator.py for tasks to queue
[2022-01-25 22:30:37,793] {logging_mixin.py:109} INFO - [2022-01-25 22:30:37,793] {dagbag.py:500} INFO - Filling up the DagBag from /home/airflow/.local/lib/python3.7/site-packages/airflow/example_dags/example_python_operator.py
[2022-01-25 22:30:37,834] {processor.py:654} INFO - DAG(s) dict_keys(['example_python_operator']) retrieved from /home/airflow/.local/lib/python3.7/site-packages/airflow/example_dags/example_python_operator.py
[2022-01-25 22:30:37,848] {logging_mixin.py:109} INFO - [2022-01-25 22:30:37,848] {dag.py:2396} INFO - Sync 1 DAGs
[2022-01-25 22:30:37,870] {logging_mixin.py:109} INFO - [2022-01-25 22:30:37,870] {dag.py:2935} INFO - Setting next_dagrun for example_python_operator to None
[2022-01-25 22:30:37,881] {processor.py:171} INFO - Processing /home/airflow/.local/lib/python3.7/site-packages/airflow/example_dags/example_python_operator.py took 0.094 seconds
[2022-01-25 22:31:08,150] {processor.py:163} INFO - Started process (PID=579) to work on /home/airflow/.local/lib/python3.7/site-packages/airflow/example_dags/example_python_operator.py
[2022-01-25 22:31:08,155] {processor.py:642} INFO - Processing file /home/airflow/.local/lib/python3.7/site-packages/airflow/example_dags/example_python_operator.py for tasks to queue
[2022-01-25 22:31:08,156] {logging_mixin.py:109} INFO - [2022-01-25 22:31:08,156] {dagbag.py:500} INFO - Filling up the DagBag from /home/airflow/.local/lib/python3.7/site-packages/airflow/example_dags/example_python_operator.py
[2022-01-25 22:31:08,289] {processor.py:654} INFO - DAG(s) dict_keys(['example_python_operator']) retrieved from /home/airflow/.local/lib/python3.7/site-packages/airflow/example_dags/example_python_operator.py
[2022-01-25 22:31:08,315] {logging_mixin.py:109} INFO - [2022-01-25 22:31:08,314] {dag.py:2396} INFO - Sync 1 DAGs
[2022-01-25 22:31:08,361] {logging_mixin.py:109} INFO - [2022-01-25 22:31:08,361] {dag.py:2935} INFO - Setting next_dagrun for example_python_operator to None
[2022-01-25 22:31:08,394] {processor.py:171} INFO - Processing /home/airflow/.local/lib/python3.7/site-packages/airflow/example_dags/example_python_operator.py took 0.248 seconds
[2022-01-25 22:31:38,816] {processor.py:163} INFO - Started process (PID=646) to work on /home/airflow/.local/lib/python3.7/site-packages/airflow/example_dags/example_python_operator.py
[2022-01-25 22:31:38,820] {processor.py:642} INFO - Processing file /home/airflow/.local/lib/python3.7/site-packages/airflow/example_dags/example_python_operator.py for tasks to queue
[2022-01-25 22:31:38,821] {logging_mixin.py:109} INFO - [2022-01-25 22:31:38,821] {dagbag.py:500} INFO - Filling up the DagBag from /home/airflow/.local/lib/python3.7/site-packages/airflow/example_dags/example_python_operator.py
[2022-01-25 22:31:38,887] {processor.py:654} INFO - DAG(s) dict_keys(['example_python_operator']) retrieved from /home/airflow/.local/lib/python3.7/site-packages/airflow/example_dags/example_python_operator.py
[2022-01-25 22:31:38,904] {logging_mixin.py:109} INFO - [2022-01-25 22:31:38,904] {dag.py:2396} INFO - Sync 1 DAGs
[2022-01-25 22:31:38,933] {logging_mixin.py:109} INFO - [2022-01-25 22:31:38,932] {dag.py:2935} INFO - Setting next_dagrun for example_python_operator to None
[2022-01-25 22:31:38,947] {processor.py:171} INFO - Processing /home/airflow/.local/lib/python3.7/site-packages/airflow/example_dags/example_python_operator.py took 0.145 seconds
