[2022-01-25 22:27:53,103] {processor.py:163} INFO - Started process (PID=214) to work on /home/airflow/.local/lib/python3.7/site-packages/airflow/example_dags/example_external_task_marker_dag.py
[2022-01-25 22:27:53,104] {processor.py:642} INFO - Processing file /home/airflow/.local/lib/python3.7/site-packages/airflow/example_dags/example_external_task_marker_dag.py for tasks to queue
[2022-01-25 22:27:53,105] {logging_mixin.py:109} INFO - [2022-01-25 22:27:53,105] {dagbag.py:500} INFO - Filling up the DagBag from /home/airflow/.local/lib/python3.7/site-packages/airflow/example_dags/example_external_task_marker_dag.py
[2022-01-25 22:27:53,226] {processor.py:654} INFO - DAG(s) dict_keys(['example_external_task_marker_parent', 'example_external_task_marker_child']) retrieved from /home/airflow/.local/lib/python3.7/site-packages/airflow/example_dags/example_external_task_marker_dag.py
[2022-01-25 22:27:56,837] {logging_mixin.py:109} INFO - [2022-01-25 22:27:56,837] {manager.py:496} INFO - Created Permission View: can read on DAG:example_external_task_marker_parent
[2022-01-25 22:27:56,867] {logging_mixin.py:109} INFO - [2022-01-25 22:27:56,867] {manager.py:496} INFO - Created Permission View: can edit on DAG:example_external_task_marker_parent
[2022-01-25 22:27:56,892] {logging_mixin.py:109} INFO - [2022-01-25 22:27:56,892] {manager.py:496} INFO - Created Permission View: can read on DAG:example_external_task_marker_child
[2022-01-25 22:27:56,903] {logging_mixin.py:109} INFO - [2022-01-25 22:27:56,903] {manager.py:496} INFO - Created Permission View: can edit on DAG:example_external_task_marker_child
[2022-01-25 22:27:56,903] {logging_mixin.py:109} INFO - [2022-01-25 22:27:56,903] {dag.py:2396} INFO - Sync 2 DAGs
[2022-01-25 22:27:56,911] {logging_mixin.py:109} INFO - [2022-01-25 22:27:56,911] {dag.py:2415} INFO - Creating ORM DAG for example_external_task_marker_parent
[2022-01-25 22:27:56,912] {logging_mixin.py:109} INFO - [2022-01-25 22:27:56,912] {dag.py:2415} INFO - Creating ORM DAG for example_external_task_marker_child
[2022-01-25 22:27:56,921] {logging_mixin.py:109} INFO - [2022-01-25 22:27:56,921] {dag.py:2935} INFO - Setting next_dagrun for example_external_task_marker_child to None
[2022-01-25 22:27:56,922] {logging_mixin.py:109} INFO - [2022-01-25 22:27:56,922] {dag.py:2935} INFO - Setting next_dagrun for example_external_task_marker_parent to None
[2022-01-25 22:27:56,937] {processor.py:171} INFO - Processing /home/airflow/.local/lib/python3.7/site-packages/airflow/example_dags/example_external_task_marker_dag.py took 3.851 seconds
[2022-01-25 22:28:27,264] {processor.py:163} INFO - Started process (PID=296) to work on /home/airflow/.local/lib/python3.7/site-packages/airflow/example_dags/example_external_task_marker_dag.py
[2022-01-25 22:28:27,266] {processor.py:642} INFO - Processing file /home/airflow/.local/lib/python3.7/site-packages/airflow/example_dags/example_external_task_marker_dag.py for tasks to queue
[2022-01-25 22:28:27,267] {logging_mixin.py:109} INFO - [2022-01-25 22:28:27,267] {dagbag.py:500} INFO - Filling up the DagBag from /home/airflow/.local/lib/python3.7/site-packages/airflow/example_dags/example_external_task_marker_dag.py
[2022-01-25 22:28:27,303] {processor.py:654} INFO - DAG(s) dict_keys(['example_external_task_marker_parent', 'example_external_task_marker_child']) retrieved from /home/airflow/.local/lib/python3.7/site-packages/airflow/example_dags/example_external_task_marker_dag.py
[2022-01-25 22:28:27,328] {logging_mixin.py:109} INFO - [2022-01-25 22:28:27,328] {dag.py:2396} INFO - Sync 2 DAGs
[2022-01-25 22:28:27,350] {logging_mixin.py:109} INFO - [2022-01-25 22:28:27,350] {dag.py:2935} INFO - Setting next_dagrun for example_external_task_marker_child to None
[2022-01-25 22:28:27,351] {logging_mixin.py:109} INFO - [2022-01-25 22:28:27,350] {dag.py:2935} INFO - Setting next_dagrun for example_external_task_marker_parent to None
[2022-01-25 22:28:27,362] {processor.py:171} INFO - Processing /home/airflow/.local/lib/python3.7/site-packages/airflow/example_dags/example_external_task_marker_dag.py took 0.101 seconds
[2022-01-25 22:28:57,641] {processor.py:163} INFO - Started process (PID=348) to work on /home/airflow/.local/lib/python3.7/site-packages/airflow/example_dags/example_external_task_marker_dag.py
[2022-01-25 22:28:57,643] {processor.py:642} INFO - Processing file /home/airflow/.local/lib/python3.7/site-packages/airflow/example_dags/example_external_task_marker_dag.py for tasks to queue
[2022-01-25 22:28:57,644] {logging_mixin.py:109} INFO - [2022-01-25 22:28:57,644] {dagbag.py:500} INFO - Filling up the DagBag from /home/airflow/.local/lib/python3.7/site-packages/airflow/example_dags/example_external_task_marker_dag.py
[2022-01-25 22:28:57,669] {processor.py:654} INFO - DAG(s) dict_keys(['example_external_task_marker_parent', 'example_external_task_marker_child']) retrieved from /home/airflow/.local/lib/python3.7/site-packages/airflow/example_dags/example_external_task_marker_dag.py
[2022-01-25 22:28:57,687] {logging_mixin.py:109} INFO - [2022-01-25 22:28:57,686] {dag.py:2396} INFO - Sync 2 DAGs
[2022-01-25 22:28:57,703] {logging_mixin.py:109} INFO - [2022-01-25 22:28:57,703] {dag.py:2935} INFO - Setting next_dagrun for example_external_task_marker_child to None
[2022-01-25 22:28:57,704] {logging_mixin.py:109} INFO - [2022-01-25 22:28:57,704] {dag.py:2935} INFO - Setting next_dagrun for example_external_task_marker_parent to None
[2022-01-25 22:28:57,715] {processor.py:171} INFO - Processing /home/airflow/.local/lib/python3.7/site-packages/airflow/example_dags/example_external_task_marker_dag.py took 0.077 seconds
[2022-01-25 22:29:27,850] {processor.py:163} INFO - Started process (PID=400) to work on /home/airflow/.local/lib/python3.7/site-packages/airflow/example_dags/example_external_task_marker_dag.py
[2022-01-25 22:29:27,853] {processor.py:642} INFO - Processing file /home/airflow/.local/lib/python3.7/site-packages/airflow/example_dags/example_external_task_marker_dag.py for tasks to queue
[2022-01-25 22:29:27,854] {logging_mixin.py:109} INFO - [2022-01-25 22:29:27,854] {dagbag.py:500} INFO - Filling up the DagBag from /home/airflow/.local/lib/python3.7/site-packages/airflow/example_dags/example_external_task_marker_dag.py
[2022-01-25 22:29:27,924] {processor.py:654} INFO - DAG(s) dict_keys(['example_external_task_marker_parent', 'example_external_task_marker_child']) retrieved from /home/airflow/.local/lib/python3.7/site-packages/airflow/example_dags/example_external_task_marker_dag.py
[2022-01-25 22:29:27,951] {logging_mixin.py:109} INFO - [2022-01-25 22:29:27,951] {dag.py:2396} INFO - Sync 2 DAGs
[2022-01-25 22:29:27,980] {logging_mixin.py:109} INFO - [2022-01-25 22:29:27,979] {dag.py:2935} INFO - Setting next_dagrun for example_external_task_marker_child to None
[2022-01-25 22:29:27,980] {logging_mixin.py:109} INFO - [2022-01-25 22:29:27,980] {dag.py:2935} INFO - Setting next_dagrun for example_external_task_marker_parent to None
[2022-01-25 22:29:27,997] {processor.py:171} INFO - Processing /home/airflow/.local/lib/python3.7/site-packages/airflow/example_dags/example_external_task_marker_dag.py took 0.151 seconds
[2022-01-25 22:29:58,039] {processor.py:163} INFO - Started process (PID=461) to work on /home/airflow/.local/lib/python3.7/site-packages/airflow/example_dags/example_external_task_marker_dag.py
[2022-01-25 22:29:58,042] {processor.py:642} INFO - Processing file /home/airflow/.local/lib/python3.7/site-packages/airflow/example_dags/example_external_task_marker_dag.py for tasks to queue
[2022-01-25 22:29:58,043] {logging_mixin.py:109} INFO - [2022-01-25 22:29:58,042] {dagbag.py:500} INFO - Filling up the DagBag from /home/airflow/.local/lib/python3.7/site-packages/airflow/example_dags/example_external_task_marker_dag.py
[2022-01-25 22:29:58,092] {processor.py:654} INFO - DAG(s) dict_keys(['example_external_task_marker_parent', 'example_external_task_marker_child']) retrieved from /home/airflow/.local/lib/python3.7/site-packages/airflow/example_dags/example_external_task_marker_dag.py
[2022-01-25 22:29:58,115] {logging_mixin.py:109} INFO - [2022-01-25 22:29:58,114] {dag.py:2396} INFO - Sync 2 DAGs
[2022-01-25 22:29:58,143] {logging_mixin.py:109} INFO - [2022-01-25 22:29:58,143] {dag.py:2935} INFO - Setting next_dagrun for example_external_task_marker_child to None
[2022-01-25 22:29:58,144] {logging_mixin.py:109} INFO - [2022-01-25 22:29:58,144] {dag.py:2935} INFO - Setting next_dagrun for example_external_task_marker_parent to None
[2022-01-25 22:29:58,162] {processor.py:171} INFO - Processing /home/airflow/.local/lib/python3.7/site-packages/airflow/example_dags/example_external_task_marker_dag.py took 0.129 seconds
[2022-01-25 22:30:28,452] {processor.py:163} INFO - Started process (PID=511) to work on /home/airflow/.local/lib/python3.7/site-packages/airflow/example_dags/example_external_task_marker_dag.py
[2022-01-25 22:30:28,453] {processor.py:642} INFO - Processing file /home/airflow/.local/lib/python3.7/site-packages/airflow/example_dags/example_external_task_marker_dag.py for tasks to queue
[2022-01-25 22:30:28,454] {logging_mixin.py:109} INFO - [2022-01-25 22:30:28,454] {dagbag.py:500} INFO - Filling up the DagBag from /home/airflow/.local/lib/python3.7/site-packages/airflow/example_dags/example_external_task_marker_dag.py
[2022-01-25 22:30:28,485] {processor.py:654} INFO - DAG(s) dict_keys(['example_external_task_marker_parent', 'example_external_task_marker_child']) retrieved from /home/airflow/.local/lib/python3.7/site-packages/airflow/example_dags/example_external_task_marker_dag.py
[2022-01-25 22:30:28,498] {logging_mixin.py:109} INFO - [2022-01-25 22:30:28,498] {dag.py:2396} INFO - Sync 2 DAGs
[2022-01-25 22:30:28,514] {logging_mixin.py:109} INFO - [2022-01-25 22:30:28,514] {dag.py:2935} INFO - Setting next_dagrun for example_external_task_marker_child to None
[2022-01-25 22:30:28,515] {logging_mixin.py:109} INFO - [2022-01-25 22:30:28,515] {dag.py:2935} INFO - Setting next_dagrun for example_external_task_marker_parent to None
[2022-01-25 22:30:28,524] {processor.py:171} INFO - Processing /home/airflow/.local/lib/python3.7/site-packages/airflow/example_dags/example_external_task_marker_dag.py took 0.075 seconds
[2022-01-25 22:30:59,197] {processor.py:163} INFO - Started process (PID=563) to work on /home/airflow/.local/lib/python3.7/site-packages/airflow/example_dags/example_external_task_marker_dag.py
[2022-01-25 22:30:59,204] {processor.py:642} INFO - Processing file /home/airflow/.local/lib/python3.7/site-packages/airflow/example_dags/example_external_task_marker_dag.py for tasks to queue
[2022-01-25 22:30:59,204] {logging_mixin.py:109} INFO - [2022-01-25 22:30:59,204] {dagbag.py:500} INFO - Filling up the DagBag from /home/airflow/.local/lib/python3.7/site-packages/airflow/example_dags/example_external_task_marker_dag.py
[2022-01-25 22:30:59,243] {processor.py:654} INFO - DAG(s) dict_keys(['example_external_task_marker_parent', 'example_external_task_marker_child']) retrieved from /home/airflow/.local/lib/python3.7/site-packages/airflow/example_dags/example_external_task_marker_dag.py
[2022-01-25 22:30:59,262] {logging_mixin.py:109} INFO - [2022-01-25 22:30:59,262] {dag.py:2396} INFO - Sync 2 DAGs
[2022-01-25 22:30:59,286] {logging_mixin.py:109} INFO - [2022-01-25 22:30:59,286] {dag.py:2935} INFO - Setting next_dagrun for example_external_task_marker_child to None
[2022-01-25 22:30:59,286] {logging_mixin.py:109} INFO - [2022-01-25 22:30:59,286] {dag.py:2935} INFO - Setting next_dagrun for example_external_task_marker_parent to None
[2022-01-25 22:30:59,299] {processor.py:171} INFO - Processing /home/airflow/.local/lib/python3.7/site-packages/airflow/example_dags/example_external_task_marker_dag.py took 0.106 seconds
[2022-01-25 22:31:30,114] {processor.py:163} INFO - Started process (PID=624) to work on /home/airflow/.local/lib/python3.7/site-packages/airflow/example_dags/example_external_task_marker_dag.py
[2022-01-25 22:31:30,117] {processor.py:642} INFO - Processing file /home/airflow/.local/lib/python3.7/site-packages/airflow/example_dags/example_external_task_marker_dag.py for tasks to queue
[2022-01-25 22:31:30,119] {logging_mixin.py:109} INFO - [2022-01-25 22:31:30,119] {dagbag.py:500} INFO - Filling up the DagBag from /home/airflow/.local/lib/python3.7/site-packages/airflow/example_dags/example_external_task_marker_dag.py
[2022-01-25 22:31:30,157] {processor.py:654} INFO - DAG(s) dict_keys(['example_external_task_marker_parent', 'example_external_task_marker_child']) retrieved from /home/airflow/.local/lib/python3.7/site-packages/airflow/example_dags/example_external_task_marker_dag.py
[2022-01-25 22:31:30,174] {logging_mixin.py:109} INFO - [2022-01-25 22:31:30,174] {dag.py:2396} INFO - Sync 2 DAGs
[2022-01-25 22:31:30,200] {logging_mixin.py:109} INFO - [2022-01-25 22:31:30,200] {dag.py:2935} INFO - Setting next_dagrun for example_external_task_marker_child to None
[2022-01-25 22:31:30,201] {logging_mixin.py:109} INFO - [2022-01-25 22:31:30,201] {dag.py:2935} INFO - Setting next_dagrun for example_external_task_marker_parent to None
[2022-01-25 22:31:30,215] {processor.py:171} INFO - Processing /home/airflow/.local/lib/python3.7/site-packages/airflow/example_dags/example_external_task_marker_dag.py took 0.111 seconds
[2022-01-25 22:32:00,523] {processor.py:163} INFO - Started process (PID=686) to work on /home/airflow/.local/lib/python3.7/site-packages/airflow/example_dags/example_external_task_marker_dag.py
[2022-01-25 22:32:00,525] {processor.py:642} INFO - Processing file /home/airflow/.local/lib/python3.7/site-packages/airflow/example_dags/example_external_task_marker_dag.py for tasks to queue
[2022-01-25 22:32:00,526] {logging_mixin.py:109} INFO - [2022-01-25 22:32:00,526] {dagbag.py:500} INFO - Filling up the DagBag from /home/airflow/.local/lib/python3.7/site-packages/airflow/example_dags/example_external_task_marker_dag.py
[2022-01-25 22:32:00,551] {processor.py:654} INFO - DAG(s) dict_keys(['example_external_task_marker_parent', 'example_external_task_marker_child']) retrieved from /home/airflow/.local/lib/python3.7/site-packages/airflow/example_dags/example_external_task_marker_dag.py
[2022-01-25 22:32:00,567] {logging_mixin.py:109} INFO - [2022-01-25 22:32:00,567] {dag.py:2396} INFO - Sync 2 DAGs
[2022-01-25 22:32:00,585] {logging_mixin.py:109} INFO - [2022-01-25 22:32:00,584] {dag.py:2935} INFO - Setting next_dagrun for example_external_task_marker_child to None
[2022-01-25 22:32:00,585] {logging_mixin.py:109} INFO - [2022-01-25 22:32:00,585] {dag.py:2935} INFO - Setting next_dagrun for example_external_task_marker_parent to None
[2022-01-25 22:32:00,595] {processor.py:171} INFO - Processing /home/airflow/.local/lib/python3.7/site-packages/airflow/example_dags/example_external_task_marker_dag.py took 0.075 seconds
