[2022-01-25 22:27:23,011] {processor.py:163} INFO - Started process (PID=139) to work on /home/airflow/.local/lib/python3.7/site-packages/airflow/example_dags/example_xcomargs.py
[2022-01-25 22:27:23,012] {processor.py:642} INFO - Processing file /home/airflow/.local/lib/python3.7/site-packages/airflow/example_dags/example_xcomargs.py for tasks to queue
[2022-01-25 22:27:23,012] {logging_mixin.py:109} INFO - [2022-01-25 22:27:23,012] {dagbag.py:500} INFO - Filling up the DagBag from /home/airflow/.local/lib/python3.7/site-packages/airflow/example_dags/example_xcomargs.py
[2022-01-25 22:27:23,066] {processor.py:654} INFO - DAG(s) dict_keys(['example_xcom_args', 'example_xcom_args_with_operators']) retrieved from /home/airflow/.local/lib/python3.7/site-packages/airflow/example_dags/example_xcomargs.py
[2022-01-25 22:27:28,487] {logging_mixin.py:109} INFO - [2022-01-25 22:27:28,487] {manager.py:496} INFO - Created Permission View: can read on DAG:example_xcom_args
[2022-01-25 22:27:28,528] {logging_mixin.py:109} INFO - [2022-01-25 22:27:28,528] {manager.py:496} INFO - Created Permission View: can edit on DAG:example_xcom_args
[2022-01-25 22:27:28,596] {logging_mixin.py:109} INFO - [2022-01-25 22:27:28,595] {manager.py:496} INFO - Created Permission View: can read on DAG:example_xcom_args_with_operators
[2022-01-25 22:27:28,633] {logging_mixin.py:109} INFO - [2022-01-25 22:27:28,632] {manager.py:496} INFO - Created Permission View: can edit on DAG:example_xcom_args_with_operators
[2022-01-25 22:27:28,634] {logging_mixin.py:109} INFO - [2022-01-25 22:27:28,633] {dag.py:2396} INFO - Sync 2 DAGs
[2022-01-25 22:27:28,659] {logging_mixin.py:109} INFO - [2022-01-25 22:27:28,658] {dag.py:2415} INFO - Creating ORM DAG for example_xcom_args
[2022-01-25 22:27:28,663] {logging_mixin.py:109} INFO - [2022-01-25 22:27:28,662] {dag.py:2415} INFO - Creating ORM DAG for example_xcom_args_with_operators
[2022-01-25 22:27:28,692] {logging_mixin.py:109} INFO - [2022-01-25 22:27:28,691] {dag.py:2935} INFO - Setting next_dagrun for example_xcom_args to None
[2022-01-25 22:27:28,692] {logging_mixin.py:109} INFO - [2022-01-25 22:27:28,692] {dag.py:2935} INFO - Setting next_dagrun for example_xcom_args_with_operators to None
[2022-01-25 22:27:28,736] {processor.py:171} INFO - Processing /home/airflow/.local/lib/python3.7/site-packages/airflow/example_dags/example_xcomargs.py took 5.729 seconds
[2022-01-25 22:28:08,362] {processor.py:163} INFO - Started process (PID=274) to work on /home/airflow/.local/lib/python3.7/site-packages/airflow/example_dags/example_xcomargs.py
[2022-01-25 22:28:08,367] {processor.py:642} INFO - Processing file /home/airflow/.local/lib/python3.7/site-packages/airflow/example_dags/example_xcomargs.py for tasks to queue
[2022-01-25 22:28:08,368] {logging_mixin.py:109} INFO - [2022-01-25 22:28:08,368] {dagbag.py:500} INFO - Filling up the DagBag from /home/airflow/.local/lib/python3.7/site-packages/airflow/example_dags/example_xcomargs.py
[2022-01-25 22:28:08,467] {processor.py:654} INFO - DAG(s) dict_keys(['example_xcom_args', 'example_xcom_args_with_operators']) retrieved from /home/airflow/.local/lib/python3.7/site-packages/airflow/example_dags/example_xcomargs.py
[2022-01-25 22:28:08,930] {logging_mixin.py:109} INFO - [2022-01-25 22:28:08,930] {dag.py:2396} INFO - Sync 2 DAGs
[2022-01-25 22:28:08,952] {logging_mixin.py:109} INFO - [2022-01-25 22:28:08,952] {dag.py:2935} INFO - Setting next_dagrun for example_xcom_args to None
[2022-01-25 22:28:08,952] {logging_mixin.py:109} INFO - [2022-01-25 22:28:08,952] {dag.py:2935} INFO - Setting next_dagrun for example_xcom_args_with_operators to None
[2022-01-25 22:28:08,971] {processor.py:171} INFO - Processing /home/airflow/.local/lib/python3.7/site-packages/airflow/example_dags/example_xcomargs.py took 0.613 seconds
[2022-01-25 22:28:39,040] {processor.py:163} INFO - Started process (PID=328) to work on /home/airflow/.local/lib/python3.7/site-packages/airflow/example_dags/example_xcomargs.py
[2022-01-25 22:28:39,042] {processor.py:642} INFO - Processing file /home/airflow/.local/lib/python3.7/site-packages/airflow/example_dags/example_xcomargs.py for tasks to queue
[2022-01-25 22:28:39,042] {logging_mixin.py:109} INFO - [2022-01-25 22:28:39,042] {dagbag.py:500} INFO - Filling up the DagBag from /home/airflow/.local/lib/python3.7/site-packages/airflow/example_dags/example_xcomargs.py
[2022-01-25 22:28:39,087] {processor.py:654} INFO - DAG(s) dict_keys(['example_xcom_args', 'example_xcom_args_with_operators']) retrieved from /home/airflow/.local/lib/python3.7/site-packages/airflow/example_dags/example_xcomargs.py
[2022-01-25 22:28:39,414] {logging_mixin.py:109} INFO - [2022-01-25 22:28:39,414] {dag.py:2396} INFO - Sync 2 DAGs
[2022-01-25 22:28:39,431] {logging_mixin.py:109} INFO - [2022-01-25 22:28:39,431] {dag.py:2935} INFO - Setting next_dagrun for example_xcom_args to None
[2022-01-25 22:28:39,431] {logging_mixin.py:109} INFO - [2022-01-25 22:28:39,431] {dag.py:2935} INFO - Setting next_dagrun for example_xcom_args_with_operators to None
[2022-01-25 22:28:39,442] {processor.py:171} INFO - Processing /home/airflow/.local/lib/python3.7/site-packages/airflow/example_dags/example_xcomargs.py took 0.408 seconds
[2022-01-25 22:29:10,125] {processor.py:163} INFO - Started process (PID=381) to work on /home/airflow/.local/lib/python3.7/site-packages/airflow/example_dags/example_xcomargs.py
[2022-01-25 22:29:10,126] {processor.py:642} INFO - Processing file /home/airflow/.local/lib/python3.7/site-packages/airflow/example_dags/example_xcomargs.py for tasks to queue
[2022-01-25 22:29:10,127] {logging_mixin.py:109} INFO - [2022-01-25 22:29:10,127] {dagbag.py:500} INFO - Filling up the DagBag from /home/airflow/.local/lib/python3.7/site-packages/airflow/example_dags/example_xcomargs.py
[2022-01-25 22:29:10,162] {processor.py:654} INFO - DAG(s) dict_keys(['example_xcom_args', 'example_xcom_args_with_operators']) retrieved from /home/airflow/.local/lib/python3.7/site-packages/airflow/example_dags/example_xcomargs.py
[2022-01-25 22:29:10,557] {logging_mixin.py:109} INFO - [2022-01-25 22:29:10,557] {dag.py:2396} INFO - Sync 2 DAGs
[2022-01-25 22:29:10,577] {logging_mixin.py:109} INFO - [2022-01-25 22:29:10,577] {dag.py:2935} INFO - Setting next_dagrun for example_xcom_args to None
[2022-01-25 22:29:10,577] {logging_mixin.py:109} INFO - [2022-01-25 22:29:10,577] {dag.py:2935} INFO - Setting next_dagrun for example_xcom_args_with_operators to None
[2022-01-25 22:29:10,591] {processor.py:171} INFO - Processing /home/airflow/.local/lib/python3.7/site-packages/airflow/example_dags/example_xcomargs.py took 0.469 seconds
[2022-01-25 22:29:40,633] {processor.py:163} INFO - Started process (PID=433) to work on /home/airflow/.local/lib/python3.7/site-packages/airflow/example_dags/example_xcomargs.py
[2022-01-25 22:29:40,634] {processor.py:642} INFO - Processing file /home/airflow/.local/lib/python3.7/site-packages/airflow/example_dags/example_xcomargs.py for tasks to queue
[2022-01-25 22:29:40,635] {logging_mixin.py:109} INFO - [2022-01-25 22:29:40,635] {dagbag.py:500} INFO - Filling up the DagBag from /home/airflow/.local/lib/python3.7/site-packages/airflow/example_dags/example_xcomargs.py
[2022-01-25 22:29:40,667] {processor.py:654} INFO - DAG(s) dict_keys(['example_xcom_args', 'example_xcom_args_with_operators']) retrieved from /home/airflow/.local/lib/python3.7/site-packages/airflow/example_dags/example_xcomargs.py
[2022-01-25 22:29:40,943] {logging_mixin.py:109} INFO - [2022-01-25 22:29:40,943] {dag.py:2396} INFO - Sync 2 DAGs
[2022-01-25 22:29:40,957] {logging_mixin.py:109} INFO - [2022-01-25 22:29:40,957] {dag.py:2935} INFO - Setting next_dagrun for example_xcom_args to None
[2022-01-25 22:29:40,958] {logging_mixin.py:109} INFO - [2022-01-25 22:29:40,958] {dag.py:2935} INFO - Setting next_dagrun for example_xcom_args_with_operators to None
[2022-01-25 22:29:40,970] {processor.py:171} INFO - Processing /home/airflow/.local/lib/python3.7/site-packages/airflow/example_dags/example_xcomargs.py took 0.340 seconds
[2022-01-25 22:30:11,540] {processor.py:163} INFO - Started process (PID=490) to work on /home/airflow/.local/lib/python3.7/site-packages/airflow/example_dags/example_xcomargs.py
[2022-01-25 22:30:11,542] {processor.py:642} INFO - Processing file /home/airflow/.local/lib/python3.7/site-packages/airflow/example_dags/example_xcomargs.py for tasks to queue
[2022-01-25 22:30:11,542] {logging_mixin.py:109} INFO - [2022-01-25 22:30:11,542] {dagbag.py:500} INFO - Filling up the DagBag from /home/airflow/.local/lib/python3.7/site-packages/airflow/example_dags/example_xcomargs.py
[2022-01-25 22:30:11,590] {processor.py:654} INFO - DAG(s) dict_keys(['example_xcom_args', 'example_xcom_args_with_operators']) retrieved from /home/airflow/.local/lib/python3.7/site-packages/airflow/example_dags/example_xcomargs.py
[2022-01-25 22:30:11,998] {logging_mixin.py:109} INFO - [2022-01-25 22:30:11,998] {dag.py:2396} INFO - Sync 2 DAGs
[2022-01-25 22:30:12,019] {logging_mixin.py:109} INFO - [2022-01-25 22:30:12,019] {dag.py:2935} INFO - Setting next_dagrun for example_xcom_args to None
[2022-01-25 22:30:12,019] {logging_mixin.py:109} INFO - [2022-01-25 22:30:12,019] {dag.py:2935} INFO - Setting next_dagrun for example_xcom_args_with_operators to None
[2022-01-25 22:30:12,034] {processor.py:171} INFO - Processing /home/airflow/.local/lib/python3.7/site-packages/airflow/example_dags/example_xcomargs.py took 0.497 seconds
[2022-01-25 22:30:42,780] {processor.py:163} INFO - Started process (PID=541) to work on /home/airflow/.local/lib/python3.7/site-packages/airflow/example_dags/example_xcomargs.py
[2022-01-25 22:30:42,781] {processor.py:642} INFO - Processing file /home/airflow/.local/lib/python3.7/site-packages/airflow/example_dags/example_xcomargs.py for tasks to queue
[2022-01-25 22:30:42,782] {logging_mixin.py:109} INFO - [2022-01-25 22:30:42,782] {dagbag.py:500} INFO - Filling up the DagBag from /home/airflow/.local/lib/python3.7/site-packages/airflow/example_dags/example_xcomargs.py
[2022-01-25 22:30:42,814] {processor.py:654} INFO - DAG(s) dict_keys(['example_xcom_args', 'example_xcom_args_with_operators']) retrieved from /home/airflow/.local/lib/python3.7/site-packages/airflow/example_dags/example_xcomargs.py
[2022-01-25 22:30:43,145] {logging_mixin.py:109} INFO - [2022-01-25 22:30:43,145] {dag.py:2396} INFO - Sync 2 DAGs
[2022-01-25 22:30:43,166] {logging_mixin.py:109} INFO - [2022-01-25 22:30:43,166] {dag.py:2935} INFO - Setting next_dagrun for example_xcom_args to None
[2022-01-25 22:30:43,166] {logging_mixin.py:109} INFO - [2022-01-25 22:30:43,166] {dag.py:2935} INFO - Setting next_dagrun for example_xcom_args_with_operators to None
[2022-01-25 22:30:43,179] {processor.py:171} INFO - Processing /home/airflow/.local/lib/python3.7/site-packages/airflow/example_dags/example_xcomargs.py took 0.402 seconds
[2022-01-25 22:31:14,240] {processor.py:163} INFO - Started process (PID=592) to work on /home/airflow/.local/lib/python3.7/site-packages/airflow/example_dags/example_xcomargs.py
[2022-01-25 22:31:14,242] {processor.py:642} INFO - Processing file /home/airflow/.local/lib/python3.7/site-packages/airflow/example_dags/example_xcomargs.py for tasks to queue
[2022-01-25 22:31:14,243] {logging_mixin.py:109} INFO - [2022-01-25 22:31:14,243] {dagbag.py:500} INFO - Filling up the DagBag from /home/airflow/.local/lib/python3.7/site-packages/airflow/example_dags/example_xcomargs.py
[2022-01-25 22:31:14,301] {processor.py:654} INFO - DAG(s) dict_keys(['example_xcom_args', 'example_xcom_args_with_operators']) retrieved from /home/airflow/.local/lib/python3.7/site-packages/airflow/example_dags/example_xcomargs.py
[2022-01-25 22:31:15,398] {logging_mixin.py:109} INFO - [2022-01-25 22:31:15,398] {dag.py:2396} INFO - Sync 2 DAGs
[2022-01-25 22:31:15,430] {logging_mixin.py:109} INFO - [2022-01-25 22:31:15,430] {dag.py:2935} INFO - Setting next_dagrun for example_xcom_args to None
[2022-01-25 22:31:15,431] {logging_mixin.py:109} INFO - [2022-01-25 22:31:15,431] {dag.py:2935} INFO - Setting next_dagrun for example_xcom_args_with_operators to None
[2022-01-25 22:31:15,454] {processor.py:171} INFO - Processing /home/airflow/.local/lib/python3.7/site-packages/airflow/example_dags/example_xcomargs.py took 1.219 seconds
[2022-01-25 22:31:45,685] {processor.py:163} INFO - Started process (PID=660) to work on /home/airflow/.local/lib/python3.7/site-packages/airflow/example_dags/example_xcomargs.py
[2022-01-25 22:31:45,686] {processor.py:642} INFO - Processing file /home/airflow/.local/lib/python3.7/site-packages/airflow/example_dags/example_xcomargs.py for tasks to queue
[2022-01-25 22:31:45,687] {logging_mixin.py:109} INFO - [2022-01-25 22:31:45,687] {dagbag.py:500} INFO - Filling up the DagBag from /home/airflow/.local/lib/python3.7/site-packages/airflow/example_dags/example_xcomargs.py
[2022-01-25 22:31:45,731] {processor.py:654} INFO - DAG(s) dict_keys(['example_xcom_args', 'example_xcom_args_with_operators']) retrieved from /home/airflow/.local/lib/python3.7/site-packages/airflow/example_dags/example_xcomargs.py
[2022-01-25 22:31:46,123] {logging_mixin.py:109} INFO - [2022-01-25 22:31:46,123] {dag.py:2396} INFO - Sync 2 DAGs
[2022-01-25 22:31:46,144] {logging_mixin.py:109} INFO - [2022-01-25 22:31:46,144] {dag.py:2935} INFO - Setting next_dagrun for example_xcom_args to None
[2022-01-25 22:31:46,145] {logging_mixin.py:109} INFO - [2022-01-25 22:31:46,145] {dag.py:2935} INFO - Setting next_dagrun for example_xcom_args_with_operators to None
[2022-01-25 22:31:46,159] {processor.py:171} INFO - Processing /home/airflow/.local/lib/python3.7/site-packages/airflow/example_dags/example_xcomargs.py took 0.478 seconds
