[2022-01-25 22:27:34,046] {processor.py:163} INFO - Started process (PID=168) to work on /home/airflow/.local/lib/python3.7/site-packages/airflow/example_dags/example_branch_python_dop_operator_3.py
[2022-01-25 22:27:34,047] {processor.py:642} INFO - Processing file /home/airflow/.local/lib/python3.7/site-packages/airflow/example_dags/example_branch_python_dop_operator_3.py for tasks to queue
[2022-01-25 22:27:34,048] {logging_mixin.py:109} INFO - [2022-01-25 22:27:34,048] {dagbag.py:500} INFO - Filling up the DagBag from /home/airflow/.local/lib/python3.7/site-packages/airflow/example_dags/example_branch_python_dop_operator_3.py
[2022-01-25 22:27:34,084] {processor.py:654} INFO - DAG(s) dict_keys(['example_branch_dop_operator_v3']) retrieved from /home/airflow/.local/lib/python3.7/site-packages/airflow/example_dags/example_branch_python_dop_operator_3.py
[2022-01-25 22:27:36,674] {logging_mixin.py:109} INFO - [2022-01-25 22:27:36,673] {manager.py:496} INFO - Created Permission View: can read on DAG:example_branch_dop_operator_v3
[2022-01-25 22:27:36,684] {logging_mixin.py:109} INFO - [2022-01-25 22:27:36,684] {manager.py:496} INFO - Created Permission View: can edit on DAG:example_branch_dop_operator_v3
[2022-01-25 22:27:36,684] {logging_mixin.py:109} INFO - [2022-01-25 22:27:36,684] {dag.py:2396} INFO - Sync 1 DAGs
[2022-01-25 22:27:36,692] {logging_mixin.py:109} INFO - [2022-01-25 22:27:36,692] {dag.py:2415} INFO - Creating ORM DAG for example_branch_dop_operator_v3
[2022-01-25 22:27:36,706] {logging_mixin.py:109} INFO - [2022-01-25 22:27:36,706] {dag.py:2935} INFO - Setting next_dagrun for example_branch_dop_operator_v3 to 2022-01-25T22:26:00+00:00
[2022-01-25 22:27:36,720] {processor.py:171} INFO - Processing /home/airflow/.local/lib/python3.7/site-packages/airflow/example_dags/example_branch_python_dop_operator_3.py took 2.677 seconds
[2022-01-25 22:28:09,326] {processor.py:163} INFO - Started process (PID=278) to work on /home/airflow/.local/lib/python3.7/site-packages/airflow/example_dags/example_branch_python_dop_operator_3.py
[2022-01-25 22:28:09,328] {processor.py:642} INFO - Processing file /home/airflow/.local/lib/python3.7/site-packages/airflow/example_dags/example_branch_python_dop_operator_3.py for tasks to queue
[2022-01-25 22:28:09,330] {logging_mixin.py:109} INFO - [2022-01-25 22:28:09,330] {dagbag.py:500} INFO - Filling up the DagBag from /home/airflow/.local/lib/python3.7/site-packages/airflow/example_dags/example_branch_python_dop_operator_3.py
[2022-01-25 22:28:09,392] {processor.py:654} INFO - DAG(s) dict_keys(['example_branch_dop_operator_v3']) retrieved from /home/airflow/.local/lib/python3.7/site-packages/airflow/example_dags/example_branch_python_dop_operator_3.py
[2022-01-25 22:28:09,409] {logging_mixin.py:109} INFO - [2022-01-25 22:28:09,409] {dag.py:2396} INFO - Sync 1 DAGs
[2022-01-25 22:28:09,454] {logging_mixin.py:109} INFO - [2022-01-25 22:28:09,454] {dag.py:2935} INFO - Setting next_dagrun for example_branch_dop_operator_v3 to 2022-01-25T22:27:00+00:00
[2022-01-25 22:28:09,469] {processor.py:171} INFO - Processing /home/airflow/.local/lib/python3.7/site-packages/airflow/example_dags/example_branch_python_dop_operator_3.py took 0.149 seconds
[2022-01-25 22:28:39,840] {processor.py:163} INFO - Started process (PID=332) to work on /home/airflow/.local/lib/python3.7/site-packages/airflow/example_dags/example_branch_python_dop_operator_3.py
[2022-01-25 22:28:39,841] {processor.py:642} INFO - Processing file /home/airflow/.local/lib/python3.7/site-packages/airflow/example_dags/example_branch_python_dop_operator_3.py for tasks to queue
[2022-01-25 22:28:39,841] {logging_mixin.py:109} INFO - [2022-01-25 22:28:39,841] {dagbag.py:500} INFO - Filling up the DagBag from /home/airflow/.local/lib/python3.7/site-packages/airflow/example_dags/example_branch_python_dop_operator_3.py
[2022-01-25 22:28:39,887] {processor.py:654} INFO - DAG(s) dict_keys(['example_branch_dop_operator_v3']) retrieved from /home/airflow/.local/lib/python3.7/site-packages/airflow/example_dags/example_branch_python_dop_operator_3.py
[2022-01-25 22:28:39,899] {logging_mixin.py:109} INFO - [2022-01-25 22:28:39,899] {dag.py:2396} INFO - Sync 1 DAGs
[2022-01-25 22:28:39,923] {logging_mixin.py:109} INFO - [2022-01-25 22:28:39,923] {dag.py:2935} INFO - Setting next_dagrun for example_branch_dop_operator_v3 to 2022-01-25T22:27:00+00:00
[2022-01-25 22:28:39,933] {processor.py:171} INFO - Processing /home/airflow/.local/lib/python3.7/site-packages/airflow/example_dags/example_branch_python_dop_operator_3.py took 0.097 seconds
[2022-01-25 22:29:10,671] {processor.py:163} INFO - Started process (PID=384) to work on /home/airflow/.local/lib/python3.7/site-packages/airflow/example_dags/example_branch_python_dop_operator_3.py
[2022-01-25 22:29:10,672] {processor.py:642} INFO - Processing file /home/airflow/.local/lib/python3.7/site-packages/airflow/example_dags/example_branch_python_dop_operator_3.py for tasks to queue
[2022-01-25 22:29:10,674] {logging_mixin.py:109} INFO - [2022-01-25 22:29:10,674] {dagbag.py:500} INFO - Filling up the DagBag from /home/airflow/.local/lib/python3.7/site-packages/airflow/example_dags/example_branch_python_dop_operator_3.py
[2022-01-25 22:29:10,726] {processor.py:654} INFO - DAG(s) dict_keys(['example_branch_dop_operator_v3']) retrieved from /home/airflow/.local/lib/python3.7/site-packages/airflow/example_dags/example_branch_python_dop_operator_3.py
[2022-01-25 22:29:10,744] {logging_mixin.py:109} INFO - [2022-01-25 22:29:10,744] {dag.py:2396} INFO - Sync 1 DAGs
[2022-01-25 22:29:10,773] {logging_mixin.py:109} INFO - [2022-01-25 22:29:10,772] {dag.py:2935} INFO - Setting next_dagrun for example_branch_dop_operator_v3 to 2022-01-25T22:28:00+00:00
[2022-01-25 22:29:10,784] {processor.py:171} INFO - Processing /home/airflow/.local/lib/python3.7/site-packages/airflow/example_dags/example_branch_python_dop_operator_3.py took 0.117 seconds
[2022-01-25 22:29:41,078] {processor.py:163} INFO - Started process (PID=436) to work on /home/airflow/.local/lib/python3.7/site-packages/airflow/example_dags/example_branch_python_dop_operator_3.py
[2022-01-25 22:29:41,079] {processor.py:642} INFO - Processing file /home/airflow/.local/lib/python3.7/site-packages/airflow/example_dags/example_branch_python_dop_operator_3.py for tasks to queue
[2022-01-25 22:29:41,079] {logging_mixin.py:109} INFO - [2022-01-25 22:29:41,079] {dagbag.py:500} INFO - Filling up the DagBag from /home/airflow/.local/lib/python3.7/site-packages/airflow/example_dags/example_branch_python_dop_operator_3.py
[2022-01-25 22:29:41,105] {processor.py:654} INFO - DAG(s) dict_keys(['example_branch_dop_operator_v3']) retrieved from /home/airflow/.local/lib/python3.7/site-packages/airflow/example_dags/example_branch_python_dop_operator_3.py
[2022-01-25 22:29:41,114] {logging_mixin.py:109} INFO - [2022-01-25 22:29:41,114] {dag.py:2396} INFO - Sync 1 DAGs
[2022-01-25 22:29:41,136] {logging_mixin.py:109} INFO - [2022-01-25 22:29:41,136] {dag.py:2935} INFO - Setting next_dagrun for example_branch_dop_operator_v3 to 2022-01-25T22:28:00+00:00
[2022-01-25 22:29:41,146] {processor.py:171} INFO - Processing /home/airflow/.local/lib/python3.7/site-packages/airflow/example_dags/example_branch_python_dop_operator_3.py took 0.071 seconds
[2022-01-25 22:30:12,171] {processor.py:163} INFO - Started process (PID=495) to work on /home/airflow/.local/lib/python3.7/site-packages/airflow/example_dags/example_branch_python_dop_operator_3.py
[2022-01-25 22:30:12,173] {processor.py:642} INFO - Processing file /home/airflow/.local/lib/python3.7/site-packages/airflow/example_dags/example_branch_python_dop_operator_3.py for tasks to queue
[2022-01-25 22:30:12,174] {logging_mixin.py:109} INFO - [2022-01-25 22:30:12,174] {dagbag.py:500} INFO - Filling up the DagBag from /home/airflow/.local/lib/python3.7/site-packages/airflow/example_dags/example_branch_python_dop_operator_3.py
[2022-01-25 22:30:12,208] {processor.py:654} INFO - DAG(s) dict_keys(['example_branch_dop_operator_v3']) retrieved from /home/airflow/.local/lib/python3.7/site-packages/airflow/example_dags/example_branch_python_dop_operator_3.py
[2022-01-25 22:30:12,220] {logging_mixin.py:109} INFO - [2022-01-25 22:30:12,220] {dag.py:2396} INFO - Sync 1 DAGs
[2022-01-25 22:30:12,253] {logging_mixin.py:109} INFO - [2022-01-25 22:30:12,253] {dag.py:2935} INFO - Setting next_dagrun for example_branch_dop_operator_v3 to 2022-01-25T22:29:00+00:00
[2022-01-25 22:30:12,282] {processor.py:171} INFO - Processing /home/airflow/.local/lib/python3.7/site-packages/airflow/example_dags/example_branch_python_dop_operator_3.py took 0.114 seconds
[2022-01-25 22:30:43,302] {processor.py:163} INFO - Started process (PID=545) to work on /home/airflow/.local/lib/python3.7/site-packages/airflow/example_dags/example_branch_python_dop_operator_3.py
[2022-01-25 22:30:43,303] {processor.py:642} INFO - Processing file /home/airflow/.local/lib/python3.7/site-packages/airflow/example_dags/example_branch_python_dop_operator_3.py for tasks to queue
[2022-01-25 22:30:43,304] {logging_mixin.py:109} INFO - [2022-01-25 22:30:43,304] {dagbag.py:500} INFO - Filling up the DagBag from /home/airflow/.local/lib/python3.7/site-packages/airflow/example_dags/example_branch_python_dop_operator_3.py
[2022-01-25 22:30:43,331] {processor.py:654} INFO - DAG(s) dict_keys(['example_branch_dop_operator_v3']) retrieved from /home/airflow/.local/lib/python3.7/site-packages/airflow/example_dags/example_branch_python_dop_operator_3.py
[2022-01-25 22:30:43,340] {logging_mixin.py:109} INFO - [2022-01-25 22:30:43,340] {dag.py:2396} INFO - Sync 1 DAGs
[2022-01-25 22:30:43,363] {logging_mixin.py:109} INFO - [2022-01-25 22:30:43,363] {dag.py:2935} INFO - Setting next_dagrun for example_branch_dop_operator_v3 to 2022-01-25T22:29:00+00:00
[2022-01-25 22:30:43,373] {processor.py:171} INFO - Processing /home/airflow/.local/lib/python3.7/site-packages/airflow/example_dags/example_branch_python_dop_operator_3.py took 0.074 seconds
[2022-01-25 22:31:15,485] {processor.py:163} INFO - Started process (PID=596) to work on /home/airflow/.local/lib/python3.7/site-packages/airflow/example_dags/example_branch_python_dop_operator_3.py
[2022-01-25 22:31:15,488] {processor.py:642} INFO - Processing file /home/airflow/.local/lib/python3.7/site-packages/airflow/example_dags/example_branch_python_dop_operator_3.py for tasks to queue
[2022-01-25 22:31:15,490] {logging_mixin.py:109} INFO - [2022-01-25 22:31:15,490] {dagbag.py:500} INFO - Filling up the DagBag from /home/airflow/.local/lib/python3.7/site-packages/airflow/example_dags/example_branch_python_dop_operator_3.py
[2022-01-25 22:31:15,583] {processor.py:654} INFO - DAG(s) dict_keys(['example_branch_dop_operator_v3']) retrieved from /home/airflow/.local/lib/python3.7/site-packages/airflow/example_dags/example_branch_python_dop_operator_3.py
[2022-01-25 22:31:15,630] {logging_mixin.py:109} INFO - [2022-01-25 22:31:15,630] {dag.py:2396} INFO - Sync 1 DAGs
[2022-01-25 22:31:15,687] {logging_mixin.py:109} INFO - [2022-01-25 22:31:15,687] {dag.py:2935} INFO - Setting next_dagrun for example_branch_dop_operator_v3 to 2022-01-25T22:30:00+00:00
[2022-01-25 22:31:15,737] {processor.py:171} INFO - Processing /home/airflow/.local/lib/python3.7/site-packages/airflow/example_dags/example_branch_python_dop_operator_3.py took 0.256 seconds
[2022-01-25 22:31:45,926] {processor.py:163} INFO - Started process (PID=663) to work on /home/airflow/.local/lib/python3.7/site-packages/airflow/example_dags/example_branch_python_dop_operator_3.py
[2022-01-25 22:31:45,927] {processor.py:642} INFO - Processing file /home/airflow/.local/lib/python3.7/site-packages/airflow/example_dags/example_branch_python_dop_operator_3.py for tasks to queue
[2022-01-25 22:31:45,928] {logging_mixin.py:109} INFO - [2022-01-25 22:31:45,928] {dagbag.py:500} INFO - Filling up the DagBag from /home/airflow/.local/lib/python3.7/site-packages/airflow/example_dags/example_branch_python_dop_operator_3.py
[2022-01-25 22:31:45,963] {processor.py:654} INFO - DAG(s) dict_keys(['example_branch_dop_operator_v3']) retrieved from /home/airflow/.local/lib/python3.7/site-packages/airflow/example_dags/example_branch_python_dop_operator_3.py
[2022-01-25 22:31:45,976] {logging_mixin.py:109} INFO - [2022-01-25 22:31:45,976] {dag.py:2396} INFO - Sync 1 DAGs
[2022-01-25 22:31:46,008] {logging_mixin.py:109} INFO - [2022-01-25 22:31:46,008] {dag.py:2935} INFO - Setting next_dagrun for example_branch_dop_operator_v3 to 2022-01-25T22:30:00+00:00
[2022-01-25 22:31:46,020] {processor.py:171} INFO - Processing /home/airflow/.local/lib/python3.7/site-packages/airflow/example_dags/example_branch_python_dop_operator_3.py took 0.098 seconds
