[2022-01-25 22:27:20,340] {processor.py:163} INFO - Started process (PID=129) to work on /home/airflow/.local/lib/python3.7/site-packages/airflow/example_dags/example_trigger_controller_dag.py
[2022-01-25 22:27:20,341] {processor.py:642} INFO - Processing file /home/airflow/.local/lib/python3.7/site-packages/airflow/example_dags/example_trigger_controller_dag.py for tasks to queue
[2022-01-25 22:27:20,342] {logging_mixin.py:109} INFO - [2022-01-25 22:27:20,341] {dagbag.py:500} INFO - Filling up the DagBag from /home/airflow/.local/lib/python3.7/site-packages/airflow/example_dags/example_trigger_controller_dag.py
[2022-01-25 22:27:20,377] {processor.py:654} INFO - DAG(s) dict_keys(['example_trigger_controller_dag']) retrieved from /home/airflow/.local/lib/python3.7/site-packages/airflow/example_dags/example_trigger_controller_dag.py
[2022-01-25 22:27:22,942] {logging_mixin.py:109} INFO - [2022-01-25 22:27:22,942] {manager.py:496} INFO - Created Permission View: can read on DAG:example_trigger_controller_dag
[2022-01-25 22:27:22,952] {logging_mixin.py:109} INFO - [2022-01-25 22:27:22,952] {manager.py:496} INFO - Created Permission View: can edit on DAG:example_trigger_controller_dag
[2022-01-25 22:27:22,952] {logging_mixin.py:109} INFO - [2022-01-25 22:27:22,952] {dag.py:2396} INFO - Sync 1 DAGs
[2022-01-25 22:27:22,959] {logging_mixin.py:109} INFO - [2022-01-25 22:27:22,959] {dag.py:2415} INFO - Creating ORM DAG for example_trigger_controller_dag
[2022-01-25 22:27:22,968] {logging_mixin.py:109} INFO - [2022-01-25 22:27:22,968] {dag.py:2935} INFO - Setting next_dagrun for example_trigger_controller_dag to 2021-01-01T00:00:00+00:00
[2022-01-25 22:27:22,981] {processor.py:171} INFO - Processing /home/airflow/.local/lib/python3.7/site-packages/airflow/example_dags/example_trigger_controller_dag.py took 2.644 seconds
[2022-01-25 22:28:07,968] {processor.py:163} INFO - Started process (PID=272) to work on /home/airflow/.local/lib/python3.7/site-packages/airflow/example_dags/example_trigger_controller_dag.py
[2022-01-25 22:28:07,969] {processor.py:642} INFO - Processing file /home/airflow/.local/lib/python3.7/site-packages/airflow/example_dags/example_trigger_controller_dag.py for tasks to queue
[2022-01-25 22:28:07,971] {logging_mixin.py:109} INFO - [2022-01-25 22:28:07,970] {dagbag.py:500} INFO - Filling up the DagBag from /home/airflow/.local/lib/python3.7/site-packages/airflow/example_dags/example_trigger_controller_dag.py
[2022-01-25 22:28:08,003] {processor.py:654} INFO - DAG(s) dict_keys(['example_trigger_controller_dag']) retrieved from /home/airflow/.local/lib/python3.7/site-packages/airflow/example_dags/example_trigger_controller_dag.py
[2022-01-25 22:28:08,015] {logging_mixin.py:109} INFO - [2022-01-25 22:28:08,015] {dag.py:2396} INFO - Sync 1 DAGs
[2022-01-25 22:28:08,038] {logging_mixin.py:109} INFO - [2022-01-25 22:28:08,038] {dag.py:2935} INFO - Setting next_dagrun for example_trigger_controller_dag to 2021-01-01T00:00:00+00:00
[2022-01-25 22:28:08,051] {processor.py:171} INFO - Processing /home/airflow/.local/lib/python3.7/site-packages/airflow/example_dags/example_trigger_controller_dag.py took 0.087 seconds
[2022-01-25 22:28:38,506] {processor.py:163} INFO - Started process (PID=325) to work on /home/airflow/.local/lib/python3.7/site-packages/airflow/example_dags/example_trigger_controller_dag.py
[2022-01-25 22:28:38,507] {processor.py:642} INFO - Processing file /home/airflow/.local/lib/python3.7/site-packages/airflow/example_dags/example_trigger_controller_dag.py for tasks to queue
[2022-01-25 22:28:38,507] {logging_mixin.py:109} INFO - [2022-01-25 22:28:38,507] {dagbag.py:500} INFO - Filling up the DagBag from /home/airflow/.local/lib/python3.7/site-packages/airflow/example_dags/example_trigger_controller_dag.py
[2022-01-25 22:28:38,532] {processor.py:654} INFO - DAG(s) dict_keys(['example_trigger_controller_dag']) retrieved from /home/airflow/.local/lib/python3.7/site-packages/airflow/example_dags/example_trigger_controller_dag.py
[2022-01-25 22:28:38,541] {logging_mixin.py:109} INFO - [2022-01-25 22:28:38,541] {dag.py:2396} INFO - Sync 1 DAGs
[2022-01-25 22:28:38,558] {logging_mixin.py:109} INFO - [2022-01-25 22:28:38,558] {dag.py:2935} INFO - Setting next_dagrun for example_trigger_controller_dag to 2021-01-01T00:00:00+00:00
[2022-01-25 22:28:38,568] {processor.py:171} INFO - Processing /home/airflow/.local/lib/python3.7/site-packages/airflow/example_dags/example_trigger_controller_dag.py took 0.065 seconds
[2022-01-25 22:29:09,552] {processor.py:163} INFO - Started process (PID=377) to work on /home/airflow/.local/lib/python3.7/site-packages/airflow/example_dags/example_trigger_controller_dag.py
[2022-01-25 22:29:09,554] {processor.py:642} INFO - Processing file /home/airflow/.local/lib/python3.7/site-packages/airflow/example_dags/example_trigger_controller_dag.py for tasks to queue
[2022-01-25 22:29:09,555] {logging_mixin.py:109} INFO - [2022-01-25 22:29:09,555] {dagbag.py:500} INFO - Filling up the DagBag from /home/airflow/.local/lib/python3.7/site-packages/airflow/example_dags/example_trigger_controller_dag.py
[2022-01-25 22:29:09,588] {processor.py:654} INFO - DAG(s) dict_keys(['example_trigger_controller_dag']) retrieved from /home/airflow/.local/lib/python3.7/site-packages/airflow/example_dags/example_trigger_controller_dag.py
[2022-01-25 22:29:09,600] {logging_mixin.py:109} INFO - [2022-01-25 22:29:09,600] {dag.py:2396} INFO - Sync 1 DAGs
[2022-01-25 22:29:09,624] {logging_mixin.py:109} INFO - [2022-01-25 22:29:09,623] {dag.py:2935} INFO - Setting next_dagrun for example_trigger_controller_dag to 2021-01-01T00:00:00+00:00
[2022-01-25 22:29:09,636] {processor.py:171} INFO - Processing /home/airflow/.local/lib/python3.7/site-packages/airflow/example_dags/example_trigger_controller_dag.py took 0.088 seconds
[2022-01-25 22:29:39,811] {processor.py:163} INFO - Started process (PID=428) to work on /home/airflow/.local/lib/python3.7/site-packages/airflow/example_dags/example_trigger_controller_dag.py
[2022-01-25 22:29:39,813] {processor.py:642} INFO - Processing file /home/airflow/.local/lib/python3.7/site-packages/airflow/example_dags/example_trigger_controller_dag.py for tasks to queue
[2022-01-25 22:29:39,814] {logging_mixin.py:109} INFO - [2022-01-25 22:29:39,813] {dagbag.py:500} INFO - Filling up the DagBag from /home/airflow/.local/lib/python3.7/site-packages/airflow/example_dags/example_trigger_controller_dag.py
[2022-01-25 22:29:39,841] {processor.py:654} INFO - DAG(s) dict_keys(['example_trigger_controller_dag']) retrieved from /home/airflow/.local/lib/python3.7/site-packages/airflow/example_dags/example_trigger_controller_dag.py
[2022-01-25 22:29:39,851] {logging_mixin.py:109} INFO - [2022-01-25 22:29:39,851] {dag.py:2396} INFO - Sync 1 DAGs
[2022-01-25 22:29:39,870] {logging_mixin.py:109} INFO - [2022-01-25 22:29:39,870] {dag.py:2935} INFO - Setting next_dagrun for example_trigger_controller_dag to 2021-01-01T00:00:00+00:00
[2022-01-25 22:29:39,881] {processor.py:171} INFO - Processing /home/airflow/.local/lib/python3.7/site-packages/airflow/example_dags/example_trigger_controller_dag.py took 0.073 seconds
[2022-01-25 22:30:09,959] {processor.py:163} INFO - Started process (PID=478) to work on /home/airflow/.local/lib/python3.7/site-packages/airflow/example_dags/example_trigger_controller_dag.py
[2022-01-25 22:30:09,960] {processor.py:642} INFO - Processing file /home/airflow/.local/lib/python3.7/site-packages/airflow/example_dags/example_trigger_controller_dag.py for tasks to queue
[2022-01-25 22:30:09,960] {logging_mixin.py:109} INFO - [2022-01-25 22:30:09,960] {dagbag.py:500} INFO - Filling up the DagBag from /home/airflow/.local/lib/python3.7/site-packages/airflow/example_dags/example_trigger_controller_dag.py
[2022-01-25 22:30:09,984] {processor.py:654} INFO - DAG(s) dict_keys(['example_trigger_controller_dag']) retrieved from /home/airflow/.local/lib/python3.7/site-packages/airflow/example_dags/example_trigger_controller_dag.py
[2022-01-25 22:30:09,994] {logging_mixin.py:109} INFO - [2022-01-25 22:30:09,994] {dag.py:2396} INFO - Sync 1 DAGs
[2022-01-25 22:30:10,012] {logging_mixin.py:109} INFO - [2022-01-25 22:30:10,012] {dag.py:2935} INFO - Setting next_dagrun for example_trigger_controller_dag to 2021-01-01T00:00:00+00:00
[2022-01-25 22:30:10,023] {processor.py:171} INFO - Processing /home/airflow/.local/lib/python3.7/site-packages/airflow/example_dags/example_trigger_controller_dag.py took 0.067 seconds
[2022-01-25 22:30:40,251] {processor.py:163} INFO - Started process (PID=538) to work on /home/airflow/.local/lib/python3.7/site-packages/airflow/example_dags/example_trigger_controller_dag.py
[2022-01-25 22:30:40,252] {processor.py:642} INFO - Processing file /home/airflow/.local/lib/python3.7/site-packages/airflow/example_dags/example_trigger_controller_dag.py for tasks to queue
[2022-01-25 22:30:40,253] {logging_mixin.py:109} INFO - [2022-01-25 22:30:40,253] {dagbag.py:500} INFO - Filling up the DagBag from /home/airflow/.local/lib/python3.7/site-packages/airflow/example_dags/example_trigger_controller_dag.py
[2022-01-25 22:30:40,284] {processor.py:654} INFO - DAG(s) dict_keys(['example_trigger_controller_dag']) retrieved from /home/airflow/.local/lib/python3.7/site-packages/airflow/example_dags/example_trigger_controller_dag.py
[2022-01-25 22:30:40,302] {logging_mixin.py:109} INFO - [2022-01-25 22:30:40,302] {dag.py:2396} INFO - Sync 1 DAGs
[2022-01-25 22:30:40,341] {logging_mixin.py:109} INFO - [2022-01-25 22:30:40,341] {dag.py:2935} INFO - Setting next_dagrun for example_trigger_controller_dag to 2021-01-01T00:00:00+00:00
[2022-01-25 22:30:40,356] {processor.py:171} INFO - Processing /home/airflow/.local/lib/python3.7/site-packages/airflow/example_dags/example_trigger_controller_dag.py took 0.109 seconds
[2022-01-25 22:31:11,291] {processor.py:163} INFO - Started process (PID=589) to work on /home/airflow/.local/lib/python3.7/site-packages/airflow/example_dags/example_trigger_controller_dag.py
[2022-01-25 22:31:11,294] {processor.py:642} INFO - Processing file /home/airflow/.local/lib/python3.7/site-packages/airflow/example_dags/example_trigger_controller_dag.py for tasks to queue
[2022-01-25 22:31:11,295] {logging_mixin.py:109} INFO - [2022-01-25 22:31:11,295] {dagbag.py:500} INFO - Filling up the DagBag from /home/airflow/.local/lib/python3.7/site-packages/airflow/example_dags/example_trigger_controller_dag.py
[2022-01-25 22:31:11,356] {processor.py:654} INFO - DAG(s) dict_keys(['example_trigger_controller_dag']) retrieved from /home/airflow/.local/lib/python3.7/site-packages/airflow/example_dags/example_trigger_controller_dag.py
[2022-01-25 22:31:11,394] {logging_mixin.py:109} INFO - [2022-01-25 22:31:11,393] {dag.py:2396} INFO - Sync 1 DAGs
[2022-01-25 22:31:11,442] {logging_mixin.py:109} INFO - [2022-01-25 22:31:11,442] {dag.py:2935} INFO - Setting next_dagrun for example_trigger_controller_dag to 2021-01-01T00:00:00+00:00
[2022-01-25 22:31:11,461] {processor.py:171} INFO - Processing /home/airflow/.local/lib/python3.7/site-packages/airflow/example_dags/example_trigger_controller_dag.py took 0.178 seconds
[2022-01-25 22:31:41,595] {processor.py:163} INFO - Started process (PID=656) to work on /home/airflow/.local/lib/python3.7/site-packages/airflow/example_dags/example_trigger_controller_dag.py
[2022-01-25 22:31:41,597] {processor.py:642} INFO - Processing file /home/airflow/.local/lib/python3.7/site-packages/airflow/example_dags/example_trigger_controller_dag.py for tasks to queue
[2022-01-25 22:31:41,597] {logging_mixin.py:109} INFO - [2022-01-25 22:31:41,597] {dagbag.py:500} INFO - Filling up the DagBag from /home/airflow/.local/lib/python3.7/site-packages/airflow/example_dags/example_trigger_controller_dag.py
[2022-01-25 22:31:41,627] {processor.py:654} INFO - DAG(s) dict_keys(['example_trigger_controller_dag']) retrieved from /home/airflow/.local/lib/python3.7/site-packages/airflow/example_dags/example_trigger_controller_dag.py
[2022-01-25 22:31:41,639] {logging_mixin.py:109} INFO - [2022-01-25 22:31:41,639] {dag.py:2396} INFO - Sync 1 DAGs
[2022-01-25 22:31:41,660] {logging_mixin.py:109} INFO - [2022-01-25 22:31:41,660] {dag.py:2935} INFO - Setting next_dagrun for example_trigger_controller_dag to 2021-01-01T00:00:00+00:00
[2022-01-25 22:31:41,671] {processor.py:171} INFO - Processing /home/airflow/.local/lib/python3.7/site-packages/airflow/example_dags/example_trigger_controller_dag.py took 0.079 seconds
