[2022-01-25 22:27:56,928] {processor.py:163} INFO - Started process (PID=224) to work on /home/airflow/.local/lib/python3.7/site-packages/airflow/example_dags/example_branch_datetime_operator.py
[2022-01-25 22:27:56,929] {processor.py:642} INFO - Processing file /home/airflow/.local/lib/python3.7/site-packages/airflow/example_dags/example_branch_datetime_operator.py for tasks to queue
[2022-01-25 22:27:56,929] {logging_mixin.py:109} INFO - [2022-01-25 22:27:56,929] {dagbag.py:500} INFO - Filling up the DagBag from /home/airflow/.local/lib/python3.7/site-packages/airflow/example_dags/example_branch_datetime_operator.py
[2022-01-25 22:27:56,964] {processor.py:654} INFO - DAG(s) dict_keys(['example_branch_datetime_operator_2']) retrieved from /home/airflow/.local/lib/python3.7/site-packages/airflow/example_dags/example_branch_datetime_operator.py
[2022-01-25 22:28:00,495] {logging_mixin.py:109} INFO - [2022-01-25 22:28:00,494] {manager.py:496} INFO - Created Permission View: can read on DAG:example_branch_datetime_operator_2
[2022-01-25 22:28:00,515] {logging_mixin.py:109} INFO - [2022-01-25 22:28:00,515] {manager.py:496} INFO - Created Permission View: can edit on DAG:example_branch_datetime_operator_2
[2022-01-25 22:28:00,517] {logging_mixin.py:109} INFO - [2022-01-25 22:28:00,515] {dag.py:2396} INFO - Sync 1 DAGs
[2022-01-25 22:28:00,547] {logging_mixin.py:109} INFO - [2022-01-25 22:28:00,547] {dag.py:2415} INFO - Creating ORM DAG for example_branch_datetime_operator_2
[2022-01-25 22:28:00,579] {logging_mixin.py:109} INFO - [2022-01-25 22:28:00,579] {dag.py:2935} INFO - Setting next_dagrun for example_branch_datetime_operator_2 to 2022-01-24 00:00:00+00:00
[2022-01-25 22:28:00,626] {processor.py:171} INFO - Processing /home/airflow/.local/lib/python3.7/site-packages/airflow/example_dags/example_branch_datetime_operator.py took 3.701 seconds
[2022-01-25 22:28:31,393] {processor.py:163} INFO - Started process (PID=298) to work on /home/airflow/.local/lib/python3.7/site-packages/airflow/example_dags/example_branch_datetime_operator.py
[2022-01-25 22:28:31,395] {processor.py:642} INFO - Processing file /home/airflow/.local/lib/python3.7/site-packages/airflow/example_dags/example_branch_datetime_operator.py for tasks to queue
[2022-01-25 22:28:31,396] {logging_mixin.py:109} INFO - [2022-01-25 22:28:31,396] {dagbag.py:500} INFO - Filling up the DagBag from /home/airflow/.local/lib/python3.7/site-packages/airflow/example_dags/example_branch_datetime_operator.py
[2022-01-25 22:28:31,427] {processor.py:654} INFO - DAG(s) dict_keys(['example_branch_datetime_operator_2']) retrieved from /home/airflow/.local/lib/python3.7/site-packages/airflow/example_dags/example_branch_datetime_operator.py
[2022-01-25 22:28:31,439] {logging_mixin.py:109} INFO - [2022-01-25 22:28:31,439] {dag.py:2396} INFO - Sync 1 DAGs
[2022-01-25 22:28:31,464] {logging_mixin.py:109} INFO - [2022-01-25 22:28:31,463] {dag.py:2935} INFO - Setting next_dagrun for example_branch_datetime_operator_2 to 2022-01-24 00:00:00+00:00
[2022-01-25 22:28:31,474] {processor.py:171} INFO - Processing /home/airflow/.local/lib/python3.7/site-packages/airflow/example_dags/example_branch_datetime_operator.py took 0.084 seconds
[2022-01-25 22:29:01,762] {processor.py:163} INFO - Started process (PID=350) to work on /home/airflow/.local/lib/python3.7/site-packages/airflow/example_dags/example_branch_datetime_operator.py
[2022-01-25 22:29:01,764] {processor.py:642} INFO - Processing file /home/airflow/.local/lib/python3.7/site-packages/airflow/example_dags/example_branch_datetime_operator.py for tasks to queue
[2022-01-25 22:29:01,765] {logging_mixin.py:109} INFO - [2022-01-25 22:29:01,765] {dagbag.py:500} INFO - Filling up the DagBag from /home/airflow/.local/lib/python3.7/site-packages/airflow/example_dags/example_branch_datetime_operator.py
[2022-01-25 22:29:01,798] {processor.py:654} INFO - DAG(s) dict_keys(['example_branch_datetime_operator_2']) retrieved from /home/airflow/.local/lib/python3.7/site-packages/airflow/example_dags/example_branch_datetime_operator.py
[2022-01-25 22:29:01,808] {logging_mixin.py:109} INFO - [2022-01-25 22:29:01,808] {dag.py:2396} INFO - Sync 1 DAGs
[2022-01-25 22:29:01,827] {logging_mixin.py:109} INFO - [2022-01-25 22:29:01,827] {dag.py:2935} INFO - Setting next_dagrun for example_branch_datetime_operator_2 to 2022-01-24 00:00:00+00:00
[2022-01-25 22:29:01,837] {processor.py:171} INFO - Processing /home/airflow/.local/lib/python3.7/site-packages/airflow/example_dags/example_branch_datetime_operator.py took 0.081 seconds
[2022-01-25 22:29:32,037] {processor.py:163} INFO - Started process (PID=413) to work on /home/airflow/.local/lib/python3.7/site-packages/airflow/example_dags/example_branch_datetime_operator.py
[2022-01-25 22:29:32,039] {processor.py:642} INFO - Processing file /home/airflow/.local/lib/python3.7/site-packages/airflow/example_dags/example_branch_datetime_operator.py for tasks to queue
[2022-01-25 22:29:32,040] {logging_mixin.py:109} INFO - [2022-01-25 22:29:32,040] {dagbag.py:500} INFO - Filling up the DagBag from /home/airflow/.local/lib/python3.7/site-packages/airflow/example_dags/example_branch_datetime_operator.py
[2022-01-25 22:29:32,067] {processor.py:654} INFO - DAG(s) dict_keys(['example_branch_datetime_operator_2']) retrieved from /home/airflow/.local/lib/python3.7/site-packages/airflow/example_dags/example_branch_datetime_operator.py
[2022-01-25 22:29:32,083] {logging_mixin.py:109} INFO - [2022-01-25 22:29:32,083] {dag.py:2396} INFO - Sync 1 DAGs
[2022-01-25 22:29:32,107] {logging_mixin.py:109} INFO - [2022-01-25 22:29:32,107] {dag.py:2935} INFO - Setting next_dagrun for example_branch_datetime_operator_2 to 2022-01-24 00:00:00+00:00
[2022-01-25 22:29:32,118] {processor.py:171} INFO - Processing /home/airflow/.local/lib/python3.7/site-packages/airflow/example_dags/example_branch_datetime_operator.py took 0.084 seconds
[2022-01-25 22:30:02,203] {processor.py:163} INFO - Started process (PID=463) to work on /home/airflow/.local/lib/python3.7/site-packages/airflow/example_dags/example_branch_datetime_operator.py
[2022-01-25 22:30:02,212] {processor.py:642} INFO - Processing file /home/airflow/.local/lib/python3.7/site-packages/airflow/example_dags/example_branch_datetime_operator.py for tasks to queue
[2022-01-25 22:30:02,213] {logging_mixin.py:109} INFO - [2022-01-25 22:30:02,213] {dagbag.py:500} INFO - Filling up the DagBag from /home/airflow/.local/lib/python3.7/site-packages/airflow/example_dags/example_branch_datetime_operator.py
[2022-01-25 22:30:02,282] {processor.py:654} INFO - DAG(s) dict_keys(['example_branch_datetime_operator_2']) retrieved from /home/airflow/.local/lib/python3.7/site-packages/airflow/example_dags/example_branch_datetime_operator.py
[2022-01-25 22:30:02,305] {logging_mixin.py:109} INFO - [2022-01-25 22:30:02,305] {dag.py:2396} INFO - Sync 1 DAGs
[2022-01-25 22:30:02,335] {logging_mixin.py:109} INFO - [2022-01-25 22:30:02,335] {dag.py:2935} INFO - Setting next_dagrun for example_branch_datetime_operator_2 to 2022-01-24 00:00:00+00:00
[2022-01-25 22:30:02,349] {processor.py:171} INFO - Processing /home/airflow/.local/lib/python3.7/site-packages/airflow/example_dags/example_branch_datetime_operator.py took 0.151 seconds
[2022-01-25 22:30:32,557] {processor.py:163} INFO - Started process (PID=513) to work on /home/airflow/.local/lib/python3.7/site-packages/airflow/example_dags/example_branch_datetime_operator.py
[2022-01-25 22:30:32,559] {processor.py:642} INFO - Processing file /home/airflow/.local/lib/python3.7/site-packages/airflow/example_dags/example_branch_datetime_operator.py for tasks to queue
[2022-01-25 22:30:32,560] {logging_mixin.py:109} INFO - [2022-01-25 22:30:32,560] {dagbag.py:500} INFO - Filling up the DagBag from /home/airflow/.local/lib/python3.7/site-packages/airflow/example_dags/example_branch_datetime_operator.py
[2022-01-25 22:30:32,597] {processor.py:654} INFO - DAG(s) dict_keys(['example_branch_datetime_operator_2']) retrieved from /home/airflow/.local/lib/python3.7/site-packages/airflow/example_dags/example_branch_datetime_operator.py
[2022-01-25 22:30:32,610] {logging_mixin.py:109} INFO - [2022-01-25 22:30:32,610] {dag.py:2396} INFO - Sync 1 DAGs
[2022-01-25 22:30:32,635] {logging_mixin.py:109} INFO - [2022-01-25 22:30:32,635] {dag.py:2935} INFO - Setting next_dagrun for example_branch_datetime_operator_2 to 2022-01-24 00:00:00+00:00
[2022-01-25 22:30:32,648] {processor.py:171} INFO - Processing /home/airflow/.local/lib/python3.7/site-packages/airflow/example_dags/example_branch_datetime_operator.py took 0.095 seconds
[2022-01-25 22:31:02,743] {processor.py:163} INFO - Started process (PID=565) to work on /home/airflow/.local/lib/python3.7/site-packages/airflow/example_dags/example_branch_datetime_operator.py
[2022-01-25 22:31:02,745] {processor.py:642} INFO - Processing file /home/airflow/.local/lib/python3.7/site-packages/airflow/example_dags/example_branch_datetime_operator.py for tasks to queue
[2022-01-25 22:31:02,746] {logging_mixin.py:109} INFO - [2022-01-25 22:31:02,745] {dagbag.py:500} INFO - Filling up the DagBag from /home/airflow/.local/lib/python3.7/site-packages/airflow/example_dags/example_branch_datetime_operator.py
[2022-01-25 22:31:02,773] {processor.py:654} INFO - DAG(s) dict_keys(['example_branch_datetime_operator_2']) retrieved from /home/airflow/.local/lib/python3.7/site-packages/airflow/example_dags/example_branch_datetime_operator.py
[2022-01-25 22:31:02,790] {logging_mixin.py:109} INFO - [2022-01-25 22:31:02,790] {dag.py:2396} INFO - Sync 1 DAGs
[2022-01-25 22:31:02,814] {logging_mixin.py:109} INFO - [2022-01-25 22:31:02,814] {dag.py:2935} INFO - Setting next_dagrun for example_branch_datetime_operator_2 to 2022-01-24 00:00:00+00:00
[2022-01-25 22:31:02,828] {processor.py:171} INFO - Processing /home/airflow/.local/lib/python3.7/site-packages/airflow/example_dags/example_branch_datetime_operator.py took 0.089 seconds
[2022-01-25 22:31:33,370] {processor.py:163} INFO - Started process (PID=639) to work on /home/airflow/.local/lib/python3.7/site-packages/airflow/example_dags/example_branch_datetime_operator.py
[2022-01-25 22:31:33,374] {processor.py:642} INFO - Processing file /home/airflow/.local/lib/python3.7/site-packages/airflow/example_dags/example_branch_datetime_operator.py for tasks to queue
[2022-01-25 22:31:33,375] {logging_mixin.py:109} INFO - [2022-01-25 22:31:33,375] {dagbag.py:500} INFO - Filling up the DagBag from /home/airflow/.local/lib/python3.7/site-packages/airflow/example_dags/example_branch_datetime_operator.py
[2022-01-25 22:31:33,439] {processor.py:654} INFO - DAG(s) dict_keys(['example_branch_datetime_operator_2']) retrieved from /home/airflow/.local/lib/python3.7/site-packages/airflow/example_dags/example_branch_datetime_operator.py
[2022-01-25 22:31:33,457] {logging_mixin.py:109} INFO - [2022-01-25 22:31:33,457] {dag.py:2396} INFO - Sync 1 DAGs
[2022-01-25 22:31:33,484] {logging_mixin.py:109} INFO - [2022-01-25 22:31:33,484] {dag.py:2935} INFO - Setting next_dagrun for example_branch_datetime_operator_2 to 2022-01-24 00:00:00+00:00
[2022-01-25 22:31:33,498] {processor.py:171} INFO - Processing /home/airflow/.local/lib/python3.7/site-packages/airflow/example_dags/example_branch_datetime_operator.py took 0.138 seconds
[2022-01-25 22:32:03,735] {processor.py:163} INFO - Started process (PID=698) to work on /home/airflow/.local/lib/python3.7/site-packages/airflow/example_dags/example_branch_datetime_operator.py
[2022-01-25 22:32:03,748] {processor.py:642} INFO - Processing file /home/airflow/.local/lib/python3.7/site-packages/airflow/example_dags/example_branch_datetime_operator.py for tasks to queue
[2022-01-25 22:32:03,749] {logging_mixin.py:109} INFO - [2022-01-25 22:32:03,749] {dagbag.py:500} INFO - Filling up the DagBag from /home/airflow/.local/lib/python3.7/site-packages/airflow/example_dags/example_branch_datetime_operator.py
[2022-01-25 22:32:03,884] {processor.py:654} INFO - DAG(s) dict_keys(['example_branch_datetime_operator_2']) retrieved from /home/airflow/.local/lib/python3.7/site-packages/airflow/example_dags/example_branch_datetime_operator.py
[2022-01-25 22:32:03,926] {logging_mixin.py:109} INFO - [2022-01-25 22:32:03,926] {dag.py:2396} INFO - Sync 1 DAGs
[2022-01-25 22:32:03,960] {logging_mixin.py:109} INFO - [2022-01-25 22:32:03,960] {dag.py:2935} INFO - Setting next_dagrun for example_branch_datetime_operator_2 to 2022-01-24 00:00:00+00:00
[2022-01-25 22:32:04,005] {processor.py:171} INFO - Processing /home/airflow/.local/lib/python3.7/site-packages/airflow/example_dags/example_branch_datetime_operator.py took 0.290 seconds
