[2022-01-25 22:27:56,980] {processor.py:163} INFO - Started process (PID=225) to work on /home/airflow/.local/lib/python3.7/site-packages/airflow/example_dags/example_branch_labels.py
[2022-01-25 22:27:56,981] {processor.py:642} INFO - Processing file /home/airflow/.local/lib/python3.7/site-packages/airflow/example_dags/example_branch_labels.py for tasks to queue
[2022-01-25 22:27:56,982] {logging_mixin.py:109} INFO - [2022-01-25 22:27:56,982] {dagbag.py:500} INFO - Filling up the DagBag from /home/airflow/.local/lib/python3.7/site-packages/airflow/example_dags/example_branch_labels.py
[2022-01-25 22:27:57,025] {processor.py:654} INFO - DAG(s) dict_keys(['example_branch_labels']) retrieved from /home/airflow/.local/lib/python3.7/site-packages/airflow/example_dags/example_branch_labels.py
[2022-01-25 22:28:00,528] {logging_mixin.py:109} INFO - [2022-01-25 22:28:00,528] {manager.py:496} INFO - Created Permission View: can read on DAG:example_branch_labels
[2022-01-25 22:28:00,558] {logging_mixin.py:109} INFO - [2022-01-25 22:28:00,557] {manager.py:496} INFO - Created Permission View: can edit on DAG:example_branch_labels
[2022-01-25 22:28:00,559] {logging_mixin.py:109} INFO - [2022-01-25 22:28:00,558] {dag.py:2396} INFO - Sync 1 DAGs
[2022-01-25 22:28:00,584] {logging_mixin.py:109} INFO - [2022-01-25 22:28:00,584] {dag.py:2415} INFO - Creating ORM DAG for example_branch_labels
[2022-01-25 22:28:00,607] {logging_mixin.py:109} INFO - [2022-01-25 22:28:00,607] {dag.py:2935} INFO - Setting next_dagrun for example_branch_labels to 2022-01-24 00:00:00+00:00
[2022-01-25 22:28:00,635] {processor.py:171} INFO - Processing /home/airflow/.local/lib/python3.7/site-packages/airflow/example_dags/example_branch_labels.py took 3.659 seconds
[2022-01-25 22:28:31,399] {processor.py:163} INFO - Started process (PID=299) to work on /home/airflow/.local/lib/python3.7/site-packages/airflow/example_dags/example_branch_labels.py
[2022-01-25 22:28:31,400] {processor.py:642} INFO - Processing file /home/airflow/.local/lib/python3.7/site-packages/airflow/example_dags/example_branch_labels.py for tasks to queue
[2022-01-25 22:28:31,401] {logging_mixin.py:109} INFO - [2022-01-25 22:28:31,401] {dagbag.py:500} INFO - Filling up the DagBag from /home/airflow/.local/lib/python3.7/site-packages/airflow/example_dags/example_branch_labels.py
[2022-01-25 22:28:31,434] {processor.py:654} INFO - DAG(s) dict_keys(['example_branch_labels']) retrieved from /home/airflow/.local/lib/python3.7/site-packages/airflow/example_dags/example_branch_labels.py
[2022-01-25 22:28:31,445] {logging_mixin.py:109} INFO - [2022-01-25 22:28:31,445] {dag.py:2396} INFO - Sync 1 DAGs
[2022-01-25 22:28:31,466] {logging_mixin.py:109} INFO - [2022-01-25 22:28:31,466] {dag.py:2935} INFO - Setting next_dagrun for example_branch_labels to 2022-01-24 00:00:00+00:00
[2022-01-25 22:28:31,478] {processor.py:171} INFO - Processing /home/airflow/.local/lib/python3.7/site-packages/airflow/example_dags/example_branch_labels.py took 0.083 seconds
[2022-01-25 22:29:01,767] {processor.py:163} INFO - Started process (PID=351) to work on /home/airflow/.local/lib/python3.7/site-packages/airflow/example_dags/example_branch_labels.py
[2022-01-25 22:29:01,768] {processor.py:642} INFO - Processing file /home/airflow/.local/lib/python3.7/site-packages/airflow/example_dags/example_branch_labels.py for tasks to queue
[2022-01-25 22:29:01,769] {logging_mixin.py:109} INFO - [2022-01-25 22:29:01,769] {dagbag.py:500} INFO - Filling up the DagBag from /home/airflow/.local/lib/python3.7/site-packages/airflow/example_dags/example_branch_labels.py
[2022-01-25 22:29:01,799] {processor.py:654} INFO - DAG(s) dict_keys(['example_branch_labels']) retrieved from /home/airflow/.local/lib/python3.7/site-packages/airflow/example_dags/example_branch_labels.py
[2022-01-25 22:29:01,811] {logging_mixin.py:109} INFO - [2022-01-25 22:29:01,811] {dag.py:2396} INFO - Sync 1 DAGs
[2022-01-25 22:29:01,829] {logging_mixin.py:109} INFO - [2022-01-25 22:29:01,829] {dag.py:2935} INFO - Setting next_dagrun for example_branch_labels to 2022-01-24 00:00:00+00:00
[2022-01-25 22:29:01,840] {processor.py:171} INFO - Processing /home/airflow/.local/lib/python3.7/site-packages/airflow/example_dags/example_branch_labels.py took 0.076 seconds
[2022-01-25 22:29:32,042] {processor.py:163} INFO - Started process (PID=414) to work on /home/airflow/.local/lib/python3.7/site-packages/airflow/example_dags/example_branch_labels.py
[2022-01-25 22:29:32,043] {processor.py:642} INFO - Processing file /home/airflow/.local/lib/python3.7/site-packages/airflow/example_dags/example_branch_labels.py for tasks to queue
[2022-01-25 22:29:32,044] {logging_mixin.py:109} INFO - [2022-01-25 22:29:32,044] {dagbag.py:500} INFO - Filling up the DagBag from /home/airflow/.local/lib/python3.7/site-packages/airflow/example_dags/example_branch_labels.py
[2022-01-25 22:29:32,075] {processor.py:654} INFO - DAG(s) dict_keys(['example_branch_labels']) retrieved from /home/airflow/.local/lib/python3.7/site-packages/airflow/example_dags/example_branch_labels.py
[2022-01-25 22:29:32,085] {logging_mixin.py:109} INFO - [2022-01-25 22:29:32,085] {dag.py:2396} INFO - Sync 1 DAGs
[2022-01-25 22:29:32,105] {logging_mixin.py:109} INFO - [2022-01-25 22:29:32,105] {dag.py:2935} INFO - Setting next_dagrun for example_branch_labels to 2022-01-24 00:00:00+00:00
[2022-01-25 22:29:32,116] {processor.py:171} INFO - Processing /home/airflow/.local/lib/python3.7/site-packages/airflow/example_dags/example_branch_labels.py took 0.077 seconds
[2022-01-25 22:30:02,215] {processor.py:163} INFO - Started process (PID=464) to work on /home/airflow/.local/lib/python3.7/site-packages/airflow/example_dags/example_branch_labels.py
[2022-01-25 22:30:02,217] {processor.py:642} INFO - Processing file /home/airflow/.local/lib/python3.7/site-packages/airflow/example_dags/example_branch_labels.py for tasks to queue
[2022-01-25 22:30:02,219] {logging_mixin.py:109} INFO - [2022-01-25 22:30:02,218] {dagbag.py:500} INFO - Filling up the DagBag from /home/airflow/.local/lib/python3.7/site-packages/airflow/example_dags/example_branch_labels.py
[2022-01-25 22:30:02,266] {processor.py:654} INFO - DAG(s) dict_keys(['example_branch_labels']) retrieved from /home/airflow/.local/lib/python3.7/site-packages/airflow/example_dags/example_branch_labels.py
[2022-01-25 22:30:02,287] {logging_mixin.py:109} INFO - [2022-01-25 22:30:02,287] {dag.py:2396} INFO - Sync 1 DAGs
[2022-01-25 22:30:02,333] {logging_mixin.py:109} INFO - [2022-01-25 22:30:02,333] {dag.py:2935} INFO - Setting next_dagrun for example_branch_labels to 2022-01-24 00:00:00+00:00
[2022-01-25 22:30:02,346] {processor.py:171} INFO - Processing /home/airflow/.local/lib/python3.7/site-packages/airflow/example_dags/example_branch_labels.py took 0.138 seconds
[2022-01-25 22:30:32,566] {processor.py:163} INFO - Started process (PID=514) to work on /home/airflow/.local/lib/python3.7/site-packages/airflow/example_dags/example_branch_labels.py
[2022-01-25 22:30:32,568] {processor.py:642} INFO - Processing file /home/airflow/.local/lib/python3.7/site-packages/airflow/example_dags/example_branch_labels.py for tasks to queue
[2022-01-25 22:30:32,568] {logging_mixin.py:109} INFO - [2022-01-25 22:30:32,568] {dagbag.py:500} INFO - Filling up the DagBag from /home/airflow/.local/lib/python3.7/site-packages/airflow/example_dags/example_branch_labels.py
[2022-01-25 22:30:32,607] {processor.py:654} INFO - DAG(s) dict_keys(['example_branch_labels']) retrieved from /home/airflow/.local/lib/python3.7/site-packages/airflow/example_dags/example_branch_labels.py
[2022-01-25 22:30:32,621] {logging_mixin.py:109} INFO - [2022-01-25 22:30:32,621] {dag.py:2396} INFO - Sync 1 DAGs
[2022-01-25 22:30:32,648] {logging_mixin.py:109} INFO - [2022-01-25 22:30:32,648] {dag.py:2935} INFO - Setting next_dagrun for example_branch_labels to 2022-01-24 00:00:00+00:00
[2022-01-25 22:30:32,660] {processor.py:171} INFO - Processing /home/airflow/.local/lib/python3.7/site-packages/airflow/example_dags/example_branch_labels.py took 0.097 seconds
[2022-01-25 22:31:02,749] {processor.py:163} INFO - Started process (PID=566) to work on /home/airflow/.local/lib/python3.7/site-packages/airflow/example_dags/example_branch_labels.py
[2022-01-25 22:31:02,751] {processor.py:642} INFO - Processing file /home/airflow/.local/lib/python3.7/site-packages/airflow/example_dags/example_branch_labels.py for tasks to queue
[2022-01-25 22:31:02,751] {logging_mixin.py:109} INFO - [2022-01-25 22:31:02,751] {dagbag.py:500} INFO - Filling up the DagBag from /home/airflow/.local/lib/python3.7/site-packages/airflow/example_dags/example_branch_labels.py
[2022-01-25 22:31:02,796] {processor.py:654} INFO - DAG(s) dict_keys(['example_branch_labels']) retrieved from /home/airflow/.local/lib/python3.7/site-packages/airflow/example_dags/example_branch_labels.py
[2022-01-25 22:31:02,815] {logging_mixin.py:109} INFO - [2022-01-25 22:31:02,814] {dag.py:2396} INFO - Sync 1 DAGs
[2022-01-25 22:31:02,849] {logging_mixin.py:109} INFO - [2022-01-25 22:31:02,849] {dag.py:2935} INFO - Setting next_dagrun for example_branch_labels to 2022-01-24 00:00:00+00:00
[2022-01-25 22:31:02,863] {processor.py:171} INFO - Processing /home/airflow/.local/lib/python3.7/site-packages/airflow/example_dags/example_branch_labels.py took 0.118 seconds
[2022-01-25 22:31:33,402] {processor.py:163} INFO - Started process (PID=640) to work on /home/airflow/.local/lib/python3.7/site-packages/airflow/example_dags/example_branch_labels.py
[2022-01-25 22:31:33,404] {processor.py:642} INFO - Processing file /home/airflow/.local/lib/python3.7/site-packages/airflow/example_dags/example_branch_labels.py for tasks to queue
[2022-01-25 22:31:33,404] {logging_mixin.py:109} INFO - [2022-01-25 22:31:33,404] {dagbag.py:500} INFO - Filling up the DagBag from /home/airflow/.local/lib/python3.7/site-packages/airflow/example_dags/example_branch_labels.py
[2022-01-25 22:31:33,446] {processor.py:654} INFO - DAG(s) dict_keys(['example_branch_labels']) retrieved from /home/airflow/.local/lib/python3.7/site-packages/airflow/example_dags/example_branch_labels.py
[2022-01-25 22:31:33,461] {logging_mixin.py:109} INFO - [2022-01-25 22:31:33,461] {dag.py:2396} INFO - Sync 1 DAGs
[2022-01-25 22:31:33,486] {logging_mixin.py:109} INFO - [2022-01-25 22:31:33,486] {dag.py:2935} INFO - Setting next_dagrun for example_branch_labels to 2022-01-24 00:00:00+00:00
[2022-01-25 22:31:33,508] {processor.py:171} INFO - Processing /home/airflow/.local/lib/python3.7/site-packages/airflow/example_dags/example_branch_labels.py took 0.109 seconds
[2022-01-25 22:32:03,749] {processor.py:163} INFO - Started process (PID=699) to work on /home/airflow/.local/lib/python3.7/site-packages/airflow/example_dags/example_branch_labels.py
[2022-01-25 22:32:03,768] {processor.py:642} INFO - Processing file /home/airflow/.local/lib/python3.7/site-packages/airflow/example_dags/example_branch_labels.py for tasks to queue
[2022-01-25 22:32:03,769] {logging_mixin.py:109} INFO - [2022-01-25 22:32:03,769] {dagbag.py:500} INFO - Filling up the DagBag from /home/airflow/.local/lib/python3.7/site-packages/airflow/example_dags/example_branch_labels.py
[2022-01-25 22:32:03,860] {processor.py:654} INFO - DAG(s) dict_keys(['example_branch_labels']) retrieved from /home/airflow/.local/lib/python3.7/site-packages/airflow/example_dags/example_branch_labels.py
[2022-01-25 22:32:03,907] {logging_mixin.py:109} INFO - [2022-01-25 22:32:03,907] {dag.py:2396} INFO - Sync 1 DAGs
[2022-01-25 22:32:03,977] {logging_mixin.py:109} INFO - [2022-01-25 22:32:03,976] {dag.py:2935} INFO - Setting next_dagrun for example_branch_labels to 2022-01-24 00:00:00+00:00
[2022-01-25 22:32:03,994] {processor.py:171} INFO - Processing /home/airflow/.local/lib/python3.7/site-packages/airflow/example_dags/example_branch_labels.py took 0.248 seconds
