[2022-01-25 22:27:44,639] {processor.py:163} INFO - Started process (PID=202) to work on /home/airflow/.local/lib/python3.7/site-packages/airflow/example_dags/example_trigger_target_dag.py
[2022-01-25 22:27:44,640] {processor.py:642} INFO - Processing file /home/airflow/.local/lib/python3.7/site-packages/airflow/example_dags/example_trigger_target_dag.py for tasks to queue
[2022-01-25 22:27:44,641] {logging_mixin.py:109} INFO - [2022-01-25 22:27:44,641] {dagbag.py:500} INFO - Filling up the DagBag from /home/airflow/.local/lib/python3.7/site-packages/airflow/example_dags/example_trigger_target_dag.py
[2022-01-25 22:27:44,831] {processor.py:654} INFO - DAG(s) dict_keys(['example_trigger_target_dag']) retrieved from /home/airflow/.local/lib/python3.7/site-packages/airflow/example_dags/example_trigger_target_dag.py
[2022-01-25 22:27:52,717] {logging_mixin.py:109} INFO - [2022-01-25 22:27:52,717] {manager.py:496} INFO - Created Permission View: can read on DAG:example_trigger_target_dag
[2022-01-25 22:27:52,748] {logging_mixin.py:109} INFO - [2022-01-25 22:27:52,748] {manager.py:496} INFO - Created Permission View: can edit on DAG:example_trigger_target_dag
[2022-01-25 22:27:52,761] {logging_mixin.py:109} INFO - [2022-01-25 22:27:52,749] {dag.py:2396} INFO - Sync 1 DAGs
[2022-01-25 22:27:52,828] {logging_mixin.py:109} INFO - [2022-01-25 22:27:52,828] {dag.py:2415} INFO - Creating ORM DAG for example_trigger_target_dag
[2022-01-25 22:27:52,886] {logging_mixin.py:109} INFO - [2022-01-25 22:27:52,886] {dag.py:2935} INFO - Setting next_dagrun for example_trigger_target_dag to None
[2022-01-25 22:27:52,993] {processor.py:171} INFO - Processing /home/airflow/.local/lib/python3.7/site-packages/airflow/example_dags/example_trigger_target_dag.py took 8.368 seconds
[2022-01-25 22:28:23,708] {processor.py:163} INFO - Started process (PID=294) to work on /home/airflow/.local/lib/python3.7/site-packages/airflow/example_dags/example_trigger_target_dag.py
[2022-01-25 22:28:23,721] {processor.py:642} INFO - Processing file /home/airflow/.local/lib/python3.7/site-packages/airflow/example_dags/example_trigger_target_dag.py for tasks to queue
[2022-01-25 22:28:23,722] {logging_mixin.py:109} INFO - [2022-01-25 22:28:23,721] {dagbag.py:500} INFO - Filling up the DagBag from /home/airflow/.local/lib/python3.7/site-packages/airflow/example_dags/example_trigger_target_dag.py
[2022-01-25 22:28:23,774] {processor.py:654} INFO - DAG(s) dict_keys(['example_trigger_target_dag']) retrieved from /home/airflow/.local/lib/python3.7/site-packages/airflow/example_dags/example_trigger_target_dag.py
[2022-01-25 22:28:23,788] {logging_mixin.py:109} INFO - [2022-01-25 22:28:23,788] {dag.py:2396} INFO - Sync 1 DAGs
[2022-01-25 22:28:23,812] {logging_mixin.py:109} INFO - [2022-01-25 22:28:23,812] {dag.py:2935} INFO - Setting next_dagrun for example_trigger_target_dag to None
[2022-01-25 22:28:23,834] {processor.py:171} INFO - Processing /home/airflow/.local/lib/python3.7/site-packages/airflow/example_dags/example_trigger_target_dag.py took 0.130 seconds
[2022-01-25 22:28:54,094] {processor.py:163} INFO - Started process (PID=346) to work on /home/airflow/.local/lib/python3.7/site-packages/airflow/example_dags/example_trigger_target_dag.py
[2022-01-25 22:28:54,096] {processor.py:642} INFO - Processing file /home/airflow/.local/lib/python3.7/site-packages/airflow/example_dags/example_trigger_target_dag.py for tasks to queue
[2022-01-25 22:28:54,097] {logging_mixin.py:109} INFO - [2022-01-25 22:28:54,097] {dagbag.py:500} INFO - Filling up the DagBag from /home/airflow/.local/lib/python3.7/site-packages/airflow/example_dags/example_trigger_target_dag.py
[2022-01-25 22:28:54,158] {processor.py:654} INFO - DAG(s) dict_keys(['example_trigger_target_dag']) retrieved from /home/airflow/.local/lib/python3.7/site-packages/airflow/example_dags/example_trigger_target_dag.py
[2022-01-25 22:28:54,176] {logging_mixin.py:109} INFO - [2022-01-25 22:28:54,175] {dag.py:2396} INFO - Sync 1 DAGs
[2022-01-25 22:28:54,200] {logging_mixin.py:109} INFO - [2022-01-25 22:28:54,200] {dag.py:2935} INFO - Setting next_dagrun for example_trigger_target_dag to None
[2022-01-25 22:28:54,216] {processor.py:171} INFO - Processing /home/airflow/.local/lib/python3.7/site-packages/airflow/example_dags/example_trigger_target_dag.py took 0.128 seconds
[2022-01-25 22:29:24,427] {processor.py:163} INFO - Started process (PID=398) to work on /home/airflow/.local/lib/python3.7/site-packages/airflow/example_dags/example_trigger_target_dag.py
[2022-01-25 22:29:24,429] {processor.py:642} INFO - Processing file /home/airflow/.local/lib/python3.7/site-packages/airflow/example_dags/example_trigger_target_dag.py for tasks to queue
[2022-01-25 22:29:24,430] {logging_mixin.py:109} INFO - [2022-01-25 22:29:24,429] {dagbag.py:500} INFO - Filling up the DagBag from /home/airflow/.local/lib/python3.7/site-packages/airflow/example_dags/example_trigger_target_dag.py
[2022-01-25 22:29:24,465] {processor.py:654} INFO - DAG(s) dict_keys(['example_trigger_target_dag']) retrieved from /home/airflow/.local/lib/python3.7/site-packages/airflow/example_dags/example_trigger_target_dag.py
[2022-01-25 22:29:24,477] {logging_mixin.py:109} INFO - [2022-01-25 22:29:24,476] {dag.py:2396} INFO - Sync 1 DAGs
[2022-01-25 22:29:24,497] {logging_mixin.py:109} INFO - [2022-01-25 22:29:24,497] {dag.py:2935} INFO - Setting next_dagrun for example_trigger_target_dag to None
[2022-01-25 22:29:24,508] {processor.py:171} INFO - Processing /home/airflow/.local/lib/python3.7/site-packages/airflow/example_dags/example_trigger_target_dag.py took 0.086 seconds
[2022-01-25 22:29:54,565] {processor.py:163} INFO - Started process (PID=450) to work on /home/airflow/.local/lib/python3.7/site-packages/airflow/example_dags/example_trigger_target_dag.py
[2022-01-25 22:29:54,568] {processor.py:642} INFO - Processing file /home/airflow/.local/lib/python3.7/site-packages/airflow/example_dags/example_trigger_target_dag.py for tasks to queue
[2022-01-25 22:29:54,570] {logging_mixin.py:109} INFO - [2022-01-25 22:29:54,569] {dagbag.py:500} INFO - Filling up the DagBag from /home/airflow/.local/lib/python3.7/site-packages/airflow/example_dags/example_trigger_target_dag.py
[2022-01-25 22:29:54,606] {processor.py:654} INFO - DAG(s) dict_keys(['example_trigger_target_dag']) retrieved from /home/airflow/.local/lib/python3.7/site-packages/airflow/example_dags/example_trigger_target_dag.py
[2022-01-25 22:29:54,615] {logging_mixin.py:109} INFO - [2022-01-25 22:29:54,615] {dag.py:2396} INFO - Sync 1 DAGs
[2022-01-25 22:29:54,632] {logging_mixin.py:109} INFO - [2022-01-25 22:29:54,632] {dag.py:2935} INFO - Setting next_dagrun for example_trigger_target_dag to None
[2022-01-25 22:29:54,643] {processor.py:171} INFO - Processing /home/airflow/.local/lib/python3.7/site-packages/airflow/example_dags/example_trigger_target_dag.py took 0.086 seconds
[2022-01-25 22:30:24,998] {processor.py:163} INFO - Started process (PID=509) to work on /home/airflow/.local/lib/python3.7/site-packages/airflow/example_dags/example_trigger_target_dag.py
[2022-01-25 22:30:25,000] {processor.py:642} INFO - Processing file /home/airflow/.local/lib/python3.7/site-packages/airflow/example_dags/example_trigger_target_dag.py for tasks to queue
[2022-01-25 22:30:25,000] {logging_mixin.py:109} INFO - [2022-01-25 22:30:25,000] {dagbag.py:500} INFO - Filling up the DagBag from /home/airflow/.local/lib/python3.7/site-packages/airflow/example_dags/example_trigger_target_dag.py
[2022-01-25 22:30:25,032] {processor.py:654} INFO - DAG(s) dict_keys(['example_trigger_target_dag']) retrieved from /home/airflow/.local/lib/python3.7/site-packages/airflow/example_dags/example_trigger_target_dag.py
[2022-01-25 22:30:25,042] {logging_mixin.py:109} INFO - [2022-01-25 22:30:25,042] {dag.py:2396} INFO - Sync 1 DAGs
[2022-01-25 22:30:25,060] {logging_mixin.py:109} INFO - [2022-01-25 22:30:25,060] {dag.py:2935} INFO - Setting next_dagrun for example_trigger_target_dag to None
[2022-01-25 22:30:25,071] {processor.py:171} INFO - Processing /home/airflow/.local/lib/python3.7/site-packages/airflow/example_dags/example_trigger_target_dag.py took 0.077 seconds
[2022-01-25 22:30:55,121] {processor.py:163} INFO - Started process (PID=561) to work on /home/airflow/.local/lib/python3.7/site-packages/airflow/example_dags/example_trigger_target_dag.py
[2022-01-25 22:30:55,123] {processor.py:642} INFO - Processing file /home/airflow/.local/lib/python3.7/site-packages/airflow/example_dags/example_trigger_target_dag.py for tasks to queue
[2022-01-25 22:30:55,124] {logging_mixin.py:109} INFO - [2022-01-25 22:30:55,123] {dagbag.py:500} INFO - Filling up the DagBag from /home/airflow/.local/lib/python3.7/site-packages/airflow/example_dags/example_trigger_target_dag.py
[2022-01-25 22:30:55,155] {processor.py:654} INFO - DAG(s) dict_keys(['example_trigger_target_dag']) retrieved from /home/airflow/.local/lib/python3.7/site-packages/airflow/example_dags/example_trigger_target_dag.py
[2022-01-25 22:30:55,164] {logging_mixin.py:109} INFO - [2022-01-25 22:30:55,164] {dag.py:2396} INFO - Sync 1 DAGs
[2022-01-25 22:30:55,182] {logging_mixin.py:109} INFO - [2022-01-25 22:30:55,181] {dag.py:2935} INFO - Setting next_dagrun for example_trigger_target_dag to None
[2022-01-25 22:30:55,193] {processor.py:171} INFO - Processing /home/airflow/.local/lib/python3.7/site-packages/airflow/example_dags/example_trigger_target_dag.py took 0.078 seconds
[2022-01-25 22:31:25,977] {processor.py:163} INFO - Started process (PID=622) to work on /home/airflow/.local/lib/python3.7/site-packages/airflow/example_dags/example_trigger_target_dag.py
[2022-01-25 22:31:25,980] {processor.py:642} INFO - Processing file /home/airflow/.local/lib/python3.7/site-packages/airflow/example_dags/example_trigger_target_dag.py for tasks to queue
[2022-01-25 22:31:25,981] {logging_mixin.py:109} INFO - [2022-01-25 22:31:25,981] {dagbag.py:500} INFO - Filling up the DagBag from /home/airflow/.local/lib/python3.7/site-packages/airflow/example_dags/example_trigger_target_dag.py
[2022-01-25 22:31:26,017] {processor.py:654} INFO - DAG(s) dict_keys(['example_trigger_target_dag']) retrieved from /home/airflow/.local/lib/python3.7/site-packages/airflow/example_dags/example_trigger_target_dag.py
[2022-01-25 22:31:26,027] {logging_mixin.py:109} INFO - [2022-01-25 22:31:26,027] {dag.py:2396} INFO - Sync 1 DAGs
[2022-01-25 22:31:26,058] {logging_mixin.py:109} INFO - [2022-01-25 22:31:26,058] {dag.py:2935} INFO - Setting next_dagrun for example_trigger_target_dag to None
[2022-01-25 22:31:26,070] {processor.py:171} INFO - Processing /home/airflow/.local/lib/python3.7/site-packages/airflow/example_dags/example_trigger_target_dag.py took 0.100 seconds
[2022-01-25 22:31:56,492] {processor.py:163} INFO - Started process (PID=685) to work on /home/airflow/.local/lib/python3.7/site-packages/airflow/example_dags/example_trigger_target_dag.py
[2022-01-25 22:31:56,493] {processor.py:642} INFO - Processing file /home/airflow/.local/lib/python3.7/site-packages/airflow/example_dags/example_trigger_target_dag.py for tasks to queue
[2022-01-25 22:31:56,494] {logging_mixin.py:109} INFO - [2022-01-25 22:31:56,494] {dagbag.py:500} INFO - Filling up the DagBag from /home/airflow/.local/lib/python3.7/site-packages/airflow/example_dags/example_trigger_target_dag.py
[2022-01-25 22:31:56,523] {processor.py:654} INFO - DAG(s) dict_keys(['example_trigger_target_dag']) retrieved from /home/airflow/.local/lib/python3.7/site-packages/airflow/example_dags/example_trigger_target_dag.py
[2022-01-25 22:31:56,532] {logging_mixin.py:109} INFO - [2022-01-25 22:31:56,532] {dag.py:2396} INFO - Sync 1 DAGs
[2022-01-25 22:31:56,548] {logging_mixin.py:109} INFO - [2022-01-25 22:31:56,548] {dag.py:2935} INFO - Setting next_dagrun for example_trigger_target_dag to None
[2022-01-25 22:31:56,560] {processor.py:171} INFO - Processing /home/airflow/.local/lib/python3.7/site-packages/airflow/example_dags/example_trigger_target_dag.py took 0.071 seconds
