[2022-01-25 22:28:00,715] {processor.py:163} INFO - Started process (PID=235) to work on /home/airflow/.local/lib/python3.7/site-packages/airflow/example_dags/example_latest_only_with_trigger.py
[2022-01-25 22:28:00,726] {processor.py:642} INFO - Processing file /home/airflow/.local/lib/python3.7/site-packages/airflow/example_dags/example_latest_only_with_trigger.py for tasks to queue
[2022-01-25 22:28:00,727] {logging_mixin.py:109} INFO - [2022-01-25 22:28:00,726] {dagbag.py:500} INFO - Filling up the DagBag from /home/airflow/.local/lib/python3.7/site-packages/airflow/example_dags/example_latest_only_with_trigger.py
[2022-01-25 22:28:00,843] {processor.py:654} INFO - DAG(s) dict_keys(['latest_only_with_trigger']) retrieved from /home/airflow/.local/lib/python3.7/site-packages/airflow/example_dags/example_latest_only_with_trigger.py
[2022-01-25 22:28:05,554] {logging_mixin.py:109} INFO - [2022-01-25 22:28:05,554] {manager.py:496} INFO - Created Permission View: can read on DAG:latest_only_with_trigger
[2022-01-25 22:28:05,573] {logging_mixin.py:109} INFO - [2022-01-25 22:28:05,573] {manager.py:496} INFO - Created Permission View: can edit on DAG:latest_only_with_trigger
[2022-01-25 22:28:05,574] {logging_mixin.py:109} INFO - [2022-01-25 22:28:05,573] {dag.py:2396} INFO - Sync 1 DAGs
[2022-01-25 22:28:05,584] {logging_mixin.py:109} INFO - [2022-01-25 22:28:05,584] {dag.py:2415} INFO - Creating ORM DAG for latest_only_with_trigger
[2022-01-25 22:28:05,597] {logging_mixin.py:109} INFO - [2022-01-25 22:28:05,597] {dag.py:2935} INFO - Setting next_dagrun for latest_only_with_trigger to 2022-01-25T18:28:05.596735+00:00
[2022-01-25 22:28:05,620] {processor.py:171} INFO - Processing /home/airflow/.local/lib/python3.7/site-packages/airflow/example_dags/example_latest_only_with_trigger.py took 4.918 seconds
[2022-01-25 22:28:36,800] {processor.py:163} INFO - Started process (PID=316) to work on /home/airflow/.local/lib/python3.7/site-packages/airflow/example_dags/example_latest_only_with_trigger.py
[2022-01-25 22:28:36,801] {processor.py:642} INFO - Processing file /home/airflow/.local/lib/python3.7/site-packages/airflow/example_dags/example_latest_only_with_trigger.py for tasks to queue
[2022-01-25 22:28:36,802] {logging_mixin.py:109} INFO - [2022-01-25 22:28:36,802] {dagbag.py:500} INFO - Filling up the DagBag from /home/airflow/.local/lib/python3.7/site-packages/airflow/example_dags/example_latest_only_with_trigger.py
[2022-01-25 22:28:36,839] {processor.py:654} INFO - DAG(s) dict_keys(['latest_only_with_trigger']) retrieved from /home/airflow/.local/lib/python3.7/site-packages/airflow/example_dags/example_latest_only_with_trigger.py
[2022-01-25 22:28:36,857] {logging_mixin.py:109} INFO - [2022-01-25 22:28:36,857] {dag.py:2396} INFO - Sync 1 DAGs
[2022-01-25 22:28:36,881] {logging_mixin.py:109} INFO - [2022-01-25 22:28:36,881] {dag.py:2935} INFO - Setting next_dagrun for latest_only_with_trigger to 2022-01-25T18:28:36.880854+00:00
[2022-01-25 22:28:36,894] {processor.py:171} INFO - Processing /home/airflow/.local/lib/python3.7/site-packages/airflow/example_dags/example_latest_only_with_trigger.py took 0.097 seconds
[2022-01-25 22:29:07,062] {processor.py:163} INFO - Started process (PID=368) to work on /home/airflow/.local/lib/python3.7/site-packages/airflow/example_dags/example_latest_only_with_trigger.py
[2022-01-25 22:29:07,064] {processor.py:642} INFO - Processing file /home/airflow/.local/lib/python3.7/site-packages/airflow/example_dags/example_latest_only_with_trigger.py for tasks to queue
[2022-01-25 22:29:07,064] {logging_mixin.py:109} INFO - [2022-01-25 22:29:07,064] {dagbag.py:500} INFO - Filling up the DagBag from /home/airflow/.local/lib/python3.7/site-packages/airflow/example_dags/example_latest_only_with_trigger.py
[2022-01-25 22:29:07,098] {processor.py:654} INFO - DAG(s) dict_keys(['latest_only_with_trigger']) retrieved from /home/airflow/.local/lib/python3.7/site-packages/airflow/example_dags/example_latest_only_with_trigger.py
[2022-01-25 22:29:07,111] {logging_mixin.py:109} INFO - [2022-01-25 22:29:07,111] {dag.py:2396} INFO - Sync 1 DAGs
[2022-01-25 22:29:07,134] {logging_mixin.py:109} INFO - [2022-01-25 22:29:07,134] {dag.py:2935} INFO - Setting next_dagrun for latest_only_with_trigger to 2022-01-25T18:29:07.134332+00:00
[2022-01-25 22:29:07,145] {processor.py:171} INFO - Processing /home/airflow/.local/lib/python3.7/site-packages/airflow/example_dags/example_latest_only_with_trigger.py took 0.086 seconds
[2022-01-25 22:29:37,600] {processor.py:163} INFO - Started process (PID=423) to work on /home/airflow/.local/lib/python3.7/site-packages/airflow/example_dags/example_latest_only_with_trigger.py
[2022-01-25 22:29:37,601] {processor.py:642} INFO - Processing file /home/airflow/.local/lib/python3.7/site-packages/airflow/example_dags/example_latest_only_with_trigger.py for tasks to queue
[2022-01-25 22:29:37,602] {logging_mixin.py:109} INFO - [2022-01-25 22:29:37,602] {dagbag.py:500} INFO - Filling up the DagBag from /home/airflow/.local/lib/python3.7/site-packages/airflow/example_dags/example_latest_only_with_trigger.py
[2022-01-25 22:29:37,636] {processor.py:654} INFO - DAG(s) dict_keys(['latest_only_with_trigger']) retrieved from /home/airflow/.local/lib/python3.7/site-packages/airflow/example_dags/example_latest_only_with_trigger.py
[2022-01-25 22:29:37,650] {logging_mixin.py:109} INFO - [2022-01-25 22:29:37,650] {dag.py:2396} INFO - Sync 1 DAGs
[2022-01-25 22:29:37,673] {logging_mixin.py:109} INFO - [2022-01-25 22:29:37,673] {dag.py:2935} INFO - Setting next_dagrun for latest_only_with_trigger to 2022-01-25T18:29:37.672755+00:00
[2022-01-25 22:29:37,686] {processor.py:171} INFO - Processing /home/airflow/.local/lib/python3.7/site-packages/airflow/example_dags/example_latest_only_with_trigger.py took 0.090 seconds
[2022-01-25 22:30:07,785] {processor.py:163} INFO - Started process (PID=473) to work on /home/airflow/.local/lib/python3.7/site-packages/airflow/example_dags/example_latest_only_with_trigger.py
[2022-01-25 22:30:07,786] {processor.py:642} INFO - Processing file /home/airflow/.local/lib/python3.7/site-packages/airflow/example_dags/example_latest_only_with_trigger.py for tasks to queue
[2022-01-25 22:30:07,787] {logging_mixin.py:109} INFO - [2022-01-25 22:30:07,786] {dagbag.py:500} INFO - Filling up the DagBag from /home/airflow/.local/lib/python3.7/site-packages/airflow/example_dags/example_latest_only_with_trigger.py
[2022-01-25 22:30:07,816] {processor.py:654} INFO - DAG(s) dict_keys(['latest_only_with_trigger']) retrieved from /home/airflow/.local/lib/python3.7/site-packages/airflow/example_dags/example_latest_only_with_trigger.py
[2022-01-25 22:30:07,827] {logging_mixin.py:109} INFO - [2022-01-25 22:30:07,827] {dag.py:2396} INFO - Sync 1 DAGs
[2022-01-25 22:30:07,843] {logging_mixin.py:109} INFO - [2022-01-25 22:30:07,842] {dag.py:2935} INFO - Setting next_dagrun for latest_only_with_trigger to 2022-01-25T18:30:07.842663+00:00
[2022-01-25 22:30:07,851] {processor.py:171} INFO - Processing /home/airflow/.local/lib/python3.7/site-packages/airflow/example_dags/example_latest_only_with_trigger.py took 0.070 seconds
[2022-01-25 22:30:38,054] {processor.py:163} INFO - Started process (PID=533) to work on /home/airflow/.local/lib/python3.7/site-packages/airflow/example_dags/example_latest_only_with_trigger.py
[2022-01-25 22:30:38,055] {processor.py:642} INFO - Processing file /home/airflow/.local/lib/python3.7/site-packages/airflow/example_dags/example_latest_only_with_trigger.py for tasks to queue
[2022-01-25 22:30:38,055] {logging_mixin.py:109} INFO - [2022-01-25 22:30:38,055] {dagbag.py:500} INFO - Filling up the DagBag from /home/airflow/.local/lib/python3.7/site-packages/airflow/example_dags/example_latest_only_with_trigger.py
[2022-01-25 22:30:38,085] {processor.py:654} INFO - DAG(s) dict_keys(['latest_only_with_trigger']) retrieved from /home/airflow/.local/lib/python3.7/site-packages/airflow/example_dags/example_latest_only_with_trigger.py
[2022-01-25 22:30:38,099] {logging_mixin.py:109} INFO - [2022-01-25 22:30:38,099] {dag.py:2396} INFO - Sync 1 DAGs
[2022-01-25 22:30:38,123] {logging_mixin.py:109} INFO - [2022-01-25 22:30:38,122] {dag.py:2935} INFO - Setting next_dagrun for latest_only_with_trigger to 2022-01-25T18:30:38.122549+00:00
[2022-01-25 22:30:38,134] {processor.py:171} INFO - Processing /home/airflow/.local/lib/python3.7/site-packages/airflow/example_dags/example_latest_only_with_trigger.py took 0.083 seconds
[2022-01-25 22:31:08,760] {processor.py:163} INFO - Started process (PID=583) to work on /home/airflow/.local/lib/python3.7/site-packages/airflow/example_dags/example_latest_only_with_trigger.py
[2022-01-25 22:31:08,763] {processor.py:642} INFO - Processing file /home/airflow/.local/lib/python3.7/site-packages/airflow/example_dags/example_latest_only_with_trigger.py for tasks to queue
[2022-01-25 22:31:08,764] {logging_mixin.py:109} INFO - [2022-01-25 22:31:08,764] {dagbag.py:500} INFO - Filling up the DagBag from /home/airflow/.local/lib/python3.7/site-packages/airflow/example_dags/example_latest_only_with_trigger.py
[2022-01-25 22:31:08,881] {processor.py:654} INFO - DAG(s) dict_keys(['latest_only_with_trigger']) retrieved from /home/airflow/.local/lib/python3.7/site-packages/airflow/example_dags/example_latest_only_with_trigger.py
[2022-01-25 22:31:08,906] {logging_mixin.py:109} INFO - [2022-01-25 22:31:08,906] {dag.py:2396} INFO - Sync 1 DAGs
[2022-01-25 22:31:08,960] {logging_mixin.py:109} INFO - [2022-01-25 22:31:08,960] {dag.py:2935} INFO - Setting next_dagrun for latest_only_with_trigger to 2022-01-25T18:31:08.959886+00:00
[2022-01-25 22:31:08,987] {processor.py:171} INFO - Processing /home/airflow/.local/lib/python3.7/site-packages/airflow/example_dags/example_latest_only_with_trigger.py took 0.250 seconds
[2022-01-25 22:31:39,309] {processor.py:163} INFO - Started process (PID=650) to work on /home/airflow/.local/lib/python3.7/site-packages/airflow/example_dags/example_latest_only_with_trigger.py
[2022-01-25 22:31:39,312] {processor.py:642} INFO - Processing file /home/airflow/.local/lib/python3.7/site-packages/airflow/example_dags/example_latest_only_with_trigger.py for tasks to queue
[2022-01-25 22:31:39,313] {logging_mixin.py:109} INFO - [2022-01-25 22:31:39,313] {dagbag.py:500} INFO - Filling up the DagBag from /home/airflow/.local/lib/python3.7/site-packages/airflow/example_dags/example_latest_only_with_trigger.py
[2022-01-25 22:31:39,355] {processor.py:654} INFO - DAG(s) dict_keys(['latest_only_with_trigger']) retrieved from /home/airflow/.local/lib/python3.7/site-packages/airflow/example_dags/example_latest_only_with_trigger.py
[2022-01-25 22:31:39,374] {logging_mixin.py:109} INFO - [2022-01-25 22:31:39,374] {dag.py:2396} INFO - Sync 1 DAGs
[2022-01-25 22:31:39,409] {logging_mixin.py:109} INFO - [2022-01-25 22:31:39,409] {dag.py:2935} INFO - Setting next_dagrun for latest_only_with_trigger to 2022-01-25T18:31:39.409475+00:00
[2022-01-25 22:31:39,428] {processor.py:171} INFO - Processing /home/airflow/.local/lib/python3.7/site-packages/airflow/example_dags/example_latest_only_with_trigger.py took 0.124 seconds
