[2022-01-25 22:27:19,216] {processor.py:163} INFO - Started process (PID=125) to work on /home/airflow/.local/lib/python3.7/site-packages/airflow/example_dags/example_subdag_operator.py
[2022-01-25 22:27:19,217] {processor.py:642} INFO - Processing file /home/airflow/.local/lib/python3.7/site-packages/airflow/example_dags/example_subdag_operator.py for tasks to queue
[2022-01-25 22:27:19,217] {logging_mixin.py:109} INFO - [2022-01-25 22:27:19,217] {dagbag.py:500} INFO - Filling up the DagBag from /home/airflow/.local/lib/python3.7/site-packages/airflow/example_dags/example_subdag_operator.py
[2022-01-25 22:27:19,257] {processor.py:654} INFO - DAG(s) dict_keys(['example_subdag_operator.section-1', 'example_subdag_operator.section-2', 'example_subdag_operator']) retrieved from /home/airflow/.local/lib/python3.7/site-packages/airflow/example_dags/example_subdag_operator.py
[2022-01-25 22:27:21,726] {logging_mixin.py:109} INFO - [2022-01-25 22:27:21,726] {manager.py:496} INFO - Created Permission View: can read on DAG:example_subdag_operator
[2022-01-25 22:27:21,735] {logging_mixin.py:109} INFO - [2022-01-25 22:27:21,735] {manager.py:496} INFO - Created Permission View: can edit on DAG:example_subdag_operator
[2022-01-25 22:27:21,735] {logging_mixin.py:109} INFO - [2022-01-25 22:27:21,735] {dag.py:2396} INFO - Sync 3 DAGs
[2022-01-25 22:27:21,744] {logging_mixin.py:109} INFO - [2022-01-25 22:27:21,744] {dag.py:2415} INFO - Creating ORM DAG for example_subdag_operator.section-1
[2022-01-25 22:27:21,745] {logging_mixin.py:109} INFO - [2022-01-25 22:27:21,745] {dag.py:2415} INFO - Creating ORM DAG for example_subdag_operator
[2022-01-25 22:27:21,745] {logging_mixin.py:109} INFO - [2022-01-25 22:27:21,745] {dag.py:2415} INFO - Creating ORM DAG for example_subdag_operator.section-2
[2022-01-25 22:27:21,754] {logging_mixin.py:109} INFO - [2022-01-25 22:27:21,754] {dag.py:2935} INFO - Setting next_dagrun for example_subdag_operator to 2022-01-23T00:00:00+00:00
[2022-01-25 22:27:21,755] {logging_mixin.py:109} INFO - [2022-01-25 22:27:21,755] {dag.py:2935} INFO - Setting next_dagrun for example_subdag_operator.section-1 to None
[2022-01-25 22:27:21,755] {logging_mixin.py:109} INFO - [2022-01-25 22:27:21,755] {dag.py:2935} INFO - Setting next_dagrun for example_subdag_operator.section-2 to None
[2022-01-25 22:27:21,765] {logging_mixin.py:109} INFO - [2022-01-25 22:27:21,765] {dag.py:2396} INFO - Sync 2 DAGs
[2022-01-25 22:27:21,778] {logging_mixin.py:109} INFO - [2022-01-25 22:27:21,778] {dag.py:2935} INFO - Setting next_dagrun for example_subdag_operator.section-1 to None
[2022-01-25 22:27:21,778] {logging_mixin.py:109} INFO - [2022-01-25 22:27:21,778] {dag.py:2935} INFO - Setting next_dagrun for example_subdag_operator.section-2 to None
[2022-01-25 22:27:21,788] {processor.py:171} INFO - Processing /home/airflow/.local/lib/python3.7/site-packages/airflow/example_dags/example_subdag_operator.py took 2.575 seconds
[2022-01-25 22:28:07,784] {processor.py:163} INFO - Started process (PID=271) to work on /home/airflow/.local/lib/python3.7/site-packages/airflow/example_dags/example_subdag_operator.py
[2022-01-25 22:28:07,786] {processor.py:642} INFO - Processing file /home/airflow/.local/lib/python3.7/site-packages/airflow/example_dags/example_subdag_operator.py for tasks to queue
[2022-01-25 22:28:07,787] {logging_mixin.py:109} INFO - [2022-01-25 22:28:07,787] {dagbag.py:500} INFO - Filling up the DagBag from /home/airflow/.local/lib/python3.7/site-packages/airflow/example_dags/example_subdag_operator.py
[2022-01-25 22:28:07,843] {processor.py:654} INFO - DAG(s) dict_keys(['example_subdag_operator.section-1', 'example_subdag_operator.section-2', 'example_subdag_operator']) retrieved from /home/airflow/.local/lib/python3.7/site-packages/airflow/example_dags/example_subdag_operator.py
[2022-01-25 22:28:07,870] {logging_mixin.py:109} INFO - [2022-01-25 22:28:07,870] {dag.py:2396} INFO - Sync 3 DAGs
[2022-01-25 22:28:07,907] {logging_mixin.py:109} INFO - [2022-01-25 22:28:07,907] {dag.py:2935} INFO - Setting next_dagrun for example_subdag_operator to 2022-01-23T00:00:00+00:00
[2022-01-25 22:28:07,908] {logging_mixin.py:109} INFO - [2022-01-25 22:28:07,908] {dag.py:2935} INFO - Setting next_dagrun for example_subdag_operator.section-1 to None
[2022-01-25 22:28:07,908] {logging_mixin.py:109} INFO - [2022-01-25 22:28:07,908] {dag.py:2935} INFO - Setting next_dagrun for example_subdag_operator.section-2 to None
[2022-01-25 22:28:07,920] {logging_mixin.py:109} INFO - [2022-01-25 22:28:07,920] {dag.py:2396} INFO - Sync 2 DAGs
[2022-01-25 22:28:07,935] {logging_mixin.py:109} INFO - [2022-01-25 22:28:07,935] {dag.py:2935} INFO - Setting next_dagrun for example_subdag_operator.section-1 to None
[2022-01-25 22:28:07,935] {logging_mixin.py:109} INFO - [2022-01-25 22:28:07,935] {dag.py:2935} INFO - Setting next_dagrun for example_subdag_operator.section-2 to None
[2022-01-25 22:28:07,945] {processor.py:171} INFO - Processing /home/airflow/.local/lib/python3.7/site-packages/airflow/example_dags/example_subdag_operator.py took 0.164 seconds
[2022-01-25 22:28:38,389] {processor.py:163} INFO - Started process (PID=324) to work on /home/airflow/.local/lib/python3.7/site-packages/airflow/example_dags/example_subdag_operator.py
[2022-01-25 22:28:38,390] {processor.py:642} INFO - Processing file /home/airflow/.local/lib/python3.7/site-packages/airflow/example_dags/example_subdag_operator.py for tasks to queue
[2022-01-25 22:28:38,391] {logging_mixin.py:109} INFO - [2022-01-25 22:28:38,391] {dagbag.py:500} INFO - Filling up the DagBag from /home/airflow/.local/lib/python3.7/site-packages/airflow/example_dags/example_subdag_operator.py
[2022-01-25 22:28:38,429] {processor.py:654} INFO - DAG(s) dict_keys(['example_subdag_operator.section-1', 'example_subdag_operator.section-2', 'example_subdag_operator']) retrieved from /home/airflow/.local/lib/python3.7/site-packages/airflow/example_dags/example_subdag_operator.py
[2022-01-25 22:28:38,446] {logging_mixin.py:109} INFO - [2022-01-25 22:28:38,446] {dag.py:2396} INFO - Sync 3 DAGs
[2022-01-25 22:28:38,467] {logging_mixin.py:109} INFO - [2022-01-25 22:28:38,466] {dag.py:2935} INFO - Setting next_dagrun for example_subdag_operator to 2022-01-23T00:00:00+00:00
[2022-01-25 22:28:38,467] {logging_mixin.py:109} INFO - [2022-01-25 22:28:38,467] {dag.py:2935} INFO - Setting next_dagrun for example_subdag_operator.section-1 to None
[2022-01-25 22:28:38,467] {logging_mixin.py:109} INFO - [2022-01-25 22:28:38,467] {dag.py:2935} INFO - Setting next_dagrun for example_subdag_operator.section-2 to None
[2022-01-25 22:28:38,473] {logging_mixin.py:109} INFO - [2022-01-25 22:28:38,473] {dag.py:2396} INFO - Sync 2 DAGs
[2022-01-25 22:28:38,482] {logging_mixin.py:109} INFO - [2022-01-25 22:28:38,482] {dag.py:2935} INFO - Setting next_dagrun for example_subdag_operator.section-1 to None
[2022-01-25 22:28:38,482] {logging_mixin.py:109} INFO - [2022-01-25 22:28:38,482] {dag.py:2935} INFO - Setting next_dagrun for example_subdag_operator.section-2 to None
[2022-01-25 22:28:38,490] {processor.py:171} INFO - Processing /home/airflow/.local/lib/python3.7/site-packages/airflow/example_dags/example_subdag_operator.py took 0.104 seconds
[2022-01-25 22:29:09,384] {processor.py:163} INFO - Started process (PID=376) to work on /home/airflow/.local/lib/python3.7/site-packages/airflow/example_dags/example_subdag_operator.py
[2022-01-25 22:29:09,385] {processor.py:642} INFO - Processing file /home/airflow/.local/lib/python3.7/site-packages/airflow/example_dags/example_subdag_operator.py for tasks to queue
[2022-01-25 22:29:09,386] {logging_mixin.py:109} INFO - [2022-01-25 22:29:09,386] {dagbag.py:500} INFO - Filling up the DagBag from /home/airflow/.local/lib/python3.7/site-packages/airflow/example_dags/example_subdag_operator.py
[2022-01-25 22:29:09,447] {processor.py:654} INFO - DAG(s) dict_keys(['example_subdag_operator.section-1', 'example_subdag_operator.section-2', 'example_subdag_operator']) retrieved from /home/airflow/.local/lib/python3.7/site-packages/airflow/example_dags/example_subdag_operator.py
[2022-01-25 22:29:09,469] {logging_mixin.py:109} INFO - [2022-01-25 22:29:09,468] {dag.py:2396} INFO - Sync 3 DAGs
[2022-01-25 22:29:09,499] {logging_mixin.py:109} INFO - [2022-01-25 22:29:09,498] {dag.py:2935} INFO - Setting next_dagrun for example_subdag_operator to 2022-01-23T00:00:00+00:00
[2022-01-25 22:29:09,499] {logging_mixin.py:109} INFO - [2022-01-25 22:29:09,499] {dag.py:2935} INFO - Setting next_dagrun for example_subdag_operator.section-1 to None
[2022-01-25 22:29:09,500] {logging_mixin.py:109} INFO - [2022-01-25 22:29:09,499] {dag.py:2935} INFO - Setting next_dagrun for example_subdag_operator.section-2 to None
[2022-01-25 22:29:09,507] {logging_mixin.py:109} INFO - [2022-01-25 22:29:09,507] {dag.py:2396} INFO - Sync 2 DAGs
[2022-01-25 22:29:09,521] {logging_mixin.py:109} INFO - [2022-01-25 22:29:09,521] {dag.py:2935} INFO - Setting next_dagrun for example_subdag_operator.section-1 to None
[2022-01-25 22:29:09,521] {logging_mixin.py:109} INFO - [2022-01-25 22:29:09,521] {dag.py:2935} INFO - Setting next_dagrun for example_subdag_operator.section-2 to None
[2022-01-25 22:29:09,532] {processor.py:171} INFO - Processing /home/airflow/.local/lib/python3.7/site-packages/airflow/example_dags/example_subdag_operator.py took 0.151 seconds
[2022-01-25 22:29:39,807] {processor.py:163} INFO - Started process (PID=427) to work on /home/airflow/.local/lib/python3.7/site-packages/airflow/example_dags/example_subdag_operator.py
[2022-01-25 22:29:39,808] {processor.py:642} INFO - Processing file /home/airflow/.local/lib/python3.7/site-packages/airflow/example_dags/example_subdag_operator.py for tasks to queue
[2022-01-25 22:29:39,809] {logging_mixin.py:109} INFO - [2022-01-25 22:29:39,809] {dagbag.py:500} INFO - Filling up the DagBag from /home/airflow/.local/lib/python3.7/site-packages/airflow/example_dags/example_subdag_operator.py
[2022-01-25 22:29:39,847] {processor.py:654} INFO - DAG(s) dict_keys(['example_subdag_operator.section-1', 'example_subdag_operator.section-2', 'example_subdag_operator']) retrieved from /home/airflow/.local/lib/python3.7/site-packages/airflow/example_dags/example_subdag_operator.py
[2022-01-25 22:29:39,861] {logging_mixin.py:109} INFO - [2022-01-25 22:29:39,861] {dag.py:2396} INFO - Sync 3 DAGs
[2022-01-25 22:29:39,881] {logging_mixin.py:109} INFO - [2022-01-25 22:29:39,881] {dag.py:2935} INFO - Setting next_dagrun for example_subdag_operator to 2022-01-23T00:00:00+00:00
[2022-01-25 22:29:39,882] {logging_mixin.py:109} INFO - [2022-01-25 22:29:39,882] {dag.py:2935} INFO - Setting next_dagrun for example_subdag_operator.section-1 to None
[2022-01-25 22:29:39,882] {logging_mixin.py:109} INFO - [2022-01-25 22:29:39,882] {dag.py:2935} INFO - Setting next_dagrun for example_subdag_operator.section-2 to None
[2022-01-25 22:29:39,890] {logging_mixin.py:109} INFO - [2022-01-25 22:29:39,890] {dag.py:2396} INFO - Sync 2 DAGs
[2022-01-25 22:29:39,902] {logging_mixin.py:109} INFO - [2022-01-25 22:29:39,902] {dag.py:2935} INFO - Setting next_dagrun for example_subdag_operator.section-1 to None
[2022-01-25 22:29:39,902] {logging_mixin.py:109} INFO - [2022-01-25 22:29:39,902] {dag.py:2935} INFO - Setting next_dagrun for example_subdag_operator.section-2 to None
[2022-01-25 22:29:39,911] {processor.py:171} INFO - Processing /home/airflow/.local/lib/python3.7/site-packages/airflow/example_dags/example_subdag_operator.py took 0.107 seconds
[2022-01-25 22:30:09,957] {processor.py:163} INFO - Started process (PID=477) to work on /home/airflow/.local/lib/python3.7/site-packages/airflow/example_dags/example_subdag_operator.py
[2022-01-25 22:30:09,958] {processor.py:642} INFO - Processing file /home/airflow/.local/lib/python3.7/site-packages/airflow/example_dags/example_subdag_operator.py for tasks to queue
[2022-01-25 22:30:09,959] {logging_mixin.py:109} INFO - [2022-01-25 22:30:09,959] {dagbag.py:500} INFO - Filling up the DagBag from /home/airflow/.local/lib/python3.7/site-packages/airflow/example_dags/example_subdag_operator.py
[2022-01-25 22:30:09,994] {processor.py:654} INFO - DAG(s) dict_keys(['example_subdag_operator.section-1', 'example_subdag_operator.section-2', 'example_subdag_operator']) retrieved from /home/airflow/.local/lib/python3.7/site-packages/airflow/example_dags/example_subdag_operator.py
[2022-01-25 22:30:10,007] {logging_mixin.py:109} INFO - [2022-01-25 22:30:10,006] {dag.py:2396} INFO - Sync 3 DAGs
[2022-01-25 22:30:10,026] {logging_mixin.py:109} INFO - [2022-01-25 22:30:10,026] {dag.py:2935} INFO - Setting next_dagrun for example_subdag_operator to 2022-01-23T00:00:00+00:00
[2022-01-25 22:30:10,026] {logging_mixin.py:109} INFO - [2022-01-25 22:30:10,026] {dag.py:2935} INFO - Setting next_dagrun for example_subdag_operator.section-1 to None
[2022-01-25 22:30:10,027] {logging_mixin.py:109} INFO - [2022-01-25 22:30:10,026] {dag.py:2935} INFO - Setting next_dagrun for example_subdag_operator.section-2 to None
[2022-01-25 22:30:10,033] {logging_mixin.py:109} INFO - [2022-01-25 22:30:10,033] {dag.py:2396} INFO - Sync 2 DAGs
[2022-01-25 22:30:10,042] {logging_mixin.py:109} INFO - [2022-01-25 22:30:10,042] {dag.py:2935} INFO - Setting next_dagrun for example_subdag_operator.section-1 to None
[2022-01-25 22:30:10,042] {logging_mixin.py:109} INFO - [2022-01-25 22:30:10,042] {dag.py:2935} INFO - Setting next_dagrun for example_subdag_operator.section-2 to None
[2022-01-25 22:30:10,049] {processor.py:171} INFO - Processing /home/airflow/.local/lib/python3.7/site-packages/airflow/example_dags/example_subdag_operator.py took 0.096 seconds
[2022-01-25 22:30:40,245] {processor.py:163} INFO - Started process (PID=537) to work on /home/airflow/.local/lib/python3.7/site-packages/airflow/example_dags/example_subdag_operator.py
[2022-01-25 22:30:40,248] {processor.py:642} INFO - Processing file /home/airflow/.local/lib/python3.7/site-packages/airflow/example_dags/example_subdag_operator.py for tasks to queue
[2022-01-25 22:30:40,248] {logging_mixin.py:109} INFO - [2022-01-25 22:30:40,248] {dagbag.py:500} INFO - Filling up the DagBag from /home/airflow/.local/lib/python3.7/site-packages/airflow/example_dags/example_subdag_operator.py
[2022-01-25 22:30:40,290] {processor.py:654} INFO - DAG(s) dict_keys(['example_subdag_operator.section-1', 'example_subdag_operator.section-2', 'example_subdag_operator']) retrieved from /home/airflow/.local/lib/python3.7/site-packages/airflow/example_dags/example_subdag_operator.py
[2022-01-25 22:30:40,324] {logging_mixin.py:109} INFO - [2022-01-25 22:30:40,324] {dag.py:2396} INFO - Sync 3 DAGs
[2022-01-25 22:30:40,348] {logging_mixin.py:109} INFO - [2022-01-25 22:30:40,347] {dag.py:2935} INFO - Setting next_dagrun for example_subdag_operator to 2022-01-23T00:00:00+00:00
[2022-01-25 22:30:40,348] {logging_mixin.py:109} INFO - [2022-01-25 22:30:40,348] {dag.py:2935} INFO - Setting next_dagrun for example_subdag_operator.section-1 to None
[2022-01-25 22:30:40,348] {logging_mixin.py:109} INFO - [2022-01-25 22:30:40,348] {dag.py:2935} INFO - Setting next_dagrun for example_subdag_operator.section-2 to None
[2022-01-25 22:30:40,356] {logging_mixin.py:109} INFO - [2022-01-25 22:30:40,356] {dag.py:2396} INFO - Sync 2 DAGs
[2022-01-25 22:30:40,372] {logging_mixin.py:109} INFO - [2022-01-25 22:30:40,372] {dag.py:2935} INFO - Setting next_dagrun for example_subdag_operator.section-1 to None
[2022-01-25 22:30:40,372] {logging_mixin.py:109} INFO - [2022-01-25 22:30:40,372] {dag.py:2935} INFO - Setting next_dagrun for example_subdag_operator.section-2 to None
[2022-01-25 22:30:40,380] {processor.py:171} INFO - Processing /home/airflow/.local/lib/python3.7/site-packages/airflow/example_dags/example_subdag_operator.py took 0.139 seconds
[2022-01-25 22:31:11,276] {processor.py:163} INFO - Started process (PID=588) to work on /home/airflow/.local/lib/python3.7/site-packages/airflow/example_dags/example_subdag_operator.py
[2022-01-25 22:31:11,284] {processor.py:642} INFO - Processing file /home/airflow/.local/lib/python3.7/site-packages/airflow/example_dags/example_subdag_operator.py for tasks to queue
[2022-01-25 22:31:11,285] {logging_mixin.py:109} INFO - [2022-01-25 22:31:11,285] {dagbag.py:500} INFO - Filling up the DagBag from /home/airflow/.local/lib/python3.7/site-packages/airflow/example_dags/example_subdag_operator.py
[2022-01-25 22:31:11,396] {processor.py:654} INFO - DAG(s) dict_keys(['example_subdag_operator.section-1', 'example_subdag_operator.section-2', 'example_subdag_operator']) retrieved from /home/airflow/.local/lib/python3.7/site-packages/airflow/example_dags/example_subdag_operator.py
[2022-01-25 22:31:11,420] {logging_mixin.py:109} INFO - [2022-01-25 22:31:11,420] {dag.py:2396} INFO - Sync 3 DAGs
[2022-01-25 22:31:11,454] {logging_mixin.py:109} INFO - [2022-01-25 22:31:11,454] {dag.py:2935} INFO - Setting next_dagrun for example_subdag_operator to 2022-01-23T00:00:00+00:00
[2022-01-25 22:31:11,455] {logging_mixin.py:109} INFO - [2022-01-25 22:31:11,455] {dag.py:2935} INFO - Setting next_dagrun for example_subdag_operator.section-1 to None
[2022-01-25 22:31:11,455] {logging_mixin.py:109} INFO - [2022-01-25 22:31:11,455] {dag.py:2935} INFO - Setting next_dagrun for example_subdag_operator.section-2 to None
[2022-01-25 22:31:11,465] {logging_mixin.py:109} INFO - [2022-01-25 22:31:11,465] {dag.py:2396} INFO - Sync 2 DAGs
[2022-01-25 22:31:11,482] {logging_mixin.py:109} INFO - [2022-01-25 22:31:11,482] {dag.py:2935} INFO - Setting next_dagrun for example_subdag_operator.section-1 to None
[2022-01-25 22:31:11,482] {logging_mixin.py:109} INFO - [2022-01-25 22:31:11,482] {dag.py:2935} INFO - Setting next_dagrun for example_subdag_operator.section-2 to None
[2022-01-25 22:31:11,494] {processor.py:171} INFO - Processing /home/airflow/.local/lib/python3.7/site-packages/airflow/example_dags/example_subdag_operator.py took 0.224 seconds
[2022-01-25 22:31:41,590] {processor.py:163} INFO - Started process (PID=655) to work on /home/airflow/.local/lib/python3.7/site-packages/airflow/example_dags/example_subdag_operator.py
[2022-01-25 22:31:41,592] {processor.py:642} INFO - Processing file /home/airflow/.local/lib/python3.7/site-packages/airflow/example_dags/example_subdag_operator.py for tasks to queue
[2022-01-25 22:31:41,593] {logging_mixin.py:109} INFO - [2022-01-25 22:31:41,593] {dagbag.py:500} INFO - Filling up the DagBag from /home/airflow/.local/lib/python3.7/site-packages/airflow/example_dags/example_subdag_operator.py
[2022-01-25 22:31:41,629] {processor.py:654} INFO - DAG(s) dict_keys(['example_subdag_operator.section-1', 'example_subdag_operator.section-2', 'example_subdag_operator']) retrieved from /home/airflow/.local/lib/python3.7/site-packages/airflow/example_dags/example_subdag_operator.py
[2022-01-25 22:31:41,645] {logging_mixin.py:109} INFO - [2022-01-25 22:31:41,645] {dag.py:2396} INFO - Sync 3 DAGs
[2022-01-25 22:31:41,667] {logging_mixin.py:109} INFO - [2022-01-25 22:31:41,667] {dag.py:2935} INFO - Setting next_dagrun for example_subdag_operator to 2022-01-23T00:00:00+00:00
[2022-01-25 22:31:41,667] {logging_mixin.py:109} INFO - [2022-01-25 22:31:41,667] {dag.py:2935} INFO - Setting next_dagrun for example_subdag_operator.section-1 to None
[2022-01-25 22:31:41,667] {logging_mixin.py:109} INFO - [2022-01-25 22:31:41,667] {dag.py:2935} INFO - Setting next_dagrun for example_subdag_operator.section-2 to None
[2022-01-25 22:31:41,675] {logging_mixin.py:109} INFO - [2022-01-25 22:31:41,675] {dag.py:2396} INFO - Sync 2 DAGs
[2022-01-25 22:31:41,685] {logging_mixin.py:109} INFO - [2022-01-25 22:31:41,685] {dag.py:2935} INFO - Setting next_dagrun for example_subdag_operator.section-1 to None
[2022-01-25 22:31:41,685] {logging_mixin.py:109} INFO - [2022-01-25 22:31:41,685] {dag.py:2935} INFO - Setting next_dagrun for example_subdag_operator.section-2 to None
[2022-01-25 22:31:41,693] {processor.py:171} INFO - Processing /home/airflow/.local/lib/python3.7/site-packages/airflow/example_dags/example_subdag_operator.py took 0.106 seconds
