[2022-01-25 22:27:39,593] {processor.py:163} INFO - Started process (PID=184) to work on /home/airflow/.local/lib/python3.7/site-packages/airflow/example_dags/example_short_circuit_operator.py
[2022-01-25 22:27:39,595] {processor.py:642} INFO - Processing file /home/airflow/.local/lib/python3.7/site-packages/airflow/example_dags/example_short_circuit_operator.py for tasks to queue
[2022-01-25 22:27:39,596] {logging_mixin.py:109} INFO - [2022-01-25 22:27:39,595] {dagbag.py:500} INFO - Filling up the DagBag from /home/airflow/.local/lib/python3.7/site-packages/airflow/example_dags/example_short_circuit_operator.py
[2022-01-25 22:27:39,669] {processor.py:654} INFO - DAG(s) dict_keys(['example_short_circuit_operator']) retrieved from /home/airflow/.local/lib/python3.7/site-packages/airflow/example_dags/example_short_circuit_operator.py
[2022-01-25 22:27:44,155] {logging_mixin.py:109} INFO - [2022-01-25 22:27:44,155] {manager.py:496} INFO - Created Permission View: can read on DAG:example_short_circuit_operator
[2022-01-25 22:27:44,185] {logging_mixin.py:109} INFO - [2022-01-25 22:27:44,185] {manager.py:496} INFO - Created Permission View: can edit on DAG:example_short_circuit_operator
[2022-01-25 22:27:44,186] {logging_mixin.py:109} INFO - [2022-01-25 22:27:44,186] {dag.py:2396} INFO - Sync 1 DAGs
[2022-01-25 22:27:44,249] {logging_mixin.py:109} INFO - [2022-01-25 22:27:44,248] {dag.py:2415} INFO - Creating ORM DAG for example_short_circuit_operator
[2022-01-25 22:27:44,314] {logging_mixin.py:109} INFO - [2022-01-25 22:27:44,314] {dag.py:2935} INFO - Setting next_dagrun for example_short_circuit_operator to 2022-01-24T22:27:44.314077+00:00
[2022-01-25 22:27:44,383] {processor.py:171} INFO - Processing /home/airflow/.local/lib/python3.7/site-packages/airflow/example_dags/example_short_circuit_operator.py took 4.797 seconds
[2022-01-25 22:28:14,536] {processor.py:163} INFO - Started process (PID=281) to work on /home/airflow/.local/lib/python3.7/site-packages/airflow/example_dags/example_short_circuit_operator.py
[2022-01-25 22:28:14,542] {processor.py:642} INFO - Processing file /home/airflow/.local/lib/python3.7/site-packages/airflow/example_dags/example_short_circuit_operator.py for tasks to queue
[2022-01-25 22:28:14,544] {logging_mixin.py:109} INFO - [2022-01-25 22:28:14,544] {dagbag.py:500} INFO - Filling up the DagBag from /home/airflow/.local/lib/python3.7/site-packages/airflow/example_dags/example_short_circuit_operator.py
[2022-01-25 22:28:14,585] {processor.py:654} INFO - DAG(s) dict_keys(['example_short_circuit_operator']) retrieved from /home/airflow/.local/lib/python3.7/site-packages/airflow/example_dags/example_short_circuit_operator.py
[2022-01-25 22:28:14,597] {logging_mixin.py:109} INFO - [2022-01-25 22:28:14,597] {dag.py:2396} INFO - Sync 1 DAGs
[2022-01-25 22:28:14,617] {logging_mixin.py:109} INFO - [2022-01-25 22:28:14,617] {dag.py:2935} INFO - Setting next_dagrun for example_short_circuit_operator to 2022-01-24T22:28:14.617209+00:00
[2022-01-25 22:28:14,630] {processor.py:171} INFO - Processing /home/airflow/.local/lib/python3.7/site-packages/airflow/example_dags/example_short_circuit_operator.py took 0.103 seconds
[2022-01-25 22:28:44,974] {processor.py:163} INFO - Started process (PID=335) to work on /home/airflow/.local/lib/python3.7/site-packages/airflow/example_dags/example_short_circuit_operator.py
[2022-01-25 22:28:44,975] {processor.py:642} INFO - Processing file /home/airflow/.local/lib/python3.7/site-packages/airflow/example_dags/example_short_circuit_operator.py for tasks to queue
[2022-01-25 22:28:44,976] {logging_mixin.py:109} INFO - [2022-01-25 22:28:44,976] {dagbag.py:500} INFO - Filling up the DagBag from /home/airflow/.local/lib/python3.7/site-packages/airflow/example_dags/example_short_circuit_operator.py
[2022-01-25 22:28:45,003] {processor.py:654} INFO - DAG(s) dict_keys(['example_short_circuit_operator']) retrieved from /home/airflow/.local/lib/python3.7/site-packages/airflow/example_dags/example_short_circuit_operator.py
[2022-01-25 22:28:45,014] {logging_mixin.py:109} INFO - [2022-01-25 22:28:45,013] {dag.py:2396} INFO - Sync 1 DAGs
[2022-01-25 22:28:45,034] {logging_mixin.py:109} INFO - [2022-01-25 22:28:45,034] {dag.py:2935} INFO - Setting next_dagrun for example_short_circuit_operator to 2022-01-24T22:28:45.034293+00:00
[2022-01-25 22:28:45,044] {processor.py:171} INFO - Processing /home/airflow/.local/lib/python3.7/site-packages/airflow/example_dags/example_short_circuit_operator.py took 0.074 seconds
[2022-01-25 22:29:15,280] {processor.py:163} INFO - Started process (PID=387) to work on /home/airflow/.local/lib/python3.7/site-packages/airflow/example_dags/example_short_circuit_operator.py
[2022-01-25 22:29:15,283] {processor.py:642} INFO - Processing file /home/airflow/.local/lib/python3.7/site-packages/airflow/example_dags/example_short_circuit_operator.py for tasks to queue
[2022-01-25 22:29:15,285] {logging_mixin.py:109} INFO - [2022-01-25 22:29:15,284] {dagbag.py:500} INFO - Filling up the DagBag from /home/airflow/.local/lib/python3.7/site-packages/airflow/example_dags/example_short_circuit_operator.py
[2022-01-25 22:29:15,316] {processor.py:654} INFO - DAG(s) dict_keys(['example_short_circuit_operator']) retrieved from /home/airflow/.local/lib/python3.7/site-packages/airflow/example_dags/example_short_circuit_operator.py
[2022-01-25 22:29:15,328] {logging_mixin.py:109} INFO - [2022-01-25 22:29:15,327] {dag.py:2396} INFO - Sync 1 DAGs
[2022-01-25 22:29:15,344] {logging_mixin.py:109} INFO - [2022-01-25 22:29:15,344] {dag.py:2935} INFO - Setting next_dagrun for example_short_circuit_operator to 2022-01-24T22:29:15.343913+00:00
[2022-01-25 22:29:15,354] {processor.py:171} INFO - Processing /home/airflow/.local/lib/python3.7/site-packages/airflow/example_dags/example_short_circuit_operator.py took 0.083 seconds
[2022-01-25 22:29:45,514] {processor.py:163} INFO - Started process (PID=448) to work on /home/airflow/.local/lib/python3.7/site-packages/airflow/example_dags/example_short_circuit_operator.py
[2022-01-25 22:29:45,516] {processor.py:642} INFO - Processing file /home/airflow/.local/lib/python3.7/site-packages/airflow/example_dags/example_short_circuit_operator.py for tasks to queue
[2022-01-25 22:29:45,516] {logging_mixin.py:109} INFO - [2022-01-25 22:29:45,516] {dagbag.py:500} INFO - Filling up the DagBag from /home/airflow/.local/lib/python3.7/site-packages/airflow/example_dags/example_short_circuit_operator.py
[2022-01-25 22:29:45,543] {processor.py:654} INFO - DAG(s) dict_keys(['example_short_circuit_operator']) retrieved from /home/airflow/.local/lib/python3.7/site-packages/airflow/example_dags/example_short_circuit_operator.py
[2022-01-25 22:29:45,556] {logging_mixin.py:109} INFO - [2022-01-25 22:29:45,556] {dag.py:2396} INFO - Sync 1 DAGs
[2022-01-25 22:29:45,575] {logging_mixin.py:109} INFO - [2022-01-25 22:29:45,574] {dag.py:2935} INFO - Setting next_dagrun for example_short_circuit_operator to 2022-01-24T22:29:45.574742+00:00
[2022-01-25 22:29:45,585] {processor.py:171} INFO - Processing /home/airflow/.local/lib/python3.7/site-packages/airflow/example_dags/example_short_circuit_operator.py took 0.073 seconds
[2022-01-25 22:30:15,868] {processor.py:163} INFO - Started process (PID=498) to work on /home/airflow/.local/lib/python3.7/site-packages/airflow/example_dags/example_short_circuit_operator.py
[2022-01-25 22:30:15,872] {processor.py:642} INFO - Processing file /home/airflow/.local/lib/python3.7/site-packages/airflow/example_dags/example_short_circuit_operator.py for tasks to queue
[2022-01-25 22:30:15,874] {logging_mixin.py:109} INFO - [2022-01-25 22:30:15,874] {dagbag.py:500} INFO - Filling up the DagBag from /home/airflow/.local/lib/python3.7/site-packages/airflow/example_dags/example_short_circuit_operator.py
[2022-01-25 22:30:15,907] {processor.py:654} INFO - DAG(s) dict_keys(['example_short_circuit_operator']) retrieved from /home/airflow/.local/lib/python3.7/site-packages/airflow/example_dags/example_short_circuit_operator.py
[2022-01-25 22:30:15,917] {logging_mixin.py:109} INFO - [2022-01-25 22:30:15,917] {dag.py:2396} INFO - Sync 1 DAGs
[2022-01-25 22:30:15,933] {logging_mixin.py:109} INFO - [2022-01-25 22:30:15,933] {dag.py:2935} INFO - Setting next_dagrun for example_short_circuit_operator to 2022-01-24T22:30:15.933235+00:00
[2022-01-25 22:30:15,946] {processor.py:171} INFO - Processing /home/airflow/.local/lib/python3.7/site-packages/airflow/example_dags/example_short_circuit_operator.py took 0.081 seconds
[2022-01-25 22:30:45,986] {processor.py:163} INFO - Started process (PID=549) to work on /home/airflow/.local/lib/python3.7/site-packages/airflow/example_dags/example_short_circuit_operator.py
[2022-01-25 22:30:45,988] {processor.py:642} INFO - Processing file /home/airflow/.local/lib/python3.7/site-packages/airflow/example_dags/example_short_circuit_operator.py for tasks to queue
[2022-01-25 22:30:45,989] {logging_mixin.py:109} INFO - [2022-01-25 22:30:45,989] {dagbag.py:500} INFO - Filling up the DagBag from /home/airflow/.local/lib/python3.7/site-packages/airflow/example_dags/example_short_circuit_operator.py
[2022-01-25 22:30:46,021] {processor.py:654} INFO - DAG(s) dict_keys(['example_short_circuit_operator']) retrieved from /home/airflow/.local/lib/python3.7/site-packages/airflow/example_dags/example_short_circuit_operator.py
[2022-01-25 22:30:46,035] {logging_mixin.py:109} INFO - [2022-01-25 22:30:46,035] {dag.py:2396} INFO - Sync 1 DAGs
[2022-01-25 22:30:46,058] {logging_mixin.py:109} INFO - [2022-01-25 22:30:46,058] {dag.py:2935} INFO - Setting next_dagrun for example_short_circuit_operator to 2022-01-24T22:30:46.058065+00:00
[2022-01-25 22:30:46,071] {processor.py:171} INFO - Processing /home/airflow/.local/lib/python3.7/site-packages/airflow/example_dags/example_short_circuit_operator.py took 0.089 seconds
[2022-01-25 22:31:16,133] {processor.py:163} INFO - Started process (PID=600) to work on /home/airflow/.local/lib/python3.7/site-packages/airflow/example_dags/example_short_circuit_operator.py
[2022-01-25 22:31:16,136] {processor.py:642} INFO - Processing file /home/airflow/.local/lib/python3.7/site-packages/airflow/example_dags/example_short_circuit_operator.py for tasks to queue
[2022-01-25 22:31:16,137] {logging_mixin.py:109} INFO - [2022-01-25 22:31:16,136] {dagbag.py:500} INFO - Filling up the DagBag from /home/airflow/.local/lib/python3.7/site-packages/airflow/example_dags/example_short_circuit_operator.py
[2022-01-25 22:31:16,193] {processor.py:654} INFO - DAG(s) dict_keys(['example_short_circuit_operator']) retrieved from /home/airflow/.local/lib/python3.7/site-packages/airflow/example_dags/example_short_circuit_operator.py
[2022-01-25 22:31:16,213] {logging_mixin.py:109} INFO - [2022-01-25 22:31:16,213] {dag.py:2396} INFO - Sync 1 DAGs
[2022-01-25 22:31:16,240] {logging_mixin.py:109} INFO - [2022-01-25 22:31:16,239] {dag.py:2935} INFO - Setting next_dagrun for example_short_circuit_operator to 2022-01-24T22:31:16.239154+00:00
[2022-01-25 22:31:16,255] {processor.py:171} INFO - Processing /home/airflow/.local/lib/python3.7/site-packages/airflow/example_dags/example_short_circuit_operator.py took 0.125 seconds
[2022-01-25 22:31:47,194] {processor.py:163} INFO - Started process (PID=667) to work on /home/airflow/.local/lib/python3.7/site-packages/airflow/example_dags/example_short_circuit_operator.py
[2022-01-25 22:31:47,196] {processor.py:642} INFO - Processing file /home/airflow/.local/lib/python3.7/site-packages/airflow/example_dags/example_short_circuit_operator.py for tasks to queue
[2022-01-25 22:31:47,197] {logging_mixin.py:109} INFO - [2022-01-25 22:31:47,196] {dagbag.py:500} INFO - Filling up the DagBag from /home/airflow/.local/lib/python3.7/site-packages/airflow/example_dags/example_short_circuit_operator.py
[2022-01-25 22:31:47,230] {processor.py:654} INFO - DAG(s) dict_keys(['example_short_circuit_operator']) retrieved from /home/airflow/.local/lib/python3.7/site-packages/airflow/example_dags/example_short_circuit_operator.py
[2022-01-25 22:31:47,245] {logging_mixin.py:109} INFO - [2022-01-25 22:31:47,245] {dag.py:2396} INFO - Sync 1 DAGs
[2022-01-25 22:31:47,274] {logging_mixin.py:109} INFO - [2022-01-25 22:31:47,274] {dag.py:2935} INFO - Setting next_dagrun for example_short_circuit_operator to 2022-01-24T22:31:47.273745+00:00
[2022-01-25 22:31:47,287] {processor.py:171} INFO - Processing /home/airflow/.local/lib/python3.7/site-packages/airflow/example_dags/example_short_circuit_operator.py took 0.096 seconds
