[2022-01-25 22:27:32,518] {processor.py:163} INFO - Started process (PID=164) to work on /home/airflow/.local/lib/python3.7/site-packages/airflow/example_dags/example_nested_branch_dag.py
[2022-01-25 22:27:32,519] {processor.py:642} INFO - Processing file /home/airflow/.local/lib/python3.7/site-packages/airflow/example_dags/example_nested_branch_dag.py for tasks to queue
[2022-01-25 22:27:32,520] {logging_mixin.py:109} INFO - [2022-01-25 22:27:32,520] {dagbag.py:500} INFO - Filling up the DagBag from /home/airflow/.local/lib/python3.7/site-packages/airflow/example_dags/example_nested_branch_dag.py
[2022-01-25 22:27:32,565] {processor.py:654} INFO - DAG(s) dict_keys(['example_nested_branch_dag']) retrieved from /home/airflow/.local/lib/python3.7/site-packages/airflow/example_dags/example_nested_branch_dag.py
[2022-01-25 22:27:35,349] {logging_mixin.py:109} INFO - [2022-01-25 22:27:35,349] {manager.py:496} INFO - Created Permission View: can read on DAG:example_nested_branch_dag
[2022-01-25 22:27:35,361] {logging_mixin.py:109} INFO - [2022-01-25 22:27:35,361] {manager.py:496} INFO - Created Permission View: can edit on DAG:example_nested_branch_dag
[2022-01-25 22:27:35,361] {logging_mixin.py:109} INFO - [2022-01-25 22:27:35,361] {dag.py:2396} INFO - Sync 1 DAGs
[2022-01-25 22:27:35,371] {logging_mixin.py:109} INFO - [2022-01-25 22:27:35,371] {dag.py:2415} INFO - Creating ORM DAG for example_nested_branch_dag
[2022-01-25 22:27:35,384] {logging_mixin.py:109} INFO - [2022-01-25 22:27:35,384] {dag.py:2935} INFO - Setting next_dagrun for example_nested_branch_dag to 2022-01-24 00:00:00+00:00
[2022-01-25 22:27:35,400] {processor.py:171} INFO - Processing /home/airflow/.local/lib/python3.7/site-packages/airflow/example_dags/example_nested_branch_dag.py took 2.886 seconds
[2022-01-25 22:28:09,155] {processor.py:163} INFO - Started process (PID=277) to work on /home/airflow/.local/lib/python3.7/site-packages/airflow/example_dags/example_nested_branch_dag.py
[2022-01-25 22:28:09,157] {processor.py:642} INFO - Processing file /home/airflow/.local/lib/python3.7/site-packages/airflow/example_dags/example_nested_branch_dag.py for tasks to queue
[2022-01-25 22:28:09,158] {logging_mixin.py:109} INFO - [2022-01-25 22:28:09,158] {dagbag.py:500} INFO - Filling up the DagBag from /home/airflow/.local/lib/python3.7/site-packages/airflow/example_dags/example_nested_branch_dag.py
[2022-01-25 22:28:09,199] {processor.py:654} INFO - DAG(s) dict_keys(['example_nested_branch_dag']) retrieved from /home/airflow/.local/lib/python3.7/site-packages/airflow/example_dags/example_nested_branch_dag.py
[2022-01-25 22:28:09,215] {logging_mixin.py:109} INFO - [2022-01-25 22:28:09,215] {dag.py:2396} INFO - Sync 1 DAGs
[2022-01-25 22:28:09,244] {logging_mixin.py:109} INFO - [2022-01-25 22:28:09,244] {dag.py:2935} INFO - Setting next_dagrun for example_nested_branch_dag to 2022-01-24 00:00:00+00:00
[2022-01-25 22:28:09,281] {processor.py:171} INFO - Processing /home/airflow/.local/lib/python3.7/site-packages/airflow/example_dags/example_nested_branch_dag.py took 0.130 seconds
[2022-01-25 22:28:39,360] {processor.py:163} INFO - Started process (PID=330) to work on /home/airflow/.local/lib/python3.7/site-packages/airflow/example_dags/example_nested_branch_dag.py
[2022-01-25 22:28:39,361] {processor.py:642} INFO - Processing file /home/airflow/.local/lib/python3.7/site-packages/airflow/example_dags/example_nested_branch_dag.py for tasks to queue
[2022-01-25 22:28:39,361] {logging_mixin.py:109} INFO - [2022-01-25 22:28:39,361] {dagbag.py:500} INFO - Filling up the DagBag from /home/airflow/.local/lib/python3.7/site-packages/airflow/example_dags/example_nested_branch_dag.py
[2022-01-25 22:28:39,388] {processor.py:654} INFO - DAG(s) dict_keys(['example_nested_branch_dag']) retrieved from /home/airflow/.local/lib/python3.7/site-packages/airflow/example_dags/example_nested_branch_dag.py
[2022-01-25 22:28:39,399] {logging_mixin.py:109} INFO - [2022-01-25 22:28:39,399] {dag.py:2396} INFO - Sync 1 DAGs
[2022-01-25 22:28:39,417] {logging_mixin.py:109} INFO - [2022-01-25 22:28:39,416] {dag.py:2935} INFO - Setting next_dagrun for example_nested_branch_dag to 2022-01-24 00:00:00+00:00
[2022-01-25 22:28:39,427] {processor.py:171} INFO - Processing /home/airflow/.local/lib/python3.7/site-packages/airflow/example_dags/example_nested_branch_dag.py took 0.070 seconds
[2022-01-25 22:29:10,612] {processor.py:163} INFO - Started process (PID=383) to work on /home/airflow/.local/lib/python3.7/site-packages/airflow/example_dags/example_nested_branch_dag.py
[2022-01-25 22:29:10,614] {processor.py:642} INFO - Processing file /home/airflow/.local/lib/python3.7/site-packages/airflow/example_dags/example_nested_branch_dag.py for tasks to queue
[2022-01-25 22:29:10,614] {logging_mixin.py:109} INFO - [2022-01-25 22:29:10,614] {dagbag.py:500} INFO - Filling up the DagBag from /home/airflow/.local/lib/python3.7/site-packages/airflow/example_dags/example_nested_branch_dag.py
[2022-01-25 22:29:10,647] {processor.py:654} INFO - DAG(s) dict_keys(['example_nested_branch_dag']) retrieved from /home/airflow/.local/lib/python3.7/site-packages/airflow/example_dags/example_nested_branch_dag.py
[2022-01-25 22:29:10,660] {logging_mixin.py:109} INFO - [2022-01-25 22:29:10,660] {dag.py:2396} INFO - Sync 1 DAGs
[2022-01-25 22:29:10,681] {logging_mixin.py:109} INFO - [2022-01-25 22:29:10,681] {dag.py:2935} INFO - Setting next_dagrun for example_nested_branch_dag to 2022-01-24 00:00:00+00:00
[2022-01-25 22:29:10,694] {processor.py:171} INFO - Processing /home/airflow/.local/lib/python3.7/site-packages/airflow/example_dags/example_nested_branch_dag.py took 0.085 seconds
[2022-01-25 22:29:40,993] {processor.py:163} INFO - Started process (PID=435) to work on /home/airflow/.local/lib/python3.7/site-packages/airflow/example_dags/example_nested_branch_dag.py
[2022-01-25 22:29:40,994] {processor.py:642} INFO - Processing file /home/airflow/.local/lib/python3.7/site-packages/airflow/example_dags/example_nested_branch_dag.py for tasks to queue
[2022-01-25 22:29:40,994] {logging_mixin.py:109} INFO - [2022-01-25 22:29:40,994] {dagbag.py:500} INFO - Filling up the DagBag from /home/airflow/.local/lib/python3.7/site-packages/airflow/example_dags/example_nested_branch_dag.py
[2022-01-25 22:29:41,021] {processor.py:654} INFO - DAG(s) dict_keys(['example_nested_branch_dag']) retrieved from /home/airflow/.local/lib/python3.7/site-packages/airflow/example_dags/example_nested_branch_dag.py
[2022-01-25 22:29:41,033] {logging_mixin.py:109} INFO - [2022-01-25 22:29:41,033] {dag.py:2396} INFO - Sync 1 DAGs
[2022-01-25 22:29:41,052] {logging_mixin.py:109} INFO - [2022-01-25 22:29:41,052] {dag.py:2935} INFO - Setting next_dagrun for example_nested_branch_dag to 2022-01-24 00:00:00+00:00
[2022-01-25 22:29:41,062] {processor.py:171} INFO - Processing /home/airflow/.local/lib/python3.7/site-packages/airflow/example_dags/example_nested_branch_dag.py took 0.072 seconds
[2022-01-25 22:30:12,058] {processor.py:163} INFO - Started process (PID=494) to work on /home/airflow/.local/lib/python3.7/site-packages/airflow/example_dags/example_nested_branch_dag.py
[2022-01-25 22:30:12,059] {processor.py:642} INFO - Processing file /home/airflow/.local/lib/python3.7/site-packages/airflow/example_dags/example_nested_branch_dag.py for tasks to queue
[2022-01-25 22:30:12,060] {logging_mixin.py:109} INFO - [2022-01-25 22:30:12,060] {dagbag.py:500} INFO - Filling up the DagBag from /home/airflow/.local/lib/python3.7/site-packages/airflow/example_dags/example_nested_branch_dag.py
[2022-01-25 22:30:12,100] {processor.py:654} INFO - DAG(s) dict_keys(['example_nested_branch_dag']) retrieved from /home/airflow/.local/lib/python3.7/site-packages/airflow/example_dags/example_nested_branch_dag.py
[2022-01-25 22:30:12,116] {logging_mixin.py:109} INFO - [2022-01-25 22:30:12,116] {dag.py:2396} INFO - Sync 1 DAGs
[2022-01-25 22:30:12,141] {logging_mixin.py:109} INFO - [2022-01-25 22:30:12,141] {dag.py:2935} INFO - Setting next_dagrun for example_nested_branch_dag to 2022-01-24 00:00:00+00:00
[2022-01-25 22:30:12,153] {processor.py:171} INFO - Processing /home/airflow/.local/lib/python3.7/site-packages/airflow/example_dags/example_nested_branch_dag.py took 0.099 seconds
[2022-01-25 22:30:43,209] {processor.py:163} INFO - Started process (PID=544) to work on /home/airflow/.local/lib/python3.7/site-packages/airflow/example_dags/example_nested_branch_dag.py
[2022-01-25 22:30:43,210] {processor.py:642} INFO - Processing file /home/airflow/.local/lib/python3.7/site-packages/airflow/example_dags/example_nested_branch_dag.py for tasks to queue
[2022-01-25 22:30:43,211] {logging_mixin.py:109} INFO - [2022-01-25 22:30:43,211] {dagbag.py:500} INFO - Filling up the DagBag from /home/airflow/.local/lib/python3.7/site-packages/airflow/example_dags/example_nested_branch_dag.py
[2022-01-25 22:30:43,241] {processor.py:654} INFO - DAG(s) dict_keys(['example_nested_branch_dag']) retrieved from /home/airflow/.local/lib/python3.7/site-packages/airflow/example_dags/example_nested_branch_dag.py
[2022-01-25 22:30:43,255] {logging_mixin.py:109} INFO - [2022-01-25 22:30:43,255] {dag.py:2396} INFO - Sync 1 DAGs
[2022-01-25 22:30:43,278] {logging_mixin.py:109} INFO - [2022-01-25 22:30:43,278] {dag.py:2935} INFO - Setting next_dagrun for example_nested_branch_dag to 2022-01-24 00:00:00+00:00
[2022-01-25 22:30:43,288] {processor.py:171} INFO - Processing /home/airflow/.local/lib/python3.7/site-packages/airflow/example_dags/example_nested_branch_dag.py took 0.082 seconds
[2022-01-25 22:31:15,398] {processor.py:163} INFO - Started process (PID=595) to work on /home/airflow/.local/lib/python3.7/site-packages/airflow/example_dags/example_nested_branch_dag.py
[2022-01-25 22:31:15,414] {processor.py:642} INFO - Processing file /home/airflow/.local/lib/python3.7/site-packages/airflow/example_dags/example_nested_branch_dag.py for tasks to queue
[2022-01-25 22:31:15,415] {logging_mixin.py:109} INFO - [2022-01-25 22:31:15,415] {dagbag.py:500} INFO - Filling up the DagBag from /home/airflow/.local/lib/python3.7/site-packages/airflow/example_dags/example_nested_branch_dag.py
[2022-01-25 22:31:15,508] {processor.py:654} INFO - DAG(s) dict_keys(['example_nested_branch_dag']) retrieved from /home/airflow/.local/lib/python3.7/site-packages/airflow/example_dags/example_nested_branch_dag.py
[2022-01-25 22:31:15,525] {logging_mixin.py:109} INFO - [2022-01-25 22:31:15,524] {dag.py:2396} INFO - Sync 1 DAGs
[2022-01-25 22:31:15,552] {logging_mixin.py:109} INFO - [2022-01-25 22:31:15,552] {dag.py:2935} INFO - Setting next_dagrun for example_nested_branch_dag to 2022-01-24 00:00:00+00:00
[2022-01-25 22:31:15,588] {processor.py:171} INFO - Processing /home/airflow/.local/lib/python3.7/site-packages/airflow/example_dags/example_nested_branch_dag.py took 0.200 seconds
[2022-01-25 22:31:45,813] {processor.py:163} INFO - Started process (PID=662) to work on /home/airflow/.local/lib/python3.7/site-packages/airflow/example_dags/example_nested_branch_dag.py
[2022-01-25 22:31:45,815] {processor.py:642} INFO - Processing file /home/airflow/.local/lib/python3.7/site-packages/airflow/example_dags/example_nested_branch_dag.py for tasks to queue
[2022-01-25 22:31:45,816] {logging_mixin.py:109} INFO - [2022-01-25 22:31:45,815] {dagbag.py:500} INFO - Filling up the DagBag from /home/airflow/.local/lib/python3.7/site-packages/airflow/example_dags/example_nested_branch_dag.py
[2022-01-25 22:31:45,855] {processor.py:654} INFO - DAG(s) dict_keys(['example_nested_branch_dag']) retrieved from /home/airflow/.local/lib/python3.7/site-packages/airflow/example_dags/example_nested_branch_dag.py
[2022-01-25 22:31:45,869] {logging_mixin.py:109} INFO - [2022-01-25 22:31:45,869] {dag.py:2396} INFO - Sync 1 DAGs
[2022-01-25 22:31:45,894] {logging_mixin.py:109} INFO - [2022-01-25 22:31:45,894] {dag.py:2935} INFO - Setting next_dagrun for example_nested_branch_dag to 2022-01-24 00:00:00+00:00
[2022-01-25 22:31:45,906] {processor.py:171} INFO - Processing /home/airflow/.local/lib/python3.7/site-packages/airflow/example_dags/example_nested_branch_dag.py took 0.097 seconds
