[2022-01-25 22:26:57,486] {processor.py:163} INFO - Started process (PID=90) to work on /home/airflow/.local/lib/python3.7/site-packages/airflow/example_dags/example_complex.py
[2022-01-25 22:26:57,487] {processor.py:642} INFO - Processing file /home/airflow/.local/lib/python3.7/site-packages/airflow/example_dags/example_complex.py for tasks to queue
[2022-01-25 22:26:57,488] {logging_mixin.py:109} INFO - [2022-01-25 22:26:57,488] {dagbag.py:500} INFO - Filling up the DagBag from /home/airflow/.local/lib/python3.7/site-packages/airflow/example_dags/example_complex.py
[2022-01-25 22:26:57,780] {processor.py:654} INFO - DAG(s) dict_keys(['example_complex']) retrieved from /home/airflow/.local/lib/python3.7/site-packages/airflow/example_dags/example_complex.py
[2022-01-25 22:27:12,607] {logging_mixin.py:109} INFO - [2022-01-25 22:27:12,607] {manager.py:496} INFO - Created Permission View: can read on DAG:example_complex
[2022-01-25 22:27:12,638] {logging_mixin.py:109} INFO - [2022-01-25 22:27:12,638] {manager.py:496} INFO - Created Permission View: can edit on DAG:example_complex
[2022-01-25 22:27:12,639] {logging_mixin.py:109} INFO - [2022-01-25 22:27:12,639] {dag.py:2396} INFO - Sync 1 DAGs
[2022-01-25 22:27:12,692] {logging_mixin.py:109} INFO - [2022-01-25 22:27:12,691] {dag.py:2415} INFO - Creating ORM DAG for example_complex
[2022-01-25 22:27:12,760] {logging_mixin.py:109} INFO - [2022-01-25 22:27:12,760] {dag.py:2935} INFO - Setting next_dagrun for example_complex to None
[2022-01-25 22:27:12,807] {processor.py:171} INFO - Processing /home/airflow/.local/lib/python3.7/site-packages/airflow/example_dags/example_complex.py took 15.342 seconds
[2022-01-25 22:28:06,749] {processor.py:163} INFO - Started process (PID=267) to work on /home/airflow/.local/lib/python3.7/site-packages/airflow/example_dags/example_complex.py
[2022-01-25 22:28:06,751] {processor.py:642} INFO - Processing file /home/airflow/.local/lib/python3.7/site-packages/airflow/example_dags/example_complex.py for tasks to queue
[2022-01-25 22:28:06,751] {logging_mixin.py:109} INFO - [2022-01-25 22:28:06,751] {dagbag.py:500} INFO - Filling up the DagBag from /home/airflow/.local/lib/python3.7/site-packages/airflow/example_dags/example_complex.py
[2022-01-25 22:28:06,802] {processor.py:654} INFO - DAG(s) dict_keys(['example_complex']) retrieved from /home/airflow/.local/lib/python3.7/site-packages/airflow/example_dags/example_complex.py
[2022-01-25 22:28:06,827] {logging_mixin.py:109} INFO - [2022-01-25 22:28:06,826] {dag.py:2396} INFO - Sync 1 DAGs
[2022-01-25 22:28:06,848] {logging_mixin.py:109} INFO - [2022-01-25 22:28:06,848] {dag.py:2935} INFO - Setting next_dagrun for example_complex to None
[2022-01-25 22:28:06,861] {processor.py:171} INFO - Processing /home/airflow/.local/lib/python3.7/site-packages/airflow/example_dags/example_complex.py took 0.115 seconds
[2022-01-25 22:28:37,107] {processor.py:163} INFO - Started process (PID=320) to work on /home/airflow/.local/lib/python3.7/site-packages/airflow/example_dags/example_complex.py
[2022-01-25 22:28:37,108] {processor.py:642} INFO - Processing file /home/airflow/.local/lib/python3.7/site-packages/airflow/example_dags/example_complex.py for tasks to queue
[2022-01-25 22:28:37,109] {logging_mixin.py:109} INFO - [2022-01-25 22:28:37,109] {dagbag.py:500} INFO - Filling up the DagBag from /home/airflow/.local/lib/python3.7/site-packages/airflow/example_dags/example_complex.py
[2022-01-25 22:28:37,156] {processor.py:654} INFO - DAG(s) dict_keys(['example_complex']) retrieved from /home/airflow/.local/lib/python3.7/site-packages/airflow/example_dags/example_complex.py
[2022-01-25 22:28:37,181] {logging_mixin.py:109} INFO - [2022-01-25 22:28:37,181] {dag.py:2396} INFO - Sync 1 DAGs
[2022-01-25 22:28:37,203] {logging_mixin.py:109} INFO - [2022-01-25 22:28:37,203] {dag.py:2935} INFO - Setting next_dagrun for example_complex to None
[2022-01-25 22:28:37,217] {processor.py:171} INFO - Processing /home/airflow/.local/lib/python3.7/site-packages/airflow/example_dags/example_complex.py took 0.113 seconds
[2022-01-25 22:29:07,251] {processor.py:163} INFO - Started process (PID=372) to work on /home/airflow/.local/lib/python3.7/site-packages/airflow/example_dags/example_complex.py
[2022-01-25 22:29:07,252] {processor.py:642} INFO - Processing file /home/airflow/.local/lib/python3.7/site-packages/airflow/example_dags/example_complex.py for tasks to queue
[2022-01-25 22:29:07,253] {logging_mixin.py:109} INFO - [2022-01-25 22:29:07,253] {dagbag.py:500} INFO - Filling up the DagBag from /home/airflow/.local/lib/python3.7/site-packages/airflow/example_dags/example_complex.py
[2022-01-25 22:29:07,285] {processor.py:654} INFO - DAG(s) dict_keys(['example_complex']) retrieved from /home/airflow/.local/lib/python3.7/site-packages/airflow/example_dags/example_complex.py
[2022-01-25 22:29:07,309] {logging_mixin.py:109} INFO - [2022-01-25 22:29:07,309] {dag.py:2396} INFO - Sync 1 DAGs
[2022-01-25 22:29:07,328] {logging_mixin.py:109} INFO - [2022-01-25 22:29:07,328] {dag.py:2935} INFO - Setting next_dagrun for example_complex to None
[2022-01-25 22:29:07,338] {processor.py:171} INFO - Processing /home/airflow/.local/lib/python3.7/site-packages/airflow/example_dags/example_complex.py took 0.089 seconds
[2022-01-25 22:29:37,466] {processor.py:163} INFO - Started process (PID=422) to work on /home/airflow/.local/lib/python3.7/site-packages/airflow/example_dags/example_complex.py
[2022-01-25 22:29:37,468] {processor.py:642} INFO - Processing file /home/airflow/.local/lib/python3.7/site-packages/airflow/example_dags/example_complex.py for tasks to queue
[2022-01-25 22:29:37,469] {logging_mixin.py:109} INFO - [2022-01-25 22:29:37,469] {dagbag.py:500} INFO - Filling up the DagBag from /home/airflow/.local/lib/python3.7/site-packages/airflow/example_dags/example_complex.py
[2022-01-25 22:29:37,517] {processor.py:654} INFO - DAG(s) dict_keys(['example_complex']) retrieved from /home/airflow/.local/lib/python3.7/site-packages/airflow/example_dags/example_complex.py
[2022-01-25 22:29:37,543] {logging_mixin.py:109} INFO - [2022-01-25 22:29:37,543] {dag.py:2396} INFO - Sync 1 DAGs
[2022-01-25 22:29:37,566] {logging_mixin.py:109} INFO - [2022-01-25 22:29:37,566] {dag.py:2935} INFO - Setting next_dagrun for example_complex to None
[2022-01-25 22:29:37,580] {processor.py:171} INFO - Processing /home/airflow/.local/lib/python3.7/site-packages/airflow/example_dags/example_complex.py took 0.118 seconds
[2022-01-25 22:30:07,687] {processor.py:163} INFO - Started process (PID=472) to work on /home/airflow/.local/lib/python3.7/site-packages/airflow/example_dags/example_complex.py
[2022-01-25 22:30:07,688] {processor.py:642} INFO - Processing file /home/airflow/.local/lib/python3.7/site-packages/airflow/example_dags/example_complex.py for tasks to queue
[2022-01-25 22:30:07,689] {logging_mixin.py:109} INFO - [2022-01-25 22:30:07,689] {dagbag.py:500} INFO - Filling up the DagBag from /home/airflow/.local/lib/python3.7/site-packages/airflow/example_dags/example_complex.py
[2022-01-25 22:30:07,723] {processor.py:654} INFO - DAG(s) dict_keys(['example_complex']) retrieved from /home/airflow/.local/lib/python3.7/site-packages/airflow/example_dags/example_complex.py
[2022-01-25 22:30:07,741] {logging_mixin.py:109} INFO - [2022-01-25 22:30:07,741] {dag.py:2396} INFO - Sync 1 DAGs
[2022-01-25 22:30:07,759] {logging_mixin.py:109} INFO - [2022-01-25 22:30:07,759] {dag.py:2935} INFO - Setting next_dagrun for example_complex to None
[2022-01-25 22:30:07,768] {processor.py:171} INFO - Processing /home/airflow/.local/lib/python3.7/site-packages/airflow/example_dags/example_complex.py took 0.084 seconds
[2022-01-25 22:30:37,943] {processor.py:163} INFO - Started process (PID=532) to work on /home/airflow/.local/lib/python3.7/site-packages/airflow/example_dags/example_complex.py
[2022-01-25 22:30:37,945] {processor.py:642} INFO - Processing file /home/airflow/.local/lib/python3.7/site-packages/airflow/example_dags/example_complex.py for tasks to queue
[2022-01-25 22:30:37,946] {logging_mixin.py:109} INFO - [2022-01-25 22:30:37,946] {dagbag.py:500} INFO - Filling up the DagBag from /home/airflow/.local/lib/python3.7/site-packages/airflow/example_dags/example_complex.py
[2022-01-25 22:30:38,028] {processor.py:654} INFO - DAG(s) dict_keys(['example_complex']) retrieved from /home/airflow/.local/lib/python3.7/site-packages/airflow/example_dags/example_complex.py
[2022-01-25 22:30:38,055] {logging_mixin.py:109} INFO - [2022-01-25 22:30:38,055] {dag.py:2396} INFO - Sync 1 DAGs
[2022-01-25 22:30:38,076] {logging_mixin.py:109} INFO - [2022-01-25 22:30:38,076] {dag.py:2935} INFO - Setting next_dagrun for example_complex to None
[2022-01-25 22:30:38,087] {processor.py:171} INFO - Processing /home/airflow/.local/lib/python3.7/site-packages/airflow/example_dags/example_complex.py took 0.148 seconds
[2022-01-25 22:31:08,443] {processor.py:163} INFO - Started process (PID=582) to work on /home/airflow/.local/lib/python3.7/site-packages/airflow/example_dags/example_complex.py
[2022-01-25 22:31:08,450] {processor.py:642} INFO - Processing file /home/airflow/.local/lib/python3.7/site-packages/airflow/example_dags/example_complex.py for tasks to queue
[2022-01-25 22:31:08,452] {logging_mixin.py:109} INFO - [2022-01-25 22:31:08,451] {dagbag.py:500} INFO - Filling up the DagBag from /home/airflow/.local/lib/python3.7/site-packages/airflow/example_dags/example_complex.py
[2022-01-25 22:31:08,561] {processor.py:654} INFO - DAG(s) dict_keys(['example_complex']) retrieved from /home/airflow/.local/lib/python3.7/site-packages/airflow/example_dags/example_complex.py
[2022-01-25 22:31:08,643] {logging_mixin.py:109} INFO - [2022-01-25 22:31:08,643] {dag.py:2396} INFO - Sync 1 DAGs
[2022-01-25 22:31:08,716] {logging_mixin.py:109} INFO - [2022-01-25 22:31:08,715] {dag.py:2935} INFO - Setting next_dagrun for example_complex to None
[2022-01-25 22:31:08,744] {processor.py:171} INFO - Processing /home/airflow/.local/lib/python3.7/site-packages/airflow/example_dags/example_complex.py took 0.307 seconds
[2022-01-25 22:31:39,125] {processor.py:163} INFO - Started process (PID=649) to work on /home/airflow/.local/lib/python3.7/site-packages/airflow/example_dags/example_complex.py
[2022-01-25 22:31:39,127] {processor.py:642} INFO - Processing file /home/airflow/.local/lib/python3.7/site-packages/airflow/example_dags/example_complex.py for tasks to queue
[2022-01-25 22:31:39,129] {logging_mixin.py:109} INFO - [2022-01-25 22:31:39,129] {dagbag.py:500} INFO - Filling up the DagBag from /home/airflow/.local/lib/python3.7/site-packages/airflow/example_dags/example_complex.py
[2022-01-25 22:31:39,209] {processor.py:654} INFO - DAG(s) dict_keys(['example_complex']) retrieved from /home/airflow/.local/lib/python3.7/site-packages/airflow/example_dags/example_complex.py
[2022-01-25 22:31:39,245] {logging_mixin.py:109} INFO - [2022-01-25 22:31:39,245] {dag.py:2396} INFO - Sync 1 DAGs
[2022-01-25 22:31:39,275] {logging_mixin.py:109} INFO - [2022-01-25 22:31:39,275] {dag.py:2935} INFO - Setting next_dagrun for example_complex to None
[2022-01-25 22:31:39,288] {processor.py:171} INFO - Processing /home/airflow/.local/lib/python3.7/site-packages/airflow/example_dags/example_complex.py took 0.167 seconds
