[2022-01-25 22:27:24,324] {processor.py:163} INFO - Started process (PID=145) to work on /home/airflow/.local/lib/python3.7/site-packages/airflow/example_dags/example_task_group_decorator.py
[2022-01-25 22:27:24,325] {processor.py:642} INFO - Processing file /home/airflow/.local/lib/python3.7/site-packages/airflow/example_dags/example_task_group_decorator.py for tasks to queue
[2022-01-25 22:27:24,326] {logging_mixin.py:109} INFO - [2022-01-25 22:27:24,326] {dagbag.py:500} INFO - Filling up the DagBag from /home/airflow/.local/lib/python3.7/site-packages/airflow/example_dags/example_task_group_decorator.py
[2022-01-25 22:27:24,386] {processor.py:654} INFO - DAG(s) dict_keys(['example_task_group_decorator']) retrieved from /home/airflow/.local/lib/python3.7/site-packages/airflow/example_dags/example_task_group_decorator.py
[2022-01-25 22:27:32,426] {logging_mixin.py:109} INFO - [2022-01-25 22:27:32,426] {manager.py:496} INFO - Created Permission View: can read on DAG:example_task_group_decorator
[2022-01-25 22:27:32,438] {logging_mixin.py:109} INFO - [2022-01-25 22:27:32,438] {manager.py:496} INFO - Created Permission View: can edit on DAG:example_task_group_decorator
[2022-01-25 22:27:32,438] {logging_mixin.py:109} INFO - [2022-01-25 22:27:32,438] {dag.py:2396} INFO - Sync 1 DAGs
[2022-01-25 22:27:32,449] {logging_mixin.py:109} INFO - [2022-01-25 22:27:32,449] {dag.py:2415} INFO - Creating ORM DAG for example_task_group_decorator
[2022-01-25 22:27:32,461] {logging_mixin.py:109} INFO - [2022-01-25 22:27:32,461] {dag.py:2935} INFO - Setting next_dagrun for example_task_group_decorator to 2022-01-24T22:27:32.461069+00:00
[2022-01-25 22:27:32,479] {processor.py:171} INFO - Processing /home/airflow/.local/lib/python3.7/site-packages/airflow/example_dags/example_task_group_decorator.py took 8.157 seconds
[2022-01-25 22:28:08,652] {processor.py:163} INFO - Started process (PID=275) to work on /home/airflow/.local/lib/python3.7/site-packages/airflow/example_dags/example_task_group_decorator.py
[2022-01-25 22:28:08,654] {processor.py:642} INFO - Processing file /home/airflow/.local/lib/python3.7/site-packages/airflow/example_dags/example_task_group_decorator.py for tasks to queue
[2022-01-25 22:28:08,655] {logging_mixin.py:109} INFO - [2022-01-25 22:28:08,654] {dagbag.py:500} INFO - Filling up the DagBag from /home/airflow/.local/lib/python3.7/site-packages/airflow/example_dags/example_task_group_decorator.py
[2022-01-25 22:28:08,717] {processor.py:654} INFO - DAG(s) dict_keys(['example_task_group_decorator']) retrieved from /home/airflow/.local/lib/python3.7/site-packages/airflow/example_dags/example_task_group_decorator.py
[2022-01-25 22:28:09,305] {logging_mixin.py:109} INFO - [2022-01-25 22:28:09,305] {dag.py:2396} INFO - Sync 1 DAGs
[2022-01-25 22:28:09,334] {logging_mixin.py:109} INFO - [2022-01-25 22:28:09,333] {dag.py:2935} INFO - Setting next_dagrun for example_task_group_decorator to 2022-01-24T22:28:09.333572+00:00
[2022-01-25 22:28:09,353] {processor.py:171} INFO - Processing /home/airflow/.local/lib/python3.7/site-packages/airflow/example_dags/example_task_group_decorator.py took 0.705 seconds
[2022-01-25 22:28:39,443] {processor.py:163} INFO - Started process (PID=331) to work on /home/airflow/.local/lib/python3.7/site-packages/airflow/example_dags/example_task_group_decorator.py
[2022-01-25 22:28:39,445] {processor.py:642} INFO - Processing file /home/airflow/.local/lib/python3.7/site-packages/airflow/example_dags/example_task_group_decorator.py for tasks to queue
[2022-01-25 22:28:39,445] {logging_mixin.py:109} INFO - [2022-01-25 22:28:39,445] {dagbag.py:500} INFO - Filling up the DagBag from /home/airflow/.local/lib/python3.7/site-packages/airflow/example_dags/example_task_group_decorator.py
[2022-01-25 22:28:39,487] {processor.py:654} INFO - DAG(s) dict_keys(['example_task_group_decorator']) retrieved from /home/airflow/.local/lib/python3.7/site-packages/airflow/example_dags/example_task_group_decorator.py
[2022-01-25 22:28:39,790] {logging_mixin.py:109} INFO - [2022-01-25 22:28:39,790] {dag.py:2396} INFO - Sync 1 DAGs
[2022-01-25 22:28:39,806] {logging_mixin.py:109} INFO - [2022-01-25 22:28:39,806] {dag.py:2935} INFO - Setting next_dagrun for example_task_group_decorator to 2022-01-24T22:28:39.806054+00:00
[2022-01-25 22:28:39,818] {processor.py:171} INFO - Processing /home/airflow/.local/lib/python3.7/site-packages/airflow/example_dags/example_task_group_decorator.py took 0.378 seconds
[2022-01-25 22:29:10,153] {processor.py:163} INFO - Started process (PID=382) to work on /home/airflow/.local/lib/python3.7/site-packages/airflow/example_dags/example_task_group_decorator.py
[2022-01-25 22:29:10,155] {processor.py:642} INFO - Processing file /home/airflow/.local/lib/python3.7/site-packages/airflow/example_dags/example_task_group_decorator.py for tasks to queue
[2022-01-25 22:29:10,156] {logging_mixin.py:109} INFO - [2022-01-25 22:29:10,156] {dagbag.py:500} INFO - Filling up the DagBag from /home/airflow/.local/lib/python3.7/site-packages/airflow/example_dags/example_task_group_decorator.py
[2022-01-25 22:29:10,218] {processor.py:654} INFO - DAG(s) dict_keys(['example_task_group_decorator']) retrieved from /home/airflow/.local/lib/python3.7/site-packages/airflow/example_dags/example_task_group_decorator.py
[2022-01-25 22:29:10,614] {logging_mixin.py:109} INFO - [2022-01-25 22:29:10,614] {dag.py:2396} INFO - Sync 1 DAGs
[2022-01-25 22:29:10,634] {logging_mixin.py:109} INFO - [2022-01-25 22:29:10,634] {dag.py:2935} INFO - Setting next_dagrun for example_task_group_decorator to 2022-01-24T22:29:10.634244+00:00
[2022-01-25 22:29:10,648] {processor.py:171} INFO - Processing /home/airflow/.local/lib/python3.7/site-packages/airflow/example_dags/example_task_group_decorator.py took 0.498 seconds
[2022-01-25 22:29:40,988] {processor.py:163} INFO - Started process (PID=434) to work on /home/airflow/.local/lib/python3.7/site-packages/airflow/example_dags/example_task_group_decorator.py
[2022-01-25 22:29:40,990] {processor.py:642} INFO - Processing file /home/airflow/.local/lib/python3.7/site-packages/airflow/example_dags/example_task_group_decorator.py for tasks to queue
[2022-01-25 22:29:40,990] {logging_mixin.py:109} INFO - [2022-01-25 22:29:40,990] {dagbag.py:500} INFO - Filling up the DagBag from /home/airflow/.local/lib/python3.7/site-packages/airflow/example_dags/example_task_group_decorator.py
[2022-01-25 22:29:41,032] {processor.py:654} INFO - DAG(s) dict_keys(['example_task_group_decorator']) retrieved from /home/airflow/.local/lib/python3.7/site-packages/airflow/example_dags/example_task_group_decorator.py
[2022-01-25 22:29:41,325] {logging_mixin.py:109} INFO - [2022-01-25 22:29:41,324] {dag.py:2396} INFO - Sync 1 DAGs
[2022-01-25 22:29:41,341] {logging_mixin.py:109} INFO - [2022-01-25 22:29:41,341] {dag.py:2935} INFO - Setting next_dagrun for example_task_group_decorator to 2022-01-24T22:29:41.341369+00:00
[2022-01-25 22:29:41,354] {processor.py:171} INFO - Processing /home/airflow/.local/lib/python3.7/site-packages/airflow/example_dags/example_task_group_decorator.py took 0.368 seconds
[2022-01-25 22:30:11,854] {processor.py:163} INFO - Started process (PID=493) to work on /home/airflow/.local/lib/python3.7/site-packages/airflow/example_dags/example_task_group_decorator.py
[2022-01-25 22:30:11,855] {processor.py:642} INFO - Processing file /home/airflow/.local/lib/python3.7/site-packages/airflow/example_dags/example_task_group_decorator.py for tasks to queue
[2022-01-25 22:30:11,856] {logging_mixin.py:109} INFO - [2022-01-25 22:30:11,856] {dagbag.py:500} INFO - Filling up the DagBag from /home/airflow/.local/lib/python3.7/site-packages/airflow/example_dags/example_task_group_decorator.py
[2022-01-25 22:30:11,934] {processor.py:654} INFO - DAG(s) dict_keys(['example_task_group_decorator']) retrieved from /home/airflow/.local/lib/python3.7/site-packages/airflow/example_dags/example_task_group_decorator.py
[2022-01-25 22:30:12,307] {logging_mixin.py:109} INFO - [2022-01-25 22:30:12,307] {dag.py:2396} INFO - Sync 1 DAGs
[2022-01-25 22:30:12,327] {logging_mixin.py:109} INFO - [2022-01-25 22:30:12,326] {dag.py:2935} INFO - Setting next_dagrun for example_task_group_decorator to 2022-01-24T22:30:12.326609+00:00
[2022-01-25 22:30:12,342] {processor.py:171} INFO - Processing /home/airflow/.local/lib/python3.7/site-packages/airflow/example_dags/example_task_group_decorator.py took 0.491 seconds
[2022-01-25 22:30:42,785] {processor.py:163} INFO - Started process (PID=542) to work on /home/airflow/.local/lib/python3.7/site-packages/airflow/example_dags/example_task_group_decorator.py
[2022-01-25 22:30:42,786] {processor.py:642} INFO - Processing file /home/airflow/.local/lib/python3.7/site-packages/airflow/example_dags/example_task_group_decorator.py for tasks to queue
[2022-01-25 22:30:42,786] {logging_mixin.py:109} INFO - [2022-01-25 22:30:42,786] {dagbag.py:500} INFO - Filling up the DagBag from /home/airflow/.local/lib/python3.7/site-packages/airflow/example_dags/example_task_group_decorator.py
[2022-01-25 22:30:42,830] {processor.py:654} INFO - DAG(s) dict_keys(['example_task_group_decorator']) retrieved from /home/airflow/.local/lib/python3.7/site-packages/airflow/example_dags/example_task_group_decorator.py
[2022-01-25 22:30:43,159] {logging_mixin.py:109} INFO - [2022-01-25 22:30:43,159] {dag.py:2396} INFO - Sync 1 DAGs
[2022-01-25 22:30:43,177] {logging_mixin.py:109} INFO - [2022-01-25 22:30:43,177] {dag.py:2935} INFO - Setting next_dagrun for example_task_group_decorator to 2022-01-24T22:30:43.177433+00:00
[2022-01-25 22:30:43,189] {processor.py:171} INFO - Processing /home/airflow/.local/lib/python3.7/site-packages/airflow/example_dags/example_task_group_decorator.py took 0.407 seconds
[2022-01-25 22:31:14,315] {processor.py:163} INFO - Started process (PID=593) to work on /home/airflow/.local/lib/python3.7/site-packages/airflow/example_dags/example_task_group_decorator.py
[2022-01-25 22:31:14,317] {processor.py:642} INFO - Processing file /home/airflow/.local/lib/python3.7/site-packages/airflow/example_dags/example_task_group_decorator.py for tasks to queue
[2022-01-25 22:31:14,318] {logging_mixin.py:109} INFO - [2022-01-25 22:31:14,317] {dagbag.py:500} INFO - Filling up the DagBag from /home/airflow/.local/lib/python3.7/site-packages/airflow/example_dags/example_task_group_decorator.py
[2022-01-25 22:31:14,472] {processor.py:654} INFO - DAG(s) dict_keys(['example_task_group_decorator']) retrieved from /home/airflow/.local/lib/python3.7/site-packages/airflow/example_dags/example_task_group_decorator.py
[2022-01-25 22:31:15,097] {logging_mixin.py:109} INFO - [2022-01-25 22:31:15,097] {dag.py:2396} INFO - Sync 1 DAGs
[2022-01-25 22:31:15,129] {logging_mixin.py:109} INFO - [2022-01-25 22:31:15,129] {dag.py:2935} INFO - Setting next_dagrun for example_task_group_decorator to 2022-01-24T22:31:15.129443+00:00
[2022-01-25 22:31:15,153] {processor.py:171} INFO - Processing /home/airflow/.local/lib/python3.7/site-packages/airflow/example_dags/example_task_group_decorator.py took 0.842 seconds
[2022-01-25 22:31:45,224] {processor.py:163} INFO - Started process (PID=659) to work on /home/airflow/.local/lib/python3.7/site-packages/airflow/example_dags/example_task_group_decorator.py
[2022-01-25 22:31:45,225] {processor.py:642} INFO - Processing file /home/airflow/.local/lib/python3.7/site-packages/airflow/example_dags/example_task_group_decorator.py for tasks to queue
[2022-01-25 22:31:45,225] {logging_mixin.py:109} INFO - [2022-01-25 22:31:45,225] {dagbag.py:500} INFO - Filling up the DagBag from /home/airflow/.local/lib/python3.7/site-packages/airflow/example_dags/example_task_group_decorator.py
[2022-01-25 22:31:45,270] {processor.py:654} INFO - DAG(s) dict_keys(['example_task_group_decorator']) retrieved from /home/airflow/.local/lib/python3.7/site-packages/airflow/example_dags/example_task_group_decorator.py
[2022-01-25 22:31:45,610] {logging_mixin.py:109} INFO - [2022-01-25 22:31:45,610] {dag.py:2396} INFO - Sync 1 DAGs
[2022-01-25 22:31:45,633] {logging_mixin.py:109} INFO - [2022-01-25 22:31:45,633] {dag.py:2935} INFO - Setting next_dagrun for example_task_group_decorator to 2022-01-24T22:31:45.632945+00:00
[2022-01-25 22:31:45,657] {processor.py:171} INFO - Processing /home/airflow/.local/lib/python3.7/site-packages/airflow/example_dags/example_task_group_decorator.py took 0.436 seconds
