[2022-01-25 22:27:35,432] {processor.py:163} INFO - Started process (PID=174) to work on /home/airflow/.local/lib/python3.7/site-packages/airflow/example_dags/example_dag_decorator.py
[2022-01-25 22:27:35,433] {processor.py:642} INFO - Processing file /home/airflow/.local/lib/python3.7/site-packages/airflow/example_dags/example_dag_decorator.py for tasks to queue
[2022-01-25 22:27:35,434] {logging_mixin.py:109} INFO - [2022-01-25 22:27:35,434] {dagbag.py:500} INFO - Filling up the DagBag from /home/airflow/.local/lib/python3.7/site-packages/airflow/example_dags/example_dag_decorator.py
[2022-01-25 22:27:35,479] {processor.py:654} INFO - DAG(s) dict_keys(['example_dag_decorator']) retrieved from /home/airflow/.local/lib/python3.7/site-packages/airflow/example_dags/example_dag_decorator.py
[2022-01-25 22:27:39,426] {logging_mixin.py:109} INFO - [2022-01-25 22:27:39,425] {manager.py:496} INFO - Created Permission View: can read on DAG:example_dag_decorator
[2022-01-25 22:27:39,461] {logging_mixin.py:109} INFO - [2022-01-25 22:27:39,461] {manager.py:496} INFO - Created Permission View: can edit on DAG:example_dag_decorator
[2022-01-25 22:27:39,462] {logging_mixin.py:109} INFO - [2022-01-25 22:27:39,462] {dag.py:2396} INFO - Sync 1 DAGs
[2022-01-25 22:27:39,480] {logging_mixin.py:109} INFO - [2022-01-25 22:27:39,479] {dag.py:2415} INFO - Creating ORM DAG for example_dag_decorator
[2022-01-25 22:27:39,503] {logging_mixin.py:109} INFO - [2022-01-25 22:27:39,503] {dag.py:2935} INFO - Setting next_dagrun for example_dag_decorator to None
[2022-01-25 22:27:39,540] {processor.py:171} INFO - Processing /home/airflow/.local/lib/python3.7/site-packages/airflow/example_dags/example_dag_decorator.py took 4.111 seconds
[2022-01-25 22:28:10,385] {processor.py:163} INFO - Started process (PID=279) to work on /home/airflow/.local/lib/python3.7/site-packages/airflow/example_dags/example_dag_decorator.py
[2022-01-25 22:28:10,387] {processor.py:642} INFO - Processing file /home/airflow/.local/lib/python3.7/site-packages/airflow/example_dags/example_dag_decorator.py for tasks to queue
[2022-01-25 22:28:10,387] {logging_mixin.py:109} INFO - [2022-01-25 22:28:10,387] {dagbag.py:500} INFO - Filling up the DagBag from /home/airflow/.local/lib/python3.7/site-packages/airflow/example_dags/example_dag_decorator.py
[2022-01-25 22:28:10,429] {processor.py:654} INFO - DAG(s) dict_keys(['example_dag_decorator']) retrieved from /home/airflow/.local/lib/python3.7/site-packages/airflow/example_dags/example_dag_decorator.py
[2022-01-25 22:28:10,734] {logging_mixin.py:109} INFO - [2022-01-25 22:28:10,734] {dag.py:2396} INFO - Sync 1 DAGs
[2022-01-25 22:28:10,749] {logging_mixin.py:109} INFO - [2022-01-25 22:28:10,749] {dag.py:2935} INFO - Setting next_dagrun for example_dag_decorator to None
[2022-01-25 22:28:10,761] {processor.py:171} INFO - Processing /home/airflow/.local/lib/python3.7/site-packages/airflow/example_dags/example_dag_decorator.py took 0.379 seconds
[2022-01-25 22:28:40,862] {processor.py:163} INFO - Started process (PID=333) to work on /home/airflow/.local/lib/python3.7/site-packages/airflow/example_dags/example_dag_decorator.py
[2022-01-25 22:28:40,866] {processor.py:642} INFO - Processing file /home/airflow/.local/lib/python3.7/site-packages/airflow/example_dags/example_dag_decorator.py for tasks to queue
[2022-01-25 22:28:40,868] {logging_mixin.py:109} INFO - [2022-01-25 22:28:40,868] {dagbag.py:500} INFO - Filling up the DagBag from /home/airflow/.local/lib/python3.7/site-packages/airflow/example_dags/example_dag_decorator.py
[2022-01-25 22:28:40,918] {processor.py:654} INFO - DAG(s) dict_keys(['example_dag_decorator']) retrieved from /home/airflow/.local/lib/python3.7/site-packages/airflow/example_dags/example_dag_decorator.py
[2022-01-25 22:28:41,212] {logging_mixin.py:109} INFO - [2022-01-25 22:28:41,212] {dag.py:2396} INFO - Sync 1 DAGs
[2022-01-25 22:28:41,226] {logging_mixin.py:109} INFO - [2022-01-25 22:28:41,226] {dag.py:2935} INFO - Setting next_dagrun for example_dag_decorator to None
[2022-01-25 22:28:41,238] {processor.py:171} INFO - Processing /home/airflow/.local/lib/python3.7/site-packages/airflow/example_dags/example_dag_decorator.py took 0.384 seconds
[2022-01-25 22:29:11,714] {processor.py:163} INFO - Started process (PID=385) to work on /home/airflow/.local/lib/python3.7/site-packages/airflow/example_dags/example_dag_decorator.py
[2022-01-25 22:29:11,716] {processor.py:642} INFO - Processing file /home/airflow/.local/lib/python3.7/site-packages/airflow/example_dags/example_dag_decorator.py for tasks to queue
[2022-01-25 22:29:11,716] {logging_mixin.py:109} INFO - [2022-01-25 22:29:11,716] {dagbag.py:500} INFO - Filling up the DagBag from /home/airflow/.local/lib/python3.7/site-packages/airflow/example_dags/example_dag_decorator.py
[2022-01-25 22:29:11,751] {processor.py:654} INFO - DAG(s) dict_keys(['example_dag_decorator']) retrieved from /home/airflow/.local/lib/python3.7/site-packages/airflow/example_dags/example_dag_decorator.py
[2022-01-25 22:29:12,165] {logging_mixin.py:109} INFO - [2022-01-25 22:29:12,165] {dag.py:2396} INFO - Sync 1 DAGs
[2022-01-25 22:29:12,195] {logging_mixin.py:109} INFO - [2022-01-25 22:29:12,195] {dag.py:2935} INFO - Setting next_dagrun for example_dag_decorator to None
[2022-01-25 22:29:12,218] {processor.py:171} INFO - Processing /home/airflow/.local/lib/python3.7/site-packages/airflow/example_dags/example_dag_decorator.py took 0.507 seconds
[2022-01-25 22:29:42,393] {processor.py:163} INFO - Started process (PID=437) to work on /home/airflow/.local/lib/python3.7/site-packages/airflow/example_dags/example_dag_decorator.py
[2022-01-25 22:29:42,395] {processor.py:642} INFO - Processing file /home/airflow/.local/lib/python3.7/site-packages/airflow/example_dags/example_dag_decorator.py for tasks to queue
[2022-01-25 22:29:42,396] {logging_mixin.py:109} INFO - [2022-01-25 22:29:42,396] {dagbag.py:500} INFO - Filling up the DagBag from /home/airflow/.local/lib/python3.7/site-packages/airflow/example_dags/example_dag_decorator.py
[2022-01-25 22:29:42,436] {processor.py:654} INFO - DAG(s) dict_keys(['example_dag_decorator']) retrieved from /home/airflow/.local/lib/python3.7/site-packages/airflow/example_dags/example_dag_decorator.py
[2022-01-25 22:29:42,733] {logging_mixin.py:109} INFO - [2022-01-25 22:29:42,733] {dag.py:2396} INFO - Sync 1 DAGs
[2022-01-25 22:29:42,747] {logging_mixin.py:109} INFO - [2022-01-25 22:29:42,747] {dag.py:2935} INFO - Setting next_dagrun for example_dag_decorator to None
[2022-01-25 22:29:42,759] {processor.py:171} INFO - Processing /home/airflow/.local/lib/python3.7/site-packages/airflow/example_dags/example_dag_decorator.py took 0.369 seconds
[2022-01-25 22:30:13,309] {processor.py:163} INFO - Started process (PID=496) to work on /home/airflow/.local/lib/python3.7/site-packages/airflow/example_dags/example_dag_decorator.py
[2022-01-25 22:30:13,311] {processor.py:642} INFO - Processing file /home/airflow/.local/lib/python3.7/site-packages/airflow/example_dags/example_dag_decorator.py for tasks to queue
[2022-01-25 22:30:13,312] {logging_mixin.py:109} INFO - [2022-01-25 22:30:13,312] {dagbag.py:500} INFO - Filling up the DagBag from /home/airflow/.local/lib/python3.7/site-packages/airflow/example_dags/example_dag_decorator.py
[2022-01-25 22:30:13,362] {processor.py:654} INFO - DAG(s) dict_keys(['example_dag_decorator']) retrieved from /home/airflow/.local/lib/python3.7/site-packages/airflow/example_dags/example_dag_decorator.py
[2022-01-25 22:30:13,803] {logging_mixin.py:109} INFO - [2022-01-25 22:30:13,803] {dag.py:2396} INFO - Sync 1 DAGs
[2022-01-25 22:30:13,824] {logging_mixin.py:109} INFO - [2022-01-25 22:30:13,824] {dag.py:2935} INFO - Setting next_dagrun for example_dag_decorator to None
[2022-01-25 22:30:13,839] {processor.py:171} INFO - Processing /home/airflow/.local/lib/python3.7/site-packages/airflow/example_dags/example_dag_decorator.py took 0.533 seconds
[2022-01-25 22:30:44,491] {processor.py:163} INFO - Started process (PID=548) to work on /home/airflow/.local/lib/python3.7/site-packages/airflow/example_dags/example_dag_decorator.py
[2022-01-25 22:30:44,492] {processor.py:642} INFO - Processing file /home/airflow/.local/lib/python3.7/site-packages/airflow/example_dags/example_dag_decorator.py for tasks to queue
[2022-01-25 22:30:44,493] {logging_mixin.py:109} INFO - [2022-01-25 22:30:44,493] {dagbag.py:500} INFO - Filling up the DagBag from /home/airflow/.local/lib/python3.7/site-packages/airflow/example_dags/example_dag_decorator.py
[2022-01-25 22:30:44,538] {processor.py:654} INFO - DAG(s) dict_keys(['example_dag_decorator']) retrieved from /home/airflow/.local/lib/python3.7/site-packages/airflow/example_dags/example_dag_decorator.py
[2022-01-25 22:30:44,926] {logging_mixin.py:109} INFO - [2022-01-25 22:30:44,926] {dag.py:2396} INFO - Sync 1 DAGs
[2022-01-25 22:30:44,946] {logging_mixin.py:109} INFO - [2022-01-25 22:30:44,946] {dag.py:2935} INFO - Setting next_dagrun for example_dag_decorator to None
[2022-01-25 22:30:44,960] {processor.py:171} INFO - Processing /home/airflow/.local/lib/python3.7/site-packages/airflow/example_dags/example_dag_decorator.py took 0.473 seconds
[2022-01-25 22:31:15,823] {processor.py:163} INFO - Started process (PID=598) to work on /home/airflow/.local/lib/python3.7/site-packages/airflow/example_dags/example_dag_decorator.py
[2022-01-25 22:31:15,844] {processor.py:642} INFO - Processing file /home/airflow/.local/lib/python3.7/site-packages/airflow/example_dags/example_dag_decorator.py for tasks to queue
[2022-01-25 22:31:15,845] {logging_mixin.py:109} INFO - [2022-01-25 22:31:15,845] {dagbag.py:500} INFO - Filling up the DagBag from /home/airflow/.local/lib/python3.7/site-packages/airflow/example_dags/example_dag_decorator.py
[2022-01-25 22:31:15,926] {processor.py:654} INFO - DAG(s) dict_keys(['example_dag_decorator']) retrieved from /home/airflow/.local/lib/python3.7/site-packages/airflow/example_dags/example_dag_decorator.py
[2022-01-25 22:31:16,485] {logging_mixin.py:109} INFO - [2022-01-25 22:31:16,484] {dag.py:2396} INFO - Sync 1 DAGs
[2022-01-25 22:31:16,526] {logging_mixin.py:109} INFO - [2022-01-25 22:31:16,526] {dag.py:2935} INFO - Setting next_dagrun for example_dag_decorator to None
[2022-01-25 22:31:16,564] {processor.py:171} INFO - Processing /home/airflow/.local/lib/python3.7/site-packages/airflow/example_dags/example_dag_decorator.py took 0.759 seconds
[2022-01-25 22:31:47,189] {processor.py:163} INFO - Started process (PID=666) to work on /home/airflow/.local/lib/python3.7/site-packages/airflow/example_dags/example_dag_decorator.py
[2022-01-25 22:31:47,191] {processor.py:642} INFO - Processing file /home/airflow/.local/lib/python3.7/site-packages/airflow/example_dags/example_dag_decorator.py for tasks to queue
[2022-01-25 22:31:47,191] {logging_mixin.py:109} INFO - [2022-01-25 22:31:47,191] {dagbag.py:500} INFO - Filling up the DagBag from /home/airflow/.local/lib/python3.7/site-packages/airflow/example_dags/example_dag_decorator.py
[2022-01-25 22:31:47,227] {processor.py:654} INFO - DAG(s) dict_keys(['example_dag_decorator']) retrieved from /home/airflow/.local/lib/python3.7/site-packages/airflow/example_dags/example_dag_decorator.py
[2022-01-25 22:31:47,526] {logging_mixin.py:109} INFO - [2022-01-25 22:31:47,526] {dag.py:2396} INFO - Sync 1 DAGs
[2022-01-25 22:31:47,539] {logging_mixin.py:109} INFO - [2022-01-25 22:31:47,539] {dag.py:2935} INFO - Setting next_dagrun for example_dag_decorator to None
[2022-01-25 22:31:47,550] {processor.py:171} INFO - Processing /home/airflow/.local/lib/python3.7/site-packages/airflow/example_dags/example_dag_decorator.py took 0.364 seconds
