[2022-01-25 22:28:03,597] {processor.py:163} INFO - Started process (PID=244) to work on /home/airflow/.local/lib/python3.7/site-packages/airflow/example_dags/example_bash_operator.py
[2022-01-25 22:28:03,598] {processor.py:642} INFO - Processing file /home/airflow/.local/lib/python3.7/site-packages/airflow/example_dags/example_bash_operator.py for tasks to queue
[2022-01-25 22:28:03,599] {logging_mixin.py:109} INFO - [2022-01-25 22:28:03,599] {dagbag.py:500} INFO - Filling up the DagBag from /home/airflow/.local/lib/python3.7/site-packages/airflow/example_dags/example_bash_operator.py
[2022-01-25 22:28:03,645] {processor.py:654} INFO - DAG(s) dict_keys(['example_bash_operator']) retrieved from /home/airflow/.local/lib/python3.7/site-packages/airflow/example_dags/example_bash_operator.py
[2022-01-25 22:28:08,204] {logging_mixin.py:109} INFO - [2022-01-25 22:28:08,204] {manager.py:496} INFO - Created Permission View: can read on DAG:example_bash_operator
[2022-01-25 22:28:08,217] {logging_mixin.py:109} INFO - [2022-01-25 22:28:08,217] {manager.py:496} INFO - Created Permission View: can edit on DAG:example_bash_operator
[2022-01-25 22:28:08,217] {logging_mixin.py:109} INFO - [2022-01-25 22:28:08,217] {dag.py:2396} INFO - Sync 1 DAGs
[2022-01-25 22:28:08,228] {logging_mixin.py:109} INFO - [2022-01-25 22:28:08,228] {dag.py:2415} INFO - Creating ORM DAG for example_bash_operator
[2022-01-25 22:28:08,249] {logging_mixin.py:109} INFO - [2022-01-25 22:28:08,248] {dag.py:2935} INFO - Setting next_dagrun for example_bash_operator to 2022-01-24 00:00:00+00:00
[2022-01-25 22:28:08,270] {processor.py:171} INFO - Processing /home/airflow/.local/lib/python3.7/site-packages/airflow/example_dags/example_bash_operator.py took 4.677 seconds
[2022-01-25 22:28:38,585] {processor.py:163} INFO - Started process (PID=326) to work on /home/airflow/.local/lib/python3.7/site-packages/airflow/example_dags/example_bash_operator.py
[2022-01-25 22:28:38,587] {processor.py:642} INFO - Processing file /home/airflow/.local/lib/python3.7/site-packages/airflow/example_dags/example_bash_operator.py for tasks to queue
[2022-01-25 22:28:38,587] {logging_mixin.py:109} INFO - [2022-01-25 22:28:38,587] {dagbag.py:500} INFO - Filling up the DagBag from /home/airflow/.local/lib/python3.7/site-packages/airflow/example_dags/example_bash_operator.py
[2022-01-25 22:28:38,619] {processor.py:654} INFO - DAG(s) dict_keys(['example_bash_operator']) retrieved from /home/airflow/.local/lib/python3.7/site-packages/airflow/example_dags/example_bash_operator.py
[2022-01-25 22:28:38,630] {logging_mixin.py:109} INFO - [2022-01-25 22:28:38,630] {dag.py:2396} INFO - Sync 1 DAGs
[2022-01-25 22:28:38,654] {logging_mixin.py:109} INFO - [2022-01-25 22:28:38,654] {dag.py:2935} INFO - Setting next_dagrun for example_bash_operator to 2022-01-24 00:00:00+00:00
[2022-01-25 22:28:38,668] {processor.py:171} INFO - Processing /home/airflow/.local/lib/python3.7/site-packages/airflow/example_dags/example_bash_operator.py took 0.086 seconds
[2022-01-25 22:29:10,021] {processor.py:163} INFO - Started process (PID=380) to work on /home/airflow/.local/lib/python3.7/site-packages/airflow/example_dags/example_bash_operator.py
[2022-01-25 22:29:10,022] {processor.py:642} INFO - Processing file /home/airflow/.local/lib/python3.7/site-packages/airflow/example_dags/example_bash_operator.py for tasks to queue
[2022-01-25 22:29:10,023] {logging_mixin.py:109} INFO - [2022-01-25 22:29:10,023] {dagbag.py:500} INFO - Filling up the DagBag from /home/airflow/.local/lib/python3.7/site-packages/airflow/example_dags/example_bash_operator.py
[2022-01-25 22:29:10,060] {processor.py:654} INFO - DAG(s) dict_keys(['example_bash_operator']) retrieved from /home/airflow/.local/lib/python3.7/site-packages/airflow/example_dags/example_bash_operator.py
[2022-01-25 22:29:10,076] {logging_mixin.py:109} INFO - [2022-01-25 22:29:10,076] {dag.py:2396} INFO - Sync 1 DAGs
[2022-01-25 22:29:10,098] {logging_mixin.py:109} INFO - [2022-01-25 22:29:10,098] {dag.py:2935} INFO - Setting next_dagrun for example_bash_operator to 2022-01-24 00:00:00+00:00
[2022-01-25 22:29:10,108] {processor.py:171} INFO - Processing /home/airflow/.local/lib/python3.7/site-packages/airflow/example_dags/example_bash_operator.py took 0.091 seconds
[2022-01-25 22:29:40,349] {processor.py:163} INFO - Started process (PID=432) to work on /home/airflow/.local/lib/python3.7/site-packages/airflow/example_dags/example_bash_operator.py
[2022-01-25 22:29:40,350] {processor.py:642} INFO - Processing file /home/airflow/.local/lib/python3.7/site-packages/airflow/example_dags/example_bash_operator.py for tasks to queue
[2022-01-25 22:29:40,350] {logging_mixin.py:109} INFO - [2022-01-25 22:29:40,350] {dagbag.py:500} INFO - Filling up the DagBag from /home/airflow/.local/lib/python3.7/site-packages/airflow/example_dags/example_bash_operator.py
[2022-01-25 22:29:40,379] {processor.py:654} INFO - DAG(s) dict_keys(['example_bash_operator']) retrieved from /home/airflow/.local/lib/python3.7/site-packages/airflow/example_dags/example_bash_operator.py
[2022-01-25 22:29:40,394] {logging_mixin.py:109} INFO - [2022-01-25 22:29:40,394] {dag.py:2396} INFO - Sync 1 DAGs
[2022-01-25 22:29:40,419] {logging_mixin.py:109} INFO - [2022-01-25 22:29:40,419] {dag.py:2935} INFO - Setting next_dagrun for example_bash_operator to 2022-01-24 00:00:00+00:00
[2022-01-25 22:29:40,431] {processor.py:171} INFO - Processing /home/airflow/.local/lib/python3.7/site-packages/airflow/example_dags/example_bash_operator.py took 0.085 seconds
[2022-01-25 22:30:11,731] {processor.py:163} INFO - Started process (PID=492) to work on /home/airflow/.local/lib/python3.7/site-packages/airflow/example_dags/example_bash_operator.py
[2022-01-25 22:30:11,733] {processor.py:642} INFO - Processing file /home/airflow/.local/lib/python3.7/site-packages/airflow/example_dags/example_bash_operator.py for tasks to queue
[2022-01-25 22:30:11,734] {logging_mixin.py:109} INFO - [2022-01-25 22:30:11,734] {dagbag.py:500} INFO - Filling up the DagBag from /home/airflow/.local/lib/python3.7/site-packages/airflow/example_dags/example_bash_operator.py
[2022-01-25 22:30:11,775] {processor.py:654} INFO - DAG(s) dict_keys(['example_bash_operator']) retrieved from /home/airflow/.local/lib/python3.7/site-packages/airflow/example_dags/example_bash_operator.py
[2022-01-25 22:30:11,790] {logging_mixin.py:109} INFO - [2022-01-25 22:30:11,790] {dag.py:2396} INFO - Sync 1 DAGs
[2022-01-25 22:30:11,815] {logging_mixin.py:109} INFO - [2022-01-25 22:30:11,815] {dag.py:2935} INFO - Setting next_dagrun for example_bash_operator to 2022-01-24 00:00:00+00:00
[2022-01-25 22:30:11,831] {processor.py:171} INFO - Processing /home/airflow/.local/lib/python3.7/site-packages/airflow/example_dags/example_bash_operator.py took 0.103 seconds
[2022-01-25 22:30:43,388] {processor.py:163} INFO - Started process (PID=546) to work on /home/airflow/.local/lib/python3.7/site-packages/airflow/example_dags/example_bash_operator.py
[2022-01-25 22:30:43,389] {processor.py:642} INFO - Processing file /home/airflow/.local/lib/python3.7/site-packages/airflow/example_dags/example_bash_operator.py for tasks to queue
[2022-01-25 22:30:43,390] {logging_mixin.py:109} INFO - [2022-01-25 22:30:43,390] {dagbag.py:500} INFO - Filling up the DagBag from /home/airflow/.local/lib/python3.7/site-packages/airflow/example_dags/example_bash_operator.py
[2022-01-25 22:30:43,423] {processor.py:654} INFO - DAG(s) dict_keys(['example_bash_operator']) retrieved from /home/airflow/.local/lib/python3.7/site-packages/airflow/example_dags/example_bash_operator.py
[2022-01-25 22:30:43,433] {logging_mixin.py:109} INFO - [2022-01-25 22:30:43,433] {dag.py:2396} INFO - Sync 1 DAGs
[2022-01-25 22:30:43,450] {logging_mixin.py:109} INFO - [2022-01-25 22:30:43,450] {dag.py:2935} INFO - Setting next_dagrun for example_bash_operator to 2022-01-24 00:00:00+00:00
[2022-01-25 22:30:43,464] {processor.py:171} INFO - Processing /home/airflow/.local/lib/python3.7/site-packages/airflow/example_dags/example_bash_operator.py took 0.079 seconds
[2022-01-25 22:31:15,649] {processor.py:163} INFO - Started process (PID=597) to work on /home/airflow/.local/lib/python3.7/site-packages/airflow/example_dags/example_bash_operator.py
[2022-01-25 22:31:15,681] {processor.py:642} INFO - Processing file /home/airflow/.local/lib/python3.7/site-packages/airflow/example_dags/example_bash_operator.py for tasks to queue
[2022-01-25 22:31:15,682] {logging_mixin.py:109} INFO - [2022-01-25 22:31:15,682] {dagbag.py:500} INFO - Filling up the DagBag from /home/airflow/.local/lib/python3.7/site-packages/airflow/example_dags/example_bash_operator.py
[2022-01-25 22:31:15,788] {processor.py:654} INFO - DAG(s) dict_keys(['example_bash_operator']) retrieved from /home/airflow/.local/lib/python3.7/site-packages/airflow/example_dags/example_bash_operator.py
[2022-01-25 22:31:15,811] {logging_mixin.py:109} INFO - [2022-01-25 22:31:15,811] {dag.py:2396} INFO - Sync 1 DAGs
[2022-01-25 22:31:15,840] {logging_mixin.py:109} INFO - [2022-01-25 22:31:15,840] {dag.py:2935} INFO - Setting next_dagrun for example_bash_operator to 2022-01-24 00:00:00+00:00
[2022-01-25 22:31:15,875] {processor.py:171} INFO - Processing /home/airflow/.local/lib/python3.7/site-packages/airflow/example_dags/example_bash_operator.py took 0.243 seconds
[2022-01-25 22:31:46,040] {processor.py:163} INFO - Started process (PID=664) to work on /home/airflow/.local/lib/python3.7/site-packages/airflow/example_dags/example_bash_operator.py
[2022-01-25 22:31:46,041] {processor.py:642} INFO - Processing file /home/airflow/.local/lib/python3.7/site-packages/airflow/example_dags/example_bash_operator.py for tasks to queue
[2022-01-25 22:31:46,042] {logging_mixin.py:109} INFO - [2022-01-25 22:31:46,042] {dagbag.py:500} INFO - Filling up the DagBag from /home/airflow/.local/lib/python3.7/site-packages/airflow/example_dags/example_bash_operator.py
[2022-01-25 22:31:46,085] {processor.py:654} INFO - DAG(s) dict_keys(['example_bash_operator']) retrieved from /home/airflow/.local/lib/python3.7/site-packages/airflow/example_dags/example_bash_operator.py
[2022-01-25 22:31:46,104] {logging_mixin.py:109} INFO - [2022-01-25 22:31:46,104] {dag.py:2396} INFO - Sync 1 DAGs
[2022-01-25 22:31:46,130] {logging_mixin.py:109} INFO - [2022-01-25 22:31:46,130] {dag.py:2935} INFO - Setting next_dagrun for example_bash_operator to 2022-01-24 00:00:00+00:00
[2022-01-25 22:31:46,142] {processor.py:171} INFO - Processing /home/airflow/.local/lib/python3.7/site-packages/airflow/example_dags/example_bash_operator.py took 0.106 seconds
