[2022-01-25 22:26:21,815] {processor.py:163} INFO - Started process (PID=50) to work on /home/airflow/.local/lib/python3.7/site-packages/airflow/example_dags/example_skip_dag.py
[2022-01-25 22:26:21,817] {processor.py:642} INFO - Processing file /home/airflow/.local/lib/python3.7/site-packages/airflow/example_dags/example_skip_dag.py for tasks to queue
[2022-01-25 22:26:21,818] {logging_mixin.py:109} INFO - [2022-01-25 22:26:21,817] {dagbag.py:500} INFO - Filling up the DagBag from /home/airflow/.local/lib/python3.7/site-packages/airflow/example_dags/example_skip_dag.py
[2022-01-25 22:26:21,938] {processor.py:654} INFO - DAG(s) dict_keys(['example_skip_dag']) retrieved from /home/airflow/.local/lib/python3.7/site-packages/airflow/example_dags/example_skip_dag.py
[2022-01-25 22:26:42,481] {logging_mixin.py:109} INFO - [2022-01-25 22:26:42,481] {manager.py:496} INFO - Created Permission View: can read on DAG:example_skip_dag
[2022-01-25 22:26:42,553] {logging_mixin.py:109} INFO - [2022-01-25 22:26:42,552] {manager.py:496} INFO - Created Permission View: can edit on DAG:example_skip_dag
[2022-01-25 22:26:42,555] {logging_mixin.py:109} INFO - [2022-01-25 22:26:42,554] {dag.py:2396} INFO - Sync 1 DAGs
[2022-01-25 22:26:42,604] {logging_mixin.py:109} INFO - [2022-01-25 22:26:42,604] {dag.py:2415} INFO - Creating ORM DAG for example_skip_dag
[2022-01-25 22:26:42,637] {logging_mixin.py:109} INFO - [2022-01-25 22:26:42,636] {dag.py:2935} INFO - Setting next_dagrun for example_skip_dag to 2022-01-24T22:26:42.636157+00:00
[2022-01-25 22:26:42,682] {processor.py:171} INFO - Processing /home/airflow/.local/lib/python3.7/site-packages/airflow/example_dags/example_skip_dag.py took 20.872 seconds
[2022-01-25 22:28:05,946] {processor.py:163} INFO - Started process (PID=262) to work on /home/airflow/.local/lib/python3.7/site-packages/airflow/example_dags/example_skip_dag.py
[2022-01-25 22:28:05,948] {processor.py:642} INFO - Processing file /home/airflow/.local/lib/python3.7/site-packages/airflow/example_dags/example_skip_dag.py for tasks to queue
[2022-01-25 22:28:05,949] {logging_mixin.py:109} INFO - [2022-01-25 22:28:05,949] {dagbag.py:500} INFO - Filling up the DagBag from /home/airflow/.local/lib/python3.7/site-packages/airflow/example_dags/example_skip_dag.py
[2022-01-25 22:28:06,015] {processor.py:654} INFO - DAG(s) dict_keys(['example_skip_dag']) retrieved from /home/airflow/.local/lib/python3.7/site-packages/airflow/example_dags/example_skip_dag.py
[2022-01-25 22:28:06,040] {logging_mixin.py:109} INFO - [2022-01-25 22:28:06,040] {dag.py:2396} INFO - Sync 1 DAGs
[2022-01-25 22:28:06,094] {logging_mixin.py:109} INFO - [2022-01-25 22:28:06,093] {dag.py:2935} INFO - Setting next_dagrun for example_skip_dag to 2022-01-24T22:28:06.093620+00:00
[2022-01-25 22:28:06,127] {processor.py:171} INFO - Processing /home/airflow/.local/lib/python3.7/site-packages/airflow/example_dags/example_skip_dag.py took 0.184 seconds
[2022-01-25 22:28:36,549] {processor.py:163} INFO - Started process (PID=313) to work on /home/airflow/.local/lib/python3.7/site-packages/airflow/example_dags/example_skip_dag.py
[2022-01-25 22:28:36,552] {processor.py:642} INFO - Processing file /home/airflow/.local/lib/python3.7/site-packages/airflow/example_dags/example_skip_dag.py for tasks to queue
[2022-01-25 22:28:36,553] {logging_mixin.py:109} INFO - [2022-01-25 22:28:36,552] {dagbag.py:500} INFO - Filling up the DagBag from /home/airflow/.local/lib/python3.7/site-packages/airflow/example_dags/example_skip_dag.py
[2022-01-25 22:28:36,596] {processor.py:654} INFO - DAG(s) dict_keys(['example_skip_dag']) retrieved from /home/airflow/.local/lib/python3.7/site-packages/airflow/example_dags/example_skip_dag.py
[2022-01-25 22:28:36,612] {logging_mixin.py:109} INFO - [2022-01-25 22:28:36,612] {dag.py:2396} INFO - Sync 1 DAGs
[2022-01-25 22:28:36,640] {logging_mixin.py:109} INFO - [2022-01-25 22:28:36,639] {dag.py:2935} INFO - Setting next_dagrun for example_skip_dag to 2022-01-24T22:28:36.638326+00:00
[2022-01-25 22:28:36,657] {processor.py:171} INFO - Processing /home/airflow/.local/lib/python3.7/site-packages/airflow/example_dags/example_skip_dag.py took 0.111 seconds
[2022-01-25 22:29:06,884] {processor.py:163} INFO - Started process (PID=365) to work on /home/airflow/.local/lib/python3.7/site-packages/airflow/example_dags/example_skip_dag.py
[2022-01-25 22:29:06,885] {processor.py:642} INFO - Processing file /home/airflow/.local/lib/python3.7/site-packages/airflow/example_dags/example_skip_dag.py for tasks to queue
[2022-01-25 22:29:06,886] {logging_mixin.py:109} INFO - [2022-01-25 22:29:06,886] {dagbag.py:500} INFO - Filling up the DagBag from /home/airflow/.local/lib/python3.7/site-packages/airflow/example_dags/example_skip_dag.py
[2022-01-25 22:29:06,920] {processor.py:654} INFO - DAG(s) dict_keys(['example_skip_dag']) retrieved from /home/airflow/.local/lib/python3.7/site-packages/airflow/example_dags/example_skip_dag.py
[2022-01-25 22:29:06,935] {logging_mixin.py:109} INFO - [2022-01-25 22:29:06,935] {dag.py:2396} INFO - Sync 1 DAGs
[2022-01-25 22:29:06,958] {logging_mixin.py:109} INFO - [2022-01-25 22:29:06,958] {dag.py:2935} INFO - Setting next_dagrun for example_skip_dag to 2022-01-24T22:29:06.958399+00:00
[2022-01-25 22:29:06,971] {processor.py:171} INFO - Processing /home/airflow/.local/lib/python3.7/site-packages/airflow/example_dags/example_skip_dag.py took 0.091 seconds
[2022-01-25 22:29:37,161] {processor.py:163} INFO - Started process (PID=417) to work on /home/airflow/.local/lib/python3.7/site-packages/airflow/example_dags/example_skip_dag.py
[2022-01-25 22:29:37,163] {processor.py:642} INFO - Processing file /home/airflow/.local/lib/python3.7/site-packages/airflow/example_dags/example_skip_dag.py for tasks to queue
[2022-01-25 22:29:37,163] {logging_mixin.py:109} INFO - [2022-01-25 22:29:37,163] {dagbag.py:500} INFO - Filling up the DagBag from /home/airflow/.local/lib/python3.7/site-packages/airflow/example_dags/example_skip_dag.py
[2022-01-25 22:29:37,199] {processor.py:654} INFO - DAG(s) dict_keys(['example_skip_dag']) retrieved from /home/airflow/.local/lib/python3.7/site-packages/airflow/example_dags/example_skip_dag.py
[2022-01-25 22:29:37,215] {logging_mixin.py:109} INFO - [2022-01-25 22:29:37,214] {dag.py:2396} INFO - Sync 1 DAGs
[2022-01-25 22:29:37,240] {logging_mixin.py:109} INFO - [2022-01-25 22:29:37,239] {dag.py:2935} INFO - Setting next_dagrun for example_skip_dag to 2022-01-24T22:29:37.239548+00:00
[2022-01-25 22:29:37,259] {processor.py:171} INFO - Processing /home/airflow/.local/lib/python3.7/site-packages/airflow/example_dags/example_skip_dag.py took 0.101 seconds
[2022-01-25 22:30:07,369] {processor.py:163} INFO - Started process (PID=467) to work on /home/airflow/.local/lib/python3.7/site-packages/airflow/example_dags/example_skip_dag.py
[2022-01-25 22:30:07,371] {processor.py:642} INFO - Processing file /home/airflow/.local/lib/python3.7/site-packages/airflow/example_dags/example_skip_dag.py for tasks to queue
[2022-01-25 22:30:07,372] {logging_mixin.py:109} INFO - [2022-01-25 22:30:07,371] {dagbag.py:500} INFO - Filling up the DagBag from /home/airflow/.local/lib/python3.7/site-packages/airflow/example_dags/example_skip_dag.py
[2022-01-25 22:30:07,410] {processor.py:654} INFO - DAG(s) dict_keys(['example_skip_dag']) retrieved from /home/airflow/.local/lib/python3.7/site-packages/airflow/example_dags/example_skip_dag.py
[2022-01-25 22:30:07,425] {logging_mixin.py:109} INFO - [2022-01-25 22:30:07,425] {dag.py:2396} INFO - Sync 1 DAGs
[2022-01-25 22:30:07,447] {logging_mixin.py:109} INFO - [2022-01-25 22:30:07,447] {dag.py:2935} INFO - Setting next_dagrun for example_skip_dag to 2022-01-24T22:30:07.447482+00:00
[2022-01-25 22:30:07,459] {processor.py:171} INFO - Processing /home/airflow/.local/lib/python3.7/site-packages/airflow/example_dags/example_skip_dag.py took 0.094 seconds
[2022-01-25 22:30:37,703] {processor.py:163} INFO - Started process (PID=525) to work on /home/airflow/.local/lib/python3.7/site-packages/airflow/example_dags/example_skip_dag.py
[2022-01-25 22:30:37,705] {processor.py:642} INFO - Processing file /home/airflow/.local/lib/python3.7/site-packages/airflow/example_dags/example_skip_dag.py for tasks to queue
[2022-01-25 22:30:37,705] {logging_mixin.py:109} INFO - [2022-01-25 22:30:37,705] {dagbag.py:500} INFO - Filling up the DagBag from /home/airflow/.local/lib/python3.7/site-packages/airflow/example_dags/example_skip_dag.py
[2022-01-25 22:30:37,738] {processor.py:654} INFO - DAG(s) dict_keys(['example_skip_dag']) retrieved from /home/airflow/.local/lib/python3.7/site-packages/airflow/example_dags/example_skip_dag.py
[2022-01-25 22:30:37,749] {logging_mixin.py:109} INFO - [2022-01-25 22:30:37,749] {dag.py:2396} INFO - Sync 1 DAGs
[2022-01-25 22:30:37,768] {logging_mixin.py:109} INFO - [2022-01-25 22:30:37,768] {dag.py:2935} INFO - Setting next_dagrun for example_skip_dag to 2022-01-24T22:30:37.767681+00:00
[2022-01-25 22:30:37,779] {processor.py:171} INFO - Processing /home/airflow/.local/lib/python3.7/site-packages/airflow/example_dags/example_skip_dag.py took 0.080 seconds
[2022-01-25 22:31:07,917] {processor.py:163} INFO - Started process (PID=578) to work on /home/airflow/.local/lib/python3.7/site-packages/airflow/example_dags/example_skip_dag.py
[2022-01-25 22:31:07,919] {processor.py:642} INFO - Processing file /home/airflow/.local/lib/python3.7/site-packages/airflow/example_dags/example_skip_dag.py for tasks to queue
[2022-01-25 22:31:07,921] {logging_mixin.py:109} INFO - [2022-01-25 22:31:07,920] {dagbag.py:500} INFO - Filling up the DagBag from /home/airflow/.local/lib/python3.7/site-packages/airflow/example_dags/example_skip_dag.py
[2022-01-25 22:31:07,989] {processor.py:654} INFO - DAG(s) dict_keys(['example_skip_dag']) retrieved from /home/airflow/.local/lib/python3.7/site-packages/airflow/example_dags/example_skip_dag.py
[2022-01-25 22:31:08,033] {logging_mixin.py:109} INFO - [2022-01-25 22:31:08,033] {dag.py:2396} INFO - Sync 1 DAGs
[2022-01-25 22:31:08,114] {logging_mixin.py:109} INFO - [2022-01-25 22:31:08,107] {dag.py:2935} INFO - Setting next_dagrun for example_skip_dag to 2022-01-24T22:31:08.106330+00:00
[2022-01-25 22:31:08,148] {processor.py:171} INFO - Processing /home/airflow/.local/lib/python3.7/site-packages/airflow/example_dags/example_skip_dag.py took 0.241 seconds
[2022-01-25 22:31:38,574] {processor.py:163} INFO - Started process (PID=645) to work on /home/airflow/.local/lib/python3.7/site-packages/airflow/example_dags/example_skip_dag.py
[2022-01-25 22:31:38,578] {processor.py:642} INFO - Processing file /home/airflow/.local/lib/python3.7/site-packages/airflow/example_dags/example_skip_dag.py for tasks to queue
[2022-01-25 22:31:38,579] {logging_mixin.py:109} INFO - [2022-01-25 22:31:38,578] {dagbag.py:500} INFO - Filling up the DagBag from /home/airflow/.local/lib/python3.7/site-packages/airflow/example_dags/example_skip_dag.py
[2022-01-25 22:31:38,638] {processor.py:654} INFO - DAG(s) dict_keys(['example_skip_dag']) retrieved from /home/airflow/.local/lib/python3.7/site-packages/airflow/example_dags/example_skip_dag.py
[2022-01-25 22:31:38,665] {logging_mixin.py:109} INFO - [2022-01-25 22:31:38,664] {dag.py:2396} INFO - Sync 1 DAGs
[2022-01-25 22:31:38,702] {logging_mixin.py:109} INFO - [2022-01-25 22:31:38,701] {dag.py:2935} INFO - Setting next_dagrun for example_skip_dag to 2022-01-24T22:31:38.701236+00:00
[2022-01-25 22:31:38,747] {processor.py:171} INFO - Processing /home/airflow/.local/lib/python3.7/site-packages/airflow/example_dags/example_skip_dag.py took 0.184 seconds
