[2022-01-25 22:26:21,822] {processor.py:163} INFO - Started process (PID=49) to work on /home/airflow/.local/lib/python3.7/site-packages/airflow/example_dags/example_latest_only.py
[2022-01-25 22:26:21,824] {processor.py:642} INFO - Processing file /home/airflow/.local/lib/python3.7/site-packages/airflow/example_dags/example_latest_only.py for tasks to queue
[2022-01-25 22:26:21,826] {logging_mixin.py:109} INFO - [2022-01-25 22:26:21,825] {dagbag.py:500} INFO - Filling up the DagBag from /home/airflow/.local/lib/python3.7/site-packages/airflow/example_dags/example_latest_only.py
[2022-01-25 22:26:21,944] {processor.py:654} INFO - DAG(s) dict_keys(['latest_only']) retrieved from /home/airflow/.local/lib/python3.7/site-packages/airflow/example_dags/example_latest_only.py
[2022-01-25 22:26:42,225] {logging_mixin.py:109} INFO - [2022-01-25 22:26:42,225] {manager.py:496} INFO - Created Permission View: can read on DAG:latest_only
[2022-01-25 22:26:42,286] {logging_mixin.py:109} INFO - [2022-01-25 22:26:42,286] {manager.py:496} INFO - Created Permission View: can edit on DAG:latest_only
[2022-01-25 22:26:42,293] {logging_mixin.py:109} INFO - [2022-01-25 22:26:42,293] {dag.py:2396} INFO - Sync 1 DAGs
[2022-01-25 22:26:42,414] {logging_mixin.py:109} INFO - [2022-01-25 22:26:42,414] {dag.py:2415} INFO - Creating ORM DAG for latest_only
[2022-01-25 22:26:42,539] {logging_mixin.py:109} INFO - [2022-01-25 22:26:42,539] {dag.py:2935} INFO - Setting next_dagrun for latest_only to 2022-01-25T18:26:42.538782+00:00
[2022-01-25 22:26:42,616] {processor.py:171} INFO - Processing /home/airflow/.local/lib/python3.7/site-packages/airflow/example_dags/example_latest_only.py took 20.815 seconds
[2022-01-25 22:28:05,801] {processor.py:163} INFO - Started process (PID=261) to work on /home/airflow/.local/lib/python3.7/site-packages/airflow/example_dags/example_latest_only.py
[2022-01-25 22:28:05,803] {processor.py:642} INFO - Processing file /home/airflow/.local/lib/python3.7/site-packages/airflow/example_dags/example_latest_only.py for tasks to queue
[2022-01-25 22:28:05,803] {logging_mixin.py:109} INFO - [2022-01-25 22:28:05,803] {dagbag.py:500} INFO - Filling up the DagBag from /home/airflow/.local/lib/python3.7/site-packages/airflow/example_dags/example_latest_only.py
[2022-01-25 22:28:05,854] {processor.py:654} INFO - DAG(s) dict_keys(['latest_only']) retrieved from /home/airflow/.local/lib/python3.7/site-packages/airflow/example_dags/example_latest_only.py
[2022-01-25 22:28:05,868] {logging_mixin.py:109} INFO - [2022-01-25 22:28:05,868] {dag.py:2396} INFO - Sync 1 DAGs
[2022-01-25 22:28:05,896] {logging_mixin.py:109} INFO - [2022-01-25 22:28:05,896] {dag.py:2935} INFO - Setting next_dagrun for latest_only to 2022-01-25T18:28:05.896341+00:00
[2022-01-25 22:28:05,912] {processor.py:171} INFO - Processing /home/airflow/.local/lib/python3.7/site-packages/airflow/example_dags/example_latest_only.py took 0.114 seconds
[2022-01-25 22:28:36,544] {processor.py:163} INFO - Started process (PID=312) to work on /home/airflow/.local/lib/python3.7/site-packages/airflow/example_dags/example_latest_only.py
[2022-01-25 22:28:36,547] {processor.py:642} INFO - Processing file /home/airflow/.local/lib/python3.7/site-packages/airflow/example_dags/example_latest_only.py for tasks to queue
[2022-01-25 22:28:36,547] {logging_mixin.py:109} INFO - [2022-01-25 22:28:36,547] {dagbag.py:500} INFO - Filling up the DagBag from /home/airflow/.local/lib/python3.7/site-packages/airflow/example_dags/example_latest_only.py
[2022-01-25 22:28:36,585] {processor.py:654} INFO - DAG(s) dict_keys(['latest_only']) retrieved from /home/airflow/.local/lib/python3.7/site-packages/airflow/example_dags/example_latest_only.py
[2022-01-25 22:28:36,601] {logging_mixin.py:109} INFO - [2022-01-25 22:28:36,600] {dag.py:2396} INFO - Sync 1 DAGs
[2022-01-25 22:28:36,633] {logging_mixin.py:109} INFO - [2022-01-25 22:28:36,633] {dag.py:2935} INFO - Setting next_dagrun for latest_only to 2022-01-25T18:28:36.632754+00:00
[2022-01-25 22:28:36,649] {processor.py:171} INFO - Processing /home/airflow/.local/lib/python3.7/site-packages/airflow/example_dags/example_latest_only.py took 0.108 seconds
[2022-01-25 22:29:06,877] {processor.py:163} INFO - Started process (PID=364) to work on /home/airflow/.local/lib/python3.7/site-packages/airflow/example_dags/example_latest_only.py
[2022-01-25 22:29:06,879] {processor.py:642} INFO - Processing file /home/airflow/.local/lib/python3.7/site-packages/airflow/example_dags/example_latest_only.py for tasks to queue
[2022-01-25 22:29:06,880] {logging_mixin.py:109} INFO - [2022-01-25 22:29:06,880] {dagbag.py:500} INFO - Filling up the DagBag from /home/airflow/.local/lib/python3.7/site-packages/airflow/example_dags/example_latest_only.py
[2022-01-25 22:29:06,906] {processor.py:654} INFO - DAG(s) dict_keys(['latest_only']) retrieved from /home/airflow/.local/lib/python3.7/site-packages/airflow/example_dags/example_latest_only.py
[2022-01-25 22:29:06,919] {logging_mixin.py:109} INFO - [2022-01-25 22:29:06,919] {dag.py:2396} INFO - Sync 1 DAGs
[2022-01-25 22:29:06,937] {logging_mixin.py:109} INFO - [2022-01-25 22:29:06,936] {dag.py:2935} INFO - Setting next_dagrun for latest_only to 2022-01-25T18:29:06.936717+00:00
[2022-01-25 22:29:06,947] {processor.py:171} INFO - Processing /home/airflow/.local/lib/python3.7/site-packages/airflow/example_dags/example_latest_only.py took 0.073 seconds
[2022-01-25 22:29:37,154] {processor.py:163} INFO - Started process (PID=416) to work on /home/airflow/.local/lib/python3.7/site-packages/airflow/example_dags/example_latest_only.py
[2022-01-25 22:29:37,156] {processor.py:642} INFO - Processing file /home/airflow/.local/lib/python3.7/site-packages/airflow/example_dags/example_latest_only.py for tasks to queue
[2022-01-25 22:29:37,157] {logging_mixin.py:109} INFO - [2022-01-25 22:29:37,156] {dagbag.py:500} INFO - Filling up the DagBag from /home/airflow/.local/lib/python3.7/site-packages/airflow/example_dags/example_latest_only.py
[2022-01-25 22:29:37,190] {processor.py:654} INFO - DAG(s) dict_keys(['latest_only']) retrieved from /home/airflow/.local/lib/python3.7/site-packages/airflow/example_dags/example_latest_only.py
[2022-01-25 22:29:37,202] {logging_mixin.py:109} INFO - [2022-01-25 22:29:37,202] {dag.py:2396} INFO - Sync 1 DAGs
[2022-01-25 22:29:37,226] {logging_mixin.py:109} INFO - [2022-01-25 22:29:37,225] {dag.py:2935} INFO - Setting next_dagrun for latest_only to 2022-01-25T18:29:37.225616+00:00
[2022-01-25 22:29:37,240] {processor.py:171} INFO - Processing /home/airflow/.local/lib/python3.7/site-packages/airflow/example_dags/example_latest_only.py took 0.090 seconds
[2022-01-25 22:30:07,363] {processor.py:163} INFO - Started process (PID=466) to work on /home/airflow/.local/lib/python3.7/site-packages/airflow/example_dags/example_latest_only.py
[2022-01-25 22:30:07,364] {processor.py:642} INFO - Processing file /home/airflow/.local/lib/python3.7/site-packages/airflow/example_dags/example_latest_only.py for tasks to queue
[2022-01-25 22:30:07,365] {logging_mixin.py:109} INFO - [2022-01-25 22:30:07,365] {dagbag.py:500} INFO - Filling up the DagBag from /home/airflow/.local/lib/python3.7/site-packages/airflow/example_dags/example_latest_only.py
[2022-01-25 22:30:07,404] {processor.py:654} INFO - DAG(s) dict_keys(['latest_only']) retrieved from /home/airflow/.local/lib/python3.7/site-packages/airflow/example_dags/example_latest_only.py
[2022-01-25 22:30:07,419] {logging_mixin.py:109} INFO - [2022-01-25 22:30:07,419] {dag.py:2396} INFO - Sync 1 DAGs
[2022-01-25 22:30:07,442] {logging_mixin.py:109} INFO - [2022-01-25 22:30:07,442] {dag.py:2935} INFO - Setting next_dagrun for latest_only to 2022-01-25T18:30:07.441841+00:00
[2022-01-25 22:30:07,453] {processor.py:171} INFO - Processing /home/airflow/.local/lib/python3.7/site-packages/airflow/example_dags/example_latest_only.py took 0.096 seconds
[2022-01-25 22:30:37,698] {processor.py:163} INFO - Started process (PID=524) to work on /home/airflow/.local/lib/python3.7/site-packages/airflow/example_dags/example_latest_only.py
[2022-01-25 22:30:37,700] {processor.py:642} INFO - Processing file /home/airflow/.local/lib/python3.7/site-packages/airflow/example_dags/example_latest_only.py for tasks to queue
[2022-01-25 22:30:37,701] {logging_mixin.py:109} INFO - [2022-01-25 22:30:37,700] {dagbag.py:500} INFO - Filling up the DagBag from /home/airflow/.local/lib/python3.7/site-packages/airflow/example_dags/example_latest_only.py
[2022-01-25 22:30:37,726] {processor.py:654} INFO - DAG(s) dict_keys(['latest_only']) retrieved from /home/airflow/.local/lib/python3.7/site-packages/airflow/example_dags/example_latest_only.py
[2022-01-25 22:30:37,737] {logging_mixin.py:109} INFO - [2022-01-25 22:30:37,737] {dag.py:2396} INFO - Sync 1 DAGs
[2022-01-25 22:30:37,760] {logging_mixin.py:109} INFO - [2022-01-25 22:30:37,760] {dag.py:2935} INFO - Setting next_dagrun for latest_only to 2022-01-25T18:30:37.759879+00:00
[2022-01-25 22:30:37,773] {processor.py:171} INFO - Processing /home/airflow/.local/lib/python3.7/site-packages/airflow/example_dags/example_latest_only.py took 0.079 seconds
[2022-01-25 22:31:07,908] {processor.py:163} INFO - Started process (PID=577) to work on /home/airflow/.local/lib/python3.7/site-packages/airflow/example_dags/example_latest_only.py
[2022-01-25 22:31:07,912] {processor.py:642} INFO - Processing file /home/airflow/.local/lib/python3.7/site-packages/airflow/example_dags/example_latest_only.py for tasks to queue
[2022-01-25 22:31:07,913] {logging_mixin.py:109} INFO - [2022-01-25 22:31:07,913] {dagbag.py:500} INFO - Filling up the DagBag from /home/airflow/.local/lib/python3.7/site-packages/airflow/example_dags/example_latest_only.py
[2022-01-25 22:31:07,990] {processor.py:654} INFO - DAG(s) dict_keys(['latest_only']) retrieved from /home/airflow/.local/lib/python3.7/site-packages/airflow/example_dags/example_latest_only.py
[2022-01-25 22:31:08,037] {logging_mixin.py:109} INFO - [2022-01-25 22:31:08,037] {dag.py:2396} INFO - Sync 1 DAGs
[2022-01-25 22:31:08,079] {logging_mixin.py:109} INFO - [2022-01-25 22:31:08,079] {dag.py:2935} INFO - Setting next_dagrun for latest_only to 2022-01-25T18:31:08.078073+00:00
[2022-01-25 22:31:08,110] {processor.py:171} INFO - Processing /home/airflow/.local/lib/python3.7/site-packages/airflow/example_dags/example_latest_only.py took 0.211 seconds
[2022-01-25 22:31:38,562] {processor.py:163} INFO - Started process (PID=644) to work on /home/airflow/.local/lib/python3.7/site-packages/airflow/example_dags/example_latest_only.py
[2022-01-25 22:31:38,569] {processor.py:642} INFO - Processing file /home/airflow/.local/lib/python3.7/site-packages/airflow/example_dags/example_latest_only.py for tasks to queue
[2022-01-25 22:31:38,571] {logging_mixin.py:109} INFO - [2022-01-25 22:31:38,570] {dagbag.py:500} INFO - Filling up the DagBag from /home/airflow/.local/lib/python3.7/site-packages/airflow/example_dags/example_latest_only.py
[2022-01-25 22:31:38,632] {processor.py:654} INFO - DAG(s) dict_keys(['latest_only']) retrieved from /home/airflow/.local/lib/python3.7/site-packages/airflow/example_dags/example_latest_only.py
[2022-01-25 22:31:38,670] {logging_mixin.py:109} INFO - [2022-01-25 22:31:38,670] {dag.py:2396} INFO - Sync 1 DAGs
[2022-01-25 22:31:38,722] {logging_mixin.py:109} INFO - [2022-01-25 22:31:38,722] {dag.py:2935} INFO - Setting next_dagrun for latest_only to 2022-01-25T18:31:38.722057+00:00
[2022-01-25 22:31:38,744] {processor.py:171} INFO - Processing /home/airflow/.local/lib/python3.7/site-packages/airflow/example_dags/example_latest_only.py took 0.194 seconds
