[2022-01-25 22:27:36,754] {processor.py:163} INFO - Started process (PID=178) to work on /home/airflow/.local/lib/python3.7/site-packages/airflow/example_dags/example_sla_dag.py
[2022-01-25 22:27:36,756] {processor.py:642} INFO - Processing file /home/airflow/.local/lib/python3.7/site-packages/airflow/example_dags/example_sla_dag.py for tasks to queue
[2022-01-25 22:27:36,757] {logging_mixin.py:109} INFO - [2022-01-25 22:27:36,757] {dagbag.py:500} INFO - Filling up the DagBag from /home/airflow/.local/lib/python3.7/site-packages/airflow/example_dags/example_sla_dag.py
[2022-01-25 22:27:36,801] {processor.py:654} INFO - DAG(s) dict_keys(['example_sla_dag']) retrieved from /home/airflow/.local/lib/python3.7/site-packages/airflow/example_dags/example_sla_dag.py
[2022-01-25 22:27:41,263] {logging_mixin.py:109} INFO - [2022-01-25 22:27:41,263] {manager.py:496} INFO - Created Permission View: can read on DAG:example_sla_dag
[2022-01-25 22:27:41,284] {logging_mixin.py:109} INFO - [2022-01-25 22:27:41,283] {manager.py:496} INFO - Created Permission View: can edit on DAG:example_sla_dag
[2022-01-25 22:27:41,285] {logging_mixin.py:109} INFO - [2022-01-25 22:27:41,284] {dag.py:2396} INFO - Sync 1 DAGs
[2022-01-25 22:27:41,301] {logging_mixin.py:109} INFO - [2022-01-25 22:27:41,300] {dag.py:2415} INFO - Creating ORM DAG for example_sla_dag
[2022-01-25 22:27:41,327] {logging_mixin.py:109} INFO - [2022-01-25 22:27:41,327] {dag.py:2935} INFO - Setting next_dagrun for example_sla_dag to 2022-01-25T22:24:00+00:00
[2022-01-25 22:27:41,350] {processor.py:171} INFO - Processing /home/airflow/.local/lib/python3.7/site-packages/airflow/example_dags/example_sla_dag.py took 4.601 seconds
[2022-01-25 22:28:11,511] {processor.py:163} INFO - Started process (PID=280) to work on /home/airflow/.local/lib/python3.7/site-packages/airflow/example_dags/example_sla_dag.py
[2022-01-25 22:28:11,514] {processor.py:642} INFO - Processing file /home/airflow/.local/lib/python3.7/site-packages/airflow/example_dags/example_sla_dag.py for tasks to queue
[2022-01-25 22:28:11,515] {logging_mixin.py:109} INFO - [2022-01-25 22:28:11,515] {dagbag.py:500} INFO - Filling up the DagBag from /home/airflow/.local/lib/python3.7/site-packages/airflow/example_dags/example_sla_dag.py
[2022-01-25 22:28:11,550] {processor.py:654} INFO - DAG(s) dict_keys(['example_sla_dag']) retrieved from /home/airflow/.local/lib/python3.7/site-packages/airflow/example_dags/example_sla_dag.py
[2022-01-25 22:28:11,560] {logging_mixin.py:109} INFO - [2022-01-25 22:28:11,560] {dag.py:2396} INFO - Sync 1 DAGs
[2022-01-25 22:28:11,580] {logging_mixin.py:109} INFO - [2022-01-25 22:28:11,580] {dag.py:2935} INFO - Setting next_dagrun for example_sla_dag to 2022-01-25T22:26:00+00:00
[2022-01-25 22:28:11,591] {processor.py:171} INFO - Processing /home/airflow/.local/lib/python3.7/site-packages/airflow/example_dags/example_sla_dag.py took 0.088 seconds
[2022-01-25 22:28:41,975] {processor.py:163} INFO - Started process (PID=334) to work on /home/airflow/.local/lib/python3.7/site-packages/airflow/example_dags/example_sla_dag.py
[2022-01-25 22:28:41,977] {processor.py:642} INFO - Processing file /home/airflow/.local/lib/python3.7/site-packages/airflow/example_dags/example_sla_dag.py for tasks to queue
[2022-01-25 22:28:41,978] {logging_mixin.py:109} INFO - [2022-01-25 22:28:41,978] {dagbag.py:500} INFO - Filling up the DagBag from /home/airflow/.local/lib/python3.7/site-packages/airflow/example_dags/example_sla_dag.py
[2022-01-25 22:28:42,010] {processor.py:654} INFO - DAG(s) dict_keys(['example_sla_dag']) retrieved from /home/airflow/.local/lib/python3.7/site-packages/airflow/example_dags/example_sla_dag.py
[2022-01-25 22:28:42,020] {logging_mixin.py:109} INFO - [2022-01-25 22:28:42,020] {dag.py:2396} INFO - Sync 1 DAGs
[2022-01-25 22:28:42,040] {logging_mixin.py:109} INFO - [2022-01-25 22:28:42,040] {dag.py:2935} INFO - Setting next_dagrun for example_sla_dag to 2022-01-25T22:26:00+00:00
[2022-01-25 22:28:42,050] {processor.py:171} INFO - Processing /home/airflow/.local/lib/python3.7/site-packages/airflow/example_dags/example_sla_dag.py took 0.083 seconds
[2022-01-25 22:29:12,241] {processor.py:163} INFO - Started process (PID=386) to work on /home/airflow/.local/lib/python3.7/site-packages/airflow/example_dags/example_sla_dag.py
[2022-01-25 22:29:12,243] {processor.py:642} INFO - Processing file /home/airflow/.local/lib/python3.7/site-packages/airflow/example_dags/example_sla_dag.py for tasks to queue
[2022-01-25 22:29:12,243] {logging_mixin.py:109} INFO - [2022-01-25 22:29:12,243] {dagbag.py:500} INFO - Filling up the DagBag from /home/airflow/.local/lib/python3.7/site-packages/airflow/example_dags/example_sla_dag.py
[2022-01-25 22:29:12,276] {processor.py:654} INFO - DAG(s) dict_keys(['example_sla_dag']) retrieved from /home/airflow/.local/lib/python3.7/site-packages/airflow/example_dags/example_sla_dag.py
[2022-01-25 22:29:12,285] {logging_mixin.py:109} INFO - [2022-01-25 22:29:12,285] {dag.py:2396} INFO - Sync 1 DAGs
[2022-01-25 22:29:12,305] {logging_mixin.py:109} INFO - [2022-01-25 22:29:12,305] {dag.py:2935} INFO - Setting next_dagrun for example_sla_dag to 2022-01-25T22:26:00+00:00
[2022-01-25 22:29:12,315] {processor.py:171} INFO - Processing /home/airflow/.local/lib/python3.7/site-packages/airflow/example_dags/example_sla_dag.py took 0.077 seconds
[2022-01-25 22:29:42,397] {processor.py:163} INFO - Started process (PID=438) to work on /home/airflow/.local/lib/python3.7/site-packages/airflow/example_dags/example_sla_dag.py
[2022-01-25 22:29:42,398] {processor.py:642} INFO - Processing file /home/airflow/.local/lib/python3.7/site-packages/airflow/example_dags/example_sla_dag.py for tasks to queue
[2022-01-25 22:29:42,399] {logging_mixin.py:109} INFO - [2022-01-25 22:29:42,399] {dagbag.py:500} INFO - Filling up the DagBag from /home/airflow/.local/lib/python3.7/site-packages/airflow/example_dags/example_sla_dag.py
[2022-01-25 22:29:42,436] {processor.py:654} INFO - DAG(s) dict_keys(['example_sla_dag']) retrieved from /home/airflow/.local/lib/python3.7/site-packages/airflow/example_dags/example_sla_dag.py
[2022-01-25 22:29:42,449] {logging_mixin.py:109} INFO - [2022-01-25 22:29:42,449] {dag.py:2396} INFO - Sync 1 DAGs
[2022-01-25 22:29:42,478] {logging_mixin.py:109} INFO - [2022-01-25 22:29:42,478] {dag.py:2935} INFO - Setting next_dagrun for example_sla_dag to 2022-01-25T22:26:00+00:00
[2022-01-25 22:29:42,488] {processor.py:171} INFO - Processing /home/airflow/.local/lib/python3.7/site-packages/airflow/example_dags/example_sla_dag.py took 0.094 seconds
[2022-01-25 22:30:13,317] {processor.py:163} INFO - Started process (PID=497) to work on /home/airflow/.local/lib/python3.7/site-packages/airflow/example_dags/example_sla_dag.py
[2022-01-25 22:30:13,318] {processor.py:642} INFO - Processing file /home/airflow/.local/lib/python3.7/site-packages/airflow/example_dags/example_sla_dag.py for tasks to queue
[2022-01-25 22:30:13,319] {logging_mixin.py:109} INFO - [2022-01-25 22:30:13,319] {dagbag.py:500} INFO - Filling up the DagBag from /home/airflow/.local/lib/python3.7/site-packages/airflow/example_dags/example_sla_dag.py
[2022-01-25 22:30:13,368] {processor.py:654} INFO - DAG(s) dict_keys(['example_sla_dag']) retrieved from /home/airflow/.local/lib/python3.7/site-packages/airflow/example_dags/example_sla_dag.py
[2022-01-25 22:30:13,386] {logging_mixin.py:109} INFO - [2022-01-25 22:30:13,386] {dag.py:2396} INFO - Sync 1 DAGs
[2022-01-25 22:30:13,426] {logging_mixin.py:109} INFO - [2022-01-25 22:30:13,426] {dag.py:2935} INFO - Setting next_dagrun for example_sla_dag to 2022-01-25T22:28:00+00:00
[2022-01-25 22:30:13,446] {processor.py:171} INFO - Processing /home/airflow/.local/lib/python3.7/site-packages/airflow/example_dags/example_sla_dag.py took 0.133 seconds
[2022-01-25 22:30:43,482] {processor.py:163} INFO - Started process (PID=547) to work on /home/airflow/.local/lib/python3.7/site-packages/airflow/example_dags/example_sla_dag.py
[2022-01-25 22:30:43,483] {processor.py:642} INFO - Processing file /home/airflow/.local/lib/python3.7/site-packages/airflow/example_dags/example_sla_dag.py for tasks to queue
[2022-01-25 22:30:43,484] {logging_mixin.py:109} INFO - [2022-01-25 22:30:43,484] {dagbag.py:500} INFO - Filling up the DagBag from /home/airflow/.local/lib/python3.7/site-packages/airflow/example_dags/example_sla_dag.py
[2022-01-25 22:30:43,513] {processor.py:654} INFO - DAG(s) dict_keys(['example_sla_dag']) retrieved from /home/airflow/.local/lib/python3.7/site-packages/airflow/example_dags/example_sla_dag.py
[2022-01-25 22:30:43,521] {logging_mixin.py:109} INFO - [2022-01-25 22:30:43,521] {dag.py:2396} INFO - Sync 1 DAGs
[2022-01-25 22:30:43,541] {logging_mixin.py:109} INFO - [2022-01-25 22:30:43,541] {dag.py:2935} INFO - Setting next_dagrun for example_sla_dag to 2022-01-25T22:28:00+00:00
[2022-01-25 22:30:43,550] {processor.py:171} INFO - Processing /home/airflow/.local/lib/python3.7/site-packages/airflow/example_dags/example_sla_dag.py took 0.071 seconds
[2022-01-25 22:31:15,925] {processor.py:163} INFO - Started process (PID=599) to work on /home/airflow/.local/lib/python3.7/site-packages/airflow/example_dags/example_sla_dag.py
[2022-01-25 22:31:15,936] {processor.py:642} INFO - Processing file /home/airflow/.local/lib/python3.7/site-packages/airflow/example_dags/example_sla_dag.py for tasks to queue
[2022-01-25 22:31:15,944] {logging_mixin.py:109} INFO - [2022-01-25 22:31:15,944] {dagbag.py:500} INFO - Filling up the DagBag from /home/airflow/.local/lib/python3.7/site-packages/airflow/example_dags/example_sla_dag.py
[2022-01-25 22:31:16,029] {processor.py:654} INFO - DAG(s) dict_keys(['example_sla_dag']) retrieved from /home/airflow/.local/lib/python3.7/site-packages/airflow/example_dags/example_sla_dag.py
[2022-01-25 22:31:16,044] {logging_mixin.py:109} INFO - [2022-01-25 22:31:16,044] {dag.py:2396} INFO - Sync 1 DAGs
[2022-01-25 22:31:16,081] {logging_mixin.py:109} INFO - [2022-01-25 22:31:16,080] {dag.py:2935} INFO - Setting next_dagrun for example_sla_dag to 2022-01-25T22:28:00+00:00
[2022-01-25 22:31:16,101] {processor.py:171} INFO - Processing /home/airflow/.local/lib/python3.7/site-packages/airflow/example_dags/example_sla_dag.py took 0.181 seconds
[2022-01-25 22:31:46,163] {processor.py:163} INFO - Started process (PID=665) to work on /home/airflow/.local/lib/python3.7/site-packages/airflow/example_dags/example_sla_dag.py
[2022-01-25 22:31:46,164] {processor.py:642} INFO - Processing file /home/airflow/.local/lib/python3.7/site-packages/airflow/example_dags/example_sla_dag.py for tasks to queue
[2022-01-25 22:31:46,165] {logging_mixin.py:109} INFO - [2022-01-25 22:31:46,165] {dagbag.py:500} INFO - Filling up the DagBag from /home/airflow/.local/lib/python3.7/site-packages/airflow/example_dags/example_sla_dag.py
[2022-01-25 22:31:46,197] {processor.py:654} INFO - DAG(s) dict_keys(['example_sla_dag']) retrieved from /home/airflow/.local/lib/python3.7/site-packages/airflow/example_dags/example_sla_dag.py
[2022-01-25 22:31:46,208] {logging_mixin.py:109} INFO - [2022-01-25 22:31:46,208] {dag.py:2396} INFO - Sync 1 DAGs
[2022-01-25 22:31:46,231] {logging_mixin.py:109} INFO - [2022-01-25 22:31:46,231] {dag.py:2935} INFO - Setting next_dagrun for example_sla_dag to 2022-01-25T22:28:00+00:00
[2022-01-25 22:31:46,240] {processor.py:171} INFO - Processing /home/airflow/.local/lib/python3.7/site-packages/airflow/example_dags/example_sla_dag.py took 0.081 seconds
