[2022-01-25 22:27:53,123] {processor.py:163} INFO - Started process (PID=215) to work on /home/airflow/.local/lib/python3.7/site-packages/airflow/example_dags/example_task_group.py
[2022-01-25 22:27:53,128] {processor.py:642} INFO - Processing file /home/airflow/.local/lib/python3.7/site-packages/airflow/example_dags/example_task_group.py for tasks to queue
[2022-01-25 22:27:53,132] {logging_mixin.py:109} INFO - [2022-01-25 22:27:53,132] {dagbag.py:500} INFO - Filling up the DagBag from /home/airflow/.local/lib/python3.7/site-packages/airflow/example_dags/example_task_group.py
[2022-01-25 22:27:53,224] {processor.py:654} INFO - DAG(s) dict_keys(['example_task_group']) retrieved from /home/airflow/.local/lib/python3.7/site-packages/airflow/example_dags/example_task_group.py
[2022-01-25 22:27:56,815] {logging_mixin.py:109} INFO - [2022-01-25 22:27:56,815] {manager.py:496} INFO - Created Permission View: can read on DAG:example_task_group
[2022-01-25 22:27:56,840] {logging_mixin.py:109} INFO - [2022-01-25 22:27:56,839] {manager.py:496} INFO - Created Permission View: can edit on DAG:example_task_group
[2022-01-25 22:27:56,842] {logging_mixin.py:109} INFO - [2022-01-25 22:27:56,840] {dag.py:2396} INFO - Sync 1 DAGs
[2022-01-25 22:27:56,865] {logging_mixin.py:109} INFO - [2022-01-25 22:27:56,865] {dag.py:2415} INFO - Creating ORM DAG for example_task_group
[2022-01-25 22:27:56,879] {logging_mixin.py:109} INFO - [2022-01-25 22:27:56,879] {dag.py:2935} INFO - Setting next_dagrun for example_task_group to 2022-01-24T22:27:56.878815+00:00
[2022-01-25 22:27:56,895] {processor.py:171} INFO - Processing /home/airflow/.local/lib/python3.7/site-packages/airflow/example_dags/example_task_group.py took 3.778 seconds
[2022-01-25 22:28:27,269] {processor.py:163} INFO - Started process (PID=297) to work on /home/airflow/.local/lib/python3.7/site-packages/airflow/example_dags/example_task_group.py
[2022-01-25 22:28:27,271] {processor.py:642} INFO - Processing file /home/airflow/.local/lib/python3.7/site-packages/airflow/example_dags/example_task_group.py for tasks to queue
[2022-01-25 22:28:27,272] {logging_mixin.py:109} INFO - [2022-01-25 22:28:27,272] {dagbag.py:500} INFO - Filling up the DagBag from /home/airflow/.local/lib/python3.7/site-packages/airflow/example_dags/example_task_group.py
[2022-01-25 22:28:27,336] {processor.py:654} INFO - DAG(s) dict_keys(['example_task_group']) retrieved from /home/airflow/.local/lib/python3.7/site-packages/airflow/example_dags/example_task_group.py
[2022-01-25 22:28:27,349] {logging_mixin.py:109} INFO - [2022-01-25 22:28:27,349] {dag.py:2396} INFO - Sync 1 DAGs
[2022-01-25 22:28:27,370] {logging_mixin.py:109} INFO - [2022-01-25 22:28:27,370] {dag.py:2935} INFO - Setting next_dagrun for example_task_group to 2022-01-24T22:28:27.370350+00:00
[2022-01-25 22:28:27,380] {processor.py:171} INFO - Processing /home/airflow/.local/lib/python3.7/site-packages/airflow/example_dags/example_task_group.py took 0.115 seconds
[2022-01-25 22:28:57,647] {processor.py:163} INFO - Started process (PID=349) to work on /home/airflow/.local/lib/python3.7/site-packages/airflow/example_dags/example_task_group.py
[2022-01-25 22:28:57,648] {processor.py:642} INFO - Processing file /home/airflow/.local/lib/python3.7/site-packages/airflow/example_dags/example_task_group.py for tasks to queue
[2022-01-25 22:28:57,649] {logging_mixin.py:109} INFO - [2022-01-25 22:28:57,649] {dagbag.py:500} INFO - Filling up the DagBag from /home/airflow/.local/lib/python3.7/site-packages/airflow/example_dags/example_task_group.py
[2022-01-25 22:28:57,683] {processor.py:654} INFO - DAG(s) dict_keys(['example_task_group']) retrieved from /home/airflow/.local/lib/python3.7/site-packages/airflow/example_dags/example_task_group.py
[2022-01-25 22:28:57,698] {logging_mixin.py:109} INFO - [2022-01-25 22:28:57,698] {dag.py:2396} INFO - Sync 1 DAGs
[2022-01-25 22:28:57,723] {logging_mixin.py:109} INFO - [2022-01-25 22:28:57,723] {dag.py:2935} INFO - Setting next_dagrun for example_task_group to 2022-01-24T22:28:57.723011+00:00
[2022-01-25 22:28:57,736] {processor.py:171} INFO - Processing /home/airflow/.local/lib/python3.7/site-packages/airflow/example_dags/example_task_group.py took 0.093 seconds
[2022-01-25 22:29:27,860] {processor.py:163} INFO - Started process (PID=401) to work on /home/airflow/.local/lib/python3.7/site-packages/airflow/example_dags/example_task_group.py
[2022-01-25 22:29:27,863] {processor.py:642} INFO - Processing file /home/airflow/.local/lib/python3.7/site-packages/airflow/example_dags/example_task_group.py for tasks to queue
[2022-01-25 22:29:27,864] {logging_mixin.py:109} INFO - [2022-01-25 22:29:27,864] {dagbag.py:500} INFO - Filling up the DagBag from /home/airflow/.local/lib/python3.7/site-packages/airflow/example_dags/example_task_group.py
[2022-01-25 22:29:27,933] {processor.py:654} INFO - DAG(s) dict_keys(['example_task_group']) retrieved from /home/airflow/.local/lib/python3.7/site-packages/airflow/example_dags/example_task_group.py
[2022-01-25 22:29:27,960] {logging_mixin.py:109} INFO - [2022-01-25 22:29:27,960] {dag.py:2396} INFO - Sync 1 DAGs
[2022-01-25 22:29:27,990] {logging_mixin.py:109} INFO - [2022-01-25 22:29:27,989] {dag.py:2935} INFO - Setting next_dagrun for example_task_group to 2022-01-24T22:29:27.989458+00:00
[2022-01-25 22:29:28,005] {processor.py:171} INFO - Processing /home/airflow/.local/lib/python3.7/site-packages/airflow/example_dags/example_task_group.py took 0.152 seconds
[2022-01-25 22:29:58,045] {processor.py:163} INFO - Started process (PID=462) to work on /home/airflow/.local/lib/python3.7/site-packages/airflow/example_dags/example_task_group.py
[2022-01-25 22:29:58,047] {processor.py:642} INFO - Processing file /home/airflow/.local/lib/python3.7/site-packages/airflow/example_dags/example_task_group.py for tasks to queue
[2022-01-25 22:29:58,049] {logging_mixin.py:109} INFO - [2022-01-25 22:29:58,048] {dagbag.py:500} INFO - Filling up the DagBag from /home/airflow/.local/lib/python3.7/site-packages/airflow/example_dags/example_task_group.py
[2022-01-25 22:29:58,095] {processor.py:654} INFO - DAG(s) dict_keys(['example_task_group']) retrieved from /home/airflow/.local/lib/python3.7/site-packages/airflow/example_dags/example_task_group.py
[2022-01-25 22:29:58,114] {logging_mixin.py:109} INFO - [2022-01-25 22:29:58,114] {dag.py:2396} INFO - Sync 1 DAGs
[2022-01-25 22:29:58,151] {logging_mixin.py:109} INFO - [2022-01-25 22:29:58,151] {dag.py:2935} INFO - Setting next_dagrun for example_task_group to 2022-01-24T22:29:58.150675+00:00
[2022-01-25 22:29:58,167] {processor.py:171} INFO - Processing /home/airflow/.local/lib/python3.7/site-packages/airflow/example_dags/example_task_group.py took 0.127 seconds
[2022-01-25 22:30:28,457] {processor.py:163} INFO - Started process (PID=512) to work on /home/airflow/.local/lib/python3.7/site-packages/airflow/example_dags/example_task_group.py
[2022-01-25 22:30:28,459] {processor.py:642} INFO - Processing file /home/airflow/.local/lib/python3.7/site-packages/airflow/example_dags/example_task_group.py for tasks to queue
[2022-01-25 22:30:28,460] {logging_mixin.py:109} INFO - [2022-01-25 22:30:28,459] {dagbag.py:500} INFO - Filling up the DagBag from /home/airflow/.local/lib/python3.7/site-packages/airflow/example_dags/example_task_group.py
[2022-01-25 22:30:28,491] {processor.py:654} INFO - DAG(s) dict_keys(['example_task_group']) retrieved from /home/airflow/.local/lib/python3.7/site-packages/airflow/example_dags/example_task_group.py
[2022-01-25 22:30:28,502] {logging_mixin.py:109} INFO - [2022-01-25 22:30:28,502] {dag.py:2396} INFO - Sync 1 DAGs
[2022-01-25 22:30:28,518] {logging_mixin.py:109} INFO - [2022-01-25 22:30:28,518] {dag.py:2935} INFO - Setting next_dagrun for example_task_group to 2022-01-24T22:30:28.518602+00:00
[2022-01-25 22:30:28,528] {processor.py:171} INFO - Processing /home/airflow/.local/lib/python3.7/site-packages/airflow/example_dags/example_task_group.py took 0.074 seconds
[2022-01-25 22:30:59,327] {processor.py:163} INFO - Started process (PID=564) to work on /home/airflow/.local/lib/python3.7/site-packages/airflow/example_dags/example_task_group.py
[2022-01-25 22:30:59,329] {processor.py:642} INFO - Processing file /home/airflow/.local/lib/python3.7/site-packages/airflow/example_dags/example_task_group.py for tasks to queue
[2022-01-25 22:30:59,330] {logging_mixin.py:109} INFO - [2022-01-25 22:30:59,329] {dagbag.py:500} INFO - Filling up the DagBag from /home/airflow/.local/lib/python3.7/site-packages/airflow/example_dags/example_task_group.py
[2022-01-25 22:30:59,367] {processor.py:654} INFO - DAG(s) dict_keys(['example_task_group']) retrieved from /home/airflow/.local/lib/python3.7/site-packages/airflow/example_dags/example_task_group.py
[2022-01-25 22:30:59,384] {logging_mixin.py:109} INFO - [2022-01-25 22:30:59,384] {dag.py:2396} INFO - Sync 1 DAGs
[2022-01-25 22:30:59,409] {logging_mixin.py:109} INFO - [2022-01-25 22:30:59,409] {dag.py:2935} INFO - Setting next_dagrun for example_task_group to 2022-01-24T22:30:59.409241+00:00
[2022-01-25 22:30:59,423] {processor.py:171} INFO - Processing /home/airflow/.local/lib/python3.7/site-packages/airflow/example_dags/example_task_group.py took 0.100 seconds
[2022-01-25 22:31:30,234] {processor.py:163} INFO - Started process (PID=625) to work on /home/airflow/.local/lib/python3.7/site-packages/airflow/example_dags/example_task_group.py
[2022-01-25 22:31:30,236] {processor.py:642} INFO - Processing file /home/airflow/.local/lib/python3.7/site-packages/airflow/example_dags/example_task_group.py for tasks to queue
[2022-01-25 22:31:30,237] {logging_mixin.py:109} INFO - [2022-01-25 22:31:30,236] {dagbag.py:500} INFO - Filling up the DagBag from /home/airflow/.local/lib/python3.7/site-packages/airflow/example_dags/example_task_group.py
[2022-01-25 22:31:30,263] {processor.py:654} INFO - DAG(s) dict_keys(['example_task_group']) retrieved from /home/airflow/.local/lib/python3.7/site-packages/airflow/example_dags/example_task_group.py
[2022-01-25 22:31:30,275] {logging_mixin.py:109} INFO - [2022-01-25 22:31:30,275] {dag.py:2396} INFO - Sync 1 DAGs
[2022-01-25 22:31:30,297] {logging_mixin.py:109} INFO - [2022-01-25 22:31:30,297] {dag.py:2935} INFO - Setting next_dagrun for example_task_group to 2022-01-24T22:31:30.297187+00:00
[2022-01-25 22:31:30,312] {processor.py:171} INFO - Processing /home/airflow/.local/lib/python3.7/site-packages/airflow/example_dags/example_task_group.py took 0.081 seconds
[2022-01-25 22:32:00,529] {processor.py:163} INFO - Started process (PID=687) to work on /home/airflow/.local/lib/python3.7/site-packages/airflow/example_dags/example_task_group.py
[2022-01-25 22:32:00,530] {processor.py:642} INFO - Processing file /home/airflow/.local/lib/python3.7/site-packages/airflow/example_dags/example_task_group.py for tasks to queue
[2022-01-25 22:32:00,531] {logging_mixin.py:109} INFO - [2022-01-25 22:32:00,531] {dagbag.py:500} INFO - Filling up the DagBag from /home/airflow/.local/lib/python3.7/site-packages/airflow/example_dags/example_task_group.py
[2022-01-25 22:32:00,565] {processor.py:654} INFO - DAG(s) dict_keys(['example_task_group']) retrieved from /home/airflow/.local/lib/python3.7/site-packages/airflow/example_dags/example_task_group.py
[2022-01-25 22:32:00,582] {logging_mixin.py:109} INFO - [2022-01-25 22:32:00,582] {dag.py:2396} INFO - Sync 1 DAGs
[2022-01-25 22:32:00,602] {logging_mixin.py:109} INFO - [2022-01-25 22:32:00,602] {dag.py:2935} INFO - Setting next_dagrun for example_task_group to 2022-01-24T22:32:00.601926+00:00
[2022-01-25 22:32:00,613] {processor.py:171} INFO - Processing /home/airflow/.local/lib/python3.7/site-packages/airflow/example_dags/example_task_group.py took 0.088 seconds
