[2022-01-25 22:27:13,174] {processor.py:163} INFO - Started process (PID=114) to work on /home/airflow/.local/lib/python3.7/site-packages/airflow/example_dags/example_branch_operator.py
[2022-01-25 22:27:13,186] {processor.py:642} INFO - Processing file /home/airflow/.local/lib/python3.7/site-packages/airflow/example_dags/example_branch_operator.py for tasks to queue
[2022-01-25 22:27:13,202] {logging_mixin.py:109} INFO - [2022-01-25 22:27:13,202] {dagbag.py:500} INFO - Filling up the DagBag from /home/airflow/.local/lib/python3.7/site-packages/airflow/example_dags/example_branch_operator.py
[2022-01-25 22:27:13,446] {processor.py:654} INFO - DAG(s) dict_keys(['example_branch_operator']) retrieved from /home/airflow/.local/lib/python3.7/site-packages/airflow/example_dags/example_branch_operator.py
[2022-01-25 22:27:19,102] {logging_mixin.py:109} INFO - [2022-01-25 22:27:19,102] {manager.py:496} INFO - Created Permission View: can read on DAG:example_branch_operator
[2022-01-25 22:27:19,119] {logging_mixin.py:109} INFO - [2022-01-25 22:27:19,119] {manager.py:496} INFO - Created Permission View: can edit on DAG:example_branch_operator
[2022-01-25 22:27:19,120] {logging_mixin.py:109} INFO - [2022-01-25 22:27:19,119] {dag.py:2396} INFO - Sync 1 DAGs
[2022-01-25 22:27:19,133] {logging_mixin.py:109} INFO - [2022-01-25 22:27:19,133] {dag.py:2415} INFO - Creating ORM DAG for example_branch_operator
[2022-01-25 22:27:19,147] {logging_mixin.py:109} INFO - [2022-01-25 22:27:19,146] {dag.py:2935} INFO - Setting next_dagrun for example_branch_operator to 2022-01-24 00:00:00+00:00
[2022-01-25 22:27:19,177] {processor.py:171} INFO - Processing /home/airflow/.local/lib/python3.7/site-packages/airflow/example_dags/example_branch_operator.py took 6.023 seconds
[2022-01-25 22:28:06,991] {processor.py:163} INFO - Started process (PID=269) to work on /home/airflow/.local/lib/python3.7/site-packages/airflow/example_dags/example_branch_operator.py
[2022-01-25 22:28:06,992] {processor.py:642} INFO - Processing file /home/airflow/.local/lib/python3.7/site-packages/airflow/example_dags/example_branch_operator.py for tasks to queue
[2022-01-25 22:28:06,993] {logging_mixin.py:109} INFO - [2022-01-25 22:28:06,993] {dagbag.py:500} INFO - Filling up the DagBag from /home/airflow/.local/lib/python3.7/site-packages/airflow/example_dags/example_branch_operator.py
[2022-01-25 22:28:07,050] {processor.py:654} INFO - DAG(s) dict_keys(['example_branch_operator']) retrieved from /home/airflow/.local/lib/python3.7/site-packages/airflow/example_dags/example_branch_operator.py
[2022-01-25 22:28:07,090] {logging_mixin.py:109} INFO - [2022-01-25 22:28:07,090] {dag.py:2396} INFO - Sync 1 DAGs
[2022-01-25 22:28:07,134] {logging_mixin.py:109} INFO - [2022-01-25 22:28:07,134] {dag.py:2935} INFO - Setting next_dagrun for example_branch_operator to 2022-01-24 00:00:00+00:00
[2022-01-25 22:28:07,149] {processor.py:171} INFO - Processing /home/airflow/.local/lib/python3.7/site-packages/airflow/example_dags/example_branch_operator.py took 0.162 seconds
[2022-01-25 22:28:37,245] {processor.py:163} INFO - Started process (PID=322) to work on /home/airflow/.local/lib/python3.7/site-packages/airflow/example_dags/example_branch_operator.py
[2022-01-25 22:28:37,246] {processor.py:642} INFO - Processing file /home/airflow/.local/lib/python3.7/site-packages/airflow/example_dags/example_branch_operator.py for tasks to queue
[2022-01-25 22:28:37,247] {logging_mixin.py:109} INFO - [2022-01-25 22:28:37,247] {dagbag.py:500} INFO - Filling up the DagBag from /home/airflow/.local/lib/python3.7/site-packages/airflow/example_dags/example_branch_operator.py
[2022-01-25 22:28:37,305] {processor.py:654} INFO - DAG(s) dict_keys(['example_branch_operator']) retrieved from /home/airflow/.local/lib/python3.7/site-packages/airflow/example_dags/example_branch_operator.py
[2022-01-25 22:28:37,333] {logging_mixin.py:109} INFO - [2022-01-25 22:28:37,333] {dag.py:2396} INFO - Sync 1 DAGs
[2022-01-25 22:28:37,367] {logging_mixin.py:109} INFO - [2022-01-25 22:28:37,367] {dag.py:2935} INFO - Setting next_dagrun for example_branch_operator to 2022-01-24 00:00:00+00:00
[2022-01-25 22:28:37,381] {processor.py:171} INFO - Processing /home/airflow/.local/lib/python3.7/site-packages/airflow/example_dags/example_branch_operator.py took 0.140 seconds
[2022-01-25 22:29:08,267] {processor.py:163} INFO - Started process (PID=374) to work on /home/airflow/.local/lib/python3.7/site-packages/airflow/example_dags/example_branch_operator.py
[2022-01-25 22:29:08,269] {processor.py:642} INFO - Processing file /home/airflow/.local/lib/python3.7/site-packages/airflow/example_dags/example_branch_operator.py for tasks to queue
[2022-01-25 22:29:08,269] {logging_mixin.py:109} INFO - [2022-01-25 22:29:08,269] {dagbag.py:500} INFO - Filling up the DagBag from /home/airflow/.local/lib/python3.7/site-packages/airflow/example_dags/example_branch_operator.py
[2022-01-25 22:29:08,317] {processor.py:654} INFO - DAG(s) dict_keys(['example_branch_operator']) retrieved from /home/airflow/.local/lib/python3.7/site-packages/airflow/example_dags/example_branch_operator.py
[2022-01-25 22:29:08,336] {logging_mixin.py:109} INFO - [2022-01-25 22:29:08,336] {dag.py:2396} INFO - Sync 1 DAGs
[2022-01-25 22:29:08,361] {logging_mixin.py:109} INFO - [2022-01-25 22:29:08,361] {dag.py:2935} INFO - Setting next_dagrun for example_branch_operator to 2022-01-24 00:00:00+00:00
[2022-01-25 22:29:08,372] {processor.py:171} INFO - Processing /home/airflow/.local/lib/python3.7/site-packages/airflow/example_dags/example_branch_operator.py took 0.109 seconds
[2022-01-25 22:29:38,716] {processor.py:163} INFO - Started process (PID=426) to work on /home/airflow/.local/lib/python3.7/site-packages/airflow/example_dags/example_branch_operator.py
[2022-01-25 22:29:38,718] {processor.py:642} INFO - Processing file /home/airflow/.local/lib/python3.7/site-packages/airflow/example_dags/example_branch_operator.py for tasks to queue
[2022-01-25 22:29:38,719] {logging_mixin.py:109} INFO - [2022-01-25 22:29:38,718] {dagbag.py:500} INFO - Filling up the DagBag from /home/airflow/.local/lib/python3.7/site-packages/airflow/example_dags/example_branch_operator.py
[2022-01-25 22:29:38,757] {processor.py:654} INFO - DAG(s) dict_keys(['example_branch_operator']) retrieved from /home/airflow/.local/lib/python3.7/site-packages/airflow/example_dags/example_branch_operator.py
[2022-01-25 22:29:38,771] {logging_mixin.py:109} INFO - [2022-01-25 22:29:38,771] {dag.py:2396} INFO - Sync 1 DAGs
[2022-01-25 22:29:38,794] {logging_mixin.py:109} INFO - [2022-01-25 22:29:38,794] {dag.py:2935} INFO - Setting next_dagrun for example_branch_operator to 2022-01-24 00:00:00+00:00
[2022-01-25 22:29:38,803] {processor.py:171} INFO - Processing /home/airflow/.local/lib/python3.7/site-packages/airflow/example_dags/example_branch_operator.py took 0.091 seconds
[2022-01-25 22:30:08,850] {processor.py:163} INFO - Started process (PID=476) to work on /home/airflow/.local/lib/python3.7/site-packages/airflow/example_dags/example_branch_operator.py
[2022-01-25 22:30:08,852] {processor.py:642} INFO - Processing file /home/airflow/.local/lib/python3.7/site-packages/airflow/example_dags/example_branch_operator.py for tasks to queue
[2022-01-25 22:30:08,853] {logging_mixin.py:109} INFO - [2022-01-25 22:30:08,853] {dagbag.py:500} INFO - Filling up the DagBag from /home/airflow/.local/lib/python3.7/site-packages/airflow/example_dags/example_branch_operator.py
[2022-01-25 22:30:08,908] {processor.py:654} INFO - DAG(s) dict_keys(['example_branch_operator']) retrieved from /home/airflow/.local/lib/python3.7/site-packages/airflow/example_dags/example_branch_operator.py
[2022-01-25 22:30:08,920] {logging_mixin.py:109} INFO - [2022-01-25 22:30:08,920] {dag.py:2396} INFO - Sync 1 DAGs
[2022-01-25 22:30:08,937] {logging_mixin.py:109} INFO - [2022-01-25 22:30:08,937] {dag.py:2935} INFO - Setting next_dagrun for example_branch_operator to 2022-01-24 00:00:00+00:00
[2022-01-25 22:30:08,948] {processor.py:171} INFO - Processing /home/airflow/.local/lib/python3.7/site-packages/airflow/example_dags/example_branch_operator.py took 0.104 seconds
[2022-01-25 22:30:39,162] {processor.py:163} INFO - Started process (PID=536) to work on /home/airflow/.local/lib/python3.7/site-packages/airflow/example_dags/example_branch_operator.py
[2022-01-25 22:30:39,163] {processor.py:642} INFO - Processing file /home/airflow/.local/lib/python3.7/site-packages/airflow/example_dags/example_branch_operator.py for tasks to queue
[2022-01-25 22:30:39,164] {logging_mixin.py:109} INFO - [2022-01-25 22:30:39,164] {dagbag.py:500} INFO - Filling up the DagBag from /home/airflow/.local/lib/python3.7/site-packages/airflow/example_dags/example_branch_operator.py
[2022-01-25 22:30:39,201] {processor.py:654} INFO - DAG(s) dict_keys(['example_branch_operator']) retrieved from /home/airflow/.local/lib/python3.7/site-packages/airflow/example_dags/example_branch_operator.py
[2022-01-25 22:30:39,215] {logging_mixin.py:109} INFO - [2022-01-25 22:30:39,215] {dag.py:2396} INFO - Sync 1 DAGs
[2022-01-25 22:30:39,237] {logging_mixin.py:109} INFO - [2022-01-25 22:30:39,236] {dag.py:2935} INFO - Setting next_dagrun for example_branch_operator to 2022-01-24 00:00:00+00:00
[2022-01-25 22:30:39,246] {processor.py:171} INFO - Processing /home/airflow/.local/lib/python3.7/site-packages/airflow/example_dags/example_branch_operator.py took 0.087 seconds
[2022-01-25 22:31:10,097] {processor.py:163} INFO - Started process (PID=587) to work on /home/airflow/.local/lib/python3.7/site-packages/airflow/example_dags/example_branch_operator.py
[2022-01-25 22:31:10,101] {processor.py:642} INFO - Processing file /home/airflow/.local/lib/python3.7/site-packages/airflow/example_dags/example_branch_operator.py for tasks to queue
[2022-01-25 22:31:10,102] {logging_mixin.py:109} INFO - [2022-01-25 22:31:10,102] {dagbag.py:500} INFO - Filling up the DagBag from /home/airflow/.local/lib/python3.7/site-packages/airflow/example_dags/example_branch_operator.py
[2022-01-25 22:31:10,175] {processor.py:654} INFO - DAG(s) dict_keys(['example_branch_operator']) retrieved from /home/airflow/.local/lib/python3.7/site-packages/airflow/example_dags/example_branch_operator.py
[2022-01-25 22:31:10,204] {logging_mixin.py:109} INFO - [2022-01-25 22:31:10,204] {dag.py:2396} INFO - Sync 1 DAGs
[2022-01-25 22:31:10,243] {logging_mixin.py:109} INFO - [2022-01-25 22:31:10,242] {dag.py:2935} INFO - Setting next_dagrun for example_branch_operator to 2022-01-24 00:00:00+00:00
[2022-01-25 22:31:10,264] {processor.py:171} INFO - Processing /home/airflow/.local/lib/python3.7/site-packages/airflow/example_dags/example_branch_operator.py took 0.178 seconds
[2022-01-25 22:31:40,471] {processor.py:163} INFO - Started process (PID=654) to work on /home/airflow/.local/lib/python3.7/site-packages/airflow/example_dags/example_branch_operator.py
[2022-01-25 22:31:40,473] {processor.py:642} INFO - Processing file /home/airflow/.local/lib/python3.7/site-packages/airflow/example_dags/example_branch_operator.py for tasks to queue
[2022-01-25 22:31:40,475] {logging_mixin.py:109} INFO - [2022-01-25 22:31:40,475] {dagbag.py:500} INFO - Filling up the DagBag from /home/airflow/.local/lib/python3.7/site-packages/airflow/example_dags/example_branch_operator.py
[2022-01-25 22:31:40,522] {processor.py:654} INFO - DAG(s) dict_keys(['example_branch_operator']) retrieved from /home/airflow/.local/lib/python3.7/site-packages/airflow/example_dags/example_branch_operator.py
[2022-01-25 22:31:40,539] {logging_mixin.py:109} INFO - [2022-01-25 22:31:40,539] {dag.py:2396} INFO - Sync 1 DAGs
[2022-01-25 22:31:40,564] {logging_mixin.py:109} INFO - [2022-01-25 22:31:40,564] {dag.py:2935} INFO - Setting next_dagrun for example_branch_operator to 2022-01-24 00:00:00+00:00
[2022-01-25 22:31:40,577] {processor.py:171} INFO - Processing /home/airflow/.local/lib/python3.7/site-packages/airflow/example_dags/example_branch_operator.py took 0.112 seconds
