[2022-01-25 22:27:41,401] {processor.py:163} INFO - Started process (PID=188) to work on /home/airflow/.local/lib/python3.7/site-packages/airflow/example_dags/tutorial_etl_dag.py
[2022-01-25 22:27:41,403] {processor.py:642} INFO - Processing file /home/airflow/.local/lib/python3.7/site-packages/airflow/example_dags/tutorial_etl_dag.py for tasks to queue
[2022-01-25 22:27:41,404] {logging_mixin.py:109} INFO - [2022-01-25 22:27:41,404] {dagbag.py:500} INFO - Filling up the DagBag from /home/airflow/.local/lib/python3.7/site-packages/airflow/example_dags/tutorial_etl_dag.py
[2022-01-25 22:27:41,504] {processor.py:654} INFO - DAG(s) dict_keys(['tutorial_etl_dag']) retrieved from /home/airflow/.local/lib/python3.7/site-packages/airflow/example_dags/tutorial_etl_dag.py
[2022-01-25 22:27:47,043] {logging_mixin.py:109} INFO - [2022-01-25 22:27:47,043] {manager.py:496} INFO - Created Permission View: can read on DAG:tutorial_etl_dag
[2022-01-25 22:27:47,127] {logging_mixin.py:109} INFO - [2022-01-25 22:27:47,127] {manager.py:496} INFO - Created Permission View: can edit on DAG:tutorial_etl_dag
[2022-01-25 22:27:47,128] {logging_mixin.py:109} INFO - [2022-01-25 22:27:47,127] {dag.py:2396} INFO - Sync 1 DAGs
[2022-01-25 22:27:47,215] {logging_mixin.py:109} INFO - [2022-01-25 22:27:47,215] {dag.py:2415} INFO - Creating ORM DAG for tutorial_etl_dag
[2022-01-25 22:27:47,290] {logging_mixin.py:109} INFO - [2022-01-25 22:27:47,290] {dag.py:2935} INFO - Setting next_dagrun for tutorial_etl_dag to None
[2022-01-25 22:27:47,347] {processor.py:171} INFO - Processing /home/airflow/.local/lib/python3.7/site-packages/airflow/example_dags/tutorial_etl_dag.py took 5.949 seconds
[2022-01-25 22:28:17,626] {processor.py:163} INFO - Started process (PID=282) to work on /home/airflow/.local/lib/python3.7/site-packages/airflow/example_dags/tutorial_etl_dag.py
[2022-01-25 22:28:17,628] {processor.py:642} INFO - Processing file /home/airflow/.local/lib/python3.7/site-packages/airflow/example_dags/tutorial_etl_dag.py for tasks to queue
[2022-01-25 22:28:17,629] {logging_mixin.py:109} INFO - [2022-01-25 22:28:17,628] {dagbag.py:500} INFO - Filling up the DagBag from /home/airflow/.local/lib/python3.7/site-packages/airflow/example_dags/tutorial_etl_dag.py
[2022-01-25 22:28:17,666] {processor.py:654} INFO - DAG(s) dict_keys(['tutorial_etl_dag']) retrieved from /home/airflow/.local/lib/python3.7/site-packages/airflow/example_dags/tutorial_etl_dag.py
[2022-01-25 22:28:17,677] {logging_mixin.py:109} INFO - [2022-01-25 22:28:17,677] {dag.py:2396} INFO - Sync 1 DAGs
[2022-01-25 22:28:17,697] {logging_mixin.py:109} INFO - [2022-01-25 22:28:17,697] {dag.py:2935} INFO - Setting next_dagrun for tutorial_etl_dag to None
[2022-01-25 22:28:17,708] {processor.py:171} INFO - Processing /home/airflow/.local/lib/python3.7/site-packages/airflow/example_dags/tutorial_etl_dag.py took 0.085 seconds
[2022-01-25 22:28:48,000] {processor.py:163} INFO - Started process (PID=336) to work on /home/airflow/.local/lib/python3.7/site-packages/airflow/example_dags/tutorial_etl_dag.py
[2022-01-25 22:28:48,002] {processor.py:642} INFO - Processing file /home/airflow/.local/lib/python3.7/site-packages/airflow/example_dags/tutorial_etl_dag.py for tasks to queue
[2022-01-25 22:28:48,003] {logging_mixin.py:109} INFO - [2022-01-25 22:28:48,003] {dagbag.py:500} INFO - Filling up the DagBag from /home/airflow/.local/lib/python3.7/site-packages/airflow/example_dags/tutorial_etl_dag.py
[2022-01-25 22:28:48,070] {processor.py:654} INFO - DAG(s) dict_keys(['tutorial_etl_dag']) retrieved from /home/airflow/.local/lib/python3.7/site-packages/airflow/example_dags/tutorial_etl_dag.py
[2022-01-25 22:28:48,098] {logging_mixin.py:109} INFO - [2022-01-25 22:28:48,097] {dag.py:2396} INFO - Sync 1 DAGs
[2022-01-25 22:28:48,131] {logging_mixin.py:109} INFO - [2022-01-25 22:28:48,130] {dag.py:2935} INFO - Setting next_dagrun for tutorial_etl_dag to None
[2022-01-25 22:28:48,148] {processor.py:171} INFO - Processing /home/airflow/.local/lib/python3.7/site-packages/airflow/example_dags/tutorial_etl_dag.py took 0.151 seconds
[2022-01-25 22:29:18,379] {processor.py:163} INFO - Started process (PID=397) to work on /home/airflow/.local/lib/python3.7/site-packages/airflow/example_dags/tutorial_etl_dag.py
[2022-01-25 22:29:18,388] {processor.py:642} INFO - Processing file /home/airflow/.local/lib/python3.7/site-packages/airflow/example_dags/tutorial_etl_dag.py for tasks to queue
[2022-01-25 22:29:18,389] {logging_mixin.py:109} INFO - [2022-01-25 22:29:18,388] {dagbag.py:500} INFO - Filling up the DagBag from /home/airflow/.local/lib/python3.7/site-packages/airflow/example_dags/tutorial_etl_dag.py
[2022-01-25 22:29:18,445] {processor.py:654} INFO - DAG(s) dict_keys(['tutorial_etl_dag']) retrieved from /home/airflow/.local/lib/python3.7/site-packages/airflow/example_dags/tutorial_etl_dag.py
[2022-01-25 22:29:18,458] {logging_mixin.py:109} INFO - [2022-01-25 22:29:18,458] {dag.py:2396} INFO - Sync 1 DAGs
[2022-01-25 22:29:18,482] {logging_mixin.py:109} INFO - [2022-01-25 22:29:18,482] {dag.py:2935} INFO - Setting next_dagrun for tutorial_etl_dag to None
[2022-01-25 22:29:18,500] {processor.py:171} INFO - Processing /home/airflow/.local/lib/python3.7/site-packages/airflow/example_dags/tutorial_etl_dag.py took 0.138 seconds
[2022-01-25 22:29:48,528] {processor.py:163} INFO - Started process (PID=449) to work on /home/airflow/.local/lib/python3.7/site-packages/airflow/example_dags/tutorial_etl_dag.py
[2022-01-25 22:29:48,529] {processor.py:642} INFO - Processing file /home/airflow/.local/lib/python3.7/site-packages/airflow/example_dags/tutorial_etl_dag.py for tasks to queue
[2022-01-25 22:29:48,530] {logging_mixin.py:109} INFO - [2022-01-25 22:29:48,530] {dagbag.py:500} INFO - Filling up the DagBag from /home/airflow/.local/lib/python3.7/site-packages/airflow/example_dags/tutorial_etl_dag.py
[2022-01-25 22:29:48,554] {processor.py:654} INFO - DAG(s) dict_keys(['tutorial_etl_dag']) retrieved from /home/airflow/.local/lib/python3.7/site-packages/airflow/example_dags/tutorial_etl_dag.py
[2022-01-25 22:29:48,562] {logging_mixin.py:109} INFO - [2022-01-25 22:29:48,562] {dag.py:2396} INFO - Sync 1 DAGs
[2022-01-25 22:29:48,582] {logging_mixin.py:109} INFO - [2022-01-25 22:29:48,582] {dag.py:2935} INFO - Setting next_dagrun for tutorial_etl_dag to None
[2022-01-25 22:29:48,595] {processor.py:171} INFO - Processing /home/airflow/.local/lib/python3.7/site-packages/airflow/example_dags/tutorial_etl_dag.py took 0.069 seconds
[2022-01-25 22:30:18,898] {processor.py:163} INFO - Started process (PID=499) to work on /home/airflow/.local/lib/python3.7/site-packages/airflow/example_dags/tutorial_etl_dag.py
[2022-01-25 22:30:18,900] {processor.py:642} INFO - Processing file /home/airflow/.local/lib/python3.7/site-packages/airflow/example_dags/tutorial_etl_dag.py for tasks to queue
[2022-01-25 22:30:18,901] {logging_mixin.py:109} INFO - [2022-01-25 22:30:18,901] {dagbag.py:500} INFO - Filling up the DagBag from /home/airflow/.local/lib/python3.7/site-packages/airflow/example_dags/tutorial_etl_dag.py
[2022-01-25 22:30:18,932] {processor.py:654} INFO - DAG(s) dict_keys(['tutorial_etl_dag']) retrieved from /home/airflow/.local/lib/python3.7/site-packages/airflow/example_dags/tutorial_etl_dag.py
[2022-01-25 22:30:18,944] {logging_mixin.py:109} INFO - [2022-01-25 22:30:18,944] {dag.py:2396} INFO - Sync 1 DAGs
[2022-01-25 22:30:18,969] {logging_mixin.py:109} INFO - [2022-01-25 22:30:18,969] {dag.py:2935} INFO - Setting next_dagrun for tutorial_etl_dag to None
[2022-01-25 22:30:18,981] {processor.py:171} INFO - Processing /home/airflow/.local/lib/python3.7/site-packages/airflow/example_dags/tutorial_etl_dag.py took 0.086 seconds
[2022-01-25 22:30:49,033] {processor.py:163} INFO - Started process (PID=550) to work on /home/airflow/.local/lib/python3.7/site-packages/airflow/example_dags/tutorial_etl_dag.py
[2022-01-25 22:30:49,036] {processor.py:642} INFO - Processing file /home/airflow/.local/lib/python3.7/site-packages/airflow/example_dags/tutorial_etl_dag.py for tasks to queue
[2022-01-25 22:30:49,037] {logging_mixin.py:109} INFO - [2022-01-25 22:30:49,037] {dagbag.py:500} INFO - Filling up the DagBag from /home/airflow/.local/lib/python3.7/site-packages/airflow/example_dags/tutorial_etl_dag.py
[2022-01-25 22:30:49,085] {processor.py:654} INFO - DAG(s) dict_keys(['tutorial_etl_dag']) retrieved from /home/airflow/.local/lib/python3.7/site-packages/airflow/example_dags/tutorial_etl_dag.py
[2022-01-25 22:30:49,099] {logging_mixin.py:109} INFO - [2022-01-25 22:30:49,099] {dag.py:2396} INFO - Sync 1 DAGs
[2022-01-25 22:30:49,120] {logging_mixin.py:109} INFO - [2022-01-25 22:30:49,120] {dag.py:2935} INFO - Setting next_dagrun for tutorial_etl_dag to None
[2022-01-25 22:30:49,132] {processor.py:171} INFO - Processing /home/airflow/.local/lib/python3.7/site-packages/airflow/example_dags/tutorial_etl_dag.py took 0.106 seconds
[2022-01-25 22:31:19,295] {processor.py:163} INFO - Started process (PID=609) to work on /home/airflow/.local/lib/python3.7/site-packages/airflow/example_dags/tutorial_etl_dag.py
[2022-01-25 22:31:19,308] {processor.py:642} INFO - Processing file /home/airflow/.local/lib/python3.7/site-packages/airflow/example_dags/tutorial_etl_dag.py for tasks to queue
[2022-01-25 22:31:19,308] {logging_mixin.py:109} INFO - [2022-01-25 22:31:19,308] {dagbag.py:500} INFO - Filling up the DagBag from /home/airflow/.local/lib/python3.7/site-packages/airflow/example_dags/tutorial_etl_dag.py
[2022-01-25 22:31:19,359] {processor.py:654} INFO - DAG(s) dict_keys(['tutorial_etl_dag']) retrieved from /home/airflow/.local/lib/python3.7/site-packages/airflow/example_dags/tutorial_etl_dag.py
[2022-01-25 22:31:19,394] {logging_mixin.py:109} INFO - [2022-01-25 22:31:19,394] {dag.py:2396} INFO - Sync 1 DAGs
[2022-01-25 22:31:19,446] {logging_mixin.py:109} INFO - [2022-01-25 22:31:19,446] {dag.py:2935} INFO - Setting next_dagrun for tutorial_etl_dag to None
[2022-01-25 22:31:19,476] {processor.py:171} INFO - Processing /home/airflow/.local/lib/python3.7/site-packages/airflow/example_dags/tutorial_etl_dag.py took 0.185 seconds
[2022-01-25 22:31:49,574] {processor.py:163} INFO - Started process (PID=678) to work on /home/airflow/.local/lib/python3.7/site-packages/airflow/example_dags/tutorial_etl_dag.py
[2022-01-25 22:31:49,575] {processor.py:642} INFO - Processing file /home/airflow/.local/lib/python3.7/site-packages/airflow/example_dags/tutorial_etl_dag.py for tasks to queue
[2022-01-25 22:31:49,576] {logging_mixin.py:109} INFO - [2022-01-25 22:31:49,576] {dagbag.py:500} INFO - Filling up the DagBag from /home/airflow/.local/lib/python3.7/site-packages/airflow/example_dags/tutorial_etl_dag.py
[2022-01-25 22:31:49,601] {processor.py:654} INFO - DAG(s) dict_keys(['tutorial_etl_dag']) retrieved from /home/airflow/.local/lib/python3.7/site-packages/airflow/example_dags/tutorial_etl_dag.py
[2022-01-25 22:31:49,610] {logging_mixin.py:109} INFO - [2022-01-25 22:31:49,610] {dag.py:2396} INFO - Sync 1 DAGs
[2022-01-25 22:31:49,626] {logging_mixin.py:109} INFO - [2022-01-25 22:31:49,626] {dag.py:2935} INFO - Setting next_dagrun for tutorial_etl_dag to None
[2022-01-25 22:31:49,638] {processor.py:171} INFO - Processing /home/airflow/.local/lib/python3.7/site-packages/airflow/example_dags/tutorial_etl_dag.py took 0.067 seconds
