[2022-01-25 22:28:00,688] {processor.py:163} INFO - Started process (PID=234) to work on /home/airflow/.local/lib/python3.7/site-packages/airflow/example_dags/tutorial.py
[2022-01-25 22:28:00,689] {processor.py:642} INFO - Processing file /home/airflow/.local/lib/python3.7/site-packages/airflow/example_dags/tutorial.py for tasks to queue
[2022-01-25 22:28:00,690] {logging_mixin.py:109} INFO - [2022-01-25 22:28:00,690] {dagbag.py:500} INFO - Filling up the DagBag from /home/airflow/.local/lib/python3.7/site-packages/airflow/example_dags/tutorial.py
[2022-01-25 22:28:00,737] {processor.py:654} INFO - DAG(s) dict_keys(['tutorial']) retrieved from /home/airflow/.local/lib/python3.7/site-packages/airflow/example_dags/tutorial.py
[2022-01-25 22:28:03,504] {logging_mixin.py:109} INFO - [2022-01-25 22:28:03,504] {manager.py:496} INFO - Created Permission View: can read on DAG:tutorial
[2022-01-25 22:28:03,517] {logging_mixin.py:109} INFO - [2022-01-25 22:28:03,517] {manager.py:496} INFO - Created Permission View: can edit on DAG:tutorial
[2022-01-25 22:28:03,517] {logging_mixin.py:109} INFO - [2022-01-25 22:28:03,517] {dag.py:2396} INFO - Sync 1 DAGs
[2022-01-25 22:28:03,528] {logging_mixin.py:109} INFO - [2022-01-25 22:28:03,528] {dag.py:2415} INFO - Creating ORM DAG for tutorial
[2022-01-25 22:28:03,540] {logging_mixin.py:109} INFO - [2022-01-25 22:28:03,540] {dag.py:2935} INFO - Setting next_dagrun for tutorial to 2022-01-24T22:28:03.540263+00:00
[2022-01-25 22:28:03,557] {processor.py:171} INFO - Processing /home/airflow/.local/lib/python3.7/site-packages/airflow/example_dags/tutorial.py took 2.875 seconds
[2022-01-25 22:28:34,517] {processor.py:163} INFO - Started process (PID=300) to work on /home/airflow/.local/lib/python3.7/site-packages/airflow/example_dags/tutorial.py
[2022-01-25 22:28:34,522] {processor.py:642} INFO - Processing file /home/airflow/.local/lib/python3.7/site-packages/airflow/example_dags/tutorial.py for tasks to queue
[2022-01-25 22:28:34,523] {logging_mixin.py:109} INFO - [2022-01-25 22:28:34,523] {dagbag.py:500} INFO - Filling up the DagBag from /home/airflow/.local/lib/python3.7/site-packages/airflow/example_dags/tutorial.py
[2022-01-25 22:28:34,576] {processor.py:654} INFO - DAG(s) dict_keys(['tutorial']) retrieved from /home/airflow/.local/lib/python3.7/site-packages/airflow/example_dags/tutorial.py
[2022-01-25 22:28:34,590] {logging_mixin.py:109} INFO - [2022-01-25 22:28:34,590] {dag.py:2396} INFO - Sync 1 DAGs
[2022-01-25 22:28:34,610] {logging_mixin.py:109} INFO - [2022-01-25 22:28:34,609] {dag.py:2935} INFO - Setting next_dagrun for tutorial to 2022-01-24T22:28:34.609651+00:00
[2022-01-25 22:28:34,620] {processor.py:171} INFO - Processing /home/airflow/.local/lib/python3.7/site-packages/airflow/example_dags/tutorial.py took 0.108 seconds
[2022-01-25 22:29:04,864] {processor.py:163} INFO - Started process (PID=363) to work on /home/airflow/.local/lib/python3.7/site-packages/airflow/example_dags/tutorial.py
[2022-01-25 22:29:04,866] {processor.py:642} INFO - Processing file /home/airflow/.local/lib/python3.7/site-packages/airflow/example_dags/tutorial.py for tasks to queue
[2022-01-25 22:29:04,867] {logging_mixin.py:109} INFO - [2022-01-25 22:29:04,867] {dagbag.py:500} INFO - Filling up the DagBag from /home/airflow/.local/lib/python3.7/site-packages/airflow/example_dags/tutorial.py
[2022-01-25 22:29:04,909] {processor.py:654} INFO - DAG(s) dict_keys(['tutorial']) retrieved from /home/airflow/.local/lib/python3.7/site-packages/airflow/example_dags/tutorial.py
[2022-01-25 22:29:04,928] {logging_mixin.py:109} INFO - [2022-01-25 22:29:04,928] {dag.py:2396} INFO - Sync 1 DAGs
[2022-01-25 22:29:04,952] {logging_mixin.py:109} INFO - [2022-01-25 22:29:04,952] {dag.py:2935} INFO - Setting next_dagrun for tutorial to 2022-01-24T22:29:04.952293+00:00
[2022-01-25 22:29:04,967] {processor.py:171} INFO - Processing /home/airflow/.local/lib/python3.7/site-packages/airflow/example_dags/tutorial.py took 0.106 seconds
[2022-01-25 22:29:35,140] {processor.py:163} INFO - Started process (PID=415) to work on /home/airflow/.local/lib/python3.7/site-packages/airflow/example_dags/tutorial.py
[2022-01-25 22:29:35,142] {processor.py:642} INFO - Processing file /home/airflow/.local/lib/python3.7/site-packages/airflow/example_dags/tutorial.py for tasks to queue
[2022-01-25 22:29:35,142] {logging_mixin.py:109} INFO - [2022-01-25 22:29:35,142] {dagbag.py:500} INFO - Filling up the DagBag from /home/airflow/.local/lib/python3.7/site-packages/airflow/example_dags/tutorial.py
[2022-01-25 22:29:35,168] {processor.py:654} INFO - DAG(s) dict_keys(['tutorial']) retrieved from /home/airflow/.local/lib/python3.7/site-packages/airflow/example_dags/tutorial.py
[2022-01-25 22:29:35,177] {logging_mixin.py:109} INFO - [2022-01-25 22:29:35,177] {dag.py:2396} INFO - Sync 1 DAGs
[2022-01-25 22:29:35,196] {logging_mixin.py:109} INFO - [2022-01-25 22:29:35,195] {dag.py:2935} INFO - Setting next_dagrun for tutorial to 2022-01-24T22:29:35.195464+00:00
[2022-01-25 22:29:35,208] {processor.py:171} INFO - Processing /home/airflow/.local/lib/python3.7/site-packages/airflow/example_dags/tutorial.py took 0.070 seconds
[2022-01-25 22:30:05,229] {processor.py:163} INFO - Started process (PID=465) to work on /home/airflow/.local/lib/python3.7/site-packages/airflow/example_dags/tutorial.py
[2022-01-25 22:30:05,231] {processor.py:642} INFO - Processing file /home/airflow/.local/lib/python3.7/site-packages/airflow/example_dags/tutorial.py for tasks to queue
[2022-01-25 22:30:05,232] {logging_mixin.py:109} INFO - [2022-01-25 22:30:05,232] {dagbag.py:500} INFO - Filling up the DagBag from /home/airflow/.local/lib/python3.7/site-packages/airflow/example_dags/tutorial.py
[2022-01-25 22:30:05,272] {processor.py:654} INFO - DAG(s) dict_keys(['tutorial']) retrieved from /home/airflow/.local/lib/python3.7/site-packages/airflow/example_dags/tutorial.py
[2022-01-25 22:30:05,285] {logging_mixin.py:109} INFO - [2022-01-25 22:30:05,285] {dag.py:2396} INFO - Sync 1 DAGs
[2022-01-25 22:30:05,310] {logging_mixin.py:109} INFO - [2022-01-25 22:30:05,310] {dag.py:2935} INFO - Setting next_dagrun for tutorial to 2022-01-24T22:30:05.310081+00:00
[2022-01-25 22:30:05,325] {processor.py:171} INFO - Processing /home/airflow/.local/lib/python3.7/site-packages/airflow/example_dags/tutorial.py took 0.100 seconds
[2022-01-25 22:30:35,684] {processor.py:163} INFO - Started process (PID=515) to work on /home/airflow/.local/lib/python3.7/site-packages/airflow/example_dags/tutorial.py
[2022-01-25 22:30:35,686] {processor.py:642} INFO - Processing file /home/airflow/.local/lib/python3.7/site-packages/airflow/example_dags/tutorial.py for tasks to queue
[2022-01-25 22:30:35,687] {logging_mixin.py:109} INFO - [2022-01-25 22:30:35,686] {dagbag.py:500} INFO - Filling up the DagBag from /home/airflow/.local/lib/python3.7/site-packages/airflow/example_dags/tutorial.py
[2022-01-25 22:30:35,714] {processor.py:654} INFO - DAG(s) dict_keys(['tutorial']) retrieved from /home/airflow/.local/lib/python3.7/site-packages/airflow/example_dags/tutorial.py
[2022-01-25 22:30:35,724] {logging_mixin.py:109} INFO - [2022-01-25 22:30:35,724] {dag.py:2396} INFO - Sync 1 DAGs
[2022-01-25 22:30:35,741] {logging_mixin.py:109} INFO - [2022-01-25 22:30:35,741] {dag.py:2935} INFO - Setting next_dagrun for tutorial to 2022-01-24T22:30:35.741083+00:00
[2022-01-25 22:30:35,753] {processor.py:171} INFO - Processing /home/airflow/.local/lib/python3.7/site-packages/airflow/example_dags/tutorial.py took 0.072 seconds
[2022-01-25 22:31:05,878] {processor.py:163} INFO - Started process (PID=576) to work on /home/airflow/.local/lib/python3.7/site-packages/airflow/example_dags/tutorial.py
[2022-01-25 22:31:05,880] {processor.py:642} INFO - Processing file /home/airflow/.local/lib/python3.7/site-packages/airflow/example_dags/tutorial.py for tasks to queue
[2022-01-25 22:31:05,881] {logging_mixin.py:109} INFO - [2022-01-25 22:31:05,881] {dagbag.py:500} INFO - Filling up the DagBag from /home/airflow/.local/lib/python3.7/site-packages/airflow/example_dags/tutorial.py
[2022-01-25 22:31:05,918] {processor.py:654} INFO - DAG(s) dict_keys(['tutorial']) retrieved from /home/airflow/.local/lib/python3.7/site-packages/airflow/example_dags/tutorial.py
[2022-01-25 22:31:05,934] {logging_mixin.py:109} INFO - [2022-01-25 22:31:05,934] {dag.py:2396} INFO - Sync 1 DAGs
[2022-01-25 22:31:05,963] {logging_mixin.py:109} INFO - [2022-01-25 22:31:05,963] {dag.py:2935} INFO - Setting next_dagrun for tutorial to 2022-01-24T22:31:05.962514+00:00
[2022-01-25 22:31:05,982] {processor.py:171} INFO - Processing /home/airflow/.local/lib/python3.7/site-packages/airflow/example_dags/tutorial.py took 0.108 seconds
[2022-01-25 22:31:36,422] {processor.py:163} INFO - Started process (PID=643) to work on /home/airflow/.local/lib/python3.7/site-packages/airflow/example_dags/tutorial.py
[2022-01-25 22:31:36,427] {processor.py:642} INFO - Processing file /home/airflow/.local/lib/python3.7/site-packages/airflow/example_dags/tutorial.py for tasks to queue
[2022-01-25 22:31:36,428] {logging_mixin.py:109} INFO - [2022-01-25 22:31:36,428] {dagbag.py:500} INFO - Filling up the DagBag from /home/airflow/.local/lib/python3.7/site-packages/airflow/example_dags/tutorial.py
[2022-01-25 22:31:36,498] {processor.py:654} INFO - DAG(s) dict_keys(['tutorial']) retrieved from /home/airflow/.local/lib/python3.7/site-packages/airflow/example_dags/tutorial.py
[2022-01-25 22:31:36,523] {logging_mixin.py:109} INFO - [2022-01-25 22:31:36,523] {dag.py:2396} INFO - Sync 1 DAGs
[2022-01-25 22:31:36,559] {logging_mixin.py:109} INFO - [2022-01-25 22:31:36,559] {dag.py:2935} INFO - Setting next_dagrun for tutorial to 2022-01-24T22:31:36.559221+00:00
[2022-01-25 22:31:36,588] {processor.py:171} INFO - Processing /home/airflow/.local/lib/python3.7/site-packages/airflow/example_dags/tutorial.py took 0.174 seconds
