[2022-02-03 17:23:35,255] {taskinstance.py:1032} INFO - Dependencies all met for <TaskInstance: yellow_taxi_gcs_dag.format_to_parquet_task scheduled__2019-10-02T00:00:00+00:00 [queued]>
[2022-02-03 17:23:35,267] {taskinstance.py:1032} INFO - Dependencies all met for <TaskInstance: yellow_taxi_gcs_dag.format_to_parquet_task scheduled__2019-10-02T00:00:00+00:00 [queued]>
[2022-02-03 17:23:35,267] {taskinstance.py:1238} INFO - 
--------------------------------------------------------------------------------
[2022-02-03 17:23:35,267] {taskinstance.py:1239} INFO - Starting attempt 1 of 2
[2022-02-03 17:23:35,267] {taskinstance.py:1240} INFO - 
--------------------------------------------------------------------------------
[2022-02-03 17:23:35,281] {taskinstance.py:1259} INFO - Executing <Task(PythonOperator): format_to_parquet_task> on 2019-10-02 00:00:00+00:00
[2022-02-03 17:23:35,288] {standard_task_runner.py:52} INFO - Started process 2829 to run task
[2022-02-03 17:23:35,293] {standard_task_runner.py:76} INFO - Running: ['***', 'tasks', 'run', 'yellow_taxi_gcs_dag', 'format_to_parquet_task', 'scheduled__2019-10-02T00:00:00+00:00', '--job-id', '85', '--raw', '--subdir', 'DAGS_FOLDER/yellow_taxi_gcs_dag.py', '--cfg-path', '/tmp/tmp88jav_oz', '--error-file', '/tmp/tmp89fxj17j']
[2022-02-03 17:23:35,294] {standard_task_runner.py:77} INFO - Job 85: Subtask format_to_parquet_task
[2022-02-03 17:23:35,362] {logging_mixin.py:109} INFO - Running <TaskInstance: yellow_taxi_gcs_dag.format_to_parquet_task scheduled__2019-10-02T00:00:00+00:00 [running]> on host 7e458922b35d
[2022-02-03 17:23:35,412] {warnings.py:110} WARNING - /home/***/.local/lib/python3.7/site-packages/***/utils/context.py:152: AirflowContextDeprecationWarning: Accessing 'execution_date' from the template is deprecated and will be removed in a future version. Please use 'data_interval_start' or 'logical_date' instead.
  warnings.warn(_create_deprecation_warning(key, self._deprecation_replacements[key]))

[2022-02-03 17:23:35,435] {taskinstance.py:1426} INFO - Exporting the following env vars:
AIRFLOW_CTX_DAG_OWNER=***
AIRFLOW_CTX_DAG_ID=yellow_taxi_gcs_dag
AIRFLOW_CTX_TASK_ID=format_to_parquet_task
AIRFLOW_CTX_EXECUTION_DATE=2019-10-02T00:00:00+00:00
AIRFLOW_CTX_DAG_RUN_ID=scheduled__2019-10-02T00:00:00+00:00
[2022-02-03 17:23:43,407] {python.py:175} INFO - Done. Returned value was: None
[2022-02-03 17:23:43,420] {taskinstance.py:1277} INFO - Marking task as SUCCESS. dag_id=yellow_taxi_gcs_dag, task_id=format_to_parquet_task, execution_date=20191002T000000, start_date=20220203T172335, end_date=20220203T172343
[2022-02-03 17:23:43,627] {local_task_job.py:154} INFO - Task exited with return code 0
[2022-02-03 17:23:43,670] {local_task_job.py:264} INFO - 1 downstream tasks scheduled from follow-on schedule check
