[2022-02-03 17:23:11,060] {taskinstance.py:1032} INFO - Dependencies all met for <TaskInstance: yellow_taxi_gcs_dag.format_to_parquet_task scheduled__2019-11-02T00:00:00+00:00 [queued]>
[2022-02-03 17:23:11,084] {taskinstance.py:1032} INFO - Dependencies all met for <TaskInstance: yellow_taxi_gcs_dag.format_to_parquet_task scheduled__2019-11-02T00:00:00+00:00 [queued]>
[2022-02-03 17:23:11,084] {taskinstance.py:1238} INFO - 
--------------------------------------------------------------------------------
[2022-02-03 17:23:11,084] {taskinstance.py:1239} INFO - Starting attempt 1 of 2
[2022-02-03 17:23:11,084] {taskinstance.py:1240} INFO - 
--------------------------------------------------------------------------------
[2022-02-03 17:23:11,111] {taskinstance.py:1259} INFO - Executing <Task(PythonOperator): format_to_parquet_task> on 2019-11-02 00:00:00+00:00
[2022-02-03 17:23:11,118] {standard_task_runner.py:52} INFO - Started process 2795 to run task
[2022-02-03 17:23:11,123] {standard_task_runner.py:76} INFO - Running: ['***', 'tasks', 'run', 'yellow_taxi_gcs_dag', 'format_to_parquet_task', 'scheduled__2019-11-02T00:00:00+00:00', '--job-id', '83', '--raw', '--subdir', 'DAGS_FOLDER/yellow_taxi_gcs_dag.py', '--cfg-path', '/tmp/tmprnnrjfo4', '--error-file', '/tmp/tmpntifhmp5']
[2022-02-03 17:23:11,125] {standard_task_runner.py:77} INFO - Job 83: Subtask format_to_parquet_task
[2022-02-03 17:23:11,221] {logging_mixin.py:109} INFO - Running <TaskInstance: yellow_taxi_gcs_dag.format_to_parquet_task scheduled__2019-11-02T00:00:00+00:00 [running]> on host 7e458922b35d
[2022-02-03 17:23:11,299] {warnings.py:110} WARNING - /home/***/.local/lib/python3.7/site-packages/***/utils/context.py:152: AirflowContextDeprecationWarning: Accessing 'execution_date' from the template is deprecated and will be removed in a future version. Please use 'data_interval_start' or 'logical_date' instead.
  warnings.warn(_create_deprecation_warning(key, self._deprecation_replacements[key]))

[2022-02-03 17:23:11,322] {taskinstance.py:1426} INFO - Exporting the following env vars:
AIRFLOW_CTX_DAG_OWNER=***
AIRFLOW_CTX_DAG_ID=yellow_taxi_gcs_dag
AIRFLOW_CTX_TASK_ID=format_to_parquet_task
AIRFLOW_CTX_EXECUTION_DATE=2019-11-02T00:00:00+00:00
AIRFLOW_CTX_DAG_RUN_ID=scheduled__2019-11-02T00:00:00+00:00
[2022-02-03 17:23:21,638] {python.py:175} INFO - Done. Returned value was: None
[2022-02-03 17:23:21,652] {taskinstance.py:1277} INFO - Marking task as SUCCESS. dag_id=yellow_taxi_gcs_dag, task_id=format_to_parquet_task, execution_date=20191102T000000, start_date=20220203T172311, end_date=20220203T172321
[2022-02-03 17:23:21,853] {local_task_job.py:154} INFO - Task exited with return code 0
[2022-02-03 17:23:21,896] {local_task_job.py:264} INFO - 1 downstream tasks scheduled from follow-on schedule check
<<<<<<< HEAD
[2022-02-20 00:27:04,517] {taskinstance.py:1032} INFO - Dependencies all met for <TaskInstance: yellow_taxi_gcs_dag.format_to_parquet_task scheduled__2019-11-02T00:00:00+00:00 [queued]>
[2022-02-20 00:27:04,537] {taskinstance.py:1032} INFO - Dependencies all met for <TaskInstance: yellow_taxi_gcs_dag.format_to_parquet_task scheduled__2019-11-02T00:00:00+00:00 [queued]>
[2022-02-20 00:27:04,537] {taskinstance.py:1238} INFO - 
--------------------------------------------------------------------------------
[2022-02-20 00:27:04,537] {taskinstance.py:1239} INFO - Starting attempt 1 of 2
[2022-02-20 00:27:04,537] {taskinstance.py:1240} INFO - 
--------------------------------------------------------------------------------
[2022-02-20 00:27:04,558] {taskinstance.py:1259} INFO - Executing <Task(PythonOperator): format_to_parquet_task> on 2019-11-02 00:00:00+00:00
[2022-02-20 00:27:04,566] {standard_task_runner.py:52} INFO - Started process 2078 to run task
[2022-02-20 00:27:04,571] {standard_task_runner.py:76} INFO - Running: ['***', 'tasks', 'run', 'yellow_taxi_gcs_dag', 'format_to_parquet_task', 'scheduled__2019-11-02T00:00:00+00:00', '--job-id', '459', '--raw', '--subdir', 'DAGS_FOLDER/yellow_taxi_gcs_dag.py', '--cfg-path', '/tmp/tmpqwxh4c2w', '--error-file', '/tmp/tmp64e67mm0']
[2022-02-20 00:27:04,572] {standard_task_runner.py:77} INFO - Job 459: Subtask format_to_parquet_task
[2022-02-20 00:27:04,659] {logging_mixin.py:109} INFO - Running <TaskInstance: yellow_taxi_gcs_dag.format_to_parquet_task scheduled__2019-11-02T00:00:00+00:00 [running]> on host da07aa254901
[2022-02-20 00:27:04,710] {warnings.py:110} WARNING - /home/***/.local/lib/python3.7/site-packages/***/utils/context.py:152: AirflowContextDeprecationWarning: Accessing 'execution_date' from the template is deprecated and will be removed in a future version. Please use 'data_interval_start' or 'logical_date' instead.
  warnings.warn(_create_deprecation_warning(key, self._deprecation_replacements[key]))

[2022-02-20 00:27:04,733] {taskinstance.py:1426} INFO - Exporting the following env vars:
AIRFLOW_CTX_DAG_OWNER=***
AIRFLOW_CTX_DAG_ID=yellow_taxi_gcs_dag
AIRFLOW_CTX_TASK_ID=format_to_parquet_task
AIRFLOW_CTX_EXECUTION_DATE=2019-11-02T00:00:00+00:00
AIRFLOW_CTX_DAG_RUN_ID=scheduled__2019-11-02T00:00:00+00:00
[2022-02-20 00:27:16,622] {python.py:175} INFO - Done. Returned value was: None
[2022-02-20 00:27:16,650] {taskinstance.py:1277} INFO - Marking task as SUCCESS. dag_id=yellow_taxi_gcs_dag, task_id=format_to_parquet_task, execution_date=20191102T000000, start_date=20220220T002704, end_date=20220220T002716
[2022-02-20 00:27:16,951] {local_task_job.py:154} INFO - Task exited with return code 0
[2022-02-20 00:27:17,029] {local_task_job.py:264} INFO - 1 downstream tasks scheduled from follow-on schedule check
=======
>>>>>>> origin/master
