[2022-02-03 17:24:33,279] {taskinstance.py:1032} INFO - Dependencies all met for <TaskInstance: yellow_taxi_gcs_dag.format_to_parquet_task scheduled__2019-12-02T00:00:00+00:00 [queued]>
[2022-02-03 17:24:33,292] {taskinstance.py:1032} INFO - Dependencies all met for <TaskInstance: yellow_taxi_gcs_dag.format_to_parquet_task scheduled__2019-12-02T00:00:00+00:00 [queued]>
[2022-02-03 17:24:33,292] {taskinstance.py:1238} INFO - 
--------------------------------------------------------------------------------
[2022-02-03 17:24:33,292] {taskinstance.py:1239} INFO - Starting attempt 1 of 2
[2022-02-03 17:24:33,292] {taskinstance.py:1240} INFO - 
--------------------------------------------------------------------------------
[2022-02-03 17:24:33,305] {taskinstance.py:1259} INFO - Executing <Task(PythonOperator): format_to_parquet_task> on 2019-12-02 00:00:00+00:00
[2022-02-03 17:24:33,311] {standard_task_runner.py:52} INFO - Started process 2897 to run task
[2022-02-03 17:24:33,315] {standard_task_runner.py:76} INFO - Running: ['***', 'tasks', 'run', 'yellow_taxi_gcs_dag', 'format_to_parquet_task', 'scheduled__2019-12-02T00:00:00+00:00', '--job-id', '90', '--raw', '--subdir', 'DAGS_FOLDER/yellow_taxi_gcs_dag.py', '--cfg-path', '/tmp/tmp61jh1nwk', '--error-file', '/tmp/tmp0eiybx7q']
[2022-02-03 17:24:33,316] {standard_task_runner.py:77} INFO - Job 90: Subtask format_to_parquet_task
[2022-02-03 17:24:33,378] {logging_mixin.py:109} INFO - Running <TaskInstance: yellow_taxi_gcs_dag.format_to_parquet_task scheduled__2019-12-02T00:00:00+00:00 [running]> on host 7e458922b35d
[2022-02-03 17:24:33,421] {warnings.py:110} WARNING - /home/***/.local/lib/python3.7/site-packages/***/utils/context.py:152: AirflowContextDeprecationWarning: Accessing 'execution_date' from the template is deprecated and will be removed in a future version. Please use 'data_interval_start' or 'logical_date' instead.
  warnings.warn(_create_deprecation_warning(key, self._deprecation_replacements[key]))

[2022-02-03 17:24:33,442] {taskinstance.py:1426} INFO - Exporting the following env vars:
AIRFLOW_CTX_DAG_OWNER=***
AIRFLOW_CTX_DAG_ID=yellow_taxi_gcs_dag
AIRFLOW_CTX_TASK_ID=format_to_parquet_task
AIRFLOW_CTX_EXECUTION_DATE=2019-12-02T00:00:00+00:00
AIRFLOW_CTX_DAG_RUN_ID=scheduled__2019-12-02T00:00:00+00:00
[2022-02-03 17:24:42,327] {python.py:175} INFO - Done. Returned value was: None
[2022-02-03 17:24:42,344] {taskinstance.py:1277} INFO - Marking task as SUCCESS. dag_id=yellow_taxi_gcs_dag, task_id=format_to_parquet_task, execution_date=20191202T000000, start_date=20220203T172433, end_date=20220203T172442
[2022-02-03 17:24:42,525] {local_task_job.py:154} INFO - Task exited with return code 0
[2022-02-03 17:24:42,628] {local_task_job.py:264} INFO - 0 downstream tasks scheduled from follow-on schedule check
<<<<<<< HEAD
[2022-02-20 00:28:26,157] {taskinstance.py:1032} INFO - Dependencies all met for <TaskInstance: yellow_taxi_gcs_dag.format_to_parquet_task scheduled__2019-12-02T00:00:00+00:00 [queued]>
[2022-02-20 00:28:26,173] {taskinstance.py:1032} INFO - Dependencies all met for <TaskInstance: yellow_taxi_gcs_dag.format_to_parquet_task scheduled__2019-12-02T00:00:00+00:00 [queued]>
[2022-02-20 00:28:26,173] {taskinstance.py:1238} INFO - 
--------------------------------------------------------------------------------
[2022-02-20 00:28:26,173] {taskinstance.py:1239} INFO - Starting attempt 1 of 2
[2022-02-20 00:28:26,173] {taskinstance.py:1240} INFO - 
--------------------------------------------------------------------------------
[2022-02-20 00:28:26,190] {taskinstance.py:1259} INFO - Executing <Task(PythonOperator): format_to_parquet_task> on 2019-12-02 00:00:00+00:00
[2022-02-20 00:28:26,197] {standard_task_runner.py:52} INFO - Started process 2145 to run task
[2022-02-20 00:28:26,201] {standard_task_runner.py:76} INFO - Running: ['***', 'tasks', 'run', 'yellow_taxi_gcs_dag', 'format_to_parquet_task', 'scheduled__2019-12-02T00:00:00+00:00', '--job-id', '463', '--raw', '--subdir', 'DAGS_FOLDER/yellow_taxi_gcs_dag.py', '--cfg-path', '/tmp/tmpz18chvwc', '--error-file', '/tmp/tmpfg9gbp5o']
[2022-02-20 00:28:26,203] {standard_task_runner.py:77} INFO - Job 463: Subtask format_to_parquet_task
[2022-02-20 00:28:26,306] {logging_mixin.py:109} INFO - Running <TaskInstance: yellow_taxi_gcs_dag.format_to_parquet_task scheduled__2019-12-02T00:00:00+00:00 [running]> on host da07aa254901
[2022-02-20 00:28:26,369] {warnings.py:110} WARNING - /home/***/.local/lib/python3.7/site-packages/***/utils/context.py:152: AirflowContextDeprecationWarning: Accessing 'execution_date' from the template is deprecated and will be removed in a future version. Please use 'data_interval_start' or 'logical_date' instead.
  warnings.warn(_create_deprecation_warning(key, self._deprecation_replacements[key]))

[2022-02-20 00:28:26,401] {taskinstance.py:1426} INFO - Exporting the following env vars:
AIRFLOW_CTX_DAG_OWNER=***
AIRFLOW_CTX_DAG_ID=yellow_taxi_gcs_dag
AIRFLOW_CTX_TASK_ID=format_to_parquet_task
AIRFLOW_CTX_EXECUTION_DATE=2019-12-02T00:00:00+00:00
AIRFLOW_CTX_DAG_RUN_ID=scheduled__2019-12-02T00:00:00+00:00
[2022-02-20 00:28:49,568] {python.py:175} INFO - Done. Returned value was: None
[2022-02-20 00:28:50,101] {taskinstance.py:1277} INFO - Marking task as SUCCESS. dag_id=yellow_taxi_gcs_dag, task_id=format_to_parquet_task, execution_date=20191202T000000, start_date=20220220T002826, end_date=20220220T002850
[2022-02-20 00:28:50,828] {local_task_job.py:154} INFO - Task exited with return code 0
[2022-02-20 00:28:51,058] {local_task_job.py:264} INFO - 0 downstream tasks scheduled from follow-on schedule check
=======
>>>>>>> origin/master
