[2022-02-03 17:26:59,645] {taskinstance.py:1032} INFO - Dependencies all met for <TaskInstance: yellow_taxi_gcs_dag.delete_the_local_file scheduled__2020-01-02T00:00:00+00:00 [queued]>
[2022-02-03 17:26:59,657] {taskinstance.py:1032} INFO - Dependencies all met for <TaskInstance: yellow_taxi_gcs_dag.delete_the_local_file scheduled__2020-01-02T00:00:00+00:00 [queued]>
[2022-02-03 17:26:59,657] {taskinstance.py:1238} INFO - 
--------------------------------------------------------------------------------
[2022-02-03 17:26:59,657] {taskinstance.py:1239} INFO - Starting attempt 1 of 2
[2022-02-03 17:26:59,657] {taskinstance.py:1240} INFO - 
--------------------------------------------------------------------------------
[2022-02-03 17:26:59,670] {taskinstance.py:1259} INFO - Executing <Task(BashOperator): delete_the_local_file> on 2020-01-02 00:00:00+00:00
[2022-02-03 17:26:59,676] {standard_task_runner.py:52} INFO - Started process 3065 to run task
[2022-02-03 17:26:59,680] {standard_task_runner.py:76} INFO - Running: ['***', 'tasks', 'run', 'yellow_taxi_gcs_dag', 'delete_the_local_file', 'scheduled__2020-01-02T00:00:00+00:00', '--job-id', '102', '--raw', '--subdir', 'DAGS_FOLDER/yellow_taxi_gcs_dag.py', '--cfg-path', '/tmp/tmptx96i_yo', '--error-file', '/tmp/tmpoguxehvt']
[2022-02-03 17:26:59,681] {standard_task_runner.py:77} INFO - Job 102: Subtask delete_the_local_file
[2022-02-03 17:26:59,751] {logging_mixin.py:109} INFO - Running <TaskInstance: yellow_taxi_gcs_dag.delete_the_local_file scheduled__2020-01-02T00:00:00+00:00 [running]> on host 7e458922b35d
[2022-02-03 17:26:59,797] {warnings.py:110} WARNING - /home/***/.local/lib/python3.7/site-packages/***/utils/context.py:152: AirflowContextDeprecationWarning: Accessing 'execution_date' from the template is deprecated and will be removed in a future version. Please use 'data_interval_start' or 'logical_date' instead.
  warnings.warn(_create_deprecation_warning(key, self._deprecation_replacements[key]))

[2022-02-03 17:26:59,817] {taskinstance.py:1426} INFO - Exporting the following env vars:
AIRFLOW_CTX_DAG_OWNER=***
AIRFLOW_CTX_DAG_ID=yellow_taxi_gcs_dag
AIRFLOW_CTX_TASK_ID=delete_the_local_file
AIRFLOW_CTX_EXECUTION_DATE=2020-01-02T00:00:00+00:00
AIRFLOW_CTX_DAG_RUN_ID=scheduled__2020-01-02T00:00:00+00:00
[2022-02-03 17:26:59,818] {subprocess.py:62} INFO - Tmp dir root location: 
 /tmp
[2022-02-03 17:26:59,819] {subprocess.py:74} INFO - Running command: ['bash', '-c', 'rm /opt/***/output_2020-01.csv | rm /opt/***/output_2020-01.parquet']
[2022-02-03 17:26:59,831] {subprocess.py:85} INFO - Output:
[2022-02-03 17:26:59,917] {subprocess.py:93} INFO - Command exited with return code 0
[2022-02-03 17:26:59,944] {taskinstance.py:1277} INFO - Marking task as SUCCESS. dag_id=yellow_taxi_gcs_dag, task_id=delete_the_local_file, execution_date=20200102T000000, start_date=20220203T172659, end_date=20220203T172659
[2022-02-03 17:26:59,972] {local_task_job.py:154} INFO - Task exited with return code 0
[2022-02-03 17:27:00,005] {local_task_job.py:264} INFO - 0 downstream tasks scheduled from follow-on schedule check
[2022-02-20 00:29:22,382] {taskinstance.py:1032} INFO - Dependencies all met for <TaskInstance: yellow_taxi_gcs_dag.delete_the_local_file scheduled__2020-01-02T00:00:00+00:00 [queued]>
[2022-02-20 00:29:22,430] {taskinstance.py:1032} INFO - Dependencies all met for <TaskInstance: yellow_taxi_gcs_dag.delete_the_local_file scheduled__2020-01-02T00:00:00+00:00 [queued]>
[2022-02-20 00:29:22,430] {taskinstance.py:1238} INFO - 
--------------------------------------------------------------------------------
[2022-02-20 00:29:22,430] {taskinstance.py:1239} INFO - Starting attempt 1 of 2
[2022-02-20 00:29:22,430] {taskinstance.py:1240} INFO - 
--------------------------------------------------------------------------------
[2022-02-20 00:29:22,478] {taskinstance.py:1259} INFO - Executing <Task(BashOperator): delete_the_local_file> on 2020-01-02 00:00:00+00:00
[2022-02-20 00:29:22,491] {standard_task_runner.py:52} INFO - Started process 2209 to run task
[2022-02-20 00:29:22,508] {standard_task_runner.py:76} INFO - Running: ['***', 'tasks', 'run', 'yellow_taxi_gcs_dag', 'delete_the_local_file', 'scheduled__2020-01-02T00:00:00+00:00', '--job-id', '469', '--raw', '--subdir', 'DAGS_FOLDER/yellow_taxi_gcs_dag.py', '--cfg-path', '/tmp/tmpy84h6o9m', '--error-file', '/tmp/tmpnjvas83u']
[2022-02-20 00:29:22,517] {standard_task_runner.py:77} INFO - Job 469: Subtask delete_the_local_file
[2022-02-20 00:29:22,692] {logging_mixin.py:109} INFO - Running <TaskInstance: yellow_taxi_gcs_dag.delete_the_local_file scheduled__2020-01-02T00:00:00+00:00 [running]> on host da07aa254901
[2022-02-20 00:29:22,813] {warnings.py:110} WARNING - /home/***/.local/lib/python3.7/site-packages/***/utils/context.py:152: AirflowContextDeprecationWarning: Accessing 'execution_date' from the template is deprecated and will be removed in a future version. Please use 'data_interval_start' or 'logical_date' instead.
  warnings.warn(_create_deprecation_warning(key, self._deprecation_replacements[key]))

[2022-02-20 00:29:22,854] {taskinstance.py:1426} INFO - Exporting the following env vars:
AIRFLOW_CTX_DAG_OWNER=***
AIRFLOW_CTX_DAG_ID=yellow_taxi_gcs_dag
AIRFLOW_CTX_TASK_ID=delete_the_local_file
AIRFLOW_CTX_EXECUTION_DATE=2020-01-02T00:00:00+00:00
AIRFLOW_CTX_DAG_RUN_ID=scheduled__2020-01-02T00:00:00+00:00
[2022-02-20 00:29:22,855] {subprocess.py:62} INFO - Tmp dir root location: 
 /tmp
[2022-02-20 00:29:22,856] {subprocess.py:74} INFO - Running command: ['bash', '-c', 'rm /opt/***/output_2020-01.csv | rm /opt/***/output_2020-01.parquet']
[2022-02-20 00:29:22,888] {subprocess.py:85} INFO - Output:
[2022-02-20 00:29:22,951] {subprocess.py:93} INFO - Command exited with return code 0
[2022-02-20 00:29:23,001] {taskinstance.py:1277} INFO - Marking task as SUCCESS. dag_id=yellow_taxi_gcs_dag, task_id=delete_the_local_file, execution_date=20200102T000000, start_date=20220220T002922, end_date=20220220T002923
[2022-02-20 00:29:23,097] {local_task_job.py:154} INFO - Task exited with return code 0
[2022-02-20 00:29:23,194] {local_task_job.py:264} INFO - 0 downstream tasks scheduled from follow-on schedule check
