[2022-02-03 17:23:45,250] {taskinstance.py:1032} INFO - Dependencies all met for <TaskInstance: yellow_taxi_gcs_dag.local_to_gcs_task scheduled__2019-10-02T00:00:00+00:00 [queued]>
[2022-02-03 17:23:45,266] {taskinstance.py:1032} INFO - Dependencies all met for <TaskInstance: yellow_taxi_gcs_dag.local_to_gcs_task scheduled__2019-10-02T00:00:00+00:00 [queued]>
[2022-02-03 17:23:45,267] {taskinstance.py:1238} INFO - 
--------------------------------------------------------------------------------
[2022-02-03 17:23:45,267] {taskinstance.py:1239} INFO - Starting attempt 1 of 2
[2022-02-03 17:23:45,267] {taskinstance.py:1240} INFO - 
--------------------------------------------------------------------------------
[2022-02-03 17:23:45,288] {taskinstance.py:1259} INFO - Executing <Task(PythonOperator): local_to_gcs_task> on 2019-10-02 00:00:00+00:00
[2022-02-03 17:23:45,295] {standard_task_runner.py:52} INFO - Started process 2850 to run task
[2022-02-03 17:23:45,320] {standard_task_runner.py:76} INFO - Running: ['***', 'tasks', 'run', 'yellow_taxi_gcs_dag', 'local_to_gcs_task', 'scheduled__2019-10-02T00:00:00+00:00', '--job-id', '87', '--raw', '--subdir', 'DAGS_FOLDER/yellow_taxi_gcs_dag.py', '--cfg-path', '/tmp/tmp83fv2i9x', '--error-file', '/tmp/tmp2d2byd1o']
[2022-02-03 17:23:45,324] {standard_task_runner.py:77} INFO - Job 87: Subtask local_to_gcs_task
[2022-02-03 17:23:45,462] {logging_mixin.py:109} INFO - Running <TaskInstance: yellow_taxi_gcs_dag.local_to_gcs_task scheduled__2019-10-02T00:00:00+00:00 [running]> on host 7e458922b35d
[2022-02-03 17:23:45,558] {warnings.py:110} WARNING - /home/***/.local/lib/python3.7/site-packages/***/utils/context.py:152: AirflowContextDeprecationWarning: Accessing 'execution_date' from the template is deprecated and will be removed in a future version. Please use 'data_interval_start' or 'logical_date' instead.
  warnings.warn(_create_deprecation_warning(key, self._deprecation_replacements[key]))

[2022-02-03 17:23:45,589] {taskinstance.py:1426} INFO - Exporting the following env vars:
AIRFLOW_CTX_DAG_OWNER=***
AIRFLOW_CTX_DAG_ID=yellow_taxi_gcs_dag
AIRFLOW_CTX_TASK_ID=local_to_gcs_task
AIRFLOW_CTX_EXECUTION_DATE=2019-10-02T00:00:00+00:00
AIRFLOW_CTX_DAG_RUN_ID=scheduled__2019-10-02T00:00:00+00:00
[2022-02-03 17:24:01,875] {python.py:175} INFO - Done. Returned value was: None
[2022-02-03 17:24:01,897] {taskinstance.py:1277} INFO - Marking task as SUCCESS. dag_id=yellow_taxi_gcs_dag, task_id=local_to_gcs_task, execution_date=20191002T000000, start_date=20220203T172345, end_date=20220203T172401
[2022-02-03 17:24:01,962] {local_task_job.py:154} INFO - Task exited with return code 0
[2022-02-03 17:24:02,027] {local_task_job.py:264} INFO - 1 downstream tasks scheduled from follow-on schedule check
<<<<<<< HEAD
[2022-02-20 00:25:19,300] {taskinstance.py:1032} INFO - Dependencies all met for <TaskInstance: yellow_taxi_gcs_dag.local_to_gcs_task scheduled__2019-10-02T00:00:00+00:00 [queued]>
[2022-02-20 00:25:19,337] {taskinstance.py:1032} INFO - Dependencies all met for <TaskInstance: yellow_taxi_gcs_dag.local_to_gcs_task scheduled__2019-10-02T00:00:00+00:00 [queued]>
[2022-02-20 00:25:19,338] {taskinstance.py:1238} INFO - 
--------------------------------------------------------------------------------
[2022-02-20 00:25:19,339] {taskinstance.py:1239} INFO - Starting attempt 1 of 2
[2022-02-20 00:25:19,340] {taskinstance.py:1240} INFO - 
--------------------------------------------------------------------------------
[2022-02-20 00:25:19,389] {taskinstance.py:1259} INFO - Executing <Task(PythonOperator): local_to_gcs_task> on 2019-10-02 00:00:00+00:00
[2022-02-20 00:25:19,403] {standard_task_runner.py:52} INFO - Started process 1980 to run task
[2022-02-20 00:25:19,420] {standard_task_runner.py:76} INFO - Running: ['***', 'tasks', 'run', 'yellow_taxi_gcs_dag', 'local_to_gcs_task', 'scheduled__2019-10-02T00:00:00+00:00', '--job-id', '451', '--raw', '--subdir', 'DAGS_FOLDER/yellow_taxi_gcs_dag.py', '--cfg-path', '/tmp/tmpo2c55sgq', '--error-file', '/tmp/tmpgvarcjfn']
[2022-02-20 00:25:19,421] {standard_task_runner.py:77} INFO - Job 451: Subtask local_to_gcs_task
[2022-02-20 00:25:19,621] {logging_mixin.py:109} INFO - Running <TaskInstance: yellow_taxi_gcs_dag.local_to_gcs_task scheduled__2019-10-02T00:00:00+00:00 [running]> on host da07aa254901
[2022-02-20 00:25:19,852] {warnings.py:110} WARNING - /home/***/.local/lib/python3.7/site-packages/***/utils/context.py:152: AirflowContextDeprecationWarning: Accessing 'execution_date' from the template is deprecated and will be removed in a future version. Please use 'data_interval_start' or 'logical_date' instead.
  warnings.warn(_create_deprecation_warning(key, self._deprecation_replacements[key]))

[2022-02-20 00:25:19,989] {taskinstance.py:1426} INFO - Exporting the following env vars:
AIRFLOW_CTX_DAG_OWNER=***
AIRFLOW_CTX_DAG_ID=yellow_taxi_gcs_dag
AIRFLOW_CTX_TASK_ID=local_to_gcs_task
AIRFLOW_CTX_EXECUTION_DATE=2019-10-02T00:00:00+00:00
AIRFLOW_CTX_DAG_RUN_ID=scheduled__2019-10-02T00:00:00+00:00
[2022-02-20 00:25:35,455] {python.py:175} INFO - Done. Returned value was: None
[2022-02-20 00:25:35,523] {taskinstance.py:1277} INFO - Marking task as SUCCESS. dag_id=yellow_taxi_gcs_dag, task_id=local_to_gcs_task, execution_date=20191002T000000, start_date=20220220T002519, end_date=20220220T002535
[2022-02-20 00:25:35,597] {local_task_job.py:154} INFO - Task exited with return code 0
[2022-02-20 00:25:35,705] {local_task_job.py:264} INFO - 1 downstream tasks scheduled from follow-on schedule check
=======
>>>>>>> origin/master
