[2022-02-03 13:48:13,780] {taskinstance.py:1032} INFO - Dependencies all met for <TaskInstance: LocalIngestionDag.wget scheduled__2021-09-02T06:00:00+00:00 [queued]>
[2022-02-03 13:48:13,840] {taskinstance.py:1032} INFO - Dependencies all met for <TaskInstance: LocalIngestionDag.wget scheduled__2021-09-02T06:00:00+00:00 [queued]>
[2022-02-03 13:48:13,840] {taskinstance.py:1238} INFO - 
--------------------------------------------------------------------------------
[2022-02-03 13:48:13,841] {taskinstance.py:1239} INFO - Starting attempt 1 of 1
[2022-02-03 13:48:13,841] {taskinstance.py:1240} INFO - 
--------------------------------------------------------------------------------
[2022-02-03 13:48:13,890] {taskinstance.py:1259} INFO - Executing <Task(BashOperator): wget> on 2021-09-02 06:00:00+00:00
[2022-02-03 13:48:13,904] {standard_task_runner.py:52} INFO - Started process 1597 to run task
[2022-02-03 13:48:13,914] {standard_task_runner.py:76} INFO - Running: ['***', 'tasks', 'run', 'LocalIngestionDag', 'wget', 'scheduled__2021-09-02T06:00:00+00:00', '--job-id', '59', '--raw', '--subdir', 'DAGS_FOLDER/data_ingestion_localDB_dag.py', '--cfg-path', '/tmp/tmphudunv_0', '--error-file', '/tmp/tmpg7kurr1j']
[2022-02-03 13:48:13,918] {standard_task_runner.py:77} INFO - Job 59: Subtask wget
[2022-02-03 13:48:14,118] {logging_mixin.py:109} INFO - Running <TaskInstance: LocalIngestionDag.wget scheduled__2021-09-02T06:00:00+00:00 [running]> on host 2b92176b720f
[2022-02-03 13:48:14,270] {warnings.py:110} WARNING - /home/***/.local/lib/python3.7/site-packages/***/utils/context.py:152: AirflowContextDeprecationWarning: Accessing 'execution_date' from the template is deprecated and will be removed in a future version. Please use 'data_interval_start' or 'logical_date' instead.
  warnings.warn(_create_deprecation_warning(key, self._deprecation_replacements[key]))

[2022-02-03 13:48:14,312] {taskinstance.py:1426} INFO - Exporting the following env vars:
AIRFLOW_CTX_DAG_OWNER=***
AIRFLOW_CTX_DAG_ID=LocalIngestionDag
AIRFLOW_CTX_TASK_ID=wget
AIRFLOW_CTX_EXECUTION_DATE=2021-09-02T06:00:00+00:00
AIRFLOW_CTX_DAG_RUN_ID=scheduled__2021-09-02T06:00:00+00:00
[2022-02-03 13:48:14,313] {subprocess.py:62} INFO - Tmp dir root location: 
 /tmp
[2022-02-03 13:48:14,314] {subprocess.py:74} INFO - Running command: ['bash', '-c', 'echo "2021-m%"']
[2022-02-03 13:48:14,348] {subprocess.py:85} INFO - Output:
[2022-02-03 13:48:14,350] {subprocess.py:89} INFO - 2021-m%
[2022-02-03 13:48:14,350] {subprocess.py:93} INFO - Command exited with return code 0
[2022-02-03 13:48:14,387] {taskinstance.py:1277} INFO - Marking task as SUCCESS. dag_id=LocalIngestionDag, task_id=wget, execution_date=20210902T060000, start_date=20220203T134813, end_date=20220203T134814
[2022-02-03 13:48:14,426] {local_task_job.py:154} INFO - Task exited with return code 0
[2022-02-03 13:48:14,478] {local_task_job.py:264} INFO - 0 downstream tasks scheduled from follow-on schedule check
