[2022-02-09 20:37:36,683] {taskinstance.py:1032} INFO - Dependencies all met for <TaskInstance: green_taxi_gcs_dag.delete_the_local_file scheduled__2020-05-02T00:00:00+00:00 [queued]>
[2022-02-09 20:37:36,708] {taskinstance.py:1032} INFO - Dependencies all met for <TaskInstance: green_taxi_gcs_dag.delete_the_local_file scheduled__2020-05-02T00:00:00+00:00 [queued]>
[2022-02-09 20:37:36,708] {taskinstance.py:1238} INFO - 
--------------------------------------------------------------------------------
[2022-02-09 20:37:36,708] {taskinstance.py:1239} INFO - Starting attempt 1 of 2
[2022-02-09 20:37:36,708] {taskinstance.py:1240} INFO - 
--------------------------------------------------------------------------------
[2022-02-09 20:37:36,731] {taskinstance.py:1259} INFO - Executing <Task(BashOperator): delete_the_local_file> on 2020-05-02 00:00:00+00:00
[2022-02-09 20:37:36,744] {standard_task_runner.py:52} INFO - Started process 207 to run task
[2022-02-09 20:37:36,759] {standard_task_runner.py:76} INFO - Running: ['***', 'tasks', 'run', 'green_taxi_gcs_dag', 'delete_the_local_file', 'scheduled__2020-05-02T00:00:00+00:00', '--job-id', '87', '--raw', '--subdir', 'DAGS_FOLDER/green_gcs_dag.py', '--cfg-path', '/tmp/tmpyquna7et', '--error-file', '/tmp/tmp4ukqr3xq']
[2022-02-09 20:37:36,760] {standard_task_runner.py:77} INFO - Job 87: Subtask delete_the_local_file
[2022-02-09 20:37:36,892] {logging_mixin.py:109} INFO - Running <TaskInstance: green_taxi_gcs_dag.delete_the_local_file scheduled__2020-05-02T00:00:00+00:00 [running]> on host 4f97b6b16bdb
[2022-02-09 20:37:36,978] {warnings.py:110} WARNING - /home/***/.local/lib/python3.7/site-packages/***/utils/context.py:152: AirflowContextDeprecationWarning: Accessing 'execution_date' from the template is deprecated and will be removed in a future version. Please use 'data_interval_start' or 'logical_date' instead.
  warnings.warn(_create_deprecation_warning(key, self._deprecation_replacements[key]))

[2022-02-09 20:37:37,029] {taskinstance.py:1426} INFO - Exporting the following env vars:
AIRFLOW_CTX_DAG_OWNER=***
AIRFLOW_CTX_DAG_ID=green_taxi_gcs_dag
AIRFLOW_CTX_TASK_ID=delete_the_local_file
AIRFLOW_CTX_EXECUTION_DATE=2020-05-02T00:00:00+00:00
AIRFLOW_CTX_DAG_RUN_ID=scheduled__2020-05-02T00:00:00+00:00
[2022-02-09 20:37:37,031] {subprocess.py:62} INFO - Tmp dir root location: 
 /tmp
[2022-02-09 20:37:37,032] {subprocess.py:74} INFO - Running command: ['bash', '-c', 'rm /opt/***/output_2020-05.csv | rm /opt/***/output_2020-05.parquet']
[2022-02-09 20:37:37,054] {subprocess.py:85} INFO - Output:
[2022-02-09 20:37:37,077] {subprocess.py:93} INFO - Command exited with return code 0
[2022-02-09 20:37:37,182] {taskinstance.py:1277} INFO - Marking task as SUCCESS. dag_id=green_taxi_gcs_dag, task_id=delete_the_local_file, execution_date=20200502T000000, start_date=20220209T203736, end_date=20220209T203737
[2022-02-09 20:37:37,259] {local_task_job.py:154} INFO - Task exited with return code 0
[2022-02-09 20:37:37,339] {local_task_job.py:264} INFO - 0 downstream tasks scheduled from follow-on schedule check
[2022-02-09 20:47:48,025] {taskinstance.py:1032} INFO - Dependencies all met for <TaskInstance: green_taxi_gcs_dag.delete_the_local_file scheduled__2020-05-02T00:00:00+00:00 [queued]>
[2022-02-09 20:47:48,056] {taskinstance.py:1032} INFO - Dependencies all met for <TaskInstance: green_taxi_gcs_dag.delete_the_local_file scheduled__2020-05-02T00:00:00+00:00 [queued]>
[2022-02-09 20:47:48,057] {taskinstance.py:1238} INFO - 
--------------------------------------------------------------------------------
[2022-02-09 20:47:48,057] {taskinstance.py:1239} INFO - Starting attempt 1 of 2
[2022-02-09 20:47:48,057] {taskinstance.py:1240} INFO - 
--------------------------------------------------------------------------------
[2022-02-09 20:47:48,106] {taskinstance.py:1259} INFO - Executing <Task(BashOperator): delete_the_local_file> on 2020-05-02 00:00:00+00:00
[2022-02-09 20:47:48,138] {standard_task_runner.py:52} INFO - Started process 1078 to run task
[2022-02-09 20:47:48,153] {standard_task_runner.py:76} INFO - Running: ['***', 'tasks', 'run', 'green_taxi_gcs_dag', 'delete_the_local_file', 'scheduled__2020-05-02T00:00:00+00:00', '--job-id', '184', '--raw', '--subdir', 'DAGS_FOLDER/green_gcs_dag.py', '--cfg-path', '/tmp/tmpo1ymh7ug', '--error-file', '/tmp/tmpg26obyc0']
[2022-02-09 20:47:48,155] {standard_task_runner.py:77} INFO - Job 184: Subtask delete_the_local_file
[2022-02-09 20:47:48,390] {logging_mixin.py:109} INFO - Running <TaskInstance: green_taxi_gcs_dag.delete_the_local_file scheduled__2020-05-02T00:00:00+00:00 [running]> on host 4f97b6b16bdb
[2022-02-09 20:47:48,613] {warnings.py:110} WARNING - /home/***/.local/lib/python3.7/site-packages/***/utils/context.py:152: AirflowContextDeprecationWarning: Accessing 'execution_date' from the template is deprecated and will be removed in a future version. Please use 'data_interval_start' or 'logical_date' instead.
  warnings.warn(_create_deprecation_warning(key, self._deprecation_replacements[key]))

[2022-02-09 20:47:48,703] {taskinstance.py:1426} INFO - Exporting the following env vars:
AIRFLOW_CTX_DAG_OWNER=***
AIRFLOW_CTX_DAG_ID=green_taxi_gcs_dag
AIRFLOW_CTX_TASK_ID=delete_the_local_file
AIRFLOW_CTX_EXECUTION_DATE=2020-05-02T00:00:00+00:00
AIRFLOW_CTX_DAG_RUN_ID=scheduled__2020-05-02T00:00:00+00:00
[2022-02-09 20:47:48,710] {subprocess.py:62} INFO - Tmp dir root location: 
 /tmp
[2022-02-09 20:47:48,712] {subprocess.py:74} INFO - Running command: ['bash', '-c', 'rm /opt/***/output_2020-05.csv | rm /opt/***/output_2020-05.parquet']
[2022-02-09 20:47:48,755] {subprocess.py:85} INFO - Output:
[2022-02-09 20:47:48,797] {subprocess.py:93} INFO - Command exited with return code 0
[2022-02-09 20:47:49,019] {taskinstance.py:1277} INFO - Marking task as SUCCESS. dag_id=green_taxi_gcs_dag, task_id=delete_the_local_file, execution_date=20200502T000000, start_date=20220209T204748, end_date=20220209T204749
[2022-02-09 20:47:49,351] {local_task_job.py:154} INFO - Task exited with return code 0
[2022-02-09 20:47:49,548] {local_task_job.py:264} INFO - 0 downstream tasks scheduled from follow-on schedule check
[2022-02-20 00:08:13,662] {taskinstance.py:1032} INFO - Dependencies all met for <TaskInstance: green_taxi_gcs_dag.delete_the_local_file scheduled__2020-05-02T00:00:00+00:00 [queued]>
[2022-02-20 00:08:13,677] {taskinstance.py:1032} INFO - Dependencies all met for <TaskInstance: green_taxi_gcs_dag.delete_the_local_file scheduled__2020-05-02T00:00:00+00:00 [queued]>
[2022-02-20 00:08:13,677] {taskinstance.py:1238} INFO - 
--------------------------------------------------------------------------------
[2022-02-20 00:08:13,678] {taskinstance.py:1239} INFO - Starting attempt 1 of 2
[2022-02-20 00:08:13,678] {taskinstance.py:1240} INFO - 
--------------------------------------------------------------------------------
[2022-02-20 00:08:13,694] {taskinstance.py:1259} INFO - Executing <Task(BashOperator): delete_the_local_file> on 2020-05-02 00:00:00+00:00
[2022-02-20 00:08:13,701] {standard_task_runner.py:52} INFO - Started process 998 to run task
[2022-02-20 00:08:13,707] {standard_task_runner.py:76} INFO - Running: ['***', 'tasks', 'run', 'green_taxi_gcs_dag', 'delete_the_local_file', 'scheduled__2020-05-02T00:00:00+00:00', '--job-id', '378', '--raw', '--subdir', 'DAGS_FOLDER/green_gcs_dag.py', '--cfg-path', '/tmp/tmp102k9ezv', '--error-file', '/tmp/tmplz99es7r']
[2022-02-20 00:08:13,709] {standard_task_runner.py:77} INFO - Job 378: Subtask delete_the_local_file
[2022-02-20 00:08:13,786] {logging_mixin.py:109} INFO - Running <TaskInstance: green_taxi_gcs_dag.delete_the_local_file scheduled__2020-05-02T00:00:00+00:00 [running]> on host da07aa254901
[2022-02-20 00:08:13,845] {warnings.py:110} WARNING - /home/***/.local/lib/python3.7/site-packages/***/utils/context.py:152: AirflowContextDeprecationWarning: Accessing 'execution_date' from the template is deprecated and will be removed in a future version. Please use 'data_interval_start' or 'logical_date' instead.
  warnings.warn(_create_deprecation_warning(key, self._deprecation_replacements[key]))

[2022-02-20 00:08:13,873] {taskinstance.py:1426} INFO - Exporting the following env vars:
AIRFLOW_CTX_DAG_OWNER=***
AIRFLOW_CTX_DAG_ID=green_taxi_gcs_dag
AIRFLOW_CTX_TASK_ID=delete_the_local_file
AIRFLOW_CTX_EXECUTION_DATE=2020-05-02T00:00:00+00:00
AIRFLOW_CTX_DAG_RUN_ID=scheduled__2020-05-02T00:00:00+00:00
[2022-02-20 00:08:13,874] {subprocess.py:62} INFO - Tmp dir root location: 
 /tmp
[2022-02-20 00:08:13,875] {subprocess.py:74} INFO - Running command: ['bash', '-c', 'rm /opt/***/output_2020-05.csv | rm /opt/***/output_2020-05.parquet']
[2022-02-20 00:08:13,893] {subprocess.py:85} INFO - Output:
[2022-02-20 00:08:13,898] {subprocess.py:93} INFO - Command exited with return code 0
[2022-02-20 00:08:13,936] {taskinstance.py:1277} INFO - Marking task as SUCCESS. dag_id=green_taxi_gcs_dag, task_id=delete_the_local_file, execution_date=20200502T000000, start_date=20220220T000813, end_date=20220220T000813
[2022-02-20 00:08:13,987] {local_task_job.py:154} INFO - Task exited with return code 0
[2022-02-20 00:08:14,068] {local_task_job.py:264} INFO - 0 downstream tasks scheduled from follow-on schedule check
[2022-02-20 02:01:40,613] {taskinstance.py:1032} INFO - Dependencies all met for <TaskInstance: green_taxi_gcs_dag.delete_the_local_file scheduled__2020-05-02T00:00:00+00:00 [queued]>
[2022-02-20 02:01:40,670] {taskinstance.py:1032} INFO - Dependencies all met for <TaskInstance: green_taxi_gcs_dag.delete_the_local_file scheduled__2020-05-02T00:00:00+00:00 [queued]>
[2022-02-20 02:01:40,673] {taskinstance.py:1238} INFO - 
--------------------------------------------------------------------------------
[2022-02-20 02:01:40,673] {taskinstance.py:1239} INFO - Starting attempt 1 of 2
[2022-02-20 02:01:40,673] {taskinstance.py:1240} INFO - 
--------------------------------------------------------------------------------
[2022-02-20 02:01:40,707] {taskinstance.py:1259} INFO - Executing <Task(BashOperator): delete_the_local_file> on 2020-05-02 00:00:00+00:00
[2022-02-20 02:01:40,714] {standard_task_runner.py:52} INFO - Started process 668 to run task
[2022-02-20 02:01:40,724] {standard_task_runner.py:76} INFO - Running: ['***', 'tasks', 'run', 'green_taxi_gcs_dag', 'delete_the_local_file', 'scheduled__2020-05-02T00:00:00+00:00', '--job-id', '584', '--raw', '--subdir', 'DAGS_FOLDER/green_gcs_dag.py', '--cfg-path', '/tmp/tmpnqhgx6uj', '--error-file', '/tmp/tmp8_atlruf']
[2022-02-20 02:01:40,725] {standard_task_runner.py:77} INFO - Job 584: Subtask delete_the_local_file
[2022-02-20 02:01:40,830] {logging_mixin.py:109} INFO - Running <TaskInstance: green_taxi_gcs_dag.delete_the_local_file scheduled__2020-05-02T00:00:00+00:00 [running]> on host 5484a3a1f7c3
[2022-02-20 02:01:40,893] {warnings.py:110} WARNING - /home/***/.local/lib/python3.7/site-packages/***/utils/context.py:152: AirflowContextDeprecationWarning: Accessing 'execution_date' from the template is deprecated and will be removed in a future version. Please use 'data_interval_start' or 'logical_date' instead.
  warnings.warn(_create_deprecation_warning(key, self._deprecation_replacements[key]))

[2022-02-20 02:01:40,927] {taskinstance.py:1426} INFO - Exporting the following env vars:
AIRFLOW_CTX_DAG_OWNER=***
AIRFLOW_CTX_DAG_ID=green_taxi_gcs_dag
AIRFLOW_CTX_TASK_ID=delete_the_local_file
AIRFLOW_CTX_EXECUTION_DATE=2020-05-02T00:00:00+00:00
AIRFLOW_CTX_DAG_RUN_ID=scheduled__2020-05-02T00:00:00+00:00
[2022-02-20 02:01:40,928] {subprocess.py:62} INFO - Tmp dir root location: 
 /tmp
[2022-02-20 02:01:40,929] {subprocess.py:74} INFO - Running command: ['bash', '-c', 'rm /opt/***/output_2020-05.csv | rm /opt/***/output_2020-05.parquet']
[2022-02-20 02:01:40,952] {subprocess.py:85} INFO - Output:
[2022-02-20 02:01:40,960] {subprocess.py:93} INFO - Command exited with return code 0
[2022-02-20 02:01:40,990] {taskinstance.py:1277} INFO - Marking task as SUCCESS. dag_id=green_taxi_gcs_dag, task_id=delete_the_local_file, execution_date=20200502T000000, start_date=20220220T020140, end_date=20220220T020140
[2022-02-20 02:01:41,015] {local_task_job.py:154} INFO - Task exited with return code 0
[2022-02-20 02:01:41,055] {local_task_job.py:264} INFO - 0 downstream tasks scheduled from follow-on schedule check
