[2022-02-09 20:33:28,296] {taskinstance.py:1032} INFO - Dependencies all met for <TaskInstance: green_taxi_gcs_dag.local_to_gcs_task scheduled__2019-09-02T00:00:00+00:00 [queued]>
[2022-02-09 20:33:28,344] {taskinstance.py:1032} INFO - Dependencies all met for <TaskInstance: green_taxi_gcs_dag.local_to_gcs_task scheduled__2019-09-02T00:00:00+00:00 [queued]>
[2022-02-09 20:33:28,344] {taskinstance.py:1238} INFO - 
--------------------------------------------------------------------------------
[2022-02-09 20:33:28,345] {taskinstance.py:1239} INFO - Starting attempt 1 of 2
[2022-02-09 20:33:28,345] {taskinstance.py:1240} INFO - 
--------------------------------------------------------------------------------
[2022-02-09 20:33:28,418] {taskinstance.py:1259} INFO - Executing <Task(PythonOperator): local_to_gcs_task> on 2019-09-02 00:00:00+00:00
[2022-02-09 20:33:28,444] {standard_task_runner.py:52} INFO - Started process 335 to run task
[2022-02-09 20:33:28,472] {standard_task_runner.py:76} INFO - Running: ['***', 'tasks', 'run', 'green_taxi_gcs_dag', 'local_to_gcs_task', 'scheduled__2019-09-02T00:00:00+00:00', '--job-id', '51', '--raw', '--subdir', 'DAGS_FOLDER/green_gcs_dag.py', '--cfg-path', '/tmp/tmps9dbd62t', '--error-file', '/tmp/tmptot959bh']
[2022-02-09 20:33:28,496] {standard_task_runner.py:77} INFO - Job 51: Subtask local_to_gcs_task
[2022-02-09 20:33:28,863] {logging_mixin.py:109} INFO - Running <TaskInstance: green_taxi_gcs_dag.local_to_gcs_task scheduled__2019-09-02T00:00:00+00:00 [running]> on host 4f97b6b16bdb
[2022-02-09 20:33:29,147] {warnings.py:110} WARNING - /home/***/.local/lib/python3.7/site-packages/***/utils/context.py:152: AirflowContextDeprecationWarning: Accessing 'execution_date' from the template is deprecated and will be removed in a future version. Please use 'data_interval_start' or 'logical_date' instead.
  warnings.warn(_create_deprecation_warning(key, self._deprecation_replacements[key]))

[2022-02-09 20:33:29,221] {taskinstance.py:1426} INFO - Exporting the following env vars:
AIRFLOW_CTX_DAG_OWNER=***
AIRFLOW_CTX_DAG_ID=green_taxi_gcs_dag
AIRFLOW_CTX_TASK_ID=local_to_gcs_task
AIRFLOW_CTX_EXECUTION_DATE=2019-09-02T00:00:00+00:00
AIRFLOW_CTX_DAG_RUN_ID=scheduled__2019-09-02T00:00:00+00:00
[2022-02-09 20:33:30,752] {python.py:175} INFO - Done. Returned value was: None
[2022-02-09 20:33:30,779] {taskinstance.py:1277} INFO - Marking task as SUCCESS. dag_id=green_taxi_gcs_dag, task_id=local_to_gcs_task, execution_date=20190902T000000, start_date=20220209T203328, end_date=20220209T203330
[2022-02-09 20:33:30,868] {local_task_job.py:154} INFO - Task exited with return code 0
[2022-02-09 20:33:31,077] {local_task_job.py:264} INFO - 1 downstream tasks scheduled from follow-on schedule check
[2022-02-09 20:44:43,650] {taskinstance.py:1032} INFO - Dependencies all met for <TaskInstance: green_taxi_gcs_dag.local_to_gcs_task scheduled__2019-09-02T00:00:00+00:00 [queued]>
[2022-02-09 20:44:43,674] {taskinstance.py:1032} INFO - Dependencies all met for <TaskInstance: green_taxi_gcs_dag.local_to_gcs_task scheduled__2019-09-02T00:00:00+00:00 [queued]>
[2022-02-09 20:44:43,675] {taskinstance.py:1238} INFO - 
--------------------------------------------------------------------------------
[2022-02-09 20:44:43,676] {taskinstance.py:1239} INFO - Starting attempt 1 of 2
[2022-02-09 20:44:43,676] {taskinstance.py:1240} INFO - 
--------------------------------------------------------------------------------
[2022-02-09 20:44:43,696] {taskinstance.py:1259} INFO - Executing <Task(PythonOperator): local_to_gcs_task> on 2019-09-02 00:00:00+00:00
[2022-02-09 20:44:43,709] {standard_task_runner.py:52} INFO - Started process 797 to run task
[2022-02-09 20:44:43,727] {standard_task_runner.py:76} INFO - Running: ['***', 'tasks', 'run', 'green_taxi_gcs_dag', 'local_to_gcs_task', 'scheduled__2019-09-02T00:00:00+00:00', '--job-id', '151', '--raw', '--subdir', 'DAGS_FOLDER/green_gcs_dag.py', '--cfg-path', '/tmp/tmpxywtxdg2', '--error-file', '/tmp/tmpew_lbe2a']
[2022-02-09 20:44:43,728] {standard_task_runner.py:77} INFO - Job 151: Subtask local_to_gcs_task
[2022-02-09 20:44:43,887] {logging_mixin.py:109} INFO - Running <TaskInstance: green_taxi_gcs_dag.local_to_gcs_task scheduled__2019-09-02T00:00:00+00:00 [running]> on host 4f97b6b16bdb
[2022-02-09 20:44:43,983] {warnings.py:110} WARNING - /home/***/.local/lib/python3.7/site-packages/***/utils/context.py:152: AirflowContextDeprecationWarning: Accessing 'execution_date' from the template is deprecated and will be removed in a future version. Please use 'data_interval_start' or 'logical_date' instead.
  warnings.warn(_create_deprecation_warning(key, self._deprecation_replacements[key]))

[2022-02-09 20:44:44,030] {taskinstance.py:1426} INFO - Exporting the following env vars:
AIRFLOW_CTX_DAG_OWNER=***
AIRFLOW_CTX_DAG_ID=green_taxi_gcs_dag
AIRFLOW_CTX_TASK_ID=local_to_gcs_task
AIRFLOW_CTX_EXECUTION_DATE=2019-09-02T00:00:00+00:00
AIRFLOW_CTX_DAG_RUN_ID=scheduled__2019-09-02T00:00:00+00:00
[2022-02-09 20:44:45,526] {python.py:175} INFO - Done. Returned value was: None
[2022-02-09 20:44:45,643] {taskinstance.py:1277} INFO - Marking task as SUCCESS. dag_id=green_taxi_gcs_dag, task_id=local_to_gcs_task, execution_date=20190902T000000, start_date=20220209T204443, end_date=20220209T204445
[2022-02-09 20:44:45,767] {local_task_job.py:154} INFO - Task exited with return code 0
[2022-02-09 20:44:45,894] {local_task_job.py:264} INFO - 1 downstream tasks scheduled from follow-on schedule check
[2022-02-20 00:06:52,176] {taskinstance.py:1032} INFO - Dependencies all met for <TaskInstance: green_taxi_gcs_dag.local_to_gcs_task scheduled__2019-09-02T00:00:00+00:00 [queued]>
[2022-02-20 00:06:52,189] {taskinstance.py:1032} INFO - Dependencies all met for <TaskInstance: green_taxi_gcs_dag.local_to_gcs_task scheduled__2019-09-02T00:00:00+00:00 [queued]>
[2022-02-20 00:06:52,189] {taskinstance.py:1238} INFO - 
--------------------------------------------------------------------------------
[2022-02-20 00:06:52,189] {taskinstance.py:1239} INFO - Starting attempt 1 of 2
[2022-02-20 00:06:52,189] {taskinstance.py:1240} INFO - 
--------------------------------------------------------------------------------
[2022-02-20 00:06:52,202] {taskinstance.py:1259} INFO - Executing <Task(PythonOperator): local_to_gcs_task> on 2019-09-02 00:00:00+00:00
[2022-02-20 00:06:52,207] {standard_task_runner.py:52} INFO - Started process 743 to run task
[2022-02-20 00:06:52,211] {standard_task_runner.py:76} INFO - Running: ['***', 'tasks', 'run', 'green_taxi_gcs_dag', 'local_to_gcs_task', 'scheduled__2019-09-02T00:00:00+00:00', '--job-id', '342', '--raw', '--subdir', 'DAGS_FOLDER/green_gcs_dag.py', '--cfg-path', '/tmp/tmpt18dgrz2', '--error-file', '/tmp/tmprf49leti']
[2022-02-20 00:06:52,212] {standard_task_runner.py:77} INFO - Job 342: Subtask local_to_gcs_task
[2022-02-20 00:06:52,273] {logging_mixin.py:109} INFO - Running <TaskInstance: green_taxi_gcs_dag.local_to_gcs_task scheduled__2019-09-02T00:00:00+00:00 [running]> on host da07aa254901
[2022-02-20 00:06:52,315] {warnings.py:110} WARNING - /home/***/.local/lib/python3.7/site-packages/***/utils/context.py:152: AirflowContextDeprecationWarning: Accessing 'execution_date' from the template is deprecated and will be removed in a future version. Please use 'data_interval_start' or 'logical_date' instead.
  warnings.warn(_create_deprecation_warning(key, self._deprecation_replacements[key]))

[2022-02-20 00:06:52,336] {taskinstance.py:1426} INFO - Exporting the following env vars:
AIRFLOW_CTX_DAG_OWNER=***
AIRFLOW_CTX_DAG_ID=green_taxi_gcs_dag
AIRFLOW_CTX_TASK_ID=local_to_gcs_task
AIRFLOW_CTX_EXECUTION_DATE=2019-09-02T00:00:00+00:00
AIRFLOW_CTX_DAG_RUN_ID=scheduled__2019-09-02T00:00:00+00:00
[2022-02-20 00:06:53,569] {python.py:175} INFO - Done. Returned value was: None
[2022-02-20 00:06:53,615] {taskinstance.py:1277} INFO - Marking task as SUCCESS. dag_id=green_taxi_gcs_dag, task_id=local_to_gcs_task, execution_date=20190902T000000, start_date=20220220T000652, end_date=20220220T000653
[2022-02-20 00:06:53,669] {local_task_job.py:154} INFO - Task exited with return code 0
[2022-02-20 00:06:53,719] {local_task_job.py:264} INFO - 1 downstream tasks scheduled from follow-on schedule check
[2022-02-20 02:00:24,803] {taskinstance.py:1032} INFO - Dependencies all met for <TaskInstance: green_taxi_gcs_dag.local_to_gcs_task scheduled__2019-09-02T00:00:00+00:00 [queued]>
[2022-02-20 02:00:24,837] {taskinstance.py:1032} INFO - Dependencies all met for <TaskInstance: green_taxi_gcs_dag.local_to_gcs_task scheduled__2019-09-02T00:00:00+00:00 [queued]>
[2022-02-20 02:00:24,837] {taskinstance.py:1238} INFO - 
--------------------------------------------------------------------------------
[2022-02-20 02:00:24,838] {taskinstance.py:1239} INFO - Starting attempt 1 of 2
[2022-02-20 02:00:24,838] {taskinstance.py:1240} INFO - 
--------------------------------------------------------------------------------
[2022-02-20 02:00:24,867] {taskinstance.py:1259} INFO - Executing <Task(PythonOperator): local_to_gcs_task> on 2019-09-02 00:00:00+00:00
[2022-02-20 02:00:24,875] {standard_task_runner.py:52} INFO - Started process 434 to run task
[2022-02-20 02:00:24,879] {standard_task_runner.py:76} INFO - Running: ['***', 'tasks', 'run', 'green_taxi_gcs_dag', 'local_to_gcs_task', 'scheduled__2019-09-02T00:00:00+00:00', '--job-id', '549', '--raw', '--subdir', 'DAGS_FOLDER/green_gcs_dag.py', '--cfg-path', '/tmp/tmp3b9rnkvo', '--error-file', '/tmp/tmprtyqegmd']
[2022-02-20 02:00:24,880] {standard_task_runner.py:77} INFO - Job 549: Subtask local_to_gcs_task
[2022-02-20 02:00:24,985] {logging_mixin.py:109} INFO - Running <TaskInstance: green_taxi_gcs_dag.local_to_gcs_task scheduled__2019-09-02T00:00:00+00:00 [running]> on host 5484a3a1f7c3
[2022-02-20 02:00:25,053] {warnings.py:110} WARNING - /home/***/.local/lib/python3.7/site-packages/***/utils/context.py:152: AirflowContextDeprecationWarning: Accessing 'execution_date' from the template is deprecated and will be removed in a future version. Please use 'data_interval_start' or 'logical_date' instead.
  warnings.warn(_create_deprecation_warning(key, self._deprecation_replacements[key]))

[2022-02-20 02:00:25,084] {taskinstance.py:1426} INFO - Exporting the following env vars:
AIRFLOW_CTX_DAG_OWNER=***
AIRFLOW_CTX_DAG_ID=green_taxi_gcs_dag
AIRFLOW_CTX_TASK_ID=local_to_gcs_task
AIRFLOW_CTX_EXECUTION_DATE=2019-09-02T00:00:00+00:00
AIRFLOW_CTX_DAG_RUN_ID=scheduled__2019-09-02T00:00:00+00:00
[2022-02-20 02:00:26,342] {python.py:175} INFO - Done. Returned value was: None
[2022-02-20 02:00:26,361] {taskinstance.py:1277} INFO - Marking task as SUCCESS. dag_id=green_taxi_gcs_dag, task_id=local_to_gcs_task, execution_date=20190902T000000, start_date=20220220T020024, end_date=20220220T020026
[2022-02-20 02:00:26,397] {local_task_job.py:154} INFO - Task exited with return code 0
[2022-02-20 02:00:26,458] {local_task_job.py:264} INFO - 1 downstream tasks scheduled from follow-on schedule check
