[2022-01-29 19:41:52,376] {taskinstance.py:1032} INFO - Dependencies all met for <TaskInstance: data_ingestion_gcs_dag.format_to_parquet_task manual__2022-01-29T19:35:29.752003+00:00 [queued]>
[2022-01-29 19:41:52,436] {taskinstance.py:1032} INFO - Dependencies all met for <TaskInstance: data_ingestion_gcs_dag.format_to_parquet_task manual__2022-01-29T19:35:29.752003+00:00 [queued]>
[2022-01-29 19:41:52,437] {taskinstance.py:1238} INFO - 
--------------------------------------------------------------------------------
[2022-01-29 19:41:52,437] {taskinstance.py:1239} INFO - Starting attempt 1 of 2
[2022-01-29 19:41:52,437] {taskinstance.py:1240} INFO - 
--------------------------------------------------------------------------------
[2022-01-29 19:41:52,491] {taskinstance.py:1259} INFO - Executing <Task(PythonOperator): format_to_parquet_task> on 2022-01-29 19:35:29.752003+00:00
[2022-01-29 19:41:52,509] {standard_task_runner.py:52} INFO - Started process 150 to run task
[2022-01-29 19:41:52,523] {standard_task_runner.py:76} INFO - Running: ['***', 'tasks', 'run', 'data_ingestion_gcs_dag', 'format_to_parquet_task', 'manual__2022-01-29T19:35:29.752003+00:00', '--job-id', '19', '--raw', '--subdir', 'DAGS_FOLDER/data_ingestion_gcs_dag.py', '--cfg-path', '/tmp/tmpwk8qmydg', '--error-file', '/tmp/tmp92658v2y']
[2022-01-29 19:41:52,530] {standard_task_runner.py:77} INFO - Job 19: Subtask format_to_parquet_task
[2022-01-29 19:41:52,717] {logging_mixin.py:109} INFO - Running <TaskInstance: data_ingestion_gcs_dag.format_to_parquet_task manual__2022-01-29T19:35:29.752003+00:00 [running]> on host 9456f997fe1e
[2022-01-29 19:41:52,885] {taskinstance.py:1426} INFO - Exporting the following env vars:
AIRFLOW_CTX_DAG_OWNER=***
AIRFLOW_CTX_DAG_ID=data_ingestion_gcs_dag
AIRFLOW_CTX_TASK_ID=format_to_parquet_task
AIRFLOW_CTX_EXECUTION_DATE=2022-01-29T19:35:29.752003+00:00
AIRFLOW_CTX_DAG_RUN_ID=manual__2022-01-29T19:35:29.752003+00:00
[2022-01-29 19:41:57,743] {python.py:175} INFO - Done. Returned value was: None
[2022-01-29 19:41:57,770] {taskinstance.py:1277} INFO - Marking task as SUCCESS. dag_id=data_ingestion_gcs_dag, task_id=format_to_parquet_task, execution_date=20220129T193529, start_date=20220129T194152, end_date=20220129T194157
[2022-01-29 19:41:57,913] {local_task_job.py:154} INFO - Task exited with return code 0
[2022-01-29 19:41:57,988] {local_task_job.py:264} INFO - 1 downstream tasks scheduled from follow-on schedule check
