[2022-02-03 17:19:59,616] {taskinstance.py:1032} INFO - Dependencies all met for <TaskInstance: yellow_taxi_gcs_dag.local_to_gcs_task scheduled__2019-06-02T00:00:00+00:00 [queued]>
[2022-02-03 17:19:59,632] {taskinstance.py:1032} INFO - Dependencies all met for <TaskInstance: yellow_taxi_gcs_dag.local_to_gcs_task scheduled__2019-06-02T00:00:00+00:00 [queued]>
[2022-02-03 17:19:59,632] {taskinstance.py:1238} INFO - 
--------------------------------------------------------------------------------
[2022-02-03 17:19:59,632] {taskinstance.py:1239} INFO - Starting attempt 1 of 2
[2022-02-03 17:19:59,632] {taskinstance.py:1240} INFO - 
--------------------------------------------------------------------------------
[2022-02-03 17:19:59,651] {taskinstance.py:1259} INFO - Executing <Task(PythonOperator): local_to_gcs_task> on 2019-06-02 00:00:00+00:00
[2022-02-03 17:19:59,658] {standard_task_runner.py:52} INFO - Started process 2584 to run task
[2022-02-03 17:19:59,665] {standard_task_runner.py:76} INFO - Running: ['***', 'tasks', 'run', 'yellow_taxi_gcs_dag', 'local_to_gcs_task', 'scheduled__2019-06-02T00:00:00+00:00', '--job-id', '68', '--raw', '--subdir', 'DAGS_FOLDER/yellow_taxi_gcs_dag.py', '--cfg-path', '/tmp/tmpclxiscuv', '--error-file', '/tmp/tmpvgd3h83g']
[2022-02-03 17:19:59,667] {standard_task_runner.py:77} INFO - Job 68: Subtask local_to_gcs_task
[2022-02-03 17:19:59,753] {logging_mixin.py:109} INFO - Running <TaskInstance: yellow_taxi_gcs_dag.local_to_gcs_task scheduled__2019-06-02T00:00:00+00:00 [running]> on host 7e458922b35d
[2022-02-03 17:19:59,832] {warnings.py:110} WARNING - /home/***/.local/lib/python3.7/site-packages/***/utils/context.py:152: AirflowContextDeprecationWarning: Accessing 'execution_date' from the template is deprecated and will be removed in a future version. Please use 'data_interval_start' or 'logical_date' instead.
  warnings.warn(_create_deprecation_warning(key, self._deprecation_replacements[key]))

[2022-02-03 17:19:59,868] {taskinstance.py:1426} INFO - Exporting the following env vars:
AIRFLOW_CTX_DAG_OWNER=***
AIRFLOW_CTX_DAG_ID=yellow_taxi_gcs_dag
AIRFLOW_CTX_TASK_ID=local_to_gcs_task
AIRFLOW_CTX_EXECUTION_DATE=2019-06-02T00:00:00+00:00
AIRFLOW_CTX_DAG_RUN_ID=scheduled__2019-06-02T00:00:00+00:00
[2022-02-03 17:20:15,282] {python.py:175} INFO - Done. Returned value was: None
[2022-02-03 17:20:15,307] {taskinstance.py:1277} INFO - Marking task as SUCCESS. dag_id=yellow_taxi_gcs_dag, task_id=local_to_gcs_task, execution_date=20190602T000000, start_date=20220203T171959, end_date=20220203T172015
[2022-02-03 17:20:15,405] {local_task_job.py:154} INFO - Task exited with return code 0
[2022-02-03 17:20:15,461] {local_task_job.py:264} INFO - 1 downstream tasks scheduled from follow-on schedule check
<<<<<<< HEAD
[2022-02-20 00:19:45,569] {taskinstance.py:1032} INFO - Dependencies all met for <TaskInstance: yellow_taxi_gcs_dag.local_to_gcs_task scheduled__2019-06-02T00:00:00+00:00 [queued]>
[2022-02-20 00:19:45,588] {taskinstance.py:1032} INFO - Dependencies all met for <TaskInstance: yellow_taxi_gcs_dag.local_to_gcs_task scheduled__2019-06-02T00:00:00+00:00 [queued]>
[2022-02-20 00:19:45,588] {taskinstance.py:1238} INFO - 
--------------------------------------------------------------------------------
[2022-02-20 00:19:45,588] {taskinstance.py:1239} INFO - Starting attempt 1 of 2
[2022-02-20 00:19:45,588] {taskinstance.py:1240} INFO - 
--------------------------------------------------------------------------------
[2022-02-20 00:19:45,606] {taskinstance.py:1259} INFO - Executing <Task(PythonOperator): local_to_gcs_task> on 2019-06-02 00:00:00+00:00
[2022-02-20 00:19:45,614] {standard_task_runner.py:52} INFO - Started process 1703 to run task
[2022-02-20 00:19:45,620] {standard_task_runner.py:76} INFO - Running: ['***', 'tasks', 'run', 'yellow_taxi_gcs_dag', 'local_to_gcs_task', 'scheduled__2019-06-02T00:00:00+00:00', '--job-id', '436', '--raw', '--subdir', 'DAGS_FOLDER/yellow_taxi_gcs_dag.py', '--cfg-path', '/tmp/tmpmgibjxji', '--error-file', '/tmp/tmpa8l926yv']
[2022-02-20 00:19:45,621] {standard_task_runner.py:77} INFO - Job 436: Subtask local_to_gcs_task
[2022-02-20 00:19:45,742] {logging_mixin.py:109} INFO - Running <TaskInstance: yellow_taxi_gcs_dag.local_to_gcs_task scheduled__2019-06-02T00:00:00+00:00 [running]> on host da07aa254901
[2022-02-20 00:19:45,865] {warnings.py:110} WARNING - /home/***/.local/lib/python3.7/site-packages/***/utils/context.py:152: AirflowContextDeprecationWarning: Accessing 'execution_date' from the template is deprecated and will be removed in a future version. Please use 'data_interval_start' or 'logical_date' instead.
  warnings.warn(_create_deprecation_warning(key, self._deprecation_replacements[key]))

[2022-02-20 00:19:45,901] {taskinstance.py:1426} INFO - Exporting the following env vars:
AIRFLOW_CTX_DAG_OWNER=***
AIRFLOW_CTX_DAG_ID=yellow_taxi_gcs_dag
AIRFLOW_CTX_TASK_ID=local_to_gcs_task
AIRFLOW_CTX_EXECUTION_DATE=2019-06-02T00:00:00+00:00
AIRFLOW_CTX_DAG_RUN_ID=scheduled__2019-06-02T00:00:00+00:00
[2022-02-20 00:19:59,282] {python.py:175} INFO - Done. Returned value was: None
[2022-02-20 00:19:59,297] {taskinstance.py:1277} INFO - Marking task as SUCCESS. dag_id=yellow_taxi_gcs_dag, task_id=local_to_gcs_task, execution_date=20190602T000000, start_date=20220220T001945, end_date=20220220T001959
[2022-02-20 00:19:59,366] {local_task_job.py:154} INFO - Task exited with return code 0
[2022-02-20 00:19:59,431] {local_task_job.py:264} INFO - 1 downstream tasks scheduled from follow-on schedule check
=======
>>>>>>> origin/master
