[2022-02-03 17:26:29,782] {taskinstance.py:1032} INFO - Dependencies all met for <TaskInstance: yellow_taxi_gcs_dag.format_to_parquet_task scheduled__2020-01-02T00:00:00+00:00 [queued]>
[2022-02-03 17:26:29,797] {taskinstance.py:1032} INFO - Dependencies all met for <TaskInstance: yellow_taxi_gcs_dag.format_to_parquet_task scheduled__2020-01-02T00:00:00+00:00 [queued]>
[2022-02-03 17:26:29,797] {taskinstance.py:1238} INFO - 
--------------------------------------------------------------------------------
[2022-02-03 17:26:29,797] {taskinstance.py:1239} INFO - Starting attempt 1 of 2
[2022-02-03 17:26:29,797] {taskinstance.py:1240} INFO - 
--------------------------------------------------------------------------------
[2022-02-03 17:26:29,811] {taskinstance.py:1259} INFO - Executing <Task(PythonOperator): format_to_parquet_task> on 2020-01-02 00:00:00+00:00
[2022-02-03 17:26:29,818] {standard_task_runner.py:52} INFO - Started process 3015 to run task
[2022-02-03 17:26:29,822] {standard_task_runner.py:76} INFO - Running: ['***', 'tasks', 'run', 'yellow_taxi_gcs_dag', 'format_to_parquet_task', 'scheduled__2020-01-02T00:00:00+00:00', '--job-id', '97', '--raw', '--subdir', 'DAGS_FOLDER/yellow_taxi_gcs_dag.py', '--cfg-path', '/tmp/tmp68p0_ai9', '--error-file', '/tmp/tmp9cl669pw']
[2022-02-03 17:26:29,823] {standard_task_runner.py:77} INFO - Job 97: Subtask format_to_parquet_task
[2022-02-03 17:26:29,900] {logging_mixin.py:109} INFO - Running <TaskInstance: yellow_taxi_gcs_dag.format_to_parquet_task scheduled__2020-01-02T00:00:00+00:00 [running]> on host 7e458922b35d
[2022-02-03 17:26:29,958] {warnings.py:110} WARNING - /home/***/.local/lib/python3.7/site-packages/***/utils/context.py:152: AirflowContextDeprecationWarning: Accessing 'execution_date' from the template is deprecated and will be removed in a future version. Please use 'data_interval_start' or 'logical_date' instead.
  warnings.warn(_create_deprecation_warning(key, self._deprecation_replacements[key]))

[2022-02-03 17:26:29,995] {taskinstance.py:1426} INFO - Exporting the following env vars:
AIRFLOW_CTX_DAG_OWNER=***
AIRFLOW_CTX_DAG_ID=yellow_taxi_gcs_dag
AIRFLOW_CTX_TASK_ID=format_to_parquet_task
AIRFLOW_CTX_EXECUTION_DATE=2020-01-02T00:00:00+00:00
AIRFLOW_CTX_DAG_RUN_ID=scheduled__2020-01-02T00:00:00+00:00
[2022-02-03 17:26:37,644] {python.py:175} INFO - Done. Returned value was: None
[2022-02-03 17:26:37,670] {taskinstance.py:1277} INFO - Marking task as SUCCESS. dag_id=yellow_taxi_gcs_dag, task_id=format_to_parquet_task, execution_date=20200102T000000, start_date=20220203T172629, end_date=20220203T172637
[2022-02-03 17:26:37,983] {local_task_job.py:154} INFO - Task exited with return code 0
[2022-02-03 17:26:38,058] {local_task_job.py:264} INFO - 1 downstream tasks scheduled from follow-on schedule check
<<<<<<< HEAD
[2022-02-20 00:28:35,206] {taskinstance.py:1032} INFO - Dependencies all met for <TaskInstance: yellow_taxi_gcs_dag.format_to_parquet_task scheduled__2020-01-02T00:00:00+00:00 [queued]>
[2022-02-20 00:28:35,298] {taskinstance.py:1032} INFO - Dependencies all met for <TaskInstance: yellow_taxi_gcs_dag.format_to_parquet_task scheduled__2020-01-02T00:00:00+00:00 [queued]>
[2022-02-20 00:28:35,298] {taskinstance.py:1238} INFO - 
--------------------------------------------------------------------------------
[2022-02-20 00:28:35,298] {taskinstance.py:1239} INFO - Starting attempt 1 of 2
[2022-02-20 00:28:35,298] {taskinstance.py:1240} INFO - 
--------------------------------------------------------------------------------
[2022-02-20 00:28:35,391] {taskinstance.py:1259} INFO - Executing <Task(PythonOperator): format_to_parquet_task> on 2020-01-02 00:00:00+00:00
[2022-02-20 00:28:35,442] {standard_task_runner.py:52} INFO - Started process 2162 to run task
[2022-02-20 00:28:35,477] {standard_task_runner.py:76} INFO - Running: ['***', 'tasks', 'run', 'yellow_taxi_gcs_dag', 'format_to_parquet_task', 'scheduled__2020-01-02T00:00:00+00:00', '--job-id', '464', '--raw', '--subdir', 'DAGS_FOLDER/yellow_taxi_gcs_dag.py', '--cfg-path', '/tmp/tmpq94hutk6', '--error-file', '/tmp/tmp6zc1zy13']
[2022-02-20 00:28:35,498] {standard_task_runner.py:77} INFO - Job 464: Subtask format_to_parquet_task
[2022-02-20 00:28:35,858] {logging_mixin.py:109} INFO - Running <TaskInstance: yellow_taxi_gcs_dag.format_to_parquet_task scheduled__2020-01-02T00:00:00+00:00 [running]> on host da07aa254901
[2022-02-20 00:28:36,074] {warnings.py:110} WARNING - /home/***/.local/lib/python3.7/site-packages/***/utils/context.py:152: AirflowContextDeprecationWarning: Accessing 'execution_date' from the template is deprecated and will be removed in a future version. Please use 'data_interval_start' or 'logical_date' instead.
  warnings.warn(_create_deprecation_warning(key, self._deprecation_replacements[key]))

[2022-02-20 00:28:36,155] {taskinstance.py:1426} INFO - Exporting the following env vars:
AIRFLOW_CTX_DAG_OWNER=***
AIRFLOW_CTX_DAG_ID=yellow_taxi_gcs_dag
AIRFLOW_CTX_TASK_ID=format_to_parquet_task
AIRFLOW_CTX_EXECUTION_DATE=2020-01-02T00:00:00+00:00
AIRFLOW_CTX_DAG_RUN_ID=scheduled__2020-01-02T00:00:00+00:00
[2022-02-20 00:28:57,076] {python.py:175} INFO - Done. Returned value was: None
[2022-02-20 00:28:57,091] {taskinstance.py:1277} INFO - Marking task as SUCCESS. dag_id=yellow_taxi_gcs_dag, task_id=format_to_parquet_task, execution_date=20200102T000000, start_date=20220220T002835, end_date=20220220T002857
[2022-02-20 00:28:57,363] {local_task_job.py:154} INFO - Task exited with return code 0
[2022-02-20 00:28:57,473] {local_task_job.py:264} INFO - 1 downstream tasks scheduled from follow-on schedule check
=======
>>>>>>> origin/master
