[2022-02-03 17:20:31,870] {taskinstance.py:1032} INFO - Dependencies all met for <TaskInstance: yellow_taxi_gcs_dag.local_to_gcs_task scheduled__2019-07-02T00:00:00+00:00 [queued]>
[2022-02-03 17:20:31,885] {taskinstance.py:1032} INFO - Dependencies all met for <TaskInstance: yellow_taxi_gcs_dag.local_to_gcs_task scheduled__2019-07-02T00:00:00+00:00 [queued]>
[2022-02-03 17:20:31,885] {taskinstance.py:1238} INFO - 
--------------------------------------------------------------------------------
[2022-02-03 17:20:31,885] {taskinstance.py:1239} INFO - Starting attempt 1 of 2
[2022-02-03 17:20:31,885] {taskinstance.py:1240} INFO - 
--------------------------------------------------------------------------------
[2022-02-03 17:20:31,901] {taskinstance.py:1259} INFO - Executing <Task(PythonOperator): local_to_gcs_task> on 2019-07-02 00:00:00+00:00
[2022-02-03 17:20:31,908] {standard_task_runner.py:52} INFO - Started process 2637 to run task
[2022-02-03 17:20:31,912] {standard_task_runner.py:76} INFO - Running: ['***', 'tasks', 'run', 'yellow_taxi_gcs_dag', 'local_to_gcs_task', 'scheduled__2019-07-02T00:00:00+00:00', '--job-id', '74', '--raw', '--subdir', 'DAGS_FOLDER/yellow_taxi_gcs_dag.py', '--cfg-path', '/tmp/tmpeijh_qvn', '--error-file', '/tmp/tmplgsjw909']
[2022-02-03 17:20:31,913] {standard_task_runner.py:77} INFO - Job 74: Subtask local_to_gcs_task
[2022-02-03 17:20:31,983] {logging_mixin.py:109} INFO - Running <TaskInstance: yellow_taxi_gcs_dag.local_to_gcs_task scheduled__2019-07-02T00:00:00+00:00 [running]> on host 7e458922b35d
[2022-02-03 17:20:32,034] {warnings.py:110} WARNING - /home/***/.local/lib/python3.7/site-packages/***/utils/context.py:152: AirflowContextDeprecationWarning: Accessing 'execution_date' from the template is deprecated and will be removed in a future version. Please use 'data_interval_start' or 'logical_date' instead.
  warnings.warn(_create_deprecation_warning(key, self._deprecation_replacements[key]))

[2022-02-03 17:20:32,056] {taskinstance.py:1426} INFO - Exporting the following env vars:
AIRFLOW_CTX_DAG_OWNER=***
AIRFLOW_CTX_DAG_ID=yellow_taxi_gcs_dag
AIRFLOW_CTX_TASK_ID=local_to_gcs_task
AIRFLOW_CTX_EXECUTION_DATE=2019-07-02T00:00:00+00:00
AIRFLOW_CTX_DAG_RUN_ID=scheduled__2019-07-02T00:00:00+00:00
[2022-02-03 17:20:48,679] {python.py:175} INFO - Done. Returned value was: None
[2022-02-03 17:20:48,693] {taskinstance.py:1277} INFO - Marking task as SUCCESS. dag_id=yellow_taxi_gcs_dag, task_id=local_to_gcs_task, execution_date=20190702T000000, start_date=20220203T172031, end_date=20220203T172048
[2022-02-03 17:20:48,739] {local_task_job.py:154} INFO - Task exited with return code 0
[2022-02-03 17:20:48,775] {local_task_job.py:264} INFO - 1 downstream tasks scheduled from follow-on schedule check
