[2022-02-01 05:09:40,341] {taskinstance.py:1032} INFO - Dependencies all met for <TaskInstance: yellow_taxi_gcs_dag.format_to_parquet_task manual__2022-02-01T05:08:32.591535+00:00 [queued]>
[2022-02-01 05:09:40,364] {taskinstance.py:1032} INFO - Dependencies all met for <TaskInstance: yellow_taxi_gcs_dag.format_to_parquet_task manual__2022-02-01T05:08:32.591535+00:00 [queued]>
[2022-02-01 05:09:40,364] {taskinstance.py:1238} INFO - 
--------------------------------------------------------------------------------
[2022-02-01 05:09:40,364] {taskinstance.py:1239} INFO - Starting attempt 1 of 2
[2022-02-01 05:09:40,365] {taskinstance.py:1240} INFO - 
--------------------------------------------------------------------------------
[2022-02-01 05:09:40,387] {taskinstance.py:1259} INFO - Executing <Task(PythonOperator): format_to_parquet_task> on 2022-02-01 05:08:32.591535+00:00
[2022-02-01 05:09:40,395] {standard_task_runner.py:52} INFO - Started process 722 to run task
[2022-02-01 05:09:40,400] {standard_task_runner.py:76} INFO - Running: ['***', 'tasks', 'run', 'yellow_taxi_gcs_dag', 'format_to_parquet_task', 'manual__2022-02-01T05:08:32.591535+00:00', '--job-id', '11', '--raw', '--subdir', 'DAGS_FOLDER/yellow_taxi_gcs_dag.py', '--cfg-path', '/tmp/tmpyj0djuld', '--error-file', '/tmp/tmp8qg003ip']
[2022-02-01 05:09:40,401] {standard_task_runner.py:77} INFO - Job 11: Subtask format_to_parquet_task
[2022-02-01 05:09:40,508] {logging_mixin.py:109} INFO - Running <TaskInstance: yellow_taxi_gcs_dag.format_to_parquet_task manual__2022-02-01T05:08:32.591535+00:00 [running]> on host 2ab0b752b16c
[2022-02-01 05:09:40,603] {taskinstance.py:1426} INFO - Exporting the following env vars:
AIRFLOW_CTX_DAG_OWNER=***
AIRFLOW_CTX_DAG_ID=yellow_taxi_gcs_dag
AIRFLOW_CTX_TASK_ID=format_to_parquet_task
AIRFLOW_CTX_EXECUTION_DATE=2022-02-01T05:08:32.591535+00:00
AIRFLOW_CTX_DAG_RUN_ID=manual__2022-02-01T05:08:32.591535+00:00
[2022-02-01 05:10:05,441] {python.py:175} INFO - Done. Returned value was: None
[2022-02-01 05:10:05,472] {taskinstance.py:1277} INFO - Marking task as SUCCESS. dag_id=yellow_taxi_gcs_dag, task_id=format_to_parquet_task, execution_date=20220201T050832, start_date=20220201T050940, end_date=20220201T051005
[2022-02-01 05:10:05,763] {local_task_job.py:154} INFO - Task exited with return code 0
[2022-02-01 05:10:05,816] {local_task_job.py:264} INFO - 1 downstream tasks scheduled from follow-on schedule check
