[2022-01-29 19:47:28,805] {taskinstance.py:1032} INFO - Dependencies all met for <TaskInstance: data_ingestion_gcs_dag.format_to_parquet_task manual__2022-01-29T19:41:00.197134+00:00 [queued]>
[2022-01-29 19:47:28,827] {taskinstance.py:1032} INFO - Dependencies all met for <TaskInstance: data_ingestion_gcs_dag.format_to_parquet_task manual__2022-01-29T19:41:00.197134+00:00 [queued]>
[2022-01-29 19:47:28,827] {taskinstance.py:1238} INFO - 
--------------------------------------------------------------------------------
[2022-01-29 19:47:28,828] {taskinstance.py:1239} INFO - Starting attempt 1 of 2
[2022-01-29 19:47:28,828] {taskinstance.py:1240} INFO - 
--------------------------------------------------------------------------------
[2022-01-29 19:47:28,850] {taskinstance.py:1259} INFO - Executing <Task(PythonOperator): format_to_parquet_task> on 2022-01-29 19:41:00.197134+00:00
[2022-01-29 19:47:28,858] {standard_task_runner.py:52} INFO - Started process 118 to run task
[2022-01-29 19:47:28,866] {standard_task_runner.py:76} INFO - Running: ['***', 'tasks', 'run', 'data_ingestion_gcs_dag', 'format_to_parquet_task', 'manual__2022-01-29T19:41:00.197134+00:00', '--job-id', '24', '--raw', '--subdir', 'DAGS_FOLDER/data_ingestion_gcs_dag.py', '--cfg-path', '/tmp/tmpt4ua5hzz', '--error-file', '/tmp/tmph_xt26y7']
[2022-01-29 19:47:28,868] {standard_task_runner.py:77} INFO - Job 24: Subtask format_to_parquet_task
[2022-01-29 19:47:28,953] {logging_mixin.py:109} INFO - Running <TaskInstance: data_ingestion_gcs_dag.format_to_parquet_task manual__2022-01-29T19:41:00.197134+00:00 [running]> on host b6db3711bc00
[2022-01-29 19:47:29,051] {taskinstance.py:1426} INFO - Exporting the following env vars:
AIRFLOW_CTX_DAG_OWNER=***
AIRFLOW_CTX_DAG_ID=data_ingestion_gcs_dag
AIRFLOW_CTX_TASK_ID=format_to_parquet_task
AIRFLOW_CTX_EXECUTION_DATE=2022-01-29T19:41:00.197134+00:00
AIRFLOW_CTX_DAG_RUN_ID=manual__2022-01-29T19:41:00.197134+00:00
[2022-01-29 19:47:32,068] {python.py:175} INFO - Done. Returned value was: None
[2022-01-29 19:47:32,085] {taskinstance.py:1277} INFO - Marking task as SUCCESS. dag_id=data_ingestion_gcs_dag, task_id=format_to_parquet_task, execution_date=20220129T194100, start_date=20220129T194728, end_date=20220129T194732
[2022-01-29 19:47:32,149] {local_task_job.py:154} INFO - Task exited with return code 0
[2022-01-29 19:47:32,196] {local_task_job.py:264} INFO - 1 downstream tasks scheduled from follow-on schedule check
