[2022-01-30 17:42:04,470] {taskinstance.py:1032} INFO - Dependencies all met for <TaskInstance: data_ingestion_gcs_dag.format_to_parquet_task manual__2022-01-30T17:41:35.410191+00:00 [queued]>
[2022-01-30 17:42:04,482] {taskinstance.py:1032} INFO - Dependencies all met for <TaskInstance: data_ingestion_gcs_dag.format_to_parquet_task manual__2022-01-30T17:41:35.410191+00:00 [queued]>
[2022-01-30 17:42:04,482] {taskinstance.py:1238} INFO - 
--------------------------------------------------------------------------------
[2022-01-30 17:42:04,482] {taskinstance.py:1239} INFO - Starting attempt 1 of 2
[2022-01-30 17:42:04,482] {taskinstance.py:1240} INFO - 
--------------------------------------------------------------------------------
[2022-01-30 17:42:04,498] {taskinstance.py:1259} INFO - Executing <Task(PythonOperator): format_to_parquet_task> on 2022-01-30 17:41:35.410191+00:00
[2022-01-30 17:42:04,505] {standard_task_runner.py:52} INFO - Started process 686 to run task
[2022-01-30 17:42:04,508] {standard_task_runner.py:76} INFO - Running: ['***', 'tasks', 'run', 'data_ingestion_gcs_dag', 'format_to_parquet_task', 'manual__2022-01-30T17:41:35.410191+00:00', '--job-id', '13', '--raw', '--subdir', 'DAGS_FOLDER/data_ingestion_gcs_dag.py', '--cfg-path', '/tmp/tmpyi5frorw', '--error-file', '/tmp/tmp1wmgqpeo']
[2022-01-30 17:42:04,509] {standard_task_runner.py:77} INFO - Job 13: Subtask format_to_parquet_task
[2022-01-30 17:42:04,565] {logging_mixin.py:109} INFO - Running <TaskInstance: data_ingestion_gcs_dag.format_to_parquet_task manual__2022-01-30T17:41:35.410191+00:00 [running]> on host 4d230e568692
[2022-01-30 17:42:04,621] {taskinstance.py:1426} INFO - Exporting the following env vars:
AIRFLOW_CTX_DAG_OWNER=***
AIRFLOW_CTX_DAG_ID=data_ingestion_gcs_dag
AIRFLOW_CTX_TASK_ID=format_to_parquet_task
AIRFLOW_CTX_EXECUTION_DATE=2022-01-30T17:41:35.410191+00:00
AIRFLOW_CTX_DAG_RUN_ID=manual__2022-01-30T17:41:35.410191+00:00
[2022-01-30 17:42:07,034] {python.py:175} INFO - Done. Returned value was: None
[2022-01-30 17:42:07,047] {taskinstance.py:1277} INFO - Marking task as SUCCESS. dag_id=data_ingestion_gcs_dag, task_id=format_to_parquet_task, execution_date=20220130T174135, start_date=20220130T174204, end_date=20220130T174207
[2022-01-30 17:42:07,148] {local_task_job.py:154} INFO - Task exited with return code 0
[2022-01-30 17:42:07,188] {local_task_job.py:264} INFO - 1 downstream tasks scheduled from follow-on schedule check
