[2022-02-03 13:25:46,089] {taskinstance.py:1032} INFO - Dependencies all met for <TaskInstance: yellow_taxi_gcs_dag.download_dataset_task manual__2022-02-03T13:23:59.393871+00:00 [queued]>
[2022-02-03 13:25:46,112] {taskinstance.py:1032} INFO - Dependencies all met for <TaskInstance: yellow_taxi_gcs_dag.download_dataset_task manual__2022-02-03T13:23:59.393871+00:00 [queued]>
[2022-02-03 13:25:46,112] {taskinstance.py:1238} INFO - 
--------------------------------------------------------------------------------
[2022-02-03 13:25:46,112] {taskinstance.py:1239} INFO - Starting attempt 1 of 2
[2022-02-03 13:25:46,113] {taskinstance.py:1240} INFO - 
--------------------------------------------------------------------------------
[2022-02-03 13:25:46,142] {taskinstance.py:1259} INFO - Executing <Task(BashOperator): download_dataset_task> on 2022-02-03 13:23:59.393871+00:00
[2022-02-03 13:25:46,149] {standard_task_runner.py:52} INFO - Started process 565 to run task
[2022-02-03 13:25:46,158] {standard_task_runner.py:76} INFO - Running: ['***', 'tasks', 'run', 'yellow_taxi_gcs_dag', 'download_dataset_task', 'manual__2022-02-03T13:23:59.393871+00:00', '--job-id', '14', '--raw', '--subdir', 'DAGS_FOLDER/yellow_taxi_gcs_dag.py', '--cfg-path', '/tmp/tmp77dog_89', '--error-file', '/tmp/tmpwa0b6qnl']
[2022-02-03 13:25:46,159] {standard_task_runner.py:77} INFO - Job 14: Subtask download_dataset_task
[2022-02-03 13:25:46,322] {logging_mixin.py:109} INFO - Running <TaskInstance: yellow_taxi_gcs_dag.download_dataset_task manual__2022-02-03T13:23:59.393871+00:00 [running]> on host 2b92176b720f
[2022-02-03 13:25:46,447] {taskinstance.py:1426} INFO - Exporting the following env vars:
AIRFLOW_CTX_DAG_OWNER=***
AIRFLOW_CTX_DAG_ID=yellow_taxi_gcs_dag
AIRFLOW_CTX_TASK_ID=download_dataset_task
AIRFLOW_CTX_EXECUTION_DATE=2022-02-03T13:23:59.393871+00:00
AIRFLOW_CTX_DAG_RUN_ID=manual__2022-02-03T13:23:59.393871+00:00
[2022-02-03 13:25:46,448] {subprocess.py:62} INFO - Tmp dir root location: 
 /tmp
[2022-02-03 13:25:46,450] {subprocess.py:74} INFO - Running command: ['bash', '-c', 'curl -sS https://s3.amazonaws.com/nyc-tlc/trip+data/yellow_tripdata_2019-01.csv > /opt/***/yellow_tripdata_2019-01.csv']
[2022-02-03 13:25:46,470] {subprocess.py:85} INFO - Output:
[2022-02-03 13:28:00,939] {subprocess.py:93} INFO - Command exited with return code 0
[2022-02-03 13:28:00,977] {taskinstance.py:1277} INFO - Marking task as SUCCESS. dag_id=yellow_taxi_gcs_dag, task_id=download_dataset_task, execution_date=20220203T132359, start_date=20220203T132546, end_date=20220203T132800
[2022-02-03 13:28:01,028] {local_task_job.py:154} INFO - Task exited with return code 0
[2022-02-03 13:28:01,096] {local_task_job.py:264} INFO - 1 downstream tasks scheduled from follow-on schedule check
