[2022-02-09 20:32:22,375] {taskinstance.py:1032} INFO - Dependencies all met for <TaskInstance: green_taxi_gcs_dag.download_dataset_task scheduled__2019-06-02T00:00:00+00:00 [queued]>
[2022-02-09 20:32:22,475] {taskinstance.py:1032} INFO - Dependencies all met for <TaskInstance: green_taxi_gcs_dag.download_dataset_task scheduled__2019-06-02T00:00:00+00:00 [queued]>
[2022-02-09 20:32:22,475] {taskinstance.py:1238} INFO - 
--------------------------------------------------------------------------------
[2022-02-09 20:32:22,475] {taskinstance.py:1239} INFO - Starting attempt 1 of 2
[2022-02-09 20:32:22,475] {taskinstance.py:1240} INFO - 
--------------------------------------------------------------------------------
[2022-02-09 20:32:22,565] {taskinstance.py:1259} INFO - Executing <Task(BashOperator): download_dataset_task> on 2019-06-02 00:00:00+00:00
[2022-02-09 20:32:22,582] {standard_task_runner.py:52} INFO - Started process 206 to run task
[2022-02-09 20:32:22,605] {standard_task_runner.py:76} INFO - Running: ['***', 'tasks', 'run', 'green_taxi_gcs_dag', 'download_dataset_task', 'scheduled__2019-06-02T00:00:00+00:00', '--job-id', '34', '--raw', '--subdir', 'DAGS_FOLDER/green_gcs_dag.py', '--cfg-path', '/tmp/tmp0xz9asst', '--error-file', '/tmp/tmppwrqdjib']
[2022-02-09 20:32:22,619] {standard_task_runner.py:77} INFO - Job 34: Subtask download_dataset_task
[2022-02-09 20:32:22,922] {logging_mixin.py:109} INFO - Running <TaskInstance: green_taxi_gcs_dag.download_dataset_task scheduled__2019-06-02T00:00:00+00:00 [running]> on host 4f97b6b16bdb
[2022-02-09 20:32:23,030] {warnings.py:110} WARNING - /home/***/.local/lib/python3.7/site-packages/***/utils/context.py:152: AirflowContextDeprecationWarning: Accessing 'execution_date' from the template is deprecated and will be removed in a future version. Please use 'data_interval_start' or 'logical_date' instead.
  warnings.warn(_create_deprecation_warning(key, self._deprecation_replacements[key]))

[2022-02-09 20:32:23,080] {taskinstance.py:1426} INFO - Exporting the following env vars:
AIRFLOW_CTX_DAG_OWNER=***
AIRFLOW_CTX_DAG_ID=green_taxi_gcs_dag
AIRFLOW_CTX_TASK_ID=download_dataset_task
AIRFLOW_CTX_EXECUTION_DATE=2019-06-02T00:00:00+00:00
AIRFLOW_CTX_DAG_RUN_ID=scheduled__2019-06-02T00:00:00+00:00
[2022-02-09 20:32:23,082] {subprocess.py:62} INFO - Tmp dir root location: 
 /tmp
[2022-02-09 20:32:23,083] {subprocess.py:74} INFO - Running command: ['bash', '-c', 'curl -sS https://s3.amazonaws.com/nyc-tlc/trip+data/green_tripdata_2019-06.csv > /opt/***/output_2019-06.csv']
[2022-02-09 20:32:23,106] {subprocess.py:85} INFO - Output:
[2022-02-09 20:32:34,585] {subprocess.py:93} INFO - Command exited with return code 0
[2022-02-09 20:32:34,769] {taskinstance.py:1277} INFO - Marking task as SUCCESS. dag_id=green_taxi_gcs_dag, task_id=download_dataset_task, execution_date=20190602T000000, start_date=20220209T203222, end_date=20220209T203234
[2022-02-09 20:32:34,914] {local_task_job.py:154} INFO - Task exited with return code 0
[2022-02-09 20:32:35,272] {local_task_job.py:264} INFO - 0 downstream tasks scheduled from follow-on schedule check
[2022-02-09 20:43:45,909] {taskinstance.py:1032} INFO - Dependencies all met for <TaskInstance: green_taxi_gcs_dag.download_dataset_task scheduled__2019-06-02T00:00:00+00:00 [queued]>
[2022-02-09 20:43:45,955] {taskinstance.py:1032} INFO - Dependencies all met for <TaskInstance: green_taxi_gcs_dag.download_dataset_task scheduled__2019-06-02T00:00:00+00:00 [queued]>
[2022-02-09 20:43:45,955] {taskinstance.py:1238} INFO - 
--------------------------------------------------------------------------------
[2022-02-09 20:43:45,956] {taskinstance.py:1239} INFO - Starting attempt 1 of 2
[2022-02-09 20:43:45,956] {taskinstance.py:1240} INFO - 
--------------------------------------------------------------------------------
[2022-02-09 20:43:46,003] {taskinstance.py:1259} INFO - Executing <Task(BashOperator): download_dataset_task> on 2019-06-02 00:00:00+00:00
[2022-02-09 20:43:46,023] {standard_task_runner.py:52} INFO - Started process 680 to run task
[2022-02-09 20:43:46,034] {standard_task_runner.py:76} INFO - Running: ['***', 'tasks', 'run', 'green_taxi_gcs_dag', 'download_dataset_task', 'scheduled__2019-06-02T00:00:00+00:00', '--job-id', '137', '--raw', '--subdir', 'DAGS_FOLDER/green_gcs_dag.py', '--cfg-path', '/tmp/tmpas94gu1q', '--error-file', '/tmp/tmpktwrign6']
[2022-02-09 20:43:46,038] {standard_task_runner.py:77} INFO - Job 137: Subtask download_dataset_task
[2022-02-09 20:43:46,219] {logging_mixin.py:109} INFO - Running <TaskInstance: green_taxi_gcs_dag.download_dataset_task scheduled__2019-06-02T00:00:00+00:00 [running]> on host 4f97b6b16bdb
[2022-02-09 20:43:46,305] {warnings.py:110} WARNING - /home/***/.local/lib/python3.7/site-packages/***/utils/context.py:152: AirflowContextDeprecationWarning: Accessing 'execution_date' from the template is deprecated and will be removed in a future version. Please use 'data_interval_start' or 'logical_date' instead.
  warnings.warn(_create_deprecation_warning(key, self._deprecation_replacements[key]))

[2022-02-09 20:43:46,338] {taskinstance.py:1426} INFO - Exporting the following env vars:
AIRFLOW_CTX_DAG_OWNER=***
AIRFLOW_CTX_DAG_ID=green_taxi_gcs_dag
AIRFLOW_CTX_TASK_ID=download_dataset_task
AIRFLOW_CTX_EXECUTION_DATE=2019-06-02T00:00:00+00:00
AIRFLOW_CTX_DAG_RUN_ID=scheduled__2019-06-02T00:00:00+00:00
[2022-02-09 20:43:46,339] {subprocess.py:62} INFO - Tmp dir root location: 
 /tmp
[2022-02-09 20:43:46,341] {subprocess.py:74} INFO - Running command: ['bash', '-c', 'curl -sS https://s3.amazonaws.com/nyc-tlc/trip+data/green_tripdata_2019-06.csv > /opt/***/output_2019-06.csv']
[2022-02-09 20:43:46,364] {subprocess.py:85} INFO - Output:
[2022-02-09 20:43:51,133] {subprocess.py:93} INFO - Command exited with return code 0
[2022-02-09 20:43:51,198] {taskinstance.py:1277} INFO - Marking task as SUCCESS. dag_id=green_taxi_gcs_dag, task_id=download_dataset_task, execution_date=20190602T000000, start_date=20220209T204345, end_date=20220209T204351
[2022-02-09 20:43:51,292] {local_task_job.py:154} INFO - Task exited with return code 0
[2022-02-09 20:43:51,369] {local_task_job.py:264} INFO - 1 downstream tasks scheduled from follow-on schedule check
[2022-02-20 00:05:23,231] {taskinstance.py:1032} INFO - Dependencies all met for <TaskInstance: green_taxi_gcs_dag.download_dataset_task scheduled__2019-06-02T00:00:00+00:00 [queued]>
[2022-02-20 00:05:23,248] {taskinstance.py:1032} INFO - Dependencies all met for <TaskInstance: green_taxi_gcs_dag.download_dataset_task scheduled__2019-06-02T00:00:00+00:00 [queued]>
[2022-02-20 00:05:23,248] {taskinstance.py:1238} INFO - 
--------------------------------------------------------------------------------
[2022-02-20 00:05:23,249] {taskinstance.py:1239} INFO - Starting attempt 1 of 2
[2022-02-20 00:05:23,249] {taskinstance.py:1240} INFO - 
--------------------------------------------------------------------------------
[2022-02-20 00:05:23,267] {taskinstance.py:1259} INFO - Executing <Task(BashOperator): download_dataset_task> on 2019-06-02 00:00:00+00:00
[2022-02-20 00:05:23,273] {standard_task_runner.py:52} INFO - Started process 593 to run task
[2022-02-20 00:05:23,277] {standard_task_runner.py:76} INFO - Running: ['***', 'tasks', 'run', 'green_taxi_gcs_dag', 'download_dataset_task', 'scheduled__2019-06-02T00:00:00+00:00', '--job-id', '326', '--raw', '--subdir', 'DAGS_FOLDER/green_gcs_dag.py', '--cfg-path', '/tmp/tmp6m63k96n', '--error-file', '/tmp/tmpy2plp0x2']
[2022-02-20 00:05:23,278] {standard_task_runner.py:77} INFO - Job 326: Subtask download_dataset_task
[2022-02-20 00:05:23,346] {logging_mixin.py:109} INFO - Running <TaskInstance: green_taxi_gcs_dag.download_dataset_task scheduled__2019-06-02T00:00:00+00:00 [running]> on host da07aa254901
[2022-02-20 00:05:23,390] {warnings.py:110} WARNING - /home/***/.local/lib/python3.7/site-packages/***/utils/context.py:152: AirflowContextDeprecationWarning: Accessing 'execution_date' from the template is deprecated and will be removed in a future version. Please use 'data_interval_start' or 'logical_date' instead.
  warnings.warn(_create_deprecation_warning(key, self._deprecation_replacements[key]))

[2022-02-20 00:05:23,409] {taskinstance.py:1426} INFO - Exporting the following env vars:
AIRFLOW_CTX_DAG_OWNER=***
AIRFLOW_CTX_DAG_ID=green_taxi_gcs_dag
AIRFLOW_CTX_TASK_ID=download_dataset_task
AIRFLOW_CTX_EXECUTION_DATE=2019-06-02T00:00:00+00:00
AIRFLOW_CTX_DAG_RUN_ID=scheduled__2019-06-02T00:00:00+00:00
[2022-02-20 00:05:23,410] {subprocess.py:62} INFO - Tmp dir root location: 
 /tmp
[2022-02-20 00:05:23,411] {subprocess.py:74} INFO - Running command: ['bash', '-c', 'curl -sS https://s3.amazonaws.com/nyc-tlc/trip+data/green_tripdata_2019-06.csv > /opt/***/output_2019-06.csv']
[2022-02-20 00:05:23,421] {subprocess.py:85} INFO - Output:
[2022-02-20 00:05:28,232] {subprocess.py:93} INFO - Command exited with return code 0
[2022-02-20 00:05:28,271] {taskinstance.py:1277} INFO - Marking task as SUCCESS. dag_id=green_taxi_gcs_dag, task_id=download_dataset_task, execution_date=20190602T000000, start_date=20220220T000523, end_date=20220220T000528
[2022-02-20 00:05:28,342] {local_task_job.py:154} INFO - Task exited with return code 0
[2022-02-20 00:05:28,411] {local_task_job.py:264} INFO - 1 downstream tasks scheduled from follow-on schedule check
[2022-02-20 01:59:43,819] {taskinstance.py:1032} INFO - Dependencies all met for <TaskInstance: green_taxi_gcs_dag.download_dataset_task scheduled__2019-06-02T00:00:00+00:00 [queued]>
[2022-02-20 01:59:43,840] {taskinstance.py:1032} INFO - Dependencies all met for <TaskInstance: green_taxi_gcs_dag.download_dataset_task scheduled__2019-06-02T00:00:00+00:00 [queued]>
[2022-02-20 01:59:43,840] {taskinstance.py:1238} INFO - 
--------------------------------------------------------------------------------
[2022-02-20 01:59:43,840] {taskinstance.py:1239} INFO - Starting attempt 1 of 2
[2022-02-20 01:59:43,841] {taskinstance.py:1240} INFO - 
--------------------------------------------------------------------------------
[2022-02-20 01:59:43,867] {taskinstance.py:1259} INFO - Executing <Task(BashOperator): download_dataset_task> on 2019-06-02 00:00:00+00:00
[2022-02-20 01:59:43,874] {standard_task_runner.py:52} INFO - Started process 303 to run task
[2022-02-20 01:59:43,890] {standard_task_runner.py:76} INFO - Running: ['***', 'tasks', 'run', 'green_taxi_gcs_dag', 'download_dataset_task', 'scheduled__2019-06-02T00:00:00+00:00', '--job-id', '531', '--raw', '--subdir', 'DAGS_FOLDER/green_gcs_dag.py', '--cfg-path', '/tmp/tmptefxgi3j', '--error-file', '/tmp/tmpsa1_jbfo']
[2022-02-20 01:59:43,891] {standard_task_runner.py:77} INFO - Job 531: Subtask download_dataset_task
[2022-02-20 01:59:43,997] {logging_mixin.py:109} INFO - Running <TaskInstance: green_taxi_gcs_dag.download_dataset_task scheduled__2019-06-02T00:00:00+00:00 [running]> on host 5484a3a1f7c3
[2022-02-20 01:59:44,062] {warnings.py:110} WARNING - /home/***/.local/lib/python3.7/site-packages/***/utils/context.py:152: AirflowContextDeprecationWarning: Accessing 'execution_date' from the template is deprecated and will be removed in a future version. Please use 'data_interval_start' or 'logical_date' instead.
  warnings.warn(_create_deprecation_warning(key, self._deprecation_replacements[key]))

[2022-02-20 01:59:44,088] {taskinstance.py:1426} INFO - Exporting the following env vars:
AIRFLOW_CTX_DAG_OWNER=***
AIRFLOW_CTX_DAG_ID=green_taxi_gcs_dag
AIRFLOW_CTX_TASK_ID=download_dataset_task
AIRFLOW_CTX_EXECUTION_DATE=2019-06-02T00:00:00+00:00
AIRFLOW_CTX_DAG_RUN_ID=scheduled__2019-06-02T00:00:00+00:00
[2022-02-20 01:59:44,089] {subprocess.py:62} INFO - Tmp dir root location: 
 /tmp
[2022-02-20 01:59:44,090] {subprocess.py:74} INFO - Running command: ['bash', '-c', 'curl -sS https://s3.amazonaws.com/nyc-tlc/trip+data/green_tripdata_2019-06.csv > /opt/***/output_2019-06.csv']
[2022-02-20 01:59:44,107] {subprocess.py:85} INFO - Output:
[2022-02-20 01:59:49,598] {subprocess.py:93} INFO - Command exited with return code 0
[2022-02-20 01:59:49,659] {taskinstance.py:1277} INFO - Marking task as SUCCESS. dag_id=green_taxi_gcs_dag, task_id=download_dataset_task, execution_date=20190602T000000, start_date=20220220T015943, end_date=20220220T015949
[2022-02-20 01:59:49,727] {local_task_job.py:154} INFO - Task exited with return code 0
[2022-02-20 01:59:49,773] {local_task_job.py:264} INFO - 1 downstream tasks scheduled from follow-on schedule check
