[2022-02-03 18:18:08,328] {taskinstance.py:1032} INFO - Dependencies all met for <TaskInstance: fhv_gcs_dag.format_to_parquet_task scheduled__2019-07-02T00:00:00+00:00 [queued]>
[2022-02-03 18:18:08,343] {taskinstance.py:1032} INFO - Dependencies all met for <TaskInstance: fhv_gcs_dag.format_to_parquet_task scheduled__2019-07-02T00:00:00+00:00 [queued]>
[2022-02-03 18:18:08,344] {taskinstance.py:1238} INFO - 
--------------------------------------------------------------------------------
[2022-02-03 18:18:08,344] {taskinstance.py:1239} INFO - Starting attempt 1 of 2
[2022-02-03 18:18:08,344] {taskinstance.py:1240} INFO - 
--------------------------------------------------------------------------------
[2022-02-03 18:18:08,361] {taskinstance.py:1259} INFO - Executing <Task(PythonOperator): format_to_parquet_task> on 2019-07-02 00:00:00+00:00
[2022-02-03 18:18:08,368] {standard_task_runner.py:52} INFO - Started process 1147 to run task
[2022-02-03 18:18:08,372] {standard_task_runner.py:76} INFO - Running: ['***', 'tasks', 'run', 'fhv_gcs_dag', 'format_to_parquet_task', 'scheduled__2019-07-02T00:00:00+00:00', '--job-id', '174', '--raw', '--subdir', 'DAGS_FOLDER/fhv_gcs_dag.py', '--cfg-path', '/tmp/tmp_hars4ly', '--error-file', '/tmp/tmpr6hylwgk']
[2022-02-03 18:18:08,373] {standard_task_runner.py:77} INFO - Job 174: Subtask format_to_parquet_task
[2022-02-03 18:18:08,456] {logging_mixin.py:109} INFO - Running <TaskInstance: fhv_gcs_dag.format_to_parquet_task scheduled__2019-07-02T00:00:00+00:00 [running]> on host bd2f56b76e32
[2022-02-03 18:18:08,512] {warnings.py:110} WARNING - /home/***/.local/lib/python3.7/site-packages/***/utils/context.py:152: AirflowContextDeprecationWarning: Accessing 'execution_date' from the template is deprecated and will be removed in a future version. Please use 'data_interval_start' or 'logical_date' instead.
  warnings.warn(_create_deprecation_warning(key, self._deprecation_replacements[key]))

[2022-02-03 18:18:08,533] {taskinstance.py:1426} INFO - Exporting the following env vars:
AIRFLOW_CTX_DAG_OWNER=***
AIRFLOW_CTX_DAG_ID=fhv_gcs_dag
AIRFLOW_CTX_TASK_ID=format_to_parquet_task
AIRFLOW_CTX_EXECUTION_DATE=2019-07-02T00:00:00+00:00
AIRFLOW_CTX_DAG_RUN_ID=scheduled__2019-07-02T00:00:00+00:00
[2022-02-03 18:18:09,745] {python.py:175} INFO - Done. Returned value was: None
[2022-02-03 18:18:09,833] {taskinstance.py:1277} INFO - Marking task as SUCCESS. dag_id=fhv_gcs_dag, task_id=format_to_parquet_task, execution_date=20190702T000000, start_date=20220203T181808, end_date=20220203T181809
[2022-02-03 18:18:10,071] {local_task_job.py:154} INFO - Task exited with return code 0
[2022-02-03 18:18:10,180] {local_task_job.py:264} INFO - 1 downstream tasks scheduled from follow-on schedule check
[2022-02-19 23:54:01,918] {taskinstance.py:1032} INFO - Dependencies all met for <TaskInstance: fhv_gcs_dag.format_to_parquet_task scheduled__2019-07-02T00:00:00+00:00 [queued]>
[2022-02-19 23:54:01,994] {taskinstance.py:1032} INFO - Dependencies all met for <TaskInstance: fhv_gcs_dag.format_to_parquet_task scheduled__2019-07-02T00:00:00+00:00 [queued]>
[2022-02-19 23:54:01,994] {taskinstance.py:1238} INFO - 
--------------------------------------------------------------------------------
[2022-02-19 23:54:01,994] {taskinstance.py:1239} INFO - Starting attempt 1 of 2
[2022-02-19 23:54:01,994] {taskinstance.py:1240} INFO - 
--------------------------------------------------------------------------------
[2022-02-19 23:54:02,020] {taskinstance.py:1259} INFO - Executing <Task(PythonOperator): format_to_parquet_task> on 2019-07-02 00:00:00+00:00
[2022-02-19 23:54:02,035] {standard_task_runner.py:52} INFO - Started process 898 to run task
[2022-02-19 23:54:02,045] {standard_task_runner.py:76} INFO - Running: ['***', 'tasks', 'run', 'fhv_gcs_dag', 'format_to_parquet_task', 'scheduled__2019-07-02T00:00:00+00:00', '--job-id', '254', '--raw', '--subdir', 'DAGS_FOLDER/fhv_gcs_dag.py', '--cfg-path', '/tmp/tmpmsi8ablr', '--error-file', '/tmp/tmp8n0buctb']
[2022-02-19 23:54:02,047] {standard_task_runner.py:77} INFO - Job 254: Subtask format_to_parquet_task
[2022-02-19 23:54:02,233] {logging_mixin.py:109} INFO - Running <TaskInstance: fhv_gcs_dag.format_to_parquet_task scheduled__2019-07-02T00:00:00+00:00 [running]> on host 812dd7ecce85
[2022-02-19 23:54:02,384] {warnings.py:110} WARNING - /home/***/.local/lib/python3.7/site-packages/***/utils/context.py:152: AirflowContextDeprecationWarning: Accessing 'execution_date' from the template is deprecated and will be removed in a future version. Please use 'data_interval_start' or 'logical_date' instead.
  warnings.warn(_create_deprecation_warning(key, self._deprecation_replacements[key]))

[2022-02-19 23:54:02,465] {taskinstance.py:1426} INFO - Exporting the following env vars:
AIRFLOW_CTX_DAG_OWNER=***
AIRFLOW_CTX_DAG_ID=fhv_gcs_dag
AIRFLOW_CTX_TASK_ID=format_to_parquet_task
AIRFLOW_CTX_EXECUTION_DATE=2019-07-02T00:00:00+00:00
AIRFLOW_CTX_DAG_RUN_ID=scheduled__2019-07-02T00:00:00+00:00
[2022-02-19 23:54:04,122] {python.py:175} INFO - Done. Returned value was: None
[2022-02-19 23:54:04,151] {taskinstance.py:1277} INFO - Marking task as SUCCESS. dag_id=fhv_gcs_dag, task_id=format_to_parquet_task, execution_date=20190702T000000, start_date=20220219T235401, end_date=20220219T235404
[2022-02-19 23:54:04,282] {local_task_job.py:154} INFO - Task exited with return code 0
[2022-02-19 23:54:04,347] {local_task_job.py:264} INFO - 1 downstream tasks scheduled from follow-on schedule check
[2022-02-23 19:31:52,698] {taskinstance.py:1032} INFO - Dependencies all met for <TaskInstance: fhv_gcs_dag.format_to_parquet_task scheduled__2019-07-02T00:00:00+00:00 [queued]>
[2022-02-23 19:31:52,718] {taskinstance.py:1032} INFO - Dependencies all met for <TaskInstance: fhv_gcs_dag.format_to_parquet_task scheduled__2019-07-02T00:00:00+00:00 [queued]>
[2022-02-23 19:31:52,718] {taskinstance.py:1238} INFO - 
--------------------------------------------------------------------------------
[2022-02-23 19:31:52,718] {taskinstance.py:1239} INFO - Starting attempt 1 of 2
[2022-02-23 19:31:52,718] {taskinstance.py:1240} INFO - 
--------------------------------------------------------------------------------
[2022-02-23 19:31:52,744] {taskinstance.py:1259} INFO - Executing <Task(PythonOperator): format_to_parquet_task> on 2019-07-02 00:00:00+00:00
[2022-02-23 19:31:52,751] {standard_task_runner.py:52} INFO - Started process 762 to run task
[2022-02-23 19:31:52,765] {standard_task_runner.py:76} INFO - Running: ['***', 'tasks', 'run', 'fhv_gcs_dag', 'format_to_parquet_task', 'scheduled__2019-07-02T00:00:00+00:00', '--job-id', '649', '--raw', '--subdir', 'DAGS_FOLDER/fhv_gcs_dag.py', '--cfg-path', '/tmp/tmpuut86ay3', '--error-file', '/tmp/tmp998766kp']
[2022-02-23 19:31:52,766] {standard_task_runner.py:77} INFO - Job 649: Subtask format_to_parquet_task
[2022-02-23 19:31:52,880] {logging_mixin.py:109} INFO - Running <TaskInstance: fhv_gcs_dag.format_to_parquet_task scheduled__2019-07-02T00:00:00+00:00 [running]> on host 537c9393f0b3
[2022-02-23 19:31:52,925] {warnings.py:110} WARNING - /home/***/.local/lib/python3.7/site-packages/***/utils/context.py:152: AirflowContextDeprecationWarning: Accessing 'execution_date' from the template is deprecated and will be removed in a future version. Please use 'data_interval_start' or 'logical_date' instead.
  warnings.warn(_create_deprecation_warning(key, self._deprecation_replacements[key]))

[2022-02-23 19:31:52,949] {taskinstance.py:1426} INFO - Exporting the following env vars:
AIRFLOW_CTX_DAG_OWNER=***
AIRFLOW_CTX_DAG_ID=fhv_gcs_dag
AIRFLOW_CTX_TASK_ID=format_to_parquet_task
AIRFLOW_CTX_EXECUTION_DATE=2019-07-02T00:00:00+00:00
AIRFLOW_CTX_DAG_RUN_ID=scheduled__2019-07-02T00:00:00+00:00
[2022-02-23 19:31:54,294] {python.py:175} INFO - Done. Returned value was: None
[2022-02-23 19:31:54,313] {taskinstance.py:1277} INFO - Marking task as SUCCESS. dag_id=fhv_gcs_dag, task_id=format_to_parquet_task, execution_date=20190702T000000, start_date=20220223T193152, end_date=20220223T193154
[2022-02-23 19:31:54,401] {local_task_job.py:154} INFO - Task exited with return code 0
[2022-02-23 19:31:54,535] {local_task_job.py:264} INFO - 1 downstream tasks scheduled from follow-on schedule check
[2022-02-23 20:42:18,295] {taskinstance.py:1032} INFO - Dependencies all met for <TaskInstance: fhv_gcs_dag.format_to_parquet_task scheduled__2019-07-02T00:00:00+00:00 [queued]>
[2022-02-23 20:42:18,330] {taskinstance.py:1032} INFO - Dependencies all met for <TaskInstance: fhv_gcs_dag.format_to_parquet_task scheduled__2019-07-02T00:00:00+00:00 [queued]>
[2022-02-23 20:42:18,330] {taskinstance.py:1238} INFO - 
--------------------------------------------------------------------------------
[2022-02-23 20:42:18,331] {taskinstance.py:1239} INFO - Starting attempt 1 of 2
[2022-02-23 20:42:18,331] {taskinstance.py:1240} INFO - 
--------------------------------------------------------------------------------
[2022-02-23 20:42:18,349] {taskinstance.py:1259} INFO - Executing <Task(PythonOperator): format_to_parquet_task> on 2019-07-02 00:00:00+00:00
[2022-02-23 20:42:18,360] {standard_task_runner.py:52} INFO - Started process 397 to run task
[2022-02-23 20:42:18,366] {standard_task_runner.py:76} INFO - Running: ['***', 'tasks', 'run', 'fhv_gcs_dag', 'format_to_parquet_task', 'scheduled__2019-07-02T00:00:00+00:00', '--job-id', '25', '--raw', '--subdir', 'DAGS_FOLDER/fhv_gcs_dag.py', '--cfg-path', '/tmp/tmpsggrc9ta', '--error-file', '/tmp/tmp8gq2deqx']
[2022-02-23 20:42:18,367] {standard_task_runner.py:77} INFO - Job 25: Subtask format_to_parquet_task
[2022-02-23 20:42:18,457] {logging_mixin.py:109} INFO - Running <TaskInstance: fhv_gcs_dag.format_to_parquet_task scheduled__2019-07-02T00:00:00+00:00 [running]> on host 1c172e0325c8
[2022-02-23 20:42:18,507] {warnings.py:110} WARNING - /home/***/.local/lib/python3.7/site-packages/***/utils/context.py:152: AirflowContextDeprecationWarning: Accessing 'execution_date' from the template is deprecated and will be removed in a future version. Please use 'data_interval_start' or 'logical_date' instead.
  warnings.warn(_create_deprecation_warning(key, self._deprecation_replacements[key]))

[2022-02-23 20:42:18,532] {taskinstance.py:1426} INFO - Exporting the following env vars:
AIRFLOW_CTX_DAG_OWNER=***
AIRFLOW_CTX_DAG_ID=fhv_gcs_dag
AIRFLOW_CTX_TASK_ID=format_to_parquet_task
AIRFLOW_CTX_EXECUTION_DATE=2019-07-02T00:00:00+00:00
AIRFLOW_CTX_DAG_RUN_ID=scheduled__2019-07-02T00:00:00+00:00
[2022-02-23 20:42:20,425] {python.py:175} INFO - Done. Returned value was: None
[2022-02-23 20:42:20,469] {taskinstance.py:1277} INFO - Marking task as SUCCESS. dag_id=fhv_gcs_dag, task_id=format_to_parquet_task, execution_date=20190702T000000, start_date=20220223T204218, end_date=20220223T204220
[2022-02-23 20:42:20,747] {local_task_job.py:154} INFO - Task exited with return code 0
[2022-02-23 20:42:20,900] {local_task_job.py:264} INFO - 1 downstream tasks scheduled from follow-on schedule check
