[2022-02-09 20:37:25,417] {taskinstance.py:1032} INFO - Dependencies all met for <TaskInstance: green_taxi_gcs_dag.local_to_gcs_task scheduled__2020-04-02T00:00:00+00:00 [queued]>
[2022-02-09 20:37:25,525] {taskinstance.py:1032} INFO - Dependencies all met for <TaskInstance: green_taxi_gcs_dag.local_to_gcs_task scheduled__2020-04-02T00:00:00+00:00 [queued]>
[2022-02-09 20:37:25,525] {taskinstance.py:1238} INFO - 
--------------------------------------------------------------------------------
[2022-02-09 20:37:25,526] {taskinstance.py:1239} INFO - Starting attempt 1 of 2
[2022-02-09 20:37:25,526] {taskinstance.py:1240} INFO - 
--------------------------------------------------------------------------------
[2022-02-09 20:37:25,590] {taskinstance.py:1259} INFO - Executing <Task(PythonOperator): local_to_gcs_task> on 2020-04-02 00:00:00+00:00
[2022-02-09 20:37:25,623] {standard_task_runner.py:52} INFO - Started process 193 to run task
[2022-02-09 20:37:25,647] {standard_task_runner.py:76} INFO - Running: ['***', 'tasks', 'run', 'green_taxi_gcs_dag', 'local_to_gcs_task', 'scheduled__2020-04-02T00:00:00+00:00', '--job-id', '84', '--raw', '--subdir', 'DAGS_FOLDER/green_gcs_dag.py', '--cfg-path', '/tmp/tmp4trf_i8o', '--error-file', '/tmp/tmpbfhcerf6']
[2022-02-09 20:37:25,660] {standard_task_runner.py:77} INFO - Job 84: Subtask local_to_gcs_task
[2022-02-09 20:37:25,964] {logging_mixin.py:109} INFO - Running <TaskInstance: green_taxi_gcs_dag.local_to_gcs_task scheduled__2020-04-02T00:00:00+00:00 [running]> on host 4f97b6b16bdb
[2022-02-09 20:37:26,185] {warnings.py:110} WARNING - /home/***/.local/lib/python3.7/site-packages/***/utils/context.py:152: AirflowContextDeprecationWarning: Accessing 'execution_date' from the template is deprecated and will be removed in a future version. Please use 'data_interval_start' or 'logical_date' instead.
  warnings.warn(_create_deprecation_warning(key, self._deprecation_replacements[key]))

[2022-02-09 20:37:26,303] {taskinstance.py:1426} INFO - Exporting the following env vars:
AIRFLOW_CTX_DAG_OWNER=***
AIRFLOW_CTX_DAG_ID=green_taxi_gcs_dag
AIRFLOW_CTX_TASK_ID=local_to_gcs_task
AIRFLOW_CTX_EXECUTION_DATE=2020-04-02T00:00:00+00:00
AIRFLOW_CTX_DAG_RUN_ID=scheduled__2020-04-02T00:00:00+00:00
[2022-02-09 20:37:27,077] {python.py:175} INFO - Done. Returned value was: None
[2022-02-09 20:37:27,472] {taskinstance.py:1277} INFO - Marking task as SUCCESS. dag_id=green_taxi_gcs_dag, task_id=local_to_gcs_task, execution_date=20200402T000000, start_date=20220209T203725, end_date=20220209T203727
[2022-02-09 20:37:27,654] {local_task_job.py:154} INFO - Task exited with return code 0
[2022-02-09 20:37:27,795] {local_task_job.py:264} INFO - 1 downstream tasks scheduled from follow-on schedule check
[2022-02-09 20:47:10,078] {taskinstance.py:1032} INFO - Dependencies all met for <TaskInstance: green_taxi_gcs_dag.local_to_gcs_task scheduled__2020-04-02T00:00:00+00:00 [queued]>
[2022-02-09 20:47:10,112] {taskinstance.py:1032} INFO - Dependencies all met for <TaskInstance: green_taxi_gcs_dag.local_to_gcs_task scheduled__2020-04-02T00:00:00+00:00 [queued]>
[2022-02-09 20:47:10,112] {taskinstance.py:1238} INFO - 
--------------------------------------------------------------------------------
[2022-02-09 20:47:10,112] {taskinstance.py:1239} INFO - Starting attempt 1 of 2
[2022-02-09 20:47:10,113] {taskinstance.py:1240} INFO - 
--------------------------------------------------------------------------------
[2022-02-09 20:47:10,139] {taskinstance.py:1259} INFO - Executing <Task(PythonOperator): local_to_gcs_task> on 2020-04-02 00:00:00+00:00
[2022-02-09 20:47:10,147] {standard_task_runner.py:52} INFO - Started process 1014 to run task
[2022-02-09 20:47:10,158] {standard_task_runner.py:76} INFO - Running: ['***', 'tasks', 'run', 'green_taxi_gcs_dag', 'local_to_gcs_task', 'scheduled__2020-04-02T00:00:00+00:00', '--job-id', '175', '--raw', '--subdir', 'DAGS_FOLDER/green_gcs_dag.py', '--cfg-path', '/tmp/tmpfjekeygv', '--error-file', '/tmp/tmpy4sl66th']
[2022-02-09 20:47:10,160] {standard_task_runner.py:77} INFO - Job 175: Subtask local_to_gcs_task
[2022-02-09 20:47:10,264] {logging_mixin.py:109} INFO - Running <TaskInstance: green_taxi_gcs_dag.local_to_gcs_task scheduled__2020-04-02T00:00:00+00:00 [running]> on host 4f97b6b16bdb
[2022-02-09 20:47:10,343] {warnings.py:110} WARNING - /home/***/.local/lib/python3.7/site-packages/***/utils/context.py:152: AirflowContextDeprecationWarning: Accessing 'execution_date' from the template is deprecated and will be removed in a future version. Please use 'data_interval_start' or 'logical_date' instead.
  warnings.warn(_create_deprecation_warning(key, self._deprecation_replacements[key]))

[2022-02-09 20:47:10,380] {taskinstance.py:1426} INFO - Exporting the following env vars:
AIRFLOW_CTX_DAG_OWNER=***
AIRFLOW_CTX_DAG_ID=green_taxi_gcs_dag
AIRFLOW_CTX_TASK_ID=local_to_gcs_task
AIRFLOW_CTX_EXECUTION_DATE=2020-04-02T00:00:00+00:00
AIRFLOW_CTX_DAG_RUN_ID=scheduled__2020-04-02T00:00:00+00:00
[2022-02-09 20:47:10,758] {python.py:175} INFO - Done. Returned value was: None
[2022-02-09 20:47:10,778] {taskinstance.py:1277} INFO - Marking task as SUCCESS. dag_id=green_taxi_gcs_dag, task_id=local_to_gcs_task, execution_date=20200402T000000, start_date=20220209T204710, end_date=20220209T204710
[2022-02-09 20:47:10,815] {local_task_job.py:154} INFO - Task exited with return code 0
[2022-02-09 20:47:10,882] {local_task_job.py:264} INFO - 1 downstream tasks scheduled from follow-on schedule check
[2022-02-20 00:07:57,424] {taskinstance.py:1032} INFO - Dependencies all met for <TaskInstance: green_taxi_gcs_dag.local_to_gcs_task scheduled__2020-04-02T00:00:00+00:00 [queued]>
[2022-02-20 00:07:57,456] {taskinstance.py:1032} INFO - Dependencies all met for <TaskInstance: green_taxi_gcs_dag.local_to_gcs_task scheduled__2020-04-02T00:00:00+00:00 [queued]>
[2022-02-20 00:07:57,456] {taskinstance.py:1238} INFO - 
--------------------------------------------------------------------------------
[2022-02-20 00:07:57,456] {taskinstance.py:1239} INFO - Starting attempt 1 of 2
[2022-02-20 00:07:57,457] {taskinstance.py:1240} INFO - 
--------------------------------------------------------------------------------
[2022-02-20 00:07:57,506] {taskinstance.py:1259} INFO - Executing <Task(PythonOperator): local_to_gcs_task> on 2020-04-02 00:00:00+00:00
[2022-02-20 00:07:57,521] {standard_task_runner.py:52} INFO - Started process 937 to run task
[2022-02-20 00:07:57,529] {standard_task_runner.py:76} INFO - Running: ['***', 'tasks', 'run', 'green_taxi_gcs_dag', 'local_to_gcs_task', 'scheduled__2020-04-02T00:00:00+00:00', '--job-id', '369', '--raw', '--subdir', 'DAGS_FOLDER/green_gcs_dag.py', '--cfg-path', '/tmp/tmph183fqlr', '--error-file', '/tmp/tmp0pw_z410']
[2022-02-20 00:07:57,530] {standard_task_runner.py:77} INFO - Job 369: Subtask local_to_gcs_task
[2022-02-20 00:07:57,678] {logging_mixin.py:109} INFO - Running <TaskInstance: green_taxi_gcs_dag.local_to_gcs_task scheduled__2020-04-02T00:00:00+00:00 [running]> on host da07aa254901
[2022-02-20 00:07:57,736] {warnings.py:110} WARNING - /home/***/.local/lib/python3.7/site-packages/***/utils/context.py:152: AirflowContextDeprecationWarning: Accessing 'execution_date' from the template is deprecated and will be removed in a future version. Please use 'data_interval_start' or 'logical_date' instead.
  warnings.warn(_create_deprecation_warning(key, self._deprecation_replacements[key]))

[2022-02-20 00:07:57,762] {taskinstance.py:1426} INFO - Exporting the following env vars:
AIRFLOW_CTX_DAG_OWNER=***
AIRFLOW_CTX_DAG_ID=green_taxi_gcs_dag
AIRFLOW_CTX_TASK_ID=local_to_gcs_task
AIRFLOW_CTX_EXECUTION_DATE=2020-04-02T00:00:00+00:00
AIRFLOW_CTX_DAG_RUN_ID=scheduled__2020-04-02T00:00:00+00:00
[2022-02-20 00:07:58,167] {python.py:175} INFO - Done. Returned value was: None
[2022-02-20 00:07:58,179] {taskinstance.py:1277} INFO - Marking task as SUCCESS. dag_id=green_taxi_gcs_dag, task_id=local_to_gcs_task, execution_date=20200402T000000, start_date=20220220T000757, end_date=20220220T000758
[2022-02-20 00:07:58,220] {local_task_job.py:154} INFO - Task exited with return code 0
[2022-02-20 00:07:58,266] {local_task_job.py:264} INFO - 1 downstream tasks scheduled from follow-on schedule check
[2022-02-20 02:01:21,887] {taskinstance.py:1032} INFO - Dependencies all met for <TaskInstance: green_taxi_gcs_dag.local_to_gcs_task scheduled__2020-04-02T00:00:00+00:00 [queued]>
[2022-02-20 02:01:21,915] {taskinstance.py:1032} INFO - Dependencies all met for <TaskInstance: green_taxi_gcs_dag.local_to_gcs_task scheduled__2020-04-02T00:00:00+00:00 [queued]>
[2022-02-20 02:01:21,915] {taskinstance.py:1238} INFO - 
--------------------------------------------------------------------------------
[2022-02-20 02:01:21,915] {taskinstance.py:1239} INFO - Starting attempt 1 of 2
[2022-02-20 02:01:21,915] {taskinstance.py:1240} INFO - 
--------------------------------------------------------------------------------
[2022-02-20 02:01:21,944] {taskinstance.py:1259} INFO - Executing <Task(PythonOperator): local_to_gcs_task> on 2020-04-02 00:00:00+00:00
[2022-02-20 02:01:21,954] {standard_task_runner.py:52} INFO - Started process 592 to run task
[2022-02-20 02:01:21,959] {standard_task_runner.py:76} INFO - Running: ['***', 'tasks', 'run', 'green_taxi_gcs_dag', 'local_to_gcs_task', 'scheduled__2020-04-02T00:00:00+00:00', '--job-id', '571', '--raw', '--subdir', 'DAGS_FOLDER/green_gcs_dag.py', '--cfg-path', '/tmp/tmp71u38y96', '--error-file', '/tmp/tmpxehzcqxi']
[2022-02-20 02:01:21,962] {standard_task_runner.py:77} INFO - Job 571: Subtask local_to_gcs_task
[2022-02-20 02:01:22,082] {logging_mixin.py:109} INFO - Running <TaskInstance: green_taxi_gcs_dag.local_to_gcs_task scheduled__2020-04-02T00:00:00+00:00 [running]> on host 5484a3a1f7c3
[2022-02-20 02:01:22,154] {warnings.py:110} WARNING - /home/***/.local/lib/python3.7/site-packages/***/utils/context.py:152: AirflowContextDeprecationWarning: Accessing 'execution_date' from the template is deprecated and will be removed in a future version. Please use 'data_interval_start' or 'logical_date' instead.
  warnings.warn(_create_deprecation_warning(key, self._deprecation_replacements[key]))

[2022-02-20 02:01:22,199] {taskinstance.py:1426} INFO - Exporting the following env vars:
AIRFLOW_CTX_DAG_OWNER=***
AIRFLOW_CTX_DAG_ID=green_taxi_gcs_dag
AIRFLOW_CTX_TASK_ID=local_to_gcs_task
AIRFLOW_CTX_EXECUTION_DATE=2020-04-02T00:00:00+00:00
AIRFLOW_CTX_DAG_RUN_ID=scheduled__2020-04-02T00:00:00+00:00
[2022-02-20 02:01:22,554] {python.py:175} INFO - Done. Returned value was: None
[2022-02-20 02:01:22,583] {taskinstance.py:1277} INFO - Marking task as SUCCESS. dag_id=green_taxi_gcs_dag, task_id=local_to_gcs_task, execution_date=20200402T000000, start_date=20220220T020121, end_date=20220220T020122
[2022-02-20 02:01:22,704] {local_task_job.py:154} INFO - Task exited with return code 0
[2022-02-20 02:01:22,793] {local_task_job.py:264} INFO - 0 downstream tasks scheduled from follow-on schedule check
