[2022-02-03 18:18:43,344] {taskinstance.py:1032} INFO - Dependencies all met for <TaskInstance: fhv_gcs_dag.delete_the_local_file scheduled__2019-09-02T00:00:00+00:00 [queued]>
[2022-02-03 18:18:43,365] {taskinstance.py:1032} INFO - Dependencies all met for <TaskInstance: fhv_gcs_dag.delete_the_local_file scheduled__2019-09-02T00:00:00+00:00 [queued]>
[2022-02-03 18:18:43,366] {taskinstance.py:1238} INFO - 
--------------------------------------------------------------------------------
[2022-02-03 18:18:43,366] {taskinstance.py:1239} INFO - Starting attempt 1 of 2
[2022-02-03 18:18:43,366] {taskinstance.py:1240} INFO - 
--------------------------------------------------------------------------------
[2022-02-03 18:18:43,387] {taskinstance.py:1259} INFO - Executing <Task(BashOperator): delete_the_local_file> on 2019-09-02 00:00:00+00:00
[2022-02-03 18:18:43,393] {standard_task_runner.py:52} INFO - Started process 1215 to run task
[2022-02-03 18:18:43,401] {standard_task_runner.py:76} INFO - Running: ['***', 'tasks', 'run', 'fhv_gcs_dag', 'delete_the_local_file', 'scheduled__2019-09-02T00:00:00+00:00', '--job-id', '183', '--raw', '--subdir', 'DAGS_FOLDER/fhv_gcs_dag.py', '--cfg-path', '/tmp/tmpl6wh07ra', '--error-file', '/tmp/tmpq9nnjkdm']
[2022-02-03 18:18:43,402] {standard_task_runner.py:77} INFO - Job 183: Subtask delete_the_local_file
[2022-02-03 18:18:43,525] {logging_mixin.py:109} INFO - Running <TaskInstance: fhv_gcs_dag.delete_the_local_file scheduled__2019-09-02T00:00:00+00:00 [running]> on host bd2f56b76e32
[2022-02-03 18:18:43,612] {warnings.py:110} WARNING - /home/***/.local/lib/python3.7/site-packages/***/utils/context.py:152: AirflowContextDeprecationWarning: Accessing 'execution_date' from the template is deprecated and will be removed in a future version. Please use 'data_interval_start' or 'logical_date' instead.
  warnings.warn(_create_deprecation_warning(key, self._deprecation_replacements[key]))

[2022-02-03 18:18:43,677] {taskinstance.py:1426} INFO - Exporting the following env vars:
AIRFLOW_CTX_DAG_OWNER=***
AIRFLOW_CTX_DAG_ID=fhv_gcs_dag
AIRFLOW_CTX_TASK_ID=delete_the_local_file
AIRFLOW_CTX_EXECUTION_DATE=2019-09-02T00:00:00+00:00
AIRFLOW_CTX_DAG_RUN_ID=scheduled__2019-09-02T00:00:00+00:00
[2022-02-03 18:18:43,678] {subprocess.py:62} INFO - Tmp dir root location: 
 /tmp
[2022-02-03 18:18:43,679] {subprocess.py:74} INFO - Running command: ['bash', '-c', 'rm /opt/***/output_2019-09.csv | rm /opt/***/output_2019-09.parquet']
[2022-02-03 18:18:43,700] {subprocess.py:85} INFO - Output:
[2022-02-03 18:18:43,723] {subprocess.py:93} INFO - Command exited with return code 0
[2022-02-03 18:18:43,766] {taskinstance.py:1277} INFO - Marking task as SUCCESS. dag_id=fhv_gcs_dag, task_id=delete_the_local_file, execution_date=20190902T000000, start_date=20220203T181843, end_date=20220203T181843
[2022-02-03 18:18:43,815] {local_task_job.py:154} INFO - Task exited with return code 0
[2022-02-03 18:18:43,877] {local_task_job.py:264} INFO - 0 downstream tasks scheduled from follow-on schedule check
<<<<<<< HEAD
[2022-02-19 23:58:21,857] {taskinstance.py:1032} INFO - Dependencies all met for <TaskInstance: fhv_gcs_dag.delete_the_local_file scheduled__2019-09-02T00:00:00+00:00 [queued]>
[2022-02-19 23:58:21,875] {taskinstance.py:1032} INFO - Dependencies all met for <TaskInstance: fhv_gcs_dag.delete_the_local_file scheduled__2019-09-02T00:00:00+00:00 [queued]>
[2022-02-19 23:58:21,875] {taskinstance.py:1238} INFO - 
--------------------------------------------------------------------------------
[2022-02-19 23:58:21,876] {taskinstance.py:1239} INFO - Starting attempt 1 of 2
[2022-02-19 23:58:21,876] {taskinstance.py:1240} INFO - 
--------------------------------------------------------------------------------
[2022-02-19 23:58:21,901] {taskinstance.py:1259} INFO - Executing <Task(BashOperator): delete_the_local_file> on 2019-09-02 00:00:00+00:00
[2022-02-19 23:58:21,908] {standard_task_runner.py:52} INFO - Started process 141 to run task
[2022-02-19 23:58:21,912] {standard_task_runner.py:76} INFO - Running: ['***', 'tasks', 'run', 'fhv_gcs_dag', 'delete_the_local_file', 'scheduled__2019-09-02T00:00:00+00:00', '--job-id', '292', '--raw', '--subdir', 'DAGS_FOLDER/fhv_gcs_dag.py', '--cfg-path', '/tmp/tmpit4onhue', '--error-file', '/tmp/tmpwwsoy52s']
[2022-02-19 23:58:21,914] {standard_task_runner.py:77} INFO - Job 292: Subtask delete_the_local_file
[2022-02-19 23:58:22,024] {logging_mixin.py:109} INFO - Running <TaskInstance: fhv_gcs_dag.delete_the_local_file scheduled__2019-09-02T00:00:00+00:00 [running]> on host da07aa254901
[2022-02-19 23:58:22,085] {warnings.py:110} WARNING - /home/***/.local/lib/python3.7/site-packages/***/utils/context.py:152: AirflowContextDeprecationWarning: Accessing 'execution_date' from the template is deprecated and will be removed in a future version. Please use 'data_interval_start' or 'logical_date' instead.
  warnings.warn(_create_deprecation_warning(key, self._deprecation_replacements[key]))

[2022-02-19 23:58:22,104] {taskinstance.py:1426} INFO - Exporting the following env vars:
AIRFLOW_CTX_DAG_OWNER=***
AIRFLOW_CTX_DAG_ID=fhv_gcs_dag
AIRFLOW_CTX_TASK_ID=delete_the_local_file
AIRFLOW_CTX_EXECUTION_DATE=2019-09-02T00:00:00+00:00
AIRFLOW_CTX_DAG_RUN_ID=scheduled__2019-09-02T00:00:00+00:00
[2022-02-19 23:58:22,105] {subprocess.py:62} INFO - Tmp dir root location: 
 /tmp
[2022-02-19 23:58:22,106] {subprocess.py:74} INFO - Running command: ['bash', '-c', 'rm /opt/***/output_2019-09.csv | rm /opt/***/output_2019-09.parquet']
[2022-02-19 23:58:22,117] {subprocess.py:85} INFO - Output:
[2022-02-19 23:58:22,132] {subprocess.py:93} INFO - Command exited with return code 0
[2022-02-19 23:58:22,157] {taskinstance.py:1277} INFO - Marking task as SUCCESS. dag_id=fhv_gcs_dag, task_id=delete_the_local_file, execution_date=20190902T000000, start_date=20220219T235821, end_date=20220219T235822
[2022-02-19 23:58:22,180] {local_task_job.py:154} INFO - Task exited with return code 0
[2022-02-19 23:58:22,212] {local_task_job.py:264} INFO - 0 downstream tasks scheduled from follow-on schedule check
[2022-02-23 20:43:03,308] {taskinstance.py:1032} INFO - Dependencies all met for <TaskInstance: fhv_gcs_dag.delete_the_local_file scheduled__2019-09-02T00:00:00+00:00 [queued]>
[2022-02-23 20:43:03,366] {taskinstance.py:1032} INFO - Dependencies all met for <TaskInstance: fhv_gcs_dag.delete_the_local_file scheduled__2019-09-02T00:00:00+00:00 [queued]>
[2022-02-23 20:43:03,366] {taskinstance.py:1238} INFO - 
--------------------------------------------------------------------------------
[2022-02-23 20:43:03,369] {taskinstance.py:1239} INFO - Starting attempt 1 of 2
[2022-02-23 20:43:03,369] {taskinstance.py:1240} INFO - 
--------------------------------------------------------------------------------
[2022-02-23 20:43:03,442] {taskinstance.py:1259} INFO - Executing <Task(BashOperator): delete_the_local_file> on 2019-09-02 00:00:00+00:00
[2022-02-23 20:43:03,458] {standard_task_runner.py:52} INFO - Started process 464 to run task
[2022-02-23 20:43:03,472] {standard_task_runner.py:76} INFO - Running: ['***', 'tasks', 'run', 'fhv_gcs_dag', 'delete_the_local_file', 'scheduled__2019-09-02T00:00:00+00:00', '--job-id', '32', '--raw', '--subdir', 'DAGS_FOLDER/fhv_gcs_dag.py', '--cfg-path', '/tmp/tmp21j0o05k', '--error-file', '/tmp/tmp03rv8qvt']
[2022-02-23 20:43:03,473] {standard_task_runner.py:77} INFO - Job 32: Subtask delete_the_local_file
[2022-02-23 20:43:03,615] {logging_mixin.py:109} INFO - Running <TaskInstance: fhv_gcs_dag.delete_the_local_file scheduled__2019-09-02T00:00:00+00:00 [running]> on host 1c172e0325c8
[2022-02-23 20:43:03,752] {warnings.py:110} WARNING - /home/***/.local/lib/python3.7/site-packages/***/utils/context.py:152: AirflowContextDeprecationWarning: Accessing 'execution_date' from the template is deprecated and will be removed in a future version. Please use 'data_interval_start' or 'logical_date' instead.
  warnings.warn(_create_deprecation_warning(key, self._deprecation_replacements[key]))

[2022-02-23 20:43:03,811] {taskinstance.py:1426} INFO - Exporting the following env vars:
AIRFLOW_CTX_DAG_OWNER=***
AIRFLOW_CTX_DAG_ID=fhv_gcs_dag
AIRFLOW_CTX_TASK_ID=delete_the_local_file
AIRFLOW_CTX_EXECUTION_DATE=2019-09-02T00:00:00+00:00
AIRFLOW_CTX_DAG_RUN_ID=scheduled__2019-09-02T00:00:00+00:00
[2022-02-23 20:43:03,819] {subprocess.py:62} INFO - Tmp dir root location: 
 /tmp
[2022-02-23 20:43:03,819] {subprocess.py:74} INFO - Running command: ['bash', '-c', 'rm /opt/***/output_2019-09.csv | rm /opt/***/output_2019-09.parquet']
[2022-02-23 20:43:03,846] {subprocess.py:85} INFO - Output:
[2022-02-23 20:43:03,902] {subprocess.py:93} INFO - Command exited with return code 0
[2022-02-23 20:43:04,012] {taskinstance.py:1277} INFO - Marking task as SUCCESS. dag_id=fhv_gcs_dag, task_id=delete_the_local_file, execution_date=20190902T000000, start_date=20220223T204303, end_date=20220223T204304
[2022-02-23 20:43:04,169] {local_task_job.py:154} INFO - Task exited with return code 0
[2022-02-23 20:43:04,302] {local_task_job.py:264} INFO - 0 downstream tasks scheduled from follow-on schedule check
=======
>>>>>>> origin/master
