[2022-02-03 17:29:05,265] {taskinstance.py:1032} INFO - Dependencies all met for <TaskInstance: yellow_taxi_gcs_dag.local_to_gcs_task scheduled__2020-12-02T00:00:00+00:00 [queued]>
[2022-02-03 17:29:05,280] {taskinstance.py:1032} INFO - Dependencies all met for <TaskInstance: yellow_taxi_gcs_dag.local_to_gcs_task scheduled__2020-12-02T00:00:00+00:00 [queued]>
[2022-02-03 17:29:05,280] {taskinstance.py:1238} INFO - 
--------------------------------------------------------------------------------
[2022-02-03 17:29:05,280] {taskinstance.py:1239} INFO - Starting attempt 1 of 2
[2022-02-03 17:29:05,280] {taskinstance.py:1240} INFO - 
--------------------------------------------------------------------------------
[2022-02-03 17:29:05,296] {taskinstance.py:1259} INFO - Executing <Task(PythonOperator): local_to_gcs_task> on 2020-12-02 00:00:00+00:00
[2022-02-03 17:29:05,303] {standard_task_runner.py:52} INFO - Started process 3364 to run task
[2022-02-03 17:29:05,306] {standard_task_runner.py:76} INFO - Running: ['***', 'tasks', 'run', 'yellow_taxi_gcs_dag', 'local_to_gcs_task', 'scheduled__2020-12-02T00:00:00+00:00', '--job-id', '138', '--raw', '--subdir', 'DAGS_FOLDER/yellow_taxi_gcs_dag.py', '--cfg-path', '/tmp/tmp_qj0o2vg', '--error-file', '/tmp/tmprkhmx0nb']
[2022-02-03 17:29:05,307] {standard_task_runner.py:77} INFO - Job 138: Subtask local_to_gcs_task
[2022-02-03 17:29:05,374] {logging_mixin.py:109} INFO - Running <TaskInstance: yellow_taxi_gcs_dag.local_to_gcs_task scheduled__2020-12-02T00:00:00+00:00 [running]> on host 7e458922b35d
[2022-02-03 17:29:05,424] {warnings.py:110} WARNING - /home/***/.local/lib/python3.7/site-packages/***/utils/context.py:152: AirflowContextDeprecationWarning: Accessing 'execution_date' from the template is deprecated and will be removed in a future version. Please use 'data_interval_start' or 'logical_date' instead.
  warnings.warn(_create_deprecation_warning(key, self._deprecation_replacements[key]))

[2022-02-03 17:29:05,448] {taskinstance.py:1426} INFO - Exporting the following env vars:
AIRFLOW_CTX_DAG_OWNER=***
AIRFLOW_CTX_DAG_ID=yellow_taxi_gcs_dag
AIRFLOW_CTX_TASK_ID=local_to_gcs_task
AIRFLOW_CTX_EXECUTION_DATE=2020-12-02T00:00:00+00:00
AIRFLOW_CTX_DAG_RUN_ID=scheduled__2020-12-02T00:00:00+00:00
[2022-02-03 17:29:08,634] {python.py:175} INFO - Done. Returned value was: None
[2022-02-03 17:29:08,655] {taskinstance.py:1277} INFO - Marking task as SUCCESS. dag_id=yellow_taxi_gcs_dag, task_id=local_to_gcs_task, execution_date=20201202T000000, start_date=20220203T172905, end_date=20220203T172908
[2022-02-03 17:29:08,691] {local_task_job.py:154} INFO - Task exited with return code 0
[2022-02-03 17:29:08,728] {local_task_job.py:264} INFO - 1 downstream tasks scheduled from follow-on schedule check
<<<<<<< HEAD
[2022-02-20 00:32:07,059] {taskinstance.py:1032} INFO - Dependencies all met for <TaskInstance: yellow_taxi_gcs_dag.local_to_gcs_task scheduled__2020-12-02T00:00:00+00:00 [queued]>
[2022-02-20 00:32:07,074] {taskinstance.py:1032} INFO - Dependencies all met for <TaskInstance: yellow_taxi_gcs_dag.local_to_gcs_task scheduled__2020-12-02T00:00:00+00:00 [queued]>
[2022-02-20 00:32:07,075] {taskinstance.py:1238} INFO - 
--------------------------------------------------------------------------------
[2022-02-20 00:32:07,075] {taskinstance.py:1239} INFO - Starting attempt 1 of 2
[2022-02-20 00:32:07,075] {taskinstance.py:1240} INFO - 
--------------------------------------------------------------------------------
[2022-02-20 00:32:07,092] {taskinstance.py:1259} INFO - Executing <Task(PythonOperator): local_to_gcs_task> on 2020-12-02 00:00:00+00:00
[2022-02-20 00:32:07,098] {standard_task_runner.py:52} INFO - Started process 2546 to run task
[2022-02-20 00:32:07,102] {standard_task_runner.py:76} INFO - Running: ['***', 'tasks', 'run', 'yellow_taxi_gcs_dag', 'local_to_gcs_task', 'scheduled__2020-12-02T00:00:00+00:00', '--job-id', '510', '--raw', '--subdir', 'DAGS_FOLDER/yellow_taxi_gcs_dag.py', '--cfg-path', '/tmp/tmpixqynlm1', '--error-file', '/tmp/tmprkq3kldg']
[2022-02-20 00:32:07,103] {standard_task_runner.py:77} INFO - Job 510: Subtask local_to_gcs_task
[2022-02-20 00:32:07,173] {logging_mixin.py:109} INFO - Running <TaskInstance: yellow_taxi_gcs_dag.local_to_gcs_task scheduled__2020-12-02T00:00:00+00:00 [running]> on host da07aa254901
[2022-02-20 00:32:07,231] {warnings.py:110} WARNING - /home/***/.local/lib/python3.7/site-packages/***/utils/context.py:152: AirflowContextDeprecationWarning: Accessing 'execution_date' from the template is deprecated and will be removed in a future version. Please use 'data_interval_start' or 'logical_date' instead.
  warnings.warn(_create_deprecation_warning(key, self._deprecation_replacements[key]))

[2022-02-20 00:32:07,252] {taskinstance.py:1426} INFO - Exporting the following env vars:
AIRFLOW_CTX_DAG_OWNER=***
AIRFLOW_CTX_DAG_ID=yellow_taxi_gcs_dag
AIRFLOW_CTX_TASK_ID=local_to_gcs_task
AIRFLOW_CTX_EXECUTION_DATE=2020-12-02T00:00:00+00:00
AIRFLOW_CTX_DAG_RUN_ID=scheduled__2020-12-02T00:00:00+00:00
[2022-02-20 00:32:10,582] {python.py:175} INFO - Done. Returned value was: None
[2022-02-20 00:32:10,603] {taskinstance.py:1277} INFO - Marking task as SUCCESS. dag_id=yellow_taxi_gcs_dag, task_id=local_to_gcs_task, execution_date=20201202T000000, start_date=20220220T003207, end_date=20220220T003210
[2022-02-20 00:32:10,670] {local_task_job.py:154} INFO - Task exited with return code 0
[2022-02-20 00:32:10,756] {local_task_job.py:264} INFO - 1 downstream tasks scheduled from follow-on schedule check
=======
>>>>>>> origin/master
