[2022-02-03 18:18:24,681] {taskinstance.py:1032} INFO - Dependencies all met for <TaskInstance: fhv_gcs_dag.download_dataset_task scheduled__2019-09-02T00:00:00+00:00 [queued]>
[2022-02-03 18:18:24,699] {taskinstance.py:1032} INFO - Dependencies all met for <TaskInstance: fhv_gcs_dag.download_dataset_task scheduled__2019-09-02T00:00:00+00:00 [queued]>
[2022-02-03 18:18:24,700] {taskinstance.py:1238} INFO - 
--------------------------------------------------------------------------------
[2022-02-03 18:18:24,700] {taskinstance.py:1239} INFO - Starting attempt 1 of 2
[2022-02-03 18:18:24,700] {taskinstance.py:1240} INFO - 
--------------------------------------------------------------------------------
[2022-02-03 18:18:24,724] {taskinstance.py:1259} INFO - Executing <Task(BashOperator): download_dataset_task> on 2019-09-02 00:00:00+00:00
[2022-02-03 18:18:24,732] {standard_task_runner.py:52} INFO - Started process 1182 to run task
[2022-02-03 18:18:24,746] {standard_task_runner.py:76} INFO - Running: ['***', 'tasks', 'run', 'fhv_gcs_dag', 'download_dataset_task', 'scheduled__2019-09-02T00:00:00+00:00', '--job-id', '179', '--raw', '--subdir', 'DAGS_FOLDER/fhv_gcs_dag.py', '--cfg-path', '/tmp/tmp7u02d2q2', '--error-file', '/tmp/tmpitbqjjlj']
[2022-02-03 18:18:24,747] {standard_task_runner.py:77} INFO - Job 179: Subtask download_dataset_task
[2022-02-03 18:18:24,909] {logging_mixin.py:109} INFO - Running <TaskInstance: fhv_gcs_dag.download_dataset_task scheduled__2019-09-02T00:00:00+00:00 [running]> on host bd2f56b76e32
[2022-02-03 18:18:24,995] {warnings.py:110} WARNING - /home/***/.local/lib/python3.7/site-packages/***/utils/context.py:152: AirflowContextDeprecationWarning: Accessing 'execution_date' from the template is deprecated and will be removed in a future version. Please use 'data_interval_start' or 'logical_date' instead.
  warnings.warn(_create_deprecation_warning(key, self._deprecation_replacements[key]))

[2022-02-03 18:18:25,028] {taskinstance.py:1426} INFO - Exporting the following env vars:
AIRFLOW_CTX_DAG_OWNER=***
AIRFLOW_CTX_DAG_ID=fhv_gcs_dag
AIRFLOW_CTX_TASK_ID=download_dataset_task
AIRFLOW_CTX_EXECUTION_DATE=2019-09-02T00:00:00+00:00
AIRFLOW_CTX_DAG_RUN_ID=scheduled__2019-09-02T00:00:00+00:00
[2022-02-03 18:18:25,030] {subprocess.py:62} INFO - Tmp dir root location: 
 /tmp
[2022-02-03 18:18:25,030] {subprocess.py:74} INFO - Running command: ['bash', '-c', 'curl -sS https://nyc-tlc.s3.amazonaws.com/trip+data/fhv_tripdata_2019-09.csv > /opt/***/output_2019-09.csv']
[2022-02-03 18:18:25,051] {subprocess.py:85} INFO - Output:
[2022-02-03 18:18:34,830] {subprocess.py:93} INFO - Command exited with return code 0
[2022-02-03 18:18:34,906] {taskinstance.py:1277} INFO - Marking task as SUCCESS. dag_id=fhv_gcs_dag, task_id=download_dataset_task, execution_date=20190902T000000, start_date=20220203T181824, end_date=20220203T181834
[2022-02-03 18:18:34,979] {local_task_job.py:154} INFO - Task exited with return code 0
[2022-02-03 18:18:35,059] {local_task_job.py:264} INFO - 1 downstream tasks scheduled from follow-on schedule check
