[2022-02-03 18:19:52,209] {taskinstance.py:1032} INFO - Dependencies all met for <TaskInstance: fhv_gcs_dag.delete_the_local_file scheduled__2019-12-02T00:00:00+00:00 [queued]>
[2022-02-03 18:19:52,236] {taskinstance.py:1032} INFO - Dependencies all met for <TaskInstance: fhv_gcs_dag.delete_the_local_file scheduled__2019-12-02T00:00:00+00:00 [queued]>
[2022-02-03 18:19:52,237] {taskinstance.py:1238} INFO - 
--------------------------------------------------------------------------------
[2022-02-03 18:19:52,237] {taskinstance.py:1239} INFO - Starting attempt 1 of 2
[2022-02-03 18:19:52,237] {taskinstance.py:1240} INFO - 
--------------------------------------------------------------------------------
[2022-02-03 18:19:52,258] {taskinstance.py:1259} INFO - Executing <Task(BashOperator): delete_the_local_file> on 2019-12-02 00:00:00+00:00
[2022-02-03 18:19:52,265] {standard_task_runner.py:52} INFO - Started process 1335 to run task
[2022-02-03 18:19:52,272] {standard_task_runner.py:76} INFO - Running: ['***', 'tasks', 'run', 'fhv_gcs_dag', 'delete_the_local_file', 'scheduled__2019-12-02T00:00:00+00:00', '--job-id', '197', '--raw', '--subdir', 'DAGS_FOLDER/fhv_gcs_dag.py', '--cfg-path', '/tmp/tmp9vy441qv', '--error-file', '/tmp/tmpnf4diw04']
[2022-02-03 18:19:52,273] {standard_task_runner.py:77} INFO - Job 197: Subtask delete_the_local_file
[2022-02-03 18:19:52,365] {logging_mixin.py:109} INFO - Running <TaskInstance: fhv_gcs_dag.delete_the_local_file scheduled__2019-12-02T00:00:00+00:00 [running]> on host bd2f56b76e32
[2022-02-03 18:19:52,427] {warnings.py:110} WARNING - /home/***/.local/lib/python3.7/site-packages/***/utils/context.py:152: AirflowContextDeprecationWarning: Accessing 'execution_date' from the template is deprecated and will be removed in a future version. Please use 'data_interval_start' or 'logical_date' instead.
  warnings.warn(_create_deprecation_warning(key, self._deprecation_replacements[key]))

[2022-02-03 18:19:52,449] {taskinstance.py:1426} INFO - Exporting the following env vars:
AIRFLOW_CTX_DAG_OWNER=***
AIRFLOW_CTX_DAG_ID=fhv_gcs_dag
AIRFLOW_CTX_TASK_ID=delete_the_local_file
AIRFLOW_CTX_EXECUTION_DATE=2019-12-02T00:00:00+00:00
AIRFLOW_CTX_DAG_RUN_ID=scheduled__2019-12-02T00:00:00+00:00
[2022-02-03 18:19:52,450] {subprocess.py:62} INFO - Tmp dir root location: 
 /tmp
[2022-02-03 18:19:52,451] {subprocess.py:74} INFO - Running command: ['bash', '-c', 'rm /opt/***/output_2019-12.csv | rm /opt/***/output_2019-12.parquet']
[2022-02-03 18:19:52,463] {subprocess.py:85} INFO - Output:
[2022-02-03 18:19:52,486] {subprocess.py:93} INFO - Command exited with return code 0
[2022-02-03 18:19:52,517] {taskinstance.py:1277} INFO - Marking task as SUCCESS. dag_id=fhv_gcs_dag, task_id=delete_the_local_file, execution_date=20191202T000000, start_date=20220203T181952, end_date=20220203T181952
[2022-02-03 18:19:52,573] {local_task_job.py:154} INFO - Task exited with return code 0
[2022-02-03 18:19:52,628] {local_task_job.py:264} INFO - 0 downstream tasks scheduled from follow-on schedule check
