[2022-02-01 04:50:31,108] {processor.py:163} INFO - Started process (PID=49) to work on /opt/airflow/dags/data_ingestion_localDB_dag.py
[2022-02-01 04:50:31,109] {processor.py:642} INFO - Processing file /opt/airflow/dags/data_ingestion_localDB_dag.py for tasks to queue
[2022-02-01 04:50:31,110] {logging_mixin.py:109} INFO - [2022-02-01 04:50:31,110] {dagbag.py:500} INFO - Filling up the DagBag from /opt/airflow/dags/data_ingestion_localDB_dag.py
[2022-02-01 04:50:31,303] {processor.py:654} INFO - DAG(s) dict_keys(['data_ingestion_localDB_dag']) retrieved from /opt/airflow/dags/data_ingestion_localDB_dag.py
[2022-02-01 04:50:50,183] {logging_mixin.py:109} INFO - [2022-02-01 04:50:50,182] {manager.py:496} INFO - Created Permission View: can edit on DAG:data_ingestion_localDB_dag
[2022-02-01 04:50:50,219] {logging_mixin.py:109} INFO - [2022-02-01 04:50:50,219] {manager.py:496} INFO - Created Permission View: can read on DAG:data_ingestion_localDB_dag
[2022-02-01 04:50:50,219] {logging_mixin.py:109} INFO - [2022-02-01 04:50:50,219] {dag.py:2396} INFO - Sync 1 DAGs
[2022-02-01 04:50:50,250] {logging_mixin.py:109} INFO - [2022-02-01 04:50:50,249] {dag.py:2415} INFO - Creating ORM DAG for data_ingestion_localDB_dag
[2022-02-01 04:50:50,279] {logging_mixin.py:109} INFO - [2022-02-01 04:50:50,279] {dag.py:2935} INFO - Setting next_dagrun for data_ingestion_localDB_dag to 2022-01-31T00:00:00+00:00
[2022-02-01 04:50:50,299] {processor.py:171} INFO - Processing /opt/airflow/dags/data_ingestion_localDB_dag.py took 19.250 seconds
[2022-02-01 04:51:20,431] {processor.py:163} INFO - Started process (PID=90) to work on /opt/airflow/dags/data_ingestion_localDB_dag.py
[2022-02-01 04:51:20,435] {processor.py:642} INFO - Processing file /opt/airflow/dags/data_ingestion_localDB_dag.py for tasks to queue
[2022-02-01 04:51:20,437] {logging_mixin.py:109} INFO - [2022-02-01 04:51:20,436] {dagbag.py:500} INFO - Filling up the DagBag from /opt/airflow/dags/data_ingestion_localDB_dag.py
[2022-02-01 04:51:20,531] {processor.py:654} INFO - DAG(s) dict_keys(['data_ingestion_localDB_dag']) retrieved from /opt/airflow/dags/data_ingestion_localDB_dag.py
[2022-02-01 04:51:20,544] {logging_mixin.py:109} INFO - [2022-02-01 04:51:20,543] {dag.py:2396} INFO - Sync 1 DAGs
[2022-02-01 04:51:20,566] {logging_mixin.py:109} INFO - [2022-02-01 04:51:20,566] {dag.py:2935} INFO - Setting next_dagrun for data_ingestion_localDB_dag to 2022-01-31T00:00:00+00:00
[2022-02-01 04:51:20,576] {processor.py:171} INFO - Processing /opt/airflow/dags/data_ingestion_localDB_dag.py took 0.154 seconds
[2022-02-01 04:51:50,701] {processor.py:163} INFO - Started process (PID=117) to work on /opt/airflow/dags/data_ingestion_localDB_dag.py
[2022-02-01 04:51:50,703] {processor.py:642} INFO - Processing file /opt/airflow/dags/data_ingestion_localDB_dag.py for tasks to queue
[2022-02-01 04:51:50,704] {logging_mixin.py:109} INFO - [2022-02-01 04:51:50,703] {dagbag.py:500} INFO - Filling up the DagBag from /opt/airflow/dags/data_ingestion_localDB_dag.py
[2022-02-01 04:51:50,743] {processor.py:654} INFO - DAG(s) dict_keys(['data_ingestion_localDB_dag']) retrieved from /opt/airflow/dags/data_ingestion_localDB_dag.py
[2022-02-01 04:51:50,757] {logging_mixin.py:109} INFO - [2022-02-01 04:51:50,757] {dag.py:2396} INFO - Sync 1 DAGs
[2022-02-01 04:51:50,782] {logging_mixin.py:109} INFO - [2022-02-01 04:51:50,782] {dag.py:2935} INFO - Setting next_dagrun for data_ingestion_localDB_dag to 2022-01-31T00:00:00+00:00
[2022-02-01 04:51:50,799] {processor.py:171} INFO - Processing /opt/airflow/dags/data_ingestion_localDB_dag.py took 0.103 seconds
[2022-02-01 04:52:20,895] {processor.py:163} INFO - Started process (PID=142) to work on /opt/airflow/dags/data_ingestion_localDB_dag.py
[2022-02-01 04:52:20,896] {processor.py:642} INFO - Processing file /opt/airflow/dags/data_ingestion_localDB_dag.py for tasks to queue
[2022-02-01 04:52:20,897] {logging_mixin.py:109} INFO - [2022-02-01 04:52:20,897] {dagbag.py:500} INFO - Filling up the DagBag from /opt/airflow/dags/data_ingestion_localDB_dag.py
[2022-02-01 04:52:20,939] {processor.py:654} INFO - DAG(s) dict_keys(['data_ingestion_localDB_dag']) retrieved from /opt/airflow/dags/data_ingestion_localDB_dag.py
[2022-02-01 04:52:20,949] {logging_mixin.py:109} INFO - [2022-02-01 04:52:20,949] {dag.py:2396} INFO - Sync 1 DAGs
[2022-02-01 04:52:20,967] {logging_mixin.py:109} INFO - [2022-02-01 04:52:20,967] {dag.py:2935} INFO - Setting next_dagrun for data_ingestion_localDB_dag to 2022-01-31T00:00:00+00:00
[2022-02-01 04:52:20,977] {processor.py:171} INFO - Processing /opt/airflow/dags/data_ingestion_localDB_dag.py took 0.086 seconds
[2022-02-01 04:52:51,041] {processor.py:163} INFO - Started process (PID=162) to work on /opt/airflow/dags/data_ingestion_localDB_dag.py
[2022-02-01 04:52:51,043] {processor.py:642} INFO - Processing file /opt/airflow/dags/data_ingestion_localDB_dag.py for tasks to queue
[2022-02-01 04:52:51,044] {logging_mixin.py:109} INFO - [2022-02-01 04:52:51,043] {dagbag.py:500} INFO - Filling up the DagBag from /opt/airflow/dags/data_ingestion_localDB_dag.py
[2022-02-01 04:52:51,085] {processor.py:654} INFO - DAG(s) dict_keys(['data_ingestion_localDB_dag']) retrieved from /opt/airflow/dags/data_ingestion_localDB_dag.py
[2022-02-01 04:52:51,097] {logging_mixin.py:109} INFO - [2022-02-01 04:52:51,097] {dag.py:2396} INFO - Sync 1 DAGs
[2022-02-01 04:52:51,124] {logging_mixin.py:109} INFO - [2022-02-01 04:52:51,124] {dag.py:2935} INFO - Setting next_dagrun for data_ingestion_localDB_dag to 2022-01-31T00:00:00+00:00
[2022-02-01 04:52:51,136] {processor.py:171} INFO - Processing /opt/airflow/dags/data_ingestion_localDB_dag.py took 0.099 seconds
[2022-02-01 04:53:21,297] {processor.py:163} INFO - Started process (PID=196) to work on /opt/airflow/dags/data_ingestion_localDB_dag.py
[2022-02-01 04:53:21,299] {processor.py:642} INFO - Processing file /opt/airflow/dags/data_ingestion_localDB_dag.py for tasks to queue
[2022-02-01 04:53:21,300] {logging_mixin.py:109} INFO - [2022-02-01 04:53:21,300] {dagbag.py:500} INFO - Filling up the DagBag from /opt/airflow/dags/data_ingestion_localDB_dag.py
[2022-02-01 04:53:21,333] {processor.py:654} INFO - DAG(s) dict_keys(['data_ingestion_localDB_dag']) retrieved from /opt/airflow/dags/data_ingestion_localDB_dag.py
[2022-02-01 04:53:21,345] {logging_mixin.py:109} INFO - [2022-02-01 04:53:21,345] {dag.py:2396} INFO - Sync 1 DAGs
[2022-02-01 04:53:21,368] {logging_mixin.py:109} INFO - [2022-02-01 04:53:21,368] {dag.py:2935} INFO - Setting next_dagrun for data_ingestion_localDB_dag to 2022-01-31T00:00:00+00:00
[2022-02-01 04:53:21,378] {processor.py:171} INFO - Processing /opt/airflow/dags/data_ingestion_localDB_dag.py took 0.090 seconds
[2022-02-01 04:53:51,468] {processor.py:163} INFO - Started process (PID=230) to work on /opt/airflow/dags/data_ingestion_localDB_dag.py
[2022-02-01 04:53:51,472] {processor.py:642} INFO - Processing file /opt/airflow/dags/data_ingestion_localDB_dag.py for tasks to queue
[2022-02-01 04:53:51,480] {logging_mixin.py:109} INFO - [2022-02-01 04:53:51,480] {dagbag.py:500} INFO - Filling up the DagBag from /opt/airflow/dags/data_ingestion_localDB_dag.py
[2022-02-01 04:53:51,638] {processor.py:654} INFO - DAG(s) dict_keys(['data_ingestion_localDB_dag']) retrieved from /opt/airflow/dags/data_ingestion_localDB_dag.py
[2022-02-01 04:53:51,661] {logging_mixin.py:109} INFO - [2022-02-01 04:53:51,660] {dag.py:2396} INFO - Sync 1 DAGs
[2022-02-01 04:53:51,723] {logging_mixin.py:109} INFO - [2022-02-01 04:53:51,723] {dag.py:2935} INFO - Setting next_dagrun for data_ingestion_localDB_dag to 2022-01-31T00:00:00+00:00
[2022-02-01 04:53:51,763] {processor.py:171} INFO - Processing /opt/airflow/dags/data_ingestion_localDB_dag.py took 0.309 seconds
[2022-02-01 04:54:21,852] {processor.py:163} INFO - Started process (PID=255) to work on /opt/airflow/dags/data_ingestion_localDB_dag.py
[2022-02-01 04:54:21,855] {processor.py:642} INFO - Processing file /opt/airflow/dags/data_ingestion_localDB_dag.py for tasks to queue
[2022-02-01 04:54:21,856] {logging_mixin.py:109} INFO - [2022-02-01 04:54:21,856] {dagbag.py:500} INFO - Filling up the DagBag from /opt/airflow/dags/data_ingestion_localDB_dag.py
[2022-02-01 04:54:21,913] {processor.py:654} INFO - DAG(s) dict_keys(['data_ingestion_localDB_dag']) retrieved from /opt/airflow/dags/data_ingestion_localDB_dag.py
[2022-02-01 04:54:21,937] {logging_mixin.py:109} INFO - [2022-02-01 04:54:21,937] {dag.py:2396} INFO - Sync 1 DAGs
[2022-02-01 04:54:21,983] {logging_mixin.py:109} INFO - [2022-02-01 04:54:21,983] {dag.py:2935} INFO - Setting next_dagrun for data_ingestion_localDB_dag to 2022-01-31T00:00:00+00:00
[2022-02-01 04:54:22,003] {processor.py:171} INFO - Processing /opt/airflow/dags/data_ingestion_localDB_dag.py took 0.155 seconds
[2022-02-01 04:54:52,128] {processor.py:163} INFO - Started process (PID=280) to work on /opt/airflow/dags/data_ingestion_localDB_dag.py
[2022-02-01 04:54:52,131] {processor.py:642} INFO - Processing file /opt/airflow/dags/data_ingestion_localDB_dag.py for tasks to queue
[2022-02-01 04:54:52,132] {logging_mixin.py:109} INFO - [2022-02-01 04:54:52,132] {dagbag.py:500} INFO - Filling up the DagBag from /opt/airflow/dags/data_ingestion_localDB_dag.py
[2022-02-01 04:54:52,184] {processor.py:654} INFO - DAG(s) dict_keys(['data_ingestion_localDB_dag']) retrieved from /opt/airflow/dags/data_ingestion_localDB_dag.py
[2022-02-01 04:54:52,201] {logging_mixin.py:109} INFO - [2022-02-01 04:54:52,201] {dag.py:2396} INFO - Sync 1 DAGs
[2022-02-01 04:54:52,265] {logging_mixin.py:109} INFO - [2022-02-01 04:54:52,265] {dag.py:2935} INFO - Setting next_dagrun for data_ingestion_localDB_dag to 2022-01-31T00:00:00+00:00
[2022-02-01 04:54:52,324] {processor.py:171} INFO - Processing /opt/airflow/dags/data_ingestion_localDB_dag.py took 0.202 seconds
[2022-02-01 04:55:22,569] {processor.py:163} INFO - Started process (PID=304) to work on /opt/airflow/dags/data_ingestion_localDB_dag.py
[2022-02-01 04:55:22,574] {processor.py:642} INFO - Processing file /opt/airflow/dags/data_ingestion_localDB_dag.py for tasks to queue
[2022-02-01 04:55:22,577] {logging_mixin.py:109} INFO - [2022-02-01 04:55:22,576] {dagbag.py:500} INFO - Filling up the DagBag from /opt/airflow/dags/data_ingestion_localDB_dag.py
[2022-02-01 04:55:22,697] {processor.py:654} INFO - DAG(s) dict_keys(['data_ingestion_localDB_dag']) retrieved from /opt/airflow/dags/data_ingestion_localDB_dag.py
[2022-02-01 04:55:22,722] {logging_mixin.py:109} INFO - [2022-02-01 04:55:22,722] {dag.py:2396} INFO - Sync 1 DAGs
[2022-02-01 04:55:22,753] {logging_mixin.py:109} INFO - [2022-02-01 04:55:22,753] {dag.py:2935} INFO - Setting next_dagrun for data_ingestion_localDB_dag to 2022-01-31T00:00:00+00:00
[2022-02-01 04:55:22,765] {processor.py:171} INFO - Processing /opt/airflow/dags/data_ingestion_localDB_dag.py took 0.206 seconds
[2022-02-01 04:55:52,930] {processor.py:163} INFO - Started process (PID=329) to work on /opt/airflow/dags/data_ingestion_localDB_dag.py
[2022-02-01 04:55:52,934] {processor.py:642} INFO - Processing file /opt/airflow/dags/data_ingestion_localDB_dag.py for tasks to queue
[2022-02-01 04:55:52,936] {logging_mixin.py:109} INFO - [2022-02-01 04:55:52,936] {dagbag.py:500} INFO - Filling up the DagBag from /opt/airflow/dags/data_ingestion_localDB_dag.py
[2022-02-01 04:55:53,007] {processor.py:654} INFO - DAG(s) dict_keys(['data_ingestion_localDB_dag']) retrieved from /opt/airflow/dags/data_ingestion_localDB_dag.py
[2022-02-01 04:55:53,024] {logging_mixin.py:109} INFO - [2022-02-01 04:55:53,024] {dag.py:2396} INFO - Sync 1 DAGs
[2022-02-01 04:55:53,054] {logging_mixin.py:109} INFO - [2022-02-01 04:55:53,053] {dag.py:2935} INFO - Setting next_dagrun for data_ingestion_localDB_dag to 2022-01-31T00:00:00+00:00
[2022-02-01 04:55:53,067] {processor.py:171} INFO - Processing /opt/airflow/dags/data_ingestion_localDB_dag.py took 0.150 seconds
[2022-02-01 04:56:23,174] {processor.py:163} INFO - Started process (PID=353) to work on /opt/airflow/dags/data_ingestion_localDB_dag.py
[2022-02-01 04:56:23,176] {processor.py:642} INFO - Processing file /opt/airflow/dags/data_ingestion_localDB_dag.py for tasks to queue
[2022-02-01 04:56:23,177] {logging_mixin.py:109} INFO - [2022-02-01 04:56:23,177] {dagbag.py:500} INFO - Filling up the DagBag from /opt/airflow/dags/data_ingestion_localDB_dag.py
[2022-02-01 04:56:23,206] {processor.py:654} INFO - DAG(s) dict_keys(['data_ingestion_localDB_dag']) retrieved from /opt/airflow/dags/data_ingestion_localDB_dag.py
[2022-02-01 04:56:23,214] {logging_mixin.py:109} INFO - [2022-02-01 04:56:23,214] {dag.py:2396} INFO - Sync 1 DAGs
[2022-02-01 04:56:23,232] {logging_mixin.py:109} INFO - [2022-02-01 04:56:23,232] {dag.py:2935} INFO - Setting next_dagrun for data_ingestion_localDB_dag to 2022-01-31T00:00:00+00:00
[2022-02-01 04:56:23,241] {processor.py:171} INFO - Processing /opt/airflow/dags/data_ingestion_localDB_dag.py took 0.072 seconds
[2022-02-01 04:56:53,390] {processor.py:163} INFO - Started process (PID=378) to work on /opt/airflow/dags/data_ingestion_localDB_dag.py
[2022-02-01 04:56:53,392] {processor.py:642} INFO - Processing file /opt/airflow/dags/data_ingestion_localDB_dag.py for tasks to queue
[2022-02-01 04:56:53,392] {logging_mixin.py:109} INFO - [2022-02-01 04:56:53,392] {dagbag.py:500} INFO - Filling up the DagBag from /opt/airflow/dags/data_ingestion_localDB_dag.py
[2022-02-01 04:56:53,436] {processor.py:654} INFO - DAG(s) dict_keys(['data_ingestion_localDB_dag']) retrieved from /opt/airflow/dags/data_ingestion_localDB_dag.py
[2022-02-01 04:56:53,449] {logging_mixin.py:109} INFO - [2022-02-01 04:56:53,449] {dag.py:2396} INFO - Sync 1 DAGs
[2022-02-01 04:56:53,479] {logging_mixin.py:109} INFO - [2022-02-01 04:56:53,479] {dag.py:2935} INFO - Setting next_dagrun for data_ingestion_localDB_dag to 2022-01-31T00:00:00+00:00
[2022-02-01 04:56:53,499] {processor.py:171} INFO - Processing /opt/airflow/dags/data_ingestion_localDB_dag.py took 0.113 seconds
[2022-02-01 04:57:23,610] {processor.py:163} INFO - Started process (PID=404) to work on /opt/airflow/dags/data_ingestion_localDB_dag.py
[2022-02-01 04:57:23,613] {processor.py:642} INFO - Processing file /opt/airflow/dags/data_ingestion_localDB_dag.py for tasks to queue
[2022-02-01 04:57:23,614] {logging_mixin.py:109} INFO - [2022-02-01 04:57:23,613] {dagbag.py:500} INFO - Filling up the DagBag from /opt/airflow/dags/data_ingestion_localDB_dag.py
[2022-02-01 04:57:23,653] {processor.py:654} INFO - DAG(s) dict_keys(['data_ingestion_localDB_dag']) retrieved from /opt/airflow/dags/data_ingestion_localDB_dag.py
[2022-02-01 04:57:23,664] {logging_mixin.py:109} INFO - [2022-02-01 04:57:23,663] {dag.py:2396} INFO - Sync 1 DAGs
[2022-02-01 04:57:23,688] {logging_mixin.py:109} INFO - [2022-02-01 04:57:23,688] {dag.py:2935} INFO - Setting next_dagrun for data_ingestion_localDB_dag to 2022-01-31T00:00:00+00:00
[2022-02-01 04:57:23,703] {processor.py:171} INFO - Processing /opt/airflow/dags/data_ingestion_localDB_dag.py took 0.098 seconds
[2022-02-01 04:57:53,783] {processor.py:163} INFO - Started process (PID=428) to work on /opt/airflow/dags/data_ingestion_localDB_dag.py
[2022-02-01 04:57:53,785] {processor.py:642} INFO - Processing file /opt/airflow/dags/data_ingestion_localDB_dag.py for tasks to queue
[2022-02-01 04:57:53,786] {logging_mixin.py:109} INFO - [2022-02-01 04:57:53,786] {dagbag.py:500} INFO - Filling up the DagBag from /opt/airflow/dags/data_ingestion_localDB_dag.py
[2022-02-01 04:57:53,819] {processor.py:654} INFO - DAG(s) dict_keys(['data_ingestion_localDB_dag']) retrieved from /opt/airflow/dags/data_ingestion_localDB_dag.py
[2022-02-01 04:57:53,829] {logging_mixin.py:109} INFO - [2022-02-01 04:57:53,829] {dag.py:2396} INFO - Sync 1 DAGs
[2022-02-01 04:57:53,855] {logging_mixin.py:109} INFO - [2022-02-01 04:57:53,855] {dag.py:2935} INFO - Setting next_dagrun for data_ingestion_localDB_dag to 2022-01-31T00:00:00+00:00
[2022-02-01 04:57:53,869] {processor.py:171} INFO - Processing /opt/airflow/dags/data_ingestion_localDB_dag.py took 0.089 seconds
[2022-02-01 04:58:23,925] {processor.py:163} INFO - Started process (PID=452) to work on /opt/airflow/dags/data_ingestion_localDB_dag.py
[2022-02-01 04:58:23,927] {processor.py:642} INFO - Processing file /opt/airflow/dags/data_ingestion_localDB_dag.py for tasks to queue
[2022-02-01 04:58:23,928] {logging_mixin.py:109} INFO - [2022-02-01 04:58:23,928] {dagbag.py:500} INFO - Filling up the DagBag from /opt/airflow/dags/data_ingestion_localDB_dag.py
[2022-02-01 04:58:23,956] {processor.py:654} INFO - DAG(s) dict_keys(['data_ingestion_localDB_dag']) retrieved from /opt/airflow/dags/data_ingestion_localDB_dag.py
[2022-02-01 04:58:23,965] {logging_mixin.py:109} INFO - [2022-02-01 04:58:23,965] {dag.py:2396} INFO - Sync 1 DAGs
[2022-02-01 04:58:23,984] {logging_mixin.py:109} INFO - [2022-02-01 04:58:23,984] {dag.py:2935} INFO - Setting next_dagrun for data_ingestion_localDB_dag to 2022-01-31T00:00:00+00:00
[2022-02-01 04:58:23,994] {processor.py:171} INFO - Processing /opt/airflow/dags/data_ingestion_localDB_dag.py took 0.073 seconds
[2022-02-01 04:58:54,195] {processor.py:163} INFO - Started process (PID=471) to work on /opt/airflow/dags/data_ingestion_localDB_dag.py
[2022-02-01 04:58:54,200] {processor.py:642} INFO - Processing file /opt/airflow/dags/data_ingestion_localDB_dag.py for tasks to queue
[2022-02-01 04:58:54,201] {logging_mixin.py:109} INFO - [2022-02-01 04:58:54,201] {dagbag.py:500} INFO - Filling up the DagBag from /opt/airflow/dags/data_ingestion_localDB_dag.py
[2022-02-01 04:58:54,278] {processor.py:654} INFO - DAG(s) dict_keys(['data_ingestion_localDB_dag']) retrieved from /opt/airflow/dags/data_ingestion_localDB_dag.py
[2022-02-01 04:58:54,325] {logging_mixin.py:109} INFO - [2022-02-01 04:58:54,325] {dag.py:2396} INFO - Sync 1 DAGs
[2022-02-01 04:58:54,372] {logging_mixin.py:109} INFO - [2022-02-01 04:58:54,372] {dag.py:2935} INFO - Setting next_dagrun for data_ingestion_localDB_dag to 2022-01-31T00:00:00+00:00
[2022-02-01 04:58:54,407] {processor.py:171} INFO - Processing /opt/airflow/dags/data_ingestion_localDB_dag.py took 0.217 seconds
[2022-02-01 04:59:24,599] {processor.py:163} INFO - Started process (PID=503) to work on /opt/airflow/dags/data_ingestion_localDB_dag.py
[2022-02-01 04:59:24,601] {processor.py:642} INFO - Processing file /opt/airflow/dags/data_ingestion_localDB_dag.py for tasks to queue
[2022-02-01 04:59:24,602] {logging_mixin.py:109} INFO - [2022-02-01 04:59:24,602] {dagbag.py:500} INFO - Filling up the DagBag from /opt/airflow/dags/data_ingestion_localDB_dag.py
[2022-02-01 04:59:24,643] {processor.py:654} INFO - DAG(s) dict_keys(['data_ingestion_localDB_dag']) retrieved from /opt/airflow/dags/data_ingestion_localDB_dag.py
[2022-02-01 04:59:24,655] {logging_mixin.py:109} INFO - [2022-02-01 04:59:24,655] {dag.py:2396} INFO - Sync 1 DAGs
[2022-02-01 04:59:24,681] {logging_mixin.py:109} INFO - [2022-02-01 04:59:24,681] {dag.py:2935} INFO - Setting next_dagrun for data_ingestion_localDB_dag to 2022-01-31T00:00:00+00:00
[2022-02-01 04:59:24,694] {processor.py:171} INFO - Processing /opt/airflow/dags/data_ingestion_localDB_dag.py took 0.100 seconds
[2022-02-01 04:59:54,860] {processor.py:163} INFO - Started process (PID=529) to work on /opt/airflow/dags/data_ingestion_localDB_dag.py
[2022-02-01 04:59:54,864] {processor.py:642} INFO - Processing file /opt/airflow/dags/data_ingestion_localDB_dag.py for tasks to queue
[2022-02-01 04:59:54,866] {logging_mixin.py:109} INFO - [2022-02-01 04:59:54,866] {dagbag.py:500} INFO - Filling up the DagBag from /opt/airflow/dags/data_ingestion_localDB_dag.py
[2022-02-01 04:59:54,915] {processor.py:654} INFO - DAG(s) dict_keys(['data_ingestion_localDB_dag']) retrieved from /opt/airflow/dags/data_ingestion_localDB_dag.py
[2022-02-01 04:59:54,925] {logging_mixin.py:109} INFO - [2022-02-01 04:59:54,925] {dag.py:2396} INFO - Sync 1 DAGs
[2022-02-01 04:59:54,944] {logging_mixin.py:109} INFO - [2022-02-01 04:59:54,943] {dag.py:2935} INFO - Setting next_dagrun for data_ingestion_localDB_dag to 2022-01-31T00:00:00+00:00
[2022-02-01 04:59:54,953] {processor.py:171} INFO - Processing /opt/airflow/dags/data_ingestion_localDB_dag.py took 0.101 seconds
[2022-02-01 05:00:25,004] {processor.py:163} INFO - Started process (PID=553) to work on /opt/airflow/dags/data_ingestion_localDB_dag.py
[2022-02-01 05:00:25,014] {processor.py:642} INFO - Processing file /opt/airflow/dags/data_ingestion_localDB_dag.py for tasks to queue
[2022-02-01 05:00:25,015] {logging_mixin.py:109} INFO - [2022-02-01 05:00:25,015] {dagbag.py:500} INFO - Filling up the DagBag from /opt/airflow/dags/data_ingestion_localDB_dag.py
[2022-02-01 05:00:25,082] {processor.py:654} INFO - DAG(s) dict_keys(['data_ingestion_localDB_dag']) retrieved from /opt/airflow/dags/data_ingestion_localDB_dag.py
[2022-02-01 05:00:25,107] {logging_mixin.py:109} INFO - [2022-02-01 05:00:25,107] {dag.py:2396} INFO - Sync 1 DAGs
[2022-02-01 05:00:25,166] {logging_mixin.py:109} INFO - [2022-02-01 05:00:25,166] {dag.py:2935} INFO - Setting next_dagrun for data_ingestion_localDB_dag to 2022-01-31T00:00:00+00:00
[2022-02-01 05:00:25,195] {processor.py:171} INFO - Processing /opt/airflow/dags/data_ingestion_localDB_dag.py took 0.194 seconds
[2022-02-01 05:00:55,231] {processor.py:163} INFO - Started process (PID=578) to work on /opt/airflow/dags/data_ingestion_localDB_dag.py
[2022-02-01 05:00:55,236] {processor.py:642} INFO - Processing file /opt/airflow/dags/data_ingestion_localDB_dag.py for tasks to queue
[2022-02-01 05:00:55,237] {logging_mixin.py:109} INFO - [2022-02-01 05:00:55,237] {dagbag.py:500} INFO - Filling up the DagBag from /opt/airflow/dags/data_ingestion_localDB_dag.py
[2022-02-01 05:00:55,310] {processor.py:654} INFO - DAG(s) dict_keys(['data_ingestion_localDB_dag']) retrieved from /opt/airflow/dags/data_ingestion_localDB_dag.py
[2022-02-01 05:00:55,330] {logging_mixin.py:109} INFO - [2022-02-01 05:00:55,330] {dag.py:2396} INFO - Sync 1 DAGs
[2022-02-01 05:00:55,357] {logging_mixin.py:109} INFO - [2022-02-01 05:00:55,357] {dag.py:2935} INFO - Setting next_dagrun for data_ingestion_localDB_dag to 2022-01-31T00:00:00+00:00
[2022-02-01 05:00:55,376] {processor.py:171} INFO - Processing /opt/airflow/dags/data_ingestion_localDB_dag.py took 0.149 seconds
[2022-02-01 05:01:25,493] {processor.py:163} INFO - Started process (PID=606) to work on /opt/airflow/dags/data_ingestion_localDB_dag.py
[2022-02-01 05:01:25,495] {processor.py:642} INFO - Processing file /opt/airflow/dags/data_ingestion_localDB_dag.py for tasks to queue
[2022-02-01 05:01:25,495] {logging_mixin.py:109} INFO - [2022-02-01 05:01:25,495] {dagbag.py:500} INFO - Filling up the DagBag from /opt/airflow/dags/data_ingestion_localDB_dag.py
[2022-02-01 05:01:25,525] {processor.py:654} INFO - DAG(s) dict_keys(['data_ingestion_localDB_dag']) retrieved from /opt/airflow/dags/data_ingestion_localDB_dag.py
[2022-02-01 05:01:25,534] {logging_mixin.py:109} INFO - [2022-02-01 05:01:25,534] {dag.py:2396} INFO - Sync 1 DAGs
[2022-02-01 05:01:25,555] {logging_mixin.py:109} INFO - [2022-02-01 05:01:25,555] {dag.py:2935} INFO - Setting next_dagrun for data_ingestion_localDB_dag to 2022-01-31T00:00:00+00:00
[2022-02-01 05:01:25,566] {processor.py:171} INFO - Processing /opt/airflow/dags/data_ingestion_localDB_dag.py took 0.076 seconds
[2022-02-01 05:01:56,094] {processor.py:163} INFO - Started process (PID=621) to work on /opt/airflow/dags/data_ingestion_localDB_dag.py
[2022-02-01 05:01:56,123] {processor.py:642} INFO - Processing file /opt/airflow/dags/data_ingestion_localDB_dag.py for tasks to queue
[2022-02-01 05:01:56,124] {logging_mixin.py:109} INFO - [2022-02-01 05:01:56,124] {dagbag.py:500} INFO - Filling up the DagBag from /opt/airflow/dags/data_ingestion_localDB_dag.py
[2022-02-01 05:01:56,659] {processor.py:654} INFO - DAG(s) dict_keys(['data_ingestion_localDB_dag']) retrieved from /opt/airflow/dags/data_ingestion_localDB_dag.py
[2022-02-01 05:01:56,768] {logging_mixin.py:109} INFO - [2022-02-01 05:01:56,768] {dag.py:2396} INFO - Sync 1 DAGs
[2022-02-01 05:01:56,901] {logging_mixin.py:109} INFO - [2022-02-01 05:01:56,901] {dag.py:2935} INFO - Setting next_dagrun for data_ingestion_localDB_dag to 2022-01-31T00:00:00+00:00
[2022-02-01 05:01:57,028] {processor.py:171} INFO - Processing /opt/airflow/dags/data_ingestion_localDB_dag.py took 0.936 seconds
[2022-02-01 05:02:50,371] {processor.py:163} INFO - Started process (PID=633) to work on /opt/airflow/dags/data_ingestion_localDB_dag.py
[2022-02-01 05:02:50,402] {processor.py:642} INFO - Processing file /opt/airflow/dags/data_ingestion_localDB_dag.py for tasks to queue
[2022-02-01 05:02:50,403] {logging_mixin.py:109} INFO - [2022-02-01 05:02:50,403] {dagbag.py:500} INFO - Filling up the DagBag from /opt/airflow/dags/data_ingestion_localDB_dag.py
[2022-02-01 05:02:51,562] {processor.py:654} INFO - DAG(s) dict_keys(['data_ingestion_localDB_dag']) retrieved from /opt/airflow/dags/data_ingestion_localDB_dag.py
[2022-02-01 05:02:51,694] {logging_mixin.py:109} INFO - [2022-02-01 05:02:51,694] {dag.py:2396} INFO - Sync 1 DAGs
[2022-02-01 05:02:52,105] {logging_mixin.py:109} INFO - [2022-02-01 05:02:52,083] {dag.py:2935} INFO - Setting next_dagrun for data_ingestion_localDB_dag to 2022-01-31T00:00:00+00:00
[2022-02-01 05:02:52,262] {processor.py:171} INFO - Processing /opt/airflow/dags/data_ingestion_localDB_dag.py took 1.938 seconds
[2022-02-01 05:05:07,047] {processor.py:163} INFO - Started process (PID=638) to work on /opt/airflow/dags/data_ingestion_localDB_dag.py
[2022-02-01 05:05:07,060] {processor.py:642} INFO - Processing file /opt/airflow/dags/data_ingestion_localDB_dag.py for tasks to queue
[2022-02-01 05:05:07,061] {logging_mixin.py:109} INFO - [2022-02-01 05:05:07,060] {dagbag.py:500} INFO - Filling up the DagBag from /opt/airflow/dags/data_ingestion_localDB_dag.py
[2022-02-01 05:05:07,986] {processor.py:654} INFO - DAG(s) dict_keys(['data_ingestion_localDB_dag']) retrieved from /opt/airflow/dags/data_ingestion_localDB_dag.py
[2022-02-01 05:05:08,175] {logging_mixin.py:109} INFO - [2022-02-01 05:05:08,175] {dag.py:2396} INFO - Sync 1 DAGs
[2022-02-01 05:05:08,372] {logging_mixin.py:109} INFO - [2022-02-01 05:05:08,372] {dag.py:2935} INFO - Setting next_dagrun for data_ingestion_localDB_dag to 2022-01-31T00:00:00+00:00
[2022-02-01 05:05:08,446] {processor.py:171} INFO - Processing /opt/airflow/dags/data_ingestion_localDB_dag.py took 1.402 seconds
[2022-02-01 05:05:11,409] {processor.py:163} INFO - Started process (PID=641) to work on /opt/airflow/dags/data_ingestion_localDB_dag.py
[2022-02-01 05:05:11,425] {processor.py:642} INFO - Processing file /opt/airflow/dags/data_ingestion_localDB_dag.py for tasks to queue
[2022-02-01 05:05:11,427] {logging_mixin.py:109} INFO - [2022-02-01 05:05:11,427] {dagbag.py:500} INFO - Filling up the DagBag from /opt/airflow/dags/data_ingestion_localDB_dag.py
[2022-02-01 05:05:11,902] {processor.py:654} INFO - DAG(s) dict_keys(['data_ingestion_localDB_dag']) retrieved from /opt/airflow/dags/data_ingestion_localDB_dag.py
[2022-02-01 05:05:11,938] {logging_mixin.py:109} INFO - [2022-02-01 05:05:11,938] {dag.py:2396} INFO - Sync 1 DAGs
[2022-02-01 05:05:11,998] {logging_mixin.py:109} INFO - [2022-02-01 05:05:11,998] {dag.py:2935} INFO - Setting next_dagrun for data_ingestion_localDB_dag to 2022-01-31T00:00:00+00:00
[2022-02-01 05:05:12,091] {processor.py:171} INFO - Processing /opt/airflow/dags/data_ingestion_localDB_dag.py took 0.685 seconds
[2022-02-01 05:05:42,305] {processor.py:163} INFO - Started process (PID=666) to work on /opt/airflow/dags/data_ingestion_localDB_dag.py
[2022-02-01 05:05:42,307] {processor.py:642} INFO - Processing file /opt/airflow/dags/data_ingestion_localDB_dag.py for tasks to queue
[2022-02-01 05:05:42,308] {logging_mixin.py:109} INFO - [2022-02-01 05:05:42,308] {dagbag.py:500} INFO - Filling up the DagBag from /opt/airflow/dags/data_ingestion_localDB_dag.py
[2022-02-01 05:05:42,332] {processor.py:654} INFO - DAG(s) dict_keys(['data_ingestion_localDB_dag']) retrieved from /opt/airflow/dags/data_ingestion_localDB_dag.py
[2022-02-01 05:05:42,340] {logging_mixin.py:109} INFO - [2022-02-01 05:05:42,340] {dag.py:2396} INFO - Sync 1 DAGs
[2022-02-01 05:05:42,355] {logging_mixin.py:109} INFO - [2022-02-01 05:05:42,355] {dag.py:2935} INFO - Setting next_dagrun for data_ingestion_localDB_dag to 2022-01-31T00:00:00+00:00
[2022-02-01 05:05:42,363] {processor.py:171} INFO - Processing /opt/airflow/dags/data_ingestion_localDB_dag.py took 0.060 seconds
[2022-02-01 05:06:12,498] {processor.py:163} INFO - Started process (PID=691) to work on /opt/airflow/dags/data_ingestion_localDB_dag.py
[2022-02-01 05:06:12,500] {processor.py:642} INFO - Processing file /opt/airflow/dags/data_ingestion_localDB_dag.py for tasks to queue
[2022-02-01 05:06:12,501] {logging_mixin.py:109} INFO - [2022-02-01 05:06:12,501] {dagbag.py:500} INFO - Filling up the DagBag from /opt/airflow/dags/data_ingestion_localDB_dag.py
[2022-02-01 05:06:12,523] {processor.py:654} INFO - DAG(s) dict_keys(['data_ingestion_localDB_dag']) retrieved from /opt/airflow/dags/data_ingestion_localDB_dag.py
[2022-02-01 05:06:12,531] {logging_mixin.py:109} INFO - [2022-02-01 05:06:12,531] {dag.py:2396} INFO - Sync 1 DAGs
[2022-02-01 05:06:12,547] {logging_mixin.py:109} INFO - [2022-02-01 05:06:12,547] {dag.py:2935} INFO - Setting next_dagrun for data_ingestion_localDB_dag to 2022-01-31T00:00:00+00:00
[2022-02-01 05:06:12,555] {processor.py:171} INFO - Processing /opt/airflow/dags/data_ingestion_localDB_dag.py took 0.060 seconds
[2022-02-01 05:06:42,618] {processor.py:163} INFO - Started process (PID=725) to work on /opt/airflow/dags/data_ingestion_localDB_dag.py
[2022-02-01 05:06:42,622] {processor.py:642} INFO - Processing file /opt/airflow/dags/data_ingestion_localDB_dag.py for tasks to queue
[2022-02-01 05:06:42,623] {logging_mixin.py:109} INFO - [2022-02-01 05:06:42,623] {dagbag.py:500} INFO - Filling up the DagBag from /opt/airflow/dags/data_ingestion_localDB_dag.py
[2022-02-01 05:06:42,706] {processor.py:654} INFO - DAG(s) dict_keys(['data_ingestion_localDB_dag']) retrieved from /opt/airflow/dags/data_ingestion_localDB_dag.py
[2022-02-01 05:06:42,724] {logging_mixin.py:109} INFO - [2022-02-01 05:06:42,724] {dag.py:2396} INFO - Sync 1 DAGs
[2022-02-01 05:06:42,764] {logging_mixin.py:109} INFO - [2022-02-01 05:06:42,764] {dag.py:2935} INFO - Setting next_dagrun for data_ingestion_localDB_dag to 2022-01-31T00:00:00+00:00
[2022-02-01 05:06:42,789] {processor.py:171} INFO - Processing /opt/airflow/dags/data_ingestion_localDB_dag.py took 0.179 seconds
[2022-02-01 05:07:12,994] {processor.py:163} INFO - Started process (PID=749) to work on /opt/airflow/dags/data_ingestion_localDB_dag.py
[2022-02-01 05:07:12,996] {processor.py:642} INFO - Processing file /opt/airflow/dags/data_ingestion_localDB_dag.py for tasks to queue
[2022-02-01 05:07:12,997] {logging_mixin.py:109} INFO - [2022-02-01 05:07:12,997] {dagbag.py:500} INFO - Filling up the DagBag from /opt/airflow/dags/data_ingestion_localDB_dag.py
[2022-02-01 05:07:13,020] {processor.py:654} INFO - DAG(s) dict_keys(['data_ingestion_localDB_dag']) retrieved from /opt/airflow/dags/data_ingestion_localDB_dag.py
[2022-02-01 05:07:13,027] {logging_mixin.py:109} INFO - [2022-02-01 05:07:13,027] {dag.py:2396} INFO - Sync 1 DAGs
[2022-02-01 05:07:13,043] {logging_mixin.py:109} INFO - [2022-02-01 05:07:13,043] {dag.py:2935} INFO - Setting next_dagrun for data_ingestion_localDB_dag to 2022-01-31T00:00:00+00:00
[2022-02-01 05:07:13,052] {processor.py:171} INFO - Processing /opt/airflow/dags/data_ingestion_localDB_dag.py took 0.061 seconds
[2022-02-01 05:07:43,202] {processor.py:163} INFO - Started process (PID=774) to work on /opt/airflow/dags/data_ingestion_localDB_dag.py
[2022-02-01 05:07:43,203] {processor.py:642} INFO - Processing file /opt/airflow/dags/data_ingestion_localDB_dag.py for tasks to queue
[2022-02-01 05:07:43,204] {logging_mixin.py:109} INFO - [2022-02-01 05:07:43,204] {dagbag.py:500} INFO - Filling up the DagBag from /opt/airflow/dags/data_ingestion_localDB_dag.py
[2022-02-01 05:07:43,236] {processor.py:654} INFO - DAG(s) dict_keys(['data_ingestion_localDB_dag']) retrieved from /opt/airflow/dags/data_ingestion_localDB_dag.py
[2022-02-01 05:07:43,251] {logging_mixin.py:109} INFO - [2022-02-01 05:07:43,251] {dag.py:2396} INFO - Sync 1 DAGs
[2022-02-01 05:07:43,271] {logging_mixin.py:109} INFO - [2022-02-01 05:07:43,270] {dag.py:2935} INFO - Setting next_dagrun for data_ingestion_localDB_dag to 2022-01-31T00:00:00+00:00
[2022-02-01 05:07:43,282] {processor.py:171} INFO - Processing /opt/airflow/dags/data_ingestion_localDB_dag.py took 0.083 seconds
[2022-02-01 05:08:13,380] {processor.py:163} INFO - Started process (PID=802) to work on /opt/airflow/dags/data_ingestion_localDB_dag.py
[2022-02-01 05:08:13,382] {processor.py:642} INFO - Processing file /opt/airflow/dags/data_ingestion_localDB_dag.py for tasks to queue
[2022-02-01 05:08:13,383] {logging_mixin.py:109} INFO - [2022-02-01 05:08:13,383] {dagbag.py:500} INFO - Filling up the DagBag from /opt/airflow/dags/data_ingestion_localDB_dag.py
[2022-02-01 05:08:13,414] {processor.py:654} INFO - DAG(s) dict_keys(['data_ingestion_localDB_dag']) retrieved from /opt/airflow/dags/data_ingestion_localDB_dag.py
[2022-02-01 05:08:13,424] {logging_mixin.py:109} INFO - [2022-02-01 05:08:13,424] {dag.py:2396} INFO - Sync 1 DAGs
[2022-02-01 05:08:13,442] {logging_mixin.py:109} INFO - [2022-02-01 05:08:13,442] {dag.py:2935} INFO - Setting next_dagrun for data_ingestion_localDB_dag to 2022-01-31T00:00:00+00:00
[2022-02-01 05:08:13,456] {processor.py:171} INFO - Processing /opt/airflow/dags/data_ingestion_localDB_dag.py took 0.078 seconds
[2022-02-01 05:08:43,666] {processor.py:163} INFO - Started process (PID=837) to work on /opt/airflow/dags/data_ingestion_localDB_dag.py
[2022-02-01 05:08:43,695] {processor.py:642} INFO - Processing file /opt/airflow/dags/data_ingestion_localDB_dag.py for tasks to queue
[2022-02-01 05:08:43,695] {logging_mixin.py:109} INFO - [2022-02-01 05:08:43,695] {dagbag.py:500} INFO - Filling up the DagBag from /opt/airflow/dags/data_ingestion_localDB_dag.py
[2022-02-01 05:08:43,793] {processor.py:654} INFO - DAG(s) dict_keys(['data_ingestion_localDB_dag']) retrieved from /opt/airflow/dags/data_ingestion_localDB_dag.py
[2022-02-01 05:08:43,824] {logging_mixin.py:109} INFO - [2022-02-01 05:08:43,824] {dag.py:2396} INFO - Sync 1 DAGs
[2022-02-01 05:08:43,856] {logging_mixin.py:109} INFO - [2022-02-01 05:08:43,856] {dag.py:2935} INFO - Setting next_dagrun for data_ingestion_localDB_dag to 2022-01-31T00:00:00+00:00
[2022-02-01 05:08:43,866] {processor.py:171} INFO - Processing /opt/airflow/dags/data_ingestion_localDB_dag.py took 0.217 seconds
[2022-02-01 05:09:14,128] {processor.py:163} INFO - Started process (PID=860) to work on /opt/airflow/dags/data_ingestion_localDB_dag.py
[2022-02-01 05:09:14,147] {processor.py:642} INFO - Processing file /opt/airflow/dags/data_ingestion_localDB_dag.py for tasks to queue
[2022-02-01 05:09:14,148] {logging_mixin.py:109} INFO - [2022-02-01 05:09:14,148] {dagbag.py:500} INFO - Filling up the DagBag from /opt/airflow/dags/data_ingestion_localDB_dag.py
[2022-02-01 05:09:14,541] {processor.py:654} INFO - DAG(s) dict_keys(['data_ingestion_localDB_dag']) retrieved from /opt/airflow/dags/data_ingestion_localDB_dag.py
[2022-02-01 05:09:14,625] {logging_mixin.py:109} INFO - [2022-02-01 05:09:14,625] {dag.py:2396} INFO - Sync 1 DAGs
[2022-02-01 05:09:14,801] {logging_mixin.py:109} INFO - [2022-02-01 05:09:14,801] {dag.py:2935} INFO - Setting next_dagrun for data_ingestion_localDB_dag to 2022-01-31T00:00:00+00:00
[2022-02-01 05:09:14,907] {processor.py:171} INFO - Processing /opt/airflow/dags/data_ingestion_localDB_dag.py took 0.810 seconds
[2022-02-01 05:09:45,739] {processor.py:163} INFO - Started process (PID=885) to work on /opt/airflow/dags/data_ingestion_localDB_dag.py
[2022-02-01 05:09:45,754] {processor.py:642} INFO - Processing file /opt/airflow/dags/data_ingestion_localDB_dag.py for tasks to queue
[2022-02-01 05:09:45,755] {logging_mixin.py:109} INFO - [2022-02-01 05:09:45,755] {dagbag.py:500} INFO - Filling up the DagBag from /opt/airflow/dags/data_ingestion_localDB_dag.py
[2022-02-01 05:09:45,833] {processor.py:654} INFO - DAG(s) dict_keys(['data_ingestion_localDB_dag']) retrieved from /opt/airflow/dags/data_ingestion_localDB_dag.py
[2022-02-01 05:09:45,855] {logging_mixin.py:109} INFO - [2022-02-01 05:09:45,855] {dag.py:2396} INFO - Sync 1 DAGs
[2022-02-01 05:09:45,885] {logging_mixin.py:109} INFO - [2022-02-01 05:09:45,885] {dag.py:2935} INFO - Setting next_dagrun for data_ingestion_localDB_dag to 2022-01-31T00:00:00+00:00
[2022-02-01 05:09:45,905] {processor.py:171} INFO - Processing /opt/airflow/dags/data_ingestion_localDB_dag.py took 0.177 seconds
[2022-02-01 05:10:16,163] {processor.py:163} INFO - Started process (PID=900) to work on /opt/airflow/dags/data_ingestion_localDB_dag.py
[2022-02-01 05:10:16,165] {processor.py:642} INFO - Processing file /opt/airflow/dags/data_ingestion_localDB_dag.py for tasks to queue
[2022-02-01 05:10:16,166] {logging_mixin.py:109} INFO - [2022-02-01 05:10:16,166] {dagbag.py:500} INFO - Filling up the DagBag from /opt/airflow/dags/data_ingestion_localDB_dag.py
[2022-02-01 05:10:16,207] {processor.py:654} INFO - DAG(s) dict_keys(['data_ingestion_localDB_dag']) retrieved from /opt/airflow/dags/data_ingestion_localDB_dag.py
[2022-02-01 05:10:16,222] {logging_mixin.py:109} INFO - [2022-02-01 05:10:16,222] {dag.py:2396} INFO - Sync 1 DAGs
[2022-02-01 05:10:16,251] {logging_mixin.py:109} INFO - [2022-02-01 05:10:16,251] {dag.py:2935} INFO - Setting next_dagrun for data_ingestion_localDB_dag to 2022-01-31T00:00:00+00:00
[2022-02-01 05:10:16,263] {processor.py:171} INFO - Processing /opt/airflow/dags/data_ingestion_localDB_dag.py took 0.106 seconds
[2022-02-01 05:10:46,359] {processor.py:163} INFO - Started process (PID=925) to work on /opt/airflow/dags/data_ingestion_localDB_dag.py
[2022-02-01 05:10:46,360] {processor.py:642} INFO - Processing file /opt/airflow/dags/data_ingestion_localDB_dag.py for tasks to queue
[2022-02-01 05:10:46,361] {logging_mixin.py:109} INFO - [2022-02-01 05:10:46,361] {dagbag.py:500} INFO - Filling up the DagBag from /opt/airflow/dags/data_ingestion_localDB_dag.py
[2022-02-01 05:10:46,384] {processor.py:654} INFO - DAG(s) dict_keys(['data_ingestion_localDB_dag']) retrieved from /opt/airflow/dags/data_ingestion_localDB_dag.py
[2022-02-01 05:10:46,394] {logging_mixin.py:109} INFO - [2022-02-01 05:10:46,394] {dag.py:2396} INFO - Sync 1 DAGs
[2022-02-01 05:10:46,410] {logging_mixin.py:109} INFO - [2022-02-01 05:10:46,410] {dag.py:2935} INFO - Setting next_dagrun for data_ingestion_localDB_dag to 2022-01-31T00:00:00+00:00
[2022-02-01 05:10:46,420] {processor.py:171} INFO - Processing /opt/airflow/dags/data_ingestion_localDB_dag.py took 0.064 seconds
[2022-02-01 05:11:16,577] {processor.py:163} INFO - Started process (PID=959) to work on /opt/airflow/dags/data_ingestion_localDB_dag.py
[2022-02-01 05:11:16,579] {processor.py:642} INFO - Processing file /opt/airflow/dags/data_ingestion_localDB_dag.py for tasks to queue
[2022-02-01 05:11:16,580] {logging_mixin.py:109} INFO - [2022-02-01 05:11:16,579] {dagbag.py:500} INFO - Filling up the DagBag from /opt/airflow/dags/data_ingestion_localDB_dag.py
[2022-02-01 05:11:16,630] {processor.py:654} INFO - DAG(s) dict_keys(['data_ingestion_localDB_dag']) retrieved from /opt/airflow/dags/data_ingestion_localDB_dag.py
[2022-02-01 05:11:16,643] {logging_mixin.py:109} INFO - [2022-02-01 05:11:16,642] {dag.py:2396} INFO - Sync 1 DAGs
[2022-02-01 05:11:16,669] {logging_mixin.py:109} INFO - [2022-02-01 05:11:16,668] {dag.py:2935} INFO - Setting next_dagrun for data_ingestion_localDB_dag to 2022-01-31T00:00:00+00:00
[2022-02-01 05:11:16,681] {processor.py:171} INFO - Processing /opt/airflow/dags/data_ingestion_localDB_dag.py took 0.111 seconds
[2022-02-01 05:11:46,796] {processor.py:163} INFO - Started process (PID=986) to work on /opt/airflow/dags/data_ingestion_localDB_dag.py
[2022-02-01 05:11:46,798] {processor.py:642} INFO - Processing file /opt/airflow/dags/data_ingestion_localDB_dag.py for tasks to queue
[2022-02-01 05:11:46,799] {logging_mixin.py:109} INFO - [2022-02-01 05:11:46,799] {dagbag.py:500} INFO - Filling up the DagBag from /opt/airflow/dags/data_ingestion_localDB_dag.py
[2022-02-01 05:11:46,833] {processor.py:654} INFO - DAG(s) dict_keys(['data_ingestion_localDB_dag']) retrieved from /opt/airflow/dags/data_ingestion_localDB_dag.py
[2022-02-01 05:11:46,845] {logging_mixin.py:109} INFO - [2022-02-01 05:11:46,845] {dag.py:2396} INFO - Sync 1 DAGs
[2022-02-01 05:11:46,870] {logging_mixin.py:109} INFO - [2022-02-01 05:11:46,870] {dag.py:2935} INFO - Setting next_dagrun for data_ingestion_localDB_dag to 2022-01-31T00:00:00+00:00
[2022-02-01 05:11:46,885] {processor.py:171} INFO - Processing /opt/airflow/dags/data_ingestion_localDB_dag.py took 0.093 seconds
[2022-02-01 05:12:17,053] {processor.py:163} INFO - Started process (PID=1013) to work on /opt/airflow/dags/data_ingestion_localDB_dag.py
[2022-02-01 05:12:17,056] {processor.py:642} INFO - Processing file /opt/airflow/dags/data_ingestion_localDB_dag.py for tasks to queue
[2022-02-01 05:12:17,058] {logging_mixin.py:109} INFO - [2022-02-01 05:12:17,057] {dagbag.py:500} INFO - Filling up the DagBag from /opt/airflow/dags/data_ingestion_localDB_dag.py
[2022-02-01 05:12:17,098] {processor.py:654} INFO - DAG(s) dict_keys(['data_ingestion_localDB_dag']) retrieved from /opt/airflow/dags/data_ingestion_localDB_dag.py
[2022-02-01 05:12:17,112] {logging_mixin.py:109} INFO - [2022-02-01 05:12:17,112] {dag.py:2396} INFO - Sync 1 DAGs
[2022-02-01 05:12:17,144] {logging_mixin.py:109} INFO - [2022-02-01 05:12:17,144] {dag.py:2935} INFO - Setting next_dagrun for data_ingestion_localDB_dag to 2022-01-31T00:00:00+00:00
[2022-02-01 05:12:17,162] {processor.py:171} INFO - Processing /opt/airflow/dags/data_ingestion_localDB_dag.py took 0.116 seconds
[2022-02-01 05:12:47,220] {processor.py:163} INFO - Started process (PID=1038) to work on /opt/airflow/dags/data_ingestion_localDB_dag.py
[2022-02-01 05:12:47,224] {processor.py:642} INFO - Processing file /opt/airflow/dags/data_ingestion_localDB_dag.py for tasks to queue
[2022-02-01 05:12:47,226] {logging_mixin.py:109} INFO - [2022-02-01 05:12:47,225] {dagbag.py:500} INFO - Filling up the DagBag from /opt/airflow/dags/data_ingestion_localDB_dag.py
[2022-02-01 05:12:47,311] {processor.py:654} INFO - DAG(s) dict_keys(['data_ingestion_localDB_dag']) retrieved from /opt/airflow/dags/data_ingestion_localDB_dag.py
[2022-02-01 05:12:47,348] {logging_mixin.py:109} INFO - [2022-02-01 05:12:47,347] {dag.py:2396} INFO - Sync 1 DAGs
[2022-02-01 05:12:47,376] {logging_mixin.py:109} INFO - [2022-02-01 05:12:47,376] {dag.py:2935} INFO - Setting next_dagrun for data_ingestion_localDB_dag to 2022-01-31T00:00:00+00:00
[2022-02-01 05:12:47,386] {processor.py:171} INFO - Processing /opt/airflow/dags/data_ingestion_localDB_dag.py took 0.175 seconds
[2022-02-01 05:13:17,422] {processor.py:163} INFO - Started process (PID=1062) to work on /opt/airflow/dags/data_ingestion_localDB_dag.py
[2022-02-01 05:13:17,424] {processor.py:642} INFO - Processing file /opt/airflow/dags/data_ingestion_localDB_dag.py for tasks to queue
[2022-02-01 05:13:17,424] {logging_mixin.py:109} INFO - [2022-02-01 05:13:17,424] {dagbag.py:500} INFO - Filling up the DagBag from /opt/airflow/dags/data_ingestion_localDB_dag.py
[2022-02-01 05:13:17,447] {processor.py:654} INFO - DAG(s) dict_keys(['data_ingestion_localDB_dag']) retrieved from /opt/airflow/dags/data_ingestion_localDB_dag.py
[2022-02-01 05:13:17,455] {logging_mixin.py:109} INFO - [2022-02-01 05:13:17,455] {dag.py:2396} INFO - Sync 1 DAGs
[2022-02-01 05:13:17,471] {logging_mixin.py:109} INFO - [2022-02-01 05:13:17,471] {dag.py:2935} INFO - Setting next_dagrun for data_ingestion_localDB_dag to 2022-01-31T00:00:00+00:00
[2022-02-01 05:13:17,479] {processor.py:171} INFO - Processing /opt/airflow/dags/data_ingestion_localDB_dag.py took 0.060 seconds
[2022-02-01 05:13:47,658] {processor.py:163} INFO - Started process (PID=1085) to work on /opt/airflow/dags/data_ingestion_localDB_dag.py
[2022-02-01 05:13:47,663] {processor.py:642} INFO - Processing file /opt/airflow/dags/data_ingestion_localDB_dag.py for tasks to queue
[2022-02-01 05:13:47,664] {logging_mixin.py:109} INFO - [2022-02-01 05:13:47,664] {dagbag.py:500} INFO - Filling up the DagBag from /opt/airflow/dags/data_ingestion_localDB_dag.py
[2022-02-01 05:13:47,741] {processor.py:654} INFO - DAG(s) dict_keys(['data_ingestion_localDB_dag']) retrieved from /opt/airflow/dags/data_ingestion_localDB_dag.py
[2022-02-01 05:13:47,763] {logging_mixin.py:109} INFO - [2022-02-01 05:13:47,763] {dag.py:2396} INFO - Sync 1 DAGs
[2022-02-01 05:13:47,800] {logging_mixin.py:109} INFO - [2022-02-01 05:13:47,800] {dag.py:2935} INFO - Setting next_dagrun for data_ingestion_localDB_dag to 2022-01-31T00:00:00+00:00
[2022-02-01 05:13:47,818] {processor.py:171} INFO - Processing /opt/airflow/dags/data_ingestion_localDB_dag.py took 0.163 seconds
[2022-02-01 05:14:17,942] {processor.py:163} INFO - Started process (PID=1105) to work on /opt/airflow/dags/data_ingestion_localDB_dag.py
[2022-02-01 05:14:17,947] {processor.py:642} INFO - Processing file /opt/airflow/dags/data_ingestion_localDB_dag.py for tasks to queue
[2022-02-01 05:14:17,948] {logging_mixin.py:109} INFO - [2022-02-01 05:14:17,948] {dagbag.py:500} INFO - Filling up the DagBag from /opt/airflow/dags/data_ingestion_localDB_dag.py
[2022-02-01 05:14:17,992] {processor.py:654} INFO - DAG(s) dict_keys(['data_ingestion_localDB_dag']) retrieved from /opt/airflow/dags/data_ingestion_localDB_dag.py
[2022-02-01 05:14:18,008] {logging_mixin.py:109} INFO - [2022-02-01 05:14:18,008] {dag.py:2396} INFO - Sync 1 DAGs
[2022-02-01 05:14:18,045] {logging_mixin.py:109} INFO - [2022-02-01 05:14:18,045] {dag.py:2935} INFO - Setting next_dagrun for data_ingestion_localDB_dag to 2022-01-31T00:00:00+00:00
[2022-02-01 05:14:18,087] {processor.py:171} INFO - Processing /opt/airflow/dags/data_ingestion_localDB_dag.py took 0.152 seconds
[2022-02-01 05:14:48,313] {processor.py:163} INFO - Started process (PID=1131) to work on /opt/airflow/dags/data_ingestion_localDB_dag.py
[2022-02-01 05:14:48,323] {processor.py:642} INFO - Processing file /opt/airflow/dags/data_ingestion_localDB_dag.py for tasks to queue
[2022-02-01 05:14:48,324] {logging_mixin.py:109} INFO - [2022-02-01 05:14:48,324] {dagbag.py:500} INFO - Filling up the DagBag from /opt/airflow/dags/data_ingestion_localDB_dag.py
[2022-02-01 05:14:48,402] {processor.py:654} INFO - DAG(s) dict_keys(['data_ingestion_localDB_dag']) retrieved from /opt/airflow/dags/data_ingestion_localDB_dag.py
[2022-02-01 05:14:48,431] {logging_mixin.py:109} INFO - [2022-02-01 05:14:48,431] {dag.py:2396} INFO - Sync 1 DAGs
[2022-02-01 05:14:48,464] {logging_mixin.py:109} INFO - [2022-02-01 05:14:48,464] {dag.py:2935} INFO - Setting next_dagrun for data_ingestion_localDB_dag to 2022-01-31T00:00:00+00:00
[2022-02-01 05:14:48,478] {processor.py:171} INFO - Processing /opt/airflow/dags/data_ingestion_localDB_dag.py took 0.173 seconds
[2022-02-01 05:15:18,667] {processor.py:163} INFO - Started process (PID=1165) to work on /opt/airflow/dags/data_ingestion_localDB_dag.py
[2022-02-01 05:15:18,670] {processor.py:642} INFO - Processing file /opt/airflow/dags/data_ingestion_localDB_dag.py for tasks to queue
[2022-02-01 05:15:18,672] {logging_mixin.py:109} INFO - [2022-02-01 05:15:18,672] {dagbag.py:500} INFO - Filling up the DagBag from /opt/airflow/dags/data_ingestion_localDB_dag.py
[2022-02-01 05:15:18,727] {processor.py:654} INFO - DAG(s) dict_keys(['data_ingestion_localDB_dag']) retrieved from /opt/airflow/dags/data_ingestion_localDB_dag.py
[2022-02-01 05:15:18,749] {logging_mixin.py:109} INFO - [2022-02-01 05:15:18,748] {dag.py:2396} INFO - Sync 1 DAGs
[2022-02-01 05:15:18,797] {logging_mixin.py:109} INFO - [2022-02-01 05:15:18,797] {dag.py:2935} INFO - Setting next_dagrun for data_ingestion_localDB_dag to 2022-01-31T00:00:00+00:00
[2022-02-01 05:15:18,821] {processor.py:171} INFO - Processing /opt/airflow/dags/data_ingestion_localDB_dag.py took 0.159 seconds
[2022-02-01 05:15:49,013] {processor.py:163} INFO - Started process (PID=1190) to work on /opt/airflow/dags/data_ingestion_localDB_dag.py
[2022-02-01 05:15:49,015] {processor.py:642} INFO - Processing file /opt/airflow/dags/data_ingestion_localDB_dag.py for tasks to queue
[2022-02-01 05:15:49,017] {logging_mixin.py:109} INFO - [2022-02-01 05:15:49,016] {dagbag.py:500} INFO - Filling up the DagBag from /opt/airflow/dags/data_ingestion_localDB_dag.py
[2022-02-01 05:15:49,053] {processor.py:654} INFO - DAG(s) dict_keys(['data_ingestion_localDB_dag']) retrieved from /opt/airflow/dags/data_ingestion_localDB_dag.py
[2022-02-01 05:15:49,065] {logging_mixin.py:109} INFO - [2022-02-01 05:15:49,065] {dag.py:2396} INFO - Sync 1 DAGs
[2022-02-01 05:15:49,086] {logging_mixin.py:109} INFO - [2022-02-01 05:15:49,086] {dag.py:2935} INFO - Setting next_dagrun for data_ingestion_localDB_dag to 2022-01-31T00:00:00+00:00
[2022-02-01 05:15:49,095] {processor.py:171} INFO - Processing /opt/airflow/dags/data_ingestion_localDB_dag.py took 0.087 seconds
[2022-02-01 05:16:19,231] {processor.py:163} INFO - Started process (PID=1215) to work on /opt/airflow/dags/data_ingestion_localDB_dag.py
[2022-02-01 05:16:19,236] {processor.py:642} INFO - Processing file /opt/airflow/dags/data_ingestion_localDB_dag.py for tasks to queue
[2022-02-01 05:16:19,237] {logging_mixin.py:109} INFO - [2022-02-01 05:16:19,237] {dagbag.py:500} INFO - Filling up the DagBag from /opt/airflow/dags/data_ingestion_localDB_dag.py
[2022-02-01 05:16:19,304] {processor.py:654} INFO - DAG(s) dict_keys(['data_ingestion_localDB_dag']) retrieved from /opt/airflow/dags/data_ingestion_localDB_dag.py
[2022-02-01 05:16:19,337] {logging_mixin.py:109} INFO - [2022-02-01 05:16:19,336] {dag.py:2396} INFO - Sync 1 DAGs
[2022-02-01 05:16:19,375] {logging_mixin.py:109} INFO - [2022-02-01 05:16:19,374] {dag.py:2935} INFO - Setting next_dagrun for data_ingestion_localDB_dag to 2022-01-31T00:00:00+00:00
[2022-02-01 05:16:19,398] {processor.py:171} INFO - Processing /opt/airflow/dags/data_ingestion_localDB_dag.py took 0.179 seconds
[2022-02-01 05:16:49,451] {processor.py:163} INFO - Started process (PID=1239) to work on /opt/airflow/dags/data_ingestion_localDB_dag.py
[2022-02-01 05:16:49,454] {processor.py:642} INFO - Processing file /opt/airflow/dags/data_ingestion_localDB_dag.py for tasks to queue
[2022-02-01 05:16:49,455] {logging_mixin.py:109} INFO - [2022-02-01 05:16:49,455] {dagbag.py:500} INFO - Filling up the DagBag from /opt/airflow/dags/data_ingestion_localDB_dag.py
[2022-02-01 05:16:49,496] {processor.py:654} INFO - DAG(s) dict_keys(['data_ingestion_localDB_dag']) retrieved from /opt/airflow/dags/data_ingestion_localDB_dag.py
[2022-02-01 05:16:49,509] {logging_mixin.py:109} INFO - [2022-02-01 05:16:49,509] {dag.py:2396} INFO - Sync 1 DAGs
[2022-02-01 05:16:49,541] {logging_mixin.py:109} INFO - [2022-02-01 05:16:49,541] {dag.py:2935} INFO - Setting next_dagrun for data_ingestion_localDB_dag to 2022-01-31T00:00:00+00:00
[2022-02-01 05:16:49,559] {processor.py:171} INFO - Processing /opt/airflow/dags/data_ingestion_localDB_dag.py took 0.111 seconds
[2022-02-01 05:17:19,699] {processor.py:163} INFO - Started process (PID=1263) to work on /opt/airflow/dags/data_ingestion_localDB_dag.py
[2022-02-01 05:17:19,701] {processor.py:642} INFO - Processing file /opt/airflow/dags/data_ingestion_localDB_dag.py for tasks to queue
[2022-02-01 05:17:19,701] {logging_mixin.py:109} INFO - [2022-02-01 05:17:19,701] {dagbag.py:500} INFO - Filling up the DagBag from /opt/airflow/dags/data_ingestion_localDB_dag.py
[2022-02-01 05:17:19,732] {processor.py:654} INFO - DAG(s) dict_keys(['data_ingestion_localDB_dag']) retrieved from /opt/airflow/dags/data_ingestion_localDB_dag.py
[2022-02-01 05:17:19,743] {logging_mixin.py:109} INFO - [2022-02-01 05:17:19,743] {dag.py:2396} INFO - Sync 1 DAGs
[2022-02-01 05:17:19,762] {logging_mixin.py:109} INFO - [2022-02-01 05:17:19,761] {dag.py:2935} INFO - Setting next_dagrun for data_ingestion_localDB_dag to 2022-01-31T00:00:00+00:00
[2022-02-01 05:17:19,774] {processor.py:171} INFO - Processing /opt/airflow/dags/data_ingestion_localDB_dag.py took 0.080 seconds
[2022-02-01 05:17:49,959] {processor.py:163} INFO - Started process (PID=1295) to work on /opt/airflow/dags/data_ingestion_localDB_dag.py
[2022-02-01 05:17:49,963] {processor.py:642} INFO - Processing file /opt/airflow/dags/data_ingestion_localDB_dag.py for tasks to queue
[2022-02-01 05:17:49,965] {logging_mixin.py:109} INFO - [2022-02-01 05:17:49,964] {dagbag.py:500} INFO - Filling up the DagBag from /opt/airflow/dags/data_ingestion_localDB_dag.py
[2022-02-01 05:17:50,036] {processor.py:654} INFO - DAG(s) dict_keys(['data_ingestion_localDB_dag']) retrieved from /opt/airflow/dags/data_ingestion_localDB_dag.py
[2022-02-01 05:17:50,085] {logging_mixin.py:109} INFO - [2022-02-01 05:17:50,085] {dag.py:2396} INFO - Sync 1 DAGs
[2022-02-01 05:17:50,172] {logging_mixin.py:109} INFO - [2022-02-01 05:17:50,172] {dag.py:2935} INFO - Setting next_dagrun for data_ingestion_localDB_dag to 2022-01-31T00:00:00+00:00
[2022-02-01 05:17:50,202] {processor.py:171} INFO - Processing /opt/airflow/dags/data_ingestion_localDB_dag.py took 0.252 seconds
[2022-02-01 05:18:21,188] {processor.py:163} INFO - Started process (PID=1322) to work on /opt/airflow/dags/data_ingestion_localDB_dag.py
[2022-02-01 05:18:21,189] {processor.py:642} INFO - Processing file /opt/airflow/dags/data_ingestion_localDB_dag.py for tasks to queue
[2022-02-01 05:18:21,190] {logging_mixin.py:109} INFO - [2022-02-01 05:18:21,190] {dagbag.py:500} INFO - Filling up the DagBag from /opt/airflow/dags/data_ingestion_localDB_dag.py
[2022-02-01 05:18:21,213] {processor.py:654} INFO - DAG(s) dict_keys(['data_ingestion_localDB_dag']) retrieved from /opt/airflow/dags/data_ingestion_localDB_dag.py
[2022-02-01 05:18:21,222] {logging_mixin.py:109} INFO - [2022-02-01 05:18:21,222] {dag.py:2396} INFO - Sync 1 DAGs
[2022-02-01 05:18:21,239] {logging_mixin.py:109} INFO - [2022-02-01 05:18:21,239] {dag.py:2935} INFO - Setting next_dagrun for data_ingestion_localDB_dag to 2022-01-31T00:00:00+00:00
[2022-02-01 05:18:21,248] {processor.py:171} INFO - Processing /opt/airflow/dags/data_ingestion_localDB_dag.py took 0.063 seconds
[2022-02-01 05:18:51,367] {processor.py:163} INFO - Started process (PID=1352) to work on /opt/airflow/dags/data_ingestion_localDB_dag.py
[2022-02-01 05:18:51,371] {processor.py:642} INFO - Processing file /opt/airflow/dags/data_ingestion_localDB_dag.py for tasks to queue
[2022-02-01 05:18:51,374] {logging_mixin.py:109} INFO - [2022-02-01 05:18:51,373] {dagbag.py:500} INFO - Filling up the DagBag from /opt/airflow/dags/data_ingestion_localDB_dag.py
[2022-02-01 05:18:51,427] {processor.py:654} INFO - DAG(s) dict_keys(['data_ingestion_localDB_dag']) retrieved from /opt/airflow/dags/data_ingestion_localDB_dag.py
[2022-02-01 05:18:51,439] {logging_mixin.py:109} INFO - [2022-02-01 05:18:51,439] {dag.py:2396} INFO - Sync 1 DAGs
[2022-02-01 05:18:51,468] {logging_mixin.py:109} INFO - [2022-02-01 05:18:51,468] {dag.py:2935} INFO - Setting next_dagrun for data_ingestion_localDB_dag to 2022-01-31T00:00:00+00:00
[2022-02-01 05:18:51,481] {processor.py:171} INFO - Processing /opt/airflow/dags/data_ingestion_localDB_dag.py took 0.124 seconds
