[2022-02-01 04:50:30,994] {processor.py:163} INFO - Started process (PID=48) to work on /opt/airflow/dags/yellow_taxi_gcs_dag.py
[2022-02-01 04:50:31,002] {processor.py:642} INFO - Processing file /opt/airflow/dags/yellow_taxi_gcs_dag.py for tasks to queue
[2022-02-01 04:50:31,003] {logging_mixin.py:109} INFO - [2022-02-01 04:50:31,002] {dagbag.py:500} INFO - Filling up the DagBag from /opt/airflow/dags/yellow_taxi_gcs_dag.py
[2022-02-01 04:50:44,103] {logging_mixin.py:109} INFO - [2022-02-01 04:50:44,099] {dagbag.py:334} ERROR - Failed to import: /opt/airflow/dags/yellow_taxi_gcs_dag.py
Traceback (most recent call last):
  File "/home/airflow/.local/lib/python3.7/site-packages/airflow/models/dagbag.py", line 331, in _load_modules_from_file
    loader.exec_module(new_module)
  File "<frozen importlib._bootstrap_external>", line 728, in exec_module
  File "<frozen importlib._bootstrap>", line 219, in _call_with_frames_removed
  File "/opt/airflow/dags/yellow_taxi_gcs_dag.py", line 75, in <module>
    bash_command=f"curl -sS {dataset_url} > {path_to_local_home}/{dataset_file}"
NameError: name 'dataset_file' is not defined
[2022-02-01 04:50:44,241] {processor.py:656} WARNING - No viable dags retrieved from /opt/airflow/dags/yellow_taxi_gcs_dag.py
[2022-02-01 04:50:44,272] {processor.py:171} INFO - Processing /opt/airflow/dags/yellow_taxi_gcs_dag.py took 13.293 seconds
[2022-02-01 04:51:14,526] {processor.py:163} INFO - Started process (PID=85) to work on /opt/airflow/dags/yellow_taxi_gcs_dag.py
[2022-02-01 04:51:14,558] {processor.py:642} INFO - Processing file /opt/airflow/dags/yellow_taxi_gcs_dag.py for tasks to queue
[2022-02-01 04:51:14,559] {logging_mixin.py:109} INFO - [2022-02-01 04:51:14,558] {dagbag.py:500} INFO - Filling up the DagBag from /opt/airflow/dags/yellow_taxi_gcs_dag.py
[2022-02-01 04:51:17,345] {logging_mixin.py:109} INFO - [2022-02-01 04:51:17,344] {dagbag.py:334} ERROR - Failed to import: /opt/airflow/dags/yellow_taxi_gcs_dag.py
Traceback (most recent call last):
  File "/home/airflow/.local/lib/python3.7/site-packages/airflow/models/dagbag.py", line 331, in _load_modules_from_file
    loader.exec_module(new_module)
  File "<frozen importlib._bootstrap_external>", line 728, in exec_module
  File "<frozen importlib._bootstrap>", line 219, in _call_with_frames_removed
  File "/opt/airflow/dags/yellow_taxi_gcs_dag.py", line 75, in <module>
    bash_command=f"curl -sS {dataset_url} > {path_to_local_home}/{dataset_file}"
NameError: name 'dataset_file' is not defined
[2022-02-01 04:51:17,364] {processor.py:656} WARNING - No viable dags retrieved from /opt/airflow/dags/yellow_taxi_gcs_dag.py
[2022-02-01 04:51:17,376] {processor.py:171} INFO - Processing /opt/airflow/dags/yellow_taxi_gcs_dag.py took 2.871 seconds
[2022-02-01 04:51:47,674] {processor.py:163} INFO - Started process (PID=112) to work on /opt/airflow/dags/yellow_taxi_gcs_dag.py
[2022-02-01 04:51:47,676] {processor.py:642} INFO - Processing file /opt/airflow/dags/yellow_taxi_gcs_dag.py for tasks to queue
[2022-02-01 04:51:47,677] {logging_mixin.py:109} INFO - [2022-02-01 04:51:47,677] {dagbag.py:500} INFO - Filling up the DagBag from /opt/airflow/dags/yellow_taxi_gcs_dag.py
[2022-02-01 04:51:48,793] {logging_mixin.py:109} INFO - [2022-02-01 04:51:48,792] {dagbag.py:334} ERROR - Failed to import: /opt/airflow/dags/yellow_taxi_gcs_dag.py
Traceback (most recent call last):
  File "/home/airflow/.local/lib/python3.7/site-packages/airflow/models/dagbag.py", line 331, in _load_modules_from_file
    loader.exec_module(new_module)
  File "<frozen importlib._bootstrap_external>", line 728, in exec_module
  File "<frozen importlib._bootstrap>", line 219, in _call_with_frames_removed
  File "/opt/airflow/dags/yellow_taxi_gcs_dag.py", line 75, in <module>
    bash_command=f"curl -sS {dataset_url} > {path_to_local_home}/{dataset_file}"
NameError: name 'dataset_file' is not defined
[2022-02-01 04:51:48,811] {processor.py:656} WARNING - No viable dags retrieved from /opt/airflow/dags/yellow_taxi_gcs_dag.py
[2022-02-01 04:51:48,820] {processor.py:171} INFO - Processing /opt/airflow/dags/yellow_taxi_gcs_dag.py took 1.151 seconds
[2022-02-01 04:52:18,891] {processor.py:163} INFO - Started process (PID=137) to work on /opt/airflow/dags/yellow_taxi_gcs_dag.py
[2022-02-01 04:52:18,895] {processor.py:642} INFO - Processing file /opt/airflow/dags/yellow_taxi_gcs_dag.py for tasks to queue
[2022-02-01 04:52:18,897] {logging_mixin.py:109} INFO - [2022-02-01 04:52:18,896] {dagbag.py:500} INFO - Filling up the DagBag from /opt/airflow/dags/yellow_taxi_gcs_dag.py
[2022-02-01 04:52:20,127] {logging_mixin.py:109} INFO - [2022-02-01 04:52:20,126] {dagbag.py:334} ERROR - Failed to import: /opt/airflow/dags/yellow_taxi_gcs_dag.py
Traceback (most recent call last):
  File "/home/airflow/.local/lib/python3.7/site-packages/airflow/models/dagbag.py", line 331, in _load_modules_from_file
    loader.exec_module(new_module)
  File "<frozen importlib._bootstrap_external>", line 728, in exec_module
  File "<frozen importlib._bootstrap>", line 219, in _call_with_frames_removed
  File "/opt/airflow/dags/yellow_taxi_gcs_dag.py", line 75, in <module>
    bash_command=f"curl -sS {dataset_url} > {path_to_local_home}/{dataset_file}"
NameError: name 'dataset_file' is not defined
[2022-02-01 04:52:20,144] {processor.py:656} WARNING - No viable dags retrieved from /opt/airflow/dags/yellow_taxi_gcs_dag.py
[2022-02-01 04:52:20,159] {processor.py:171} INFO - Processing /opt/airflow/dags/yellow_taxi_gcs_dag.py took 1.276 seconds
[2022-02-01 04:52:51,035] {processor.py:163} INFO - Started process (PID=161) to work on /opt/airflow/dags/yellow_taxi_gcs_dag.py
[2022-02-01 04:52:51,037] {processor.py:642} INFO - Processing file /opt/airflow/dags/yellow_taxi_gcs_dag.py for tasks to queue
[2022-02-01 04:52:51,038] {logging_mixin.py:109} INFO - [2022-02-01 04:52:51,038] {dagbag.py:500} INFO - Filling up the DagBag from /opt/airflow/dags/yellow_taxi_gcs_dag.py
[2022-02-01 04:52:52,195] {logging_mixin.py:109} INFO - [2022-02-01 04:52:52,194] {dagbag.py:334} ERROR - Failed to import: /opt/airflow/dags/yellow_taxi_gcs_dag.py
Traceback (most recent call last):
  File "/home/airflow/.local/lib/python3.7/site-packages/airflow/models/dagbag.py", line 331, in _load_modules_from_file
    loader.exec_module(new_module)
  File "<frozen importlib._bootstrap_external>", line 728, in exec_module
  File "<frozen importlib._bootstrap>", line 219, in _call_with_frames_removed
  File "/opt/airflow/dags/yellow_taxi_gcs_dag.py", line 75, in <module>
    bash_command=f"curl -sS {dataset_url} > {path_to_local_home}/{dataset_file}"
NameError: name 'dataset_file' is not defined
[2022-02-01 04:52:52,211] {processor.py:656} WARNING - No viable dags retrieved from /opt/airflow/dags/yellow_taxi_gcs_dag.py
[2022-02-01 04:52:52,221] {processor.py:171} INFO - Processing /opt/airflow/dags/yellow_taxi_gcs_dag.py took 1.190 seconds
[2022-02-01 04:53:22,317] {processor.py:163} INFO - Started process (PID=197) to work on /opt/airflow/dags/yellow_taxi_gcs_dag.py
[2022-02-01 04:53:22,318] {processor.py:642} INFO - Processing file /opt/airflow/dags/yellow_taxi_gcs_dag.py for tasks to queue
[2022-02-01 04:53:22,320] {logging_mixin.py:109} INFO - [2022-02-01 04:53:22,320] {dagbag.py:500} INFO - Filling up the DagBag from /opt/airflow/dags/yellow_taxi_gcs_dag.py
[2022-02-01 04:53:23,217] {logging_mixin.py:109} INFO - [2022-02-01 04:53:23,216] {dagbag.py:334} ERROR - Failed to import: /opt/airflow/dags/yellow_taxi_gcs_dag.py
Traceback (most recent call last):
  File "/home/airflow/.local/lib/python3.7/site-packages/airflow/models/dagbag.py", line 331, in _load_modules_from_file
    loader.exec_module(new_module)
  File "<frozen importlib._bootstrap_external>", line 728, in exec_module
  File "<frozen importlib._bootstrap>", line 219, in _call_with_frames_removed
  File "/opt/airflow/dags/yellow_taxi_gcs_dag.py", line 75, in <module>
    bash_command=f"curl -sS {dataset_url} > {path_to_local_home}/{dataset_file}"
NameError: name 'dataset_file' is not defined
[2022-02-01 04:53:23,231] {processor.py:656} WARNING - No viable dags retrieved from /opt/airflow/dags/yellow_taxi_gcs_dag.py
[2022-02-01 04:53:23,240] {processor.py:171} INFO - Processing /opt/airflow/dags/yellow_taxi_gcs_dag.py took 0.930 seconds
[2022-02-01 04:53:29,295] {processor.py:163} INFO - Started process (PID=202) to work on /opt/airflow/dags/yellow_taxi_gcs_dag.py
[2022-02-01 04:53:29,296] {processor.py:642} INFO - Processing file /opt/airflow/dags/yellow_taxi_gcs_dag.py for tasks to queue
[2022-02-01 04:53:29,297] {logging_mixin.py:109} INFO - [2022-02-01 04:53:29,297] {dagbag.py:500} INFO - Filling up the DagBag from /opt/airflow/dags/yellow_taxi_gcs_dag.py
[2022-02-01 04:53:30,201] {processor.py:654} INFO - DAG(s) dict_keys(['yellow_taxi_gcs_dag']) retrieved from /opt/airflow/dags/yellow_taxi_gcs_dag.py
[2022-02-01 04:53:32,190] {logging_mixin.py:109} INFO - [2022-02-01 04:53:32,190] {manager.py:496} INFO - Created Permission View: can edit on DAG:yellow_taxi_gcs_dag
[2022-02-01 04:53:32,201] {logging_mixin.py:109} INFO - [2022-02-01 04:53:32,201] {manager.py:496} INFO - Created Permission View: can read on DAG:yellow_taxi_gcs_dag
[2022-02-01 04:53:32,202] {logging_mixin.py:109} INFO - [2022-02-01 04:53:32,202] {dag.py:2396} INFO - Sync 1 DAGs
[2022-02-01 04:53:32,212] {logging_mixin.py:109} INFO - [2022-02-01 04:53:32,211] {dag.py:2415} INFO - Creating ORM DAG for yellow_taxi_gcs_dag
[2022-02-01 04:53:32,228] {logging_mixin.py:109} INFO - [2022-02-01 04:53:32,227] {dag.py:2935} INFO - Setting next_dagrun for yellow_taxi_gcs_dag to 2022-01-31 00:00:00+00:00
[2022-02-01 04:53:32,246] {processor.py:171} INFO - Processing /opt/airflow/dags/yellow_taxi_gcs_dag.py took 2.958 seconds
[2022-02-01 04:54:02,522] {processor.py:163} INFO - Started process (PID=241) to work on /opt/airflow/dags/yellow_taxi_gcs_dag.py
[2022-02-01 04:54:02,526] {processor.py:642} INFO - Processing file /opt/airflow/dags/yellow_taxi_gcs_dag.py for tasks to queue
[2022-02-01 04:54:02,528] {logging_mixin.py:109} INFO - [2022-02-01 04:54:02,528] {dagbag.py:500} INFO - Filling up the DagBag from /opt/airflow/dags/yellow_taxi_gcs_dag.py
[2022-02-01 04:54:03,424] {processor.py:654} INFO - DAG(s) dict_keys(['yellow_taxi_gcs_dag']) retrieved from /opt/airflow/dags/yellow_taxi_gcs_dag.py
[2022-02-01 04:54:03,436] {logging_mixin.py:109} INFO - [2022-02-01 04:54:03,436] {dag.py:2396} INFO - Sync 1 DAGs
[2022-02-01 04:54:03,464] {processor.py:171} INFO - Processing /opt/airflow/dags/yellow_taxi_gcs_dag.py took 0.953 seconds
[2022-02-01 04:54:33,964] {processor.py:163} INFO - Started process (PID=265) to work on /opt/airflow/dags/yellow_taxi_gcs_dag.py
[2022-02-01 04:54:33,967] {processor.py:642} INFO - Processing file /opt/airflow/dags/yellow_taxi_gcs_dag.py for tasks to queue
[2022-02-01 04:54:33,968] {logging_mixin.py:109} INFO - [2022-02-01 04:54:33,968] {dagbag.py:500} INFO - Filling up the DagBag from /opt/airflow/dags/yellow_taxi_gcs_dag.py
[2022-02-01 04:54:35,393] {processor.py:654} INFO - DAG(s) dict_keys(['yellow_taxi_gcs_dag']) retrieved from /opt/airflow/dags/yellow_taxi_gcs_dag.py
[2022-02-01 04:54:35,407] {logging_mixin.py:109} INFO - [2022-02-01 04:54:35,406] {dag.py:2396} INFO - Sync 1 DAGs
[2022-02-01 04:54:35,442] {processor.py:171} INFO - Processing /opt/airflow/dags/yellow_taxi_gcs_dag.py took 1.484 seconds
[2022-02-01 04:55:06,277] {processor.py:163} INFO - Started process (PID=291) to work on /opt/airflow/dags/yellow_taxi_gcs_dag.py
[2022-02-01 04:55:06,286] {processor.py:642} INFO - Processing file /opt/airflow/dags/yellow_taxi_gcs_dag.py for tasks to queue
[2022-02-01 04:55:06,297] {logging_mixin.py:109} INFO - [2022-02-01 04:55:06,296] {dagbag.py:500} INFO - Filling up the DagBag from /opt/airflow/dags/yellow_taxi_gcs_dag.py
[2022-02-01 04:55:09,843] {processor.py:654} INFO - DAG(s) dict_keys(['yellow_taxi_gcs_dag']) retrieved from /opt/airflow/dags/yellow_taxi_gcs_dag.py
[2022-02-01 04:55:09,873] {logging_mixin.py:109} INFO - [2022-02-01 04:55:09,872] {dag.py:2396} INFO - Sync 1 DAGs
[2022-02-01 04:55:09,927] {processor.py:171} INFO - Processing /opt/airflow/dags/yellow_taxi_gcs_dag.py took 3.654 seconds
[2022-02-01 04:55:40,707] {processor.py:163} INFO - Started process (PID=315) to work on /opt/airflow/dags/yellow_taxi_gcs_dag.py
[2022-02-01 04:55:40,713] {processor.py:642} INFO - Processing file /opt/airflow/dags/yellow_taxi_gcs_dag.py for tasks to queue
[2022-02-01 04:55:40,717] {logging_mixin.py:109} INFO - [2022-02-01 04:55:40,717] {dagbag.py:500} INFO - Filling up the DagBag from /opt/airflow/dags/yellow_taxi_gcs_dag.py
[2022-02-01 04:55:42,221] {processor.py:654} INFO - DAG(s) dict_keys(['yellow_taxi_gcs_dag']) retrieved from /opt/airflow/dags/yellow_taxi_gcs_dag.py
[2022-02-01 04:55:42,231] {logging_mixin.py:109} INFO - [2022-02-01 04:55:42,230] {dag.py:2396} INFO - Sync 1 DAGs
[2022-02-01 04:55:42,261] {processor.py:171} INFO - Processing /opt/airflow/dags/yellow_taxi_gcs_dag.py took 1.569 seconds
[2022-02-01 04:56:13,076] {processor.py:163} INFO - Started process (PID=339) to work on /opt/airflow/dags/yellow_taxi_gcs_dag.py
[2022-02-01 04:56:13,078] {processor.py:642} INFO - Processing file /opt/airflow/dags/yellow_taxi_gcs_dag.py for tasks to queue
[2022-02-01 04:56:13,079] {logging_mixin.py:109} INFO - [2022-02-01 04:56:13,079] {dagbag.py:500} INFO - Filling up the DagBag from /opt/airflow/dags/yellow_taxi_gcs_dag.py
[2022-02-01 04:56:13,879] {processor.py:654} INFO - DAG(s) dict_keys(['yellow_taxi_gcs_dag']) retrieved from /opt/airflow/dags/yellow_taxi_gcs_dag.py
[2022-02-01 04:56:13,888] {logging_mixin.py:109} INFO - [2022-02-01 04:56:13,887] {dag.py:2396} INFO - Sync 1 DAGs
[2022-02-01 04:56:13,911] {processor.py:171} INFO - Processing /opt/airflow/dags/yellow_taxi_gcs_dag.py took 0.839 seconds
[2022-02-01 04:56:44,343] {processor.py:163} INFO - Started process (PID=371) to work on /opt/airflow/dags/yellow_taxi_gcs_dag.py
[2022-02-01 04:56:44,355] {processor.py:642} INFO - Processing file /opt/airflow/dags/yellow_taxi_gcs_dag.py for tasks to queue
[2022-02-01 04:56:44,358] {logging_mixin.py:109} INFO - [2022-02-01 04:56:44,357] {dagbag.py:500} INFO - Filling up the DagBag from /opt/airflow/dags/yellow_taxi_gcs_dag.py
[2022-02-01 04:56:47,863] {processor.py:654} INFO - DAG(s) dict_keys(['yellow_taxi_gcs_dag']) retrieved from /opt/airflow/dags/yellow_taxi_gcs_dag.py
[2022-02-01 04:56:47,890] {logging_mixin.py:109} INFO - [2022-02-01 04:56:47,890] {dag.py:2396} INFO - Sync 1 DAGs
[2022-02-01 04:56:47,977] {processor.py:171} INFO - Processing /opt/airflow/dags/yellow_taxi_gcs_dag.py took 3.668 seconds
[2022-02-01 04:57:18,592] {processor.py:163} INFO - Started process (PID=399) to work on /opt/airflow/dags/yellow_taxi_gcs_dag.py
[2022-02-01 04:57:18,601] {processor.py:642} INFO - Processing file /opt/airflow/dags/yellow_taxi_gcs_dag.py for tasks to queue
[2022-02-01 04:57:18,602] {logging_mixin.py:109} INFO - [2022-02-01 04:57:18,601] {dagbag.py:500} INFO - Filling up the DagBag from /opt/airflow/dags/yellow_taxi_gcs_dag.py
[2022-02-01 04:57:19,748] {processor.py:654} INFO - DAG(s) dict_keys(['yellow_taxi_gcs_dag']) retrieved from /opt/airflow/dags/yellow_taxi_gcs_dag.py
[2022-02-01 04:57:19,757] {logging_mixin.py:109} INFO - [2022-02-01 04:57:19,757] {dag.py:2396} INFO - Sync 1 DAGs
[2022-02-01 04:57:19,781] {processor.py:171} INFO - Processing /opt/airflow/dags/yellow_taxi_gcs_dag.py took 1.195 seconds
[2022-02-01 04:57:50,750] {processor.py:163} INFO - Started process (PID=423) to work on /opt/airflow/dags/yellow_taxi_gcs_dag.py
[2022-02-01 04:57:50,753] {processor.py:642} INFO - Processing file /opt/airflow/dags/yellow_taxi_gcs_dag.py for tasks to queue
[2022-02-01 04:57:50,754] {logging_mixin.py:109} INFO - [2022-02-01 04:57:50,754] {dagbag.py:500} INFO - Filling up the DagBag from /opt/airflow/dags/yellow_taxi_gcs_dag.py
[2022-02-01 04:57:52,367] {processor.py:654} INFO - DAG(s) dict_keys(['yellow_taxi_gcs_dag']) retrieved from /opt/airflow/dags/yellow_taxi_gcs_dag.py
[2022-02-01 04:57:52,378] {logging_mixin.py:109} INFO - [2022-02-01 04:57:52,378] {dag.py:2396} INFO - Sync 1 DAGs
[2022-02-01 04:57:52,409] {processor.py:171} INFO - Processing /opt/airflow/dags/yellow_taxi_gcs_dag.py took 1.662 seconds
[2022-02-01 04:58:22,923] {processor.py:163} INFO - Started process (PID=447) to work on /opt/airflow/dags/yellow_taxi_gcs_dag.py
[2022-02-01 04:58:22,927] {processor.py:642} INFO - Processing file /opt/airflow/dags/yellow_taxi_gcs_dag.py for tasks to queue
[2022-02-01 04:58:22,928] {logging_mixin.py:109} INFO - [2022-02-01 04:58:22,928] {dagbag.py:500} INFO - Filling up the DagBag from /opt/airflow/dags/yellow_taxi_gcs_dag.py
[2022-02-01 04:58:24,017] {processor.py:654} INFO - DAG(s) dict_keys(['yellow_taxi_gcs_dag']) retrieved from /opt/airflow/dags/yellow_taxi_gcs_dag.py
[2022-02-01 04:58:24,026] {logging_mixin.py:109} INFO - [2022-02-01 04:58:24,026] {dag.py:2396} INFO - Sync 1 DAGs
[2022-02-01 04:58:24,049] {processor.py:171} INFO - Processing /opt/airflow/dags/yellow_taxi_gcs_dag.py took 1.133 seconds
[2022-02-01 04:58:54,191] {processor.py:163} INFO - Started process (PID=470) to work on /opt/airflow/dags/yellow_taxi_gcs_dag.py
[2022-02-01 04:58:54,195] {processor.py:642} INFO - Processing file /opt/airflow/dags/yellow_taxi_gcs_dag.py for tasks to queue
[2022-02-01 04:58:54,196] {logging_mixin.py:109} INFO - [2022-02-01 04:58:54,196] {dagbag.py:500} INFO - Filling up the DagBag from /opt/airflow/dags/yellow_taxi_gcs_dag.py
[2022-02-01 04:58:55,645] {processor.py:654} INFO - DAG(s) dict_keys(['yellow_taxi_gcs_dag']) retrieved from /opt/airflow/dags/yellow_taxi_gcs_dag.py
[2022-02-01 04:58:55,658] {logging_mixin.py:109} INFO - [2022-02-01 04:58:55,658] {dag.py:2396} INFO - Sync 1 DAGs
[2022-02-01 04:58:55,698] {processor.py:171} INFO - Processing /opt/airflow/dags/yellow_taxi_gcs_dag.py took 1.513 seconds
[2022-02-01 04:59:26,624] {processor.py:163} INFO - Started process (PID=504) to work on /opt/airflow/dags/yellow_taxi_gcs_dag.py
[2022-02-01 04:59:26,626] {processor.py:642} INFO - Processing file /opt/airflow/dags/yellow_taxi_gcs_dag.py for tasks to queue
[2022-02-01 04:59:26,627] {logging_mixin.py:109} INFO - [2022-02-01 04:59:26,627] {dagbag.py:500} INFO - Filling up the DagBag from /opt/airflow/dags/yellow_taxi_gcs_dag.py
[2022-02-01 04:59:27,657] {processor.py:654} INFO - DAG(s) dict_keys(['yellow_taxi_gcs_dag']) retrieved from /opt/airflow/dags/yellow_taxi_gcs_dag.py
[2022-02-01 04:59:27,670] {logging_mixin.py:109} INFO - [2022-02-01 04:59:27,669] {dag.py:2396} INFO - Sync 1 DAGs
[2022-02-01 04:59:27,714] {processor.py:171} INFO - Processing /opt/airflow/dags/yellow_taxi_gcs_dag.py took 1.092 seconds
[2022-02-01 04:59:57,894] {processor.py:163} INFO - Started process (PID=530) to work on /opt/airflow/dags/yellow_taxi_gcs_dag.py
[2022-02-01 04:59:57,897] {processor.py:642} INFO - Processing file /opt/airflow/dags/yellow_taxi_gcs_dag.py for tasks to queue
[2022-02-01 04:59:57,898] {logging_mixin.py:109} INFO - [2022-02-01 04:59:57,898] {dagbag.py:500} INFO - Filling up the DagBag from /opt/airflow/dags/yellow_taxi_gcs_dag.py
[2022-02-01 04:59:58,807] {processor.py:654} INFO - DAG(s) dict_keys(['yellow_taxi_gcs_dag']) retrieved from /opt/airflow/dags/yellow_taxi_gcs_dag.py
[2022-02-01 04:59:58,819] {logging_mixin.py:109} INFO - [2022-02-01 04:59:58,819] {dag.py:2396} INFO - Sync 1 DAGs
[2022-02-01 04:59:58,852] {processor.py:171} INFO - Processing /opt/airflow/dags/yellow_taxi_gcs_dag.py took 0.962 seconds
[2022-02-01 05:00:29,072] {processor.py:163} INFO - Started process (PID=554) to work on /opt/airflow/dags/yellow_taxi_gcs_dag.py
[2022-02-01 05:00:29,075] {processor.py:642} INFO - Processing file /opt/airflow/dags/yellow_taxi_gcs_dag.py for tasks to queue
[2022-02-01 05:00:29,077] {logging_mixin.py:109} INFO - [2022-02-01 05:00:29,077] {dagbag.py:500} INFO - Filling up the DagBag from /opt/airflow/dags/yellow_taxi_gcs_dag.py
[2022-02-01 05:00:30,149] {processor.py:654} INFO - DAG(s) dict_keys(['yellow_taxi_gcs_dag']) retrieved from /opt/airflow/dags/yellow_taxi_gcs_dag.py
[2022-02-01 05:00:30,166] {logging_mixin.py:109} INFO - [2022-02-01 05:00:30,165] {dag.py:2396} INFO - Sync 1 DAGs
[2022-02-01 05:00:30,193] {processor.py:171} INFO - Processing /opt/airflow/dags/yellow_taxi_gcs_dag.py took 1.125 seconds
[2022-02-01 05:01:00,299] {processor.py:163} INFO - Started process (PID=579) to work on /opt/airflow/dags/yellow_taxi_gcs_dag.py
[2022-02-01 05:01:00,303] {processor.py:642} INFO - Processing file /opt/airflow/dags/yellow_taxi_gcs_dag.py for tasks to queue
[2022-02-01 05:01:00,305] {logging_mixin.py:109} INFO - [2022-02-01 05:01:00,304] {dagbag.py:500} INFO - Filling up the DagBag from /opt/airflow/dags/yellow_taxi_gcs_dag.py
[2022-02-01 05:01:01,856] {processor.py:654} INFO - DAG(s) dict_keys(['yellow_taxi_gcs_dag']) retrieved from /opt/airflow/dags/yellow_taxi_gcs_dag.py
[2022-02-01 05:01:01,893] {logging_mixin.py:109} INFO - [2022-02-01 05:01:01,893] {dag.py:2396} INFO - Sync 1 DAGs
[2022-02-01 05:01:02,045] {processor.py:171} INFO - Processing /opt/airflow/dags/yellow_taxi_gcs_dag.py took 1.752 seconds
[2022-02-01 05:01:32,619] {processor.py:163} INFO - Started process (PID=616) to work on /opt/airflow/dags/yellow_taxi_gcs_dag.py
[2022-02-01 05:01:32,625] {processor.py:642} INFO - Processing file /opt/airflow/dags/yellow_taxi_gcs_dag.py for tasks to queue
[2022-02-01 05:01:32,626] {logging_mixin.py:109} INFO - [2022-02-01 05:01:32,626] {dagbag.py:500} INFO - Filling up the DagBag from /opt/airflow/dags/yellow_taxi_gcs_dag.py
[2022-02-01 05:01:36,328] {processor.py:654} INFO - DAG(s) dict_keys(['yellow_taxi_gcs_dag']) retrieved from /opt/airflow/dags/yellow_taxi_gcs_dag.py
[2022-02-01 05:01:36,354] {logging_mixin.py:109} INFO - [2022-02-01 05:01:36,354] {dag.py:2396} INFO - Sync 1 DAGs
[2022-02-01 05:01:36,420] {processor.py:171} INFO - Processing /opt/airflow/dags/yellow_taxi_gcs_dag.py took 3.822 seconds
[2022-02-01 05:02:50,316] {processor.py:163} INFO - Started process (PID=632) to work on /opt/airflow/dags/yellow_taxi_gcs_dag.py
[2022-02-01 05:02:50,368] {processor.py:642} INFO - Processing file /opt/airflow/dags/yellow_taxi_gcs_dag.py for tasks to queue
[2022-02-01 05:02:50,372] {logging_mixin.py:109} INFO - [2022-02-01 05:02:50,371] {dagbag.py:500} INFO - Filling up the DagBag from /opt/airflow/dags/yellow_taxi_gcs_dag.py
[2022-02-01 05:05:06,768] {logging_mixin.py:109} INFO - [2022-02-01 05:05:06,736] {timeout.py:36} ERROR - Process timed out, PID: 632
[2022-02-01 05:05:11,345] {processor.py:163} INFO - Started process (PID=640) to work on /opt/airflow/dags/yellow_taxi_gcs_dag.py
[2022-02-01 05:05:11,365] {processor.py:642} INFO - Processing file /opt/airflow/dags/yellow_taxi_gcs_dag.py for tasks to queue
[2022-02-01 05:05:11,366] {logging_mixin.py:109} INFO - [2022-02-01 05:05:11,366] {dagbag.py:500} INFO - Filling up the DagBag from /opt/airflow/dags/yellow_taxi_gcs_dag.py
[2022-02-01 05:05:17,037] {processor.py:654} INFO - DAG(s) dict_keys(['yellow_taxi_gcs_dag']) retrieved from /opt/airflow/dags/yellow_taxi_gcs_dag.py
[2022-02-01 05:05:17,073] {logging_mixin.py:109} INFO - [2022-02-01 05:05:17,072] {dag.py:2396} INFO - Sync 1 DAGs
[2022-02-01 05:05:17,150] {processor.py:171} INFO - Processing /opt/airflow/dags/yellow_taxi_gcs_dag.py took 5.882 seconds
[2022-02-01 05:05:47,343] {processor.py:163} INFO - Started process (PID=667) to work on /opt/airflow/dags/yellow_taxi_gcs_dag.py
[2022-02-01 05:05:47,346] {processor.py:642} INFO - Processing file /opt/airflow/dags/yellow_taxi_gcs_dag.py for tasks to queue
[2022-02-01 05:05:47,347] {logging_mixin.py:109} INFO - [2022-02-01 05:05:47,347] {dagbag.py:500} INFO - Filling up the DagBag from /opt/airflow/dags/yellow_taxi_gcs_dag.py
[2022-02-01 05:05:48,393] {processor.py:654} INFO - DAG(s) dict_keys(['yellow_taxi_gcs_dag']) retrieved from /opt/airflow/dags/yellow_taxi_gcs_dag.py
[2022-02-01 05:05:48,405] {logging_mixin.py:109} INFO - [2022-02-01 05:05:48,405] {dag.py:2396} INFO - Sync 1 DAGs
[2022-02-01 05:05:48,437] {processor.py:171} INFO - Processing /opt/airflow/dags/yellow_taxi_gcs_dag.py took 1.103 seconds
[2022-02-01 05:06:18,544] {processor.py:163} INFO - Started process (PID=701) to work on /opt/airflow/dags/yellow_taxi_gcs_dag.py
[2022-02-01 05:06:18,546] {processor.py:642} INFO - Processing file /opt/airflow/dags/yellow_taxi_gcs_dag.py for tasks to queue
[2022-02-01 05:06:18,547] {logging_mixin.py:109} INFO - [2022-02-01 05:06:18,547] {dagbag.py:500} INFO - Filling up the DagBag from /opt/airflow/dags/yellow_taxi_gcs_dag.py
[2022-02-01 05:06:20,339] {processor.py:654} INFO - DAG(s) dict_keys(['yellow_taxi_gcs_dag']) retrieved from /opt/airflow/dags/yellow_taxi_gcs_dag.py
[2022-02-01 05:06:20,357] {logging_mixin.py:109} INFO - [2022-02-01 05:06:20,357] {dag.py:2396} INFO - Sync 1 DAGs
[2022-02-01 05:06:20,432] {processor.py:171} INFO - Processing /opt/airflow/dags/yellow_taxi_gcs_dag.py took 1.892 seconds
[2022-02-01 05:06:50,648] {processor.py:163} INFO - Started process (PID=726) to work on /opt/airflow/dags/yellow_taxi_gcs_dag.py
[2022-02-01 05:06:50,658] {processor.py:642} INFO - Processing file /opt/airflow/dags/yellow_taxi_gcs_dag.py for tasks to queue
[2022-02-01 05:06:50,659] {logging_mixin.py:109} INFO - [2022-02-01 05:06:50,659] {dagbag.py:500} INFO - Filling up the DagBag from /opt/airflow/dags/yellow_taxi_gcs_dag.py
[2022-02-01 05:06:52,051] {processor.py:654} INFO - DAG(s) dict_keys(['yellow_taxi_gcs_dag']) retrieved from /opt/airflow/dags/yellow_taxi_gcs_dag.py
[2022-02-01 05:06:52,064] {logging_mixin.py:109} INFO - [2022-02-01 05:06:52,064] {dag.py:2396} INFO - Sync 1 DAGs
[2022-02-01 05:06:52,184] {processor.py:171} INFO - Processing /opt/airflow/dags/yellow_taxi_gcs_dag.py took 1.542 seconds
[2022-02-01 05:07:23,051] {processor.py:163} INFO - Started process (PID=759) to work on /opt/airflow/dags/yellow_taxi_gcs_dag.py
[2022-02-01 05:07:23,053] {processor.py:642} INFO - Processing file /opt/airflow/dags/yellow_taxi_gcs_dag.py for tasks to queue
[2022-02-01 05:07:23,054] {logging_mixin.py:109} INFO - [2022-02-01 05:07:23,054] {dagbag.py:500} INFO - Filling up the DagBag from /opt/airflow/dags/yellow_taxi_gcs_dag.py
[2022-02-01 05:07:24,032] {processor.py:654} INFO - DAG(s) dict_keys(['yellow_taxi_gcs_dag']) retrieved from /opt/airflow/dags/yellow_taxi_gcs_dag.py
[2022-02-01 05:07:24,047] {logging_mixin.py:109} INFO - [2022-02-01 05:07:24,046] {dag.py:2396} INFO - Sync 1 DAGs
[2022-02-01 05:07:24,155] {processor.py:171} INFO - Processing /opt/airflow/dags/yellow_taxi_gcs_dag.py took 1.112 seconds
[2022-02-01 05:07:54,273] {processor.py:163} INFO - Started process (PID=786) to work on /opt/airflow/dags/yellow_taxi_gcs_dag.py
[2022-02-01 05:07:54,276] {processor.py:642} INFO - Processing file /opt/airflow/dags/yellow_taxi_gcs_dag.py for tasks to queue
[2022-02-01 05:07:54,277] {logging_mixin.py:109} INFO - [2022-02-01 05:07:54,276] {dagbag.py:500} INFO - Filling up the DagBag from /opt/airflow/dags/yellow_taxi_gcs_dag.py
[2022-02-01 05:07:54,971] {processor.py:654} INFO - DAG(s) dict_keys(['yellow_taxi_gcs_dag']) retrieved from /opt/airflow/dags/yellow_taxi_gcs_dag.py
[2022-02-01 05:07:54,980] {logging_mixin.py:109} INFO - [2022-02-01 05:07:54,980] {dag.py:2396} INFO - Sync 1 DAGs
[2022-02-01 05:07:55,072] {processor.py:171} INFO - Processing /opt/airflow/dags/yellow_taxi_gcs_dag.py took 0.803 seconds
[2022-02-01 05:08:25,465] {processor.py:163} INFO - Started process (PID=812) to work on /opt/airflow/dags/yellow_taxi_gcs_dag.py
[2022-02-01 05:08:25,468] {processor.py:642} INFO - Processing file /opt/airflow/dags/yellow_taxi_gcs_dag.py for tasks to queue
[2022-02-01 05:08:25,469] {logging_mixin.py:109} INFO - [2022-02-01 05:08:25,469] {dagbag.py:500} INFO - Filling up the DagBag from /opt/airflow/dags/yellow_taxi_gcs_dag.py
[2022-02-01 05:08:26,208] {processor.py:654} INFO - DAG(s) dict_keys(['yellow_taxi_gcs_dag']) retrieved from /opt/airflow/dags/yellow_taxi_gcs_dag.py
[2022-02-01 05:08:26,218] {logging_mixin.py:109} INFO - [2022-02-01 05:08:26,218] {dag.py:2396} INFO - Sync 1 DAGs
[2022-02-01 05:08:26,305] {logging_mixin.py:109} INFO - [2022-02-01 05:08:26,305] {dag.py:2935} INFO - Setting next_dagrun for yellow_taxi_gcs_dag to 2022-02-01T00:00:00+00:00
[2022-02-01 05:08:26,321] {processor.py:171} INFO - Processing /opt/airflow/dags/yellow_taxi_gcs_dag.py took 0.865 seconds
[2022-02-01 05:08:56,683] {processor.py:163} INFO - Started process (PID=847) to work on /opt/airflow/dags/yellow_taxi_gcs_dag.py
[2022-02-01 05:08:56,685] {processor.py:642} INFO - Processing file /opt/airflow/dags/yellow_taxi_gcs_dag.py for tasks to queue
[2022-02-01 05:08:56,686] {logging_mixin.py:109} INFO - [2022-02-01 05:08:56,686] {dagbag.py:500} INFO - Filling up the DagBag from /opt/airflow/dags/yellow_taxi_gcs_dag.py
[2022-02-01 05:08:57,954] {processor.py:654} INFO - DAG(s) dict_keys(['yellow_taxi_gcs_dag']) retrieved from /opt/airflow/dags/yellow_taxi_gcs_dag.py
[2022-02-01 05:08:58,015] {logging_mixin.py:109} INFO - [2022-02-01 05:08:58,015] {dag.py:2396} INFO - Sync 1 DAGs
[2022-02-01 05:08:58,394] {processor.py:171} INFO - Processing /opt/airflow/dags/yellow_taxi_gcs_dag.py took 1.716 seconds
[2022-02-01 05:09:28,605] {processor.py:163} INFO - Started process (PID=861) to work on /opt/airflow/dags/yellow_taxi_gcs_dag.py
[2022-02-01 05:09:28,610] {processor.py:642} INFO - Processing file /opt/airflow/dags/yellow_taxi_gcs_dag.py for tasks to queue
[2022-02-01 05:09:28,611] {logging_mixin.py:109} INFO - [2022-02-01 05:09:28,611] {dagbag.py:500} INFO - Filling up the DagBag from /opt/airflow/dags/yellow_taxi_gcs_dag.py
[2022-02-01 05:09:29,646] {processor.py:654} INFO - DAG(s) dict_keys(['yellow_taxi_gcs_dag']) retrieved from /opt/airflow/dags/yellow_taxi_gcs_dag.py
[2022-02-01 05:09:29,741] {logging_mixin.py:109} INFO - [2022-02-01 05:09:29,741] {dag.py:2396} INFO - Sync 1 DAGs
[2022-02-01 05:09:29,799] {processor.py:171} INFO - Processing /opt/airflow/dags/yellow_taxi_gcs_dag.py took 1.201 seconds
[2022-02-01 05:09:59,981] {processor.py:163} INFO - Started process (PID=886) to work on /opt/airflow/dags/yellow_taxi_gcs_dag.py
[2022-02-01 05:09:59,994] {processor.py:642} INFO - Processing file /opt/airflow/dags/yellow_taxi_gcs_dag.py for tasks to queue
[2022-02-01 05:09:59,995] {logging_mixin.py:109} INFO - [2022-02-01 05:09:59,995] {dagbag.py:500} INFO - Filling up the DagBag from /opt/airflow/dags/yellow_taxi_gcs_dag.py
[2022-02-01 05:10:03,556] {processor.py:654} INFO - DAG(s) dict_keys(['yellow_taxi_gcs_dag']) retrieved from /opt/airflow/dags/yellow_taxi_gcs_dag.py
[2022-02-01 05:10:03,843] {logging_mixin.py:109} INFO - [2022-02-01 05:10:03,843] {dag.py:2396} INFO - Sync 1 DAGs
[2022-02-01 05:10:03,891] {processor.py:171} INFO - Processing /opt/airflow/dags/yellow_taxi_gcs_dag.py took 3.928 seconds
[2022-02-01 05:10:34,289] {processor.py:163} INFO - Started process (PID=911) to work on /opt/airflow/dags/yellow_taxi_gcs_dag.py
[2022-02-01 05:10:34,294] {processor.py:642} INFO - Processing file /opt/airflow/dags/yellow_taxi_gcs_dag.py for tasks to queue
[2022-02-01 05:10:34,296] {logging_mixin.py:109} INFO - [2022-02-01 05:10:34,295] {dagbag.py:500} INFO - Filling up the DagBag from /opt/airflow/dags/yellow_taxi_gcs_dag.py
[2022-02-01 05:10:36,017] {processor.py:654} INFO - DAG(s) dict_keys(['yellow_taxi_gcs_dag']) retrieved from /opt/airflow/dags/yellow_taxi_gcs_dag.py
[2022-02-01 05:10:36,095] {logging_mixin.py:109} INFO - [2022-02-01 05:10:36,095] {dag.py:2396} INFO - Sync 1 DAGs
[2022-02-01 05:10:36,126] {processor.py:171} INFO - Processing /opt/airflow/dags/yellow_taxi_gcs_dag.py took 1.846 seconds
[2022-02-01 05:11:06,476] {processor.py:163} INFO - Started process (PID=943) to work on /opt/airflow/dags/yellow_taxi_gcs_dag.py
[2022-02-01 05:11:06,480] {processor.py:642} INFO - Processing file /opt/airflow/dags/yellow_taxi_gcs_dag.py for tasks to queue
[2022-02-01 05:11:06,482] {logging_mixin.py:109} INFO - [2022-02-01 05:11:06,482] {dagbag.py:500} INFO - Filling up the DagBag from /opt/airflow/dags/yellow_taxi_gcs_dag.py
[2022-02-01 05:11:07,506] {processor.py:654} INFO - DAG(s) dict_keys(['yellow_taxi_gcs_dag']) retrieved from /opt/airflow/dags/yellow_taxi_gcs_dag.py
[2022-02-01 05:11:07,516] {logging_mixin.py:109} INFO - [2022-02-01 05:11:07,515] {dag.py:2396} INFO - Sync 1 DAGs
[2022-02-01 05:11:07,541] {processor.py:171} INFO - Processing /opt/airflow/dags/yellow_taxi_gcs_dag.py took 1.075 seconds
[2022-02-01 05:11:37,654] {processor.py:163} INFO - Started process (PID=972) to work on /opt/airflow/dags/yellow_taxi_gcs_dag.py
[2022-02-01 05:11:37,656] {processor.py:642} INFO - Processing file /opt/airflow/dags/yellow_taxi_gcs_dag.py for tasks to queue
[2022-02-01 05:11:37,657] {logging_mixin.py:109} INFO - [2022-02-01 05:11:37,657] {dagbag.py:500} INFO - Filling up the DagBag from /opt/airflow/dags/yellow_taxi_gcs_dag.py
[2022-02-01 05:11:38,695] {processor.py:654} INFO - DAG(s) dict_keys(['yellow_taxi_gcs_dag']) retrieved from /opt/airflow/dags/yellow_taxi_gcs_dag.py
[2022-02-01 05:11:38,727] {logging_mixin.py:109} INFO - [2022-02-01 05:11:38,722] {dag.py:2396} INFO - Sync 1 DAGs
[2022-02-01 05:11:38,784] {processor.py:171} INFO - Processing /opt/airflow/dags/yellow_taxi_gcs_dag.py took 1.133 seconds
[2022-02-01 05:12:09,019] {processor.py:163} INFO - Started process (PID=997) to work on /opt/airflow/dags/yellow_taxi_gcs_dag.py
[2022-02-01 05:12:09,024] {processor.py:642} INFO - Processing file /opt/airflow/dags/yellow_taxi_gcs_dag.py for tasks to queue
[2022-02-01 05:12:09,025] {logging_mixin.py:109} INFO - [2022-02-01 05:12:09,025] {dagbag.py:500} INFO - Filling up the DagBag from /opt/airflow/dags/yellow_taxi_gcs_dag.py
[2022-02-01 05:12:10,677] {processor.py:654} INFO - DAG(s) dict_keys(['yellow_taxi_gcs_dag']) retrieved from /opt/airflow/dags/yellow_taxi_gcs_dag.py
[2022-02-01 05:12:10,694] {logging_mixin.py:109} INFO - [2022-02-01 05:12:10,693] {dag.py:2396} INFO - Sync 1 DAGs
[2022-02-01 05:12:10,731] {processor.py:171} INFO - Processing /opt/airflow/dags/yellow_taxi_gcs_dag.py took 1.717 seconds
[2022-02-01 05:12:41,169] {processor.py:163} INFO - Started process (PID=1033) to work on /opt/airflow/dags/yellow_taxi_gcs_dag.py
[2022-02-01 05:12:41,173] {processor.py:642} INFO - Processing file /opt/airflow/dags/yellow_taxi_gcs_dag.py for tasks to queue
[2022-02-01 05:12:41,175] {logging_mixin.py:109} INFO - [2022-02-01 05:12:41,175] {dagbag.py:500} INFO - Filling up the DagBag from /opt/airflow/dags/yellow_taxi_gcs_dag.py
[2022-02-01 05:12:43,047] {processor.py:654} INFO - DAG(s) dict_keys(['yellow_taxi_gcs_dag']) retrieved from /opt/airflow/dags/yellow_taxi_gcs_dag.py
[2022-02-01 05:12:43,072] {logging_mixin.py:109} INFO - [2022-02-01 05:12:43,071] {dag.py:2396} INFO - Sync 1 DAGs
[2022-02-01 05:12:43,128] {processor.py:171} INFO - Processing /opt/airflow/dags/yellow_taxi_gcs_dag.py took 1.968 seconds
[2022-02-01 05:13:13,350] {processor.py:163} INFO - Started process (PID=1057) to work on /opt/airflow/dags/yellow_taxi_gcs_dag.py
[2022-02-01 05:13:13,355] {processor.py:642} INFO - Processing file /opt/airflow/dags/yellow_taxi_gcs_dag.py for tasks to queue
[2022-02-01 05:13:13,369] {logging_mixin.py:109} INFO - [2022-02-01 05:13:13,369] {dagbag.py:500} INFO - Filling up the DagBag from /opt/airflow/dags/yellow_taxi_gcs_dag.py
[2022-02-01 05:13:15,305] {processor.py:654} INFO - DAG(s) dict_keys(['yellow_taxi_gcs_dag']) retrieved from /opt/airflow/dags/yellow_taxi_gcs_dag.py
[2022-02-01 05:13:15,325] {logging_mixin.py:109} INFO - [2022-02-01 05:13:15,324] {dag.py:2396} INFO - Sync 1 DAGs
[2022-02-01 05:13:15,387] {processor.py:171} INFO - Processing /opt/airflow/dags/yellow_taxi_gcs_dag.py took 2.055 seconds
[2022-02-01 05:13:45,585] {processor.py:163} INFO - Started process (PID=1080) to work on /opt/airflow/dags/yellow_taxi_gcs_dag.py
[2022-02-01 05:13:45,597] {processor.py:642} INFO - Processing file /opt/airflow/dags/yellow_taxi_gcs_dag.py for tasks to queue
[2022-02-01 05:13:45,598] {logging_mixin.py:109} INFO - [2022-02-01 05:13:45,598] {dagbag.py:500} INFO - Filling up the DagBag from /opt/airflow/dags/yellow_taxi_gcs_dag.py
[2022-02-01 05:13:47,596] {processor.py:654} INFO - DAG(s) dict_keys(['yellow_taxi_gcs_dag']) retrieved from /opt/airflow/dags/yellow_taxi_gcs_dag.py
[2022-02-01 05:13:47,615] {logging_mixin.py:109} INFO - [2022-02-01 05:13:47,614] {dag.py:2396} INFO - Sync 1 DAGs
[2022-02-01 05:13:47,710] {processor.py:171} INFO - Processing /opt/airflow/dags/yellow_taxi_gcs_dag.py took 2.129 seconds
[2022-02-01 05:14:17,929] {processor.py:163} INFO - Started process (PID=1104) to work on /opt/airflow/dags/yellow_taxi_gcs_dag.py
[2022-02-01 05:14:17,934] {processor.py:642} INFO - Processing file /opt/airflow/dags/yellow_taxi_gcs_dag.py for tasks to queue
[2022-02-01 05:14:17,938] {logging_mixin.py:109} INFO - [2022-02-01 05:14:17,938] {dagbag.py:500} INFO - Filling up the DagBag from /opt/airflow/dags/yellow_taxi_gcs_dag.py
[2022-02-01 05:14:19,331] {processor.py:654} INFO - DAG(s) dict_keys(['yellow_taxi_gcs_dag']) retrieved from /opt/airflow/dags/yellow_taxi_gcs_dag.py
[2022-02-01 05:14:19,350] {logging_mixin.py:109} INFO - [2022-02-01 05:14:19,349] {dag.py:2396} INFO - Sync 1 DAGs
[2022-02-01 05:14:19,387] {processor.py:171} INFO - Processing /opt/airflow/dags/yellow_taxi_gcs_dag.py took 1.463 seconds
[2022-02-01 05:14:49,468] {processor.py:163} INFO - Started process (PID=1141) to work on /opt/airflow/dags/yellow_taxi_gcs_dag.py
[2022-02-01 05:14:49,469] {processor.py:642} INFO - Processing file /opt/airflow/dags/yellow_taxi_gcs_dag.py for tasks to queue
[2022-02-01 05:14:49,470] {logging_mixin.py:109} INFO - [2022-02-01 05:14:49,470] {dagbag.py:500} INFO - Filling up the DagBag from /opt/airflow/dags/yellow_taxi_gcs_dag.py
[2022-02-01 05:14:50,436] {processor.py:654} INFO - DAG(s) dict_keys(['yellow_taxi_gcs_dag']) retrieved from /opt/airflow/dags/yellow_taxi_gcs_dag.py
[2022-02-01 05:14:50,460] {logging_mixin.py:109} INFO - [2022-02-01 05:14:50,459] {dag.py:2396} INFO - Sync 1 DAGs
[2022-02-01 05:14:50,503] {processor.py:171} INFO - Processing /opt/airflow/dags/yellow_taxi_gcs_dag.py took 1.038 seconds
[2022-02-01 05:15:20,671] {processor.py:163} INFO - Started process (PID=1166) to work on /opt/airflow/dags/yellow_taxi_gcs_dag.py
[2022-02-01 05:15:20,673] {processor.py:642} INFO - Processing file /opt/airflow/dags/yellow_taxi_gcs_dag.py for tasks to queue
[2022-02-01 05:15:20,674] {logging_mixin.py:109} INFO - [2022-02-01 05:15:20,674] {dagbag.py:500} INFO - Filling up the DagBag from /opt/airflow/dags/yellow_taxi_gcs_dag.py
[2022-02-01 05:15:21,800] {processor.py:654} INFO - DAG(s) dict_keys(['yellow_taxi_gcs_dag']) retrieved from /opt/airflow/dags/yellow_taxi_gcs_dag.py
[2022-02-01 05:15:21,822] {logging_mixin.py:109} INFO - [2022-02-01 05:15:21,821] {dag.py:2396} INFO - Sync 1 DAGs
[2022-02-01 05:15:21,884] {processor.py:171} INFO - Processing /opt/airflow/dags/yellow_taxi_gcs_dag.py took 1.217 seconds
[2022-02-01 05:15:52,024] {processor.py:163} INFO - Started process (PID=1191) to work on /opt/airflow/dags/yellow_taxi_gcs_dag.py
[2022-02-01 05:15:52,026] {processor.py:642} INFO - Processing file /opt/airflow/dags/yellow_taxi_gcs_dag.py for tasks to queue
[2022-02-01 05:15:52,027] {logging_mixin.py:109} INFO - [2022-02-01 05:15:52,027] {dagbag.py:500} INFO - Filling up the DagBag from /opt/airflow/dags/yellow_taxi_gcs_dag.py
[2022-02-01 05:15:52,900] {processor.py:654} INFO - DAG(s) dict_keys(['yellow_taxi_gcs_dag']) retrieved from /opt/airflow/dags/yellow_taxi_gcs_dag.py
[2022-02-01 05:15:52,912] {logging_mixin.py:109} INFO - [2022-02-01 05:15:52,912] {dag.py:2396} INFO - Sync 1 DAGs
[2022-02-01 05:15:52,934] {logging_mixin.py:109} INFO - [2022-02-01 05:15:52,934] {dag.py:2935} INFO - Setting next_dagrun for yellow_taxi_gcs_dag to 2022-02-01T00:00:00+00:00
[2022-02-01 05:15:52,946] {processor.py:171} INFO - Processing /opt/airflow/dags/yellow_taxi_gcs_dag.py took 0.925 seconds
[2022-02-01 05:16:23,261] {processor.py:163} INFO - Started process (PID=1216) to work on /opt/airflow/dags/yellow_taxi_gcs_dag.py
[2022-02-01 05:16:23,266] {processor.py:642} INFO - Processing file /opt/airflow/dags/yellow_taxi_gcs_dag.py for tasks to queue
[2022-02-01 05:16:23,269] {logging_mixin.py:109} INFO - [2022-02-01 05:16:23,268] {dagbag.py:500} INFO - Filling up the DagBag from /opt/airflow/dags/yellow_taxi_gcs_dag.py
[2022-02-01 05:16:24,316] {processor.py:654} INFO - DAG(s) dict_keys(['yellow_taxi_gcs_dag']) retrieved from /opt/airflow/dags/yellow_taxi_gcs_dag.py
[2022-02-01 05:16:24,330] {logging_mixin.py:109} INFO - [2022-02-01 05:16:24,330] {dag.py:2396} INFO - Sync 1 DAGs
[2022-02-01 05:16:24,357] {logging_mixin.py:109} INFO - [2022-02-01 05:16:24,357] {dag.py:2935} INFO - Setting next_dagrun for yellow_taxi_gcs_dag to 2022-02-01T00:00:00+00:00
[2022-02-01 05:16:24,372] {processor.py:171} INFO - Processing /opt/airflow/dags/yellow_taxi_gcs_dag.py took 1.123 seconds
[2022-02-01 05:16:54,468] {processor.py:163} INFO - Started process (PID=1249) to work on /opt/airflow/dags/yellow_taxi_gcs_dag.py
[2022-02-01 05:16:54,470] {processor.py:642} INFO - Processing file /opt/airflow/dags/yellow_taxi_gcs_dag.py for tasks to queue
[2022-02-01 05:16:54,471] {logging_mixin.py:109} INFO - [2022-02-01 05:16:54,470] {dagbag.py:500} INFO - Filling up the DagBag from /opt/airflow/dags/yellow_taxi_gcs_dag.py
[2022-02-01 05:16:56,018] {processor.py:654} INFO - DAG(s) dict_keys(['yellow_taxi_gcs_dag']) retrieved from /opt/airflow/dags/yellow_taxi_gcs_dag.py
[2022-02-01 05:16:56,037] {logging_mixin.py:109} INFO - [2022-02-01 05:16:56,037] {dag.py:2396} INFO - Sync 1 DAGs
[2022-02-01 05:16:56,071] {logging_mixin.py:109} INFO - [2022-02-01 05:16:56,071] {dag.py:2935} INFO - Setting next_dagrun for yellow_taxi_gcs_dag to 2022-02-01T00:00:00+00:00
[2022-02-01 05:16:56,099] {processor.py:171} INFO - Processing /opt/airflow/dags/yellow_taxi_gcs_dag.py took 1.635 seconds
[2022-02-01 05:17:26,741] {processor.py:163} INFO - Started process (PID=1273) to work on /opt/airflow/dags/yellow_taxi_gcs_dag.py
[2022-02-01 05:17:26,745] {processor.py:642} INFO - Processing file /opt/airflow/dags/yellow_taxi_gcs_dag.py for tasks to queue
[2022-02-01 05:17:26,747] {logging_mixin.py:109} INFO - [2022-02-01 05:17:26,746] {dagbag.py:500} INFO - Filling up the DagBag from /opt/airflow/dags/yellow_taxi_gcs_dag.py
[2022-02-01 05:17:27,803] {processor.py:654} INFO - DAG(s) dict_keys(['yellow_taxi_gcs_dag']) retrieved from /opt/airflow/dags/yellow_taxi_gcs_dag.py
[2022-02-01 05:17:27,821] {logging_mixin.py:109} INFO - [2022-02-01 05:17:27,821] {dag.py:2396} INFO - Sync 1 DAGs
[2022-02-01 05:17:27,878] {logging_mixin.py:109} INFO - [2022-02-01 05:17:27,877] {dag.py:2935} INFO - Setting next_dagrun for yellow_taxi_gcs_dag to 2022-02-01T00:00:00+00:00
[2022-02-01 05:17:27,941] {processor.py:171} INFO - Processing /opt/airflow/dags/yellow_taxi_gcs_dag.py took 1.206 seconds
[2022-02-01 05:17:58,088] {processor.py:163} INFO - Started process (PID=1298) to work on /opt/airflow/dags/yellow_taxi_gcs_dag.py
[2022-02-01 05:17:58,090] {processor.py:642} INFO - Processing file /opt/airflow/dags/yellow_taxi_gcs_dag.py for tasks to queue
[2022-02-01 05:17:58,091] {logging_mixin.py:109} INFO - [2022-02-01 05:17:58,091] {dagbag.py:500} INFO - Filling up the DagBag from /opt/airflow/dags/yellow_taxi_gcs_dag.py
[2022-02-01 05:17:59,057] {processor.py:654} INFO - DAG(s) dict_keys(['yellow_taxi_gcs_dag']) retrieved from /opt/airflow/dags/yellow_taxi_gcs_dag.py
[2022-02-01 05:17:59,068] {logging_mixin.py:109} INFO - [2022-02-01 05:17:59,068] {dag.py:2396} INFO - Sync 1 DAGs
[2022-02-01 05:17:59,085] {logging_mixin.py:109} INFO - [2022-02-01 05:17:59,085] {dag.py:2935} INFO - Setting next_dagrun for yellow_taxi_gcs_dag to 2022-02-01T00:00:00+00:00
[2022-02-01 05:17:59,095] {processor.py:171} INFO - Processing /opt/airflow/dags/yellow_taxi_gcs_dag.py took 1.010 seconds
[2022-02-01 05:18:29,222] {processor.py:163} INFO - Started process (PID=1323) to work on /opt/airflow/dags/yellow_taxi_gcs_dag.py
[2022-02-01 05:18:29,224] {processor.py:642} INFO - Processing file /opt/airflow/dags/yellow_taxi_gcs_dag.py for tasks to queue
[2022-02-01 05:18:29,225] {logging_mixin.py:109} INFO - [2022-02-01 05:18:29,225] {dagbag.py:500} INFO - Filling up the DagBag from /opt/airflow/dags/yellow_taxi_gcs_dag.py
[2022-02-01 05:18:30,210] {processor.py:654} INFO - DAG(s) dict_keys(['yellow_taxi_gcs_dag']) retrieved from /opt/airflow/dags/yellow_taxi_gcs_dag.py
[2022-02-01 05:18:30,220] {logging_mixin.py:109} INFO - [2022-02-01 05:18:30,219] {dag.py:2396} INFO - Sync 1 DAGs
[2022-02-01 05:18:30,242] {logging_mixin.py:109} INFO - [2022-02-01 05:18:30,241] {dag.py:2935} INFO - Setting next_dagrun for yellow_taxi_gcs_dag to 2022-02-01T00:00:00+00:00
[2022-02-01 05:18:30,253] {processor.py:171} INFO - Processing /opt/airflow/dags/yellow_taxi_gcs_dag.py took 1.033 seconds
[2022-02-01 05:19:00,444] {processor.py:163} INFO - Started process (PID=1363) to work on /opt/airflow/dags/yellow_taxi_gcs_dag.py
[2022-02-01 05:19:00,468] {processor.py:642} INFO - Processing file /opt/airflow/dags/yellow_taxi_gcs_dag.py for tasks to queue
[2022-02-01 05:19:00,468] {logging_mixin.py:109} INFO - [2022-02-01 05:19:00,468] {dagbag.py:500} INFO - Filling up the DagBag from /opt/airflow/dags/yellow_taxi_gcs_dag.py
[2022-02-01 05:19:02,048] {processor.py:654} INFO - DAG(s) dict_keys(['yellow_taxi_gcs_dag']) retrieved from /opt/airflow/dags/yellow_taxi_gcs_dag.py
[2022-02-01 05:19:02,060] {logging_mixin.py:109} INFO - [2022-02-01 05:19:02,059] {dag.py:2396} INFO - Sync 1 DAGs
[2022-02-01 05:19:02,081] {logging_mixin.py:109} INFO - [2022-02-01 05:19:02,081] {dag.py:2935} INFO - Setting next_dagrun for yellow_taxi_gcs_dag to 2022-02-01T00:00:00+00:00
[2022-02-01 05:19:02,095] {processor.py:171} INFO - Processing /opt/airflow/dags/yellow_taxi_gcs_dag.py took 1.659 seconds
