[2022-02-03 17:17:00,657] {taskinstance.py:1032} INFO - Dependencies all met for <TaskInstance: yellow_taxi_gcs_dag.delete_the_local_file scheduled__2019-04-02T00:00:00+00:00 [queued]>
[2022-02-03 17:17:00,676] {taskinstance.py:1032} INFO - Dependencies all met for <TaskInstance: yellow_taxi_gcs_dag.delete_the_local_file scheduled__2019-04-02T00:00:00+00:00 [queued]>
[2022-02-03 17:17:00,676] {taskinstance.py:1238} INFO - 
--------------------------------------------------------------------------------
[2022-02-03 17:17:00,676] {taskinstance.py:1239} INFO - Starting attempt 1 of 2
[2022-02-03 17:17:00,677] {taskinstance.py:1240} INFO - 
--------------------------------------------------------------------------------
[2022-02-03 17:17:00,701] {taskinstance.py:1259} INFO - Executing <Task(BashOperator): delete_the_local_file> on 2019-04-02 00:00:00+00:00
[2022-02-03 17:17:00,708] {standard_task_runner.py:52} INFO - Started process 2422 to run task
[2022-02-03 17:17:00,725] {standard_task_runner.py:76} INFO - Running: ['***', 'tasks', 'run', 'yellow_taxi_gcs_dag', 'delete_the_local_file', 'scheduled__2019-04-02T00:00:00+00:00', '--job-id', '62', '--raw', '--subdir', 'DAGS_FOLDER/yellow_taxi_gcs_dag.py', '--cfg-path', '/tmp/tmpkm223pep', '--error-file', '/tmp/tmp7lx8hfoc']
[2022-02-03 17:17:00,727] {standard_task_runner.py:77} INFO - Job 62: Subtask delete_the_local_file
[2022-02-03 17:17:00,888] {logging_mixin.py:109} INFO - Running <TaskInstance: yellow_taxi_gcs_dag.delete_the_local_file scheduled__2019-04-02T00:00:00+00:00 [running]> on host 7e458922b35d
[2022-02-03 17:17:00,960] {warnings.py:110} WARNING - /home/***/.local/lib/python3.7/site-packages/***/utils/context.py:152: AirflowContextDeprecationWarning: Accessing 'execution_date' from the template is deprecated and will be removed in a future version. Please use 'data_interval_start' or 'logical_date' instead.
  warnings.warn(_create_deprecation_warning(key, self._deprecation_replacements[key]))

[2022-02-03 17:17:00,981] {taskinstance.py:1426} INFO - Exporting the following env vars:
AIRFLOW_CTX_DAG_OWNER=***
AIRFLOW_CTX_DAG_ID=yellow_taxi_gcs_dag
AIRFLOW_CTX_TASK_ID=delete_the_local_file
AIRFLOW_CTX_EXECUTION_DATE=2019-04-02T00:00:00+00:00
AIRFLOW_CTX_DAG_RUN_ID=scheduled__2019-04-02T00:00:00+00:00
[2022-02-03 17:17:00,982] {subprocess.py:62} INFO - Tmp dir root location: 
 /tmp
[2022-02-03 17:17:00,983] {subprocess.py:74} INFO - Running command: ['bash', '-c', 'rm /opt/***/output_2019-04.csv | rm /opt/***/output_2019-04.parquet']
[2022-02-03 17:17:00,995] {subprocess.py:85} INFO - Output:
[2022-02-03 17:17:01,084] {subprocess.py:93} INFO - Command exited with return code 0
[2022-02-03 17:17:01,115] {taskinstance.py:1277} INFO - Marking task as SUCCESS. dag_id=yellow_taxi_gcs_dag, task_id=delete_the_local_file, execution_date=20190402T000000, start_date=20220203T171700, end_date=20220203T171701
[2022-02-03 17:17:01,166] {local_task_job.py:154} INFO - Task exited with return code 0
[2022-02-03 17:17:01,201] {local_task_job.py:264} INFO - 0 downstream tasks scheduled from follow-on schedule check
<<<<<<< HEAD
[2022-02-20 00:16:42,287] {taskinstance.py:1032} INFO - Dependencies all met for <TaskInstance: yellow_taxi_gcs_dag.delete_the_local_file scheduled__2019-04-02T00:00:00+00:00 [queued]>
[2022-02-20 00:16:42,314] {taskinstance.py:1032} INFO - Dependencies all met for <TaskInstance: yellow_taxi_gcs_dag.delete_the_local_file scheduled__2019-04-02T00:00:00+00:00 [queued]>
[2022-02-20 00:16:42,315] {taskinstance.py:1238} INFO - 
--------------------------------------------------------------------------------
[2022-02-20 00:16:42,315] {taskinstance.py:1239} INFO - Starting attempt 1 of 2
[2022-02-20 00:16:42,315] {taskinstance.py:1240} INFO - 
--------------------------------------------------------------------------------
[2022-02-20 00:16:42,339] {taskinstance.py:1259} INFO - Executing <Task(BashOperator): delete_the_local_file> on 2019-04-02 00:00:00+00:00
[2022-02-20 00:16:42,348] {standard_task_runner.py:52} INFO - Started process 1565 to run task
[2022-02-20 00:16:42,352] {standard_task_runner.py:76} INFO - Running: ['***', 'tasks', 'run', 'yellow_taxi_gcs_dag', 'delete_the_local_file', 'scheduled__2019-04-02T00:00:00+00:00', '--job-id', '429', '--raw', '--subdir', 'DAGS_FOLDER/yellow_taxi_gcs_dag.py', '--cfg-path', '/tmp/tmp85ea3cec', '--error-file', '/tmp/tmporq47wa_']
[2022-02-20 00:16:42,354] {standard_task_runner.py:77} INFO - Job 429: Subtask delete_the_local_file
[2022-02-20 00:16:42,462] {logging_mixin.py:109} INFO - Running <TaskInstance: yellow_taxi_gcs_dag.delete_the_local_file scheduled__2019-04-02T00:00:00+00:00 [running]> on host da07aa254901
[2022-02-20 00:16:42,574] {warnings.py:110} WARNING - /home/***/.local/lib/python3.7/site-packages/***/utils/context.py:152: AirflowContextDeprecationWarning: Accessing 'execution_date' from the template is deprecated and will be removed in a future version. Please use 'data_interval_start' or 'logical_date' instead.
  warnings.warn(_create_deprecation_warning(key, self._deprecation_replacements[key]))

[2022-02-20 00:16:42,615] {taskinstance.py:1426} INFO - Exporting the following env vars:
AIRFLOW_CTX_DAG_OWNER=***
AIRFLOW_CTX_DAG_ID=yellow_taxi_gcs_dag
AIRFLOW_CTX_TASK_ID=delete_the_local_file
AIRFLOW_CTX_EXECUTION_DATE=2019-04-02T00:00:00+00:00
AIRFLOW_CTX_DAG_RUN_ID=scheduled__2019-04-02T00:00:00+00:00
[2022-02-20 00:16:42,617] {subprocess.py:62} INFO - Tmp dir root location: 
 /tmp
[2022-02-20 00:16:42,622] {subprocess.py:74} INFO - Running command: ['bash', '-c', 'rm /opt/***/output_2019-04.csv | rm /opt/***/output_2019-04.parquet']
[2022-02-20 00:16:42,655] {subprocess.py:85} INFO - Output:
[2022-02-20 00:16:42,823] {subprocess.py:93} INFO - Command exited with return code 0
[2022-02-20 00:16:42,882] {taskinstance.py:1277} INFO - Marking task as SUCCESS. dag_id=yellow_taxi_gcs_dag, task_id=delete_the_local_file, execution_date=20190402T000000, start_date=20220220T001642, end_date=20220220T001642
[2022-02-20 00:16:42,957] {local_task_job.py:154} INFO - Task exited with return code 0
[2022-02-20 00:16:43,043] {local_task_job.py:264} INFO - 0 downstream tasks scheduled from follow-on schedule check
=======
>>>>>>> origin/master
