[2022-02-03 18:19:15,014] {taskinstance.py:1032} INFO - Dependencies all met for <TaskInstance: fhv_gcs_dag.delete_the_local_file scheduled__2019-10-02T00:00:00+00:00 [queued]>
[2022-02-03 18:19:15,026] {taskinstance.py:1032} INFO - Dependencies all met for <TaskInstance: fhv_gcs_dag.delete_the_local_file scheduled__2019-10-02T00:00:00+00:00 [queued]>
[2022-02-03 18:19:15,026] {taskinstance.py:1238} INFO - 
--------------------------------------------------------------------------------
[2022-02-03 18:19:15,027] {taskinstance.py:1239} INFO - Starting attempt 1 of 2
[2022-02-03 18:19:15,027] {taskinstance.py:1240} INFO - 
--------------------------------------------------------------------------------
[2022-02-03 18:19:15,041] {taskinstance.py:1259} INFO - Executing <Task(BashOperator): delete_the_local_file> on 2019-10-02 00:00:00+00:00
[2022-02-03 18:19:15,046] {standard_task_runner.py:52} INFO - Started process 1257 to run task
[2022-02-03 18:19:15,049] {standard_task_runner.py:76} INFO - Running: ['***', 'tasks', 'run', 'fhv_gcs_dag', 'delete_the_local_file', 'scheduled__2019-10-02T00:00:00+00:00', '--job-id', '187', '--raw', '--subdir', 'DAGS_FOLDER/fhv_gcs_dag.py', '--cfg-path', '/tmp/tmpap_9lc8l', '--error-file', '/tmp/tmpfpes0a_c']
[2022-02-03 18:19:15,050] {standard_task_runner.py:77} INFO - Job 187: Subtask delete_the_local_file
[2022-02-03 18:19:15,111] {logging_mixin.py:109} INFO - Running <TaskInstance: fhv_gcs_dag.delete_the_local_file scheduled__2019-10-02T00:00:00+00:00 [running]> on host bd2f56b76e32
[2022-02-03 18:19:15,158] {warnings.py:110} WARNING - /home/***/.local/lib/python3.7/site-packages/***/utils/context.py:152: AirflowContextDeprecationWarning: Accessing 'execution_date' from the template is deprecated and will be removed in a future version. Please use 'data_interval_start' or 'logical_date' instead.
  warnings.warn(_create_deprecation_warning(key, self._deprecation_replacements[key]))

[2022-02-03 18:19:15,181] {taskinstance.py:1426} INFO - Exporting the following env vars:
AIRFLOW_CTX_DAG_OWNER=***
AIRFLOW_CTX_DAG_ID=fhv_gcs_dag
AIRFLOW_CTX_TASK_ID=delete_the_local_file
AIRFLOW_CTX_EXECUTION_DATE=2019-10-02T00:00:00+00:00
AIRFLOW_CTX_DAG_RUN_ID=scheduled__2019-10-02T00:00:00+00:00
[2022-02-03 18:19:15,183] {subprocess.py:62} INFO - Tmp dir root location: 
 /tmp
[2022-02-03 18:19:15,183] {subprocess.py:74} INFO - Running command: ['bash', '-c', 'rm /opt/***/output_2019-10.csv | rm /opt/***/output_2019-10.parquet']
[2022-02-03 18:19:15,195] {subprocess.py:85} INFO - Output:
[2022-02-03 18:19:15,218] {subprocess.py:93} INFO - Command exited with return code 0
[2022-02-03 18:19:15,251] {taskinstance.py:1277} INFO - Marking task as SUCCESS. dag_id=fhv_gcs_dag, task_id=delete_the_local_file, execution_date=20191002T000000, start_date=20220203T181915, end_date=20220203T181915
[2022-02-03 18:19:15,301] {local_task_job.py:154} INFO - Task exited with return code 0
[2022-02-03 18:19:15,339] {local_task_job.py:264} INFO - 0 downstream tasks scheduled from follow-on schedule check
<<<<<<< HEAD
[2022-02-19 23:58:59,052] {taskinstance.py:1032} INFO - Dependencies all met for <TaskInstance: fhv_gcs_dag.delete_the_local_file scheduled__2019-10-02T00:00:00+00:00 [queued]>
[2022-02-19 23:58:59,078] {taskinstance.py:1032} INFO - Dependencies all met for <TaskInstance: fhv_gcs_dag.delete_the_local_file scheduled__2019-10-02T00:00:00+00:00 [queued]>
[2022-02-19 23:58:59,078] {taskinstance.py:1238} INFO - 
--------------------------------------------------------------------------------
[2022-02-19 23:58:59,078] {taskinstance.py:1239} INFO - Starting attempt 1 of 2
[2022-02-19 23:58:59,078] {taskinstance.py:1240} INFO - 
--------------------------------------------------------------------------------
[2022-02-19 23:58:59,131] {taskinstance.py:1259} INFO - Executing <Task(BashOperator): delete_the_local_file> on 2019-10-02 00:00:00+00:00
[2022-02-19 23:58:59,143] {standard_task_runner.py:76} INFO - Running: ['***', 'tasks', 'run', 'fhv_gcs_dag', 'delete_the_local_file', 'scheduled__2019-10-02T00:00:00+00:00', '--job-id', '297', '--raw', '--subdir', 'DAGS_FOLDER/fhv_gcs_dag.py', '--cfg-path', '/tmp/tmp28asz9ag', '--error-file', '/tmp/tmpehpbbjdx']
[2022-02-19 23:58:59,144] {standard_task_runner.py:77} INFO - Job 297: Subtask delete_the_local_file
[2022-02-19 23:58:59,152] {standard_task_runner.py:52} INFO - Started process 194 to run task
[2022-02-19 23:58:59,326] {logging_mixin.py:109} INFO - Running <TaskInstance: fhv_gcs_dag.delete_the_local_file scheduled__2019-10-02T00:00:00+00:00 [running]> on host da07aa254901
[2022-02-19 23:58:59,458] {warnings.py:110} WARNING - /home/***/.local/lib/python3.7/site-packages/***/utils/context.py:152: AirflowContextDeprecationWarning: Accessing 'execution_date' from the template is deprecated and will be removed in a future version. Please use 'data_interval_start' or 'logical_date' instead.
  warnings.warn(_create_deprecation_warning(key, self._deprecation_replacements[key]))

[2022-02-19 23:58:59,523] {taskinstance.py:1426} INFO - Exporting the following env vars:
AIRFLOW_CTX_DAG_OWNER=***
AIRFLOW_CTX_DAG_ID=fhv_gcs_dag
AIRFLOW_CTX_TASK_ID=delete_the_local_file
AIRFLOW_CTX_EXECUTION_DATE=2019-10-02T00:00:00+00:00
AIRFLOW_CTX_DAG_RUN_ID=scheduled__2019-10-02T00:00:00+00:00
[2022-02-19 23:58:59,524] {subprocess.py:62} INFO - Tmp dir root location: 
 /tmp
[2022-02-19 23:58:59,525] {subprocess.py:74} INFO - Running command: ['bash', '-c', 'rm /opt/***/output_2019-10.csv | rm /opt/***/output_2019-10.parquet']
[2022-02-19 23:58:59,554] {subprocess.py:85} INFO - Output:
[2022-02-19 23:58:59,594] {subprocess.py:93} INFO - Command exited with return code 0
[2022-02-19 23:58:59,653] {taskinstance.py:1277} INFO - Marking task as SUCCESS. dag_id=fhv_gcs_dag, task_id=delete_the_local_file, execution_date=20191002T000000, start_date=20220219T235859, end_date=20220219T235859
[2022-02-19 23:58:59,729] {local_task_job.py:154} INFO - Task exited with return code 0
[2022-02-19 23:58:59,842] {local_task_job.py:264} INFO - 0 downstream tasks scheduled from follow-on schedule check
[2022-02-23 20:43:34,393] {taskinstance.py:1032} INFO - Dependencies all met for <TaskInstance: fhv_gcs_dag.delete_the_local_file scheduled__2019-10-02T00:00:00+00:00 [queued]>
[2022-02-23 20:43:34,414] {taskinstance.py:1032} INFO - Dependencies all met for <TaskInstance: fhv_gcs_dag.delete_the_local_file scheduled__2019-10-02T00:00:00+00:00 [queued]>
[2022-02-23 20:43:34,414] {taskinstance.py:1238} INFO - 
--------------------------------------------------------------------------------
[2022-02-23 20:43:34,414] {taskinstance.py:1239} INFO - Starting attempt 1 of 2
[2022-02-23 20:43:34,414] {taskinstance.py:1240} INFO - 
--------------------------------------------------------------------------------
[2022-02-23 20:43:34,439] {taskinstance.py:1259} INFO - Executing <Task(BashOperator): delete_the_local_file> on 2019-10-02 00:00:00+00:00
[2022-02-23 20:43:34,448] {standard_task_runner.py:52} INFO - Started process 513 to run task
[2022-02-23 20:43:34,455] {standard_task_runner.py:76} INFO - Running: ['***', 'tasks', 'run', 'fhv_gcs_dag', 'delete_the_local_file', 'scheduled__2019-10-02T00:00:00+00:00', '--job-id', '39', '--raw', '--subdir', 'DAGS_FOLDER/fhv_gcs_dag.py', '--cfg-path', '/tmp/tmpiuj7cau3', '--error-file', '/tmp/tmplqpgx12o']
[2022-02-23 20:43:34,456] {standard_task_runner.py:77} INFO - Job 39: Subtask delete_the_local_file
[2022-02-23 20:43:34,559] {logging_mixin.py:109} INFO - Running <TaskInstance: fhv_gcs_dag.delete_the_local_file scheduled__2019-10-02T00:00:00+00:00 [running]> on host 1c172e0325c8
[2022-02-23 20:43:34,623] {warnings.py:110} WARNING - /home/***/.local/lib/python3.7/site-packages/***/utils/context.py:152: AirflowContextDeprecationWarning: Accessing 'execution_date' from the template is deprecated and will be removed in a future version. Please use 'data_interval_start' or 'logical_date' instead.
  warnings.warn(_create_deprecation_warning(key, self._deprecation_replacements[key]))

[2022-02-23 20:43:34,651] {taskinstance.py:1426} INFO - Exporting the following env vars:
AIRFLOW_CTX_DAG_OWNER=***
AIRFLOW_CTX_DAG_ID=fhv_gcs_dag
AIRFLOW_CTX_TASK_ID=delete_the_local_file
AIRFLOW_CTX_EXECUTION_DATE=2019-10-02T00:00:00+00:00
AIRFLOW_CTX_DAG_RUN_ID=scheduled__2019-10-02T00:00:00+00:00
[2022-02-23 20:43:34,653] {subprocess.py:62} INFO - Tmp dir root location: 
 /tmp
[2022-02-23 20:43:34,653] {subprocess.py:74} INFO - Running command: ['bash', '-c', 'rm /opt/***/output_2019-10.csv | rm /opt/***/output_2019-10.parquet']
[2022-02-23 20:43:34,668] {subprocess.py:85} INFO - Output:
[2022-02-23 20:43:34,679] {subprocess.py:93} INFO - Command exited with return code 0
[2022-02-23 20:43:34,713] {taskinstance.py:1277} INFO - Marking task as SUCCESS. dag_id=fhv_gcs_dag, task_id=delete_the_local_file, execution_date=20191002T000000, start_date=20220223T204334, end_date=20220223T204334
[2022-02-23 20:43:34,760] {local_task_job.py:154} INFO - Task exited with return code 0
[2022-02-23 20:43:34,818] {local_task_job.py:264} INFO - 0 downstream tasks scheduled from follow-on schedule check
=======
>>>>>>> origin/master
