[2022-02-09 20:32:40,087] {taskinstance.py:1032} INFO - Dependencies all met for <TaskInstance: green_taxi_gcs_dag.format_to_parquet_task scheduled__2019-06-02T00:00:00+00:00 [queued]>
[2022-02-09 20:32:40,152] {taskinstance.py:1032} INFO - Dependencies all met for <TaskInstance: green_taxi_gcs_dag.format_to_parquet_task scheduled__2019-06-02T00:00:00+00:00 [queued]>
[2022-02-09 20:32:40,162] {taskinstance.py:1238} INFO - 
--------------------------------------------------------------------------------
[2022-02-09 20:32:40,162] {taskinstance.py:1239} INFO - Starting attempt 1 of 2
[2022-02-09 20:32:40,162] {taskinstance.py:1240} INFO - 
--------------------------------------------------------------------------------
[2022-02-09 20:32:40,284] {taskinstance.py:1259} INFO - Executing <Task(PythonOperator): format_to_parquet_task> on 2019-06-02 00:00:00+00:00
[2022-02-09 20:32:40,317] {standard_task_runner.py:52} INFO - Started process 237 to run task
[2022-02-09 20:32:40,344] {standard_task_runner.py:76} INFO - Running: ['***', 'tasks', 'run', 'green_taxi_gcs_dag', 'format_to_parquet_task', 'scheduled__2019-06-02T00:00:00+00:00', '--job-id', '37', '--raw', '--subdir', 'DAGS_FOLDER/green_gcs_dag.py', '--cfg-path', '/tmp/tmpdu_76cnj', '--error-file', '/tmp/tmpzrmba4id']
[2022-02-09 20:32:40,346] {standard_task_runner.py:77} INFO - Job 37: Subtask format_to_parquet_task
[2022-02-09 20:32:40,596] {logging_mixin.py:109} INFO - Running <TaskInstance: green_taxi_gcs_dag.format_to_parquet_task scheduled__2019-06-02T00:00:00+00:00 [running]> on host 4f97b6b16bdb
[2022-02-09 20:32:40,814] {warnings.py:110} WARNING - /home/***/.local/lib/python3.7/site-packages/***/utils/context.py:152: AirflowContextDeprecationWarning: Accessing 'execution_date' from the template is deprecated and will be removed in a future version. Please use 'data_interval_start' or 'logical_date' instead.
  warnings.warn(_create_deprecation_warning(key, self._deprecation_replacements[key]))

[2022-02-09 20:32:40,888] {taskinstance.py:1426} INFO - Exporting the following env vars:
AIRFLOW_CTX_DAG_OWNER=***
AIRFLOW_CTX_DAG_ID=green_taxi_gcs_dag
AIRFLOW_CTX_TASK_ID=format_to_parquet_task
AIRFLOW_CTX_EXECUTION_DATE=2019-06-02T00:00:00+00:00
AIRFLOW_CTX_DAG_RUN_ID=scheduled__2019-06-02T00:00:00+00:00
[2022-02-09 20:32:44,572] {python.py:175} INFO - Done. Returned value was: None
[2022-02-09 20:32:44,610] {taskinstance.py:1277} INFO - Marking task as SUCCESS. dag_id=green_taxi_gcs_dag, task_id=format_to_parquet_task, execution_date=20190602T000000, start_date=20220209T203240, end_date=20220209T203244
[2022-02-09 20:32:44,841] {local_task_job.py:154} INFO - Task exited with return code 0
[2022-02-09 20:32:45,012] {local_task_job.py:264} INFO - 1 downstream tasks scheduled from follow-on schedule check
[2022-02-09 20:43:54,227] {taskinstance.py:1032} INFO - Dependencies all met for <TaskInstance: green_taxi_gcs_dag.format_to_parquet_task scheduled__2019-06-02T00:00:00+00:00 [queued]>
[2022-02-09 20:43:54,280] {taskinstance.py:1032} INFO - Dependencies all met for <TaskInstance: green_taxi_gcs_dag.format_to_parquet_task scheduled__2019-06-02T00:00:00+00:00 [queued]>
[2022-02-09 20:43:54,280] {taskinstance.py:1238} INFO - 
--------------------------------------------------------------------------------
[2022-02-09 20:43:54,280] {taskinstance.py:1239} INFO - Starting attempt 1 of 2
[2022-02-09 20:43:54,280] {taskinstance.py:1240} INFO - 
--------------------------------------------------------------------------------
[2022-02-09 20:43:54,333] {taskinstance.py:1259} INFO - Executing <Task(PythonOperator): format_to_parquet_task> on 2019-06-02 00:00:00+00:00
[2022-02-09 20:43:54,367] {standard_task_runner.py:52} INFO - Started process 699 to run task
[2022-02-09 20:43:54,375] {standard_task_runner.py:76} INFO - Running: ['***', 'tasks', 'run', 'green_taxi_gcs_dag', 'format_to_parquet_task', 'scheduled__2019-06-02T00:00:00+00:00', '--job-id', '139', '--raw', '--subdir', 'DAGS_FOLDER/green_gcs_dag.py', '--cfg-path', '/tmp/tmpgs9wf5pe', '--error-file', '/tmp/tmpu8ypah0x']
[2022-02-09 20:43:54,378] {standard_task_runner.py:77} INFO - Job 139: Subtask format_to_parquet_task
[2022-02-09 20:43:54,573] {logging_mixin.py:109} INFO - Running <TaskInstance: green_taxi_gcs_dag.format_to_parquet_task scheduled__2019-06-02T00:00:00+00:00 [running]> on host 4f97b6b16bdb
[2022-02-09 20:43:54,660] {warnings.py:110} WARNING - /home/***/.local/lib/python3.7/site-packages/***/utils/context.py:152: AirflowContextDeprecationWarning: Accessing 'execution_date' from the template is deprecated and will be removed in a future version. Please use 'data_interval_start' or 'logical_date' instead.
  warnings.warn(_create_deprecation_warning(key, self._deprecation_replacements[key]))

[2022-02-09 20:43:54,689] {taskinstance.py:1426} INFO - Exporting the following env vars:
AIRFLOW_CTX_DAG_OWNER=***
AIRFLOW_CTX_DAG_ID=green_taxi_gcs_dag
AIRFLOW_CTX_TASK_ID=format_to_parquet_task
AIRFLOW_CTX_EXECUTION_DATE=2019-06-02T00:00:00+00:00
AIRFLOW_CTX_DAG_RUN_ID=scheduled__2019-06-02T00:00:00+00:00
[2022-02-09 20:43:55,581] {python.py:175} INFO - Done. Returned value was: None
[2022-02-09 20:43:55,607] {taskinstance.py:1277} INFO - Marking task as SUCCESS. dag_id=green_taxi_gcs_dag, task_id=format_to_parquet_task, execution_date=20190602T000000, start_date=20220209T204354, end_date=20220209T204355
[2022-02-09 20:43:55,699] {local_task_job.py:154} INFO - Task exited with return code 0
[2022-02-09 20:43:55,764] {local_task_job.py:264} INFO - 1 downstream tasks scheduled from follow-on schedule check
[2022-02-20 00:05:31,076] {taskinstance.py:1032} INFO - Dependencies all met for <TaskInstance: green_taxi_gcs_dag.format_to_parquet_task scheduled__2019-06-02T00:00:00+00:00 [queued]>
[2022-02-20 00:05:31,096] {taskinstance.py:1032} INFO - Dependencies all met for <TaskInstance: green_taxi_gcs_dag.format_to_parquet_task scheduled__2019-06-02T00:00:00+00:00 [queued]>
[2022-02-20 00:05:31,096] {taskinstance.py:1238} INFO - 
--------------------------------------------------------------------------------
[2022-02-20 00:05:31,096] {taskinstance.py:1239} INFO - Starting attempt 1 of 2
[2022-02-20 00:05:31,096] {taskinstance.py:1240} INFO - 
--------------------------------------------------------------------------------
[2022-02-20 00:05:31,123] {taskinstance.py:1259} INFO - Executing <Task(PythonOperator): format_to_parquet_task> on 2019-06-02 00:00:00+00:00
[2022-02-20 00:05:31,129] {standard_task_runner.py:52} INFO - Started process 606 to run task
[2022-02-20 00:05:31,133] {standard_task_runner.py:76} INFO - Running: ['***', 'tasks', 'run', 'green_taxi_gcs_dag', 'format_to_parquet_task', 'scheduled__2019-06-02T00:00:00+00:00', '--job-id', '327', '--raw', '--subdir', 'DAGS_FOLDER/green_gcs_dag.py', '--cfg-path', '/tmp/tmp0hojf42x', '--error-file', '/tmp/tmpqyjpgso4']
[2022-02-20 00:05:31,134] {standard_task_runner.py:77} INFO - Job 327: Subtask format_to_parquet_task
[2022-02-20 00:05:31,268] {logging_mixin.py:109} INFO - Running <TaskInstance: green_taxi_gcs_dag.format_to_parquet_task scheduled__2019-06-02T00:00:00+00:00 [running]> on host da07aa254901
[2022-02-20 00:05:31,357] {warnings.py:110} WARNING - /home/***/.local/lib/python3.7/site-packages/***/utils/context.py:152: AirflowContextDeprecationWarning: Accessing 'execution_date' from the template is deprecated and will be removed in a future version. Please use 'data_interval_start' or 'logical_date' instead.
  warnings.warn(_create_deprecation_warning(key, self._deprecation_replacements[key]))

[2022-02-20 00:05:31,402] {taskinstance.py:1426} INFO - Exporting the following env vars:
AIRFLOW_CTX_DAG_OWNER=***
AIRFLOW_CTX_DAG_ID=green_taxi_gcs_dag
AIRFLOW_CTX_TASK_ID=format_to_parquet_task
AIRFLOW_CTX_EXECUTION_DATE=2019-06-02T00:00:00+00:00
AIRFLOW_CTX_DAG_RUN_ID=scheduled__2019-06-02T00:00:00+00:00
[2022-02-20 00:05:32,462] {python.py:175} INFO - Done. Returned value was: None
[2022-02-20 00:05:32,658] {taskinstance.py:1277} INFO - Marking task as SUCCESS. dag_id=green_taxi_gcs_dag, task_id=format_to_parquet_task, execution_date=20190602T000000, start_date=20220220T000531, end_date=20220220T000532
[2022-02-20 00:05:32,819] {local_task_job.py:154} INFO - Task exited with return code 0
[2022-02-20 00:05:32,925] {local_task_job.py:264} INFO - 1 downstream tasks scheduled from follow-on schedule check
[2022-02-20 01:59:51,864] {taskinstance.py:1032} INFO - Dependencies all met for <TaskInstance: green_taxi_gcs_dag.format_to_parquet_task scheduled__2019-06-02T00:00:00+00:00 [queued]>
[2022-02-20 01:59:51,882] {taskinstance.py:1032} INFO - Dependencies all met for <TaskInstance: green_taxi_gcs_dag.format_to_parquet_task scheduled__2019-06-02T00:00:00+00:00 [queued]>
[2022-02-20 01:59:51,882] {taskinstance.py:1238} INFO - 
--------------------------------------------------------------------------------
[2022-02-20 01:59:51,883] {taskinstance.py:1239} INFO - Starting attempt 1 of 2
[2022-02-20 01:59:51,883] {taskinstance.py:1240} INFO - 
--------------------------------------------------------------------------------
[2022-02-20 01:59:51,901] {taskinstance.py:1259} INFO - Executing <Task(PythonOperator): format_to_parquet_task> on 2019-06-02 00:00:00+00:00
[2022-02-20 01:59:51,908] {standard_task_runner.py:52} INFO - Started process 322 to run task
[2022-02-20 01:59:51,912] {standard_task_runner.py:76} INFO - Running: ['***', 'tasks', 'run', 'green_taxi_gcs_dag', 'format_to_parquet_task', 'scheduled__2019-06-02T00:00:00+00:00', '--job-id', '533', '--raw', '--subdir', 'DAGS_FOLDER/green_gcs_dag.py', '--cfg-path', '/tmp/tmpfpmswua6', '--error-file', '/tmp/tmp1xoq0z2c']
[2022-02-20 01:59:51,913] {standard_task_runner.py:77} INFO - Job 533: Subtask format_to_parquet_task
[2022-02-20 01:59:51,983] {logging_mixin.py:109} INFO - Running <TaskInstance: green_taxi_gcs_dag.format_to_parquet_task scheduled__2019-06-02T00:00:00+00:00 [running]> on host 5484a3a1f7c3
[2022-02-20 01:59:52,036] {warnings.py:110} WARNING - /home/***/.local/lib/python3.7/site-packages/***/utils/context.py:152: AirflowContextDeprecationWarning: Accessing 'execution_date' from the template is deprecated and will be removed in a future version. Please use 'data_interval_start' or 'logical_date' instead.
  warnings.warn(_create_deprecation_warning(key, self._deprecation_replacements[key]))

[2022-02-20 01:59:52,065] {taskinstance.py:1426} INFO - Exporting the following env vars:
AIRFLOW_CTX_DAG_OWNER=***
AIRFLOW_CTX_DAG_ID=green_taxi_gcs_dag
AIRFLOW_CTX_TASK_ID=format_to_parquet_task
AIRFLOW_CTX_EXECUTION_DATE=2019-06-02T00:00:00+00:00
AIRFLOW_CTX_DAG_RUN_ID=scheduled__2019-06-02T00:00:00+00:00
[2022-02-20 01:59:52,990] {python.py:175} INFO - Done. Returned value was: None
[2022-02-20 01:59:53,005] {taskinstance.py:1277} INFO - Marking task as SUCCESS. dag_id=green_taxi_gcs_dag, task_id=format_to_parquet_task, execution_date=20190602T000000, start_date=20220220T015951, end_date=20220220T015953
[2022-02-20 01:59:53,055] {local_task_job.py:154} INFO - Task exited with return code 0
[2022-02-20 01:59:53,114] {local_task_job.py:264} INFO - 1 downstream tasks scheduled from follow-on schedule check
