[2022-02-03 17:29:09,870] {taskinstance.py:1032} INFO - Dependencies all met for <TaskInstance: yellow_taxi_gcs_dag.delete_the_local_file scheduled__2020-12-02T00:00:00+00:00 [queued]>
[2022-02-03 17:29:09,881] {taskinstance.py:1032} INFO - Dependencies all met for <TaskInstance: yellow_taxi_gcs_dag.delete_the_local_file scheduled__2020-12-02T00:00:00+00:00 [queued]>
[2022-02-03 17:29:09,882] {taskinstance.py:1238} INFO - 
--------------------------------------------------------------------------------
[2022-02-03 17:29:09,882] {taskinstance.py:1239} INFO - Starting attempt 1 of 2
[2022-02-03 17:29:09,882] {taskinstance.py:1240} INFO - 
--------------------------------------------------------------------------------
[2022-02-03 17:29:09,896] {taskinstance.py:1259} INFO - Executing <Task(BashOperator): delete_the_local_file> on 2020-12-02 00:00:00+00:00
[2022-02-03 17:29:09,902] {standard_task_runner.py:52} INFO - Started process 3367 to run task
[2022-02-03 17:29:09,906] {standard_task_runner.py:76} INFO - Running: ['***', 'tasks', 'run', 'yellow_taxi_gcs_dag', 'delete_the_local_file', 'scheduled__2020-12-02T00:00:00+00:00', '--job-id', '139', '--raw', '--subdir', 'DAGS_FOLDER/yellow_taxi_gcs_dag.py', '--cfg-path', '/tmp/tmpv0letnqa', '--error-file', '/tmp/tmpwuji1aoc']
[2022-02-03 17:29:09,907] {standard_task_runner.py:77} INFO - Job 139: Subtask delete_the_local_file
[2022-02-03 17:29:09,971] {logging_mixin.py:109} INFO - Running <TaskInstance: yellow_taxi_gcs_dag.delete_the_local_file scheduled__2020-12-02T00:00:00+00:00 [running]> on host 7e458922b35d
[2022-02-03 17:29:10,020] {warnings.py:110} WARNING - /home/***/.local/lib/python3.7/site-packages/***/utils/context.py:152: AirflowContextDeprecationWarning: Accessing 'execution_date' from the template is deprecated and will be removed in a future version. Please use 'data_interval_start' or 'logical_date' instead.
  warnings.warn(_create_deprecation_warning(key, self._deprecation_replacements[key]))

[2022-02-03 17:29:10,044] {taskinstance.py:1426} INFO - Exporting the following env vars:
AIRFLOW_CTX_DAG_OWNER=***
AIRFLOW_CTX_DAG_ID=yellow_taxi_gcs_dag
AIRFLOW_CTX_TASK_ID=delete_the_local_file
AIRFLOW_CTX_EXECUTION_DATE=2020-12-02T00:00:00+00:00
AIRFLOW_CTX_DAG_RUN_ID=scheduled__2020-12-02T00:00:00+00:00
[2022-02-03 17:29:10,045] {subprocess.py:62} INFO - Tmp dir root location: 
 /tmp
[2022-02-03 17:29:10,046] {subprocess.py:74} INFO - Running command: ['bash', '-c', 'rm /opt/***/output_2020-12.csv | rm /opt/***/output_2020-12.parquet']
[2022-02-03 17:29:10,060] {subprocess.py:85} INFO - Output:
[2022-02-03 17:29:10,089] {subprocess.py:93} INFO - Command exited with return code 0
[2022-02-03 17:29:10,118] {taskinstance.py:1277} INFO - Marking task as SUCCESS. dag_id=yellow_taxi_gcs_dag, task_id=delete_the_local_file, execution_date=20201202T000000, start_date=20220203T172909, end_date=20220203T172910
[2022-02-03 17:29:10,158] {local_task_job.py:154} INFO - Task exited with return code 0
[2022-02-03 17:29:10,192] {local_task_job.py:264} INFO - 0 downstream tasks scheduled from follow-on schedule check
[2022-02-20 00:32:12,327] {taskinstance.py:1032} INFO - Dependencies all met for <TaskInstance: yellow_taxi_gcs_dag.delete_the_local_file scheduled__2020-12-02T00:00:00+00:00 [queued]>
[2022-02-20 00:32:12,350] {taskinstance.py:1032} INFO - Dependencies all met for <TaskInstance: yellow_taxi_gcs_dag.delete_the_local_file scheduled__2020-12-02T00:00:00+00:00 [queued]>
[2022-02-20 00:32:12,350] {taskinstance.py:1238} INFO - 
--------------------------------------------------------------------------------
[2022-02-20 00:32:12,350] {taskinstance.py:1239} INFO - Starting attempt 1 of 2
[2022-02-20 00:32:12,351] {taskinstance.py:1240} INFO - 
--------------------------------------------------------------------------------
[2022-02-20 00:32:12,373] {taskinstance.py:1259} INFO - Executing <Task(BashOperator): delete_the_local_file> on 2020-12-02 00:00:00+00:00
[2022-02-20 00:32:12,380] {standard_task_runner.py:52} INFO - Started process 2549 to run task
[2022-02-20 00:32:12,384] {standard_task_runner.py:76} INFO - Running: ['***', 'tasks', 'run', 'yellow_taxi_gcs_dag', 'delete_the_local_file', 'scheduled__2020-12-02T00:00:00+00:00', '--job-id', '511', '--raw', '--subdir', 'DAGS_FOLDER/yellow_taxi_gcs_dag.py', '--cfg-path', '/tmp/tmprju82wky', '--error-file', '/tmp/tmpgl4djm12']
[2022-02-20 00:32:12,385] {standard_task_runner.py:77} INFO - Job 511: Subtask delete_the_local_file
[2022-02-20 00:32:12,461] {logging_mixin.py:109} INFO - Running <TaskInstance: yellow_taxi_gcs_dag.delete_the_local_file scheduled__2020-12-02T00:00:00+00:00 [running]> on host da07aa254901
[2022-02-20 00:32:12,517] {warnings.py:110} WARNING - /home/***/.local/lib/python3.7/site-packages/***/utils/context.py:152: AirflowContextDeprecationWarning: Accessing 'execution_date' from the template is deprecated and will be removed in a future version. Please use 'data_interval_start' or 'logical_date' instead.
  warnings.warn(_create_deprecation_warning(key, self._deprecation_replacements[key]))

[2022-02-20 00:32:12,538] {taskinstance.py:1426} INFO - Exporting the following env vars:
AIRFLOW_CTX_DAG_OWNER=***
AIRFLOW_CTX_DAG_ID=yellow_taxi_gcs_dag
AIRFLOW_CTX_TASK_ID=delete_the_local_file
AIRFLOW_CTX_EXECUTION_DATE=2020-12-02T00:00:00+00:00
AIRFLOW_CTX_DAG_RUN_ID=scheduled__2020-12-02T00:00:00+00:00
[2022-02-20 00:32:12,540] {subprocess.py:62} INFO - Tmp dir root location: 
 /tmp
[2022-02-20 00:32:12,540] {subprocess.py:74} INFO - Running command: ['bash', '-c', 'rm /opt/***/output_2020-12.csv | rm /opt/***/output_2020-12.parquet']
[2022-02-20 00:32:12,553] {subprocess.py:85} INFO - Output:
[2022-02-20 00:32:12,578] {subprocess.py:93} INFO - Command exited with return code 0
[2022-02-20 00:32:12,611] {taskinstance.py:1277} INFO - Marking task as SUCCESS. dag_id=yellow_taxi_gcs_dag, task_id=delete_the_local_file, execution_date=20201202T000000, start_date=20220220T003212, end_date=20220220T003212
[2022-02-20 00:32:12,675] {local_task_job.py:154} INFO - Task exited with return code 0
[2022-02-20 00:32:12,741] {local_task_job.py:264} INFO - 0 downstream tasks scheduled from follow-on schedule check
