[2022-02-03 17:17:05,194] {taskinstance.py:1032} INFO - Dependencies all met for <TaskInstance: yellow_taxi_gcs_dag.local_to_gcs_task scheduled__2019-05-02T00:00:00+00:00 [queued]>
[2022-02-03 17:17:05,206] {taskinstance.py:1032} INFO - Dependencies all met for <TaskInstance: yellow_taxi_gcs_dag.local_to_gcs_task scheduled__2019-05-02T00:00:00+00:00 [queued]>
[2022-02-03 17:17:05,206] {taskinstance.py:1238} INFO - 
--------------------------------------------------------------------------------
[2022-02-03 17:17:05,206] {taskinstance.py:1239} INFO - Starting attempt 1 of 2
[2022-02-03 17:17:05,206] {taskinstance.py:1240} INFO - 
--------------------------------------------------------------------------------
[2022-02-03 17:17:05,221] {taskinstance.py:1259} INFO - Executing <Task(PythonOperator): local_to_gcs_task> on 2019-05-02 00:00:00+00:00
[2022-02-03 17:17:05,228] {standard_task_runner.py:52} INFO - Started process 2428 to run task
[2022-02-03 17:17:05,233] {standard_task_runner.py:76} INFO - Running: ['***', 'tasks', 'run', 'yellow_taxi_gcs_dag', 'local_to_gcs_task', 'scheduled__2019-05-02T00:00:00+00:00', '--job-id', '63', '--raw', '--subdir', 'DAGS_FOLDER/yellow_taxi_gcs_dag.py', '--cfg-path', '/tmp/tmpxlsgr5an', '--error-file', '/tmp/tmpujywxpfc']
[2022-02-03 17:17:05,234] {standard_task_runner.py:77} INFO - Job 63: Subtask local_to_gcs_task
[2022-02-03 17:17:05,300] {logging_mixin.py:109} INFO - Running <TaskInstance: yellow_taxi_gcs_dag.local_to_gcs_task scheduled__2019-05-02T00:00:00+00:00 [running]> on host 7e458922b35d
[2022-02-03 17:17:05,351] {warnings.py:110} WARNING - /home/***/.local/lib/python3.7/site-packages/***/utils/context.py:152: AirflowContextDeprecationWarning: Accessing 'execution_date' from the template is deprecated and will be removed in a future version. Please use 'data_interval_start' or 'logical_date' instead.
  warnings.warn(_create_deprecation_warning(key, self._deprecation_replacements[key]))

[2022-02-03 17:17:05,385] {taskinstance.py:1426} INFO - Exporting the following env vars:
AIRFLOW_CTX_DAG_OWNER=***
AIRFLOW_CTX_DAG_ID=yellow_taxi_gcs_dag
AIRFLOW_CTX_TASK_ID=local_to_gcs_task
AIRFLOW_CTX_EXECUTION_DATE=2019-05-02T00:00:00+00:00
AIRFLOW_CTX_DAG_RUN_ID=scheduled__2019-05-02T00:00:00+00:00
[2022-02-03 17:17:21,254] {python.py:175} INFO - Done. Returned value was: None
[2022-02-03 17:17:21,275] {taskinstance.py:1277} INFO - Marking task as SUCCESS. dag_id=yellow_taxi_gcs_dag, task_id=local_to_gcs_task, execution_date=20190502T000000, start_date=20220203T171705, end_date=20220203T171721
[2022-02-03 17:17:21,398] {local_task_job.py:154} INFO - Task exited with return code 0
[2022-02-03 17:17:21,556] {local_task_job.py:264} INFO - 0 downstream tasks scheduled from follow-on schedule check
