[2022-02-03 13:45:35,253] {taskinstance.py:1032} INFO - Dependencies all met for <TaskInstance: LocalIngestionDag.wget scheduled__2019-09-02T06:00:00+00:00 [queued]>
[2022-02-03 13:45:35,285] {taskinstance.py:1032} INFO - Dependencies all met for <TaskInstance: LocalIngestionDag.wget scheduled__2019-09-02T06:00:00+00:00 [queued]>
[2022-02-03 13:45:35,285] {taskinstance.py:1238} INFO - 
--------------------------------------------------------------------------------
[2022-02-03 13:45:35,285] {taskinstance.py:1239} INFO - Starting attempt 1 of 1
[2022-02-03 13:45:35,285] {taskinstance.py:1240} INFO - 
--------------------------------------------------------------------------------
[2022-02-03 13:45:35,347] {taskinstance.py:1259} INFO - Executing <Task(BashOperator): wget> on 2019-09-02 06:00:00+00:00
[2022-02-03 13:45:35,358] {standard_task_runner.py:52} INFO - Started process 1414 to run task
[2022-02-03 13:45:35,364] {standard_task_runner.py:76} INFO - Running: ['***', 'tasks', 'run', 'LocalIngestionDag', 'wget', 'scheduled__2019-09-02T06:00:00+00:00', '--job-id', '35', '--raw', '--subdir', 'DAGS_FOLDER/data_ingestion_localDB_dag.py', '--cfg-path', '/tmp/tmpggi5sqcl', '--error-file', '/tmp/tmpwtvb_0eh']
[2022-02-03 13:45:35,370] {standard_task_runner.py:77} INFO - Job 35: Subtask wget
[2022-02-03 13:45:35,833] {logging_mixin.py:109} INFO - Running <TaskInstance: LocalIngestionDag.wget scheduled__2019-09-02T06:00:00+00:00 [running]> on host 2b92176b720f
[2022-02-03 13:45:36,097] {warnings.py:110} WARNING - /home/***/.local/lib/python3.7/site-packages/***/utils/context.py:152: AirflowContextDeprecationWarning: Accessing 'execution_date' from the template is deprecated and will be removed in a future version. Please use 'data_interval_start' or 'logical_date' instead.
  warnings.warn(_create_deprecation_warning(key, self._deprecation_replacements[key]))

[2022-02-03 13:45:36,192] {taskinstance.py:1426} INFO - Exporting the following env vars:
AIRFLOW_CTX_DAG_OWNER=***
AIRFLOW_CTX_DAG_ID=LocalIngestionDag
AIRFLOW_CTX_TASK_ID=wget
AIRFLOW_CTX_EXECUTION_DATE=2019-09-02T06:00:00+00:00
AIRFLOW_CTX_DAG_RUN_ID=scheduled__2019-09-02T06:00:00+00:00
[2022-02-03 13:45:36,194] {subprocess.py:62} INFO - Tmp dir root location: 
 /tmp
[2022-02-03 13:45:36,200] {subprocess.py:74} INFO - Running command: ['bash', '-c', 'echo "2019-m%"']
[2022-02-03 13:45:36,251] {subprocess.py:85} INFO - Output:
[2022-02-03 13:45:36,255] {subprocess.py:89} INFO - 2019-m%
[2022-02-03 13:45:36,257] {subprocess.py:93} INFO - Command exited with return code 0
[2022-02-03 13:45:36,424] {taskinstance.py:1277} INFO - Marking task as SUCCESS. dag_id=LocalIngestionDag, task_id=wget, execution_date=20190902T060000, start_date=20220203T134535, end_date=20220203T134536
[2022-02-03 13:45:36,599] {local_task_job.py:154} INFO - Task exited with return code 0
[2022-02-03 13:45:36,797] {local_task_job.py:264} INFO - 0 downstream tasks scheduled from follow-on schedule check
[2022-02-03 13:59:45,100] {taskinstance.py:1032} INFO - Dependencies all met for <TaskInstance: LocalIngestionDag.wget scheduled__2019-09-02T06:00:00+00:00 [queued]>
[2022-02-03 13:59:45,229] {taskinstance.py:1032} INFO - Dependencies all met for <TaskInstance: LocalIngestionDag.wget scheduled__2019-09-02T06:00:00+00:00 [queued]>
[2022-02-03 13:59:45,241] {taskinstance.py:1238} INFO - 
--------------------------------------------------------------------------------
[2022-02-03 13:59:45,241] {taskinstance.py:1239} INFO - Starting attempt 1 of 1
[2022-02-03 13:59:45,241] {taskinstance.py:1240} INFO - 
--------------------------------------------------------------------------------
[2022-02-03 13:59:45,580] {taskinstance.py:1259} INFO - Executing <Task(BashOperator): wget> on 2019-09-02 06:00:00+00:00
[2022-02-03 13:59:45,724] {standard_task_runner.py:52} INFO - Started process 93 to run task
[2022-02-03 13:59:45,849] {standard_task_runner.py:76} INFO - Running: ['***', 'tasks', 'run', 'LocalIngestionDag', 'wget', 'scheduled__2019-09-02T06:00:00+00:00', '--job-id', '78', '--raw', '--subdir', 'DAGS_FOLDER/data_ingestion_localDB_dag.py', '--cfg-path', '/tmp/tmp8fixh3ky', '--error-file', '/tmp/tmpfs18g2s4']
[2022-02-03 13:59:45,859] {standard_task_runner.py:77} INFO - Job 78: Subtask wget
[2022-02-03 13:59:46,608] {logging_mixin.py:109} INFO - Running <TaskInstance: LocalIngestionDag.wget scheduled__2019-09-02T06:00:00+00:00 [running]> on host cd3baa871297
[2022-02-03 13:59:46,956] {warnings.py:110} WARNING - /home/***/.local/lib/python3.7/site-packages/***/utils/context.py:152: AirflowContextDeprecationWarning: Accessing 'execution_date' from the template is deprecated and will be removed in a future version. Please use 'data_interval_start' or 'logical_date' instead.
  warnings.warn(_create_deprecation_warning(key, self._deprecation_replacements[key]))

[2022-02-03 13:59:47,086] {taskinstance.py:1426} INFO - Exporting the following env vars:
AIRFLOW_CTX_DAG_OWNER=***
AIRFLOW_CTX_DAG_ID=LocalIngestionDag
AIRFLOW_CTX_TASK_ID=wget
AIRFLOW_CTX_EXECUTION_DATE=2019-09-02T06:00:00+00:00
AIRFLOW_CTX_DAG_RUN_ID=scheduled__2019-09-02T06:00:00+00:00
[2022-02-03 13:59:47,089] {subprocess.py:62} INFO - Tmp dir root location: 
 /tmp
[2022-02-03 13:59:47,092] {subprocess.py:74} INFO - Running command: ['bash', '-c', 'echo "2019-09"']
[2022-02-03 13:59:47,155] {subprocess.py:85} INFO - Output:
[2022-02-03 13:59:47,173] {subprocess.py:89} INFO - 2019-09
[2022-02-03 13:59:47,175] {subprocess.py:93} INFO - Command exited with return code 0
[2022-02-03 13:59:47,324] {taskinstance.py:1277} INFO - Marking task as SUCCESS. dag_id=LocalIngestionDag, task_id=wget, execution_date=20190902T060000, start_date=20220203T135945, end_date=20220203T135947
[2022-02-03 13:59:47,516] {local_task_job.py:154} INFO - Task exited with return code 0
[2022-02-03 13:59:47,927] {local_task_job.py:264} INFO - 0 downstream tasks scheduled from follow-on schedule check
