[2022-02-03 13:45:37,875] {taskinstance.py:1032} INFO - Dependencies all met for <TaskInstance: LocalIngestionDag.wget scheduled__2019-11-02T06:00:00+00:00 [queued]>
[2022-02-03 13:45:38,025] {taskinstance.py:1032} INFO - Dependencies all met for <TaskInstance: LocalIngestionDag.wget scheduled__2019-11-02T06:00:00+00:00 [queued]>
[2022-02-03 13:45:38,026] {taskinstance.py:1238} INFO - 
--------------------------------------------------------------------------------
[2022-02-03 13:45:38,026] {taskinstance.py:1239} INFO - Starting attempt 1 of 1
[2022-02-03 13:45:38,026] {taskinstance.py:1240} INFO - 
--------------------------------------------------------------------------------
[2022-02-03 13:45:38,154] {taskinstance.py:1259} INFO - Executing <Task(BashOperator): wget> on 2019-11-02 06:00:00+00:00
[2022-02-03 13:45:38,222] {standard_task_runner.py:52} INFO - Started process 1429 to run task
[2022-02-03 13:45:38,297] {standard_task_runner.py:76} INFO - Running: ['***', 'tasks', 'run', 'LocalIngestionDag', 'wget', 'scheduled__2019-11-02T06:00:00+00:00', '--job-id', '37', '--raw', '--subdir', 'DAGS_FOLDER/data_ingestion_localDB_dag.py', '--cfg-path', '/tmp/tmpx4gitoxa', '--error-file', '/tmp/tmp2b_iiyuj']
[2022-02-03 13:45:38,298] {standard_task_runner.py:77} INFO - Job 37: Subtask wget
[2022-02-03 13:45:38,706] {logging_mixin.py:109} INFO - Running <TaskInstance: LocalIngestionDag.wget scheduled__2019-11-02T06:00:00+00:00 [running]> on host 2b92176b720f
[2022-02-03 13:45:39,030] {warnings.py:110} WARNING - /home/***/.local/lib/python3.7/site-packages/***/utils/context.py:152: AirflowContextDeprecationWarning: Accessing 'execution_date' from the template is deprecated and will be removed in a future version. Please use 'data_interval_start' or 'logical_date' instead.
  warnings.warn(_create_deprecation_warning(key, self._deprecation_replacements[key]))

[2022-02-03 13:45:39,091] {taskinstance.py:1426} INFO - Exporting the following env vars:
AIRFLOW_CTX_DAG_OWNER=***
AIRFLOW_CTX_DAG_ID=LocalIngestionDag
AIRFLOW_CTX_TASK_ID=wget
AIRFLOW_CTX_EXECUTION_DATE=2019-11-02T06:00:00+00:00
AIRFLOW_CTX_DAG_RUN_ID=scheduled__2019-11-02T06:00:00+00:00
[2022-02-03 13:45:39,104] {subprocess.py:62} INFO - Tmp dir root location: 
 /tmp
[2022-02-03 13:45:39,107] {subprocess.py:74} INFO - Running command: ['bash', '-c', 'echo "2019-m%"']
[2022-02-03 13:45:39,156] {subprocess.py:85} INFO - Output:
[2022-02-03 13:45:39,162] {subprocess.py:89} INFO - 2019-m%
[2022-02-03 13:45:39,163] {subprocess.py:93} INFO - Command exited with return code 0
[2022-02-03 13:45:39,350] {taskinstance.py:1277} INFO - Marking task as SUCCESS. dag_id=LocalIngestionDag, task_id=wget, execution_date=20191102T060000, start_date=20220203T134537, end_date=20220203T134539
[2022-02-03 13:45:39,546] {local_task_job.py:154} INFO - Task exited with return code 0
[2022-02-03 13:45:39,708] {local_task_job.py:264} INFO - 0 downstream tasks scheduled from follow-on schedule check
[2022-02-03 13:59:47,161] {taskinstance.py:1032} INFO - Dependencies all met for <TaskInstance: LocalIngestionDag.wget scheduled__2019-11-02T06:00:00+00:00 [queued]>
[2022-02-03 13:59:47,305] {taskinstance.py:1032} INFO - Dependencies all met for <TaskInstance: LocalIngestionDag.wget scheduled__2019-11-02T06:00:00+00:00 [queued]>
[2022-02-03 13:59:47,305] {taskinstance.py:1238} INFO - 
--------------------------------------------------------------------------------
[2022-02-03 13:59:47,305] {taskinstance.py:1239} INFO - Starting attempt 1 of 1
[2022-02-03 13:59:47,305] {taskinstance.py:1240} INFO - 
--------------------------------------------------------------------------------
[2022-02-03 13:59:47,442] {taskinstance.py:1259} INFO - Executing <Task(BashOperator): wget> on 2019-11-02 06:00:00+00:00
[2022-02-03 13:59:47,475] {standard_task_runner.py:52} INFO - Started process 99 to run task
[2022-02-03 13:59:47,580] {standard_task_runner.py:76} INFO - Running: ['***', 'tasks', 'run', 'LocalIngestionDag', 'wget', 'scheduled__2019-11-02T06:00:00+00:00', '--job-id', '80', '--raw', '--subdir', 'DAGS_FOLDER/data_ingestion_localDB_dag.py', '--cfg-path', '/tmp/tmpr2oh_cvy', '--error-file', '/tmp/tmpltl2zm47']
[2022-02-03 13:59:47,583] {standard_task_runner.py:77} INFO - Job 80: Subtask wget
[2022-02-03 13:59:48,166] {logging_mixin.py:109} INFO - Running <TaskInstance: LocalIngestionDag.wget scheduled__2019-11-02T06:00:00+00:00 [running]> on host cd3baa871297
[2022-02-03 13:59:48,542] {warnings.py:110} WARNING - /home/***/.local/lib/python3.7/site-packages/***/utils/context.py:152: AirflowContextDeprecationWarning: Accessing 'execution_date' from the template is deprecated and will be removed in a future version. Please use 'data_interval_start' or 'logical_date' instead.
  warnings.warn(_create_deprecation_warning(key, self._deprecation_replacements[key]))

[2022-02-03 13:59:48,700] {taskinstance.py:1426} INFO - Exporting the following env vars:
AIRFLOW_CTX_DAG_OWNER=***
AIRFLOW_CTX_DAG_ID=LocalIngestionDag
AIRFLOW_CTX_TASK_ID=wget
AIRFLOW_CTX_EXECUTION_DATE=2019-11-02T06:00:00+00:00
AIRFLOW_CTX_DAG_RUN_ID=scheduled__2019-11-02T06:00:00+00:00
[2022-02-03 13:59:48,701] {subprocess.py:62} INFO - Tmp dir root location: 
 /tmp
[2022-02-03 13:59:48,706] {subprocess.py:74} INFO - Running command: ['bash', '-c', 'echo "2019-11"']
[2022-02-03 13:59:48,842] {subprocess.py:85} INFO - Output:
[2022-02-03 13:59:48,857] {subprocess.py:89} INFO - 2019-11
[2022-02-03 13:59:48,867] {subprocess.py:93} INFO - Command exited with return code 0
[2022-02-03 13:59:49,228] {taskinstance.py:1277} INFO - Marking task as SUCCESS. dag_id=LocalIngestionDag, task_id=wget, execution_date=20191102T060000, start_date=20220203T135947, end_date=20220203T135949
[2022-02-03 13:59:49,380] {local_task_job.py:154} INFO - Task exited with return code 0
[2022-02-03 13:59:49,662] {local_task_job.py:264} INFO - 0 downstream tasks scheduled from follow-on schedule check
