[2022-02-09 20:36:40,410] {taskinstance.py:1032} INFO - Dependencies all met for <TaskInstance: green_taxi_gcs_dag.download_dataset_task scheduled__2020-03-02T00:00:00+00:00 [queued]>
[2022-02-09 20:36:40,465] {taskinstance.py:1032} INFO - Dependencies all met for <TaskInstance: green_taxi_gcs_dag.download_dataset_task scheduled__2020-03-02T00:00:00+00:00 [queued]>
[2022-02-09 20:36:40,466] {taskinstance.py:1238} INFO - 
--------------------------------------------------------------------------------
[2022-02-09 20:36:40,466] {taskinstance.py:1239} INFO - Starting attempt 1 of 2
[2022-02-09 20:36:40,467] {taskinstance.py:1240} INFO - 
--------------------------------------------------------------------------------
[2022-02-09 20:36:40,533] {taskinstance.py:1259} INFO - Executing <Task(BashOperator): download_dataset_task> on 2020-03-02 00:00:00+00:00
[2022-02-09 20:36:40,548] {standard_task_runner.py:52} INFO - Started process 100 to run task
[2022-02-09 20:36:40,555] {standard_task_runner.py:76} INFO - Running: ['***', 'tasks', 'run', 'green_taxi_gcs_dag', 'download_dataset_task', 'scheduled__2020-03-02T00:00:00+00:00', '--job-id', '73', '--raw', '--subdir', 'DAGS_FOLDER/green_gcs_dag.py', '--cfg-path', '/tmp/tmp5xjopexf', '--error-file', '/tmp/tmpx7o920gp']
[2022-02-09 20:36:40,558] {standard_task_runner.py:77} INFO - Job 73: Subtask download_dataset_task
[2022-02-09 20:36:40,783] {logging_mixin.py:109} INFO - Running <TaskInstance: green_taxi_gcs_dag.download_dataset_task scheduled__2020-03-02T00:00:00+00:00 [running]> on host 4f97b6b16bdb
[2022-02-09 20:36:40,943] {warnings.py:110} WARNING - /home/***/.local/lib/python3.7/site-packages/***/utils/context.py:152: AirflowContextDeprecationWarning: Accessing 'execution_date' from the template is deprecated and will be removed in a future version. Please use 'data_interval_start' or 'logical_date' instead.
  warnings.warn(_create_deprecation_warning(key, self._deprecation_replacements[key]))

[2022-02-09 20:36:41,036] {taskinstance.py:1426} INFO - Exporting the following env vars:
AIRFLOW_CTX_DAG_OWNER=***
AIRFLOW_CTX_DAG_ID=green_taxi_gcs_dag
AIRFLOW_CTX_TASK_ID=download_dataset_task
AIRFLOW_CTX_EXECUTION_DATE=2020-03-02T00:00:00+00:00
AIRFLOW_CTX_DAG_RUN_ID=scheduled__2020-03-02T00:00:00+00:00
[2022-02-09 20:36:41,037] {subprocess.py:62} INFO - Tmp dir root location: 
 /tmp
[2022-02-09 20:36:41,037] {subprocess.py:74} INFO - Running command: ['bash', '-c', 'curl -sS https://s3.amazonaws.com/nyc-tlc/trip+data/green_tripdata_2020-03.csv > /opt/***/output_2020-03.csv']
[2022-02-09 20:36:41,074] {subprocess.py:85} INFO - Output:
[2022-02-09 20:36:44,810] {subprocess.py:93} INFO - Command exited with return code 0
[2022-02-09 20:36:45,112] {taskinstance.py:1277} INFO - Marking task as SUCCESS. dag_id=green_taxi_gcs_dag, task_id=download_dataset_task, execution_date=20200302T000000, start_date=20220209T203640, end_date=20220209T203645
[2022-02-09 20:36:45,308] {local_task_job.py:154} INFO - Task exited with return code 0
[2022-02-09 20:36:45,417] {local_task_job.py:264} INFO - 1 downstream tasks scheduled from follow-on schedule check
[2022-02-09 20:46:31,790] {taskinstance.py:1032} INFO - Dependencies all met for <TaskInstance: green_taxi_gcs_dag.download_dataset_task scheduled__2020-03-02T00:00:00+00:00 [queued]>
[2022-02-09 20:46:31,813] {taskinstance.py:1032} INFO - Dependencies all met for <TaskInstance: green_taxi_gcs_dag.download_dataset_task scheduled__2020-03-02T00:00:00+00:00 [queued]>
[2022-02-09 20:46:31,814] {taskinstance.py:1238} INFO - 
--------------------------------------------------------------------------------
[2022-02-09 20:46:31,814] {taskinstance.py:1239} INFO - Starting attempt 1 of 2
[2022-02-09 20:46:31,814] {taskinstance.py:1240} INFO - 
--------------------------------------------------------------------------------
[2022-02-09 20:46:31,843] {taskinstance.py:1259} INFO - Executing <Task(BashOperator): download_dataset_task> on 2020-03-02 00:00:00+00:00
[2022-02-09 20:46:31,850] {standard_task_runner.py:52} INFO - Started process 953 to run task
[2022-02-09 20:46:31,857] {standard_task_runner.py:76} INFO - Running: ['***', 'tasks', 'run', 'green_taxi_gcs_dag', 'download_dataset_task', 'scheduled__2020-03-02T00:00:00+00:00', '--job-id', '169', '--raw', '--subdir', 'DAGS_FOLDER/green_gcs_dag.py', '--cfg-path', '/tmp/tmpgzusd9jk', '--error-file', '/tmp/tmppm2a8ysf']
[2022-02-09 20:46:31,859] {standard_task_runner.py:77} INFO - Job 169: Subtask download_dataset_task
[2022-02-09 20:46:31,979] {logging_mixin.py:109} INFO - Running <TaskInstance: green_taxi_gcs_dag.download_dataset_task scheduled__2020-03-02T00:00:00+00:00 [running]> on host 4f97b6b16bdb
[2022-02-09 20:46:32,053] {warnings.py:110} WARNING - /home/***/.local/lib/python3.7/site-packages/***/utils/context.py:152: AirflowContextDeprecationWarning: Accessing 'execution_date' from the template is deprecated and will be removed in a future version. Please use 'data_interval_start' or 'logical_date' instead.
  warnings.warn(_create_deprecation_warning(key, self._deprecation_replacements[key]))

[2022-02-09 20:46:32,098] {taskinstance.py:1426} INFO - Exporting the following env vars:
AIRFLOW_CTX_DAG_OWNER=***
AIRFLOW_CTX_DAG_ID=green_taxi_gcs_dag
AIRFLOW_CTX_TASK_ID=download_dataset_task
AIRFLOW_CTX_EXECUTION_DATE=2020-03-02T00:00:00+00:00
AIRFLOW_CTX_DAG_RUN_ID=scheduled__2020-03-02T00:00:00+00:00
[2022-02-09 20:46:32,099] {subprocess.py:62} INFO - Tmp dir root location: 
 /tmp
[2022-02-09 20:46:32,100] {subprocess.py:74} INFO - Running command: ['bash', '-c', 'curl -sS https://s3.amazonaws.com/nyc-tlc/trip+data/green_tripdata_2020-03.csv > /opt/***/output_2020-03.csv']
[2022-02-09 20:46:32,125] {subprocess.py:85} INFO - Output:
[2022-02-09 20:46:34,926] {subprocess.py:93} INFO - Command exited with return code 0
[2022-02-09 20:46:34,960] {taskinstance.py:1277} INFO - Marking task as SUCCESS. dag_id=green_taxi_gcs_dag, task_id=download_dataset_task, execution_date=20200302T000000, start_date=20220209T204631, end_date=20220209T204634
[2022-02-09 20:46:35,009] {local_task_job.py:154} INFO - Task exited with return code 0
[2022-02-09 20:46:35,111] {local_task_job.py:264} INFO - 1 downstream tasks scheduled from follow-on schedule check
[2022-02-20 00:07:47,142] {taskinstance.py:1032} INFO - Dependencies all met for <TaskInstance: green_taxi_gcs_dag.download_dataset_task scheduled__2020-03-02T00:00:00+00:00 [queued]>
[2022-02-20 00:07:47,177] {taskinstance.py:1032} INFO - Dependencies all met for <TaskInstance: green_taxi_gcs_dag.download_dataset_task scheduled__2020-03-02T00:00:00+00:00 [queued]>
[2022-02-20 00:07:47,177] {taskinstance.py:1238} INFO - 
--------------------------------------------------------------------------------
[2022-02-20 00:07:47,177] {taskinstance.py:1239} INFO - Starting attempt 1 of 2
[2022-02-20 00:07:47,178] {taskinstance.py:1240} INFO - 
--------------------------------------------------------------------------------
[2022-02-20 00:07:47,221] {taskinstance.py:1259} INFO - Executing <Task(BashOperator): download_dataset_task> on 2020-03-02 00:00:00+00:00
[2022-02-20 00:07:47,230] {standard_task_runner.py:52} INFO - Started process 884 to run task
[2022-02-20 00:07:47,237] {standard_task_runner.py:76} INFO - Running: ['***', 'tasks', 'run', 'green_taxi_gcs_dag', 'download_dataset_task', 'scheduled__2020-03-02T00:00:00+00:00', '--job-id', '362', '--raw', '--subdir', 'DAGS_FOLDER/green_gcs_dag.py', '--cfg-path', '/tmp/tmpgzx0h5b1', '--error-file', '/tmp/tmp4p04qf9z']
[2022-02-20 00:07:47,239] {standard_task_runner.py:77} INFO - Job 362: Subtask download_dataset_task
[2022-02-20 00:07:47,398] {logging_mixin.py:109} INFO - Running <TaskInstance: green_taxi_gcs_dag.download_dataset_task scheduled__2020-03-02T00:00:00+00:00 [running]> on host da07aa254901
[2022-02-20 00:07:47,525] {warnings.py:110} WARNING - /home/***/.local/lib/python3.7/site-packages/***/utils/context.py:152: AirflowContextDeprecationWarning: Accessing 'execution_date' from the template is deprecated and will be removed in a future version. Please use 'data_interval_start' or 'logical_date' instead.
  warnings.warn(_create_deprecation_warning(key, self._deprecation_replacements[key]))

[2022-02-20 00:07:47,555] {taskinstance.py:1426} INFO - Exporting the following env vars:
AIRFLOW_CTX_DAG_OWNER=***
AIRFLOW_CTX_DAG_ID=green_taxi_gcs_dag
AIRFLOW_CTX_TASK_ID=download_dataset_task
AIRFLOW_CTX_EXECUTION_DATE=2020-03-02T00:00:00+00:00
AIRFLOW_CTX_DAG_RUN_ID=scheduled__2020-03-02T00:00:00+00:00
[2022-02-20 00:07:47,556] {subprocess.py:62} INFO - Tmp dir root location: 
 /tmp
[2022-02-20 00:07:47,557] {subprocess.py:74} INFO - Running command: ['bash', '-c', 'curl -sS https://s3.amazonaws.com/nyc-tlc/trip+data/green_tripdata_2020-03.csv > /opt/***/output_2020-03.csv']
[2022-02-20 00:07:47,575] {subprocess.py:85} INFO - Output:
[2022-02-20 00:07:50,393] {subprocess.py:93} INFO - Command exited with return code 0
[2022-02-20 00:07:50,470] {taskinstance.py:1277} INFO - Marking task as SUCCESS. dag_id=green_taxi_gcs_dag, task_id=download_dataset_task, execution_date=20200302T000000, start_date=20220220T000747, end_date=20220220T000750
[2022-02-20 00:07:50,519] {local_task_job.py:154} INFO - Task exited with return code 0
[2022-02-20 00:07:50,565] {local_task_job.py:264} INFO - 1 downstream tasks scheduled from follow-on schedule check
[2022-02-20 02:01:08,087] {taskinstance.py:1032} INFO - Dependencies all met for <TaskInstance: green_taxi_gcs_dag.download_dataset_task scheduled__2020-03-02T00:00:00+00:00 [queued]>
[2022-02-20 02:01:08,130] {taskinstance.py:1032} INFO - Dependencies all met for <TaskInstance: green_taxi_gcs_dag.download_dataset_task scheduled__2020-03-02T00:00:00+00:00 [queued]>
[2022-02-20 02:01:08,130] {taskinstance.py:1238} INFO - 
--------------------------------------------------------------------------------
[2022-02-20 02:01:08,130] {taskinstance.py:1239} INFO - Starting attempt 1 of 2
[2022-02-20 02:01:08,130] {taskinstance.py:1240} INFO - 
--------------------------------------------------------------------------------
[2022-02-20 02:01:08,159] {taskinstance.py:1259} INFO - Executing <Task(BashOperator): download_dataset_task> on 2020-03-02 00:00:00+00:00
[2022-02-20 02:01:08,166] {standard_task_runner.py:52} INFO - Started process 561 to run task
[2022-02-20 02:01:08,221] {standard_task_runner.py:76} INFO - Running: ['***', 'tasks', 'run', 'green_taxi_gcs_dag', 'download_dataset_task', 'scheduled__2020-03-02T00:00:00+00:00', '--job-id', '567', '--raw', '--subdir', 'DAGS_FOLDER/green_gcs_dag.py', '--cfg-path', '/tmp/tmpr3n3u8xx', '--error-file', '/tmp/tmpsqctss_k']
[2022-02-20 02:01:08,222] {standard_task_runner.py:77} INFO - Job 567: Subtask download_dataset_task
[2022-02-20 02:01:08,343] {logging_mixin.py:109} INFO - Running <TaskInstance: green_taxi_gcs_dag.download_dataset_task scheduled__2020-03-02T00:00:00+00:00 [running]> on host 5484a3a1f7c3
[2022-02-20 02:01:08,459] {warnings.py:110} WARNING - /home/***/.local/lib/python3.7/site-packages/***/utils/context.py:152: AirflowContextDeprecationWarning: Accessing 'execution_date' from the template is deprecated and will be removed in a future version. Please use 'data_interval_start' or 'logical_date' instead.
  warnings.warn(_create_deprecation_warning(key, self._deprecation_replacements[key]))

[2022-02-20 02:01:08,511] {taskinstance.py:1426} INFO - Exporting the following env vars:
AIRFLOW_CTX_DAG_OWNER=***
AIRFLOW_CTX_DAG_ID=green_taxi_gcs_dag
AIRFLOW_CTX_TASK_ID=download_dataset_task
AIRFLOW_CTX_EXECUTION_DATE=2020-03-02T00:00:00+00:00
AIRFLOW_CTX_DAG_RUN_ID=scheduled__2020-03-02T00:00:00+00:00
[2022-02-20 02:01:08,512] {subprocess.py:62} INFO - Tmp dir root location: 
 /tmp
[2022-02-20 02:01:08,513] {subprocess.py:74} INFO - Running command: ['bash', '-c', 'curl -sS https://s3.amazonaws.com/nyc-tlc/trip+data/green_tripdata_2020-03.csv > /opt/***/output_2020-03.csv']
[2022-02-20 02:01:08,570] {subprocess.py:85} INFO - Output:
[2022-02-20 02:01:22,510] {subprocess.py:93} INFO - Command exited with return code 0
[2022-02-20 02:01:22,566] {taskinstance.py:1277} INFO - Marking task as SUCCESS. dag_id=green_taxi_gcs_dag, task_id=download_dataset_task, execution_date=20200302T000000, start_date=20220220T020108, end_date=20220220T020122
[2022-02-20 02:01:22,658] {local_task_job.py:154} INFO - Task exited with return code 0
[2022-02-20 02:01:22,814] {local_task_job.py:264} INFO - 0 downstream tasks scheduled from follow-on schedule check
