[2022-02-09 20:39:06,648] {taskinstance.py:1032} INFO - Dependencies all met for <TaskInstance: green_taxi_gcs_dag.download_dataset_task scheduled__2020-12-02T00:00:00+00:00 [queued]>
[2022-02-09 20:39:06,686] {taskinstance.py:1032} INFO - Dependencies all met for <TaskInstance: green_taxi_gcs_dag.download_dataset_task scheduled__2020-12-02T00:00:00+00:00 [queued]>
[2022-02-09 20:39:06,686] {taskinstance.py:1238} INFO - 
--------------------------------------------------------------------------------
[2022-02-09 20:39:06,691] {taskinstance.py:1239} INFO - Starting attempt 1 of 2
[2022-02-09 20:39:06,691] {taskinstance.py:1240} INFO - 
--------------------------------------------------------------------------------
[2022-02-09 20:39:06,741] {taskinstance.py:1259} INFO - Executing <Task(BashOperator): download_dataset_task> on 2020-12-02 00:00:00+00:00
[2022-02-09 20:39:06,753] {standard_task_runner.py:52} INFO - Started process 378 to run task
[2022-02-09 20:39:06,762] {standard_task_runner.py:76} INFO - Running: ['***', 'tasks', 'run', 'green_taxi_gcs_dag', 'download_dataset_task', 'scheduled__2020-12-02T00:00:00+00:00', '--job-id', '109', '--raw', '--subdir', 'DAGS_FOLDER/green_gcs_dag.py', '--cfg-path', '/tmp/tmpvdw33mpu', '--error-file', '/tmp/tmp2x0ew0ul']
[2022-02-09 20:39:06,764] {standard_task_runner.py:77} INFO - Job 109: Subtask download_dataset_task
[2022-02-09 20:39:06,936] {logging_mixin.py:109} INFO - Running <TaskInstance: green_taxi_gcs_dag.download_dataset_task scheduled__2020-12-02T00:00:00+00:00 [running]> on host 4f97b6b16bdb
[2022-02-09 20:39:07,066] {warnings.py:110} WARNING - /home/***/.local/lib/python3.7/site-packages/***/utils/context.py:152: AirflowContextDeprecationWarning: Accessing 'execution_date' from the template is deprecated and will be removed in a future version. Please use 'data_interval_start' or 'logical_date' instead.
  warnings.warn(_create_deprecation_warning(key, self._deprecation_replacements[key]))

[2022-02-09 20:39:07,133] {taskinstance.py:1426} INFO - Exporting the following env vars:
AIRFLOW_CTX_DAG_OWNER=***
AIRFLOW_CTX_DAG_ID=green_taxi_gcs_dag
AIRFLOW_CTX_TASK_ID=download_dataset_task
AIRFLOW_CTX_EXECUTION_DATE=2020-12-02T00:00:00+00:00
AIRFLOW_CTX_DAG_RUN_ID=scheduled__2020-12-02T00:00:00+00:00
[2022-02-09 20:39:07,134] {subprocess.py:62} INFO - Tmp dir root location: 
 /tmp
[2022-02-09 20:39:07,135] {subprocess.py:74} INFO - Running command: ['bash', '-c', 'curl -sS https://s3.amazonaws.com/nyc-tlc/trip+data/green_tripdata_2020-12.csv > /opt/***/output_2020-12.csv']
[2022-02-09 20:39:07,197] {subprocess.py:85} INFO - Output:
[2022-02-09 20:39:10,543] {subprocess.py:93} INFO - Command exited with return code 0
[2022-02-09 20:39:10,636] {taskinstance.py:1277} INFO - Marking task as SUCCESS. dag_id=green_taxi_gcs_dag, task_id=download_dataset_task, execution_date=20201202T000000, start_date=20220209T203906, end_date=20220209T203910
[2022-02-09 20:39:10,760] {local_task_job.py:154} INFO - Task exited with return code 0
[2022-02-09 20:39:10,926] {local_task_job.py:264} INFO - 1 downstream tasks scheduled from follow-on schedule check
[2022-02-09 20:48:44,301] {taskinstance.py:1032} INFO - Dependencies all met for <TaskInstance: green_taxi_gcs_dag.download_dataset_task scheduled__2020-12-02T00:00:00+00:00 [queued]>
[2022-02-09 20:48:44,330] {taskinstance.py:1032} INFO - Dependencies all met for <TaskInstance: green_taxi_gcs_dag.download_dataset_task scheduled__2020-12-02T00:00:00+00:00 [queued]>
[2022-02-09 20:48:44,330] {taskinstance.py:1238} INFO - 
--------------------------------------------------------------------------------
[2022-02-09 20:48:44,330] {taskinstance.py:1239} INFO - Starting attempt 1 of 2
[2022-02-09 20:48:44,330] {taskinstance.py:1240} INFO - 
--------------------------------------------------------------------------------
[2022-02-09 20:48:44,361] {taskinstance.py:1259} INFO - Executing <Task(BashOperator): download_dataset_task> on 2020-12-02 00:00:00+00:00
[2022-02-09 20:48:44,370] {standard_task_runner.py:52} INFO - Started process 1209 to run task
[2022-02-09 20:48:44,384] {standard_task_runner.py:76} INFO - Running: ['***', 'tasks', 'run', 'green_taxi_gcs_dag', 'download_dataset_task', 'scheduled__2020-12-02T00:00:00+00:00', '--job-id', '202', '--raw', '--subdir', 'DAGS_FOLDER/green_gcs_dag.py', '--cfg-path', '/tmp/tmpaitde86p', '--error-file', '/tmp/tmph80we5uo']
[2022-02-09 20:48:44,386] {standard_task_runner.py:77} INFO - Job 202: Subtask download_dataset_task
[2022-02-09 20:48:44,606] {logging_mixin.py:109} INFO - Running <TaskInstance: green_taxi_gcs_dag.download_dataset_task scheduled__2020-12-02T00:00:00+00:00 [running]> on host 4f97b6b16bdb
[2022-02-09 20:48:44,740] {warnings.py:110} WARNING - /home/***/.local/lib/python3.7/site-packages/***/utils/context.py:152: AirflowContextDeprecationWarning: Accessing 'execution_date' from the template is deprecated and will be removed in a future version. Please use 'data_interval_start' or 'logical_date' instead.
  warnings.warn(_create_deprecation_warning(key, self._deprecation_replacements[key]))

[2022-02-09 20:48:44,804] {taskinstance.py:1426} INFO - Exporting the following env vars:
AIRFLOW_CTX_DAG_OWNER=***
AIRFLOW_CTX_DAG_ID=green_taxi_gcs_dag
AIRFLOW_CTX_TASK_ID=download_dataset_task
AIRFLOW_CTX_EXECUTION_DATE=2020-12-02T00:00:00+00:00
AIRFLOW_CTX_DAG_RUN_ID=scheduled__2020-12-02T00:00:00+00:00
[2022-02-09 20:48:44,807] {subprocess.py:62} INFO - Tmp dir root location: 
 /tmp
[2022-02-09 20:48:44,808] {subprocess.py:74} INFO - Running command: ['bash', '-c', 'curl -sS https://s3.amazonaws.com/nyc-tlc/trip+data/green_tripdata_2020-12.csv > /opt/***/output_2020-12.csv']
[2022-02-09 20:48:44,880] {subprocess.py:85} INFO - Output:
[2022-02-09 20:48:46,727] {subprocess.py:93} INFO - Command exited with return code 0
[2022-02-09 20:48:46,820] {taskinstance.py:1277} INFO - Marking task as SUCCESS. dag_id=green_taxi_gcs_dag, task_id=download_dataset_task, execution_date=20201202T000000, start_date=20220209T204844, end_date=20220209T204846
[2022-02-09 20:48:46,893] {local_task_job.py:154} INFO - Task exited with return code 0
[2022-02-09 20:48:47,008] {local_task_job.py:264} INFO - 1 downstream tasks scheduled from follow-on schedule check
[2022-02-20 00:08:41,691] {taskinstance.py:1032} INFO - Dependencies all met for <TaskInstance: green_taxi_gcs_dag.download_dataset_task scheduled__2020-12-02T00:00:00+00:00 [queued]>
[2022-02-20 00:08:41,785] {taskinstance.py:1032} INFO - Dependencies all met for <TaskInstance: green_taxi_gcs_dag.download_dataset_task scheduled__2020-12-02T00:00:00+00:00 [queued]>
[2022-02-20 00:08:41,785] {taskinstance.py:1238} INFO - 
--------------------------------------------------------------------------------
[2022-02-20 00:08:41,785] {taskinstance.py:1239} INFO - Starting attempt 1 of 2
[2022-02-20 00:08:41,785] {taskinstance.py:1240} INFO - 
--------------------------------------------------------------------------------
[2022-02-20 00:08:41,824] {taskinstance.py:1259} INFO - Executing <Task(BashOperator): download_dataset_task> on 2020-12-02 00:00:00+00:00
[2022-02-20 00:08:41,831] {standard_task_runner.py:52} INFO - Started process 1120 to run task
[2022-02-20 00:08:41,853] {standard_task_runner.py:76} INFO - Running: ['***', 'tasks', 'run', 'green_taxi_gcs_dag', 'download_dataset_task', 'scheduled__2020-12-02T00:00:00+00:00', '--job-id', '397', '--raw', '--subdir', 'DAGS_FOLDER/green_gcs_dag.py', '--cfg-path', '/tmp/tmpv44lrouv', '--error-file', '/tmp/tmpopy4dxpo']
[2022-02-20 00:08:41,878] {standard_task_runner.py:77} INFO - Job 397: Subtask download_dataset_task
[2022-02-20 00:08:42,191] {logging_mixin.py:109} INFO - Running <TaskInstance: green_taxi_gcs_dag.download_dataset_task scheduled__2020-12-02T00:00:00+00:00 [running]> on host da07aa254901
[2022-02-20 00:08:42,502] {warnings.py:110} WARNING - /home/***/.local/lib/python3.7/site-packages/***/utils/context.py:152: AirflowContextDeprecationWarning: Accessing 'execution_date' from the template is deprecated and will be removed in a future version. Please use 'data_interval_start' or 'logical_date' instead.
  warnings.warn(_create_deprecation_warning(key, self._deprecation_replacements[key]))

[2022-02-20 00:08:42,573] {taskinstance.py:1426} INFO - Exporting the following env vars:
AIRFLOW_CTX_DAG_OWNER=***
AIRFLOW_CTX_DAG_ID=green_taxi_gcs_dag
AIRFLOW_CTX_TASK_ID=download_dataset_task
AIRFLOW_CTX_EXECUTION_DATE=2020-12-02T00:00:00+00:00
AIRFLOW_CTX_DAG_RUN_ID=scheduled__2020-12-02T00:00:00+00:00
[2022-02-20 00:08:42,574] {subprocess.py:62} INFO - Tmp dir root location: 
 /tmp
[2022-02-20 00:08:42,575] {subprocess.py:74} INFO - Running command: ['bash', '-c', 'curl -sS https://s3.amazonaws.com/nyc-tlc/trip+data/green_tripdata_2020-12.csv > /opt/***/output_2020-12.csv']
[2022-02-20 00:08:42,609] {subprocess.py:85} INFO - Output:
[2022-02-20 00:08:45,813] {subprocess.py:93} INFO - Command exited with return code 0
[2022-02-20 00:08:45,905] {taskinstance.py:1277} INFO - Marking task as SUCCESS. dag_id=green_taxi_gcs_dag, task_id=download_dataset_task, execution_date=20201202T000000, start_date=20220220T000841, end_date=20220220T000845
[2022-02-20 00:08:45,993] {local_task_job.py:154} INFO - Task exited with return code 0
[2022-02-20 00:08:46,178] {local_task_job.py:264} INFO - 1 downstream tasks scheduled from follow-on schedule check
[2022-02-20 02:02:04,681] {taskinstance.py:1032} INFO - Dependencies all met for <TaskInstance: green_taxi_gcs_dag.download_dataset_task scheduled__2020-12-02T00:00:00+00:00 [queued]>
[2022-02-20 02:02:04,704] {taskinstance.py:1032} INFO - Dependencies all met for <TaskInstance: green_taxi_gcs_dag.download_dataset_task scheduled__2020-12-02T00:00:00+00:00 [queued]>
[2022-02-20 02:02:04,704] {taskinstance.py:1238} INFO - 
--------------------------------------------------------------------------------
[2022-02-20 02:02:04,704] {taskinstance.py:1239} INFO - Starting attempt 1 of 2
[2022-02-20 02:02:04,705] {taskinstance.py:1240} INFO - 
--------------------------------------------------------------------------------
[2022-02-20 02:02:04,733] {taskinstance.py:1259} INFO - Executing <Task(BashOperator): download_dataset_task> on 2020-12-02 00:00:00+00:00
[2022-02-20 02:02:04,740] {standard_task_runner.py:52} INFO - Started process 779 to run task
[2022-02-20 02:02:04,748] {standard_task_runner.py:76} INFO - Running: ['***', 'tasks', 'run', 'green_taxi_gcs_dag', 'download_dataset_task', 'scheduled__2020-12-02T00:00:00+00:00', '--job-id', '600', '--raw', '--subdir', 'DAGS_FOLDER/green_gcs_dag.py', '--cfg-path', '/tmp/tmpuwhx142v', '--error-file', '/tmp/tmpqmqmbjid']
[2022-02-20 02:02:04,749] {standard_task_runner.py:77} INFO - Job 600: Subtask download_dataset_task
[2022-02-20 02:02:04,855] {logging_mixin.py:109} INFO - Running <TaskInstance: green_taxi_gcs_dag.download_dataset_task scheduled__2020-12-02T00:00:00+00:00 [running]> on host 5484a3a1f7c3
[2022-02-20 02:02:04,958] {warnings.py:110} WARNING - /home/***/.local/lib/python3.7/site-packages/***/utils/context.py:152: AirflowContextDeprecationWarning: Accessing 'execution_date' from the template is deprecated and will be removed in a future version. Please use 'data_interval_start' or 'logical_date' instead.
  warnings.warn(_create_deprecation_warning(key, self._deprecation_replacements[key]))

[2022-02-20 02:02:05,003] {taskinstance.py:1426} INFO - Exporting the following env vars:
AIRFLOW_CTX_DAG_OWNER=***
AIRFLOW_CTX_DAG_ID=green_taxi_gcs_dag
AIRFLOW_CTX_TASK_ID=download_dataset_task
AIRFLOW_CTX_EXECUTION_DATE=2020-12-02T00:00:00+00:00
AIRFLOW_CTX_DAG_RUN_ID=scheduled__2020-12-02T00:00:00+00:00
[2022-02-20 02:02:05,004] {subprocess.py:62} INFO - Tmp dir root location: 
 /tmp
[2022-02-20 02:02:05,004] {subprocess.py:74} INFO - Running command: ['bash', '-c', 'curl -sS https://s3.amazonaws.com/nyc-tlc/trip+data/green_tripdata_2020-12.csv > /opt/***/output_2020-12.csv']
[2022-02-20 02:02:05,028] {subprocess.py:85} INFO - Output:
[2022-02-20 02:02:07,077] {subprocess.py:93} INFO - Command exited with return code 0
[2022-02-20 02:02:07,184] {taskinstance.py:1277} INFO - Marking task as SUCCESS. dag_id=green_taxi_gcs_dag, task_id=download_dataset_task, execution_date=20201202T000000, start_date=20220220T020204, end_date=20220220T020207
[2022-02-20 02:02:07,240] {local_task_job.py:154} INFO - Task exited with return code 0
[2022-02-20 02:02:07,319] {local_task_job.py:264} INFO - 1 downstream tasks scheduled from follow-on schedule check
