[2022-02-03 16:46:20,094] {taskinstance.py:1032} INFO - Dependencies all met for <TaskInstance: yellow_taxi_gcs_dag.local_to_gcs_task scheduled__2019-01-02T00:00:00+00:00 [queued]>
[2022-02-03 16:46:20,119] {taskinstance.py:1032} INFO - Dependencies all met for <TaskInstance: yellow_taxi_gcs_dag.local_to_gcs_task scheduled__2019-01-02T00:00:00+00:00 [queued]>
[2022-02-03 16:46:20,120] {taskinstance.py:1238} INFO - 
--------------------------------------------------------------------------------
[2022-02-03 16:46:20,120] {taskinstance.py:1239} INFO - Starting attempt 1 of 2
[2022-02-03 16:46:20,120] {taskinstance.py:1240} INFO - 
--------------------------------------------------------------------------------
[2022-02-03 16:46:20,170] {taskinstance.py:1259} INFO - Executing <Task(PythonOperator): local_to_gcs_task> on 2019-01-02 00:00:00+00:00
[2022-02-03 16:46:20,180] {standard_task_runner.py:52} INFO - Started process 962 to run task
[2022-02-03 16:46:20,190] {standard_task_runner.py:76} INFO - Running: ['***', 'tasks', 'run', 'yellow_taxi_gcs_dag', 'local_to_gcs_task', 'scheduled__2019-01-02T00:00:00+00:00', '--job-id', '22', '--raw', '--subdir', 'DAGS_FOLDER/yellow_taxi_gcs_dag.py', '--cfg-path', '/tmp/tmpqkgra7sl', '--error-file', '/tmp/tmpv5omluhc']
[2022-02-03 16:46:20,192] {standard_task_runner.py:77} INFO - Job 22: Subtask local_to_gcs_task
[2022-02-03 16:46:20,376] {logging_mixin.py:109} INFO - Running <TaskInstance: yellow_taxi_gcs_dag.local_to_gcs_task scheduled__2019-01-02T00:00:00+00:00 [running]> on host 7e458922b35d
[2022-02-03 16:46:20,470] {warnings.py:110} WARNING - /home/***/.local/lib/python3.7/site-packages/***/utils/context.py:152: AirflowContextDeprecationWarning: Accessing 'execution_date' from the template is deprecated and will be removed in a future version. Please use 'data_interval_start' or 'logical_date' instead.
  warnings.warn(_create_deprecation_warning(key, self._deprecation_replacements[key]))

[2022-02-03 16:46:20,524] {taskinstance.py:1426} INFO - Exporting the following env vars:
AIRFLOW_CTX_DAG_OWNER=***
AIRFLOW_CTX_DAG_ID=yellow_taxi_gcs_dag
AIRFLOW_CTX_TASK_ID=local_to_gcs_task
AIRFLOW_CTX_EXECUTION_DATE=2019-01-02T00:00:00+00:00
AIRFLOW_CTX_DAG_RUN_ID=scheduled__2019-01-02T00:00:00+00:00
[2022-02-03 16:46:38,119] {python.py:175} INFO - Done. Returned value was: None
[2022-02-03 16:46:38,133] {taskinstance.py:1277} INFO - Marking task as SUCCESS. dag_id=yellow_taxi_gcs_dag, task_id=local_to_gcs_task, execution_date=20190102T000000, start_date=20220203T164620, end_date=20220203T164638
[2022-02-03 16:46:38,166] {local_task_job.py:154} INFO - Task exited with return code 0
[2022-02-03 16:46:38,206] {local_task_job.py:264} INFO - 0 downstream tasks scheduled from follow-on schedule check
[2022-02-03 16:57:41,302] {taskinstance.py:1032} INFO - Dependencies all met for <TaskInstance: yellow_taxi_gcs_dag.local_to_gcs_task scheduled__2019-01-02T00:00:00+00:00 [queued]>
[2022-02-03 16:57:41,336] {taskinstance.py:1032} INFO - Dependencies all met for <TaskInstance: yellow_taxi_gcs_dag.local_to_gcs_task scheduled__2019-01-02T00:00:00+00:00 [queued]>
[2022-02-03 16:57:41,336] {taskinstance.py:1238} INFO - 
--------------------------------------------------------------------------------
[2022-02-03 16:57:41,336] {taskinstance.py:1239} INFO - Starting attempt 1 of 2
[2022-02-03 16:57:41,336] {taskinstance.py:1240} INFO - 
--------------------------------------------------------------------------------
[2022-02-03 16:57:41,362] {taskinstance.py:1259} INFO - Executing <Task(PythonOperator): local_to_gcs_task> on 2019-01-02 00:00:00+00:00
[2022-02-03 16:57:41,376] {standard_task_runner.py:52} INFO - Started process 1506 to run task
[2022-02-03 16:57:41,384] {standard_task_runner.py:76} INFO - Running: ['***', 'tasks', 'run', 'yellow_taxi_gcs_dag', 'local_to_gcs_task', 'scheduled__2019-01-02T00:00:00+00:00', '--job-id', '35', '--raw', '--subdir', 'DAGS_FOLDER/yellow_taxi_gcs_dag.py', '--cfg-path', '/tmp/tmpsrsox3em', '--error-file', '/tmp/tmp43ltpg0j']
[2022-02-03 16:57:41,385] {standard_task_runner.py:77} INFO - Job 35: Subtask local_to_gcs_task
[2022-02-03 16:57:41,475] {logging_mixin.py:109} INFO - Running <TaskInstance: yellow_taxi_gcs_dag.local_to_gcs_task scheduled__2019-01-02T00:00:00+00:00 [running]> on host 7e458922b35d
[2022-02-03 16:57:41,544] {warnings.py:110} WARNING - /home/***/.local/lib/python3.7/site-packages/***/utils/context.py:152: AirflowContextDeprecationWarning: Accessing 'execution_date' from the template is deprecated and will be removed in a future version. Please use 'data_interval_start' or 'logical_date' instead.
  warnings.warn(_create_deprecation_warning(key, self._deprecation_replacements[key]))

[2022-02-03 16:57:41,589] {taskinstance.py:1426} INFO - Exporting the following env vars:
AIRFLOW_CTX_DAG_OWNER=***
AIRFLOW_CTX_DAG_ID=yellow_taxi_gcs_dag
AIRFLOW_CTX_TASK_ID=local_to_gcs_task
AIRFLOW_CTX_EXECUTION_DATE=2019-01-02T00:00:00+00:00
AIRFLOW_CTX_DAG_RUN_ID=scheduled__2019-01-02T00:00:00+00:00
[2022-02-03 16:57:56,530] {python.py:175} INFO - Done. Returned value was: None
[2022-02-03 16:57:56,548] {taskinstance.py:1277} INFO - Marking task as SUCCESS. dag_id=yellow_taxi_gcs_dag, task_id=local_to_gcs_task, execution_date=20190102T000000, start_date=20220203T165741, end_date=20220203T165756
[2022-02-03 16:57:56,595] {local_task_job.py:154} INFO - Task exited with return code 0
[2022-02-03 16:57:56,724] {local_task_job.py:264} INFO - 1 downstream tasks scheduled from follow-on schedule check
[2022-02-03 17:12:56,814] {taskinstance.py:1032} INFO - Dependencies all met for <TaskInstance: yellow_taxi_gcs_dag.local_to_gcs_task scheduled__2019-01-02T00:00:00+00:00 [queued]>
[2022-02-03 17:12:56,828] {taskinstance.py:1032} INFO - Dependencies all met for <TaskInstance: yellow_taxi_gcs_dag.local_to_gcs_task scheduled__2019-01-02T00:00:00+00:00 [queued]>
[2022-02-03 17:12:56,828] {taskinstance.py:1238} INFO - 
--------------------------------------------------------------------------------
[2022-02-03 17:12:56,828] {taskinstance.py:1239} INFO - Starting attempt 1 of 2
[2022-02-03 17:12:56,828] {taskinstance.py:1240} INFO - 
--------------------------------------------------------------------------------
[2022-02-03 17:12:56,844] {taskinstance.py:1259} INFO - Executing <Task(PythonOperator): local_to_gcs_task> on 2019-01-02 00:00:00+00:00
[2022-02-03 17:12:56,854] {standard_task_runner.py:52} INFO - Started process 2176 to run task
[2022-02-03 17:12:56,858] {standard_task_runner.py:76} INFO - Running: ['***', 'tasks', 'run', 'yellow_taxi_gcs_dag', 'local_to_gcs_task', 'scheduled__2019-01-02T00:00:00+00:00', '--job-id', '48', '--raw', '--subdir', 'DAGS_FOLDER/yellow_taxi_gcs_dag.py', '--cfg-path', '/tmp/tmpf2mbqhzh', '--error-file', '/tmp/tmpb89uq19x']
[2022-02-03 17:12:56,859] {standard_task_runner.py:77} INFO - Job 48: Subtask local_to_gcs_task
[2022-02-03 17:12:56,923] {logging_mixin.py:109} INFO - Running <TaskInstance: yellow_taxi_gcs_dag.local_to_gcs_task scheduled__2019-01-02T00:00:00+00:00 [running]> on host 7e458922b35d
[2022-02-03 17:12:56,966] {warnings.py:110} WARNING - /home/***/.local/lib/python3.7/site-packages/***/utils/context.py:152: AirflowContextDeprecationWarning: Accessing 'execution_date' from the template is deprecated and will be removed in a future version. Please use 'data_interval_start' or 'logical_date' instead.
  warnings.warn(_create_deprecation_warning(key, self._deprecation_replacements[key]))

[2022-02-03 17:12:56,988] {taskinstance.py:1426} INFO - Exporting the following env vars:
AIRFLOW_CTX_DAG_OWNER=***
AIRFLOW_CTX_DAG_ID=yellow_taxi_gcs_dag
AIRFLOW_CTX_TASK_ID=local_to_gcs_task
AIRFLOW_CTX_EXECUTION_DATE=2019-01-02T00:00:00+00:00
AIRFLOW_CTX_DAG_RUN_ID=scheduled__2019-01-02T00:00:00+00:00
[2022-02-03 17:13:17,984] {python.py:175} INFO - Done. Returned value was: None
[2022-02-03 17:13:18,010] {taskinstance.py:1277} INFO - Marking task as SUCCESS. dag_id=yellow_taxi_gcs_dag, task_id=local_to_gcs_task, execution_date=20190102T000000, start_date=20220203T171256, end_date=20220203T171318
[2022-02-03 17:13:18,110] {local_task_job.py:154} INFO - Task exited with return code 0
[2022-02-03 17:13:18,192] {local_task_job.py:264} INFO - 1 downstream tasks scheduled from follow-on schedule check
