[2022-02-03 14:12:10,315] {taskinstance.py:1032} INFO - Dependencies all met for <TaskInstance: LocalIngestionDag.wget scheduled__2019-04-01T06:00:00+00:00 [queued]>
[2022-02-03 14:12:10,395] {taskinstance.py:1032} INFO - Dependencies all met for <TaskInstance: LocalIngestionDag.wget scheduled__2019-04-01T06:00:00+00:00 [queued]>
[2022-02-03 14:12:10,396] {taskinstance.py:1238} INFO - 
--------------------------------------------------------------------------------
[2022-02-03 14:12:10,396] {taskinstance.py:1239} INFO - Starting attempt 1 of 1
[2022-02-03 14:12:10,396] {taskinstance.py:1240} INFO - 
--------------------------------------------------------------------------------
[2022-02-03 14:12:10,493] {taskinstance.py:1259} INFO - Executing <Task(BashOperator): wget> on 2019-04-01 06:00:00+00:00
[2022-02-03 14:12:10,560] {standard_task_runner.py:52} INFO - Started process 695 to run task
[2022-02-03 14:12:10,641] {standard_task_runner.py:76} INFO - Running: ['***', 'tasks', 'run', 'LocalIngestionDag', 'wget', 'scheduled__2019-04-01T06:00:00+00:00', '--job-id', '114', '--raw', '--subdir', 'DAGS_FOLDER/data_ingestion_localDB_dag.py', '--cfg-path', '/tmp/tmpkm27qi4w', '--error-file', '/tmp/tmp489g4xn0']
[2022-02-03 14:12:10,642] {standard_task_runner.py:77} INFO - Job 114: Subtask wget
[2022-02-03 14:12:10,961] {logging_mixin.py:109} INFO - Running <TaskInstance: LocalIngestionDag.wget scheduled__2019-04-01T06:00:00+00:00 [running]> on host cd3baa871297
[2022-02-03 14:12:11,383] {warnings.py:110} WARNING - /home/***/.local/lib/python3.7/site-packages/***/utils/context.py:152: AirflowContextDeprecationWarning: Accessing 'execution_date' from the template is deprecated and will be removed in a future version. Please use 'data_interval_start' or 'logical_date' instead.
  warnings.warn(_create_deprecation_warning(key, self._deprecation_replacements[key]))

[2022-02-03 14:12:11,636] {taskinstance.py:1426} INFO - Exporting the following env vars:
AIRFLOW_CTX_DAG_OWNER=***
AIRFLOW_CTX_DAG_ID=LocalIngestionDag
AIRFLOW_CTX_TASK_ID=wget
AIRFLOW_CTX_EXECUTION_DATE=2019-04-01T06:00:00+00:00
AIRFLOW_CTX_DAG_RUN_ID=scheduled__2019-04-01T06:00:00+00:00
[2022-02-03 14:12:11,638] {subprocess.py:62} INFO - Tmp dir root location: 
 /tmp
[2022-02-03 14:12:11,645] {subprocess.py:74} INFO - Running command: ['bash', '-c', 'echo "2019-04"']
[2022-02-03 14:12:11,697] {subprocess.py:85} INFO - Output:
[2022-02-03 14:12:11,718] {subprocess.py:89} INFO - 2019-04
[2022-02-03 14:12:11,736] {subprocess.py:93} INFO - Command exited with return code 0
[2022-02-03 14:12:11,933] {taskinstance.py:1277} INFO - Marking task as SUCCESS. dag_id=LocalIngestionDag, task_id=wget, execution_date=20190401T060000, start_date=20220203T141210, end_date=20220203T141211
[2022-02-03 14:12:12,097] {local_task_job.py:154} INFO - Task exited with return code 0
[2022-02-03 14:12:12,280] {local_task_job.py:264} INFO - 0 downstream tasks scheduled from follow-on schedule check
[2022-02-03 14:26:55,084] {taskinstance.py:1032} INFO - Dependencies all met for <TaskInstance: LocalIngestionDag.wget scheduled__2019-04-01T06:00:00+00:00 [queued]>
[2022-02-03 14:26:55,118] {taskinstance.py:1032} INFO - Dependencies all met for <TaskInstance: LocalIngestionDag.wget scheduled__2019-04-01T06:00:00+00:00 [queued]>
[2022-02-03 14:26:55,119] {taskinstance.py:1238} INFO - 
--------------------------------------------------------------------------------
[2022-02-03 14:26:55,119] {taskinstance.py:1239} INFO - Starting attempt 1 of 1
[2022-02-03 14:26:55,119] {taskinstance.py:1240} INFO - 
--------------------------------------------------------------------------------
[2022-02-03 14:26:55,159] {taskinstance.py:1259} INFO - Executing <Task(BashOperator): wget> on 2019-04-01 06:00:00+00:00
[2022-02-03 14:26:55,165] {standard_task_runner.py:52} INFO - Started process 1352 to run task
[2022-02-03 14:26:55,217] {standard_task_runner.py:76} INFO - Running: ['***', 'tasks', 'run', 'LocalIngestionDag', 'wget', 'scheduled__2019-04-01T06:00:00+00:00', '--job-id', '120', '--raw', '--subdir', 'DAGS_FOLDER/data_ingestion_localDB_dag.py', '--cfg-path', '/tmp/tmp_qqsmbh6', '--error-file', '/tmp/tmp__zzkbgg']
[2022-02-03 14:26:55,217] {standard_task_runner.py:77} INFO - Job 120: Subtask wget
[2022-02-03 14:26:55,479] {logging_mixin.py:109} INFO - Running <TaskInstance: LocalIngestionDag.wget scheduled__2019-04-01T06:00:00+00:00 [running]> on host cd3baa871297
[2022-02-03 14:26:55,609] {warnings.py:110} WARNING - /home/***/.local/lib/python3.7/site-packages/***/utils/context.py:152: AirflowContextDeprecationWarning: Accessing 'execution_date' from the template is deprecated and will be removed in a future version. Please use 'data_interval_start' or 'logical_date' instead.
  warnings.warn(_create_deprecation_warning(key, self._deprecation_replacements[key]))

[2022-02-03 14:26:55,664] {taskinstance.py:1426} INFO - Exporting the following env vars:
AIRFLOW_CTX_DAG_OWNER=***
AIRFLOW_CTX_DAG_ID=LocalIngestionDag
AIRFLOW_CTX_TASK_ID=wget
AIRFLOW_CTX_EXECUTION_DATE=2019-04-01T06:00:00+00:00
AIRFLOW_CTX_DAG_RUN_ID=scheduled__2019-04-01T06:00:00+00:00
[2022-02-03 14:26:55,665] {subprocess.py:62} INFO - Tmp dir root location: 
 /tmp
[2022-02-03 14:26:55,666] {subprocess.py:74} INFO - Running command: ['bash', '-c', 'echo "2019-04"']
[2022-02-03 14:26:55,684] {subprocess.py:85} INFO - Output:
[2022-02-03 14:26:55,687] {subprocess.py:89} INFO - 2019-04
[2022-02-03 14:26:55,687] {subprocess.py:93} INFO - Command exited with return code 0
[2022-02-03 14:26:55,749] {taskinstance.py:1277} INFO - Marking task as SUCCESS. dag_id=LocalIngestionDag, task_id=wget, execution_date=20190401T060000, start_date=20220203T142655, end_date=20220203T142655
[2022-02-03 14:26:55,798] {local_task_job.py:154} INFO - Task exited with return code 0
[2022-02-03 14:26:55,848] {local_task_job.py:264} INFO - 0 downstream tasks scheduled from follow-on schedule check
