[2022-02-09 20:37:41,974] {taskinstance.py:1032} INFO - Dependencies all met for <TaskInstance: green_taxi_gcs_dag.download_dataset_task scheduled__2020-07-02T00:00:00+00:00 [queued]>
[2022-02-09 20:37:42,010] {taskinstance.py:1032} INFO - Dependencies all met for <TaskInstance: green_taxi_gcs_dag.download_dataset_task scheduled__2020-07-02T00:00:00+00:00 [queued]>
[2022-02-09 20:37:42,010] {taskinstance.py:1238} INFO - 
--------------------------------------------------------------------------------
[2022-02-09 20:37:42,010] {taskinstance.py:1239} INFO - Starting attempt 1 of 2
[2022-02-09 20:37:42,010] {taskinstance.py:1240} INFO - 
--------------------------------------------------------------------------------
[2022-02-09 20:37:42,061] {taskinstance.py:1259} INFO - Executing <Task(BashOperator): download_dataset_task> on 2020-07-02 00:00:00+00:00
[2022-02-09 20:37:42,072] {standard_task_runner.py:52} INFO - Started process 216 to run task
[2022-02-09 20:37:42,084] {standard_task_runner.py:76} INFO - Running: ['***', 'tasks', 'run', 'green_taxi_gcs_dag', 'download_dataset_task', 'scheduled__2020-07-02T00:00:00+00:00', '--job-id', '89', '--raw', '--subdir', 'DAGS_FOLDER/green_gcs_dag.py', '--cfg-path', '/tmp/tmpuw2xybbt', '--error-file', '/tmp/tmpk65_2pbr']
[2022-02-09 20:37:42,087] {standard_task_runner.py:77} INFO - Job 89: Subtask download_dataset_task
[2022-02-09 20:37:42,296] {logging_mixin.py:109} INFO - Running <TaskInstance: green_taxi_gcs_dag.download_dataset_task scheduled__2020-07-02T00:00:00+00:00 [running]> on host 4f97b6b16bdb
[2022-02-09 20:37:42,399] {warnings.py:110} WARNING - /home/***/.local/lib/python3.7/site-packages/***/utils/context.py:152: AirflowContextDeprecationWarning: Accessing 'execution_date' from the template is deprecated and will be removed in a future version. Please use 'data_interval_start' or 'logical_date' instead.
  warnings.warn(_create_deprecation_warning(key, self._deprecation_replacements[key]))

[2022-02-09 20:37:42,443] {taskinstance.py:1426} INFO - Exporting the following env vars:
AIRFLOW_CTX_DAG_OWNER=***
AIRFLOW_CTX_DAG_ID=green_taxi_gcs_dag
AIRFLOW_CTX_TASK_ID=download_dataset_task
AIRFLOW_CTX_EXECUTION_DATE=2020-07-02T00:00:00+00:00
AIRFLOW_CTX_DAG_RUN_ID=scheduled__2020-07-02T00:00:00+00:00
[2022-02-09 20:37:42,444] {subprocess.py:62} INFO - Tmp dir root location: 
 /tmp
[2022-02-09 20:37:42,445] {subprocess.py:74} INFO - Running command: ['bash', '-c', 'curl -sS https://s3.amazonaws.com/nyc-tlc/trip+data/green_tripdata_2020-07.csv > /opt/***/output_2020-07.csv']
[2022-02-09 20:37:42,473] {subprocess.py:85} INFO - Output:
[2022-02-09 20:37:45,723] {subprocess.py:93} INFO - Command exited with return code 0
[2022-02-09 20:37:45,839] {taskinstance.py:1277} INFO - Marking task as SUCCESS. dag_id=green_taxi_gcs_dag, task_id=download_dataset_task, execution_date=20200702T000000, start_date=20220209T203741, end_date=20220209T203745
[2022-02-09 20:37:45,997] {local_task_job.py:154} INFO - Task exited with return code 0
[2022-02-09 20:37:46,139] {local_task_job.py:264} INFO - 1 downstream tasks scheduled from follow-on schedule check
[2022-02-09 20:47:57,141] {taskinstance.py:1032} INFO - Dependencies all met for <TaskInstance: green_taxi_gcs_dag.download_dataset_task scheduled__2020-07-02T00:00:00+00:00 [queued]>
[2022-02-09 20:47:57,165] {taskinstance.py:1032} INFO - Dependencies all met for <TaskInstance: green_taxi_gcs_dag.download_dataset_task scheduled__2020-07-02T00:00:00+00:00 [queued]>
[2022-02-09 20:47:57,165] {taskinstance.py:1238} INFO - 
--------------------------------------------------------------------------------
[2022-02-09 20:47:57,165] {taskinstance.py:1239} INFO - Starting attempt 1 of 2
[2022-02-09 20:47:57,165] {taskinstance.py:1240} INFO - 
--------------------------------------------------------------------------------
[2022-02-09 20:47:57,189] {taskinstance.py:1259} INFO - Executing <Task(BashOperator): download_dataset_task> on 2020-07-02 00:00:00+00:00
[2022-02-09 20:47:57,198] {standard_task_runner.py:52} INFO - Started process 1092 to run task
[2022-02-09 20:47:57,211] {standard_task_runner.py:76} INFO - Running: ['***', 'tasks', 'run', 'green_taxi_gcs_dag', 'download_dataset_task', 'scheduled__2020-07-02T00:00:00+00:00', '--job-id', '186', '--raw', '--subdir', 'DAGS_FOLDER/green_gcs_dag.py', '--cfg-path', '/tmp/tmplvkagyc8', '--error-file', '/tmp/tmpu_w49prm']
[2022-02-09 20:47:57,213] {standard_task_runner.py:77} INFO - Job 186: Subtask download_dataset_task
[2022-02-09 20:47:57,456] {logging_mixin.py:109} INFO - Running <TaskInstance: green_taxi_gcs_dag.download_dataset_task scheduled__2020-07-02T00:00:00+00:00 [running]> on host 4f97b6b16bdb
[2022-02-09 20:47:57,611] {warnings.py:110} WARNING - /home/***/.local/lib/python3.7/site-packages/***/utils/context.py:152: AirflowContextDeprecationWarning: Accessing 'execution_date' from the template is deprecated and will be removed in a future version. Please use 'data_interval_start' or 'logical_date' instead.
  warnings.warn(_create_deprecation_warning(key, self._deprecation_replacements[key]))

[2022-02-09 20:47:57,661] {taskinstance.py:1426} INFO - Exporting the following env vars:
AIRFLOW_CTX_DAG_OWNER=***
AIRFLOW_CTX_DAG_ID=green_taxi_gcs_dag
AIRFLOW_CTX_TASK_ID=download_dataset_task
AIRFLOW_CTX_EXECUTION_DATE=2020-07-02T00:00:00+00:00
AIRFLOW_CTX_DAG_RUN_ID=scheduled__2020-07-02T00:00:00+00:00
[2022-02-09 20:47:57,662] {subprocess.py:62} INFO - Tmp dir root location: 
 /tmp
[2022-02-09 20:47:57,664] {subprocess.py:74} INFO - Running command: ['bash', '-c', 'curl -sS https://s3.amazonaws.com/nyc-tlc/trip+data/green_tripdata_2020-07.csv > /opt/***/output_2020-07.csv']
[2022-02-09 20:47:57,710] {subprocess.py:85} INFO - Output:
[2022-02-09 20:47:59,263] {subprocess.py:93} INFO - Command exited with return code 0
[2022-02-09 20:47:59,336] {taskinstance.py:1277} INFO - Marking task as SUCCESS. dag_id=green_taxi_gcs_dag, task_id=download_dataset_task, execution_date=20200702T000000, start_date=20220209T204757, end_date=20220209T204759
[2022-02-09 20:47:59,409] {local_task_job.py:154} INFO - Task exited with return code 0
[2022-02-09 20:47:59,505] {local_task_job.py:264} INFO - 1 downstream tasks scheduled from follow-on schedule check
[2022-02-20 00:08:07,763] {taskinstance.py:1032} INFO - Dependencies all met for <TaskInstance: green_taxi_gcs_dag.download_dataset_task scheduled__2020-07-02T00:00:00+00:00 [queued]>
[2022-02-20 00:08:07,794] {taskinstance.py:1032} INFO - Dependencies all met for <TaskInstance: green_taxi_gcs_dag.download_dataset_task scheduled__2020-07-02T00:00:00+00:00 [queued]>
[2022-02-20 00:08:07,794] {taskinstance.py:1238} INFO - 
--------------------------------------------------------------------------------
[2022-02-20 00:08:07,795] {taskinstance.py:1239} INFO - Starting attempt 1 of 2
[2022-02-20 00:08:07,795] {taskinstance.py:1240} INFO - 
--------------------------------------------------------------------------------
[2022-02-20 00:08:07,841] {taskinstance.py:1259} INFO - Executing <Task(BashOperator): download_dataset_task> on 2020-07-02 00:00:00+00:00
[2022-02-20 00:08:07,857] {standard_task_runner.py:52} INFO - Started process 973 to run task
[2022-02-20 00:08:07,862] {standard_task_runner.py:76} INFO - Running: ['***', 'tasks', 'run', 'green_taxi_gcs_dag', 'download_dataset_task', 'scheduled__2020-07-02T00:00:00+00:00', '--job-id', '375', '--raw', '--subdir', 'DAGS_FOLDER/green_gcs_dag.py', '--cfg-path', '/tmp/tmpgz2jprag', '--error-file', '/tmp/tmp0j4ehi9r']
[2022-02-20 00:08:07,863] {standard_task_runner.py:77} INFO - Job 375: Subtask download_dataset_task
[2022-02-20 00:08:08,028] {logging_mixin.py:109} INFO - Running <TaskInstance: green_taxi_gcs_dag.download_dataset_task scheduled__2020-07-02T00:00:00+00:00 [running]> on host da07aa254901
[2022-02-20 00:08:08,153] {warnings.py:110} WARNING - /home/***/.local/lib/python3.7/site-packages/***/utils/context.py:152: AirflowContextDeprecationWarning: Accessing 'execution_date' from the template is deprecated and will be removed in a future version. Please use 'data_interval_start' or 'logical_date' instead.
  warnings.warn(_create_deprecation_warning(key, self._deprecation_replacements[key]))

[2022-02-20 00:08:08,207] {taskinstance.py:1426} INFO - Exporting the following env vars:
AIRFLOW_CTX_DAG_OWNER=***
AIRFLOW_CTX_DAG_ID=green_taxi_gcs_dag
AIRFLOW_CTX_TASK_ID=download_dataset_task
AIRFLOW_CTX_EXECUTION_DATE=2020-07-02T00:00:00+00:00
AIRFLOW_CTX_DAG_RUN_ID=scheduled__2020-07-02T00:00:00+00:00
[2022-02-20 00:08:08,208] {subprocess.py:62} INFO - Tmp dir root location: 
 /tmp
[2022-02-20 00:08:08,217] {subprocess.py:74} INFO - Running command: ['bash', '-c', 'curl -sS https://s3.amazonaws.com/nyc-tlc/trip+data/green_tripdata_2020-07.csv > /opt/***/output_2020-07.csv']
[2022-02-20 00:08:08,251] {subprocess.py:85} INFO - Output:
[2022-02-20 00:08:13,233] {subprocess.py:93} INFO - Command exited with return code 0
[2022-02-20 00:08:13,298] {taskinstance.py:1277} INFO - Marking task as SUCCESS. dag_id=green_taxi_gcs_dag, task_id=download_dataset_task, execution_date=20200702T000000, start_date=20220220T000807, end_date=20220220T000813
[2022-02-20 00:08:13,394] {local_task_job.py:154} INFO - Task exited with return code 0
[2022-02-20 00:08:13,480] {local_task_job.py:264} INFO - 1 downstream tasks scheduled from follow-on schedule check
[2022-02-20 02:01:44,165] {taskinstance.py:1032} INFO - Dependencies all met for <TaskInstance: green_taxi_gcs_dag.download_dataset_task scheduled__2020-07-02T00:00:00+00:00 [queued]>
[2022-02-20 02:01:44,186] {taskinstance.py:1032} INFO - Dependencies all met for <TaskInstance: green_taxi_gcs_dag.download_dataset_task scheduled__2020-07-02T00:00:00+00:00 [queued]>
[2022-02-20 02:01:44,186] {taskinstance.py:1238} INFO - 
--------------------------------------------------------------------------------
[2022-02-20 02:01:44,186] {taskinstance.py:1239} INFO - Starting attempt 1 of 2
[2022-02-20 02:01:44,186] {taskinstance.py:1240} INFO - 
--------------------------------------------------------------------------------
[2022-02-20 02:01:44,202] {taskinstance.py:1259} INFO - Executing <Task(BashOperator): download_dataset_task> on 2020-07-02 00:00:00+00:00
[2022-02-20 02:01:44,208] {standard_task_runner.py:52} INFO - Started process 687 to run task
[2022-02-20 02:01:44,212] {standard_task_runner.py:76} INFO - Running: ['***', 'tasks', 'run', 'green_taxi_gcs_dag', 'download_dataset_task', 'scheduled__2020-07-02T00:00:00+00:00', '--job-id', '586', '--raw', '--subdir', 'DAGS_FOLDER/green_gcs_dag.py', '--cfg-path', '/tmp/tmpeq9h25w2', '--error-file', '/tmp/tmp48issjyl']
[2022-02-20 02:01:44,214] {standard_task_runner.py:77} INFO - Job 586: Subtask download_dataset_task
[2022-02-20 02:01:44,303] {logging_mixin.py:109} INFO - Running <TaskInstance: green_taxi_gcs_dag.download_dataset_task scheduled__2020-07-02T00:00:00+00:00 [running]> on host 5484a3a1f7c3
[2022-02-20 02:01:44,382] {warnings.py:110} WARNING - /home/***/.local/lib/python3.7/site-packages/***/utils/context.py:152: AirflowContextDeprecationWarning: Accessing 'execution_date' from the template is deprecated and will be removed in a future version. Please use 'data_interval_start' or 'logical_date' instead.
  warnings.warn(_create_deprecation_warning(key, self._deprecation_replacements[key]))

[2022-02-20 02:01:44,434] {taskinstance.py:1426} INFO - Exporting the following env vars:
AIRFLOW_CTX_DAG_OWNER=***
AIRFLOW_CTX_DAG_ID=green_taxi_gcs_dag
AIRFLOW_CTX_TASK_ID=download_dataset_task
AIRFLOW_CTX_EXECUTION_DATE=2020-07-02T00:00:00+00:00
AIRFLOW_CTX_DAG_RUN_ID=scheduled__2020-07-02T00:00:00+00:00
[2022-02-20 02:01:44,435] {subprocess.py:62} INFO - Tmp dir root location: 
 /tmp
[2022-02-20 02:01:44,438] {subprocess.py:74} INFO - Running command: ['bash', '-c', 'curl -sS https://s3.amazonaws.com/nyc-tlc/trip+data/green_tripdata_2020-07.csv > /opt/***/output_2020-07.csv']
[2022-02-20 02:01:44,459] {subprocess.py:85} INFO - Output:
[2022-02-20 02:01:46,050] {subprocess.py:93} INFO - Command exited with return code 0
[2022-02-20 02:01:46,136] {taskinstance.py:1277} INFO - Marking task as SUCCESS. dag_id=green_taxi_gcs_dag, task_id=download_dataset_task, execution_date=20200702T000000, start_date=20220220T020144, end_date=20220220T020146
[2022-02-20 02:01:46,187] {local_task_job.py:154} INFO - Task exited with return code 0
[2022-02-20 02:01:46,297] {local_task_job.py:264} INFO - 1 downstream tasks scheduled from follow-on schedule check
