[2022-02-03 18:18:25,210] {taskinstance.py:1032} INFO - Dependencies all met for <TaskInstance: fhv_gcs_dag.download_dataset_task scheduled__2019-10-02T00:00:00+00:00 [queued]>
[2022-02-03 18:18:25,229] {taskinstance.py:1032} INFO - Dependencies all met for <TaskInstance: fhv_gcs_dag.download_dataset_task scheduled__2019-10-02T00:00:00+00:00 [queued]>
[2022-02-03 18:18:25,229] {taskinstance.py:1238} INFO - 
--------------------------------------------------------------------------------
[2022-02-03 18:18:25,229] {taskinstance.py:1239} INFO - Starting attempt 1 of 2
[2022-02-03 18:18:25,229] {taskinstance.py:1240} INFO - 
--------------------------------------------------------------------------------
[2022-02-03 18:18:25,249] {taskinstance.py:1259} INFO - Executing <Task(BashOperator): download_dataset_task> on 2019-10-02 00:00:00+00:00
[2022-02-03 18:18:25,258] {standard_task_runner.py:52} INFO - Started process 1189 to run task
[2022-02-03 18:18:25,262] {standard_task_runner.py:76} INFO - Running: ['***', 'tasks', 'run', 'fhv_gcs_dag', 'download_dataset_task', 'scheduled__2019-10-02T00:00:00+00:00', '--job-id', '180', '--raw', '--subdir', 'DAGS_FOLDER/fhv_gcs_dag.py', '--cfg-path', '/tmp/tmpv8yfne_s', '--error-file', '/tmp/tmphctovxgq']
[2022-02-03 18:18:25,263] {standard_task_runner.py:77} INFO - Job 180: Subtask download_dataset_task
[2022-02-03 18:18:25,348] {logging_mixin.py:109} INFO - Running <TaskInstance: fhv_gcs_dag.download_dataset_task scheduled__2019-10-02T00:00:00+00:00 [running]> on host bd2f56b76e32
[2022-02-03 18:18:25,417] {warnings.py:110} WARNING - /home/***/.local/lib/python3.7/site-packages/***/utils/context.py:152: AirflowContextDeprecationWarning: Accessing 'execution_date' from the template is deprecated and will be removed in a future version. Please use 'data_interval_start' or 'logical_date' instead.
  warnings.warn(_create_deprecation_warning(key, self._deprecation_replacements[key]))

[2022-02-03 18:18:25,453] {taskinstance.py:1426} INFO - Exporting the following env vars:
AIRFLOW_CTX_DAG_OWNER=***
AIRFLOW_CTX_DAG_ID=fhv_gcs_dag
AIRFLOW_CTX_TASK_ID=download_dataset_task
AIRFLOW_CTX_EXECUTION_DATE=2019-10-02T00:00:00+00:00
AIRFLOW_CTX_DAG_RUN_ID=scheduled__2019-10-02T00:00:00+00:00
[2022-02-03 18:18:25,455] {subprocess.py:62} INFO - Tmp dir root location: 
 /tmp
[2022-02-03 18:18:25,455] {subprocess.py:74} INFO - Running command: ['bash', '-c', 'curl -sS https://nyc-tlc.s3.amazonaws.com/trip+data/fhv_tripdata_2019-10.csv > /opt/***/output_2019-10.csv']
[2022-02-03 18:18:25,470] {subprocess.py:85} INFO - Output:
[2022-02-03 18:19:05,555] {subprocess.py:93} INFO - Command exited with return code 0
[2022-02-03 18:19:05,597] {taskinstance.py:1277} INFO - Marking task as SUCCESS. dag_id=fhv_gcs_dag, task_id=download_dataset_task, execution_date=20191002T000000, start_date=20220203T181825, end_date=20220203T181905
[2022-02-03 18:19:05,631] {local_task_job.py:154} INFO - Task exited with return code 0
[2022-02-03 18:19:05,676] {local_task_job.py:264} INFO - 1 downstream tasks scheduled from follow-on schedule check
[2022-02-19 23:58:38,726] {taskinstance.py:1032} INFO - Dependencies all met for <TaskInstance: fhv_gcs_dag.download_dataset_task scheduled__2019-10-02T00:00:00+00:00 [queued]>
[2022-02-19 23:58:38,742] {taskinstance.py:1032} INFO - Dependencies all met for <TaskInstance: fhv_gcs_dag.download_dataset_task scheduled__2019-10-02T00:00:00+00:00 [queued]>
[2022-02-19 23:58:38,742] {taskinstance.py:1238} INFO - 
--------------------------------------------------------------------------------
[2022-02-19 23:58:38,742] {taskinstance.py:1239} INFO - Starting attempt 1 of 2
[2022-02-19 23:58:38,742] {taskinstance.py:1240} INFO - 
--------------------------------------------------------------------------------
[2022-02-19 23:58:38,763] {taskinstance.py:1259} INFO - Executing <Task(BashOperator): download_dataset_task> on 2019-10-02 00:00:00+00:00
[2022-02-19 23:58:38,774] {standard_task_runner.py:52} INFO - Started process 165 to run task
[2022-02-19 23:58:38,781] {standard_task_runner.py:76} INFO - Running: ['***', 'tasks', 'run', 'fhv_gcs_dag', 'download_dataset_task', 'scheduled__2019-10-02T00:00:00+00:00', '--job-id', '293', '--raw', '--subdir', 'DAGS_FOLDER/fhv_gcs_dag.py', '--cfg-path', '/tmp/tmpuhb6ex9f', '--error-file', '/tmp/tmpj39_tdhz']
[2022-02-19 23:58:38,782] {standard_task_runner.py:77} INFO - Job 293: Subtask download_dataset_task
[2022-02-19 23:58:38,876] {logging_mixin.py:109} INFO - Running <TaskInstance: fhv_gcs_dag.download_dataset_task scheduled__2019-10-02T00:00:00+00:00 [running]> on host da07aa254901
[2022-02-19 23:58:38,927] {warnings.py:110} WARNING - /home/***/.local/lib/python3.7/site-packages/***/utils/context.py:152: AirflowContextDeprecationWarning: Accessing 'execution_date' from the template is deprecated and will be removed in a future version. Please use 'data_interval_start' or 'logical_date' instead.
  warnings.warn(_create_deprecation_warning(key, self._deprecation_replacements[key]))

[2022-02-19 23:58:38,946] {taskinstance.py:1426} INFO - Exporting the following env vars:
AIRFLOW_CTX_DAG_OWNER=***
AIRFLOW_CTX_DAG_ID=fhv_gcs_dag
AIRFLOW_CTX_TASK_ID=download_dataset_task
AIRFLOW_CTX_EXECUTION_DATE=2019-10-02T00:00:00+00:00
AIRFLOW_CTX_DAG_RUN_ID=scheduled__2019-10-02T00:00:00+00:00
[2022-02-19 23:58:38,947] {subprocess.py:62} INFO - Tmp dir root location: 
 /tmp
[2022-02-19 23:58:38,948] {subprocess.py:74} INFO - Running command: ['bash', '-c', 'curl -sS https://nyc-tlc.s3.amazonaws.com/trip+data/fhv_tripdata_2019-10.csv > /opt/***/output_2019-10.csv']
[2022-02-19 23:58:38,958] {subprocess.py:85} INFO - Output:
[2022-02-19 23:58:48,734] {subprocess.py:93} INFO - Command exited with return code 0
[2022-02-19 23:58:48,770] {taskinstance.py:1277} INFO - Marking task as SUCCESS. dag_id=fhv_gcs_dag, task_id=download_dataset_task, execution_date=20191002T000000, start_date=20220219T235838, end_date=20220219T235848
[2022-02-19 23:58:48,817] {local_task_job.py:154} INFO - Task exited with return code 0
[2022-02-19 23:58:48,875] {local_task_job.py:264} INFO - 1 downstream tasks scheduled from follow-on schedule check
[2022-02-23 20:43:10,747] {taskinstance.py:1032} INFO - Dependencies all met for <TaskInstance: fhv_gcs_dag.download_dataset_task scheduled__2019-10-02T00:00:00+00:00 [queued]>
[2022-02-23 20:43:10,780] {taskinstance.py:1032} INFO - Dependencies all met for <TaskInstance: fhv_gcs_dag.download_dataset_task scheduled__2019-10-02T00:00:00+00:00 [queued]>
[2022-02-23 20:43:10,780] {taskinstance.py:1238} INFO - 
--------------------------------------------------------------------------------
[2022-02-23 20:43:10,780] {taskinstance.py:1239} INFO - Starting attempt 1 of 2
[2022-02-23 20:43:10,780] {taskinstance.py:1240} INFO - 
--------------------------------------------------------------------------------
[2022-02-23 20:43:10,812] {taskinstance.py:1259} INFO - Executing <Task(BashOperator): download_dataset_task> on 2019-10-02 00:00:00+00:00
[2022-02-23 20:43:10,819] {standard_task_runner.py:52} INFO - Started process 478 to run task
[2022-02-23 20:43:10,829] {standard_task_runner.py:76} INFO - Running: ['***', 'tasks', 'run', 'fhv_gcs_dag', 'download_dataset_task', 'scheduled__2019-10-02T00:00:00+00:00', '--job-id', '34', '--raw', '--subdir', 'DAGS_FOLDER/fhv_gcs_dag.py', '--cfg-path', '/tmp/tmpwjp3ev20', '--error-file', '/tmp/tmp8evkk81t']
[2022-02-23 20:43:10,831] {standard_task_runner.py:77} INFO - Job 34: Subtask download_dataset_task
[2022-02-23 20:43:10,948] {logging_mixin.py:109} INFO - Running <TaskInstance: fhv_gcs_dag.download_dataset_task scheduled__2019-10-02T00:00:00+00:00 [running]> on host 1c172e0325c8
[2022-02-23 20:43:11,027] {warnings.py:110} WARNING - /home/***/.local/lib/python3.7/site-packages/***/utils/context.py:152: AirflowContextDeprecationWarning: Accessing 'execution_date' from the template is deprecated and will be removed in a future version. Please use 'data_interval_start' or 'logical_date' instead.
  warnings.warn(_create_deprecation_warning(key, self._deprecation_replacements[key]))

[2022-02-23 20:43:11,060] {taskinstance.py:1426} INFO - Exporting the following env vars:
AIRFLOW_CTX_DAG_OWNER=***
AIRFLOW_CTX_DAG_ID=fhv_gcs_dag
AIRFLOW_CTX_TASK_ID=download_dataset_task
AIRFLOW_CTX_EXECUTION_DATE=2019-10-02T00:00:00+00:00
AIRFLOW_CTX_DAG_RUN_ID=scheduled__2019-10-02T00:00:00+00:00
[2022-02-23 20:43:11,061] {subprocess.py:62} INFO - Tmp dir root location: 
 /tmp
[2022-02-23 20:43:11,062] {subprocess.py:74} INFO - Running command: ['bash', '-c', 'curl -sS https://nyc-tlc.s3.amazonaws.com/trip+data/fhv_tripdata_2019-10.csv > /opt/***/output_2019-10.csv']
[2022-02-23 20:43:11,081] {subprocess.py:85} INFO - Output:
[2022-02-23 20:43:23,684] {subprocess.py:93} INFO - Command exited with return code 0
[2022-02-23 20:43:23,730] {taskinstance.py:1277} INFO - Marking task as SUCCESS. dag_id=fhv_gcs_dag, task_id=download_dataset_task, execution_date=20191002T000000, start_date=20220223T204310, end_date=20220223T204323
[2022-02-23 20:43:23,803] {local_task_job.py:154} INFO - Task exited with return code 0
[2022-02-23 20:43:23,865] {local_task_job.py:264} INFO - 1 downstream tasks scheduled from follow-on schedule check
