[2022-02-09 20:33:35,457] {taskinstance.py:1032} INFO - Dependencies all met for <TaskInstance: green_taxi_gcs_dag.delete_the_local_file scheduled__2019-09-02T00:00:00+00:00 [queued]>
[2022-02-09 20:33:35,517] {taskinstance.py:1032} INFO - Dependencies all met for <TaskInstance: green_taxi_gcs_dag.delete_the_local_file scheduled__2019-09-02T00:00:00+00:00 [queued]>
[2022-02-09 20:33:35,517] {taskinstance.py:1238} INFO - 
--------------------------------------------------------------------------------
[2022-02-09 20:33:35,518] {taskinstance.py:1239} INFO - Starting attempt 1 of 2
[2022-02-09 20:33:35,518] {taskinstance.py:1240} INFO - 
--------------------------------------------------------------------------------
[2022-02-09 20:33:35,618] {taskinstance.py:1259} INFO - Executing <Task(BashOperator): delete_the_local_file> on 2019-09-02 00:00:00+00:00
[2022-02-09 20:33:35,641] {standard_task_runner.py:52} INFO - Started process 350 to run task
[2022-02-09 20:33:35,681] {standard_task_runner.py:76} INFO - Running: ['***', 'tasks', 'run', 'green_taxi_gcs_dag', 'delete_the_local_file', 'scheduled__2019-09-02T00:00:00+00:00', '--job-id', '53', '--raw', '--subdir', 'DAGS_FOLDER/green_gcs_dag.py', '--cfg-path', '/tmp/tmpfkfoafnx', '--error-file', '/tmp/tmpi4ki_vm3']
[2022-02-09 20:33:35,683] {standard_task_runner.py:77} INFO - Job 53: Subtask delete_the_local_file
[2022-02-09 20:33:36,070] {logging_mixin.py:109} INFO - Running <TaskInstance: green_taxi_gcs_dag.delete_the_local_file scheduled__2019-09-02T00:00:00+00:00 [running]> on host 4f97b6b16bdb
[2022-02-09 20:33:36,308] {warnings.py:110} WARNING - /home/***/.local/lib/python3.7/site-packages/***/utils/context.py:152: AirflowContextDeprecationWarning: Accessing 'execution_date' from the template is deprecated and will be removed in a future version. Please use 'data_interval_start' or 'logical_date' instead.
  warnings.warn(_create_deprecation_warning(key, self._deprecation_replacements[key]))

[2022-02-09 20:33:36,381] {taskinstance.py:1426} INFO - Exporting the following env vars:
AIRFLOW_CTX_DAG_OWNER=***
AIRFLOW_CTX_DAG_ID=green_taxi_gcs_dag
AIRFLOW_CTX_TASK_ID=delete_the_local_file
AIRFLOW_CTX_EXECUTION_DATE=2019-09-02T00:00:00+00:00
AIRFLOW_CTX_DAG_RUN_ID=scheduled__2019-09-02T00:00:00+00:00
[2022-02-09 20:33:36,383] {subprocess.py:62} INFO - Tmp dir root location: 
 /tmp
[2022-02-09 20:33:36,386] {subprocess.py:74} INFO - Running command: ['bash', '-c', 'rm /opt/***/output_2019-09.csv | rm /opt/***/output_2019-09.parquet']
[2022-02-09 20:33:36,505] {subprocess.py:85} INFO - Output:
[2022-02-09 20:33:36,629] {subprocess.py:93} INFO - Command exited with return code 0
[2022-02-09 20:33:36,968] {taskinstance.py:1277} INFO - Marking task as SUCCESS. dag_id=green_taxi_gcs_dag, task_id=delete_the_local_file, execution_date=20190902T000000, start_date=20220209T203335, end_date=20220209T203336
[2022-02-09 20:33:37,280] {local_task_job.py:154} INFO - Task exited with return code 0
[2022-02-09 20:33:37,526] {local_task_job.py:264} INFO - 0 downstream tasks scheduled from follow-on schedule check
[2022-02-09 20:44:48,529] {taskinstance.py:1032} INFO - Dependencies all met for <TaskInstance: green_taxi_gcs_dag.delete_the_local_file scheduled__2019-09-02T00:00:00+00:00 [queued]>
[2022-02-09 20:44:48,558] {taskinstance.py:1032} INFO - Dependencies all met for <TaskInstance: green_taxi_gcs_dag.delete_the_local_file scheduled__2019-09-02T00:00:00+00:00 [queued]>
[2022-02-09 20:44:48,558] {taskinstance.py:1238} INFO - 
--------------------------------------------------------------------------------
[2022-02-09 20:44:48,561] {taskinstance.py:1239} INFO - Starting attempt 1 of 2
[2022-02-09 20:44:48,561] {taskinstance.py:1240} INFO - 
--------------------------------------------------------------------------------
[2022-02-09 20:44:48,593] {taskinstance.py:1259} INFO - Executing <Task(BashOperator): delete_the_local_file> on 2019-09-02 00:00:00+00:00
[2022-02-09 20:44:48,602] {standard_task_runner.py:52} INFO - Started process 800 to run task
[2022-02-09 20:44:48,608] {standard_task_runner.py:76} INFO - Running: ['***', 'tasks', 'run', 'green_taxi_gcs_dag', 'delete_the_local_file', 'scheduled__2019-09-02T00:00:00+00:00', '--job-id', '152', '--raw', '--subdir', 'DAGS_FOLDER/green_gcs_dag.py', '--cfg-path', '/tmp/tmpd9t_7ti3', '--error-file', '/tmp/tmp8sr58foa']
[2022-02-09 20:44:48,612] {standard_task_runner.py:77} INFO - Job 152: Subtask delete_the_local_file
[2022-02-09 20:44:48,738] {logging_mixin.py:109} INFO - Running <TaskInstance: green_taxi_gcs_dag.delete_the_local_file scheduled__2019-09-02T00:00:00+00:00 [running]> on host 4f97b6b16bdb
[2022-02-09 20:44:48,818] {warnings.py:110} WARNING - /home/***/.local/lib/python3.7/site-packages/***/utils/context.py:152: AirflowContextDeprecationWarning: Accessing 'execution_date' from the template is deprecated and will be removed in a future version. Please use 'data_interval_start' or 'logical_date' instead.
  warnings.warn(_create_deprecation_warning(key, self._deprecation_replacements[key]))

[2022-02-09 20:44:48,848] {taskinstance.py:1426} INFO - Exporting the following env vars:
AIRFLOW_CTX_DAG_OWNER=***
AIRFLOW_CTX_DAG_ID=green_taxi_gcs_dag
AIRFLOW_CTX_TASK_ID=delete_the_local_file
AIRFLOW_CTX_EXECUTION_DATE=2019-09-02T00:00:00+00:00
AIRFLOW_CTX_DAG_RUN_ID=scheduled__2019-09-02T00:00:00+00:00
[2022-02-09 20:44:48,849] {subprocess.py:62} INFO - Tmp dir root location: 
 /tmp
[2022-02-09 20:44:48,850] {subprocess.py:74} INFO - Running command: ['bash', '-c', 'rm /opt/***/output_2019-09.csv | rm /opt/***/output_2019-09.parquet']
[2022-02-09 20:44:48,869] {subprocess.py:85} INFO - Output:
[2022-02-09 20:44:48,884] {subprocess.py:93} INFO - Command exited with return code 0
[2022-02-09 20:44:48,921] {taskinstance.py:1277} INFO - Marking task as SUCCESS. dag_id=green_taxi_gcs_dag, task_id=delete_the_local_file, execution_date=20190902T000000, start_date=20220209T204448, end_date=20220209T204448
[2022-02-09 20:44:48,988] {local_task_job.py:154} INFO - Task exited with return code 0
[2022-02-09 20:44:49,038] {local_task_job.py:264} INFO - 0 downstream tasks scheduled from follow-on schedule check
[2022-02-20 00:06:56,709] {taskinstance.py:1032} INFO - Dependencies all met for <TaskInstance: green_taxi_gcs_dag.delete_the_local_file scheduled__2019-09-02T00:00:00+00:00 [queued]>
[2022-02-20 00:06:56,751] {taskinstance.py:1032} INFO - Dependencies all met for <TaskInstance: green_taxi_gcs_dag.delete_the_local_file scheduled__2019-09-02T00:00:00+00:00 [queued]>
[2022-02-20 00:06:56,751] {taskinstance.py:1238} INFO - 
--------------------------------------------------------------------------------
[2022-02-20 00:06:56,751] {taskinstance.py:1239} INFO - Starting attempt 1 of 2
[2022-02-20 00:06:56,751] {taskinstance.py:1240} INFO - 
--------------------------------------------------------------------------------
[2022-02-20 00:06:56,784] {taskinstance.py:1259} INFO - Executing <Task(BashOperator): delete_the_local_file> on 2019-09-02 00:00:00+00:00
[2022-02-20 00:06:56,792] {standard_task_runner.py:52} INFO - Started process 747 to run task
[2022-02-20 00:06:56,873] {standard_task_runner.py:76} INFO - Running: ['***', 'tasks', 'run', 'green_taxi_gcs_dag', 'delete_the_local_file', 'scheduled__2019-09-02T00:00:00+00:00', '--job-id', '343', '--raw', '--subdir', 'DAGS_FOLDER/green_gcs_dag.py', '--cfg-path', '/tmp/tmpriqvpzdn', '--error-file', '/tmp/tmpt5ap0_ps']
[2022-02-20 00:06:56,874] {standard_task_runner.py:77} INFO - Job 343: Subtask delete_the_local_file
[2022-02-20 00:06:57,185] {logging_mixin.py:109} INFO - Running <TaskInstance: green_taxi_gcs_dag.delete_the_local_file scheduled__2019-09-02T00:00:00+00:00 [running]> on host da07aa254901
[2022-02-20 00:06:57,346] {warnings.py:110} WARNING - /home/***/.local/lib/python3.7/site-packages/***/utils/context.py:152: AirflowContextDeprecationWarning: Accessing 'execution_date' from the template is deprecated and will be removed in a future version. Please use 'data_interval_start' or 'logical_date' instead.
  warnings.warn(_create_deprecation_warning(key, self._deprecation_replacements[key]))

[2022-02-20 00:06:57,415] {taskinstance.py:1426} INFO - Exporting the following env vars:
AIRFLOW_CTX_DAG_OWNER=***
AIRFLOW_CTX_DAG_ID=green_taxi_gcs_dag
AIRFLOW_CTX_TASK_ID=delete_the_local_file
AIRFLOW_CTX_EXECUTION_DATE=2019-09-02T00:00:00+00:00
AIRFLOW_CTX_DAG_RUN_ID=scheduled__2019-09-02T00:00:00+00:00
[2022-02-20 00:06:57,416] {subprocess.py:62} INFO - Tmp dir root location: 
 /tmp
[2022-02-20 00:06:57,417] {subprocess.py:74} INFO - Running command: ['bash', '-c', 'rm /opt/***/output_2019-09.csv | rm /opt/***/output_2019-09.parquet']
[2022-02-20 00:06:57,452] {subprocess.py:85} INFO - Output:
[2022-02-20 00:06:57,480] {subprocess.py:93} INFO - Command exited with return code 0
[2022-02-20 00:06:57,590] {taskinstance.py:1277} INFO - Marking task as SUCCESS. dag_id=green_taxi_gcs_dag, task_id=delete_the_local_file, execution_date=20190902T000000, start_date=20220220T000656, end_date=20220220T000657
[2022-02-20 00:06:57,756] {local_task_job.py:154} INFO - Task exited with return code 0
[2022-02-20 00:06:57,901] {local_task_job.py:264} INFO - 0 downstream tasks scheduled from follow-on schedule check
[2022-02-20 02:00:28,650] {taskinstance.py:1032} INFO - Dependencies all met for <TaskInstance: green_taxi_gcs_dag.delete_the_local_file scheduled__2019-09-02T00:00:00+00:00 [queued]>
[2022-02-20 02:00:28,670] {taskinstance.py:1032} INFO - Dependencies all met for <TaskInstance: green_taxi_gcs_dag.delete_the_local_file scheduled__2019-09-02T00:00:00+00:00 [queued]>
[2022-02-20 02:00:28,671] {taskinstance.py:1238} INFO - 
--------------------------------------------------------------------------------
[2022-02-20 02:00:28,671] {taskinstance.py:1239} INFO - Starting attempt 1 of 2
[2022-02-20 02:00:28,671] {taskinstance.py:1240} INFO - 
--------------------------------------------------------------------------------
[2022-02-20 02:00:28,692] {taskinstance.py:1259} INFO - Executing <Task(BashOperator): delete_the_local_file> on 2019-09-02 00:00:00+00:00
[2022-02-20 02:00:28,699] {standard_task_runner.py:52} INFO - Started process 445 to run task
[2022-02-20 02:00:28,704] {standard_task_runner.py:76} INFO - Running: ['***', 'tasks', 'run', 'green_taxi_gcs_dag', 'delete_the_local_file', 'scheduled__2019-09-02T00:00:00+00:00', '--job-id', '551', '--raw', '--subdir', 'DAGS_FOLDER/green_gcs_dag.py', '--cfg-path', '/tmp/tmpxvv89_uo', '--error-file', '/tmp/tmpfi9yj9tu']
[2022-02-20 02:00:28,705] {standard_task_runner.py:77} INFO - Job 551: Subtask delete_the_local_file
[2022-02-20 02:00:28,874] {logging_mixin.py:109} INFO - Running <TaskInstance: green_taxi_gcs_dag.delete_the_local_file scheduled__2019-09-02T00:00:00+00:00 [running]> on host 5484a3a1f7c3
[2022-02-20 02:00:29,025] {warnings.py:110} WARNING - /home/***/.local/lib/python3.7/site-packages/***/utils/context.py:152: AirflowContextDeprecationWarning: Accessing 'execution_date' from the template is deprecated and will be removed in a future version. Please use 'data_interval_start' or 'logical_date' instead.
  warnings.warn(_create_deprecation_warning(key, self._deprecation_replacements[key]))

[2022-02-20 02:00:29,068] {taskinstance.py:1426} INFO - Exporting the following env vars:
AIRFLOW_CTX_DAG_OWNER=***
AIRFLOW_CTX_DAG_ID=green_taxi_gcs_dag
AIRFLOW_CTX_TASK_ID=delete_the_local_file
AIRFLOW_CTX_EXECUTION_DATE=2019-09-02T00:00:00+00:00
AIRFLOW_CTX_DAG_RUN_ID=scheduled__2019-09-02T00:00:00+00:00
[2022-02-20 02:00:29,069] {subprocess.py:62} INFO - Tmp dir root location: 
 /tmp
[2022-02-20 02:00:29,070] {subprocess.py:74} INFO - Running command: ['bash', '-c', 'rm /opt/***/output_2019-09.csv | rm /opt/***/output_2019-09.parquet']
[2022-02-20 02:00:29,103] {subprocess.py:85} INFO - Output:
[2022-02-20 02:00:29,132] {subprocess.py:93} INFO - Command exited with return code 0
[2022-02-20 02:00:29,174] {taskinstance.py:1277} INFO - Marking task as SUCCESS. dag_id=green_taxi_gcs_dag, task_id=delete_the_local_file, execution_date=20190902T000000, start_date=20220220T020028, end_date=20220220T020029
[2022-02-20 02:00:29,215] {local_task_job.py:154} INFO - Task exited with return code 0
[2022-02-20 02:00:29,253] {local_task_job.py:264} INFO - 0 downstream tasks scheduled from follow-on schedule check
