[2022-02-03 17:27:48,381] {taskinstance.py:1032} INFO - Dependencies all met for <TaskInstance: yellow_taxi_gcs_dag.local_to_gcs_task scheduled__2020-07-02T00:00:00+00:00 [queued]>
[2022-02-03 17:27:48,403] {taskinstance.py:1032} INFO - Dependencies all met for <TaskInstance: yellow_taxi_gcs_dag.local_to_gcs_task scheduled__2020-07-02T00:00:00+00:00 [queued]>
[2022-02-03 17:27:48,404] {taskinstance.py:1238} INFO - 
--------------------------------------------------------------------------------
[2022-02-03 17:27:48,404] {taskinstance.py:1239} INFO - Starting attempt 1 of 2
[2022-02-03 17:27:48,404] {taskinstance.py:1240} INFO - 
--------------------------------------------------------------------------------
[2022-02-03 17:27:48,440] {taskinstance.py:1259} INFO - Executing <Task(PythonOperator): local_to_gcs_task> on 2020-07-02 00:00:00+00:00
[2022-02-03 17:27:48,447] {standard_task_runner.py:52} INFO - Started process 3210 to run task
[2022-02-03 17:27:48,452] {standard_task_runner.py:76} INFO - Running: ['***', 'tasks', 'run', 'yellow_taxi_gcs_dag', 'local_to_gcs_task', 'scheduled__2020-07-02T00:00:00+00:00', '--job-id', '120', '--raw', '--subdir', 'DAGS_FOLDER/yellow_taxi_gcs_dag.py', '--cfg-path', '/tmp/tmpw0iis85p', '--error-file', '/tmp/tmp5cut0k18']
[2022-02-03 17:27:48,453] {standard_task_runner.py:77} INFO - Job 120: Subtask local_to_gcs_task
[2022-02-03 17:27:48,669] {logging_mixin.py:109} INFO - Running <TaskInstance: yellow_taxi_gcs_dag.local_to_gcs_task scheduled__2020-07-02T00:00:00+00:00 [running]> on host 7e458922b35d
[2022-02-03 17:27:48,823] {warnings.py:110} WARNING - /home/***/.local/lib/python3.7/site-packages/***/utils/context.py:152: AirflowContextDeprecationWarning: Accessing 'execution_date' from the template is deprecated and will be removed in a future version. Please use 'data_interval_start' or 'logical_date' instead.
  warnings.warn(_create_deprecation_warning(key, self._deprecation_replacements[key]))

[2022-02-03 17:27:48,868] {taskinstance.py:1426} INFO - Exporting the following env vars:
AIRFLOW_CTX_DAG_OWNER=***
AIRFLOW_CTX_DAG_ID=yellow_taxi_gcs_dag
AIRFLOW_CTX_TASK_ID=local_to_gcs_task
AIRFLOW_CTX_EXECUTION_DATE=2020-07-02T00:00:00+00:00
AIRFLOW_CTX_DAG_RUN_ID=scheduled__2020-07-02T00:00:00+00:00
[2022-02-03 17:27:50,963] {python.py:175} INFO - Done. Returned value was: None
[2022-02-03 17:27:50,988] {taskinstance.py:1277} INFO - Marking task as SUCCESS. dag_id=yellow_taxi_gcs_dag, task_id=local_to_gcs_task, execution_date=20200702T000000, start_date=20220203T172748, end_date=20220203T172750
[2022-02-03 17:27:51,058] {local_task_job.py:154} INFO - Task exited with return code 0
[2022-02-03 17:27:51,137] {local_task_job.py:264} INFO - 1 downstream tasks scheduled from follow-on schedule check
<<<<<<< HEAD
[2022-02-20 00:30:46,012] {taskinstance.py:1032} INFO - Dependencies all met for <TaskInstance: yellow_taxi_gcs_dag.local_to_gcs_task scheduled__2020-07-02T00:00:00+00:00 [queued]>
[2022-02-20 00:30:46,049] {taskinstance.py:1032} INFO - Dependencies all met for <TaskInstance: yellow_taxi_gcs_dag.local_to_gcs_task scheduled__2020-07-02T00:00:00+00:00 [queued]>
[2022-02-20 00:30:46,049] {taskinstance.py:1238} INFO - 
--------------------------------------------------------------------------------
[2022-02-20 00:30:46,049] {taskinstance.py:1239} INFO - Starting attempt 1 of 2
[2022-02-20 00:30:46,049] {taskinstance.py:1240} INFO - 
--------------------------------------------------------------------------------
[2022-02-20 00:30:46,094] {taskinstance.py:1259} INFO - Executing <Task(PythonOperator): local_to_gcs_task> on 2020-07-02 00:00:00+00:00
[2022-02-20 00:30:46,102] {standard_task_runner.py:52} INFO - Started process 2392 to run task
[2022-02-20 00:30:46,111] {standard_task_runner.py:76} INFO - Running: ['***', 'tasks', 'run', 'yellow_taxi_gcs_dag', 'local_to_gcs_task', 'scheduled__2020-07-02T00:00:00+00:00', '--job-id', '491', '--raw', '--subdir', 'DAGS_FOLDER/yellow_taxi_gcs_dag.py', '--cfg-path', '/tmp/tmp44ifk6ig', '--error-file', '/tmp/tmpo_nkog12']
[2022-02-20 00:30:46,113] {standard_task_runner.py:77} INFO - Job 491: Subtask local_to_gcs_task
[2022-02-20 00:30:46,382] {logging_mixin.py:109} INFO - Running <TaskInstance: yellow_taxi_gcs_dag.local_to_gcs_task scheduled__2020-07-02T00:00:00+00:00 [running]> on host da07aa254901
[2022-02-20 00:30:46,540] {warnings.py:110} WARNING - /home/***/.local/lib/python3.7/site-packages/***/utils/context.py:152: AirflowContextDeprecationWarning: Accessing 'execution_date' from the template is deprecated and will be removed in a future version. Please use 'data_interval_start' or 'logical_date' instead.
  warnings.warn(_create_deprecation_warning(key, self._deprecation_replacements[key]))

[2022-02-20 00:30:46,639] {taskinstance.py:1426} INFO - Exporting the following env vars:
AIRFLOW_CTX_DAG_OWNER=***
AIRFLOW_CTX_DAG_ID=yellow_taxi_gcs_dag
AIRFLOW_CTX_TASK_ID=local_to_gcs_task
AIRFLOW_CTX_EXECUTION_DATE=2020-07-02T00:00:00+00:00
AIRFLOW_CTX_DAG_RUN_ID=scheduled__2020-07-02T00:00:00+00:00
[2022-02-20 00:30:48,856] {python.py:175} INFO - Done. Returned value was: None
[2022-02-20 00:30:48,887] {taskinstance.py:1277} INFO - Marking task as SUCCESS. dag_id=yellow_taxi_gcs_dag, task_id=local_to_gcs_task, execution_date=20200702T000000, start_date=20220220T003046, end_date=20220220T003048
[2022-02-20 00:30:48,970] {local_task_job.py:154} INFO - Task exited with return code 0
[2022-02-20 00:30:49,102] {local_task_job.py:264} INFO - 1 downstream tasks scheduled from follow-on schedule check
=======
>>>>>>> origin/master
