[2022-02-03 17:27:33,070] {taskinstance.py:1032} INFO - Dependencies all met for <TaskInstance: yellow_taxi_gcs_dag.download_dataset_task scheduled__2020-08-02T00:00:00+00:00 [queued]>
[2022-02-03 17:27:33,098] {taskinstance.py:1032} INFO - Dependencies all met for <TaskInstance: yellow_taxi_gcs_dag.download_dataset_task scheduled__2020-08-02T00:00:00+00:00 [queued]>
[2022-02-03 17:27:33,098] {taskinstance.py:1238} INFO - 
--------------------------------------------------------------------------------
[2022-02-03 17:27:33,098] {taskinstance.py:1239} INFO - Starting attempt 1 of 2
[2022-02-03 17:27:33,099] {taskinstance.py:1240} INFO - 
--------------------------------------------------------------------------------
[2022-02-03 17:27:33,133] {taskinstance.py:1259} INFO - Executing <Task(BashOperator): download_dataset_task> on 2020-08-02 00:00:00+00:00
[2022-02-03 17:27:33,143] {standard_task_runner.py:52} INFO - Started process 3181 to run task
[2022-02-03 17:27:33,151] {standard_task_runner.py:76} INFO - Running: ['***', 'tasks', 'run', 'yellow_taxi_gcs_dag', 'download_dataset_task', 'scheduled__2020-08-02T00:00:00+00:00', '--job-id', '117', '--raw', '--subdir', 'DAGS_FOLDER/yellow_taxi_gcs_dag.py', '--cfg-path', '/tmp/tmp846ixtij', '--error-file', '/tmp/tmp1mf04fmg']
[2022-02-03 17:27:33,152] {standard_task_runner.py:77} INFO - Job 117: Subtask download_dataset_task
[2022-02-03 17:27:33,265] {logging_mixin.py:109} INFO - Running <TaskInstance: yellow_taxi_gcs_dag.download_dataset_task scheduled__2020-08-02T00:00:00+00:00 [running]> on host 7e458922b35d
[2022-02-03 17:27:33,341] {warnings.py:110} WARNING - /home/***/.local/lib/python3.7/site-packages/***/utils/context.py:152: AirflowContextDeprecationWarning: Accessing 'execution_date' from the template is deprecated and will be removed in a future version. Please use 'data_interval_start' or 'logical_date' instead.
  warnings.warn(_create_deprecation_warning(key, self._deprecation_replacements[key]))

[2022-02-03 17:27:33,374] {taskinstance.py:1426} INFO - Exporting the following env vars:
AIRFLOW_CTX_DAG_OWNER=***
AIRFLOW_CTX_DAG_ID=yellow_taxi_gcs_dag
AIRFLOW_CTX_TASK_ID=download_dataset_task
AIRFLOW_CTX_EXECUTION_DATE=2020-08-02T00:00:00+00:00
AIRFLOW_CTX_DAG_RUN_ID=scheduled__2020-08-02T00:00:00+00:00
[2022-02-03 17:27:33,375] {subprocess.py:62} INFO - Tmp dir root location: 
 /tmp
[2022-02-03 17:27:33,376] {subprocess.py:74} INFO - Running command: ['bash', '-c', 'curl -sS https://s3.amazonaws.com/nyc-tlc/trip+data/yellow_tripdata_2020-08.csv > /opt/***/output_2020-08.csv']
[2022-02-03 17:27:33,391] {subprocess.py:85} INFO - Output:
[2022-02-03 17:27:56,434] {subprocess.py:93} INFO - Command exited with return code 0
[2022-02-03 17:27:56,487] {taskinstance.py:1277} INFO - Marking task as SUCCESS. dag_id=yellow_taxi_gcs_dag, task_id=download_dataset_task, execution_date=20200802T000000, start_date=20220203T172733, end_date=20220203T172756
[2022-02-03 17:27:56,521] {local_task_job.py:154} INFO - Task exited with return code 0
[2022-02-03 17:27:56,569] {local_task_job.py:264} INFO - 1 downstream tasks scheduled from follow-on schedule check
<<<<<<< HEAD
[2022-02-20 00:30:26,878] {taskinstance.py:1032} INFO - Dependencies all met for <TaskInstance: yellow_taxi_gcs_dag.download_dataset_task scheduled__2020-08-02T00:00:00+00:00 [queued]>
[2022-02-20 00:30:26,896] {taskinstance.py:1032} INFO - Dependencies all met for <TaskInstance: yellow_taxi_gcs_dag.download_dataset_task scheduled__2020-08-02T00:00:00+00:00 [queued]>
[2022-02-20 00:30:26,896] {taskinstance.py:1238} INFO - 
--------------------------------------------------------------------------------
[2022-02-20 00:30:26,897] {taskinstance.py:1239} INFO - Starting attempt 1 of 2
[2022-02-20 00:30:26,897] {taskinstance.py:1240} INFO - 
--------------------------------------------------------------------------------
[2022-02-20 00:30:26,919] {taskinstance.py:1259} INFO - Executing <Task(BashOperator): download_dataset_task> on 2020-08-02 00:00:00+00:00
[2022-02-20 00:30:26,930] {standard_task_runner.py:52} INFO - Started process 2350 to run task
[2022-02-20 00:30:26,941] {standard_task_runner.py:76} INFO - Running: ['***', 'tasks', 'run', 'yellow_taxi_gcs_dag', 'download_dataset_task', 'scheduled__2020-08-02T00:00:00+00:00', '--job-id', '486', '--raw', '--subdir', 'DAGS_FOLDER/yellow_taxi_gcs_dag.py', '--cfg-path', '/tmp/tmpgh_zlr4a', '--error-file', '/tmp/tmp56pqrs6w']
[2022-02-20 00:30:26,942] {standard_task_runner.py:77} INFO - Job 486: Subtask download_dataset_task
[2022-02-20 00:30:27,083] {logging_mixin.py:109} INFO - Running <TaskInstance: yellow_taxi_gcs_dag.download_dataset_task scheduled__2020-08-02T00:00:00+00:00 [running]> on host da07aa254901
[2022-02-20 00:30:27,166] {warnings.py:110} WARNING - /home/***/.local/lib/python3.7/site-packages/***/utils/context.py:152: AirflowContextDeprecationWarning: Accessing 'execution_date' from the template is deprecated and will be removed in a future version. Please use 'data_interval_start' or 'logical_date' instead.
  warnings.warn(_create_deprecation_warning(key, self._deprecation_replacements[key]))

[2022-02-20 00:30:27,198] {taskinstance.py:1426} INFO - Exporting the following env vars:
AIRFLOW_CTX_DAG_OWNER=***
AIRFLOW_CTX_DAG_ID=yellow_taxi_gcs_dag
AIRFLOW_CTX_TASK_ID=download_dataset_task
AIRFLOW_CTX_EXECUTION_DATE=2020-08-02T00:00:00+00:00
AIRFLOW_CTX_DAG_RUN_ID=scheduled__2020-08-02T00:00:00+00:00
[2022-02-20 00:30:27,205] {subprocess.py:62} INFO - Tmp dir root location: 
 /tmp
[2022-02-20 00:30:27,208] {subprocess.py:74} INFO - Running command: ['bash', '-c', 'curl -sS https://s3.amazonaws.com/nyc-tlc/trip+data/yellow_tripdata_2020-08.csv > /opt/***/output_2020-08.csv']
[2022-02-20 00:30:27,229] {subprocess.py:85} INFO - Output:
[2022-02-20 00:30:47,301] {subprocess.py:93} INFO - Command exited with return code 0
[2022-02-20 00:30:47,438] {taskinstance.py:1277} INFO - Marking task as SUCCESS. dag_id=yellow_taxi_gcs_dag, task_id=download_dataset_task, execution_date=20200802T000000, start_date=20220220T003026, end_date=20220220T003047
[2022-02-20 00:30:47,546] {local_task_job.py:154} INFO - Task exited with return code 0
[2022-02-20 00:30:47,651] {local_task_job.py:264} INFO - 1 downstream tasks scheduled from follow-on schedule check
=======
>>>>>>> origin/master
