[2022-02-03 14:41:03,763] {taskinstance.py:1032} INFO - Dependencies all met for <TaskInstance: yellow_taxi_gcs_dag.download_dataset_task scheduled__2019-01-01T00:00:00+00:00 [queued]>
[2022-02-03 14:41:03,782] {taskinstance.py:1032} INFO - Dependencies all met for <TaskInstance: yellow_taxi_gcs_dag.download_dataset_task scheduled__2019-01-01T00:00:00+00:00 [queued]>
[2022-02-03 14:41:03,782] {taskinstance.py:1238} INFO - 
--------------------------------------------------------------------------------
[2022-02-03 14:41:03,782] {taskinstance.py:1239} INFO - Starting attempt 1 of 2
[2022-02-03 14:41:03,782] {taskinstance.py:1240} INFO - 
--------------------------------------------------------------------------------
[2022-02-03 14:41:03,803] {taskinstance.py:1259} INFO - Executing <Task(BashOperator): download_dataset_task> on 2019-01-01 00:00:00+00:00
[2022-02-03 14:41:03,812] {standard_task_runner.py:52} INFO - Started process 1964 to run task
[2022-02-03 14:41:03,820] {standard_task_runner.py:76} INFO - Running: ['***', 'tasks', 'run', 'yellow_taxi_gcs_dag', 'download_dataset_task', 'scheduled__2019-01-01T00:00:00+00:00', '--job-id', '125', '--raw', '--subdir', 'DAGS_FOLDER/yellow_taxi_gcs_dag.py', '--cfg-path', '/tmp/tmp_5eacw6k', '--error-file', '/tmp/tmpptejgl6y']
[2022-02-03 14:41:03,827] {standard_task_runner.py:77} INFO - Job 125: Subtask download_dataset_task
[2022-02-03 14:41:03,973] {logging_mixin.py:109} INFO - Running <TaskInstance: yellow_taxi_gcs_dag.download_dataset_task scheduled__2019-01-01T00:00:00+00:00 [running]> on host cd3baa871297
[2022-02-03 14:41:04,064] {warnings.py:110} WARNING - /home/***/.local/lib/python3.7/site-packages/***/utils/context.py:152: AirflowContextDeprecationWarning: Accessing 'execution_date' from the template is deprecated and will be removed in a future version. Please use 'data_interval_start' or 'logical_date' instead.
  warnings.warn(_create_deprecation_warning(key, self._deprecation_replacements[key]))

[2022-02-03 14:41:04,102] {taskinstance.py:1426} INFO - Exporting the following env vars:
AIRFLOW_CTX_DAG_OWNER=***
AIRFLOW_CTX_DAG_ID=yellow_taxi_gcs_dag
AIRFLOW_CTX_TASK_ID=download_dataset_task
AIRFLOW_CTX_EXECUTION_DATE=2019-01-01T00:00:00+00:00
AIRFLOW_CTX_DAG_RUN_ID=scheduled__2019-01-01T00:00:00+00:00
[2022-02-03 14:41:04,103] {subprocess.py:62} INFO - Tmp dir root location: 
 /tmp
[2022-02-03 14:41:04,103] {subprocess.py:74} INFO - Running command: ['bash', '-c', 'echo https://s3.amazonaws.com/nyc-tlc/trip+data/yellow_tripdata_2019-01.csv -  /opt/***/output_2019-01.csv | curl -sS https://s3.amazonaws.com/nyc-tlc/trip+data/yellow_tripdata_2019-01.csv > /opt/***/output_2019-01.csv']
[2022-02-03 14:41:04,118] {subprocess.py:85} INFO - Output:
[2022-02-03 14:43:12,623] {subprocess.py:93} INFO - Command exited with return code 0
[2022-02-03 14:43:12,664] {taskinstance.py:1277} INFO - Marking task as SUCCESS. dag_id=yellow_taxi_gcs_dag, task_id=download_dataset_task, execution_date=20190101T000000, start_date=20220203T144103, end_date=20220203T144312
[2022-02-03 14:43:12,706] {local_task_job.py:154} INFO - Task exited with return code 0
[2022-02-03 14:43:12,754] {local_task_job.py:264} INFO - 0 downstream tasks scheduled from follow-on schedule check
[2022-02-03 15:26:13,063] {taskinstance.py:1032} INFO - Dependencies all met for <TaskInstance: yellow_taxi_gcs_dag.download_dataset_task scheduled__2019-01-01T00:00:00+00:00 [queued]>
[2022-02-03 15:26:13,082] {taskinstance.py:1032} INFO - Dependencies all met for <TaskInstance: yellow_taxi_gcs_dag.download_dataset_task scheduled__2019-01-01T00:00:00+00:00 [queued]>
[2022-02-03 15:26:13,083] {taskinstance.py:1238} INFO - 
--------------------------------------------------------------------------------
[2022-02-03 15:26:13,083] {taskinstance.py:1239} INFO - Starting attempt 1 of 2
[2022-02-03 15:26:13,083] {taskinstance.py:1240} INFO - 
--------------------------------------------------------------------------------
[2022-02-03 15:26:13,135] {taskinstance.py:1259} INFO - Executing <Task(BashOperator): download_dataset_task> on 2019-01-01 00:00:00+00:00
[2022-02-03 15:26:13,153] {standard_task_runner.py:52} INFO - Started process 4048 to run task
[2022-02-03 15:26:13,165] {standard_task_runner.py:76} INFO - Running: ['***', 'tasks', 'run', 'yellow_taxi_gcs_dag', 'download_dataset_task', 'scheduled__2019-01-01T00:00:00+00:00', '--job-id', '155', '--raw', '--subdir', 'DAGS_FOLDER/yellow_taxi_gcs_dag.py', '--cfg-path', '/tmp/tmpj5hudvq1', '--error-file', '/tmp/tmph_na0x6r']
[2022-02-03 15:26:13,166] {standard_task_runner.py:77} INFO - Job 155: Subtask download_dataset_task
[2022-02-03 15:26:13,273] {logging_mixin.py:109} INFO - Running <TaskInstance: yellow_taxi_gcs_dag.download_dataset_task scheduled__2019-01-01T00:00:00+00:00 [running]> on host cd3baa871297
[2022-02-03 15:26:13,368] {warnings.py:110} WARNING - /home/***/.local/lib/python3.7/site-packages/***/utils/context.py:152: AirflowContextDeprecationWarning: Accessing 'execution_date' from the template is deprecated and will be removed in a future version. Please use 'data_interval_start' or 'logical_date' instead.
  warnings.warn(_create_deprecation_warning(key, self._deprecation_replacements[key]))

[2022-02-03 15:26:13,508] {taskinstance.py:1426} INFO - Exporting the following env vars:
AIRFLOW_CTX_DAG_OWNER=***
AIRFLOW_CTX_DAG_ID=yellow_taxi_gcs_dag
AIRFLOW_CTX_TASK_ID=download_dataset_task
AIRFLOW_CTX_EXECUTION_DATE=2019-01-01T00:00:00+00:00
AIRFLOW_CTX_DAG_RUN_ID=scheduled__2019-01-01T00:00:00+00:00
[2022-02-03 15:26:13,509] {subprocess.py:62} INFO - Tmp dir root location: 
 /tmp
[2022-02-03 15:26:13,510] {subprocess.py:74} INFO - Running command: ['bash', '-c', 'echo https://s3.amazonaws.com/nyc-tlc/trip+data/yellow_tripdata_2019-01.csv -  /opt/***/output_2019-01.csv']
[2022-02-03 15:26:13,529] {subprocess.py:85} INFO - Output:
[2022-02-03 15:26:13,533] {subprocess.py:89} INFO - https://s3.amazonaws.com/nyc-tlc/trip+data/yellow_tripdata_2019-01.csv - /opt/***/output_2019-01.csv
[2022-02-03 15:26:13,534] {subprocess.py:93} INFO - Command exited with return code 0
[2022-02-03 15:26:13,582] {taskinstance.py:1277} INFO - Marking task as SUCCESS. dag_id=yellow_taxi_gcs_dag, task_id=download_dataset_task, execution_date=20190101T000000, start_date=20220203T152613, end_date=20220203T152613
[2022-02-03 15:26:13,621] {local_task_job.py:154} INFO - Task exited with return code 0
[2022-02-03 15:26:13,670] {local_task_job.py:264} INFO - 0 downstream tasks scheduled from follow-on schedule check
[2022-02-03 15:41:43,037] {taskinstance.py:1032} INFO - Dependencies all met for <TaskInstance: yellow_taxi_gcs_dag.download_dataset_task scheduled__2019-01-01T00:00:00+00:00 [queued]>
[2022-02-03 15:41:43,052] {taskinstance.py:1032} INFO - Dependencies all met for <TaskInstance: yellow_taxi_gcs_dag.download_dataset_task scheduled__2019-01-01T00:00:00+00:00 [queued]>
[2022-02-03 15:41:43,053] {taskinstance.py:1238} INFO - 
--------------------------------------------------------------------------------
[2022-02-03 15:41:43,053] {taskinstance.py:1239} INFO - Starting attempt 1 of 2
[2022-02-03 15:41:43,053] {taskinstance.py:1240} INFO - 
--------------------------------------------------------------------------------
[2022-02-03 15:41:43,075] {taskinstance.py:1259} INFO - Executing <Task(BashOperator): download_dataset_task> on 2019-01-01 00:00:00+00:00
[2022-02-03 15:41:43,082] {standard_task_runner.py:52} INFO - Started process 160 to run task
[2022-02-03 15:41:43,086] {standard_task_runner.py:76} INFO - Running: ['***', 'tasks', 'run', 'yellow_taxi_gcs_dag', 'download_dataset_task', 'scheduled__2019-01-01T00:00:00+00:00', '--job-id', '3', '--raw', '--subdir', 'DAGS_FOLDER/yellow_taxi_gcs_dag.py', '--cfg-path', '/tmp/tmpdrp_xit1', '--error-file', '/tmp/tmpkkj6q0u7']
[2022-02-03 15:41:43,087] {standard_task_runner.py:77} INFO - Job 3: Subtask download_dataset_task
[2022-02-03 15:41:43,180] {logging_mixin.py:109} INFO - Running <TaskInstance: yellow_taxi_gcs_dag.download_dataset_task scheduled__2019-01-01T00:00:00+00:00 [running]> on host ef6d1d022667
[2022-02-03 15:41:43,234] {warnings.py:110} WARNING - /home/***/.local/lib/python3.7/site-packages/***/utils/context.py:152: AirflowContextDeprecationWarning: Accessing 'execution_date' from the template is deprecated and will be removed in a future version. Please use 'data_interval_start' or 'logical_date' instead.
  warnings.warn(_create_deprecation_warning(key, self._deprecation_replacements[key]))

[2022-02-03 15:41:43,271] {taskinstance.py:1426} INFO - Exporting the following env vars:
AIRFLOW_CTX_DAG_OWNER=***
AIRFLOW_CTX_DAG_ID=yellow_taxi_gcs_dag
AIRFLOW_CTX_TASK_ID=download_dataset_task
AIRFLOW_CTX_EXECUTION_DATE=2019-01-01T00:00:00+00:00
AIRFLOW_CTX_DAG_RUN_ID=scheduled__2019-01-01T00:00:00+00:00
[2022-02-03 15:41:43,276] {subprocess.py:62} INFO - Tmp dir root location: 
 /tmp
[2022-02-03 15:41:43,276] {subprocess.py:74} INFO - Running command: ['bash', '-c', 'echo https://s3.amazonaws.com/nyc-tlc/trip+data/yellow_tripdata_2019-01.csv -  /opt/***/output_2019-01.csv']
[2022-02-03 15:41:43,328] {subprocess.py:85} INFO - Output:
[2022-02-03 15:41:43,336] {subprocess.py:89} INFO - https://s3.amazonaws.com/nyc-tlc/trip+data/yellow_tripdata_2019-01.csv - /opt/***/output_2019-01.csv
[2022-02-03 15:41:43,336] {subprocess.py:93} INFO - Command exited with return code 0
[2022-02-03 15:41:43,373] {taskinstance.py:1277} INFO - Marking task as SUCCESS. dag_id=yellow_taxi_gcs_dag, task_id=download_dataset_task, execution_date=20190101T000000, start_date=20220203T154143, end_date=20220203T154143
[2022-02-03 15:41:43,431] {local_task_job.py:154} INFO - Task exited with return code 0
[2022-02-03 15:41:43,476] {local_task_job.py:264} INFO - 0 downstream tasks scheduled from follow-on schedule check
