[2022-02-03 15:33:16,706] {taskinstance.py:1032} INFO - Dependencies all met for <TaskInstance: yellow_taxi_gcs_dag.download_dataset_task scheduled__2019-01-01T00:00:00+00:00 [queued]>
[2022-02-03 15:33:16,730] {taskinstance.py:1032} INFO - Dependencies all met for <TaskInstance: yellow_taxi_gcs_dag.download_dataset_task scheduled__2019-01-01T00:00:00+00:00 [queued]>
[2022-02-03 15:33:16,730] {taskinstance.py:1238} INFO - 
--------------------------------------------------------------------------------
[2022-02-03 15:33:16,731] {taskinstance.py:1239} INFO - Starting attempt 2 of 3
[2022-02-03 15:33:16,731] {taskinstance.py:1240} INFO - 
--------------------------------------------------------------------------------
[2022-02-03 15:33:16,745] {taskinstance.py:1259} INFO - Executing <Task(BashOperator): download_dataset_task> on 2019-01-01 00:00:00+00:00
[2022-02-03 15:33:16,753] {standard_task_runner.py:52} INFO - Started process 4346 to run task
[2022-02-03 15:33:16,757] {standard_task_runner.py:76} INFO - Running: ['***', 'tasks', 'run', 'yellow_taxi_gcs_dag', 'download_dataset_task', 'scheduled__2019-01-01T00:00:00+00:00', '--job-id', '160', '--raw', '--subdir', 'DAGS_FOLDER/yellow_taxi_gcs_dag.py', '--cfg-path', '/tmp/tmpcg4ojr2w', '--error-file', '/tmp/tmpnq15xecc']
[2022-02-03 15:33:16,758] {standard_task_runner.py:77} INFO - Job 160: Subtask download_dataset_task
[2022-02-03 15:33:16,819] {logging_mixin.py:109} INFO - Running <TaskInstance: yellow_taxi_gcs_dag.download_dataset_task scheduled__2019-01-01T00:00:00+00:00 [running]> on host cd3baa871297
[2022-02-03 15:33:16,878] {warnings.py:110} WARNING - /home/***/.local/lib/python3.7/site-packages/***/utils/context.py:152: AirflowContextDeprecationWarning: Accessing 'execution_date' from the template is deprecated and will be removed in a future version. Please use 'data_interval_start' or 'logical_date' instead.
  warnings.warn(_create_deprecation_warning(key, self._deprecation_replacements[key]))

[2022-02-03 15:33:16,905] {taskinstance.py:1426} INFO - Exporting the following env vars:
AIRFLOW_CTX_DAG_OWNER=***
AIRFLOW_CTX_DAG_ID=yellow_taxi_gcs_dag
AIRFLOW_CTX_TASK_ID=download_dataset_task
AIRFLOW_CTX_EXECUTION_DATE=2019-01-01T00:00:00+00:00
AIRFLOW_CTX_DAG_RUN_ID=scheduled__2019-01-01T00:00:00+00:00
[2022-02-03 15:33:16,906] {subprocess.py:62} INFO - Tmp dir root location: 
 /tmp
[2022-02-03 15:33:16,907] {subprocess.py:74} INFO - Running command: ['bash', '-c', 'echo https://s3.amazonaws.com/nyc-tlc/trip+data/yellow_tripdata_2019-01.csv -  /opt/***/output_2019-01.csv']
[2022-02-03 15:33:16,928] {subprocess.py:85} INFO - Output:
[2022-02-03 15:33:16,929] {subprocess.py:89} INFO - https://s3.amazonaws.com/nyc-tlc/trip+data/yellow_tripdata_2019-01.csv - /opt/***/output_2019-01.csv
[2022-02-03 15:33:16,930] {subprocess.py:93} INFO - Command exited with return code 0
[2022-02-03 15:33:16,971] {taskinstance.py:1277} INFO - Marking task as SUCCESS. dag_id=yellow_taxi_gcs_dag, task_id=download_dataset_task, execution_date=20190101T000000, start_date=20220203T153316, end_date=20220203T153316
[2022-02-03 15:33:17,012] {local_task_job.py:154} INFO - Task exited with return code 0
[2022-02-03 15:33:17,048] {local_task_job.py:264} INFO - 0 downstream tasks scheduled from follow-on schedule check
[2022-02-03 15:46:54,379] {taskinstance.py:1032} INFO - Dependencies all met for <TaskInstance: yellow_taxi_gcs_dag.download_dataset_task scheduled__2019-01-01T00:00:00+00:00 [queued]>
[2022-02-03 15:46:54,399] {taskinstance.py:1032} INFO - Dependencies all met for <TaskInstance: yellow_taxi_gcs_dag.download_dataset_task scheduled__2019-01-01T00:00:00+00:00 [queued]>
[2022-02-03 15:46:54,400] {taskinstance.py:1238} INFO - 
--------------------------------------------------------------------------------
[2022-02-03 15:46:54,400] {taskinstance.py:1239} INFO - Starting attempt 2 of 3
[2022-02-03 15:46:54,400] {taskinstance.py:1240} INFO - 
--------------------------------------------------------------------------------
[2022-02-03 15:46:54,435] {taskinstance.py:1259} INFO - Executing <Task(BashOperator): download_dataset_task> on 2019-01-01 00:00:00+00:00
[2022-02-03 15:46:54,444] {standard_task_runner.py:52} INFO - Started process 393 to run task
[2022-02-03 15:46:54,459] {standard_task_runner.py:76} INFO - Running: ['***', 'tasks', 'run', 'yellow_taxi_gcs_dag', 'download_dataset_task', 'scheduled__2019-01-01T00:00:00+00:00', '--job-id', '6', '--raw', '--subdir', 'DAGS_FOLDER/yellow_taxi_gcs_dag.py', '--cfg-path', '/tmp/tmp2c06mnyn', '--error-file', '/tmp/tmp47t47on7']
[2022-02-03 15:46:54,460] {standard_task_runner.py:77} INFO - Job 6: Subtask download_dataset_task
[2022-02-03 15:46:54,574] {logging_mixin.py:109} INFO - Running <TaskInstance: yellow_taxi_gcs_dag.download_dataset_task scheduled__2019-01-01T00:00:00+00:00 [running]> on host ef6d1d022667
[2022-02-03 15:46:54,634] {warnings.py:110} WARNING - /home/***/.local/lib/python3.7/site-packages/***/utils/context.py:152: AirflowContextDeprecationWarning: Accessing 'execution_date' from the template is deprecated and will be removed in a future version. Please use 'data_interval_start' or 'logical_date' instead.
  warnings.warn(_create_deprecation_warning(key, self._deprecation_replacements[key]))

[2022-02-03 15:46:54,659] {taskinstance.py:1426} INFO - Exporting the following env vars:
AIRFLOW_CTX_DAG_OWNER=***
AIRFLOW_CTX_DAG_ID=yellow_taxi_gcs_dag
AIRFLOW_CTX_TASK_ID=download_dataset_task
AIRFLOW_CTX_EXECUTION_DATE=2019-01-01T00:00:00+00:00
AIRFLOW_CTX_DAG_RUN_ID=scheduled__2019-01-01T00:00:00+00:00
[2022-02-03 15:46:54,660] {subprocess.py:62} INFO - Tmp dir root location: 
 /tmp
[2022-02-03 15:46:54,663] {subprocess.py:74} INFO - Running command: ['bash', '-c', 'echo https://s3.amazonaws.com/nyc-tlc/trip+data/yellow_tripdata_2019-01.csv -  /opt/***/output_2019-01.csv']
[2022-02-03 15:46:54,683] {subprocess.py:85} INFO - Output:
[2022-02-03 15:46:54,686] {subprocess.py:89} INFO - https://s3.amazonaws.com/nyc-tlc/trip+data/yellow_tripdata_2019-01.csv - /opt/***/output_2019-01.csv
[2022-02-03 15:46:54,687] {subprocess.py:93} INFO - Command exited with return code 0
[2022-02-03 15:46:54,724] {taskinstance.py:1277} INFO - Marking task as SUCCESS. dag_id=yellow_taxi_gcs_dag, task_id=download_dataset_task, execution_date=20190101T000000, start_date=20220203T154654, end_date=20220203T154654
[2022-02-03 15:46:54,795] {local_task_job.py:154} INFO - Task exited with return code 0
[2022-02-03 15:46:54,850] {local_task_job.py:264} INFO - 0 downstream tasks scheduled from follow-on schedule check
