[2022-02-03 15:54:41,288] {taskinstance.py:1032} INFO - Dependencies all met for <TaskInstance: yellow_taxi_gcs_dag.download_dataset_task scheduled__2019-01-01T00:00:00+00:00 [queued]>
[2022-02-03 15:54:41,414] {taskinstance.py:1032} INFO - Dependencies all met for <TaskInstance: yellow_taxi_gcs_dag.download_dataset_task scheduled__2019-01-01T00:00:00+00:00 [queued]>
[2022-02-03 15:54:41,414] {taskinstance.py:1238} INFO - 
--------------------------------------------------------------------------------
[2022-02-03 15:54:41,414] {taskinstance.py:1239} INFO - Starting attempt 3 of 4
[2022-02-03 15:54:41,414] {taskinstance.py:1240} INFO - 
--------------------------------------------------------------------------------
[2022-02-03 15:54:41,498] {taskinstance.py:1259} INFO - Executing <Task(BashOperator): download_dataset_task> on 2019-01-01 00:00:00+00:00
[2022-02-03 15:54:41,522] {standard_task_runner.py:52} INFO - Started process 717 to run task
[2022-02-03 15:54:41,526] {standard_task_runner.py:76} INFO - Running: ['***', 'tasks', 'run', 'yellow_taxi_gcs_dag', 'download_dataset_task', 'scheduled__2019-01-01T00:00:00+00:00', '--job-id', '9', '--raw', '--subdir', 'DAGS_FOLDER/yellow_taxi_gcs_dag.py', '--cfg-path', '/tmp/tmpozy3u1jx', '--error-file', '/tmp/tmpqylc7a65']
[2022-02-03 15:54:41,534] {standard_task_runner.py:77} INFO - Job 9: Subtask download_dataset_task
[2022-02-03 15:54:41,694] {logging_mixin.py:109} INFO - Running <TaskInstance: yellow_taxi_gcs_dag.download_dataset_task scheduled__2019-01-01T00:00:00+00:00 [running]> on host ef6d1d022667
[2022-02-03 15:54:41,775] {warnings.py:110} WARNING - /home/***/.local/lib/python3.7/site-packages/***/utils/context.py:152: AirflowContextDeprecationWarning: Accessing 'execution_date' from the template is deprecated and will be removed in a future version. Please use 'data_interval_start' or 'logical_date' instead.
  warnings.warn(_create_deprecation_warning(key, self._deprecation_replacements[key]))

[2022-02-03 15:54:41,800] {taskinstance.py:1426} INFO - Exporting the following env vars:
AIRFLOW_CTX_DAG_OWNER=***
AIRFLOW_CTX_DAG_ID=yellow_taxi_gcs_dag
AIRFLOW_CTX_TASK_ID=download_dataset_task
AIRFLOW_CTX_EXECUTION_DATE=2019-01-01T00:00:00+00:00
AIRFLOW_CTX_DAG_RUN_ID=scheduled__2019-01-01T00:00:00+00:00
[2022-02-03 15:54:41,801] {subprocess.py:62} INFO - Tmp dir root location: 
 /tmp
[2022-02-03 15:54:41,802] {subprocess.py:74} INFO - Running command: ['bash', '-c', 'echo https://s3.amazonaws.com/nyc-tlc/trip+data/yellow_tripdata_2019-01.csv -  /opt/***/output_2019-01.csv']
[2022-02-03 15:54:41,821] {subprocess.py:85} INFO - Output:
[2022-02-03 15:54:41,826] {subprocess.py:89} INFO - https://s3.amazonaws.com/nyc-tlc/trip+data/yellow_tripdata_2019-01.csv - /opt/***/output_2019-01.csv
[2022-02-03 15:54:41,827] {subprocess.py:93} INFO - Command exited with return code 0
[2022-02-03 15:54:41,882] {taskinstance.py:1277} INFO - Marking task as SUCCESS. dag_id=yellow_taxi_gcs_dag, task_id=download_dataset_task, execution_date=20190101T000000, start_date=20220203T155441, end_date=20220203T155441
[2022-02-03 15:54:41,919] {local_task_job.py:154} INFO - Task exited with return code 0
[2022-02-03 15:54:41,965] {local_task_job.py:264} INFO - 0 downstream tasks scheduled from follow-on schedule check
