[2022-02-03 17:28:12,655] {taskinstance.py:1032} INFO - Dependencies all met for <TaskInstance: yellow_taxi_gcs_dag.download_dataset_task scheduled__2020-11-02T00:00:00+00:00 [queued]>
[2022-02-03 17:28:12,667] {taskinstance.py:1032} INFO - Dependencies all met for <TaskInstance: yellow_taxi_gcs_dag.download_dataset_task scheduled__2020-11-02T00:00:00+00:00 [queued]>
[2022-02-03 17:28:12,668] {taskinstance.py:1238} INFO - 
--------------------------------------------------------------------------------
[2022-02-03 17:28:12,668] {taskinstance.py:1239} INFO - Starting attempt 1 of 2
[2022-02-03 17:28:12,668] {taskinstance.py:1240} INFO - 
--------------------------------------------------------------------------------
[2022-02-03 17:28:12,681] {taskinstance.py:1259} INFO - Executing <Task(BashOperator): download_dataset_task> on 2020-11-02 00:00:00+00:00
[2022-02-03 17:28:12,687] {standard_task_runner.py:52} INFO - Started process 3269 to run task
[2022-02-03 17:28:12,691] {standard_task_runner.py:76} INFO - Running: ['***', 'tasks', 'run', 'yellow_taxi_gcs_dag', 'download_dataset_task', 'scheduled__2020-11-02T00:00:00+00:00', '--job-id', '128', '--raw', '--subdir', 'DAGS_FOLDER/yellow_taxi_gcs_dag.py', '--cfg-path', '/tmp/tmpmv4ta1sa', '--error-file', '/tmp/tmpir87tcf6']
[2022-02-03 17:28:12,692] {standard_task_runner.py:77} INFO - Job 128: Subtask download_dataset_task
[2022-02-03 17:28:12,765] {logging_mixin.py:109} INFO - Running <TaskInstance: yellow_taxi_gcs_dag.download_dataset_task scheduled__2020-11-02T00:00:00+00:00 [running]> on host 7e458922b35d
[2022-02-03 17:28:12,821] {warnings.py:110} WARNING - /home/***/.local/lib/python3.7/site-packages/***/utils/context.py:152: AirflowContextDeprecationWarning: Accessing 'execution_date' from the template is deprecated and will be removed in a future version. Please use 'data_interval_start' or 'logical_date' instead.
  warnings.warn(_create_deprecation_warning(key, self._deprecation_replacements[key]))

[2022-02-03 17:28:12,845] {taskinstance.py:1426} INFO - Exporting the following env vars:
AIRFLOW_CTX_DAG_OWNER=***
AIRFLOW_CTX_DAG_ID=yellow_taxi_gcs_dag
AIRFLOW_CTX_TASK_ID=download_dataset_task
AIRFLOW_CTX_EXECUTION_DATE=2020-11-02T00:00:00+00:00
AIRFLOW_CTX_DAG_RUN_ID=scheduled__2020-11-02T00:00:00+00:00
[2022-02-03 17:28:12,846] {subprocess.py:62} INFO - Tmp dir root location: 
 /tmp
[2022-02-03 17:28:12,847] {subprocess.py:74} INFO - Running command: ['bash', '-c', 'curl -sS https://s3.amazonaws.com/nyc-tlc/trip+data/yellow_tripdata_2020-11.csv > /opt/***/output_2020-11.csv']
[2022-02-03 17:28:12,864] {subprocess.py:85} INFO - Output:
[2022-02-03 17:28:40,316] {subprocess.py:93} INFO - Command exited with return code 0
[2022-02-03 17:28:40,370] {taskinstance.py:1277} INFO - Marking task as SUCCESS. dag_id=yellow_taxi_gcs_dag, task_id=download_dataset_task, execution_date=20201102T000000, start_date=20220203T172812, end_date=20220203T172840
[2022-02-03 17:28:40,424] {local_task_job.py:154} INFO - Task exited with return code 0
[2022-02-03 17:28:40,464] {local_task_job.py:264} INFO - 1 downstream tasks scheduled from follow-on schedule check
<<<<<<< HEAD
[2022-02-20 00:31:12,569] {taskinstance.py:1032} INFO - Dependencies all met for <TaskInstance: yellow_taxi_gcs_dag.download_dataset_task scheduled__2020-11-02T00:00:00+00:00 [queued]>
[2022-02-20 00:31:12,588] {taskinstance.py:1032} INFO - Dependencies all met for <TaskInstance: yellow_taxi_gcs_dag.download_dataset_task scheduled__2020-11-02T00:00:00+00:00 [queued]>
[2022-02-20 00:31:12,589] {taskinstance.py:1238} INFO - 
--------------------------------------------------------------------------------
[2022-02-20 00:31:12,589] {taskinstance.py:1239} INFO - Starting attempt 1 of 2
[2022-02-20 00:31:12,589] {taskinstance.py:1240} INFO - 
--------------------------------------------------------------------------------
[2022-02-20 00:31:12,620] {taskinstance.py:1259} INFO - Executing <Task(BashOperator): download_dataset_task> on 2020-11-02 00:00:00+00:00
[2022-02-20 00:31:12,628] {standard_task_runner.py:52} INFO - Started process 2441 to run task
[2022-02-20 00:31:12,633] {standard_task_runner.py:76} INFO - Running: ['***', 'tasks', 'run', 'yellow_taxi_gcs_dag', 'download_dataset_task', 'scheduled__2020-11-02T00:00:00+00:00', '--job-id', '498', '--raw', '--subdir', 'DAGS_FOLDER/yellow_taxi_gcs_dag.py', '--cfg-path', '/tmp/tmpofgxcv25', '--error-file', '/tmp/tmpctj0qhkk']
[2022-02-20 00:31:12,638] {standard_task_runner.py:77} INFO - Job 498: Subtask download_dataset_task
[2022-02-20 00:31:12,749] {logging_mixin.py:109} INFO - Running <TaskInstance: yellow_taxi_gcs_dag.download_dataset_task scheduled__2020-11-02T00:00:00+00:00 [running]> on host da07aa254901
[2022-02-20 00:31:12,856] {warnings.py:110} WARNING - /home/***/.local/lib/python3.7/site-packages/***/utils/context.py:152: AirflowContextDeprecationWarning: Accessing 'execution_date' from the template is deprecated and will be removed in a future version. Please use 'data_interval_start' or 'logical_date' instead.
  warnings.warn(_create_deprecation_warning(key, self._deprecation_replacements[key]))

[2022-02-20 00:31:12,928] {taskinstance.py:1426} INFO - Exporting the following env vars:
AIRFLOW_CTX_DAG_OWNER=***
AIRFLOW_CTX_DAG_ID=yellow_taxi_gcs_dag
AIRFLOW_CTX_TASK_ID=download_dataset_task
AIRFLOW_CTX_EXECUTION_DATE=2020-11-02T00:00:00+00:00
AIRFLOW_CTX_DAG_RUN_ID=scheduled__2020-11-02T00:00:00+00:00
[2022-02-20 00:31:12,929] {subprocess.py:62} INFO - Tmp dir root location: 
 /tmp
[2022-02-20 00:31:12,930] {subprocess.py:74} INFO - Running command: ['bash', '-c', 'curl -sS https://s3.amazonaws.com/nyc-tlc/trip+data/yellow_tripdata_2020-11.csv > /opt/***/output_2020-11.csv']
[2022-02-20 00:31:12,953] {subprocess.py:85} INFO - Output:
[2022-02-20 00:31:45,134] {subprocess.py:93} INFO - Command exited with return code 0
[2022-02-20 00:31:45,167] {taskinstance.py:1277} INFO - Marking task as SUCCESS. dag_id=yellow_taxi_gcs_dag, task_id=download_dataset_task, execution_date=20201102T000000, start_date=20220220T003112, end_date=20220220T003145
[2022-02-20 00:31:45,206] {local_task_job.py:154} INFO - Task exited with return code 0
[2022-02-20 00:31:45,248] {local_task_job.py:264} INFO - 1 downstream tasks scheduled from follow-on schedule check
=======
>>>>>>> origin/master
