[2022-02-03 13:47:59,562] {taskinstance.py:1032} INFO - Dependencies all met for <TaskInstance: LocalIngestionDag.wget scheduled__2020-05-02T06:00:00+00:00 [queued]>
[2022-02-03 13:47:59,606] {taskinstance.py:1032} INFO - Dependencies all met for <TaskInstance: LocalIngestionDag.wget scheduled__2020-05-02T06:00:00+00:00 [queued]>
[2022-02-03 13:47:59,606] {taskinstance.py:1238} INFO - 
--------------------------------------------------------------------------------
[2022-02-03 13:47:59,606] {taskinstance.py:1239} INFO - Starting attempt 1 of 1
[2022-02-03 13:47:59,607] {taskinstance.py:1240} INFO - 
--------------------------------------------------------------------------------
[2022-02-03 13:47:59,666] {taskinstance.py:1259} INFO - Executing <Task(BashOperator): wget> on 2020-05-02 06:00:00+00:00
[2022-02-03 13:47:59,682] {standard_task_runner.py:52} INFO - Started process 1539 to run task
[2022-02-03 13:47:59,690] {standard_task_runner.py:76} INFO - Running: ['***', 'tasks', 'run', 'LocalIngestionDag', 'wget', 'scheduled__2020-05-02T06:00:00+00:00', '--job-id', '43', '--raw', '--subdir', 'DAGS_FOLDER/data_ingestion_localDB_dag.py', '--cfg-path', '/tmp/tmplsts7z7y', '--error-file', '/tmp/tmp0uiwftag']
[2022-02-03 13:47:59,690] {standard_task_runner.py:77} INFO - Job 43: Subtask wget
[2022-02-03 13:47:59,876] {logging_mixin.py:109} INFO - Running <TaskInstance: LocalIngestionDag.wget scheduled__2020-05-02T06:00:00+00:00 [running]> on host 2b92176b720f
[2022-02-03 13:48:00,031] {warnings.py:110} WARNING - /home/***/.local/lib/python3.7/site-packages/***/utils/context.py:152: AirflowContextDeprecationWarning: Accessing 'execution_date' from the template is deprecated and will be removed in a future version. Please use 'data_interval_start' or 'logical_date' instead.
  warnings.warn(_create_deprecation_warning(key, self._deprecation_replacements[key]))

[2022-02-03 13:48:00,119] {taskinstance.py:1426} INFO - Exporting the following env vars:
AIRFLOW_CTX_DAG_OWNER=***
AIRFLOW_CTX_DAG_ID=LocalIngestionDag
AIRFLOW_CTX_TASK_ID=wget
AIRFLOW_CTX_EXECUTION_DATE=2020-05-02T06:00:00+00:00
AIRFLOW_CTX_DAG_RUN_ID=scheduled__2020-05-02T06:00:00+00:00
[2022-02-03 13:48:00,120] {subprocess.py:62} INFO - Tmp dir root location: 
 /tmp
[2022-02-03 13:48:00,121] {subprocess.py:74} INFO - Running command: ['bash', '-c', 'echo "2020-m%"']
[2022-02-03 13:48:00,144] {subprocess.py:85} INFO - Output:
[2022-02-03 13:48:00,147] {subprocess.py:89} INFO - 2020-m%
[2022-02-03 13:48:00,148] {subprocess.py:93} INFO - Command exited with return code 0
[2022-02-03 13:48:00,193] {taskinstance.py:1277} INFO - Marking task as SUCCESS. dag_id=LocalIngestionDag, task_id=wget, execution_date=20200502T060000, start_date=20220203T134759, end_date=20220203T134800
[2022-02-03 13:48:00,223] {local_task_job.py:154} INFO - Task exited with return code 0
[2022-02-03 13:48:00,291] {local_task_job.py:264} INFO - 0 downstream tasks scheduled from follow-on schedule check
[2022-02-03 13:59:58,496] {taskinstance.py:1032} INFO - Dependencies all met for <TaskInstance: LocalIngestionDag.wget scheduled__2020-05-02T06:00:00+00:00 [queued]>
[2022-02-03 13:59:58,673] {taskinstance.py:1032} INFO - Dependencies all met for <TaskInstance: LocalIngestionDag.wget scheduled__2020-05-02T06:00:00+00:00 [queued]>
[2022-02-03 13:59:58,673] {taskinstance.py:1238} INFO - 
--------------------------------------------------------------------------------
[2022-02-03 13:59:58,673] {taskinstance.py:1239} INFO - Starting attempt 1 of 1
[2022-02-03 13:59:58,673] {taskinstance.py:1240} INFO - 
--------------------------------------------------------------------------------
[2022-02-03 13:59:59,008] {taskinstance.py:1259} INFO - Executing <Task(BashOperator): wget> on 2020-05-02 06:00:00+00:00
[2022-02-03 13:59:59,069] {standard_task_runner.py:76} INFO - Running: ['***', 'tasks', 'run', 'LocalIngestionDag', 'wget', 'scheduled__2020-05-02T06:00:00+00:00', '--job-id', '86', '--raw', '--subdir', 'DAGS_FOLDER/data_ingestion_localDB_dag.py', '--cfg-path', '/tmp/tmpq8i9hyp0', '--error-file', '/tmp/tmpimey94h1']
[2022-02-03 13:59:59,079] {standard_task_runner.py:77} INFO - Job 86: Subtask wget
[2022-02-03 13:59:59,055] {standard_task_runner.py:52} INFO - Started process 125 to run task
[2022-02-03 14:00:00,250] {logging_mixin.py:109} INFO - Running <TaskInstance: LocalIngestionDag.wget scheduled__2020-05-02T06:00:00+00:00 [running]> on host cd3baa871297
[2022-02-03 14:00:00,811] {warnings.py:110} WARNING - /home/***/.local/lib/python3.7/site-packages/***/utils/context.py:152: AirflowContextDeprecationWarning: Accessing 'execution_date' from the template is deprecated and will be removed in a future version. Please use 'data_interval_start' or 'logical_date' instead.
  warnings.warn(_create_deprecation_warning(key, self._deprecation_replacements[key]))

[2022-02-03 14:00:00,945] {taskinstance.py:1426} INFO - Exporting the following env vars:
AIRFLOW_CTX_DAG_OWNER=***
AIRFLOW_CTX_DAG_ID=LocalIngestionDag
AIRFLOW_CTX_TASK_ID=wget
AIRFLOW_CTX_EXECUTION_DATE=2020-05-02T06:00:00+00:00
AIRFLOW_CTX_DAG_RUN_ID=scheduled__2020-05-02T06:00:00+00:00
[2022-02-03 14:00:00,947] {subprocess.py:62} INFO - Tmp dir root location: 
 /tmp
[2022-02-03 14:00:00,947] {subprocess.py:74} INFO - Running command: ['bash', '-c', 'echo "2020-05"']
[2022-02-03 14:00:01,020] {subprocess.py:85} INFO - Output:
[2022-02-03 14:00:01,027] {subprocess.py:89} INFO - 2020-05
[2022-02-03 14:00:01,054] {subprocess.py:93} INFO - Command exited with return code 0
[2022-02-03 14:00:01,242] {taskinstance.py:1277} INFO - Marking task as SUCCESS. dag_id=LocalIngestionDag, task_id=wget, execution_date=20200502T060000, start_date=20220203T135958, end_date=20220203T140001
[2022-02-03 14:00:01,476] {local_task_job.py:154} INFO - Task exited with return code 0
[2022-02-03 14:00:01,793] {local_task_job.py:264} INFO - 0 downstream tasks scheduled from follow-on schedule check
