[2022-02-03 17:28:36,215] {taskinstance.py:1032} INFO - Dependencies all met for <TaskInstance: yellow_taxi_gcs_dag.local_to_gcs_task scheduled__2020-10-02T00:00:00+00:00 [queued]>
[2022-02-03 17:28:36,232] {taskinstance.py:1032} INFO - Dependencies all met for <TaskInstance: yellow_taxi_gcs_dag.local_to_gcs_task scheduled__2020-10-02T00:00:00+00:00 [queued]>
[2022-02-03 17:28:36,232] {taskinstance.py:1238} INFO - 
--------------------------------------------------------------------------------
[2022-02-03 17:28:36,232] {taskinstance.py:1239} INFO - Starting attempt 1 of 2
[2022-02-03 17:28:36,232] {taskinstance.py:1240} INFO - 
--------------------------------------------------------------------------------
[2022-02-03 17:28:36,250] {taskinstance.py:1259} INFO - Executing <Task(PythonOperator): local_to_gcs_task> on 2020-10-02 00:00:00+00:00
[2022-02-03 17:28:36,258] {standard_task_runner.py:52} INFO - Started process 3302 to run task
[2022-02-03 17:28:36,262] {standard_task_runner.py:76} INFO - Running: ['***', 'tasks', 'run', 'yellow_taxi_gcs_dag', 'local_to_gcs_task', 'scheduled__2020-10-02T00:00:00+00:00', '--job-id', '131', '--raw', '--subdir', 'DAGS_FOLDER/yellow_taxi_gcs_dag.py', '--cfg-path', '/tmp/tmpp12x9g8r', '--error-file', '/tmp/tmpjtpcoe0l']
[2022-02-03 17:28:36,263] {standard_task_runner.py:77} INFO - Job 131: Subtask local_to_gcs_task
[2022-02-03 17:28:36,330] {logging_mixin.py:109} INFO - Running <TaskInstance: yellow_taxi_gcs_dag.local_to_gcs_task scheduled__2020-10-02T00:00:00+00:00 [running]> on host 7e458922b35d
[2022-02-03 17:28:36,375] {warnings.py:110} WARNING - /home/***/.local/lib/python3.7/site-packages/***/utils/context.py:152: AirflowContextDeprecationWarning: Accessing 'execution_date' from the template is deprecated and will be removed in a future version. Please use 'data_interval_start' or 'logical_date' instead.
  warnings.warn(_create_deprecation_warning(key, self._deprecation_replacements[key]))

[2022-02-03 17:28:36,401] {taskinstance.py:1426} INFO - Exporting the following env vars:
AIRFLOW_CTX_DAG_OWNER=***
AIRFLOW_CTX_DAG_ID=yellow_taxi_gcs_dag
AIRFLOW_CTX_TASK_ID=local_to_gcs_task
AIRFLOW_CTX_EXECUTION_DATE=2020-10-02T00:00:00+00:00
AIRFLOW_CTX_DAG_RUN_ID=scheduled__2020-10-02T00:00:00+00:00
[2022-02-03 17:28:40,616] {python.py:175} INFO - Done. Returned value was: None
[2022-02-03 17:28:40,653] {taskinstance.py:1277} INFO - Marking task as SUCCESS. dag_id=yellow_taxi_gcs_dag, task_id=local_to_gcs_task, execution_date=20201002T000000, start_date=20220203T172836, end_date=20220203T172840
[2022-02-03 17:28:40,736] {local_task_job.py:154} INFO - Task exited with return code 0
[2022-02-03 17:28:40,781] {local_task_job.py:264} INFO - 1 downstream tasks scheduled from follow-on schedule check
<<<<<<< HEAD
[2022-02-20 00:31:32,010] {taskinstance.py:1032} INFO - Dependencies all met for <TaskInstance: yellow_taxi_gcs_dag.local_to_gcs_task scheduled__2020-10-02T00:00:00+00:00 [queued]>
[2022-02-20 00:31:32,036] {taskinstance.py:1032} INFO - Dependencies all met for <TaskInstance: yellow_taxi_gcs_dag.local_to_gcs_task scheduled__2020-10-02T00:00:00+00:00 [queued]>
[2022-02-20 00:31:32,036] {taskinstance.py:1238} INFO - 
--------------------------------------------------------------------------------
[2022-02-20 00:31:32,036] {taskinstance.py:1239} INFO - Starting attempt 1 of 2
[2022-02-20 00:31:32,037] {taskinstance.py:1240} INFO - 
--------------------------------------------------------------------------------
[2022-02-20 00:31:32,078] {taskinstance.py:1259} INFO - Executing <Task(PythonOperator): local_to_gcs_task> on 2020-10-02 00:00:00+00:00
[2022-02-20 00:31:32,086] {standard_task_runner.py:52} INFO - Started process 2488 to run task
[2022-02-20 00:31:32,095] {standard_task_runner.py:76} INFO - Running: ['***', 'tasks', 'run', 'yellow_taxi_gcs_dag', 'local_to_gcs_task', 'scheduled__2020-10-02T00:00:00+00:00', '--job-id', '503', '--raw', '--subdir', 'DAGS_FOLDER/yellow_taxi_gcs_dag.py', '--cfg-path', '/tmp/tmp17fldgw2', '--error-file', '/tmp/tmpwl7o6jv8']
[2022-02-20 00:31:32,097] {standard_task_runner.py:77} INFO - Job 503: Subtask local_to_gcs_task
[2022-02-20 00:31:32,345] {logging_mixin.py:109} INFO - Running <TaskInstance: yellow_taxi_gcs_dag.local_to_gcs_task scheduled__2020-10-02T00:00:00+00:00 [running]> on host da07aa254901
[2022-02-20 00:31:32,680] {warnings.py:110} WARNING - /home/***/.local/lib/python3.7/site-packages/***/utils/context.py:152: AirflowContextDeprecationWarning: Accessing 'execution_date' from the template is deprecated and will be removed in a future version. Please use 'data_interval_start' or 'logical_date' instead.
  warnings.warn(_create_deprecation_warning(key, self._deprecation_replacements[key]))

[2022-02-20 00:31:32,760] {taskinstance.py:1426} INFO - Exporting the following env vars:
AIRFLOW_CTX_DAG_OWNER=***
AIRFLOW_CTX_DAG_ID=yellow_taxi_gcs_dag
AIRFLOW_CTX_TASK_ID=local_to_gcs_task
AIRFLOW_CTX_EXECUTION_DATE=2020-10-02T00:00:00+00:00
AIRFLOW_CTX_DAG_RUN_ID=scheduled__2020-10-02T00:00:00+00:00
[2022-02-20 00:31:36,438] {python.py:175} INFO - Done. Returned value was: None
[2022-02-20 00:31:36,466] {taskinstance.py:1277} INFO - Marking task as SUCCESS. dag_id=yellow_taxi_gcs_dag, task_id=local_to_gcs_task, execution_date=20201002T000000, start_date=20220220T003132, end_date=20220220T003136
[2022-02-20 00:31:36,515] {local_task_job.py:154} INFO - Task exited with return code 0
[2022-02-20 00:31:36,554] {local_task_job.py:264} INFO - 1 downstream tasks scheduled from follow-on schedule check
=======
>>>>>>> origin/master
