[2022-02-09 20:37:20,552] {taskinstance.py:1032} INFO - Dependencies all met for <TaskInstance: green_taxi_gcs_dag.format_to_parquet_task scheduled__2020-04-02T00:00:00+00:00 [queued]>
[2022-02-09 20:37:20,572] {taskinstance.py:1032} INFO - Dependencies all met for <TaskInstance: green_taxi_gcs_dag.format_to_parquet_task scheduled__2020-04-02T00:00:00+00:00 [queued]>
[2022-02-09 20:37:20,572] {taskinstance.py:1238} INFO - 
--------------------------------------------------------------------------------
[2022-02-09 20:37:20,572] {taskinstance.py:1239} INFO - Starting attempt 1 of 2
[2022-02-09 20:37:20,572] {taskinstance.py:1240} INFO - 
--------------------------------------------------------------------------------
[2022-02-09 20:37:20,594] {taskinstance.py:1259} INFO - Executing <Task(PythonOperator): format_to_parquet_task> on 2020-04-02 00:00:00+00:00
[2022-02-09 20:37:20,608] {standard_task_runner.py:76} INFO - Running: ['***', 'tasks', 'run', 'green_taxi_gcs_dag', 'format_to_parquet_task', 'scheduled__2020-04-02T00:00:00+00:00', '--job-id', '82', '--raw', '--subdir', 'DAGS_FOLDER/green_gcs_dag.py', '--cfg-path', '/tmp/tmpzv5ripu2', '--error-file', '/tmp/tmpfuo337r_']
[2022-02-09 20:37:20,611] {standard_task_runner.py:77} INFO - Job 82: Subtask format_to_parquet_task
[2022-02-09 20:37:20,602] {standard_task_runner.py:52} INFO - Started process 170 to run task
[2022-02-09 20:37:20,742] {logging_mixin.py:109} INFO - Running <TaskInstance: green_taxi_gcs_dag.format_to_parquet_task scheduled__2020-04-02T00:00:00+00:00 [running]> on host 4f97b6b16bdb
[2022-02-09 20:37:20,823] {warnings.py:110} WARNING - /home/***/.local/lib/python3.7/site-packages/***/utils/context.py:152: AirflowContextDeprecationWarning: Accessing 'execution_date' from the template is deprecated and will be removed in a future version. Please use 'data_interval_start' or 'logical_date' instead.
  warnings.warn(_create_deprecation_warning(key, self._deprecation_replacements[key]))

[2022-02-09 20:37:20,863] {taskinstance.py:1426} INFO - Exporting the following env vars:
AIRFLOW_CTX_DAG_OWNER=***
AIRFLOW_CTX_DAG_ID=green_taxi_gcs_dag
AIRFLOW_CTX_TASK_ID=format_to_parquet_task
AIRFLOW_CTX_EXECUTION_DATE=2020-04-02T00:00:00+00:00
AIRFLOW_CTX_DAG_RUN_ID=scheduled__2020-04-02T00:00:00+00:00
[2022-02-09 20:37:21,167] {python.py:175} INFO - Done. Returned value was: None
[2022-02-09 20:37:21,193] {taskinstance.py:1277} INFO - Marking task as SUCCESS. dag_id=green_taxi_gcs_dag, task_id=format_to_parquet_task, execution_date=20200402T000000, start_date=20220209T203720, end_date=20220209T203721
[2022-02-09 20:37:21,291] {local_task_job.py:154} INFO - Task exited with return code 0
[2022-02-09 20:37:21,448] {local_task_job.py:264} INFO - 1 downstream tasks scheduled from follow-on schedule check
[2022-02-09 20:47:07,373] {taskinstance.py:1032} INFO - Dependencies all met for <TaskInstance: green_taxi_gcs_dag.format_to_parquet_task scheduled__2020-04-02T00:00:00+00:00 [queued]>
[2022-02-09 20:47:07,397] {taskinstance.py:1032} INFO - Dependencies all met for <TaskInstance: green_taxi_gcs_dag.format_to_parquet_task scheduled__2020-04-02T00:00:00+00:00 [queued]>
[2022-02-09 20:47:07,397] {taskinstance.py:1238} INFO - 
--------------------------------------------------------------------------------
[2022-02-09 20:47:07,398] {taskinstance.py:1239} INFO - Starting attempt 1 of 2
[2022-02-09 20:47:07,398] {taskinstance.py:1240} INFO - 
--------------------------------------------------------------------------------
[2022-02-09 20:47:07,421] {taskinstance.py:1259} INFO - Executing <Task(PythonOperator): format_to_parquet_task> on 2020-04-02 00:00:00+00:00
[2022-02-09 20:47:07,430] {standard_task_runner.py:52} INFO - Started process 999 to run task
[2022-02-09 20:47:07,435] {standard_task_runner.py:76} INFO - Running: ['***', 'tasks', 'run', 'green_taxi_gcs_dag', 'format_to_parquet_task', 'scheduled__2020-04-02T00:00:00+00:00', '--job-id', '174', '--raw', '--subdir', 'DAGS_FOLDER/green_gcs_dag.py', '--cfg-path', '/tmp/tmpb0yyjd8n', '--error-file', '/tmp/tmpnw4mbwfj']
[2022-02-09 20:47:07,437] {standard_task_runner.py:77} INFO - Job 174: Subtask format_to_parquet_task
[2022-02-09 20:47:07,564] {logging_mixin.py:109} INFO - Running <TaskInstance: green_taxi_gcs_dag.format_to_parquet_task scheduled__2020-04-02T00:00:00+00:00 [running]> on host 4f97b6b16bdb
[2022-02-09 20:47:07,665] {warnings.py:110} WARNING - /home/***/.local/lib/python3.7/site-packages/***/utils/context.py:152: AirflowContextDeprecationWarning: Accessing 'execution_date' from the template is deprecated and will be removed in a future version. Please use 'data_interval_start' or 'logical_date' instead.
  warnings.warn(_create_deprecation_warning(key, self._deprecation_replacements[key]))

[2022-02-09 20:47:07,713] {taskinstance.py:1426} INFO - Exporting the following env vars:
AIRFLOW_CTX_DAG_OWNER=***
AIRFLOW_CTX_DAG_ID=green_taxi_gcs_dag
AIRFLOW_CTX_TASK_ID=format_to_parquet_task
AIRFLOW_CTX_EXECUTION_DATE=2020-04-02T00:00:00+00:00
AIRFLOW_CTX_DAG_RUN_ID=scheduled__2020-04-02T00:00:00+00:00
[2022-02-09 20:47:07,901] {python.py:175} INFO - Done. Returned value was: None
[2022-02-09 20:47:07,919] {taskinstance.py:1277} INFO - Marking task as SUCCESS. dag_id=green_taxi_gcs_dag, task_id=format_to_parquet_task, execution_date=20200402T000000, start_date=20220209T204707, end_date=20220209T204707
[2022-02-09 20:47:07,978] {local_task_job.py:154} INFO - Task exited with return code 0
[2022-02-09 20:47:08,043] {local_task_job.py:264} INFO - 1 downstream tasks scheduled from follow-on schedule check
[2022-02-20 00:07:53,852] {taskinstance.py:1032} INFO - Dependencies all met for <TaskInstance: green_taxi_gcs_dag.format_to_parquet_task scheduled__2020-04-02T00:00:00+00:00 [queued]>
[2022-02-20 00:07:53,872] {taskinstance.py:1032} INFO - Dependencies all met for <TaskInstance: green_taxi_gcs_dag.format_to_parquet_task scheduled__2020-04-02T00:00:00+00:00 [queued]>
[2022-02-20 00:07:53,873] {taskinstance.py:1238} INFO - 
--------------------------------------------------------------------------------
[2022-02-20 00:07:53,873] {taskinstance.py:1239} INFO - Starting attempt 1 of 2
[2022-02-20 00:07:53,873] {taskinstance.py:1240} INFO - 
--------------------------------------------------------------------------------
[2022-02-20 00:07:53,900] {taskinstance.py:1259} INFO - Executing <Task(PythonOperator): format_to_parquet_task> on 2020-04-02 00:00:00+00:00
[2022-02-20 00:07:53,914] {standard_task_runner.py:52} INFO - Started process 918 to run task
[2022-02-20 00:07:53,920] {standard_task_runner.py:76} INFO - Running: ['***', 'tasks', 'run', 'green_taxi_gcs_dag', 'format_to_parquet_task', 'scheduled__2020-04-02T00:00:00+00:00', '--job-id', '367', '--raw', '--subdir', 'DAGS_FOLDER/green_gcs_dag.py', '--cfg-path', '/tmp/tmp8v7tftc0', '--error-file', '/tmp/tmpwqzsvnew']
[2022-02-20 00:07:53,921] {standard_task_runner.py:77} INFO - Job 367: Subtask format_to_parquet_task
[2022-02-20 00:07:54,247] {logging_mixin.py:109} INFO - Running <TaskInstance: green_taxi_gcs_dag.format_to_parquet_task scheduled__2020-04-02T00:00:00+00:00 [running]> on host da07aa254901
[2022-02-20 00:07:54,435] {warnings.py:110} WARNING - /home/***/.local/lib/python3.7/site-packages/***/utils/context.py:152: AirflowContextDeprecationWarning: Accessing 'execution_date' from the template is deprecated and will be removed in a future version. Please use 'data_interval_start' or 'logical_date' instead.
  warnings.warn(_create_deprecation_warning(key, self._deprecation_replacements[key]))

[2022-02-20 00:07:54,528] {taskinstance.py:1426} INFO - Exporting the following env vars:
AIRFLOW_CTX_DAG_OWNER=***
AIRFLOW_CTX_DAG_ID=green_taxi_gcs_dag
AIRFLOW_CTX_TASK_ID=format_to_parquet_task
AIRFLOW_CTX_EXECUTION_DATE=2020-04-02T00:00:00+00:00
AIRFLOW_CTX_DAG_RUN_ID=scheduled__2020-04-02T00:00:00+00:00
[2022-02-20 00:07:54,854] {python.py:175} INFO - Done. Returned value was: None
[2022-02-20 00:07:54,874] {taskinstance.py:1277} INFO - Marking task as SUCCESS. dag_id=green_taxi_gcs_dag, task_id=format_to_parquet_task, execution_date=20200402T000000, start_date=20220220T000753, end_date=20220220T000754
[2022-02-20 00:07:54,923] {local_task_job.py:154} INFO - Task exited with return code 0
[2022-02-20 00:07:55,006] {local_task_job.py:264} INFO - 1 downstream tasks scheduled from follow-on schedule check
[2022-02-20 02:01:16,579] {taskinstance.py:1032} INFO - Dependencies all met for <TaskInstance: green_taxi_gcs_dag.format_to_parquet_task scheduled__2020-04-02T00:00:00+00:00 [queued]>
[2022-02-20 02:01:16,638] {taskinstance.py:1032} INFO - Dependencies all met for <TaskInstance: green_taxi_gcs_dag.format_to_parquet_task scheduled__2020-04-02T00:00:00+00:00 [queued]>
[2022-02-20 02:01:16,638] {taskinstance.py:1238} INFO - 
--------------------------------------------------------------------------------
[2022-02-20 02:01:16,638] {taskinstance.py:1239} INFO - Starting attempt 1 of 2
[2022-02-20 02:01:16,638] {taskinstance.py:1240} INFO - 
--------------------------------------------------------------------------------
[2022-02-20 02:01:16,705] {taskinstance.py:1259} INFO - Executing <Task(PythonOperator): format_to_parquet_task> on 2020-04-02 00:00:00+00:00
[2022-02-20 02:01:16,738] {standard_task_runner.py:52} INFO - Started process 576 to run task
[2022-02-20 02:01:16,761] {standard_task_runner.py:76} INFO - Running: ['***', 'tasks', 'run', 'green_taxi_gcs_dag', 'format_to_parquet_task', 'scheduled__2020-04-02T00:00:00+00:00', '--job-id', '569', '--raw', '--subdir', 'DAGS_FOLDER/green_gcs_dag.py', '--cfg-path', '/tmp/tmp17snfqx6', '--error-file', '/tmp/tmpwoqoymzl']
[2022-02-20 02:01:16,762] {standard_task_runner.py:77} INFO - Job 569: Subtask format_to_parquet_task
[2022-02-20 02:01:17,085] {logging_mixin.py:109} INFO - Running <TaskInstance: green_taxi_gcs_dag.format_to_parquet_task scheduled__2020-04-02T00:00:00+00:00 [running]> on host 5484a3a1f7c3
[2022-02-20 02:01:17,444] {warnings.py:110} WARNING - /home/***/.local/lib/python3.7/site-packages/***/utils/context.py:152: AirflowContextDeprecationWarning: Accessing 'execution_date' from the template is deprecated and will be removed in a future version. Please use 'data_interval_start' or 'logical_date' instead.
  warnings.warn(_create_deprecation_warning(key, self._deprecation_replacements[key]))

[2022-02-20 02:01:17,553] {taskinstance.py:1426} INFO - Exporting the following env vars:
AIRFLOW_CTX_DAG_OWNER=***
AIRFLOW_CTX_DAG_ID=green_taxi_gcs_dag
AIRFLOW_CTX_TASK_ID=format_to_parquet_task
AIRFLOW_CTX_EXECUTION_DATE=2020-04-02T00:00:00+00:00
AIRFLOW_CTX_DAG_RUN_ID=scheduled__2020-04-02T00:00:00+00:00
[2022-02-20 02:01:18,146] {python.py:175} INFO - Done. Returned value was: None
[2022-02-20 02:01:18,214] {taskinstance.py:1277} INFO - Marking task as SUCCESS. dag_id=green_taxi_gcs_dag, task_id=format_to_parquet_task, execution_date=20200402T000000, start_date=20220220T020116, end_date=20220220T020118
[2022-02-20 02:01:18,413] {local_task_job.py:154} INFO - Task exited with return code 0
[2022-02-20 02:01:19,040] {local_task_job.py:264} INFO - 0 downstream tasks scheduled from follow-on schedule check
