[2022-02-19 23:52:37,045] {taskinstance.py:1032} INFO - Dependencies all met for <TaskInstance: yellow_taxi_gcs_dag.format_to_parquet_task scheduled__2019-03-02T00:00:00+00:00 [queued]>
[2022-02-19 23:52:37,100] {taskinstance.py:1032} INFO - Dependencies all met for <TaskInstance: yellow_taxi_gcs_dag.format_to_parquet_task scheduled__2019-03-02T00:00:00+00:00 [queued]>
[2022-02-19 23:52:37,100] {taskinstance.py:1238} INFO - 
--------------------------------------------------------------------------------
[2022-02-19 23:52:37,100] {taskinstance.py:1239} INFO - Starting attempt 2 of 3
[2022-02-19 23:52:37,101] {taskinstance.py:1240} INFO - 
--------------------------------------------------------------------------------
[2022-02-19 23:52:37,146] {taskinstance.py:1259} INFO - Executing <Task(PythonOperator): format_to_parquet_task> on 2019-03-02 00:00:00+00:00
[2022-02-19 23:52:37,177] {standard_task_runner.py:52} INFO - Started process 840 to run task
[2022-02-19 23:52:37,206] {standard_task_runner.py:76} INFO - Running: ['***', 'tasks', 'run', 'yellow_taxi_gcs_dag', 'format_to_parquet_task', 'scheduled__2019-03-02T00:00:00+00:00', '--job-id', '249', '--raw', '--subdir', 'DAGS_FOLDER/yellow_taxi_gcs_dag.py', '--cfg-path', '/tmp/tmpt695mwtu', '--error-file', '/tmp/tmpo273xzgz']
[2022-02-19 23:52:37,207] {standard_task_runner.py:77} INFO - Job 249: Subtask format_to_parquet_task
[2022-02-19 23:52:37,342] {logging_mixin.py:109} INFO - Running <TaskInstance: yellow_taxi_gcs_dag.format_to_parquet_task scheduled__2019-03-02T00:00:00+00:00 [running]> on host 812dd7ecce85
[2022-02-19 23:52:37,561] {warnings.py:110} WARNING - /home/***/.local/lib/python3.7/site-packages/***/utils/context.py:152: AirflowContextDeprecationWarning: Accessing 'execution_date' from the template is deprecated and will be removed in a future version. Please use 'data_interval_start' or 'logical_date' instead.
  warnings.warn(_create_deprecation_warning(key, self._deprecation_replacements[key]))

[2022-02-19 23:52:37,645] {taskinstance.py:1426} INFO - Exporting the following env vars:
AIRFLOW_CTX_DAG_OWNER=***
AIRFLOW_CTX_DAG_ID=yellow_taxi_gcs_dag
AIRFLOW_CTX_TASK_ID=format_to_parquet_task
AIRFLOW_CTX_EXECUTION_DATE=2019-03-02T00:00:00+00:00
AIRFLOW_CTX_DAG_RUN_ID=scheduled__2019-03-02T00:00:00+00:00
[2022-02-19 23:53:47,388] {local_task_job.py:154} INFO - Task exited with return code Negsignal.SIGKILL
[2022-02-19 23:53:47,641] {taskinstance.py:1277} INFO - Marking task as UP_FOR_RETRY. dag_id=yellow_taxi_gcs_dag, task_id=format_to_parquet_task, execution_date=20190302T000000, start_date=20220219T235237, end_date=20220219T235347
[2022-02-19 23:53:48,245] {local_task_job.py:264} INFO - 0 downstream tasks scheduled from follow-on schedule check
