[2022-02-03 17:56:37,999] {processor.py:163} INFO - Started process (PID=48) to work on /opt/airflow/dags/zones_gcs_dag.py
[2022-02-03 17:56:38,007] {processor.py:642} INFO - Processing file /opt/airflow/dags/zones_gcs_dag.py for tasks to queue
[2022-02-03 17:56:38,009] {logging_mixin.py:109} INFO - [2022-02-03 17:56:38,009] {dagbag.py:500} INFO - Filling up the DagBag from /opt/airflow/dags/zones_gcs_dag.py
[2022-02-03 17:56:45,448] {processor.py:654} INFO - DAG(s) dict_keys(['yellow_taxi_gcs_dag']) retrieved from /opt/airflow/dags/zones_gcs_dag.py
[2022-02-03 17:56:47,310] {logging_mixin.py:109} INFO - [2022-02-03 17:56:47,309] {dag.py:2396} INFO - Sync 1 DAGs
[2022-02-03 17:56:47,348] {logging_mixin.py:109} INFO - [2022-02-03 17:56:47,348] {dag.py:2935} INFO - Setting next_dagrun for yellow_taxi_gcs_dag to None
[2022-02-03 17:56:47,382] {processor.py:171} INFO - Processing /opt/airflow/dags/zones_gcs_dag.py took 9.388 seconds
[2022-02-03 17:57:17,713] {processor.py:163} INFO - Started process (PID=90) to work on /opt/airflow/dags/zones_gcs_dag.py
[2022-02-03 17:57:17,714] {processor.py:642} INFO - Processing file /opt/airflow/dags/zones_gcs_dag.py for tasks to queue
[2022-02-03 17:57:17,715] {logging_mixin.py:109} INFO - [2022-02-03 17:57:17,715] {dagbag.py:500} INFO - Filling up the DagBag from /opt/airflow/dags/zones_gcs_dag.py
[2022-02-03 17:57:18,872] {processor.py:654} INFO - DAG(s) dict_keys(['yellow_taxi_gcs_dag']) retrieved from /opt/airflow/dags/zones_gcs_dag.py
[2022-02-03 17:57:19,170] {logging_mixin.py:109} INFO - [2022-02-03 17:57:19,170] {dag.py:2396} INFO - Sync 1 DAGs
[2022-02-03 17:57:19,186] {logging_mixin.py:109} INFO - [2022-02-03 17:57:19,186] {dag.py:2935} INFO - Setting next_dagrun for yellow_taxi_gcs_dag to None
[2022-02-03 17:57:19,199] {processor.py:171} INFO - Processing /opt/airflow/dags/zones_gcs_dag.py took 1.489 seconds
[2022-02-03 17:57:50,094] {processor.py:163} INFO - Started process (PID=127) to work on /opt/airflow/dags/zones_gcs_dag.py
[2022-02-03 17:57:50,097] {processor.py:642} INFO - Processing file /opt/airflow/dags/zones_gcs_dag.py for tasks to queue
[2022-02-03 17:57:50,098] {logging_mixin.py:109} INFO - [2022-02-03 17:57:50,098] {dagbag.py:500} INFO - Filling up the DagBag from /opt/airflow/dags/zones_gcs_dag.py
[2022-02-03 17:57:50,912] {processor.py:654} INFO - DAG(s) dict_keys(['yellow_taxi_gcs_dag']) retrieved from /opt/airflow/dags/zones_gcs_dag.py
[2022-02-03 17:57:50,917] {logging_mixin.py:109} INFO - [2022-02-03 17:57:50,916] {dag.py:2396} INFO - Sync 1 DAGs
[2022-02-03 17:57:50,940] {logging_mixin.py:109} INFO - [2022-02-03 17:57:50,940] {dag.py:2935} INFO - Setting next_dagrun for yellow_taxi_gcs_dag to None
[2022-02-03 17:57:50,952] {processor.py:171} INFO - Processing /opt/airflow/dags/zones_gcs_dag.py took 0.862 seconds
[2022-02-03 17:58:21,105] {processor.py:163} INFO - Started process (PID=167) to work on /opt/airflow/dags/zones_gcs_dag.py
[2022-02-03 17:58:21,107] {processor.py:642} INFO - Processing file /opt/airflow/dags/zones_gcs_dag.py for tasks to queue
[2022-02-03 17:58:21,108] {logging_mixin.py:109} INFO - [2022-02-03 17:58:21,108] {dagbag.py:500} INFO - Filling up the DagBag from /opt/airflow/dags/zones_gcs_dag.py
[2022-02-03 17:58:22,295] {processor.py:654} INFO - DAG(s) dict_keys(['yellow_taxi_gcs_dag']) retrieved from /opt/airflow/dags/zones_gcs_dag.py
[2022-02-03 17:58:22,615] {logging_mixin.py:109} INFO - [2022-02-03 17:58:22,615] {dag.py:2396} INFO - Sync 1 DAGs
[2022-02-03 17:58:22,639] {logging_mixin.py:109} INFO - [2022-02-03 17:58:22,639] {dag.py:2935} INFO - Setting next_dagrun for yellow_taxi_gcs_dag to None
[2022-02-03 17:58:22,653] {processor.py:171} INFO - Processing /opt/airflow/dags/zones_gcs_dag.py took 1.553 seconds
[2022-02-03 17:58:52,762] {processor.py:163} INFO - Started process (PID=205) to work on /opt/airflow/dags/zones_gcs_dag.py
[2022-02-03 17:58:52,769] {processor.py:642} INFO - Processing file /opt/airflow/dags/zones_gcs_dag.py for tasks to queue
[2022-02-03 17:58:52,770] {logging_mixin.py:109} INFO - [2022-02-03 17:58:52,770] {dagbag.py:500} INFO - Filling up the DagBag from /opt/airflow/dags/zones_gcs_dag.py
[2022-02-03 17:58:53,788] {processor.py:654} INFO - DAG(s) dict_keys(['yellow_taxi_gcs_dag']) retrieved from /opt/airflow/dags/zones_gcs_dag.py
[2022-02-03 17:58:53,807] {logging_mixin.py:109} INFO - [2022-02-03 17:58:53,807] {dag.py:2396} INFO - Sync 1 DAGs
[2022-02-03 17:58:53,830] {logging_mixin.py:109} INFO - [2022-02-03 17:58:53,830] {dag.py:2935} INFO - Setting next_dagrun for yellow_taxi_gcs_dag to None
[2022-02-03 17:58:53,839] {processor.py:171} INFO - Processing /opt/airflow/dags/zones_gcs_dag.py took 1.107 seconds
[2022-02-03 17:59:23,890] {processor.py:163} INFO - Started process (PID=244) to work on /opt/airflow/dags/zones_gcs_dag.py
[2022-02-03 17:59:23,892] {processor.py:642} INFO - Processing file /opt/airflow/dags/zones_gcs_dag.py for tasks to queue
[2022-02-03 17:59:23,892] {logging_mixin.py:109} INFO - [2022-02-03 17:59:23,892] {dagbag.py:500} INFO - Filling up the DagBag from /opt/airflow/dags/zones_gcs_dag.py
[2022-02-03 17:59:24,928] {processor.py:654} INFO - DAG(s) dict_keys(['yellow_taxi_gcs_dag']) retrieved from /opt/airflow/dags/zones_gcs_dag.py
[2022-02-03 17:59:25,190] {logging_mixin.py:109} INFO - [2022-02-03 17:59:25,190] {dag.py:2396} INFO - Sync 1 DAGs
[2022-02-03 17:59:25,231] {logging_mixin.py:109} INFO - [2022-02-03 17:59:25,231] {dag.py:2935} INFO - Setting next_dagrun for yellow_taxi_gcs_dag to None
[2022-02-03 17:59:25,247] {processor.py:171} INFO - Processing /opt/airflow/dags/zones_gcs_dag.py took 1.359 seconds
[2022-02-03 17:59:55,333] {processor.py:163} INFO - Started process (PID=278) to work on /opt/airflow/dags/zones_gcs_dag.py
[2022-02-03 17:59:55,335] {processor.py:642} INFO - Processing file /opt/airflow/dags/zones_gcs_dag.py for tasks to queue
[2022-02-03 17:59:55,335] {logging_mixin.py:109} INFO - [2022-02-03 17:59:55,335] {dagbag.py:500} INFO - Filling up the DagBag from /opt/airflow/dags/zones_gcs_dag.py
[2022-02-03 17:59:56,288] {processor.py:654} INFO - DAG(s) dict_keys(['yellow_taxi_gcs_dag']) retrieved from /opt/airflow/dags/zones_gcs_dag.py
[2022-02-03 17:59:56,299] {logging_mixin.py:109} INFO - [2022-02-03 17:59:56,299] {dag.py:2396} INFO - Sync 1 DAGs
[2022-02-03 17:59:56,317] {logging_mixin.py:109} INFO - [2022-02-03 17:59:56,317] {dag.py:2935} INFO - Setting next_dagrun for yellow_taxi_gcs_dag to None
[2022-02-03 17:59:56,332] {processor.py:171} INFO - Processing /opt/airflow/dags/zones_gcs_dag.py took 1.003 seconds
[2022-02-03 18:00:26,491] {processor.py:163} INFO - Started process (PID=322) to work on /opt/airflow/dags/zones_gcs_dag.py
[2022-02-03 18:00:26,493] {processor.py:642} INFO - Processing file /opt/airflow/dags/zones_gcs_dag.py for tasks to queue
[2022-02-03 18:00:26,494] {logging_mixin.py:109} INFO - [2022-02-03 18:00:26,494] {dagbag.py:500} INFO - Filling up the DagBag from /opt/airflow/dags/zones_gcs_dag.py
[2022-02-03 18:00:27,441] {processor.py:654} INFO - DAG(s) dict_keys(['yellow_taxi_gcs_dag']) retrieved from /opt/airflow/dags/zones_gcs_dag.py
[2022-02-03 18:00:27,754] {logging_mixin.py:109} INFO - [2022-02-03 18:00:27,754] {dag.py:2396} INFO - Sync 1 DAGs
[2022-02-03 18:00:27,794] {logging_mixin.py:109} INFO - [2022-02-03 18:00:27,794] {dag.py:2935} INFO - Setting next_dagrun for yellow_taxi_gcs_dag to None
[2022-02-03 18:00:27,844] {processor.py:171} INFO - Processing /opt/airflow/dags/zones_gcs_dag.py took 1.356 seconds
[2022-02-03 18:00:58,192] {processor.py:163} INFO - Started process (PID=356) to work on /opt/airflow/dags/zones_gcs_dag.py
[2022-02-03 18:00:58,196] {processor.py:642} INFO - Processing file /opt/airflow/dags/zones_gcs_dag.py for tasks to queue
[2022-02-03 18:00:58,197] {logging_mixin.py:109} INFO - [2022-02-03 18:00:58,197] {dagbag.py:500} INFO - Filling up the DagBag from /opt/airflow/dags/zones_gcs_dag.py
[2022-02-03 18:00:59,436] {processor.py:654} INFO - DAG(s) dict_keys(['yellow_taxi_gcs_dag']) retrieved from /opt/airflow/dags/zones_gcs_dag.py
[2022-02-03 18:00:59,451] {logging_mixin.py:109} INFO - [2022-02-03 18:00:59,451] {dag.py:2396} INFO - Sync 1 DAGs
[2022-02-03 18:00:59,476] {logging_mixin.py:109} INFO - [2022-02-03 18:00:59,476] {dag.py:2935} INFO - Setting next_dagrun for yellow_taxi_gcs_dag to None
[2022-02-03 18:00:59,493] {processor.py:171} INFO - Processing /opt/airflow/dags/zones_gcs_dag.py took 1.305 seconds
[2022-02-03 18:01:30,307] {processor.py:163} INFO - Started process (PID=392) to work on /opt/airflow/dags/zones_gcs_dag.py
[2022-02-03 18:01:30,309] {processor.py:642} INFO - Processing file /opt/airflow/dags/zones_gcs_dag.py for tasks to queue
[2022-02-03 18:01:30,310] {logging_mixin.py:109} INFO - [2022-02-03 18:01:30,309] {dagbag.py:500} INFO - Filling up the DagBag from /opt/airflow/dags/zones_gcs_dag.py
[2022-02-03 18:01:31,244] {processor.py:654} INFO - DAG(s) dict_keys(['yellow_taxi_gcs_dag']) retrieved from /opt/airflow/dags/zones_gcs_dag.py
[2022-02-03 18:01:31,485] {logging_mixin.py:109} INFO - [2022-02-03 18:01:31,484] {dag.py:2396} INFO - Sync 1 DAGs
[2022-02-03 18:01:31,511] {logging_mixin.py:109} INFO - [2022-02-03 18:01:31,511] {dag.py:2935} INFO - Setting next_dagrun for yellow_taxi_gcs_dag to None
[2022-02-03 18:01:31,529] {processor.py:171} INFO - Processing /opt/airflow/dags/zones_gcs_dag.py took 1.226 seconds
[2022-02-03 18:02:01,686] {processor.py:163} INFO - Started process (PID=437) to work on /opt/airflow/dags/zones_gcs_dag.py
[2022-02-03 18:02:01,689] {processor.py:642} INFO - Processing file /opt/airflow/dags/zones_gcs_dag.py for tasks to queue
[2022-02-03 18:02:01,689] {logging_mixin.py:109} INFO - [2022-02-03 18:02:01,689] {dagbag.py:500} INFO - Filling up the DagBag from /opt/airflow/dags/zones_gcs_dag.py
[2022-02-03 18:02:03,187] {processor.py:654} INFO - DAG(s) dict_keys(['yellow_taxi_gcs_dag']) retrieved from /opt/airflow/dags/zones_gcs_dag.py
[2022-02-03 18:02:03,197] {logging_mixin.py:109} INFO - [2022-02-03 18:02:03,196] {dag.py:2396} INFO - Sync 1 DAGs
[2022-02-03 18:02:03,218] {logging_mixin.py:109} INFO - [2022-02-03 18:02:03,218] {dag.py:2935} INFO - Setting next_dagrun for yellow_taxi_gcs_dag to None
[2022-02-03 18:02:03,229] {processor.py:171} INFO - Processing /opt/airflow/dags/zones_gcs_dag.py took 1.547 seconds
[2022-02-03 18:02:33,400] {processor.py:163} INFO - Started process (PID=471) to work on /opt/airflow/dags/zones_gcs_dag.py
[2022-02-03 18:02:33,402] {processor.py:642} INFO - Processing file /opt/airflow/dags/zones_gcs_dag.py for tasks to queue
[2022-02-03 18:02:33,403] {logging_mixin.py:109} INFO - [2022-02-03 18:02:33,403] {dagbag.py:500} INFO - Filling up the DagBag from /opt/airflow/dags/zones_gcs_dag.py
[2022-02-03 18:02:34,472] {processor.py:654} INFO - DAG(s) dict_keys(['yellow_taxi_gcs_dag']) retrieved from /opt/airflow/dags/zones_gcs_dag.py
[2022-02-03 18:02:34,860] {logging_mixin.py:109} INFO - [2022-02-03 18:02:34,859] {dag.py:2396} INFO - Sync 1 DAGs
[2022-02-03 18:02:34,879] {logging_mixin.py:109} INFO - [2022-02-03 18:02:34,879] {dag.py:2935} INFO - Setting next_dagrun for yellow_taxi_gcs_dag to None
[2022-02-03 18:02:34,891] {processor.py:171} INFO - Processing /opt/airflow/dags/zones_gcs_dag.py took 1.495 seconds
[2022-02-03 18:03:05,427] {processor.py:163} INFO - Started process (PID=513) to work on /opt/airflow/dags/zones_gcs_dag.py
[2022-02-03 18:03:05,429] {processor.py:642} INFO - Processing file /opt/airflow/dags/zones_gcs_dag.py for tasks to queue
[2022-02-03 18:03:05,429] {logging_mixin.py:109} INFO - [2022-02-03 18:03:05,429] {dagbag.py:500} INFO - Filling up the DagBag from /opt/airflow/dags/zones_gcs_dag.py
[2022-02-03 18:03:06,554] {processor.py:654} INFO - DAG(s) dict_keys(['yellow_taxi_gcs_dag']) retrieved from /opt/airflow/dags/zones_gcs_dag.py
[2022-02-03 18:03:06,579] {logging_mixin.py:109} INFO - [2022-02-03 18:03:06,579] {dag.py:2396} INFO - Sync 1 DAGs
[2022-02-03 18:03:06,606] {logging_mixin.py:109} INFO - [2022-02-03 18:03:06,605] {dag.py:2935} INFO - Setting next_dagrun for yellow_taxi_gcs_dag to None
[2022-02-03 18:03:06,621] {processor.py:171} INFO - Processing /opt/airflow/dags/zones_gcs_dag.py took 1.197 seconds
[2022-02-03 18:03:36,823] {processor.py:163} INFO - Started process (PID=558) to work on /opt/airflow/dags/zones_gcs_dag.py
[2022-02-03 18:03:36,825] {processor.py:642} INFO - Processing file /opt/airflow/dags/zones_gcs_dag.py for tasks to queue
[2022-02-03 18:03:36,826] {logging_mixin.py:109} INFO - [2022-02-03 18:03:36,826] {dagbag.py:500} INFO - Filling up the DagBag from /opt/airflow/dags/zones_gcs_dag.py
[2022-02-03 18:03:38,031] {processor.py:654} INFO - DAG(s) dict_keys(['yellow_taxi_gcs_dag']) retrieved from /opt/airflow/dags/zones_gcs_dag.py
[2022-02-03 18:03:38,383] {logging_mixin.py:109} INFO - [2022-02-03 18:03:38,383] {dag.py:2396} INFO - Sync 1 DAGs
[2022-02-03 18:03:38,409] {logging_mixin.py:109} INFO - [2022-02-03 18:03:38,409] {dag.py:2935} INFO - Setting next_dagrun for yellow_taxi_gcs_dag to None
[2022-02-03 18:03:38,424] {processor.py:171} INFO - Processing /opt/airflow/dags/zones_gcs_dag.py took 1.604 seconds
[2022-02-03 18:04:09,014] {processor.py:163} INFO - Started process (PID=601) to work on /opt/airflow/dags/zones_gcs_dag.py
[2022-02-03 18:04:09,016] {processor.py:642} INFO - Processing file /opt/airflow/dags/zones_gcs_dag.py for tasks to queue
[2022-02-03 18:04:09,017] {logging_mixin.py:109} INFO - [2022-02-03 18:04:09,017] {dagbag.py:500} INFO - Filling up the DagBag from /opt/airflow/dags/zones_gcs_dag.py
[2022-02-03 18:04:09,980] {processor.py:654} INFO - DAG(s) dict_keys(['yellow_taxi_gcs_dag']) retrieved from /opt/airflow/dags/zones_gcs_dag.py
[2022-02-03 18:04:09,990] {logging_mixin.py:109} INFO - [2022-02-03 18:04:09,989] {dag.py:2396} INFO - Sync 1 DAGs
[2022-02-03 18:04:10,014] {logging_mixin.py:109} INFO - [2022-02-03 18:04:10,014] {dag.py:2935} INFO - Setting next_dagrun for yellow_taxi_gcs_dag to None
[2022-02-03 18:04:10,033] {processor.py:171} INFO - Processing /opt/airflow/dags/zones_gcs_dag.py took 1.021 seconds
[2022-02-03 18:04:40,290] {processor.py:163} INFO - Started process (PID=635) to work on /opt/airflow/dags/zones_gcs_dag.py
[2022-02-03 18:04:40,291] {processor.py:642} INFO - Processing file /opt/airflow/dags/zones_gcs_dag.py for tasks to queue
[2022-02-03 18:04:40,292] {logging_mixin.py:109} INFO - [2022-02-03 18:04:40,292] {dagbag.py:500} INFO - Filling up the DagBag from /opt/airflow/dags/zones_gcs_dag.py
[2022-02-03 18:04:41,167] {processor.py:654} INFO - DAG(s) dict_keys(['yellow_taxi_gcs_dag']) retrieved from /opt/airflow/dags/zones_gcs_dag.py
[2022-02-03 18:04:41,440] {logging_mixin.py:109} INFO - [2022-02-03 18:04:41,440] {dag.py:2396} INFO - Sync 1 DAGs
[2022-02-03 18:04:41,462] {logging_mixin.py:109} INFO - [2022-02-03 18:04:41,462] {dag.py:2935} INFO - Setting next_dagrun for yellow_taxi_gcs_dag to None
[2022-02-03 18:04:41,478] {processor.py:171} INFO - Processing /opt/airflow/dags/zones_gcs_dag.py took 1.191 seconds
[2022-02-03 18:05:12,223] {processor.py:163} INFO - Started process (PID=679) to work on /opt/airflow/dags/zones_gcs_dag.py
[2022-02-03 18:05:12,226] {processor.py:642} INFO - Processing file /opt/airflow/dags/zones_gcs_dag.py for tasks to queue
[2022-02-03 18:05:12,226] {logging_mixin.py:109} INFO - [2022-02-03 18:05:12,226] {dagbag.py:500} INFO - Filling up the DagBag from /opt/airflow/dags/zones_gcs_dag.py
[2022-02-03 18:05:13,589] {processor.py:654} INFO - DAG(s) dict_keys(['yellow_taxi_gcs_dag']) retrieved from /opt/airflow/dags/zones_gcs_dag.py
[2022-02-03 18:05:13,605] {logging_mixin.py:109} INFO - [2022-02-03 18:05:13,605] {dag.py:2396} INFO - Sync 1 DAGs
[2022-02-03 18:05:13,653] {logging_mixin.py:109} INFO - [2022-02-03 18:05:13,653] {dag.py:2935} INFO - Setting next_dagrun for yellow_taxi_gcs_dag to None
[2022-02-03 18:05:13,674] {processor.py:171} INFO - Processing /opt/airflow/dags/zones_gcs_dag.py took 1.456 seconds
[2022-02-03 18:05:43,962] {processor.py:163} INFO - Started process (PID=719) to work on /opt/airflow/dags/zones_gcs_dag.py
[2022-02-03 18:05:43,964] {processor.py:642} INFO - Processing file /opt/airflow/dags/zones_gcs_dag.py for tasks to queue
[2022-02-03 18:05:43,965] {logging_mixin.py:109} INFO - [2022-02-03 18:05:43,965] {dagbag.py:500} INFO - Filling up the DagBag from /opt/airflow/dags/zones_gcs_dag.py
[2022-02-03 18:05:45,367] {processor.py:654} INFO - DAG(s) dict_keys(['yellow_taxi_gcs_dag']) retrieved from /opt/airflow/dags/zones_gcs_dag.py
[2022-02-03 18:05:45,854] {logging_mixin.py:109} INFO - [2022-02-03 18:05:45,853] {dag.py:2396} INFO - Sync 1 DAGs
[2022-02-03 18:05:45,880] {logging_mixin.py:109} INFO - [2022-02-03 18:05:45,880] {dag.py:2935} INFO - Setting next_dagrun for yellow_taxi_gcs_dag to None
[2022-02-03 18:05:45,900] {processor.py:171} INFO - Processing /opt/airflow/dags/zones_gcs_dag.py took 1.943 seconds
[2022-02-03 18:06:15,985] {processor.py:163} INFO - Started process (PID=755) to work on /opt/airflow/dags/zones_gcs_dag.py
[2022-02-03 18:06:15,987] {processor.py:642} INFO - Processing file /opt/airflow/dags/zones_gcs_dag.py for tasks to queue
[2022-02-03 18:06:15,988] {logging_mixin.py:109} INFO - [2022-02-03 18:06:15,987] {dagbag.py:500} INFO - Filling up the DagBag from /opt/airflow/dags/zones_gcs_dag.py
[2022-02-03 18:06:17,001] {processor.py:654} INFO - DAG(s) dict_keys(['yellow_taxi_gcs_dag']) retrieved from /opt/airflow/dags/zones_gcs_dag.py
[2022-02-03 18:06:17,021] {logging_mixin.py:109} INFO - [2022-02-03 18:06:17,021] {dag.py:2396} INFO - Sync 1 DAGs
[2022-02-03 18:06:17,091] {logging_mixin.py:109} INFO - [2022-02-03 18:06:17,090] {dag.py:2935} INFO - Setting next_dagrun for yellow_taxi_gcs_dag to None
[2022-02-03 18:06:17,115] {processor.py:171} INFO - Processing /opt/airflow/dags/zones_gcs_dag.py took 1.134 seconds
[2022-02-03 18:06:47,239] {processor.py:163} INFO - Started process (PID=798) to work on /opt/airflow/dags/zones_gcs_dag.py
[2022-02-03 18:06:47,241] {processor.py:642} INFO - Processing file /opt/airflow/dags/zones_gcs_dag.py for tasks to queue
[2022-02-03 18:06:47,242] {logging_mixin.py:109} INFO - [2022-02-03 18:06:47,242] {dagbag.py:500} INFO - Filling up the DagBag from /opt/airflow/dags/zones_gcs_dag.py
[2022-02-03 18:06:48,143] {processor.py:654} INFO - DAG(s) dict_keys(['yellow_taxi_gcs_dag']) retrieved from /opt/airflow/dags/zones_gcs_dag.py
[2022-02-03 18:06:48,414] {logging_mixin.py:109} INFO - [2022-02-03 18:06:48,414] {dag.py:2396} INFO - Sync 1 DAGs
[2022-02-03 18:06:48,430] {logging_mixin.py:109} INFO - [2022-02-03 18:06:48,430] {dag.py:2935} INFO - Setting next_dagrun for yellow_taxi_gcs_dag to None
[2022-02-03 18:06:48,443] {processor.py:171} INFO - Processing /opt/airflow/dags/zones_gcs_dag.py took 1.209 seconds
[2022-02-03 18:07:18,476] {processor.py:163} INFO - Started process (PID=833) to work on /opt/airflow/dags/zones_gcs_dag.py
[2022-02-03 18:07:18,478] {processor.py:642} INFO - Processing file /opt/airflow/dags/zones_gcs_dag.py for tasks to queue
[2022-02-03 18:07:18,479] {logging_mixin.py:109} INFO - [2022-02-03 18:07:18,479] {dagbag.py:500} INFO - Filling up the DagBag from /opt/airflow/dags/zones_gcs_dag.py
[2022-02-03 18:07:19,392] {processor.py:654} INFO - DAG(s) dict_keys(['yellow_taxi_gcs_dag']) retrieved from /opt/airflow/dags/zones_gcs_dag.py
[2022-02-03 18:07:19,401] {logging_mixin.py:109} INFO - [2022-02-03 18:07:19,401] {dag.py:2396} INFO - Sync 1 DAGs
[2022-02-03 18:07:19,417] {logging_mixin.py:109} INFO - [2022-02-03 18:07:19,417] {dag.py:2935} INFO - Setting next_dagrun for yellow_taxi_gcs_dag to None
[2022-02-03 18:07:19,427] {processor.py:171} INFO - Processing /opt/airflow/dags/zones_gcs_dag.py took 0.954 seconds
[2022-02-03 18:07:49,690] {processor.py:163} INFO - Started process (PID=878) to work on /opt/airflow/dags/zones_gcs_dag.py
[2022-02-03 18:07:49,691] {processor.py:642} INFO - Processing file /opt/airflow/dags/zones_gcs_dag.py for tasks to queue
[2022-02-03 18:07:49,692] {logging_mixin.py:109} INFO - [2022-02-03 18:07:49,692] {dagbag.py:500} INFO - Filling up the DagBag from /opt/airflow/dags/zones_gcs_dag.py
[2022-02-03 18:07:50,529] {processor.py:654} INFO - DAG(s) dict_keys(['yellow_taxi_gcs_dag']) retrieved from /opt/airflow/dags/zones_gcs_dag.py
[2022-02-03 18:07:50,766] {logging_mixin.py:109} INFO - [2022-02-03 18:07:50,766] {dag.py:2396} INFO - Sync 1 DAGs
[2022-02-03 18:07:50,781] {logging_mixin.py:109} INFO - [2022-02-03 18:07:50,781] {dag.py:2935} INFO - Setting next_dagrun for yellow_taxi_gcs_dag to None
[2022-02-03 18:07:50,793] {processor.py:171} INFO - Processing /opt/airflow/dags/zones_gcs_dag.py took 1.109 seconds
[2022-02-03 18:08:20,881] {processor.py:163} INFO - Started process (PID=912) to work on /opt/airflow/dags/zones_gcs_dag.py
[2022-02-03 18:08:20,883] {processor.py:642} INFO - Processing file /opt/airflow/dags/zones_gcs_dag.py for tasks to queue
[2022-02-03 18:08:20,884] {logging_mixin.py:109} INFO - [2022-02-03 18:08:20,884] {dagbag.py:500} INFO - Filling up the DagBag from /opt/airflow/dags/zones_gcs_dag.py
[2022-02-03 18:08:22,156] {processor.py:654} INFO - DAG(s) dict_keys(['yellow_taxi_gcs_dag']) retrieved from /opt/airflow/dags/zones_gcs_dag.py
[2022-02-03 18:08:22,166] {logging_mixin.py:109} INFO - [2022-02-03 18:08:22,165] {dag.py:2396} INFO - Sync 1 DAGs
[2022-02-03 18:08:22,183] {logging_mixin.py:109} INFO - [2022-02-03 18:08:22,183] {dag.py:2935} INFO - Setting next_dagrun for yellow_taxi_gcs_dag to None
[2022-02-03 18:08:22,193] {processor.py:171} INFO - Processing /opt/airflow/dags/zones_gcs_dag.py took 1.315 seconds
[2022-02-03 18:08:52,370] {processor.py:163} INFO - Started process (PID=956) to work on /opt/airflow/dags/zones_gcs_dag.py
[2022-02-03 18:08:52,373] {processor.py:642} INFO - Processing file /opt/airflow/dags/zones_gcs_dag.py for tasks to queue
[2022-02-03 18:08:52,374] {logging_mixin.py:109} INFO - [2022-02-03 18:08:52,374] {dagbag.py:500} INFO - Filling up the DagBag from /opt/airflow/dags/zones_gcs_dag.py
[2022-02-03 18:08:53,144] {processor.py:654} INFO - DAG(s) dict_keys(['yellow_taxi_gcs_dag']) retrieved from /opt/airflow/dags/zones_gcs_dag.py
[2022-02-03 18:08:53,343] {logging_mixin.py:109} INFO - [2022-02-03 18:08:53,343] {dag.py:2396} INFO - Sync 1 DAGs
[2022-02-03 18:08:53,358] {logging_mixin.py:109} INFO - [2022-02-03 18:08:53,358] {dag.py:2935} INFO - Setting next_dagrun for yellow_taxi_gcs_dag to None
[2022-02-03 18:08:53,370] {processor.py:171} INFO - Processing /opt/airflow/dags/zones_gcs_dag.py took 1.007 seconds
[2022-02-03 18:09:03,429] {processor.py:163} INFO - Started process (PID=978) to work on /opt/airflow/dags/zones_gcs_dag.py
[2022-02-03 18:09:03,430] {processor.py:642} INFO - Processing file /opt/airflow/dags/zones_gcs_dag.py for tasks to queue
[2022-02-03 18:09:03,430] {logging_mixin.py:109} INFO - [2022-02-03 18:09:03,430] {dagbag.py:500} INFO - Filling up the DagBag from /opt/airflow/dags/zones_gcs_dag.py
[2022-02-03 18:09:04,324] {processor.py:654} INFO - DAG(s) dict_keys(['yellow_taxi_gcs_dag']) retrieved from /opt/airflow/dags/zones_gcs_dag.py
[2022-02-03 18:09:04,328] {logging_mixin.py:109} INFO - [2022-02-03 18:09:04,327] {dag.py:2396} INFO - Sync 1 DAGs
[2022-02-03 18:09:04,344] {logging_mixin.py:109} INFO - [2022-02-03 18:09:04,344] {dag.py:2935} INFO - Setting next_dagrun for yellow_taxi_gcs_dag to None
[2022-02-03 18:09:04,355] {processor.py:171} INFO - Processing /opt/airflow/dags/zones_gcs_dag.py took 0.929 seconds
[2022-02-03 18:09:34,426] {processor.py:163} INFO - Started process (PID=1013) to work on /opt/airflow/dags/zones_gcs_dag.py
[2022-02-03 18:09:34,431] {processor.py:642} INFO - Processing file /opt/airflow/dags/zones_gcs_dag.py for tasks to queue
[2022-02-03 18:09:34,433] {logging_mixin.py:109} INFO - [2022-02-03 18:09:34,433] {dagbag.py:500} INFO - Filling up the DagBag from /opt/airflow/dags/zones_gcs_dag.py
[2022-02-03 18:09:35,238] {processor.py:654} INFO - DAG(s) dict_keys(['yellow_taxi_gcs_dag']) retrieved from /opt/airflow/dags/zones_gcs_dag.py
[2022-02-03 18:09:35,243] {logging_mixin.py:109} INFO - [2022-02-03 18:09:35,242] {dag.py:2396} INFO - Sync 1 DAGs
[2022-02-03 18:09:35,262] {logging_mixin.py:109} INFO - [2022-02-03 18:09:35,262] {dag.py:2935} INFO - Setting next_dagrun for yellow_taxi_gcs_dag to None
[2022-02-03 18:09:35,273] {processor.py:171} INFO - Processing /opt/airflow/dags/zones_gcs_dag.py took 0.856 seconds
[2022-02-03 18:09:52,345] {processor.py:163} INFO - Started process (PID=1033) to work on /opt/airflow/dags/zones_gcs_dag.py
[2022-02-03 18:09:52,346] {processor.py:642} INFO - Processing file /opt/airflow/dags/zones_gcs_dag.py for tasks to queue
[2022-02-03 18:09:52,347] {logging_mixin.py:109} INFO - [2022-02-03 18:09:52,347] {dagbag.py:500} INFO - Filling up the DagBag from /opt/airflow/dags/zones_gcs_dag.py
[2022-02-03 18:09:53,306] {logging_mixin.py:109} INFO - [2022-02-03 18:09:53,305] {dagbag.py:334} ERROR - Failed to import: /opt/airflow/dags/zones_gcs_dag.py
Traceback (most recent call last):
  File "/home/airflow/.local/lib/python3.7/site-packages/airflow/models/dagbag.py", line 331, in _load_modules_from_file
    loader.exec_module(new_module)
  File "<frozen importlib._bootstrap_external>", line 728, in exec_module
  File "<frozen importlib._bootstrap>", line 219, in _call_with_frames_removed
  File "/opt/airflow/dags/zones_gcs_dag.py", line 64, in <module>
    parquet_file = OUTPUT_FILE_TEMPLATE.replace('.csv', '.parquet')
NameError: name 'OUTPUT_FILE_TEMPLATE' is not defined
[2022-02-03 18:09:53,321] {processor.py:656} WARNING - No viable dags retrieved from /opt/airflow/dags/zones_gcs_dag.py
[2022-02-03 18:09:53,332] {processor.py:171} INFO - Processing /opt/airflow/dags/zones_gcs_dag.py took 0.990 seconds
[2022-02-03 18:09:59,386] {processor.py:163} INFO - Started process (PID=1052) to work on /opt/airflow/dags/zones_gcs_dag.py
[2022-02-03 18:09:59,390] {processor.py:642} INFO - Processing file /opt/airflow/dags/zones_gcs_dag.py for tasks to queue
[2022-02-03 18:09:59,392] {logging_mixin.py:109} INFO - [2022-02-03 18:09:59,392] {dagbag.py:500} INFO - Filling up the DagBag from /opt/airflow/dags/zones_gcs_dag.py
[2022-02-03 18:10:00,136] {logging_mixin.py:109} INFO - [2022-02-03 18:10:00,135] {dagbag.py:334} ERROR - Failed to import: /opt/airflow/dags/zones_gcs_dag.py
Traceback (most recent call last):
  File "/home/airflow/.local/lib/python3.7/site-packages/airflow/models/dagbag.py", line 331, in _load_modules_from_file
    loader.exec_module(new_module)
  File "<frozen importlib._bootstrap_external>", line 728, in exec_module
  File "<frozen importlib._bootstrap>", line 219, in _call_with_frames_removed
  File "/opt/airflow/dags/zones_gcs_dag.py", line 82, in <module>
    bash_command=f"curl -sS {URL_TEMPLATE} > {OUTPUT_FILE_TEMPLATE}"
NameError: name 'URL_TEMPLATE' is not defined
[2022-02-03 18:10:00,149] {processor.py:656} WARNING - No viable dags retrieved from /opt/airflow/dags/zones_gcs_dag.py
[2022-02-03 18:10:00,158] {processor.py:171} INFO - Processing /opt/airflow/dags/zones_gcs_dag.py took 0.781 seconds
[2022-02-03 18:10:07,635] {processor.py:163} INFO - Started process (PID=1067) to work on /opt/airflow/dags/zones_gcs_dag.py
[2022-02-03 18:10:07,636] {processor.py:642} INFO - Processing file /opt/airflow/dags/zones_gcs_dag.py for tasks to queue
[2022-02-03 18:10:07,637] {logging_mixin.py:109} INFO - [2022-02-03 18:10:07,637] {dagbag.py:500} INFO - Filling up the DagBag from /opt/airflow/dags/zones_gcs_dag.py
[2022-02-03 18:10:08,425] {logging_mixin.py:109} INFO - [2022-02-03 18:10:08,424] {dagbag.py:334} ERROR - Failed to import: /opt/airflow/dags/zones_gcs_dag.py
Traceback (most recent call last):
  File "/home/airflow/.local/lib/python3.7/site-packages/airflow/models/dagbag.py", line 331, in _load_modules_from_file
    loader.exec_module(new_module)
  File "<frozen importlib._bootstrap_external>", line 728, in exec_module
  File "<frozen importlib._bootstrap>", line 219, in _call_with_frames_removed
  File "/opt/airflow/dags/zones_gcs_dag.py", line 82, in <module>
    bash_command=f"curl -sS {URL_TEMPLATE} > {OUTPUT_FILE_TEMPLATE}"
NameError: name 'URL_TEMPLATE' is not defined
[2022-02-03 18:10:08,436] {processor.py:656} WARNING - No viable dags retrieved from /opt/airflow/dags/zones_gcs_dag.py
[2022-02-03 18:10:08,445] {processor.py:171} INFO - Processing /opt/airflow/dags/zones_gcs_dag.py took 0.813 seconds
[2022-02-03 18:10:38,492] {processor.py:163} INFO - Started process (PID=1101) to work on /opt/airflow/dags/zones_gcs_dag.py
[2022-02-03 18:10:38,495] {processor.py:642} INFO - Processing file /opt/airflow/dags/zones_gcs_dag.py for tasks to queue
[2022-02-03 18:10:38,497] {logging_mixin.py:109} INFO - [2022-02-03 18:10:38,497] {dagbag.py:500} INFO - Filling up the DagBag from /opt/airflow/dags/zones_gcs_dag.py
[2022-02-03 18:10:39,254] {logging_mixin.py:109} INFO - [2022-02-03 18:10:39,253] {dagbag.py:334} ERROR - Failed to import: /opt/airflow/dags/zones_gcs_dag.py
Traceback (most recent call last):
  File "/home/airflow/.local/lib/python3.7/site-packages/airflow/models/dagbag.py", line 331, in _load_modules_from_file
    loader.exec_module(new_module)
  File "<frozen importlib._bootstrap_external>", line 728, in exec_module
  File "<frozen importlib._bootstrap>", line 219, in _call_with_frames_removed
  File "/opt/airflow/dags/zones_gcs_dag.py", line 82, in <module>
    bash_command=f"curl -sS {URL_TEMPLATE} > {OUTPUT_FILE_TEMPLATE}"
NameError: name 'URL_TEMPLATE' is not defined
[2022-02-03 18:10:39,266] {processor.py:656} WARNING - No viable dags retrieved from /opt/airflow/dags/zones_gcs_dag.py
[2022-02-03 18:10:39,275] {processor.py:171} INFO - Processing /opt/airflow/dags/zones_gcs_dag.py took 0.791 seconds
[2022-02-03 18:10:45,326] {processor.py:163} INFO - Started process (PID=1106) to work on /opt/airflow/dags/zones_gcs_dag.py
[2022-02-03 18:10:45,328] {processor.py:642} INFO - Processing file /opt/airflow/dags/zones_gcs_dag.py for tasks to queue
[2022-02-03 18:10:45,329] {logging_mixin.py:109} INFO - [2022-02-03 18:10:45,328] {dagbag.py:500} INFO - Filling up the DagBag from /opt/airflow/dags/zones_gcs_dag.py
[2022-02-03 18:10:46,213] {logging_mixin.py:109} INFO - [2022-02-03 18:10:46,212] {dagbag.py:334} ERROR - Failed to import: /opt/airflow/dags/zones_gcs_dag.py
Traceback (most recent call last):
  File "/home/airflow/.local/lib/python3.7/site-packages/airflow/models/dagbag.py", line 331, in _load_modules_from_file
    loader.exec_module(new_module)
  File "<frozen importlib._bootstrap_external>", line 728, in exec_module
  File "<frozen importlib._bootstrap>", line 219, in _call_with_frames_removed
  File "/opt/airflow/dags/zones_gcs_dag.py", line 83, in <module>
    bash_command=f"curl -sS {URL_TEMPLATE} > {OUTPUT_FILE_TEMPLATE}"
NameError: name 'URL_TEMPLATE' is not defined
[2022-02-03 18:10:46,229] {processor.py:656} WARNING - No viable dags retrieved from /opt/airflow/dags/zones_gcs_dag.py
[2022-02-03 18:10:46,248] {processor.py:171} INFO - Processing /opt/airflow/dags/zones_gcs_dag.py took 0.931 seconds
[2022-02-03 18:11:16,448] {processor.py:163} INFO - Started process (PID=1153) to work on /opt/airflow/dags/zones_gcs_dag.py
[2022-02-03 18:11:16,453] {processor.py:642} INFO - Processing file /opt/airflow/dags/zones_gcs_dag.py for tasks to queue
[2022-02-03 18:11:16,455] {logging_mixin.py:109} INFO - [2022-02-03 18:11:16,454] {dagbag.py:500} INFO - Filling up the DagBag from /opt/airflow/dags/zones_gcs_dag.py
[2022-02-03 18:11:17,548] {logging_mixin.py:109} INFO - [2022-02-03 18:11:17,548] {dagbag.py:334} ERROR - Failed to import: /opt/airflow/dags/zones_gcs_dag.py
Traceback (most recent call last):
  File "/home/airflow/.local/lib/python3.7/site-packages/airflow/models/dagbag.py", line 331, in _load_modules_from_file
    loader.exec_module(new_module)
  File "<frozen importlib._bootstrap_external>", line 728, in exec_module
  File "<frozen importlib._bootstrap>", line 219, in _call_with_frames_removed
  File "/opt/airflow/dags/zones_gcs_dag.py", line 83, in <module>
    bash_command=f"curl -sS {URL_TEMPLATE} > {OUTPUT_FILE_TEMPLATE}"
NameError: name 'URL_TEMPLATE' is not defined
[2022-02-03 18:11:17,563] {processor.py:656} WARNING - No viable dags retrieved from /opt/airflow/dags/zones_gcs_dag.py
[2022-02-03 18:11:17,572] {processor.py:171} INFO - Processing /opt/airflow/dags/zones_gcs_dag.py took 1.127 seconds
[2022-02-03 18:11:33,631] {processor.py:163} INFO - Started process (PID=1172) to work on /opt/airflow/dags/zones_gcs_dag.py
[2022-02-03 18:11:33,633] {processor.py:642} INFO - Processing file /opt/airflow/dags/zones_gcs_dag.py for tasks to queue
[2022-02-03 18:11:33,634] {logging_mixin.py:109} INFO - [2022-02-03 18:11:33,634] {dagbag.py:500} INFO - Filling up the DagBag from /opt/airflow/dags/zones_gcs_dag.py
[2022-02-03 18:11:34,800] {logging_mixin.py:109} INFO - [2022-02-03 18:11:34,799] {dagbag.py:334} ERROR - Failed to import: /opt/airflow/dags/zones_gcs_dag.py
Traceback (most recent call last):
  File "/home/airflow/.local/lib/python3.7/site-packages/airflow/models/dagbag.py", line 331, in _load_modules_from_file
    loader.exec_module(new_module)
  File "<frozen importlib._bootstrap_external>", line 728, in exec_module
  File "<frozen importlib._bootstrap>", line 219, in _call_with_frames_removed
  File "/opt/airflow/dags/zones_gcs_dag.py", line 82, in <module>
    bash_command=f"curl -sS {URL_TEMPLATE} > {OUTPUT_FILE_TEMPLATE}"
NameError: name 'URL_TEMPLATE' is not defined
[2022-02-03 18:11:34,814] {processor.py:656} WARNING - No viable dags retrieved from /opt/airflow/dags/zones_gcs_dag.py
[2022-02-03 18:11:34,825] {processor.py:171} INFO - Processing /opt/airflow/dags/zones_gcs_dag.py took 1.197 seconds
[2022-02-03 18:11:50,882] {processor.py:163} INFO - Started process (PID=1193) to work on /opt/airflow/dags/zones_gcs_dag.py
[2022-02-03 18:11:50,885] {processor.py:642} INFO - Processing file /opt/airflow/dags/zones_gcs_dag.py for tasks to queue
[2022-02-03 18:11:50,887] {logging_mixin.py:109} INFO - [2022-02-03 18:11:50,887] {dagbag.py:500} INFO - Filling up the DagBag from /opt/airflow/dags/zones_gcs_dag.py
[2022-02-03 18:11:51,699] {processor.py:654} INFO - DAG(s) dict_keys(['zones_gcs_dag']) retrieved from /opt/airflow/dags/zones_gcs_dag.py
[2022-02-03 18:11:52,816] {logging_mixin.py:109} INFO - [2022-02-03 18:11:52,816] {manager.py:496} INFO - Created Permission View: can read on DAG:zones_gcs_dag
[2022-02-03 18:11:52,825] {logging_mixin.py:109} INFO - [2022-02-03 18:11:52,825] {manager.py:496} INFO - Created Permission View: can edit on DAG:zones_gcs_dag
[2022-02-03 18:11:52,826] {logging_mixin.py:109} INFO - [2022-02-03 18:11:52,825] {dag.py:2396} INFO - Sync 1 DAGs
[2022-02-03 18:11:52,835] {logging_mixin.py:109} INFO - [2022-02-03 18:11:52,833] {dag.py:2415} INFO - Creating ORM DAG for zones_gcs_dag
[2022-02-03 18:11:52,847] {logging_mixin.py:109} INFO - [2022-02-03 18:11:52,846] {dag.py:2935} INFO - Setting next_dagrun for zones_gcs_dag to 2022-02-02T00:00:00+00:00
[2022-02-03 18:11:52,865] {processor.py:171} INFO - Processing /opt/airflow/dags/zones_gcs_dag.py took 1.992 seconds
[2022-02-03 18:12:23,010] {processor.py:163} INFO - Started process (PID=1237) to work on /opt/airflow/dags/zones_gcs_dag.py
[2022-02-03 18:12:23,012] {processor.py:642} INFO - Processing file /opt/airflow/dags/zones_gcs_dag.py for tasks to queue
[2022-02-03 18:12:23,013] {logging_mixin.py:109} INFO - [2022-02-03 18:12:23,013] {dagbag.py:500} INFO - Filling up the DagBag from /opt/airflow/dags/zones_gcs_dag.py
[2022-02-03 18:12:23,900] {processor.py:654} INFO - DAG(s) dict_keys(['zones_gcs_dag']) retrieved from /opt/airflow/dags/zones_gcs_dag.py
[2022-02-03 18:12:23,910] {logging_mixin.py:109} INFO - [2022-02-03 18:12:23,910] {dag.py:2396} INFO - Sync 1 DAGs
[2022-02-03 18:12:23,928] {logging_mixin.py:109} INFO - [2022-02-03 18:12:23,928] {dag.py:2935} INFO - Setting next_dagrun for zones_gcs_dag to 2022-02-02T00:00:00+00:00
[2022-02-03 18:12:23,938] {processor.py:171} INFO - Processing /opt/airflow/dags/zones_gcs_dag.py took 0.930 seconds
[2022-02-03 18:12:28,872] {processor.py:163} INFO - Started process (PID=1242) to work on /opt/airflow/dags/zones_gcs_dag.py
[2022-02-03 18:12:28,875] {processor.py:642} INFO - Processing file /opt/airflow/dags/zones_gcs_dag.py for tasks to queue
[2022-02-03 18:12:28,877] {logging_mixin.py:109} INFO - [2022-02-03 18:12:28,877] {dagbag.py:500} INFO - Filling up the DagBag from /opt/airflow/dags/zones_gcs_dag.py
[2022-02-03 18:12:29,819] {processor.py:654} INFO - DAG(s) dict_keys(['zones_gcs_dag']) retrieved from /opt/airflow/dags/zones_gcs_dag.py
[2022-02-03 18:12:30,114] {logging_mixin.py:109} INFO - [2022-02-03 18:12:30,114] {dag.py:2396} INFO - Sync 1 DAGs
[2022-02-03 18:12:30,135] {logging_mixin.py:109} INFO - [2022-02-03 18:12:30,135] {dag.py:2935} INFO - Setting next_dagrun for zones_gcs_dag to 2022-02-02T00:00:00+00:00
[2022-02-03 18:12:30,149] {processor.py:171} INFO - Processing /opt/airflow/dags/zones_gcs_dag.py took 1.285 seconds
[2022-02-03 18:12:49,831] {processor.py:163} INFO - Started process (PID=1275) to work on /opt/airflow/dags/zones_gcs_dag.py
[2022-02-03 18:12:49,833] {processor.py:642} INFO - Processing file /opt/airflow/dags/zones_gcs_dag.py for tasks to queue
[2022-02-03 18:12:49,834] {logging_mixin.py:109} INFO - [2022-02-03 18:12:49,833] {dagbag.py:500} INFO - Filling up the DagBag from /opt/airflow/dags/zones_gcs_dag.py
[2022-02-03 18:12:50,787] {processor.py:654} INFO - DAG(s) dict_keys(['zones_gcs_dag']) retrieved from /opt/airflow/dags/zones_gcs_dag.py
[2022-02-03 18:12:50,791] {logging_mixin.py:109} INFO - [2022-02-03 18:12:50,791] {dag.py:2396} INFO - Sync 1 DAGs
[2022-02-03 18:12:50,814] {logging_mixin.py:109} INFO - [2022-02-03 18:12:50,814] {dag.py:2935} INFO - Setting next_dagrun for zones_gcs_dag to 2022-02-02T00:00:00+00:00
[2022-02-03 18:12:50,830] {processor.py:171} INFO - Processing /opt/airflow/dags/zones_gcs_dag.py took 1.002 seconds
[2022-02-03 18:13:20,918] {processor.py:163} INFO - Started process (PID=1315) to work on /opt/airflow/dags/zones_gcs_dag.py
[2022-02-03 18:13:20,920] {processor.py:642} INFO - Processing file /opt/airflow/dags/zones_gcs_dag.py for tasks to queue
[2022-02-03 18:13:20,921] {logging_mixin.py:109} INFO - [2022-02-03 18:13:20,921] {dagbag.py:500} INFO - Filling up the DagBag from /opt/airflow/dags/zones_gcs_dag.py
[2022-02-03 18:13:22,103] {processor.py:654} INFO - DAG(s) dict_keys(['zones_gcs_dag']) retrieved from /opt/airflow/dags/zones_gcs_dag.py
[2022-02-03 18:13:22,125] {logging_mixin.py:109} INFO - [2022-02-03 18:13:22,125] {dag.py:2396} INFO - Sync 1 DAGs
[2022-02-03 18:13:22,248] {processor.py:171} INFO - Processing /opt/airflow/dags/zones_gcs_dag.py took 1.354 seconds
[2022-02-03 18:13:52,562] {processor.py:163} INFO - Started process (PID=1354) to work on /opt/airflow/dags/zones_gcs_dag.py
[2022-02-03 18:13:52,569] {processor.py:642} INFO - Processing file /opt/airflow/dags/zones_gcs_dag.py for tasks to queue
[2022-02-03 18:13:52,572] {logging_mixin.py:109} INFO - [2022-02-03 18:13:52,571] {dagbag.py:500} INFO - Filling up the DagBag from /opt/airflow/dags/zones_gcs_dag.py
[2022-02-03 18:13:53,605] {processor.py:654} INFO - DAG(s) dict_keys(['zones_gcs_dag']) retrieved from /opt/airflow/dags/zones_gcs_dag.py
[2022-02-03 18:13:53,616] {logging_mixin.py:109} INFO - [2022-02-03 18:13:53,616] {dag.py:2396} INFO - Sync 1 DAGs
[2022-02-03 18:13:53,642] {logging_mixin.py:109} INFO - [2022-02-03 18:13:53,642] {dag.py:2935} INFO - Setting next_dagrun for zones_gcs_dag to 2022-02-02T00:00:00+00:00
[2022-02-03 18:13:53,655] {processor.py:171} INFO - Processing /opt/airflow/dags/zones_gcs_dag.py took 1.110 seconds
[2022-02-03 18:14:23,931] {processor.py:163} INFO - Started process (PID=1386) to work on /opt/airflow/dags/zones_gcs_dag.py
[2022-02-03 18:14:23,932] {processor.py:642} INFO - Processing file /opt/airflow/dags/zones_gcs_dag.py for tasks to queue
[2022-02-03 18:14:23,933] {logging_mixin.py:109} INFO - [2022-02-03 18:14:23,933] {dagbag.py:500} INFO - Filling up the DagBag from /opt/airflow/dags/zones_gcs_dag.py
[2022-02-03 18:14:25,096] {processor.py:654} INFO - DAG(s) dict_keys(['zones_gcs_dag']) retrieved from /opt/airflow/dags/zones_gcs_dag.py
[2022-02-03 18:14:25,112] {logging_mixin.py:109} INFO - [2022-02-03 18:14:25,111] {dag.py:2396} INFO - Sync 1 DAGs
[2022-02-03 18:14:25,142] {logging_mixin.py:109} INFO - [2022-02-03 18:14:25,142] {dag.py:2935} INFO - Setting next_dagrun for zones_gcs_dag to 2022-02-02T00:00:00+00:00
[2022-02-03 18:14:25,162] {processor.py:171} INFO - Processing /opt/airflow/dags/zones_gcs_dag.py took 1.235 seconds
[2022-02-03 18:14:55,259] {processor.py:163} INFO - Started process (PID=1427) to work on /opt/airflow/dags/zones_gcs_dag.py
[2022-02-03 18:14:55,261] {processor.py:642} INFO - Processing file /opt/airflow/dags/zones_gcs_dag.py for tasks to queue
[2022-02-03 18:14:55,262] {logging_mixin.py:109} INFO - [2022-02-03 18:14:55,261] {dagbag.py:500} INFO - Filling up the DagBag from /opt/airflow/dags/zones_gcs_dag.py
[2022-02-03 18:14:56,037] {processor.py:654} INFO - DAG(s) dict_keys(['zones_gcs_dag']) retrieved from /opt/airflow/dags/zones_gcs_dag.py
[2022-02-03 18:14:56,047] {logging_mixin.py:109} INFO - [2022-02-03 18:14:56,046] {dag.py:2396} INFO - Sync 1 DAGs
[2022-02-03 18:14:56,067] {logging_mixin.py:109} INFO - [2022-02-03 18:14:56,067] {dag.py:2935} INFO - Setting next_dagrun for zones_gcs_dag to 2022-02-02T00:00:00+00:00
[2022-02-03 18:14:56,082] {processor.py:171} INFO - Processing /opt/airflow/dags/zones_gcs_dag.py took 0.826 seconds
[2022-02-03 18:15:26,158] {processor.py:163} INFO - Started process (PID=1460) to work on /opt/airflow/dags/zones_gcs_dag.py
[2022-02-03 18:15:26,160] {processor.py:642} INFO - Processing file /opt/airflow/dags/zones_gcs_dag.py for tasks to queue
[2022-02-03 18:15:26,161] {logging_mixin.py:109} INFO - [2022-02-03 18:15:26,160] {dagbag.py:500} INFO - Filling up the DagBag from /opt/airflow/dags/zones_gcs_dag.py
[2022-02-03 18:15:27,056] {processor.py:654} INFO - DAG(s) dict_keys(['zones_gcs_dag']) retrieved from /opt/airflow/dags/zones_gcs_dag.py
[2022-02-03 18:15:27,071] {logging_mixin.py:109} INFO - [2022-02-03 18:15:27,070] {dag.py:2396} INFO - Sync 1 DAGs
[2022-02-03 18:15:27,094] {logging_mixin.py:109} INFO - [2022-02-03 18:15:27,094] {dag.py:2935} INFO - Setting next_dagrun for zones_gcs_dag to 2022-02-02T00:00:00+00:00
[2022-02-03 18:15:27,105] {processor.py:171} INFO - Processing /opt/airflow/dags/zones_gcs_dag.py took 0.950 seconds
[2022-02-03 18:15:57,932] {processor.py:163} INFO - Started process (PID=1494) to work on /opt/airflow/dags/zones_gcs_dag.py
[2022-02-03 18:15:57,934] {processor.py:642} INFO - Processing file /opt/airflow/dags/zones_gcs_dag.py for tasks to queue
[2022-02-03 18:15:57,934] {logging_mixin.py:109} INFO - [2022-02-03 18:15:57,934] {dagbag.py:500} INFO - Filling up the DagBag from /opt/airflow/dags/zones_gcs_dag.py
[2022-02-03 18:15:58,742] {processor.py:654} INFO - DAG(s) dict_keys(['zones_gcs_dag']) retrieved from /opt/airflow/dags/zones_gcs_dag.py
[2022-02-03 18:15:58,761] {logging_mixin.py:109} INFO - [2022-02-03 18:15:58,761] {dag.py:2396} INFO - Sync 1 DAGs
[2022-02-03 18:15:58,792] {logging_mixin.py:109} INFO - [2022-02-03 18:15:58,792] {dag.py:2935} INFO - Setting next_dagrun for zones_gcs_dag to 2022-02-02T00:00:00+00:00
[2022-02-03 18:15:58,806] {processor.py:171} INFO - Processing /opt/airflow/dags/zones_gcs_dag.py took 0.877 seconds
[2022-02-03 18:16:28,934] {processor.py:163} INFO - Started process (PID=1541) to work on /opt/airflow/dags/zones_gcs_dag.py
[2022-02-03 18:16:28,937] {processor.py:642} INFO - Processing file /opt/airflow/dags/zones_gcs_dag.py for tasks to queue
[2022-02-03 18:16:28,939] {logging_mixin.py:109} INFO - [2022-02-03 18:16:28,938] {dagbag.py:500} INFO - Filling up the DagBag from /opt/airflow/dags/zones_gcs_dag.py
[2022-02-03 18:16:29,760] {processor.py:654} INFO - DAG(s) dict_keys(['zones_gcs_dag']) retrieved from /opt/airflow/dags/zones_gcs_dag.py
[2022-02-03 18:16:29,770] {logging_mixin.py:109} INFO - [2022-02-03 18:16:29,769] {dag.py:2396} INFO - Sync 1 DAGs
[2022-02-03 18:16:29,786] {logging_mixin.py:109} INFO - [2022-02-03 18:16:29,785] {dag.py:2935} INFO - Setting next_dagrun for zones_gcs_dag to 2022-02-02T00:00:00+00:00
[2022-02-03 18:16:29,795] {processor.py:171} INFO - Processing /opt/airflow/dags/zones_gcs_dag.py took 0.869 seconds
[2022-02-03 18:16:59,950] {processor.py:163} INFO - Started process (PID=1576) to work on /opt/airflow/dags/zones_gcs_dag.py
[2022-02-03 18:16:59,953] {processor.py:642} INFO - Processing file /opt/airflow/dags/zones_gcs_dag.py for tasks to queue
[2022-02-03 18:16:59,954] {logging_mixin.py:109} INFO - [2022-02-03 18:16:59,954] {dagbag.py:500} INFO - Filling up the DagBag from /opt/airflow/dags/zones_gcs_dag.py
[2022-02-03 18:17:00,784] {processor.py:654} INFO - DAG(s) dict_keys(['zones_gcs_dag']) retrieved from /opt/airflow/dags/zones_gcs_dag.py
[2022-02-03 18:17:00,793] {logging_mixin.py:109} INFO - [2022-02-03 18:17:00,793] {dag.py:2396} INFO - Sync 1 DAGs
[2022-02-03 18:17:00,812] {logging_mixin.py:109} INFO - [2022-02-03 18:17:00,812] {dag.py:2935} INFO - Setting next_dagrun for zones_gcs_dag to 2022-02-02T00:00:00+00:00
[2022-02-03 18:17:00,823] {processor.py:171} INFO - Processing /opt/airflow/dags/zones_gcs_dag.py took 0.880 seconds
[2022-02-03 18:17:31,021] {processor.py:163} INFO - Started process (PID=1620) to work on /opt/airflow/dags/zones_gcs_dag.py
[2022-02-03 18:17:31,032] {processor.py:642} INFO - Processing file /opt/airflow/dags/zones_gcs_dag.py for tasks to queue
[2022-02-03 18:17:31,035] {logging_mixin.py:109} INFO - [2022-02-03 18:17:31,035] {dagbag.py:500} INFO - Filling up the DagBag from /opt/airflow/dags/zones_gcs_dag.py
[2022-02-03 18:17:34,340] {processor.py:654} INFO - DAG(s) dict_keys(['zones_gcs_dag']) retrieved from /opt/airflow/dags/zones_gcs_dag.py
[2022-02-03 18:17:34,365] {logging_mixin.py:109} INFO - [2022-02-03 18:17:34,365] {dag.py:2396} INFO - Sync 1 DAGs
[2022-02-03 18:17:34,417] {logging_mixin.py:109} INFO - [2022-02-03 18:17:34,417] {dag.py:2935} INFO - Setting next_dagrun for zones_gcs_dag to 2022-02-02T00:00:00+00:00
[2022-02-03 18:17:34,436] {processor.py:171} INFO - Processing /opt/airflow/dags/zones_gcs_dag.py took 3.421 seconds
[2022-02-03 18:18:04,528] {processor.py:163} INFO - Started process (PID=1655) to work on /opt/airflow/dags/zones_gcs_dag.py
[2022-02-03 18:18:04,530] {processor.py:642} INFO - Processing file /opt/airflow/dags/zones_gcs_dag.py for tasks to queue
[2022-02-03 18:18:04,531] {logging_mixin.py:109} INFO - [2022-02-03 18:18:04,531] {dagbag.py:500} INFO - Filling up the DagBag from /opt/airflow/dags/zones_gcs_dag.py
[2022-02-03 18:18:05,482] {processor.py:654} INFO - DAG(s) dict_keys(['zones_gcs_dag']) retrieved from /opt/airflow/dags/zones_gcs_dag.py
[2022-02-03 18:18:05,491] {logging_mixin.py:109} INFO - [2022-02-03 18:18:05,491] {dag.py:2396} INFO - Sync 1 DAGs
[2022-02-03 18:18:05,509] {logging_mixin.py:109} INFO - [2022-02-03 18:18:05,509] {dag.py:2935} INFO - Setting next_dagrun for zones_gcs_dag to 2022-02-02T00:00:00+00:00
[2022-02-03 18:18:05,519] {processor.py:171} INFO - Processing /opt/airflow/dags/zones_gcs_dag.py took 0.994 seconds
[2022-02-03 18:18:36,500] {processor.py:163} INFO - Started process (PID=1688) to work on /opt/airflow/dags/zones_gcs_dag.py
[2022-02-03 18:18:36,508] {processor.py:642} INFO - Processing file /opt/airflow/dags/zones_gcs_dag.py for tasks to queue
[2022-02-03 18:18:36,509] {logging_mixin.py:109} INFO - [2022-02-03 18:18:36,508] {dagbag.py:500} INFO - Filling up the DagBag from /opt/airflow/dags/zones_gcs_dag.py
[2022-02-03 18:18:37,757] {processor.py:654} INFO - DAG(s) dict_keys(['zones_gcs_dag']) retrieved from /opt/airflow/dags/zones_gcs_dag.py
[2022-02-03 18:18:37,770] {logging_mixin.py:109} INFO - [2022-02-03 18:18:37,770] {dag.py:2396} INFO - Sync 1 DAGs
[2022-02-03 18:18:37,797] {logging_mixin.py:109} INFO - [2022-02-03 18:18:37,797] {dag.py:2935} INFO - Setting next_dagrun for zones_gcs_dag to 2022-02-02T00:00:00+00:00
[2022-02-03 18:18:37,816] {processor.py:171} INFO - Processing /opt/airflow/dags/zones_gcs_dag.py took 1.325 seconds
[2022-02-03 18:19:07,991] {processor.py:163} INFO - Started process (PID=1729) to work on /opt/airflow/dags/zones_gcs_dag.py
[2022-02-03 18:19:08,004] {processor.py:642} INFO - Processing file /opt/airflow/dags/zones_gcs_dag.py for tasks to queue
[2022-02-03 18:19:08,005] {logging_mixin.py:109} INFO - [2022-02-03 18:19:08,005] {dagbag.py:500} INFO - Filling up the DagBag from /opt/airflow/dags/zones_gcs_dag.py
[2022-02-03 18:19:09,217] {processor.py:654} INFO - DAG(s) dict_keys(['zones_gcs_dag']) retrieved from /opt/airflow/dags/zones_gcs_dag.py
[2022-02-03 18:19:09,230] {logging_mixin.py:109} INFO - [2022-02-03 18:19:09,230] {dag.py:2396} INFO - Sync 1 DAGs
[2022-02-03 18:19:09,275] {logging_mixin.py:109} INFO - [2022-02-03 18:19:09,275] {dag.py:2935} INFO - Setting next_dagrun for zones_gcs_dag to 2022-02-02T00:00:00+00:00
[2022-02-03 18:19:09,296] {processor.py:171} INFO - Processing /opt/airflow/dags/zones_gcs_dag.py took 1.308 seconds
[2022-02-03 18:19:39,929] {processor.py:163} INFO - Started process (PID=1768) to work on /opt/airflow/dags/zones_gcs_dag.py
[2022-02-03 18:19:39,931] {processor.py:642} INFO - Processing file /opt/airflow/dags/zones_gcs_dag.py for tasks to queue
[2022-02-03 18:19:39,932] {logging_mixin.py:109} INFO - [2022-02-03 18:19:39,932] {dagbag.py:500} INFO - Filling up the DagBag from /opt/airflow/dags/zones_gcs_dag.py
[2022-02-03 18:19:41,011] {processor.py:654} INFO - DAG(s) dict_keys(['zones_gcs_dag']) retrieved from /opt/airflow/dags/zones_gcs_dag.py
[2022-02-03 18:19:41,021] {logging_mixin.py:109} INFO - [2022-02-03 18:19:41,020] {dag.py:2396} INFO - Sync 1 DAGs
[2022-02-03 18:19:41,047] {logging_mixin.py:109} INFO - [2022-02-03 18:19:41,046] {dag.py:2935} INFO - Setting next_dagrun for zones_gcs_dag to 2022-02-02T00:00:00+00:00
[2022-02-03 18:19:41,057] {processor.py:171} INFO - Processing /opt/airflow/dags/zones_gcs_dag.py took 1.139 seconds
[2022-02-03 18:20:11,952] {processor.py:163} INFO - Started process (PID=1802) to work on /opt/airflow/dags/zones_gcs_dag.py
[2022-02-03 18:20:11,956] {processor.py:642} INFO - Processing file /opt/airflow/dags/zones_gcs_dag.py for tasks to queue
[2022-02-03 18:20:11,957] {logging_mixin.py:109} INFO - [2022-02-03 18:20:11,957] {dagbag.py:500} INFO - Filling up the DagBag from /opt/airflow/dags/zones_gcs_dag.py
[2022-02-03 18:20:12,730] {processor.py:654} INFO - DAG(s) dict_keys(['zones_gcs_dag']) retrieved from /opt/airflow/dags/zones_gcs_dag.py
[2022-02-03 18:20:12,739] {logging_mixin.py:109} INFO - [2022-02-03 18:20:12,739] {dag.py:2396} INFO - Sync 1 DAGs
[2022-02-03 18:20:12,755] {logging_mixin.py:109} INFO - [2022-02-03 18:20:12,755] {dag.py:2935} INFO - Setting next_dagrun for zones_gcs_dag to 2022-02-02T00:00:00+00:00
[2022-02-03 18:20:12,766] {processor.py:171} INFO - Processing /opt/airflow/dags/zones_gcs_dag.py took 0.821 seconds
[2022-02-03 18:20:42,923] {processor.py:163} INFO - Started process (PID=1847) to work on /opt/airflow/dags/zones_gcs_dag.py
[2022-02-03 18:20:42,925] {processor.py:642} INFO - Processing file /opt/airflow/dags/zones_gcs_dag.py for tasks to queue
[2022-02-03 18:20:42,926] {logging_mixin.py:109} INFO - [2022-02-03 18:20:42,925] {dagbag.py:500} INFO - Filling up the DagBag from /opt/airflow/dags/zones_gcs_dag.py
[2022-02-03 18:20:43,785] {processor.py:654} INFO - DAG(s) dict_keys(['zones_gcs_dag']) retrieved from /opt/airflow/dags/zones_gcs_dag.py
[2022-02-03 18:20:43,794] {logging_mixin.py:109} INFO - [2022-02-03 18:20:43,793] {dag.py:2396} INFO - Sync 1 DAGs
[2022-02-03 18:20:43,810] {logging_mixin.py:109} INFO - [2022-02-03 18:20:43,810] {dag.py:2935} INFO - Setting next_dagrun for zones_gcs_dag to 2022-02-02T00:00:00+00:00
[2022-02-03 18:20:43,820] {processor.py:171} INFO - Processing /opt/airflow/dags/zones_gcs_dag.py took 0.899 seconds
[2022-02-03 18:21:13,910] {processor.py:163} INFO - Started process (PID=1881) to work on /opt/airflow/dags/zones_gcs_dag.py
[2022-02-03 18:21:13,912] {processor.py:642} INFO - Processing file /opt/airflow/dags/zones_gcs_dag.py for tasks to queue
[2022-02-03 18:21:13,913] {logging_mixin.py:109} INFO - [2022-02-03 18:21:13,913] {dagbag.py:500} INFO - Filling up the DagBag from /opt/airflow/dags/zones_gcs_dag.py
[2022-02-03 18:21:14,680] {processor.py:654} INFO - DAG(s) dict_keys(['zones_gcs_dag']) retrieved from /opt/airflow/dags/zones_gcs_dag.py
[2022-02-03 18:21:14,688] {logging_mixin.py:109} INFO - [2022-02-03 18:21:14,688] {dag.py:2396} INFO - Sync 1 DAGs
[2022-02-03 18:21:14,704] {logging_mixin.py:109} INFO - [2022-02-03 18:21:14,704] {dag.py:2935} INFO - Setting next_dagrun for zones_gcs_dag to 2022-02-02T00:00:00+00:00
[2022-02-03 18:21:14,713] {processor.py:171} INFO - Processing /opt/airflow/dags/zones_gcs_dag.py took 0.806 seconds
[2022-02-03 18:21:44,806] {processor.py:163} INFO - Started process (PID=1924) to work on /opt/airflow/dags/zones_gcs_dag.py
[2022-02-03 18:21:44,807] {processor.py:642} INFO - Processing file /opt/airflow/dags/zones_gcs_dag.py for tasks to queue
[2022-02-03 18:21:44,808] {logging_mixin.py:109} INFO - [2022-02-03 18:21:44,808] {dagbag.py:500} INFO - Filling up the DagBag from /opt/airflow/dags/zones_gcs_dag.py
[2022-02-03 18:21:45,652] {processor.py:654} INFO - DAG(s) dict_keys(['zones_gcs_dag']) retrieved from /opt/airflow/dags/zones_gcs_dag.py
[2022-02-03 18:21:45,665] {logging_mixin.py:109} INFO - [2022-02-03 18:21:45,664] {dag.py:2396} INFO - Sync 1 DAGs
[2022-02-03 18:21:45,688] {logging_mixin.py:109} INFO - [2022-02-03 18:21:45,688] {dag.py:2935} INFO - Setting next_dagrun for zones_gcs_dag to 2022-02-02T00:00:00+00:00
[2022-02-03 18:21:45,700] {processor.py:171} INFO - Processing /opt/airflow/dags/zones_gcs_dag.py took 0.897 seconds
[2022-02-03 18:22:16,379] {processor.py:163} INFO - Started process (PID=1957) to work on /opt/airflow/dags/zones_gcs_dag.py
[2022-02-03 18:22:16,381] {processor.py:642} INFO - Processing file /opt/airflow/dags/zones_gcs_dag.py for tasks to queue
[2022-02-03 18:22:16,381] {logging_mixin.py:109} INFO - [2022-02-03 18:22:16,381] {dagbag.py:500} INFO - Filling up the DagBag from /opt/airflow/dags/zones_gcs_dag.py
[2022-02-03 18:22:17,133] {processor.py:654} INFO - DAG(s) dict_keys(['zones_gcs_dag']) retrieved from /opt/airflow/dags/zones_gcs_dag.py
[2022-02-03 18:22:17,142] {logging_mixin.py:109} INFO - [2022-02-03 18:22:17,142] {dag.py:2396} INFO - Sync 1 DAGs
[2022-02-03 18:22:17,159] {logging_mixin.py:109} INFO - [2022-02-03 18:22:17,159] {dag.py:2935} INFO - Setting next_dagrun for zones_gcs_dag to 2022-02-02T00:00:00+00:00
[2022-02-03 18:22:17,169] {processor.py:171} INFO - Processing /opt/airflow/dags/zones_gcs_dag.py took 0.793 seconds
[2022-02-03 18:22:47,285] {processor.py:163} INFO - Started process (PID=2001) to work on /opt/airflow/dags/zones_gcs_dag.py
[2022-02-03 18:22:47,287] {processor.py:642} INFO - Processing file /opt/airflow/dags/zones_gcs_dag.py for tasks to queue
[2022-02-03 18:22:47,288] {logging_mixin.py:109} INFO - [2022-02-03 18:22:47,288] {dagbag.py:500} INFO - Filling up the DagBag from /opt/airflow/dags/zones_gcs_dag.py
[2022-02-03 18:22:48,245] {processor.py:654} INFO - DAG(s) dict_keys(['zones_gcs_dag']) retrieved from /opt/airflow/dags/zones_gcs_dag.py
[2022-02-03 18:22:48,254] {logging_mixin.py:109} INFO - [2022-02-03 18:22:48,254] {dag.py:2396} INFO - Sync 1 DAGs
[2022-02-03 18:22:48,270] {logging_mixin.py:109} INFO - [2022-02-03 18:22:48,270] {dag.py:2935} INFO - Setting next_dagrun for zones_gcs_dag to 2022-02-02T00:00:00+00:00
[2022-02-03 18:22:48,279] {processor.py:171} INFO - Processing /opt/airflow/dags/zones_gcs_dag.py took 0.997 seconds
[2022-02-03 18:23:18,422] {processor.py:163} INFO - Started process (PID=2037) to work on /opt/airflow/dags/zones_gcs_dag.py
[2022-02-03 18:23:18,428] {processor.py:642} INFO - Processing file /opt/airflow/dags/zones_gcs_dag.py for tasks to queue
[2022-02-03 18:23:18,429] {logging_mixin.py:109} INFO - [2022-02-03 18:23:18,429] {dagbag.py:500} INFO - Filling up the DagBag from /opt/airflow/dags/zones_gcs_dag.py
[2022-02-03 18:23:19,203] {processor.py:654} INFO - DAG(s) dict_keys(['zones_gcs_dag']) retrieved from /opt/airflow/dags/zones_gcs_dag.py
[2022-02-03 18:23:19,224] {logging_mixin.py:109} INFO - [2022-02-03 18:23:19,223] {dag.py:2396} INFO - Sync 1 DAGs
[2022-02-03 18:23:19,246] {logging_mixin.py:109} INFO - [2022-02-03 18:23:19,246] {dag.py:2935} INFO - Setting next_dagrun for zones_gcs_dag to 2022-02-02T00:00:00+00:00
[2022-02-03 18:23:19,257] {processor.py:171} INFO - Processing /opt/airflow/dags/zones_gcs_dag.py took 0.838 seconds
[2022-02-03 18:23:50,041] {processor.py:163} INFO - Started process (PID=2070) to work on /opt/airflow/dags/zones_gcs_dag.py
[2022-02-03 18:23:50,045] {processor.py:642} INFO - Processing file /opt/airflow/dags/zones_gcs_dag.py for tasks to queue
[2022-02-03 18:23:50,046] {logging_mixin.py:109} INFO - [2022-02-03 18:23:50,046] {dagbag.py:500} INFO - Filling up the DagBag from /opt/airflow/dags/zones_gcs_dag.py
[2022-02-03 18:23:50,830] {processor.py:654} INFO - DAG(s) dict_keys(['zones_gcs_dag']) retrieved from /opt/airflow/dags/zones_gcs_dag.py
[2022-02-03 18:23:50,838] {logging_mixin.py:109} INFO - [2022-02-03 18:23:50,838] {dag.py:2396} INFO - Sync 1 DAGs
[2022-02-03 18:23:50,855] {logging_mixin.py:109} INFO - [2022-02-03 18:23:50,855] {dag.py:2935} INFO - Setting next_dagrun for zones_gcs_dag to 2022-02-02T00:00:00+00:00
[2022-02-03 18:23:50,864] {processor.py:171} INFO - Processing /opt/airflow/dags/zones_gcs_dag.py took 0.831 seconds
[2022-02-03 18:24:21,104] {processor.py:163} INFO - Started process (PID=2115) to work on /opt/airflow/dags/zones_gcs_dag.py
[2022-02-03 18:24:21,106] {processor.py:642} INFO - Processing file /opt/airflow/dags/zones_gcs_dag.py for tasks to queue
[2022-02-03 18:24:21,107] {logging_mixin.py:109} INFO - [2022-02-03 18:24:21,107] {dagbag.py:500} INFO - Filling up the DagBag from /opt/airflow/dags/zones_gcs_dag.py
[2022-02-03 18:24:22,177] {processor.py:654} INFO - DAG(s) dict_keys(['zones_gcs_dag']) retrieved from /opt/airflow/dags/zones_gcs_dag.py
[2022-02-03 18:24:22,189] {logging_mixin.py:109} INFO - [2022-02-03 18:24:22,189] {dag.py:2396} INFO - Sync 1 DAGs
[2022-02-03 18:24:22,212] {logging_mixin.py:109} INFO - [2022-02-03 18:24:22,212] {dag.py:2935} INFO - Setting next_dagrun for zones_gcs_dag to 2022-02-02T00:00:00+00:00
[2022-02-03 18:24:22,223] {processor.py:171} INFO - Processing /opt/airflow/dags/zones_gcs_dag.py took 1.123 seconds
[2022-02-03 18:24:52,648] {processor.py:163} INFO - Started process (PID=2149) to work on /opt/airflow/dags/zones_gcs_dag.py
[2022-02-03 18:24:52,659] {processor.py:642} INFO - Processing file /opt/airflow/dags/zones_gcs_dag.py for tasks to queue
[2022-02-03 18:24:52,659] {logging_mixin.py:109} INFO - [2022-02-03 18:24:52,659] {dagbag.py:500} INFO - Filling up the DagBag from /opt/airflow/dags/zones_gcs_dag.py
[2022-02-03 18:24:53,473] {processor.py:654} INFO - DAG(s) dict_keys(['zones_gcs_dag']) retrieved from /opt/airflow/dags/zones_gcs_dag.py
[2022-02-03 18:24:53,482] {logging_mixin.py:109} INFO - [2022-02-03 18:24:53,482] {dag.py:2396} INFO - Sync 1 DAGs
[2022-02-03 18:24:53,498] {logging_mixin.py:109} INFO - [2022-02-03 18:24:53,498] {dag.py:2935} INFO - Setting next_dagrun for zones_gcs_dag to 2022-02-02T00:00:00+00:00
[2022-02-03 18:24:53,509] {processor.py:171} INFO - Processing /opt/airflow/dags/zones_gcs_dag.py took 0.866 seconds
