[2022-01-30 17:37:28,660] {taskinstance.py:1032} INFO - Dependencies all met for <TaskInstance: data_ingestion_gcs_dag.format_to_parquet_task manual__2022-01-30T17:31:07.380522+00:00 [queued]>
[2022-01-30 17:37:28,678] {taskinstance.py:1032} INFO - Dependencies all met for <TaskInstance: data_ingestion_gcs_dag.format_to_parquet_task manual__2022-01-30T17:31:07.380522+00:00 [queued]>
[2022-01-30 17:37:28,678] {taskinstance.py:1238} INFO - 
--------------------------------------------------------------------------------
[2022-01-30 17:37:28,678] {taskinstance.py:1239} INFO - Starting attempt 1 of 2
[2022-01-30 17:37:28,678] {taskinstance.py:1240} INFO - 
--------------------------------------------------------------------------------
[2022-01-30 17:37:28,704] {taskinstance.py:1259} INFO - Executing <Task(PythonOperator): format_to_parquet_task> on 2022-01-30 17:31:07.380522+00:00
[2022-01-30 17:37:28,713] {standard_task_runner.py:52} INFO - Started process 478 to run task
[2022-01-30 17:37:28,726] {standard_task_runner.py:76} INFO - Running: ['***', 'tasks', 'run', 'data_ingestion_gcs_dag', 'format_to_parquet_task', 'manual__2022-01-30T17:31:07.380522+00:00', '--job-id', '9', '--raw', '--subdir', 'DAGS_FOLDER/data_ingestion_gcs_dag.py', '--cfg-path', '/tmp/tmpflnd1tcf', '--error-file', '/tmp/tmpjr0x1ru4']
[2022-01-30 17:37:28,727] {standard_task_runner.py:77} INFO - Job 9: Subtask format_to_parquet_task
[2022-01-30 17:37:28,854] {logging_mixin.py:109} INFO - Running <TaskInstance: data_ingestion_gcs_dag.format_to_parquet_task manual__2022-01-30T17:31:07.380522+00:00 [running]> on host 4d230e568692
[2022-01-30 17:37:28,964] {taskinstance.py:1426} INFO - Exporting the following env vars:
AIRFLOW_CTX_DAG_OWNER=***
AIRFLOW_CTX_DAG_ID=data_ingestion_gcs_dag
AIRFLOW_CTX_TASK_ID=format_to_parquet_task
AIRFLOW_CTX_EXECUTION_DATE=2022-01-30T17:31:07.380522+00:00
AIRFLOW_CTX_DAG_RUN_ID=manual__2022-01-30T17:31:07.380522+00:00
[2022-01-30 17:37:32,405] {python.py:175} INFO - Done. Returned value was: None
[2022-01-30 17:37:32,446] {taskinstance.py:1277} INFO - Marking task as SUCCESS. dag_id=data_ingestion_gcs_dag, task_id=format_to_parquet_task, execution_date=20220130T173107, start_date=20220130T173728, end_date=20220130T173732
[2022-01-30 17:37:32,567] {local_task_job.py:154} INFO - Task exited with return code 0
[2022-01-30 17:37:32,644] {local_task_job.py:264} INFO - 1 downstream tasks scheduled from follow-on schedule check
