[2022-02-09 20:33:21,500] {taskinstance.py:1032} INFO - Dependencies all met for <TaskInstance: green_taxi_gcs_dag.format_to_parquet_task scheduled__2019-09-02T00:00:00+00:00 [queued]>
[2022-02-09 20:33:21,525] {taskinstance.py:1032} INFO - Dependencies all met for <TaskInstance: green_taxi_gcs_dag.format_to_parquet_task scheduled__2019-09-02T00:00:00+00:00 [queued]>
[2022-02-09 20:33:21,525] {taskinstance.py:1238} INFO - 
--------------------------------------------------------------------------------
[2022-02-09 20:33:21,525] {taskinstance.py:1239} INFO - Starting attempt 1 of 2
[2022-02-09 20:33:21,525] {taskinstance.py:1240} INFO - 
--------------------------------------------------------------------------------
[2022-02-09 20:33:21,562] {taskinstance.py:1259} INFO - Executing <Task(PythonOperator): format_to_parquet_task> on 2019-09-02 00:00:00+00:00
[2022-02-09 20:33:21,586] {standard_task_runner.py:52} INFO - Started process 323 to run task
[2022-02-09 20:33:21,613] {standard_task_runner.py:76} INFO - Running: ['***', 'tasks', 'run', 'green_taxi_gcs_dag', 'format_to_parquet_task', 'scheduled__2019-09-02T00:00:00+00:00', '--job-id', '50', '--raw', '--subdir', 'DAGS_FOLDER/green_gcs_dag.py', '--cfg-path', '/tmp/tmp96w5shii', '--error-file', '/tmp/tmpvixvfr2e']
[2022-02-09 20:33:21,615] {standard_task_runner.py:77} INFO - Job 50: Subtask format_to_parquet_task
[2022-02-09 20:33:22,005] {logging_mixin.py:109} INFO - Running <TaskInstance: green_taxi_gcs_dag.format_to_parquet_task scheduled__2019-09-02T00:00:00+00:00 [running]> on host 4f97b6b16bdb
[2022-02-09 20:33:22,210] {warnings.py:110} WARNING - /home/***/.local/lib/python3.7/site-packages/***/utils/context.py:152: AirflowContextDeprecationWarning: Accessing 'execution_date' from the template is deprecated and will be removed in a future version. Please use 'data_interval_start' or 'logical_date' instead.
  warnings.warn(_create_deprecation_warning(key, self._deprecation_replacements[key]))

[2022-02-09 20:33:22,296] {taskinstance.py:1426} INFO - Exporting the following env vars:
AIRFLOW_CTX_DAG_OWNER=***
AIRFLOW_CTX_DAG_ID=green_taxi_gcs_dag
AIRFLOW_CTX_TASK_ID=format_to_parquet_task
AIRFLOW_CTX_EXECUTION_DATE=2019-09-02T00:00:00+00:00
AIRFLOW_CTX_DAG_RUN_ID=scheduled__2019-09-02T00:00:00+00:00
[2022-02-09 20:33:24,419] {python.py:175} INFO - Done. Returned value was: None
[2022-02-09 20:33:24,449] {taskinstance.py:1277} INFO - Marking task as SUCCESS. dag_id=green_taxi_gcs_dag, task_id=format_to_parquet_task, execution_date=20190902T000000, start_date=20220209T203321, end_date=20220209T203324
[2022-02-09 20:33:24,564] {local_task_job.py:154} INFO - Task exited with return code 0
[2022-02-09 20:33:24,684] {local_task_job.py:264} INFO - 1 downstream tasks scheduled from follow-on schedule check
[2022-02-09 20:44:38,071] {taskinstance.py:1032} INFO - Dependencies all met for <TaskInstance: green_taxi_gcs_dag.format_to_parquet_task scheduled__2019-09-02T00:00:00+00:00 [queued]>
[2022-02-09 20:44:38,103] {taskinstance.py:1032} INFO - Dependencies all met for <TaskInstance: green_taxi_gcs_dag.format_to_parquet_task scheduled__2019-09-02T00:00:00+00:00 [queued]>
[2022-02-09 20:44:38,103] {taskinstance.py:1238} INFO - 
--------------------------------------------------------------------------------
[2022-02-09 20:44:38,103] {taskinstance.py:1239} INFO - Starting attempt 1 of 2
[2022-02-09 20:44:38,103] {taskinstance.py:1240} INFO - 
--------------------------------------------------------------------------------
[2022-02-09 20:44:38,126] {taskinstance.py:1259} INFO - Executing <Task(PythonOperator): format_to_parquet_task> on 2019-09-02 00:00:00+00:00
[2022-02-09 20:44:38,136] {standard_task_runner.py:52} INFO - Started process 781 to run task
[2022-02-09 20:44:38,145] {standard_task_runner.py:76} INFO - Running: ['***', 'tasks', 'run', 'green_taxi_gcs_dag', 'format_to_parquet_task', 'scheduled__2019-09-02T00:00:00+00:00', '--job-id', '149', '--raw', '--subdir', 'DAGS_FOLDER/green_gcs_dag.py', '--cfg-path', '/tmp/tmph56st2yc', '--error-file', '/tmp/tmpxyrn7fr4']
[2022-02-09 20:44:38,146] {standard_task_runner.py:77} INFO - Job 149: Subtask format_to_parquet_task
[2022-02-09 20:44:38,285] {logging_mixin.py:109} INFO - Running <TaskInstance: green_taxi_gcs_dag.format_to_parquet_task scheduled__2019-09-02T00:00:00+00:00 [running]> on host 4f97b6b16bdb
[2022-02-09 20:44:38,397] {warnings.py:110} WARNING - /home/***/.local/lib/python3.7/site-packages/***/utils/context.py:152: AirflowContextDeprecationWarning: Accessing 'execution_date' from the template is deprecated and will be removed in a future version. Please use 'data_interval_start' or 'logical_date' instead.
  warnings.warn(_create_deprecation_warning(key, self._deprecation_replacements[key]))

[2022-02-09 20:44:38,443] {taskinstance.py:1426} INFO - Exporting the following env vars:
AIRFLOW_CTX_DAG_OWNER=***
AIRFLOW_CTX_DAG_ID=green_taxi_gcs_dag
AIRFLOW_CTX_TASK_ID=format_to_parquet_task
AIRFLOW_CTX_EXECUTION_DATE=2019-09-02T00:00:00+00:00
AIRFLOW_CTX_DAG_RUN_ID=scheduled__2019-09-02T00:00:00+00:00
[2022-02-09 20:44:39,880] {python.py:175} INFO - Done. Returned value was: None
[2022-02-09 20:44:39,921] {taskinstance.py:1277} INFO - Marking task as SUCCESS. dag_id=green_taxi_gcs_dag, task_id=format_to_parquet_task, execution_date=20190902T000000, start_date=20220209T204438, end_date=20220209T204439
[2022-02-09 20:44:40,102] {local_task_job.py:154} INFO - Task exited with return code 0
[2022-02-09 20:44:40,197] {local_task_job.py:264} INFO - 1 downstream tasks scheduled from follow-on schedule check
[2022-02-20 00:06:49,667] {taskinstance.py:1032} INFO - Dependencies all met for <TaskInstance: green_taxi_gcs_dag.format_to_parquet_task scheduled__2019-09-02T00:00:00+00:00 [queued]>
[2022-02-20 00:06:49,684] {taskinstance.py:1032} INFO - Dependencies all met for <TaskInstance: green_taxi_gcs_dag.format_to_parquet_task scheduled__2019-09-02T00:00:00+00:00 [queued]>
[2022-02-20 00:06:49,684] {taskinstance.py:1238} INFO - 
--------------------------------------------------------------------------------
[2022-02-20 00:06:49,684] {taskinstance.py:1239} INFO - Starting attempt 1 of 2
[2022-02-20 00:06:49,684] {taskinstance.py:1240} INFO - 
--------------------------------------------------------------------------------
[2022-02-20 00:06:49,701] {taskinstance.py:1259} INFO - Executing <Task(PythonOperator): format_to_parquet_task> on 2019-09-02 00:00:00+00:00
[2022-02-20 00:06:49,707] {standard_task_runner.py:52} INFO - Started process 735 to run task
[2022-02-20 00:06:49,711] {standard_task_runner.py:76} INFO - Running: ['***', 'tasks', 'run', 'green_taxi_gcs_dag', 'format_to_parquet_task', 'scheduled__2019-09-02T00:00:00+00:00', '--job-id', '341', '--raw', '--subdir', 'DAGS_FOLDER/green_gcs_dag.py', '--cfg-path', '/tmp/tmpt6e59e3d', '--error-file', '/tmp/tmpq0ogharv']
[2022-02-20 00:06:49,713] {standard_task_runner.py:77} INFO - Job 341: Subtask format_to_parquet_task
[2022-02-20 00:06:49,784] {logging_mixin.py:109} INFO - Running <TaskInstance: green_taxi_gcs_dag.format_to_parquet_task scheduled__2019-09-02T00:00:00+00:00 [running]> on host da07aa254901
[2022-02-20 00:06:49,839] {warnings.py:110} WARNING - /home/***/.local/lib/python3.7/site-packages/***/utils/context.py:152: AirflowContextDeprecationWarning: Accessing 'execution_date' from the template is deprecated and will be removed in a future version. Please use 'data_interval_start' or 'logical_date' instead.
  warnings.warn(_create_deprecation_warning(key, self._deprecation_replacements[key]))

[2022-02-20 00:06:49,861] {taskinstance.py:1426} INFO - Exporting the following env vars:
AIRFLOW_CTX_DAG_OWNER=***
AIRFLOW_CTX_DAG_ID=green_taxi_gcs_dag
AIRFLOW_CTX_TASK_ID=format_to_parquet_task
AIRFLOW_CTX_EXECUTION_DATE=2019-09-02T00:00:00+00:00
AIRFLOW_CTX_DAG_RUN_ID=scheduled__2019-09-02T00:00:00+00:00
[2022-02-20 00:06:50,590] {python.py:175} INFO - Done. Returned value was: None
[2022-02-20 00:06:50,606] {taskinstance.py:1277} INFO - Marking task as SUCCESS. dag_id=green_taxi_gcs_dag, task_id=format_to_parquet_task, execution_date=20190902T000000, start_date=20220220T000649, end_date=20220220T000650
[2022-02-20 00:06:50,686] {local_task_job.py:154} INFO - Task exited with return code 0
[2022-02-20 00:06:50,738] {local_task_job.py:264} INFO - 1 downstream tasks scheduled from follow-on schedule check
[2022-02-20 02:00:21,133] {taskinstance.py:1032} INFO - Dependencies all met for <TaskInstance: green_taxi_gcs_dag.format_to_parquet_task scheduled__2019-09-02T00:00:00+00:00 [queued]>
[2022-02-20 02:00:21,151] {taskinstance.py:1032} INFO - Dependencies all met for <TaskInstance: green_taxi_gcs_dag.format_to_parquet_task scheduled__2019-09-02T00:00:00+00:00 [queued]>
[2022-02-20 02:00:21,151] {taskinstance.py:1238} INFO - 
--------------------------------------------------------------------------------
[2022-02-20 02:00:21,151] {taskinstance.py:1239} INFO - Starting attempt 1 of 2
[2022-02-20 02:00:21,151] {taskinstance.py:1240} INFO - 
--------------------------------------------------------------------------------
[2022-02-20 02:00:21,168] {taskinstance.py:1259} INFO - Executing <Task(PythonOperator): format_to_parquet_task> on 2019-09-02 00:00:00+00:00
[2022-02-20 02:00:21,176] {standard_task_runner.py:52} INFO - Started process 420 to run task
[2022-02-20 02:00:21,181] {standard_task_runner.py:76} INFO - Running: ['***', 'tasks', 'run', 'green_taxi_gcs_dag', 'format_to_parquet_task', 'scheduled__2019-09-02T00:00:00+00:00', '--job-id', '547', '--raw', '--subdir', 'DAGS_FOLDER/green_gcs_dag.py', '--cfg-path', '/tmp/tmpik0c_y4i', '--error-file', '/tmp/tmprecmchnp']
[2022-02-20 02:00:21,182] {standard_task_runner.py:77} INFO - Job 547: Subtask format_to_parquet_task
[2022-02-20 02:00:21,258] {logging_mixin.py:109} INFO - Running <TaskInstance: green_taxi_gcs_dag.format_to_parquet_task scheduled__2019-09-02T00:00:00+00:00 [running]> on host 5484a3a1f7c3
[2022-02-20 02:00:21,324] {warnings.py:110} WARNING - /home/***/.local/lib/python3.7/site-packages/***/utils/context.py:152: AirflowContextDeprecationWarning: Accessing 'execution_date' from the template is deprecated and will be removed in a future version. Please use 'data_interval_start' or 'logical_date' instead.
  warnings.warn(_create_deprecation_warning(key, self._deprecation_replacements[key]))

[2022-02-20 02:00:21,349] {taskinstance.py:1426} INFO - Exporting the following env vars:
AIRFLOW_CTX_DAG_OWNER=***
AIRFLOW_CTX_DAG_ID=green_taxi_gcs_dag
AIRFLOW_CTX_TASK_ID=format_to_parquet_task
AIRFLOW_CTX_EXECUTION_DATE=2019-09-02T00:00:00+00:00
AIRFLOW_CTX_DAG_RUN_ID=scheduled__2019-09-02T00:00:00+00:00
[2022-02-20 02:00:22,817] {python.py:175} INFO - Done. Returned value was: None
[2022-02-20 02:00:22,840] {taskinstance.py:1277} INFO - Marking task as SUCCESS. dag_id=green_taxi_gcs_dag, task_id=format_to_parquet_task, execution_date=20190902T000000, start_date=20220220T020021, end_date=20220220T020022
[2022-02-20 02:00:22,946] {local_task_job.py:154} INFO - Task exited with return code 0
[2022-02-20 02:00:23,032] {local_task_job.py:264} INFO - 1 downstream tasks scheduled from follow-on schedule check
