[2022-02-03 15:07:05,776] {taskinstance.py:1032} INFO - Dependencies all met for <TaskInstance: yellow_taxi_gcs_dag.download_dataset_task scheduled__2019-01-09T00:00:00+00:00 [queued]>
[2022-02-03 15:07:05,787] {taskinstance.py:1032} INFO - Dependencies all met for <TaskInstance: yellow_taxi_gcs_dag.download_dataset_task scheduled__2019-01-09T00:00:00+00:00 [queued]>
[2022-02-03 15:07:05,787] {taskinstance.py:1238} INFO - 
--------------------------------------------------------------------------------
[2022-02-03 15:07:05,788] {taskinstance.py:1239} INFO - Starting attempt 1 of 2
[2022-02-03 15:07:05,788] {taskinstance.py:1240} INFO - 
--------------------------------------------------------------------------------
[2022-02-03 15:07:05,800] {taskinstance.py:1259} INFO - Executing <Task(BashOperator): download_dataset_task> on 2019-01-09 00:00:00+00:00
[2022-02-03 15:07:05,806] {standard_task_runner.py:52} INFO - Started process 3144 to run task
[2022-02-03 15:07:05,810] {standard_task_runner.py:76} INFO - Running: ['***', 'tasks', 'run', 'yellow_taxi_gcs_dag', 'download_dataset_task', 'scheduled__2019-01-09T00:00:00+00:00', '--job-id', '135', '--raw', '--subdir', 'DAGS_FOLDER/yellow_taxi_gcs_dag.py', '--cfg-path', '/tmp/tmp18oiw8m9', '--error-file', '/tmp/tmpw7_s05m_']
[2022-02-03 15:07:05,811] {standard_task_runner.py:77} INFO - Job 135: Subtask download_dataset_task
[2022-02-03 15:07:05,869] {logging_mixin.py:109} INFO - Running <TaskInstance: yellow_taxi_gcs_dag.download_dataset_task scheduled__2019-01-09T00:00:00+00:00 [running]> on host cd3baa871297
[2022-02-03 15:07:05,912] {warnings.py:110} WARNING - /home/***/.local/lib/python3.7/site-packages/***/utils/context.py:152: AirflowContextDeprecationWarning: Accessing 'execution_date' from the template is deprecated and will be removed in a future version. Please use 'data_interval_start' or 'logical_date' instead.
  warnings.warn(_create_deprecation_warning(key, self._deprecation_replacements[key]))

[2022-02-03 15:07:05,931] {taskinstance.py:1426} INFO - Exporting the following env vars:
AIRFLOW_CTX_DAG_OWNER=***
AIRFLOW_CTX_DAG_ID=yellow_taxi_gcs_dag
AIRFLOW_CTX_TASK_ID=download_dataset_task
AIRFLOW_CTX_EXECUTION_DATE=2019-01-09T00:00:00+00:00
AIRFLOW_CTX_DAG_RUN_ID=scheduled__2019-01-09T00:00:00+00:00
[2022-02-03 15:07:05,932] {subprocess.py:62} INFO - Tmp dir root location: 
 /tmp
[2022-02-03 15:07:05,933] {subprocess.py:74} INFO - Running command: ['bash', '-c', 'echo https://s3.amazonaws.com/nyc-tlc/trip+data/yellow_tripdata_2019-01.csv -  /opt/***/output_2019-01.csv | curl -sS https://s3.amazonaws.com/nyc-tlc/trip+data/yellow_tripdata_2019-01.csv > /opt/***/output_2019-01.csv']
[2022-02-03 15:07:05,945] {subprocess.py:85} INFO - Output:
[2022-02-03 15:08:16,800] {subprocess.py:93} INFO - Command exited with return code 0
[2022-02-03 15:08:16,858] {taskinstance.py:1277} INFO - Marking task as SUCCESS. dag_id=yellow_taxi_gcs_dag, task_id=download_dataset_task, execution_date=20190109T000000, start_date=20220203T150705, end_date=20220203T150816
[2022-02-03 15:08:16,888] {local_task_job.py:154} INFO - Task exited with return code 0
[2022-02-03 15:08:16,920] {local_task_job.py:264} INFO - 0 downstream tasks scheduled from follow-on schedule check
[2022-02-03 15:36:52,707] {taskinstance.py:1032} INFO - Dependencies all met for <TaskInstance: yellow_taxi_gcs_dag.download_dataset_task scheduled__2019-01-09T00:00:00+00:00 [queued]>
[2022-02-03 15:36:52,753] {taskinstance.py:1032} INFO - Dependencies all met for <TaskInstance: yellow_taxi_gcs_dag.download_dataset_task scheduled__2019-01-09T00:00:00+00:00 [queued]>
[2022-02-03 15:36:52,754] {taskinstance.py:1238} INFO - 
--------------------------------------------------------------------------------
[2022-02-03 15:36:52,754] {taskinstance.py:1239} INFO - Starting attempt 1 of 2
[2022-02-03 15:36:52,754] {taskinstance.py:1240} INFO - 
--------------------------------------------------------------------------------
[2022-02-03 15:36:52,785] {taskinstance.py:1259} INFO - Executing <Task(BashOperator): download_dataset_task> on 2019-01-09 00:00:00+00:00
[2022-02-03 15:36:52,792] {standard_task_runner.py:52} INFO - Started process 4544 to run task
[2022-02-03 15:36:52,801] {standard_task_runner.py:76} INFO - Running: ['***', 'tasks', 'run', 'yellow_taxi_gcs_dag', 'download_dataset_task', 'scheduled__2019-01-09T00:00:00+00:00', '--job-id', '168', '--raw', '--subdir', 'DAGS_FOLDER/yellow_taxi_gcs_dag.py', '--cfg-path', '/tmp/tmps43kqrnb', '--error-file', '/tmp/tmp2vypbwx_']
[2022-02-03 15:36:52,803] {standard_task_runner.py:77} INFO - Job 168: Subtask download_dataset_task
[2022-02-03 15:36:52,909] {logging_mixin.py:109} INFO - Running <TaskInstance: yellow_taxi_gcs_dag.download_dataset_task scheduled__2019-01-09T00:00:00+00:00 [running]> on host cd3baa871297
[2022-02-03 15:36:52,974] {warnings.py:110} WARNING - /home/***/.local/lib/python3.7/site-packages/***/utils/context.py:152: AirflowContextDeprecationWarning: Accessing 'execution_date' from the template is deprecated and will be removed in a future version. Please use 'data_interval_start' or 'logical_date' instead.
  warnings.warn(_create_deprecation_warning(key, self._deprecation_replacements[key]))

[2022-02-03 15:36:53,011] {taskinstance.py:1426} INFO - Exporting the following env vars:
AIRFLOW_CTX_DAG_OWNER=***
AIRFLOW_CTX_DAG_ID=yellow_taxi_gcs_dag
AIRFLOW_CTX_TASK_ID=download_dataset_task
AIRFLOW_CTX_EXECUTION_DATE=2019-01-09T00:00:00+00:00
AIRFLOW_CTX_DAG_RUN_ID=scheduled__2019-01-09T00:00:00+00:00
[2022-02-03 15:36:53,012] {subprocess.py:62} INFO - Tmp dir root location: 
 /tmp
[2022-02-03 15:36:53,013] {subprocess.py:74} INFO - Running command: ['bash', '-c', 'echo https://s3.amazonaws.com/nyc-tlc/trip+data/yellow_tripdata_2019-01.csv -  /opt/***/output_2019-01.csv']
[2022-02-03 15:36:53,034] {subprocess.py:85} INFO - Output:
[2022-02-03 15:36:53,035] {subprocess.py:89} INFO - https://s3.amazonaws.com/nyc-tlc/trip+data/yellow_tripdata_2019-01.csv - /opt/***/output_2019-01.csv
[2022-02-03 15:36:53,036] {subprocess.py:93} INFO - Command exited with return code 0
[2022-02-03 15:36:53,073] {taskinstance.py:1277} INFO - Marking task as SUCCESS. dag_id=yellow_taxi_gcs_dag, task_id=download_dataset_task, execution_date=20190109T000000, start_date=20220203T153652, end_date=20220203T153653
[2022-02-03 15:36:53,129] {local_task_job.py:154} INFO - Task exited with return code 0
[2022-02-03 15:36:53,172] {local_task_job.py:264} INFO - 0 downstream tasks scheduled from follow-on schedule check
