[2022-02-03 18:17:52,990] {taskinstance.py:1032} INFO - Dependencies all met for <TaskInstance: fhv_gcs_dag.download_dataset_task scheduled__2019-07-02T00:00:00+00:00 [queued]>
[2022-02-03 18:17:53,002] {taskinstance.py:1032} INFO - Dependencies all met for <TaskInstance: fhv_gcs_dag.download_dataset_task scheduled__2019-07-02T00:00:00+00:00 [queued]>
[2022-02-03 18:17:53,002] {taskinstance.py:1238} INFO - 
--------------------------------------------------------------------------------
[2022-02-03 18:17:53,002] {taskinstance.py:1239} INFO - Starting attempt 1 of 2
[2022-02-03 18:17:53,002] {taskinstance.py:1240} INFO - 
--------------------------------------------------------------------------------
[2022-02-03 18:17:53,015] {taskinstance.py:1259} INFO - Executing <Task(BashOperator): download_dataset_task> on 2019-07-02 00:00:00+00:00
[2022-02-03 18:17:53,021] {standard_task_runner.py:52} INFO - Started process 1119 to run task
[2022-02-03 18:17:53,025] {standard_task_runner.py:76} INFO - Running: ['***', 'tasks', 'run', 'fhv_gcs_dag', 'download_dataset_task', 'scheduled__2019-07-02T00:00:00+00:00', '--job-id', '172', '--raw', '--subdir', 'DAGS_FOLDER/fhv_gcs_dag.py', '--cfg-path', '/tmp/tmpgaq52dr5', '--error-file', '/tmp/tmpis4hpy9z']
[2022-02-03 18:17:53,026] {standard_task_runner.py:77} INFO - Job 172: Subtask download_dataset_task
[2022-02-03 18:17:53,085] {logging_mixin.py:109} INFO - Running <TaskInstance: fhv_gcs_dag.download_dataset_task scheduled__2019-07-02T00:00:00+00:00 [running]> on host bd2f56b76e32
[2022-02-03 18:17:53,131] {warnings.py:110} WARNING - /home/***/.local/lib/python3.7/site-packages/***/utils/context.py:152: AirflowContextDeprecationWarning: Accessing 'execution_date' from the template is deprecated and will be removed in a future version. Please use 'data_interval_start' or 'logical_date' instead.
  warnings.warn(_create_deprecation_warning(key, self._deprecation_replacements[key]))

[2022-02-03 18:17:53,154] {taskinstance.py:1426} INFO - Exporting the following env vars:
AIRFLOW_CTX_DAG_OWNER=***
AIRFLOW_CTX_DAG_ID=fhv_gcs_dag
AIRFLOW_CTX_TASK_ID=download_dataset_task
AIRFLOW_CTX_EXECUTION_DATE=2019-07-02T00:00:00+00:00
AIRFLOW_CTX_DAG_RUN_ID=scheduled__2019-07-02T00:00:00+00:00
[2022-02-03 18:17:53,155] {subprocess.py:62} INFO - Tmp dir root location: 
 /tmp
[2022-02-03 18:17:53,156] {subprocess.py:74} INFO - Running command: ['bash', '-c', 'curl -sS https://nyc-tlc.s3.amazonaws.com/trip+data/fhv_tripdata_2019-07.csv > /opt/***/output_2019-07.csv']
[2022-02-03 18:17:53,179] {subprocess.py:85} INFO - Output:
[2022-02-03 18:18:06,652] {subprocess.py:93} INFO - Command exited with return code 0
[2022-02-03 18:18:06,690] {taskinstance.py:1277} INFO - Marking task as SUCCESS. dag_id=fhv_gcs_dag, task_id=download_dataset_task, execution_date=20190702T000000, start_date=20220203T181752, end_date=20220203T181806
[2022-02-03 18:18:06,753] {local_task_job.py:154} INFO - Task exited with return code 0
[2022-02-03 18:18:06,818] {local_task_job.py:264} INFO - 1 downstream tasks scheduled from follow-on schedule check
