[2022-01-29 19:25:00,841] {taskinstance.py:1032} INFO - Dependencies all met for <TaskInstance: data_ingestion_gcs_dag.download_dataset_task scheduled__2022-01-28T00:00:00+00:00 [queued]>
[2022-01-29 19:25:00,876] {taskinstance.py:1032} INFO - Dependencies all met for <TaskInstance: data_ingestion_gcs_dag.download_dataset_task scheduled__2022-01-28T00:00:00+00:00 [queued]>
[2022-01-29 19:25:00,876] {taskinstance.py:1238} INFO - 
--------------------------------------------------------------------------------
[2022-01-29 19:25:00,877] {taskinstance.py:1239} INFO - Starting attempt 1 of 2
[2022-01-29 19:25:00,877] {taskinstance.py:1240} INFO - 
--------------------------------------------------------------------------------
[2022-01-29 19:25:00,906] {taskinstance.py:1259} INFO - Executing <Task(BashOperator): download_dataset_task> on 2022-01-28 00:00:00+00:00
[2022-01-29 19:25:00,916] {standard_task_runner.py:52} INFO - Started process 1139 to run task
[2022-01-29 19:25:00,927] {standard_task_runner.py:76} INFO - Running: ['***', 'tasks', 'run', 'data_ingestion_gcs_dag', 'download_dataset_task', 'scheduled__2022-01-28T00:00:00+00:00', '--job-id', '5', '--raw', '--subdir', 'DAGS_FOLDER/data_ingestion_gcs_dag.py', '--cfg-path', '/tmp/tmpazl70446', '--error-file', '/tmp/tmpzmi_3htt']
[2022-01-29 19:25:00,929] {standard_task_runner.py:77} INFO - Job 5: Subtask download_dataset_task
[2022-01-29 19:25:01,029] {logging_mixin.py:109} INFO - Running <TaskInstance: data_ingestion_gcs_dag.download_dataset_task scheduled__2022-01-28T00:00:00+00:00 [running]> on host 14e08c7aab25
[2022-01-29 19:25:01,119] {taskinstance.py:1426} INFO - Exporting the following env vars:
AIRFLOW_CTX_DAG_OWNER=***
AIRFLOW_CTX_DAG_ID=data_ingestion_gcs_dag
AIRFLOW_CTX_TASK_ID=download_dataset_task
AIRFLOW_CTX_EXECUTION_DATE=2022-01-28T00:00:00+00:00
AIRFLOW_CTX_DAG_RUN_ID=scheduled__2022-01-28T00:00:00+00:00
[2022-01-29 19:25:01,121] {subprocess.py:62} INFO - Tmp dir root location: 
 /tmp
[2022-01-29 19:25:01,124] {subprocess.py:74} INFO - Running command: ['bash', '-c', 'curl -sS https://s3.amazonaws.com/nyc-tlc/trip+data/yellow_tripdata_2021-01.csv > /opt/***/yellow_tripdata_2021-01.csv']
[2022-01-29 19:25:01,144] {subprocess.py:85} INFO - Output:
[2022-01-29 19:25:12,888] {subprocess.py:93} INFO - Command exited with return code 0
[2022-01-29 19:25:12,984] {taskinstance.py:1277} INFO - Marking task as SUCCESS. dag_id=data_ingestion_gcs_dag, task_id=download_dataset_task, execution_date=20220128T000000, start_date=20220129T192500, end_date=20220129T192512
[2022-01-29 19:25:13,054] {local_task_job.py:154} INFO - Task exited with return code 0
[2022-01-29 19:25:13,197] {local_task_job.py:264} INFO - 1 downstream tasks scheduled from follow-on schedule check
