[2022-02-09 20:34:22,762] {taskinstance.py:1032} INFO - Dependencies all met for <TaskInstance: green_taxi_gcs_dag.format_to_parquet_task scheduled__2019-12-02T00:00:00+00:00 [queued]>
[2022-02-09 20:34:22,889] {taskinstance.py:1032} INFO - Dependencies all met for <TaskInstance: green_taxi_gcs_dag.format_to_parquet_task scheduled__2019-12-02T00:00:00+00:00 [queued]>
[2022-02-09 20:34:22,889] {taskinstance.py:1238} INFO - 
--------------------------------------------------------------------------------
[2022-02-09 20:34:22,890] {taskinstance.py:1239} INFO - Starting attempt 1 of 2
[2022-02-09 20:34:22,890] {taskinstance.py:1240} INFO - 
--------------------------------------------------------------------------------
[2022-02-09 20:34:22,985] {taskinstance.py:1259} INFO - Executing <Task(PythonOperator): format_to_parquet_task> on 2019-12-02 00:00:00+00:00
[2022-02-09 20:34:23,045] {standard_task_runner.py:52} INFO - Started process 442 to run task
[2022-02-09 20:34:23,104] {standard_task_runner.py:76} INFO - Running: ['***', 'tasks', 'run', 'green_taxi_gcs_dag', 'format_to_parquet_task', 'scheduled__2019-12-02T00:00:00+00:00', '--job-id', '65', '--raw', '--subdir', 'DAGS_FOLDER/green_gcs_dag.py', '--cfg-path', '/tmp/tmphe0xb94h', '--error-file', '/tmp/tmpg20b0cqa']
[2022-02-09 20:34:23,127] {standard_task_runner.py:77} INFO - Job 65: Subtask format_to_parquet_task
[2022-02-09 20:34:23,637] {logging_mixin.py:109} INFO - Running <TaskInstance: green_taxi_gcs_dag.format_to_parquet_task scheduled__2019-12-02T00:00:00+00:00 [running]> on host 4f97b6b16bdb
[2022-02-09 20:34:23,802] {warnings.py:110} WARNING - /home/***/.local/lib/python3.7/site-packages/***/utils/context.py:152: AirflowContextDeprecationWarning: Accessing 'execution_date' from the template is deprecated and will be removed in a future version. Please use 'data_interval_start' or 'logical_date' instead.
  warnings.warn(_create_deprecation_warning(key, self._deprecation_replacements[key]))

[2022-02-09 20:34:23,883] {taskinstance.py:1426} INFO - Exporting the following env vars:
AIRFLOW_CTX_DAG_OWNER=***
AIRFLOW_CTX_DAG_ID=green_taxi_gcs_dag
AIRFLOW_CTX_TASK_ID=format_to_parquet_task
AIRFLOW_CTX_EXECUTION_DATE=2019-12-02T00:00:00+00:00
AIRFLOW_CTX_DAG_RUN_ID=scheduled__2019-12-02T00:00:00+00:00
[2022-02-09 20:34:26,058] {python.py:175} INFO - Done. Returned value was: None
[2022-02-09 20:34:26,097] {taskinstance.py:1277} INFO - Marking task as SUCCESS. dag_id=green_taxi_gcs_dag, task_id=format_to_parquet_task, execution_date=20191202T000000, start_date=20220209T203422, end_date=20220209T203426
[2022-02-09 20:34:26,184] {local_task_job.py:154} INFO - Task exited with return code 0
[2022-02-09 20:34:26,294] {local_task_job.py:264} INFO - 1 downstream tasks scheduled from follow-on schedule check
[2022-02-09 20:45:34,591] {taskinstance.py:1032} INFO - Dependencies all met for <TaskInstance: green_taxi_gcs_dag.format_to_parquet_task scheduled__2019-12-02T00:00:00+00:00 [queued]>
[2022-02-09 20:45:34,618] {taskinstance.py:1032} INFO - Dependencies all met for <TaskInstance: green_taxi_gcs_dag.format_to_parquet_task scheduled__2019-12-02T00:00:00+00:00 [queued]>
[2022-02-09 20:45:34,619] {taskinstance.py:1238} INFO - 
--------------------------------------------------------------------------------
[2022-02-09 20:45:34,619] {taskinstance.py:1239} INFO - Starting attempt 1 of 2
[2022-02-09 20:45:34,619] {taskinstance.py:1240} INFO - 
--------------------------------------------------------------------------------
[2022-02-09 20:45:34,652] {taskinstance.py:1259} INFO - Executing <Task(PythonOperator): format_to_parquet_task> on 2019-12-02 00:00:00+00:00
[2022-02-09 20:45:34,664] {standard_task_runner.py:52} INFO - Started process 883 to run task
[2022-02-09 20:45:34,681] {standard_task_runner.py:76} INFO - Running: ['***', 'tasks', 'run', 'green_taxi_gcs_dag', 'format_to_parquet_task', 'scheduled__2019-12-02T00:00:00+00:00', '--job-id', '162', '--raw', '--subdir', 'DAGS_FOLDER/green_gcs_dag.py', '--cfg-path', '/tmp/tmpx7fpfv_h', '--error-file', '/tmp/tmpuxdpatly']
[2022-02-09 20:45:34,687] {standard_task_runner.py:77} INFO - Job 162: Subtask format_to_parquet_task
[2022-02-09 20:45:34,872] {logging_mixin.py:109} INFO - Running <TaskInstance: green_taxi_gcs_dag.format_to_parquet_task scheduled__2019-12-02T00:00:00+00:00 [running]> on host 4f97b6b16bdb
[2022-02-09 20:45:34,967] {warnings.py:110} WARNING - /home/***/.local/lib/python3.7/site-packages/***/utils/context.py:152: AirflowContextDeprecationWarning: Accessing 'execution_date' from the template is deprecated and will be removed in a future version. Please use 'data_interval_start' or 'logical_date' instead.
  warnings.warn(_create_deprecation_warning(key, self._deprecation_replacements[key]))

[2022-02-09 20:45:35,018] {taskinstance.py:1426} INFO - Exporting the following env vars:
AIRFLOW_CTX_DAG_OWNER=***
AIRFLOW_CTX_DAG_ID=green_taxi_gcs_dag
AIRFLOW_CTX_TASK_ID=format_to_parquet_task
AIRFLOW_CTX_EXECUTION_DATE=2019-12-02T00:00:00+00:00
AIRFLOW_CTX_DAG_RUN_ID=scheduled__2019-12-02T00:00:00+00:00
[2022-02-09 20:45:36,900] {python.py:175} INFO - Done. Returned value was: None
[2022-02-09 20:45:36,933] {taskinstance.py:1277} INFO - Marking task as SUCCESS. dag_id=green_taxi_gcs_dag, task_id=format_to_parquet_task, execution_date=20191202T000000, start_date=20220209T204534, end_date=20220209T204536
[2022-02-09 20:45:37,118] {local_task_job.py:154} INFO - Task exited with return code 0
[2022-02-09 20:45:37,251] {local_task_job.py:264} INFO - 1 downstream tasks scheduled from follow-on schedule check
[2022-02-20 00:07:31,104] {taskinstance.py:1032} INFO - Dependencies all met for <TaskInstance: green_taxi_gcs_dag.format_to_parquet_task scheduled__2019-12-02T00:00:00+00:00 [queued]>
[2022-02-20 00:07:31,119] {taskinstance.py:1032} INFO - Dependencies all met for <TaskInstance: green_taxi_gcs_dag.format_to_parquet_task scheduled__2019-12-02T00:00:00+00:00 [queued]>
[2022-02-20 00:07:31,120] {taskinstance.py:1238} INFO - 
--------------------------------------------------------------------------------
[2022-02-20 00:07:31,120] {taskinstance.py:1239} INFO - Starting attempt 1 of 2
[2022-02-20 00:07:31,120] {taskinstance.py:1240} INFO - 
--------------------------------------------------------------------------------
[2022-02-20 00:07:31,149] {taskinstance.py:1259} INFO - Executing <Task(PythonOperator): format_to_parquet_task> on 2019-12-02 00:00:00+00:00
[2022-02-20 00:07:31,155] {standard_task_runner.py:52} INFO - Started process 836 to run task
[2022-02-20 00:07:31,158] {standard_task_runner.py:76} INFO - Running: ['***', 'tasks', 'run', 'green_taxi_gcs_dag', 'format_to_parquet_task', 'scheduled__2019-12-02T00:00:00+00:00', '--job-id', '355', '--raw', '--subdir', 'DAGS_FOLDER/green_gcs_dag.py', '--cfg-path', '/tmp/tmpk81dmg6x', '--error-file', '/tmp/tmpv06hmxpq']
[2022-02-20 00:07:31,160] {standard_task_runner.py:77} INFO - Job 355: Subtask format_to_parquet_task
[2022-02-20 00:07:31,244] {logging_mixin.py:109} INFO - Running <TaskInstance: green_taxi_gcs_dag.format_to_parquet_task scheduled__2019-12-02T00:00:00+00:00 [running]> on host da07aa254901
[2022-02-20 00:07:31,303] {warnings.py:110} WARNING - /home/***/.local/lib/python3.7/site-packages/***/utils/context.py:152: AirflowContextDeprecationWarning: Accessing 'execution_date' from the template is deprecated and will be removed in a future version. Please use 'data_interval_start' or 'logical_date' instead.
  warnings.warn(_create_deprecation_warning(key, self._deprecation_replacements[key]))

[2022-02-20 00:07:31,327] {taskinstance.py:1426} INFO - Exporting the following env vars:
AIRFLOW_CTX_DAG_OWNER=***
AIRFLOW_CTX_DAG_ID=green_taxi_gcs_dag
AIRFLOW_CTX_TASK_ID=format_to_parquet_task
AIRFLOW_CTX_EXECUTION_DATE=2019-12-02T00:00:00+00:00
AIRFLOW_CTX_DAG_RUN_ID=scheduled__2019-12-02T00:00:00+00:00
[2022-02-20 00:07:32,274] {python.py:175} INFO - Done. Returned value was: None
[2022-02-20 00:07:32,295] {taskinstance.py:1277} INFO - Marking task as SUCCESS. dag_id=green_taxi_gcs_dag, task_id=format_to_parquet_task, execution_date=20191202T000000, start_date=20220220T000731, end_date=20220220T000732
[2022-02-20 00:07:32,386] {local_task_job.py:154} INFO - Task exited with return code 0
[2022-02-20 00:07:32,466] {local_task_job.py:264} INFO - 1 downstream tasks scheduled from follow-on schedule check
[2022-02-20 02:00:47,221] {taskinstance.py:1032} INFO - Dependencies all met for <TaskInstance: green_taxi_gcs_dag.format_to_parquet_task scheduled__2019-12-02T00:00:00+00:00 [queued]>
[2022-02-20 02:00:47,276] {taskinstance.py:1032} INFO - Dependencies all met for <TaskInstance: green_taxi_gcs_dag.format_to_parquet_task scheduled__2019-12-02T00:00:00+00:00 [queued]>
[2022-02-20 02:00:47,281] {taskinstance.py:1238} INFO - 
--------------------------------------------------------------------------------
[2022-02-20 02:00:47,286] {taskinstance.py:1239} INFO - Starting attempt 1 of 2
[2022-02-20 02:00:47,286] {taskinstance.py:1240} INFO - 
--------------------------------------------------------------------------------
[2022-02-20 02:00:47,333] {taskinstance.py:1259} INFO - Executing <Task(PythonOperator): format_to_parquet_task> on 2019-12-02 00:00:00+00:00
[2022-02-20 02:00:47,344] {standard_task_runner.py:52} INFO - Started process 495 to run task
[2022-02-20 02:00:47,382] {standard_task_runner.py:76} INFO - Running: ['***', 'tasks', 'run', 'green_taxi_gcs_dag', 'format_to_parquet_task', 'scheduled__2019-12-02T00:00:00+00:00', '--job-id', '558', '--raw', '--subdir', 'DAGS_FOLDER/green_gcs_dag.py', '--cfg-path', '/tmp/tmp3s6hynxa', '--error-file', '/tmp/tmphspxysu5']
[2022-02-20 02:00:47,384] {standard_task_runner.py:77} INFO - Job 558: Subtask format_to_parquet_task
[2022-02-20 02:00:47,556] {logging_mixin.py:109} INFO - Running <TaskInstance: green_taxi_gcs_dag.format_to_parquet_task scheduled__2019-12-02T00:00:00+00:00 [running]> on host 5484a3a1f7c3
[2022-02-20 02:00:47,625] {warnings.py:110} WARNING - /home/***/.local/lib/python3.7/site-packages/***/utils/context.py:152: AirflowContextDeprecationWarning: Accessing 'execution_date' from the template is deprecated and will be removed in a future version. Please use 'data_interval_start' or 'logical_date' instead.
  warnings.warn(_create_deprecation_warning(key, self._deprecation_replacements[key]))

[2022-02-20 02:00:47,651] {taskinstance.py:1426} INFO - Exporting the following env vars:
AIRFLOW_CTX_DAG_OWNER=***
AIRFLOW_CTX_DAG_ID=green_taxi_gcs_dag
AIRFLOW_CTX_TASK_ID=format_to_parquet_task
AIRFLOW_CTX_EXECUTION_DATE=2019-12-02T00:00:00+00:00
AIRFLOW_CTX_DAG_RUN_ID=scheduled__2019-12-02T00:00:00+00:00
[2022-02-20 02:00:48,531] {python.py:175} INFO - Done. Returned value was: None
[2022-02-20 02:00:48,554] {taskinstance.py:1277} INFO - Marking task as SUCCESS. dag_id=green_taxi_gcs_dag, task_id=format_to_parquet_task, execution_date=20191202T000000, start_date=20220220T020047, end_date=20220220T020048
[2022-02-20 02:00:48,631] {local_task_job.py:154} INFO - Task exited with return code 0
[2022-02-20 02:00:48,777] {local_task_job.py:264} INFO - 1 downstream tasks scheduled from follow-on schedule check
