[2022-02-09 20:33:47,036] {taskinstance.py:1032} INFO - Dependencies all met for <TaskInstance: green_taxi_gcs_dag.download_dataset_task scheduled__2019-11-02T00:00:00+00:00 [queued]>
[2022-02-09 20:33:47,084] {taskinstance.py:1032} INFO - Dependencies all met for <TaskInstance: green_taxi_gcs_dag.download_dataset_task scheduled__2019-11-02T00:00:00+00:00 [queued]>
[2022-02-09 20:33:47,090] {taskinstance.py:1238} INFO - 
--------------------------------------------------------------------------------
[2022-02-09 20:33:47,090] {taskinstance.py:1239} INFO - Starting attempt 1 of 2
[2022-02-09 20:33:47,091] {taskinstance.py:1240} INFO - 
--------------------------------------------------------------------------------
[2022-02-09 20:33:47,135] {taskinstance.py:1259} INFO - Executing <Task(BashOperator): download_dataset_task> on 2019-11-02 00:00:00+00:00
[2022-02-09 20:33:47,150] {standard_task_runner.py:52} INFO - Started process 373 to run task
[2022-02-09 20:33:47,178] {standard_task_runner.py:76} INFO - Running: ['***', 'tasks', 'run', 'green_taxi_gcs_dag', 'download_dataset_task', 'scheduled__2019-11-02T00:00:00+00:00', '--job-id', '57', '--raw', '--subdir', 'DAGS_FOLDER/green_gcs_dag.py', '--cfg-path', '/tmp/tmpw69rj0_c', '--error-file', '/tmp/tmp5tjhx0w8']
[2022-02-09 20:33:47,181] {standard_task_runner.py:77} INFO - Job 57: Subtask download_dataset_task
[2022-02-09 20:33:47,351] {logging_mixin.py:109} INFO - Running <TaskInstance: green_taxi_gcs_dag.download_dataset_task scheduled__2019-11-02T00:00:00+00:00 [running]> on host 4f97b6b16bdb
[2022-02-09 20:33:47,558] {warnings.py:110} WARNING - /home/***/.local/lib/python3.7/site-packages/***/utils/context.py:152: AirflowContextDeprecationWarning: Accessing 'execution_date' from the template is deprecated and will be removed in a future version. Please use 'data_interval_start' or 'logical_date' instead.
  warnings.warn(_create_deprecation_warning(key, self._deprecation_replacements[key]))

[2022-02-09 20:33:47,637] {taskinstance.py:1426} INFO - Exporting the following env vars:
AIRFLOW_CTX_DAG_OWNER=***
AIRFLOW_CTX_DAG_ID=green_taxi_gcs_dag
AIRFLOW_CTX_TASK_ID=download_dataset_task
AIRFLOW_CTX_EXECUTION_DATE=2019-11-02T00:00:00+00:00
AIRFLOW_CTX_DAG_RUN_ID=scheduled__2019-11-02T00:00:00+00:00
[2022-02-09 20:33:47,639] {subprocess.py:62} INFO - Tmp dir root location: 
 /tmp
[2022-02-09 20:33:47,640] {subprocess.py:74} INFO - Running command: ['bash', '-c', 'curl -sS https://s3.amazonaws.com/nyc-tlc/trip+data/green_tripdata_2019-11.csv > /opt/***/output_2019-11.csv']
[2022-02-09 20:33:47,665] {subprocess.py:85} INFO - Output:
[2022-02-09 20:34:09,720] {subprocess.py:93} INFO - Command exited with return code 0
[2022-02-09 20:34:09,786] {taskinstance.py:1277} INFO - Marking task as SUCCESS. dag_id=green_taxi_gcs_dag, task_id=download_dataset_task, execution_date=20191102T000000, start_date=20220209T203347, end_date=20220209T203409
[2022-02-09 20:34:09,851] {local_task_job.py:154} INFO - Task exited with return code 0
[2022-02-09 20:34:09,979] {local_task_job.py:264} INFO - 1 downstream tasks scheduled from follow-on schedule check
[2022-02-09 20:44:53,119] {taskinstance.py:1032} INFO - Dependencies all met for <TaskInstance: green_taxi_gcs_dag.download_dataset_task scheduled__2019-11-02T00:00:00+00:00 [queued]>
[2022-02-09 20:44:53,147] {taskinstance.py:1032} INFO - Dependencies all met for <TaskInstance: green_taxi_gcs_dag.download_dataset_task scheduled__2019-11-02T00:00:00+00:00 [queued]>
[2022-02-09 20:44:53,147] {taskinstance.py:1238} INFO - 
--------------------------------------------------------------------------------
[2022-02-09 20:44:53,148] {taskinstance.py:1239} INFO - Starting attempt 1 of 2
[2022-02-09 20:44:53,148] {taskinstance.py:1240} INFO - 
--------------------------------------------------------------------------------
[2022-02-09 20:44:53,173] {taskinstance.py:1259} INFO - Executing <Task(BashOperator): download_dataset_task> on 2019-11-02 00:00:00+00:00
[2022-02-09 20:44:53,180] {standard_task_runner.py:52} INFO - Started process 812 to run task
[2022-02-09 20:44:53,187] {standard_task_runner.py:76} INFO - Running: ['***', 'tasks', 'run', 'green_taxi_gcs_dag', 'download_dataset_task', 'scheduled__2019-11-02T00:00:00+00:00', '--job-id', '154', '--raw', '--subdir', 'DAGS_FOLDER/green_gcs_dag.py', '--cfg-path', '/tmp/tmpc3zt8veh', '--error-file', '/tmp/tmp_7an0yf_']
[2022-02-09 20:44:53,188] {standard_task_runner.py:77} INFO - Job 154: Subtask download_dataset_task
[2022-02-09 20:44:53,290] {logging_mixin.py:109} INFO - Running <TaskInstance: green_taxi_gcs_dag.download_dataset_task scheduled__2019-11-02T00:00:00+00:00 [running]> on host 4f97b6b16bdb
[2022-02-09 20:44:53,371] {warnings.py:110} WARNING - /home/***/.local/lib/python3.7/site-packages/***/utils/context.py:152: AirflowContextDeprecationWarning: Accessing 'execution_date' from the template is deprecated and will be removed in a future version. Please use 'data_interval_start' or 'logical_date' instead.
  warnings.warn(_create_deprecation_warning(key, self._deprecation_replacements[key]))

[2022-02-09 20:44:53,415] {taskinstance.py:1426} INFO - Exporting the following env vars:
AIRFLOW_CTX_DAG_OWNER=***
AIRFLOW_CTX_DAG_ID=green_taxi_gcs_dag
AIRFLOW_CTX_TASK_ID=download_dataset_task
AIRFLOW_CTX_EXECUTION_DATE=2019-11-02T00:00:00+00:00
AIRFLOW_CTX_DAG_RUN_ID=scheduled__2019-11-02T00:00:00+00:00
[2022-02-09 20:44:53,417] {subprocess.py:62} INFO - Tmp dir root location: 
 /tmp
[2022-02-09 20:44:53,418] {subprocess.py:74} INFO - Running command: ['bash', '-c', 'curl -sS https://s3.amazonaws.com/nyc-tlc/trip+data/green_tripdata_2019-11.csv > /opt/***/output_2019-11.csv']
[2022-02-09 20:44:53,444] {subprocess.py:85} INFO - Output:
[2022-02-09 20:45:11,424] {subprocess.py:93} INFO - Command exited with return code 0
[2022-02-09 20:45:11,468] {taskinstance.py:1277} INFO - Marking task as SUCCESS. dag_id=green_taxi_gcs_dag, task_id=download_dataset_task, execution_date=20191102T000000, start_date=20220209T204453, end_date=20220209T204511
[2022-02-09 20:45:11,521] {local_task_job.py:154} INFO - Task exited with return code 0
[2022-02-09 20:45:11,597] {local_task_job.py:264} INFO - 1 downstream tasks scheduled from follow-on schedule check
[2022-02-20 00:07:10,585] {taskinstance.py:1032} INFO - Dependencies all met for <TaskInstance: green_taxi_gcs_dag.download_dataset_task scheduled__2019-11-02T00:00:00+00:00 [queued]>
[2022-02-20 00:07:10,620] {taskinstance.py:1032} INFO - Dependencies all met for <TaskInstance: green_taxi_gcs_dag.download_dataset_task scheduled__2019-11-02T00:00:00+00:00 [queued]>
[2022-02-20 00:07:10,621] {taskinstance.py:1238} INFO - 
--------------------------------------------------------------------------------
[2022-02-20 00:07:10,623] {taskinstance.py:1239} INFO - Starting attempt 1 of 2
[2022-02-20 00:07:10,623] {taskinstance.py:1240} INFO - 
--------------------------------------------------------------------------------
[2022-02-20 00:07:10,691] {taskinstance.py:1259} INFO - Executing <Task(BashOperator): download_dataset_task> on 2019-11-02 00:00:00+00:00
[2022-02-20 00:07:10,699] {standard_task_runner.py:52} INFO - Started process 784 to run task
[2022-02-20 00:07:10,707] {standard_task_runner.py:76} INFO - Running: ['***', 'tasks', 'run', 'green_taxi_gcs_dag', 'download_dataset_task', 'scheduled__2019-11-02T00:00:00+00:00', '--job-id', '347', '--raw', '--subdir', 'DAGS_FOLDER/green_gcs_dag.py', '--cfg-path', '/tmp/tmps4caeosv', '--error-file', '/tmp/tmp0zf3xt4f']
[2022-02-20 00:07:10,721] {standard_task_runner.py:77} INFO - Job 347: Subtask download_dataset_task
[2022-02-20 00:07:10,886] {logging_mixin.py:109} INFO - Running <TaskInstance: green_taxi_gcs_dag.download_dataset_task scheduled__2019-11-02T00:00:00+00:00 [running]> on host da07aa254901
[2022-02-20 00:07:11,112] {warnings.py:110} WARNING - /home/***/.local/lib/python3.7/site-packages/***/utils/context.py:152: AirflowContextDeprecationWarning: Accessing 'execution_date' from the template is deprecated and will be removed in a future version. Please use 'data_interval_start' or 'logical_date' instead.
  warnings.warn(_create_deprecation_warning(key, self._deprecation_replacements[key]))

[2022-02-20 00:07:11,188] {taskinstance.py:1426} INFO - Exporting the following env vars:
AIRFLOW_CTX_DAG_OWNER=***
AIRFLOW_CTX_DAG_ID=green_taxi_gcs_dag
AIRFLOW_CTX_TASK_ID=download_dataset_task
AIRFLOW_CTX_EXECUTION_DATE=2019-11-02T00:00:00+00:00
AIRFLOW_CTX_DAG_RUN_ID=scheduled__2019-11-02T00:00:00+00:00
[2022-02-20 00:07:11,189] {subprocess.py:62} INFO - Tmp dir root location: 
 /tmp
[2022-02-20 00:07:11,189] {subprocess.py:74} INFO - Running command: ['bash', '-c', 'curl -sS https://s3.amazonaws.com/nyc-tlc/trip+data/green_tripdata_2019-11.csv > /opt/***/output_2019-11.csv']
[2022-02-20 00:07:11,219] {subprocess.py:85} INFO - Output:
[2022-02-20 00:07:16,805] {subprocess.py:93} INFO - Command exited with return code 0
[2022-02-20 00:07:16,833] {taskinstance.py:1277} INFO - Marking task as SUCCESS. dag_id=green_taxi_gcs_dag, task_id=download_dataset_task, execution_date=20191102T000000, start_date=20220220T000710, end_date=20220220T000716
[2022-02-20 00:07:16,894] {local_task_job.py:154} INFO - Task exited with return code 0
[2022-02-20 00:07:16,960] {local_task_job.py:264} INFO - 1 downstream tasks scheduled from follow-on schedule check
[2022-02-20 02:00:33,477] {taskinstance.py:1032} INFO - Dependencies all met for <TaskInstance: green_taxi_gcs_dag.download_dataset_task scheduled__2019-11-02T00:00:00+00:00 [queued]>
[2022-02-20 02:00:33,518] {taskinstance.py:1032} INFO - Dependencies all met for <TaskInstance: green_taxi_gcs_dag.download_dataset_task scheduled__2019-11-02T00:00:00+00:00 [queued]>
[2022-02-20 02:00:33,518] {taskinstance.py:1238} INFO - 
--------------------------------------------------------------------------------
[2022-02-20 02:00:33,518] {taskinstance.py:1239} INFO - Starting attempt 1 of 2
[2022-02-20 02:00:33,518] {taskinstance.py:1240} INFO - 
--------------------------------------------------------------------------------
[2022-02-20 02:00:33,547] {taskinstance.py:1259} INFO - Executing <Task(BashOperator): download_dataset_task> on 2019-11-02 00:00:00+00:00
[2022-02-20 02:00:33,555] {standard_task_runner.py:52} INFO - Started process 458 to run task
[2022-02-20 02:00:33,562] {standard_task_runner.py:76} INFO - Running: ['***', 'tasks', 'run', 'green_taxi_gcs_dag', 'download_dataset_task', 'scheduled__2019-11-02T00:00:00+00:00', '--job-id', '553', '--raw', '--subdir', 'DAGS_FOLDER/green_gcs_dag.py', '--cfg-path', '/tmp/tmp693p6zn8', '--error-file', '/tmp/tmpcy4fn5cb']
[2022-02-20 02:00:33,563] {standard_task_runner.py:77} INFO - Job 553: Subtask download_dataset_task
[2022-02-20 02:00:33,665] {logging_mixin.py:109} INFO - Running <TaskInstance: green_taxi_gcs_dag.download_dataset_task scheduled__2019-11-02T00:00:00+00:00 [running]> on host 5484a3a1f7c3
[2022-02-20 02:00:33,733] {warnings.py:110} WARNING - /home/***/.local/lib/python3.7/site-packages/***/utils/context.py:152: AirflowContextDeprecationWarning: Accessing 'execution_date' from the template is deprecated and will be removed in a future version. Please use 'data_interval_start' or 'logical_date' instead.
  warnings.warn(_create_deprecation_warning(key, self._deprecation_replacements[key]))

[2022-02-20 02:00:33,776] {taskinstance.py:1426} INFO - Exporting the following env vars:
AIRFLOW_CTX_DAG_OWNER=***
AIRFLOW_CTX_DAG_ID=green_taxi_gcs_dag
AIRFLOW_CTX_TASK_ID=download_dataset_task
AIRFLOW_CTX_EXECUTION_DATE=2019-11-02T00:00:00+00:00
AIRFLOW_CTX_DAG_RUN_ID=scheduled__2019-11-02T00:00:00+00:00
[2022-02-20 02:00:33,777] {subprocess.py:62} INFO - Tmp dir root location: 
 /tmp
[2022-02-20 02:00:33,778] {subprocess.py:74} INFO - Running command: ['bash', '-c', 'curl -sS https://s3.amazonaws.com/nyc-tlc/trip+data/green_tripdata_2019-11.csv > /opt/***/output_2019-11.csv']
[2022-02-20 02:00:33,802] {subprocess.py:85} INFO - Output:
[2022-02-20 02:00:43,509] {subprocess.py:93} INFO - Command exited with return code 0
[2022-02-20 02:00:43,553] {taskinstance.py:1277} INFO - Marking task as SUCCESS. dag_id=green_taxi_gcs_dag, task_id=download_dataset_task, execution_date=20191102T000000, start_date=20220220T020033, end_date=20220220T020043
[2022-02-20 02:00:43,627] {local_task_job.py:154} INFO - Task exited with return code 0
[2022-02-20 02:00:43,698] {local_task_job.py:264} INFO - 1 downstream tasks scheduled from follow-on schedule check
