[2022-02-03 17:28:48,630] {taskinstance.py:1032} INFO - Dependencies all met for <TaskInstance: yellow_taxi_gcs_dag.local_to_gcs_task scheduled__2020-11-02T00:00:00+00:00 [queued]>
[2022-02-03 17:28:48,646] {taskinstance.py:1032} INFO - Dependencies all met for <TaskInstance: yellow_taxi_gcs_dag.local_to_gcs_task scheduled__2020-11-02T00:00:00+00:00 [queued]>
[2022-02-03 17:28:48,646] {taskinstance.py:1238} INFO - 
--------------------------------------------------------------------------------
[2022-02-03 17:28:48,646] {taskinstance.py:1239} INFO - Starting attempt 1 of 2
[2022-02-03 17:28:48,646] {taskinstance.py:1240} INFO - 
--------------------------------------------------------------------------------
[2022-02-03 17:28:48,662] {taskinstance.py:1259} INFO - Executing <Task(PythonOperator): local_to_gcs_task> on 2020-11-02 00:00:00+00:00
[2022-02-03 17:28:48,669] {standard_task_runner.py:52} INFO - Started process 3336 to run task
[2022-02-03 17:28:48,676] {standard_task_runner.py:76} INFO - Running: ['***', 'tasks', 'run', 'yellow_taxi_gcs_dag', 'local_to_gcs_task', 'scheduled__2020-11-02T00:00:00+00:00', '--job-id', '135', '--raw', '--subdir', 'DAGS_FOLDER/yellow_taxi_gcs_dag.py', '--cfg-path', '/tmp/tmp41rhqrb1', '--error-file', '/tmp/tmp3yzur9aa']
[2022-02-03 17:28:48,677] {standard_task_runner.py:77} INFO - Job 135: Subtask local_to_gcs_task
[2022-02-03 17:28:48,763] {logging_mixin.py:109} INFO - Running <TaskInstance: yellow_taxi_gcs_dag.local_to_gcs_task scheduled__2020-11-02T00:00:00+00:00 [running]> on host 7e458922b35d
[2022-02-03 17:28:48,825] {warnings.py:110} WARNING - /home/***/.local/lib/python3.7/site-packages/***/utils/context.py:152: AirflowContextDeprecationWarning: Accessing 'execution_date' from the template is deprecated and will be removed in a future version. Please use 'data_interval_start' or 'logical_date' instead.
  warnings.warn(_create_deprecation_warning(key, self._deprecation_replacements[key]))

[2022-02-03 17:28:48,859] {taskinstance.py:1426} INFO - Exporting the following env vars:
AIRFLOW_CTX_DAG_OWNER=***
AIRFLOW_CTX_DAG_ID=yellow_taxi_gcs_dag
AIRFLOW_CTX_TASK_ID=local_to_gcs_task
AIRFLOW_CTX_EXECUTION_DATE=2020-11-02T00:00:00+00:00
AIRFLOW_CTX_DAG_RUN_ID=scheduled__2020-11-02T00:00:00+00:00
[2022-02-03 17:28:52,437] {python.py:175} INFO - Done. Returned value was: None
[2022-02-03 17:28:52,460] {taskinstance.py:1277} INFO - Marking task as SUCCESS. dag_id=yellow_taxi_gcs_dag, task_id=local_to_gcs_task, execution_date=20201102T000000, start_date=20220203T172848, end_date=20220203T172852
[2022-02-03 17:28:52,498] {local_task_job.py:154} INFO - Task exited with return code 0
[2022-02-03 17:28:52,536] {local_task_job.py:264} INFO - 1 downstream tasks scheduled from follow-on schedule check
[2022-02-20 00:31:52,644] {taskinstance.py:1032} INFO - Dependencies all met for <TaskInstance: yellow_taxi_gcs_dag.local_to_gcs_task scheduled__2020-11-02T00:00:00+00:00 [queued]>
[2022-02-20 00:31:52,659] {taskinstance.py:1032} INFO - Dependencies all met for <TaskInstance: yellow_taxi_gcs_dag.local_to_gcs_task scheduled__2020-11-02T00:00:00+00:00 [queued]>
[2022-02-20 00:31:52,659] {taskinstance.py:1238} INFO - 
--------------------------------------------------------------------------------
[2022-02-20 00:31:52,659] {taskinstance.py:1239} INFO - Starting attempt 1 of 2
[2022-02-20 00:31:52,659] {taskinstance.py:1240} INFO - 
--------------------------------------------------------------------------------
[2022-02-20 00:31:52,674] {taskinstance.py:1259} INFO - Executing <Task(PythonOperator): local_to_gcs_task> on 2020-11-02 00:00:00+00:00
[2022-02-20 00:31:52,683] {standard_task_runner.py:76} INFO - Running: ['***', 'tasks', 'run', 'yellow_taxi_gcs_dag', 'local_to_gcs_task', 'scheduled__2020-11-02T00:00:00+00:00', '--job-id', '507', '--raw', '--subdir', 'DAGS_FOLDER/yellow_taxi_gcs_dag.py', '--cfg-path', '/tmp/tmp4iozsi_7', '--error-file', '/tmp/tmpm5o74adk']
[2022-02-20 00:31:52,685] {standard_task_runner.py:77} INFO - Job 507: Subtask local_to_gcs_task
[2022-02-20 00:31:52,679] {standard_task_runner.py:52} INFO - Started process 2520 to run task
[2022-02-20 00:31:52,758] {logging_mixin.py:109} INFO - Running <TaskInstance: yellow_taxi_gcs_dag.local_to_gcs_task scheduled__2020-11-02T00:00:00+00:00 [running]> on host da07aa254901
[2022-02-20 00:31:52,809] {warnings.py:110} WARNING - /home/***/.local/lib/python3.7/site-packages/***/utils/context.py:152: AirflowContextDeprecationWarning: Accessing 'execution_date' from the template is deprecated and will be removed in a future version. Please use 'data_interval_start' or 'logical_date' instead.
  warnings.warn(_create_deprecation_warning(key, self._deprecation_replacements[key]))

[2022-02-20 00:31:52,832] {taskinstance.py:1426} INFO - Exporting the following env vars:
AIRFLOW_CTX_DAG_OWNER=***
AIRFLOW_CTX_DAG_ID=yellow_taxi_gcs_dag
AIRFLOW_CTX_TASK_ID=local_to_gcs_task
AIRFLOW_CTX_EXECUTION_DATE=2020-11-02T00:00:00+00:00
AIRFLOW_CTX_DAG_RUN_ID=scheduled__2020-11-02T00:00:00+00:00
[2022-02-20 00:31:56,108] {python.py:175} INFO - Done. Returned value was: None
[2022-02-20 00:31:56,124] {taskinstance.py:1277} INFO - Marking task as SUCCESS. dag_id=yellow_taxi_gcs_dag, task_id=local_to_gcs_task, execution_date=20201102T000000, start_date=20220220T003152, end_date=20220220T003156
[2022-02-20 00:31:56,156] {local_task_job.py:154} INFO - Task exited with return code 0
[2022-02-20 00:31:56,202] {local_task_job.py:264} INFO - 1 downstream tasks scheduled from follow-on schedule check
