[2022-02-03 18:19:45,960] {taskinstance.py:1032} INFO - Dependencies all met for <TaskInstance: fhv_gcs_dag.format_to_parquet_task scheduled__2019-12-02T00:00:00+00:00 [queued]>
[2022-02-03 18:19:45,972] {taskinstance.py:1032} INFO - Dependencies all met for <TaskInstance: fhv_gcs_dag.format_to_parquet_task scheduled__2019-12-02T00:00:00+00:00 [queued]>
[2022-02-03 18:19:45,972] {taskinstance.py:1238} INFO - 
--------------------------------------------------------------------------------
[2022-02-03 18:19:45,972] {taskinstance.py:1239} INFO - Starting attempt 1 of 2
[2022-02-03 18:19:45,972] {taskinstance.py:1240} INFO - 
--------------------------------------------------------------------------------
[2022-02-03 18:19:45,985] {taskinstance.py:1259} INFO - Executing <Task(PythonOperator): format_to_parquet_task> on 2019-12-02 00:00:00+00:00
[2022-02-03 18:19:45,991] {standard_task_runner.py:52} INFO - Started process 1324 to run task
[2022-02-03 18:19:45,995] {standard_task_runner.py:76} INFO - Running: ['***', 'tasks', 'run', 'fhv_gcs_dag', 'format_to_parquet_task', 'scheduled__2019-12-02T00:00:00+00:00', '--job-id', '195', '--raw', '--subdir', 'DAGS_FOLDER/fhv_gcs_dag.py', '--cfg-path', '/tmp/tmpvdxhpc6_', '--error-file', '/tmp/tmpxjz9okzt']
[2022-02-03 18:19:45,996] {standard_task_runner.py:77} INFO - Job 195: Subtask format_to_parquet_task
[2022-02-03 18:19:46,057] {logging_mixin.py:109} INFO - Running <TaskInstance: fhv_gcs_dag.format_to_parquet_task scheduled__2019-12-02T00:00:00+00:00 [running]> on host bd2f56b76e32
[2022-02-03 18:19:46,102] {warnings.py:110} WARNING - /home/***/.local/lib/python3.7/site-packages/***/utils/context.py:152: AirflowContextDeprecationWarning: Accessing 'execution_date' from the template is deprecated and will be removed in a future version. Please use 'data_interval_start' or 'logical_date' instead.
  warnings.warn(_create_deprecation_warning(key, self._deprecation_replacements[key]))

[2022-02-03 18:19:46,122] {taskinstance.py:1426} INFO - Exporting the following env vars:
AIRFLOW_CTX_DAG_OWNER=***
AIRFLOW_CTX_DAG_ID=fhv_gcs_dag
AIRFLOW_CTX_TASK_ID=format_to_parquet_task
AIRFLOW_CTX_EXECUTION_DATE=2019-12-02T00:00:00+00:00
AIRFLOW_CTX_DAG_RUN_ID=scheduled__2019-12-02T00:00:00+00:00
[2022-02-03 18:19:46,839] {python.py:175} INFO - Done. Returned value was: None
[2022-02-03 18:19:46,856] {taskinstance.py:1277} INFO - Marking task as SUCCESS. dag_id=fhv_gcs_dag, task_id=format_to_parquet_task, execution_date=20191202T000000, start_date=20220203T181945, end_date=20220203T181946
[2022-02-03 18:19:46,937] {local_task_job.py:154} INFO - Task exited with return code 0
[2022-02-03 18:19:46,992] {local_task_job.py:264} INFO - 1 downstream tasks scheduled from follow-on schedule check
<<<<<<< HEAD
[2022-02-23 20:43:57,708] {taskinstance.py:1032} INFO - Dependencies all met for <TaskInstance: fhv_gcs_dag.format_to_parquet_task scheduled__2019-12-02T00:00:00+00:00 [queued]>
[2022-02-23 20:43:57,726] {taskinstance.py:1032} INFO - Dependencies all met for <TaskInstance: fhv_gcs_dag.format_to_parquet_task scheduled__2019-12-02T00:00:00+00:00 [queued]>
[2022-02-23 20:43:57,726] {taskinstance.py:1238} INFO - 
--------------------------------------------------------------------------------
[2022-02-23 20:43:57,726] {taskinstance.py:1239} INFO - Starting attempt 1 of 2
[2022-02-23 20:43:57,726] {taskinstance.py:1240} INFO - 
--------------------------------------------------------------------------------
[2022-02-23 20:43:57,756] {taskinstance.py:1259} INFO - Executing <Task(PythonOperator): format_to_parquet_task> on 2019-12-02 00:00:00+00:00
[2022-02-23 20:43:57,764] {standard_task_runner.py:52} INFO - Started process 549 to run task
[2022-02-23 20:43:57,846] {standard_task_runner.py:76} INFO - Running: ['***', 'tasks', 'run', 'fhv_gcs_dag', 'format_to_parquet_task', 'scheduled__2019-12-02T00:00:00+00:00', '--job-id', '42', '--raw', '--subdir', 'DAGS_FOLDER/fhv_gcs_dag.py', '--cfg-path', '/tmp/tmpzgeaxrws', '--error-file', '/tmp/tmpx0mhc1o3']
[2022-02-23 20:43:57,856] {standard_task_runner.py:77} INFO - Job 42: Subtask format_to_parquet_task
[2022-02-23 20:43:57,990] {logging_mixin.py:109} INFO - Running <TaskInstance: fhv_gcs_dag.format_to_parquet_task scheduled__2019-12-02T00:00:00+00:00 [running]> on host 1c172e0325c8
[2022-02-23 20:43:58,072] {warnings.py:110} WARNING - /home/***/.local/lib/python3.7/site-packages/***/utils/context.py:152: AirflowContextDeprecationWarning: Accessing 'execution_date' from the template is deprecated and will be removed in a future version. Please use 'data_interval_start' or 'logical_date' instead.
  warnings.warn(_create_deprecation_warning(key, self._deprecation_replacements[key]))

[2022-02-23 20:43:58,102] {taskinstance.py:1426} INFO - Exporting the following env vars:
AIRFLOW_CTX_DAG_OWNER=***
AIRFLOW_CTX_DAG_ID=fhv_gcs_dag
AIRFLOW_CTX_TASK_ID=format_to_parquet_task
AIRFLOW_CTX_EXECUTION_DATE=2019-12-02T00:00:00+00:00
AIRFLOW_CTX_DAG_RUN_ID=scheduled__2019-12-02T00:00:00+00:00
[2022-02-23 20:43:59,938] {python.py:175} INFO - Done. Returned value was: None
[2022-02-23 20:44:00,012] {taskinstance.py:1277} INFO - Marking task as SUCCESS. dag_id=fhv_gcs_dag, task_id=format_to_parquet_task, execution_date=20191202T000000, start_date=20220223T204357, end_date=20220223T204400
[2022-02-23 20:44:00,096] {local_task_job.py:154} INFO - Task exited with return code 0
[2022-02-23 20:44:00,167] {local_task_job.py:264} INFO - 1 downstream tasks scheduled from follow-on schedule check
=======
>>>>>>> origin/master
