[2022-01-30 17:37:02,917] {taskinstance.py:1032} INFO - Dependencies all met for <TaskInstance: data_ingestion_gcs_dag.download_dataset_task manual__2022-01-30T17:31:07.380522+00:00 [queued]>
[2022-01-30 17:37:02,950] {taskinstance.py:1032} INFO - Dependencies all met for <TaskInstance: data_ingestion_gcs_dag.download_dataset_task manual__2022-01-30T17:31:07.380522+00:00 [queued]>
[2022-01-30 17:37:02,950] {taskinstance.py:1238} INFO - 
--------------------------------------------------------------------------------
[2022-01-30 17:37:02,950] {taskinstance.py:1239} INFO - Starting attempt 1 of 2
[2022-01-30 17:37:02,950] {taskinstance.py:1240} INFO - 
--------------------------------------------------------------------------------
[2022-01-30 17:37:02,992] {taskinstance.py:1259} INFO - Executing <Task(BashOperator): download_dataset_task> on 2022-01-30 17:31:07.380522+00:00
[2022-01-30 17:37:02,999] {standard_task_runner.py:52} INFO - Started process 453 to run task
[2022-01-30 17:37:03,003] {standard_task_runner.py:76} INFO - Running: ['***', 'tasks', 'run', 'data_ingestion_gcs_dag', 'download_dataset_task', 'manual__2022-01-30T17:31:07.380522+00:00', '--job-id', '8', '--raw', '--subdir', 'DAGS_FOLDER/data_ingestion_gcs_dag.py', '--cfg-path', '/tmp/tmpmpmd3w1c', '--error-file', '/tmp/tmp1kauyt3g']
[2022-01-30 17:37:03,004] {standard_task_runner.py:77} INFO - Job 8: Subtask download_dataset_task
[2022-01-30 17:37:03,073] {logging_mixin.py:109} INFO - Running <TaskInstance: data_ingestion_gcs_dag.download_dataset_task manual__2022-01-30T17:31:07.380522+00:00 [running]> on host 4d230e568692
[2022-01-30 17:37:03,153] {taskinstance.py:1426} INFO - Exporting the following env vars:
AIRFLOW_CTX_DAG_OWNER=***
AIRFLOW_CTX_DAG_ID=data_ingestion_gcs_dag
AIRFLOW_CTX_TASK_ID=download_dataset_task
AIRFLOW_CTX_EXECUTION_DATE=2022-01-30T17:31:07.380522+00:00
AIRFLOW_CTX_DAG_RUN_ID=manual__2022-01-30T17:31:07.380522+00:00
[2022-01-30 17:37:03,155] {subprocess.py:62} INFO - Tmp dir root location: 
 /tmp
[2022-01-30 17:37:03,157] {subprocess.py:74} INFO - Running command: ['bash', '-c', 'curl -sS https://s3.amazonaws.com/nyc-tlc/trip+data/yellow_tripdata_2021-01.csv > /opt/***/yellow_tripdata_2021-01.csv']
[2022-01-30 17:37:03,177] {subprocess.py:85} INFO - Output:
[2022-01-30 17:37:26,414] {subprocess.py:93} INFO - Command exited with return code 0
[2022-01-30 17:37:26,445] {taskinstance.py:1277} INFO - Marking task as SUCCESS. dag_id=data_ingestion_gcs_dag, task_id=download_dataset_task, execution_date=20220130T173107, start_date=20220130T173702, end_date=20220130T173726
[2022-01-30 17:37:26,489] {local_task_job.py:154} INFO - Task exited with return code 0
[2022-01-30 17:37:26,533] {local_task_job.py:264} INFO - 1 downstream tasks scheduled from follow-on schedule check
