[2022-02-03 17:27:11,049] {taskinstance.py:1032} INFO - Dependencies all met for <TaskInstance: yellow_taxi_gcs_dag.download_dataset_task scheduled__2020-06-02T00:00:00+00:00 [queued]>
[2022-02-03 17:27:11,068] {taskinstance.py:1032} INFO - Dependencies all met for <TaskInstance: yellow_taxi_gcs_dag.download_dataset_task scheduled__2020-06-02T00:00:00+00:00 [queued]>
[2022-02-03 17:27:11,068] {taskinstance.py:1238} INFO - 
--------------------------------------------------------------------------------
[2022-02-03 17:27:11,069] {taskinstance.py:1239} INFO - Starting attempt 1 of 2
[2022-02-03 17:27:11,069] {taskinstance.py:1240} INFO - 
--------------------------------------------------------------------------------
[2022-02-03 17:27:11,088] {taskinstance.py:1259} INFO - Executing <Task(BashOperator): download_dataset_task> on 2020-06-02 00:00:00+00:00
[2022-02-03 17:27:11,095] {standard_task_runner.py:52} INFO - Started process 3107 to run task
[2022-02-03 17:27:11,098] {standard_task_runner.py:76} INFO - Running: ['***', 'tasks', 'run', 'yellow_taxi_gcs_dag', 'download_dataset_task', 'scheduled__2020-06-02T00:00:00+00:00', '--job-id', '107', '--raw', '--subdir', 'DAGS_FOLDER/yellow_taxi_gcs_dag.py', '--cfg-path', '/tmp/tmpda_ccqz8', '--error-file', '/tmp/tmpw9vilgz9']
[2022-02-03 17:27:11,099] {standard_task_runner.py:77} INFO - Job 107: Subtask download_dataset_task
[2022-02-03 17:27:11,214] {logging_mixin.py:109} INFO - Running <TaskInstance: yellow_taxi_gcs_dag.download_dataset_task scheduled__2020-06-02T00:00:00+00:00 [running]> on host 7e458922b35d
[2022-02-03 17:27:11,300] {warnings.py:110} WARNING - /home/***/.local/lib/python3.7/site-packages/***/utils/context.py:152: AirflowContextDeprecationWarning: Accessing 'execution_date' from the template is deprecated and will be removed in a future version. Please use 'data_interval_start' or 'logical_date' instead.
  warnings.warn(_create_deprecation_warning(key, self._deprecation_replacements[key]))

[2022-02-03 17:27:11,333] {taskinstance.py:1426} INFO - Exporting the following env vars:
AIRFLOW_CTX_DAG_OWNER=***
AIRFLOW_CTX_DAG_ID=yellow_taxi_gcs_dag
AIRFLOW_CTX_TASK_ID=download_dataset_task
AIRFLOW_CTX_EXECUTION_DATE=2020-06-02T00:00:00+00:00
AIRFLOW_CTX_DAG_RUN_ID=scheduled__2020-06-02T00:00:00+00:00
[2022-02-03 17:27:11,334] {subprocess.py:62} INFO - Tmp dir root location: 
 /tmp
[2022-02-03 17:27:11,334] {subprocess.py:74} INFO - Running command: ['bash', '-c', 'curl -sS https://s3.amazonaws.com/nyc-tlc/trip+data/yellow_tripdata_2020-06.csv > /opt/***/output_2020-06.csv']
[2022-02-03 17:27:11,357] {subprocess.py:85} INFO - Output:
[2022-02-03 17:27:19,116] {subprocess.py:93} INFO - Command exited with return code 0
[2022-02-03 17:27:19,153] {taskinstance.py:1277} INFO - Marking task as SUCCESS. dag_id=yellow_taxi_gcs_dag, task_id=download_dataset_task, execution_date=20200602T000000, start_date=20220203T172711, end_date=20220203T172719
[2022-02-03 17:27:19,176] {local_task_job.py:154} INFO - Task exited with return code 0
[2022-02-03 17:27:19,216] {local_task_job.py:264} INFO - 1 downstream tasks scheduled from follow-on schedule check
<<<<<<< HEAD
[2022-02-20 00:30:09,597] {taskinstance.py:1032} INFO - Dependencies all met for <TaskInstance: yellow_taxi_gcs_dag.download_dataset_task scheduled__2020-06-02T00:00:00+00:00 [queued]>
[2022-02-20 00:30:09,619] {taskinstance.py:1032} INFO - Dependencies all met for <TaskInstance: yellow_taxi_gcs_dag.download_dataset_task scheduled__2020-06-02T00:00:00+00:00 [queued]>
[2022-02-20 00:30:09,619] {taskinstance.py:1238} INFO - 
--------------------------------------------------------------------------------
[2022-02-20 00:30:09,619] {taskinstance.py:1239} INFO - Starting attempt 1 of 2
[2022-02-20 00:30:09,619] {taskinstance.py:1240} INFO - 
--------------------------------------------------------------------------------
[2022-02-20 00:30:09,637] {taskinstance.py:1259} INFO - Executing <Task(BashOperator): download_dataset_task> on 2020-06-02 00:00:00+00:00
[2022-02-20 00:30:09,644] {standard_task_runner.py:52} INFO - Started process 2305 to run task
[2022-02-20 00:30:09,647] {standard_task_runner.py:76} INFO - Running: ['***', 'tasks', 'run', 'yellow_taxi_gcs_dag', 'download_dataset_task', 'scheduled__2020-06-02T00:00:00+00:00', '--job-id', '479', '--raw', '--subdir', 'DAGS_FOLDER/yellow_taxi_gcs_dag.py', '--cfg-path', '/tmp/tmpjy0hw76b', '--error-file', '/tmp/tmp8viu6tb2']
[2022-02-20 00:30:09,649] {standard_task_runner.py:77} INFO - Job 479: Subtask download_dataset_task
[2022-02-20 00:30:09,729] {logging_mixin.py:109} INFO - Running <TaskInstance: yellow_taxi_gcs_dag.download_dataset_task scheduled__2020-06-02T00:00:00+00:00 [running]> on host da07aa254901
[2022-02-20 00:30:09,792] {warnings.py:110} WARNING - /home/***/.local/lib/python3.7/site-packages/***/utils/context.py:152: AirflowContextDeprecationWarning: Accessing 'execution_date' from the template is deprecated and will be removed in a future version. Please use 'data_interval_start' or 'logical_date' instead.
  warnings.warn(_create_deprecation_warning(key, self._deprecation_replacements[key]))

[2022-02-20 00:30:09,816] {taskinstance.py:1426} INFO - Exporting the following env vars:
AIRFLOW_CTX_DAG_OWNER=***
AIRFLOW_CTX_DAG_ID=yellow_taxi_gcs_dag
AIRFLOW_CTX_TASK_ID=download_dataset_task
AIRFLOW_CTX_EXECUTION_DATE=2020-06-02T00:00:00+00:00
AIRFLOW_CTX_DAG_RUN_ID=scheduled__2020-06-02T00:00:00+00:00
[2022-02-20 00:30:09,817] {subprocess.py:62} INFO - Tmp dir root location: 
 /tmp
[2022-02-20 00:30:09,818] {subprocess.py:74} INFO - Running command: ['bash', '-c', 'curl -sS https://s3.amazonaws.com/nyc-tlc/trip+data/yellow_tripdata_2020-06.csv > /opt/***/output_2020-06.csv']
[2022-02-20 00:30:09,831] {subprocess.py:85} INFO - Output:
[2022-02-20 00:30:28,310] {subprocess.py:93} INFO - Command exited with return code 0
[2022-02-20 00:30:28,345] {taskinstance.py:1277} INFO - Marking task as SUCCESS. dag_id=yellow_taxi_gcs_dag, task_id=download_dataset_task, execution_date=20200602T000000, start_date=20220220T003009, end_date=20220220T003028
[2022-02-20 00:30:28,384] {local_task_job.py:154} INFO - Task exited with return code 0
[2022-02-20 00:30:28,443] {local_task_job.py:264} INFO - 1 downstream tasks scheduled from follow-on schedule check
=======
>>>>>>> origin/master
