[2022-02-03 14:00:17,337] {taskinstance.py:1032} INFO - Dependencies all met for <TaskInstance: LocalIngestionDag.wget scheduled__2021-03-01T06:00:00+00:00 [queued]>
[2022-02-03 14:00:17,386] {taskinstance.py:1032} INFO - Dependencies all met for <TaskInstance: LocalIngestionDag.wget scheduled__2021-03-01T06:00:00+00:00 [queued]>
[2022-02-03 14:00:17,386] {taskinstance.py:1238} INFO - 
--------------------------------------------------------------------------------
[2022-02-03 14:00:17,386] {taskinstance.py:1239} INFO - Starting attempt 1 of 1
[2022-02-03 14:00:17,387] {taskinstance.py:1240} INFO - 
--------------------------------------------------------------------------------
[2022-02-03 14:00:17,467] {taskinstance.py:1259} INFO - Executing <Task(BashOperator): wget> on 2021-03-01 06:00:00+00:00
[2022-02-03 14:00:17,492] {standard_task_runner.py:52} INFO - Started process 162 to run task
[2022-02-03 14:00:17,823] {standard_task_runner.py:76} INFO - Running: ['***', 'tasks', 'run', 'LocalIngestionDag', 'wget', 'scheduled__2021-03-01T06:00:00+00:00', '--job-id', '95', '--raw', '--subdir', 'DAGS_FOLDER/data_ingestion_localDB_dag.py', '--cfg-path', '/tmp/tmprtt07rsq', '--error-file', '/tmp/tmpa21gus_y']
[2022-02-03 14:00:17,823] {standard_task_runner.py:77} INFO - Job 95: Subtask wget
[2022-02-03 14:00:19,392] {logging_mixin.py:109} INFO - Running <TaskInstance: LocalIngestionDag.wget scheduled__2021-03-01T06:00:00+00:00 [running]> on host cd3baa871297
[2022-02-03 14:00:20,457] {warnings.py:110} WARNING - /home/***/.local/lib/python3.7/site-packages/***/utils/context.py:152: AirflowContextDeprecationWarning: Accessing 'execution_date' from the template is deprecated and will be removed in a future version. Please use 'data_interval_start' or 'logical_date' instead.
  warnings.warn(_create_deprecation_warning(key, self._deprecation_replacements[key]))

[2022-02-03 14:00:20,629] {taskinstance.py:1426} INFO - Exporting the following env vars:
AIRFLOW_CTX_DAG_OWNER=***
AIRFLOW_CTX_DAG_ID=LocalIngestionDag
AIRFLOW_CTX_TASK_ID=wget
AIRFLOW_CTX_EXECUTION_DATE=2021-03-01T06:00:00+00:00
AIRFLOW_CTX_DAG_RUN_ID=scheduled__2021-03-01T06:00:00+00:00
[2022-02-03 14:00:20,637] {subprocess.py:62} INFO - Tmp dir root location: 
 /tmp
[2022-02-03 14:00:20,641] {subprocess.py:74} INFO - Running command: ['bash', '-c', 'echo "2021-03"']
[2022-02-03 14:00:20,850] {subprocess.py:85} INFO - Output:
[2022-02-03 14:00:20,866] {subprocess.py:89} INFO - 2021-03
[2022-02-03 14:00:20,900] {subprocess.py:93} INFO - Command exited with return code 0
[2022-02-03 14:00:21,024] {taskinstance.py:1277} INFO - Marking task as SUCCESS. dag_id=LocalIngestionDag, task_id=wget, execution_date=20210301T060000, start_date=20220203T140017, end_date=20220203T140021
[2022-02-03 14:00:21,195] {local_task_job.py:154} INFO - Task exited with return code 0
[2022-02-03 14:00:21,436] {local_task_job.py:264} INFO - 0 downstream tasks scheduled from follow-on schedule check
