[2022-02-09 20:37:59,938] {taskinstance.py:1032} INFO - Dependencies all met for <TaskInstance: green_taxi_gcs_dag.delete_the_local_file scheduled__2020-07-02T00:00:00+00:00 [queued]>
[2022-02-09 20:37:59,971] {taskinstance.py:1032} INFO - Dependencies all met for <TaskInstance: green_taxi_gcs_dag.delete_the_local_file scheduled__2020-07-02T00:00:00+00:00 [queued]>
[2022-02-09 20:37:59,972] {taskinstance.py:1238} INFO - 
--------------------------------------------------------------------------------
[2022-02-09 20:37:59,972] {taskinstance.py:1239} INFO - Starting attempt 1 of 2
[2022-02-09 20:37:59,972] {taskinstance.py:1240} INFO - 
--------------------------------------------------------------------------------
[2022-02-09 20:38:00,015] {taskinstance.py:1259} INFO - Executing <Task(BashOperator): delete_the_local_file> on 2020-07-02 00:00:00+00:00
[2022-02-09 20:38:00,034] {standard_task_runner.py:52} INFO - Started process 262 to run task
[2022-02-09 20:38:00,068] {standard_task_runner.py:76} INFO - Running: ['***', 'tasks', 'run', 'green_taxi_gcs_dag', 'delete_the_local_file', 'scheduled__2020-07-02T00:00:00+00:00', '--job-id', '95', '--raw', '--subdir', 'DAGS_FOLDER/green_gcs_dag.py', '--cfg-path', '/tmp/tmpsg223onp', '--error-file', '/tmp/tmpvs5a4n28']
[2022-02-09 20:38:00,078] {standard_task_runner.py:77} INFO - Job 95: Subtask delete_the_local_file
[2022-02-09 20:38:00,280] {logging_mixin.py:109} INFO - Running <TaskInstance: green_taxi_gcs_dag.delete_the_local_file scheduled__2020-07-02T00:00:00+00:00 [running]> on host 4f97b6b16bdb
[2022-02-09 20:38:00,464] {warnings.py:110} WARNING - /home/***/.local/lib/python3.7/site-packages/***/utils/context.py:152: AirflowContextDeprecationWarning: Accessing 'execution_date' from the template is deprecated and will be removed in a future version. Please use 'data_interval_start' or 'logical_date' instead.
  warnings.warn(_create_deprecation_warning(key, self._deprecation_replacements[key]))

[2022-02-09 20:38:00,532] {taskinstance.py:1426} INFO - Exporting the following env vars:
AIRFLOW_CTX_DAG_OWNER=***
AIRFLOW_CTX_DAG_ID=green_taxi_gcs_dag
AIRFLOW_CTX_TASK_ID=delete_the_local_file
AIRFLOW_CTX_EXECUTION_DATE=2020-07-02T00:00:00+00:00
AIRFLOW_CTX_DAG_RUN_ID=scheduled__2020-07-02T00:00:00+00:00
[2022-02-09 20:38:00,535] {subprocess.py:62} INFO - Tmp dir root location: 
 /tmp
[2022-02-09 20:38:00,536] {subprocess.py:74} INFO - Running command: ['bash', '-c', 'rm /opt/***/output_2020-07.csv | rm /opt/***/output_2020-07.parquet']
[2022-02-09 20:38:00,573] {subprocess.py:85} INFO - Output:
[2022-02-09 20:38:00,602] {subprocess.py:93} INFO - Command exited with return code 0
[2022-02-09 20:38:00,733] {taskinstance.py:1277} INFO - Marking task as SUCCESS. dag_id=green_taxi_gcs_dag, task_id=delete_the_local_file, execution_date=20200702T000000, start_date=20220209T203759, end_date=20220209T203800
[2022-02-09 20:38:00,873] {local_task_job.py:154} INFO - Task exited with return code 0
[2022-02-09 20:38:01,027] {local_task_job.py:264} INFO - 0 downstream tasks scheduled from follow-on schedule check
[2022-02-09 20:48:10,153] {taskinstance.py:1032} INFO - Dependencies all met for <TaskInstance: green_taxi_gcs_dag.delete_the_local_file scheduled__2020-07-02T00:00:00+00:00 [queued]>
[2022-02-09 20:48:10,290] {taskinstance.py:1032} INFO - Dependencies all met for <TaskInstance: green_taxi_gcs_dag.delete_the_local_file scheduled__2020-07-02T00:00:00+00:00 [queued]>
[2022-02-09 20:48:10,290] {taskinstance.py:1238} INFO - 
--------------------------------------------------------------------------------
[2022-02-09 20:48:10,290] {taskinstance.py:1239} INFO - Starting attempt 1 of 2
[2022-02-09 20:48:10,291] {taskinstance.py:1240} INFO - 
--------------------------------------------------------------------------------
[2022-02-09 20:48:10,350] {taskinstance.py:1259} INFO - Executing <Task(BashOperator): delete_the_local_file> on 2020-07-02 00:00:00+00:00
[2022-02-09 20:48:10,374] {standard_task_runner.py:52} INFO - Started process 1125 to run task
[2022-02-09 20:48:10,406] {standard_task_runner.py:76} INFO - Running: ['***', 'tasks', 'run', 'green_taxi_gcs_dag', 'delete_the_local_file', 'scheduled__2020-07-02T00:00:00+00:00', '--job-id', '191', '--raw', '--subdir', 'DAGS_FOLDER/green_gcs_dag.py', '--cfg-path', '/tmp/tmpe0pwza5w', '--error-file', '/tmp/tmpxvwnz7l1']
[2022-02-09 20:48:10,408] {standard_task_runner.py:77} INFO - Job 191: Subtask delete_the_local_file
[2022-02-09 20:48:10,590] {logging_mixin.py:109} INFO - Running <TaskInstance: green_taxi_gcs_dag.delete_the_local_file scheduled__2020-07-02T00:00:00+00:00 [running]> on host 4f97b6b16bdb
[2022-02-09 20:48:10,785] {warnings.py:110} WARNING - /home/***/.local/lib/python3.7/site-packages/***/utils/context.py:152: AirflowContextDeprecationWarning: Accessing 'execution_date' from the template is deprecated and will be removed in a future version. Please use 'data_interval_start' or 'logical_date' instead.
  warnings.warn(_create_deprecation_warning(key, self._deprecation_replacements[key]))

[2022-02-09 20:48:10,874] {taskinstance.py:1426} INFO - Exporting the following env vars:
AIRFLOW_CTX_DAG_OWNER=***
AIRFLOW_CTX_DAG_ID=green_taxi_gcs_dag
AIRFLOW_CTX_TASK_ID=delete_the_local_file
AIRFLOW_CTX_EXECUTION_DATE=2020-07-02T00:00:00+00:00
AIRFLOW_CTX_DAG_RUN_ID=scheduled__2020-07-02T00:00:00+00:00
[2022-02-09 20:48:10,875] {subprocess.py:62} INFO - Tmp dir root location: 
 /tmp
[2022-02-09 20:48:10,876] {subprocess.py:74} INFO - Running command: ['bash', '-c', 'rm /opt/***/output_2020-07.csv | rm /opt/***/output_2020-07.parquet']
[2022-02-09 20:48:10,905] {subprocess.py:85} INFO - Output:
[2022-02-09 20:48:10,937] {subprocess.py:93} INFO - Command exited with return code 0
[2022-02-09 20:48:11,025] {taskinstance.py:1277} INFO - Marking task as SUCCESS. dag_id=green_taxi_gcs_dag, task_id=delete_the_local_file, execution_date=20200702T000000, start_date=20220209T204810, end_date=20220209T204811
[2022-02-09 20:48:11,151] {local_task_job.py:154} INFO - Task exited with return code 0
[2022-02-09 20:48:11,275] {local_task_job.py:264} INFO - 0 downstream tasks scheduled from follow-on schedule check
[2022-02-20 00:08:20,501] {taskinstance.py:1032} INFO - Dependencies all met for <TaskInstance: green_taxi_gcs_dag.delete_the_local_file scheduled__2020-07-02T00:00:00+00:00 [queued]>
[2022-02-20 00:08:20,514] {taskinstance.py:1032} INFO - Dependencies all met for <TaskInstance: green_taxi_gcs_dag.delete_the_local_file scheduled__2020-07-02T00:00:00+00:00 [queued]>
[2022-02-20 00:08:20,514] {taskinstance.py:1238} INFO - 
--------------------------------------------------------------------------------
[2022-02-20 00:08:20,514] {taskinstance.py:1239} INFO - Starting attempt 1 of 2
[2022-02-20 00:08:20,514] {taskinstance.py:1240} INFO - 
--------------------------------------------------------------------------------
[2022-02-20 00:08:20,527] {taskinstance.py:1259} INFO - Executing <Task(BashOperator): delete_the_local_file> on 2020-07-02 00:00:00+00:00
[2022-02-20 00:08:20,533] {standard_task_runner.py:52} INFO - Started process 1024 to run task
[2022-02-20 00:08:20,537] {standard_task_runner.py:76} INFO - Running: ['***', 'tasks', 'run', 'green_taxi_gcs_dag', 'delete_the_local_file', 'scheduled__2020-07-02T00:00:00+00:00', '--job-id', '383', '--raw', '--subdir', 'DAGS_FOLDER/green_gcs_dag.py', '--cfg-path', '/tmp/tmpmt622pj0', '--error-file', '/tmp/tmp3d9osqbs']
[2022-02-20 00:08:20,537] {standard_task_runner.py:77} INFO - Job 383: Subtask delete_the_local_file
[2022-02-20 00:08:20,595] {logging_mixin.py:109} INFO - Running <TaskInstance: green_taxi_gcs_dag.delete_the_local_file scheduled__2020-07-02T00:00:00+00:00 [running]> on host da07aa254901
[2022-02-20 00:08:20,637] {warnings.py:110} WARNING - /home/***/.local/lib/python3.7/site-packages/***/utils/context.py:152: AirflowContextDeprecationWarning: Accessing 'execution_date' from the template is deprecated and will be removed in a future version. Please use 'data_interval_start' or 'logical_date' instead.
  warnings.warn(_create_deprecation_warning(key, self._deprecation_replacements[key]))

[2022-02-20 00:08:20,656] {taskinstance.py:1426} INFO - Exporting the following env vars:
AIRFLOW_CTX_DAG_OWNER=***
AIRFLOW_CTX_DAG_ID=green_taxi_gcs_dag
AIRFLOW_CTX_TASK_ID=delete_the_local_file
AIRFLOW_CTX_EXECUTION_DATE=2020-07-02T00:00:00+00:00
AIRFLOW_CTX_DAG_RUN_ID=scheduled__2020-07-02T00:00:00+00:00
[2022-02-20 00:08:20,657] {subprocess.py:62} INFO - Tmp dir root location: 
 /tmp
[2022-02-20 00:08:20,657] {subprocess.py:74} INFO - Running command: ['bash', '-c', 'rm /opt/***/output_2020-07.csv | rm /opt/***/output_2020-07.parquet']
[2022-02-20 00:08:20,669] {subprocess.py:85} INFO - Output:
[2022-02-20 00:08:20,675] {subprocess.py:93} INFO - Command exited with return code 0
[2022-02-20 00:08:20,705] {taskinstance.py:1277} INFO - Marking task as SUCCESS. dag_id=green_taxi_gcs_dag, task_id=delete_the_local_file, execution_date=20200702T000000, start_date=20220220T000820, end_date=20220220T000820
[2022-02-20 00:08:20,748] {local_task_job.py:154} INFO - Task exited with return code 0
[2022-02-20 00:08:20,783] {local_task_job.py:264} INFO - 0 downstream tasks scheduled from follow-on schedule check
[2022-02-20 02:01:56,368] {taskinstance.py:1032} INFO - Dependencies all met for <TaskInstance: green_taxi_gcs_dag.delete_the_local_file scheduled__2020-07-02T00:00:00+00:00 [queued]>
[2022-02-20 02:01:56,407] {taskinstance.py:1032} INFO - Dependencies all met for <TaskInstance: green_taxi_gcs_dag.delete_the_local_file scheduled__2020-07-02T00:00:00+00:00 [queued]>
[2022-02-20 02:01:56,407] {taskinstance.py:1238} INFO - 
--------------------------------------------------------------------------------
[2022-02-20 02:01:56,407] {taskinstance.py:1239} INFO - Starting attempt 1 of 2
[2022-02-20 02:01:56,408] {taskinstance.py:1240} INFO - 
--------------------------------------------------------------------------------
[2022-02-20 02:01:56,445] {taskinstance.py:1259} INFO - Executing <Task(BashOperator): delete_the_local_file> on 2020-07-02 00:00:00+00:00
[2022-02-20 02:01:56,458] {standard_task_runner.py:52} INFO - Started process 738 to run task
[2022-02-20 02:01:56,486] {standard_task_runner.py:76} INFO - Running: ['***', 'tasks', 'run', 'green_taxi_gcs_dag', 'delete_the_local_file', 'scheduled__2020-07-02T00:00:00+00:00', '--job-id', '593', '--raw', '--subdir', 'DAGS_FOLDER/green_gcs_dag.py', '--cfg-path', '/tmp/tmpo7eiu6_0', '--error-file', '/tmp/tmpd7c66xm_']
[2022-02-20 02:01:56,488] {standard_task_runner.py:77} INFO - Job 593: Subtask delete_the_local_file
[2022-02-20 02:01:56,626] {logging_mixin.py:109} INFO - Running <TaskInstance: green_taxi_gcs_dag.delete_the_local_file scheduled__2020-07-02T00:00:00+00:00 [running]> on host 5484a3a1f7c3
[2022-02-20 02:01:56,705] {warnings.py:110} WARNING - /home/***/.local/lib/python3.7/site-packages/***/utils/context.py:152: AirflowContextDeprecationWarning: Accessing 'execution_date' from the template is deprecated and will be removed in a future version. Please use 'data_interval_start' or 'logical_date' instead.
  warnings.warn(_create_deprecation_warning(key, self._deprecation_replacements[key]))

[2022-02-20 02:01:56,758] {taskinstance.py:1426} INFO - Exporting the following env vars:
AIRFLOW_CTX_DAG_OWNER=***
AIRFLOW_CTX_DAG_ID=green_taxi_gcs_dag
AIRFLOW_CTX_TASK_ID=delete_the_local_file
AIRFLOW_CTX_EXECUTION_DATE=2020-07-02T00:00:00+00:00
AIRFLOW_CTX_DAG_RUN_ID=scheduled__2020-07-02T00:00:00+00:00
[2022-02-20 02:01:56,759] {subprocess.py:62} INFO - Tmp dir root location: 
 /tmp
[2022-02-20 02:01:56,760] {subprocess.py:74} INFO - Running command: ['bash', '-c', 'rm /opt/***/output_2020-07.csv | rm /opt/***/output_2020-07.parquet']
[2022-02-20 02:01:56,787] {subprocess.py:85} INFO - Output:
[2022-02-20 02:01:56,806] {subprocess.py:93} INFO - Command exited with return code 0
[2022-02-20 02:01:56,851] {taskinstance.py:1277} INFO - Marking task as SUCCESS. dag_id=green_taxi_gcs_dag, task_id=delete_the_local_file, execution_date=20200702T000000, start_date=20220220T020156, end_date=20220220T020156
[2022-02-20 02:01:56,923] {local_task_job.py:154} INFO - Task exited with return code 0
[2022-02-20 02:01:56,978] {local_task_job.py:264} INFO - 0 downstream tasks scheduled from follow-on schedule check
