[2022-02-03 18:15:22,893] {taskinstance.py:1032} INFO - Dependencies all met for <TaskInstance: fhv_gcs_dag.delete_the_local_file scheduled__2019-04-02T00:00:00+00:00 [queued]>
[2022-02-03 18:15:22,923] {taskinstance.py:1032} INFO - Dependencies all met for <TaskInstance: fhv_gcs_dag.delete_the_local_file scheduled__2019-04-02T00:00:00+00:00 [queued]>
[2022-02-03 18:15:22,923] {taskinstance.py:1238} INFO - 
--------------------------------------------------------------------------------
[2022-02-03 18:15:22,923] {taskinstance.py:1239} INFO - Starting attempt 1 of 2
[2022-02-03 18:15:22,924] {taskinstance.py:1240} INFO - 
--------------------------------------------------------------------------------
[2022-02-03 18:15:22,949] {taskinstance.py:1259} INFO - Executing <Task(BashOperator): delete_the_local_file> on 2019-04-02 00:00:00+00:00
[2022-02-03 18:15:22,960] {standard_task_runner.py:52} INFO - Started process 950 to run task
[2022-02-03 18:15:22,968] {standard_task_runner.py:76} INFO - Running: ['***', 'tasks', 'run', 'fhv_gcs_dag', 'delete_the_local_file', 'scheduled__2019-04-02T00:00:00+00:00', '--job-id', '161', '--raw', '--subdir', 'DAGS_FOLDER/fhv_gcs_dag.py', '--cfg-path', '/tmp/tmp2vbdlspl', '--error-file', '/tmp/tmppu5t3ydy']
[2022-02-03 18:15:22,971] {standard_task_runner.py:77} INFO - Job 161: Subtask delete_the_local_file
[2022-02-03 18:15:23,099] {logging_mixin.py:109} INFO - Running <TaskInstance: fhv_gcs_dag.delete_the_local_file scheduled__2019-04-02T00:00:00+00:00 [running]> on host bd2f56b76e32
[2022-02-03 18:15:23,172] {warnings.py:110} WARNING - /home/***/.local/lib/python3.7/site-packages/***/utils/context.py:152: AirflowContextDeprecationWarning: Accessing 'execution_date' from the template is deprecated and will be removed in a future version. Please use 'data_interval_start' or 'logical_date' instead.
  warnings.warn(_create_deprecation_warning(key, self._deprecation_replacements[key]))

[2022-02-03 18:15:23,199] {taskinstance.py:1426} INFO - Exporting the following env vars:
AIRFLOW_CTX_DAG_OWNER=***
AIRFLOW_CTX_DAG_ID=fhv_gcs_dag
AIRFLOW_CTX_TASK_ID=delete_the_local_file
AIRFLOW_CTX_EXECUTION_DATE=2019-04-02T00:00:00+00:00
AIRFLOW_CTX_DAG_RUN_ID=scheduled__2019-04-02T00:00:00+00:00
[2022-02-03 18:15:23,200] {subprocess.py:62} INFO - Tmp dir root location: 
 /tmp
[2022-02-03 18:15:23,202] {subprocess.py:74} INFO - Running command: ['bash', '-c', 'rm /opt/***/output_2019-04.csv | rm /opt/***/output_2019-04.parquet']
[2022-02-03 18:15:23,214] {subprocess.py:85} INFO - Output:
[2022-02-03 18:15:23,242] {subprocess.py:93} INFO - Command exited with return code 0
[2022-02-03 18:15:23,331] {taskinstance.py:1277} INFO - Marking task as SUCCESS. dag_id=fhv_gcs_dag, task_id=delete_the_local_file, execution_date=20190402T000000, start_date=20220203T181522, end_date=20220203T181523
[2022-02-03 18:15:23,383] {local_task_job.py:154} INFO - Task exited with return code 0
[2022-02-03 18:15:23,418] {local_task_job.py:264} INFO - 0 downstream tasks scheduled from follow-on schedule check
<<<<<<< HEAD
[2022-02-23 20:41:04,239] {taskinstance.py:1032} INFO - Dependencies all met for <TaskInstance: fhv_gcs_dag.delete_the_local_file scheduled__2019-04-02T00:00:00+00:00 [queued]>
[2022-02-23 20:41:04,291] {taskinstance.py:1032} INFO - Dependencies all met for <TaskInstance: fhv_gcs_dag.delete_the_local_file scheduled__2019-04-02T00:00:00+00:00 [queued]>
[2022-02-23 20:41:04,292] {taskinstance.py:1238} INFO - 
--------------------------------------------------------------------------------
[2022-02-23 20:41:04,292] {taskinstance.py:1239} INFO - Starting attempt 1 of 2
[2022-02-23 20:41:04,292] {taskinstance.py:1240} INFO - 
--------------------------------------------------------------------------------
[2022-02-23 20:41:04,324] {taskinstance.py:1259} INFO - Executing <Task(BashOperator): delete_the_local_file> on 2019-04-02 00:00:00+00:00
[2022-02-23 20:41:04,332] {standard_task_runner.py:52} INFO - Started process 299 to run task
[2022-02-23 20:41:04,338] {standard_task_runner.py:76} INFO - Running: ['***', 'tasks', 'run', 'fhv_gcs_dag', 'delete_the_local_file', 'scheduled__2019-04-02T00:00:00+00:00', '--job-id', '16', '--raw', '--subdir', 'DAGS_FOLDER/fhv_gcs_dag.py', '--cfg-path', '/tmp/tmpj7xsxrws', '--error-file', '/tmp/tmppk79p728']
[2022-02-23 20:41:04,340] {standard_task_runner.py:77} INFO - Job 16: Subtask delete_the_local_file
[2022-02-23 20:41:04,437] {logging_mixin.py:109} INFO - Running <TaskInstance: fhv_gcs_dag.delete_the_local_file scheduled__2019-04-02T00:00:00+00:00 [running]> on host 1c172e0325c8
[2022-02-23 20:41:04,484] {warnings.py:110} WARNING - /home/***/.local/lib/python3.7/site-packages/***/utils/context.py:152: AirflowContextDeprecationWarning: Accessing 'execution_date' from the template is deprecated and will be removed in a future version. Please use 'data_interval_start' or 'logical_date' instead.
  warnings.warn(_create_deprecation_warning(key, self._deprecation_replacements[key]))

[2022-02-23 20:41:04,506] {taskinstance.py:1426} INFO - Exporting the following env vars:
AIRFLOW_CTX_DAG_OWNER=***
AIRFLOW_CTX_DAG_ID=fhv_gcs_dag
AIRFLOW_CTX_TASK_ID=delete_the_local_file
AIRFLOW_CTX_EXECUTION_DATE=2019-04-02T00:00:00+00:00
AIRFLOW_CTX_DAG_RUN_ID=scheduled__2019-04-02T00:00:00+00:00
[2022-02-23 20:41:04,507] {subprocess.py:62} INFO - Tmp dir root location: 
 /tmp
[2022-02-23 20:41:04,508] {subprocess.py:74} INFO - Running command: ['bash', '-c', 'rm /opt/***/output_2019-04.csv | rm /opt/***/output_2019-04.parquet']
[2022-02-23 20:41:04,524] {subprocess.py:85} INFO - Output:
[2022-02-23 20:41:04,541] {subprocess.py:93} INFO - Command exited with return code 0
[2022-02-23 20:41:04,575] {taskinstance.py:1277} INFO - Marking task as SUCCESS. dag_id=fhv_gcs_dag, task_id=delete_the_local_file, execution_date=20190402T000000, start_date=20220223T204104, end_date=20220223T204104
[2022-02-23 20:41:04,637] {local_task_job.py:154} INFO - Task exited with return code 0
[2022-02-23 20:41:04,678] {local_task_job.py:264} INFO - 0 downstream tasks scheduled from follow-on schedule check
=======
>>>>>>> origin/master
