[2022-02-09 20:39:18,764] {taskinstance.py:1032} INFO - Dependencies all met for <TaskInstance: green_taxi_gcs_dag.local_to_gcs_task scheduled__2020-12-02T00:00:00+00:00 [queued]>
[2022-02-09 20:39:18,850] {taskinstance.py:1032} INFO - Dependencies all met for <TaskInstance: green_taxi_gcs_dag.local_to_gcs_task scheduled__2020-12-02T00:00:00+00:00 [queued]>
[2022-02-09 20:39:18,853] {taskinstance.py:1238} INFO - 
--------------------------------------------------------------------------------
[2022-02-09 20:39:18,853] {taskinstance.py:1239} INFO - Starting attempt 1 of 2
[2022-02-09 20:39:18,854] {taskinstance.py:1240} INFO - 
--------------------------------------------------------------------------------
[2022-02-09 20:39:18,884] {taskinstance.py:1259} INFO - Executing <Task(PythonOperator): local_to_gcs_task> on 2020-12-02 00:00:00+00:00
[2022-02-09 20:39:18,917] {standard_task_runner.py:52} INFO - Started process 413 to run task
[2022-02-09 20:39:18,925] {standard_task_runner.py:76} INFO - Running: ['***', 'tasks', 'run', 'green_taxi_gcs_dag', 'local_to_gcs_task', 'scheduled__2020-12-02T00:00:00+00:00', '--job-id', '113', '--raw', '--subdir', 'DAGS_FOLDER/green_gcs_dag.py', '--cfg-path', '/tmp/tmpqxybg7lb', '--error-file', '/tmp/tmpos3jtk5s']
[2022-02-09 20:39:18,944] {standard_task_runner.py:77} INFO - Job 113: Subtask local_to_gcs_task
[2022-02-09 20:39:19,148] {logging_mixin.py:109} INFO - Running <TaskInstance: green_taxi_gcs_dag.local_to_gcs_task scheduled__2020-12-02T00:00:00+00:00 [running]> on host 4f97b6b16bdb
[2022-02-09 20:39:19,254] {warnings.py:110} WARNING - /home/***/.local/lib/python3.7/site-packages/***/utils/context.py:152: AirflowContextDeprecationWarning: Accessing 'execution_date' from the template is deprecated and will be removed in a future version. Please use 'data_interval_start' or 'logical_date' instead.
  warnings.warn(_create_deprecation_warning(key, self._deprecation_replacements[key]))

[2022-02-09 20:39:19,306] {taskinstance.py:1426} INFO - Exporting the following env vars:
AIRFLOW_CTX_DAG_OWNER=***
AIRFLOW_CTX_DAG_ID=green_taxi_gcs_dag
AIRFLOW_CTX_TASK_ID=local_to_gcs_task
AIRFLOW_CTX_EXECUTION_DATE=2020-12-02T00:00:00+00:00
AIRFLOW_CTX_DAG_RUN_ID=scheduled__2020-12-02T00:00:00+00:00
[2022-02-09 20:39:19,884] {python.py:175} INFO - Done. Returned value was: None
[2022-02-09 20:39:20,132] {taskinstance.py:1277} INFO - Marking task as SUCCESS. dag_id=green_taxi_gcs_dag, task_id=local_to_gcs_task, execution_date=20201202T000000, start_date=20220209T203918, end_date=20220209T203920
[2022-02-09 20:39:20,304] {local_task_job.py:154} INFO - Task exited with return code 0
[2022-02-09 20:39:20,500] {local_task_job.py:264} INFO - 1 downstream tasks scheduled from follow-on schedule check
[2022-02-09 20:48:52,079] {taskinstance.py:1032} INFO - Dependencies all met for <TaskInstance: green_taxi_gcs_dag.local_to_gcs_task scheduled__2020-12-02T00:00:00+00:00 [queued]>
[2022-02-09 20:48:52,100] {taskinstance.py:1032} INFO - Dependencies all met for <TaskInstance: green_taxi_gcs_dag.local_to_gcs_task scheduled__2020-12-02T00:00:00+00:00 [queued]>
[2022-02-09 20:48:52,100] {taskinstance.py:1238} INFO - 
--------------------------------------------------------------------------------
[2022-02-09 20:48:52,100] {taskinstance.py:1239} INFO - Starting attempt 1 of 2
[2022-02-09 20:48:52,100] {taskinstance.py:1240} INFO - 
--------------------------------------------------------------------------------
[2022-02-09 20:48:52,119] {taskinstance.py:1259} INFO - Executing <Task(PythonOperator): local_to_gcs_task> on 2020-12-02 00:00:00+00:00
[2022-02-09 20:48:52,127] {standard_task_runner.py:52} INFO - Started process 1229 to run task
[2022-02-09 20:48:52,132] {standard_task_runner.py:76} INFO - Running: ['***', 'tasks', 'run', 'green_taxi_gcs_dag', 'local_to_gcs_task', 'scheduled__2020-12-02T00:00:00+00:00', '--job-id', '205', '--raw', '--subdir', 'DAGS_FOLDER/green_gcs_dag.py', '--cfg-path', '/tmp/tmpt5wb2xo2', '--error-file', '/tmp/tmps0at6lnq']
[2022-02-09 20:48:52,134] {standard_task_runner.py:77} INFO - Job 205: Subtask local_to_gcs_task
[2022-02-09 20:48:52,222] {logging_mixin.py:109} INFO - Running <TaskInstance: green_taxi_gcs_dag.local_to_gcs_task scheduled__2020-12-02T00:00:00+00:00 [running]> on host 4f97b6b16bdb
[2022-02-09 20:48:52,299] {warnings.py:110} WARNING - /home/***/.local/lib/python3.7/site-packages/***/utils/context.py:152: AirflowContextDeprecationWarning: Accessing 'execution_date' from the template is deprecated and will be removed in a future version. Please use 'data_interval_start' or 'logical_date' instead.
  warnings.warn(_create_deprecation_warning(key, self._deprecation_replacements[key]))

[2022-02-09 20:48:52,339] {taskinstance.py:1426} INFO - Exporting the following env vars:
AIRFLOW_CTX_DAG_OWNER=***
AIRFLOW_CTX_DAG_ID=green_taxi_gcs_dag
AIRFLOW_CTX_TASK_ID=local_to_gcs_task
AIRFLOW_CTX_EXECUTION_DATE=2020-12-02T00:00:00+00:00
AIRFLOW_CTX_DAG_RUN_ID=scheduled__2020-12-02T00:00:00+00:00
[2022-02-09 20:48:52,822] {python.py:175} INFO - Done. Returned value was: None
[2022-02-09 20:48:52,839] {taskinstance.py:1277} INFO - Marking task as SUCCESS. dag_id=green_taxi_gcs_dag, task_id=local_to_gcs_task, execution_date=20201202T000000, start_date=20220209T204852, end_date=20220209T204852
[2022-02-09 20:48:52,947] {local_task_job.py:154} INFO - Task exited with return code 0
[2022-02-09 20:48:53,049] {local_task_job.py:264} INFO - 1 downstream tasks scheduled from follow-on schedule check
[2022-02-20 00:08:51,653] {taskinstance.py:1032} INFO - Dependencies all met for <TaskInstance: green_taxi_gcs_dag.local_to_gcs_task scheduled__2020-12-02T00:00:00+00:00 [queued]>
[2022-02-20 00:08:51,673] {taskinstance.py:1032} INFO - Dependencies all met for <TaskInstance: green_taxi_gcs_dag.local_to_gcs_task scheduled__2020-12-02T00:00:00+00:00 [queued]>
[2022-02-20 00:08:51,673] {taskinstance.py:1238} INFO - 
--------------------------------------------------------------------------------
[2022-02-20 00:08:51,673] {taskinstance.py:1239} INFO - Starting attempt 1 of 2
[2022-02-20 00:08:51,673] {taskinstance.py:1240} INFO - 
--------------------------------------------------------------------------------
[2022-02-20 00:08:51,706] {taskinstance.py:1259} INFO - Executing <Task(PythonOperator): local_to_gcs_task> on 2020-12-02 00:00:00+00:00
[2022-02-20 00:08:51,715] {standard_task_runner.py:52} INFO - Started process 1148 to run task
[2022-02-20 00:08:51,727] {standard_task_runner.py:76} INFO - Running: ['***', 'tasks', 'run', 'green_taxi_gcs_dag', 'local_to_gcs_task', 'scheduled__2020-12-02T00:00:00+00:00', '--job-id', '401', '--raw', '--subdir', 'DAGS_FOLDER/green_gcs_dag.py', '--cfg-path', '/tmp/tmpv16ygtqn', '--error-file', '/tmp/tmphy1642mw']
[2022-02-20 00:08:51,729] {standard_task_runner.py:77} INFO - Job 401: Subtask local_to_gcs_task
[2022-02-20 00:08:51,879] {logging_mixin.py:109} INFO - Running <TaskInstance: green_taxi_gcs_dag.local_to_gcs_task scheduled__2020-12-02T00:00:00+00:00 [running]> on host da07aa254901
[2022-02-20 00:08:52,015] {warnings.py:110} WARNING - /home/***/.local/lib/python3.7/site-packages/***/utils/context.py:152: AirflowContextDeprecationWarning: Accessing 'execution_date' from the template is deprecated and will be removed in a future version. Please use 'data_interval_start' or 'logical_date' instead.
  warnings.warn(_create_deprecation_warning(key, self._deprecation_replacements[key]))

[2022-02-20 00:08:52,064] {taskinstance.py:1426} INFO - Exporting the following env vars:
AIRFLOW_CTX_DAG_OWNER=***
AIRFLOW_CTX_DAG_ID=green_taxi_gcs_dag
AIRFLOW_CTX_TASK_ID=local_to_gcs_task
AIRFLOW_CTX_EXECUTION_DATE=2020-12-02T00:00:00+00:00
AIRFLOW_CTX_DAG_RUN_ID=scheduled__2020-12-02T00:00:00+00:00
[2022-02-20 00:08:52,565] {python.py:175} INFO - Done. Returned value was: None
[2022-02-20 00:08:52,588] {taskinstance.py:1277} INFO - Marking task as SUCCESS. dag_id=green_taxi_gcs_dag, task_id=local_to_gcs_task, execution_date=20201202T000000, start_date=20220220T000851, end_date=20220220T000852
[2022-02-20 00:08:52,633] {local_task_job.py:154} INFO - Task exited with return code 0
[2022-02-20 00:08:52,715] {local_task_job.py:264} INFO - 1 downstream tasks scheduled from follow-on schedule check
[2022-02-20 02:02:12,115] {taskinstance.py:1032} INFO - Dependencies all met for <TaskInstance: green_taxi_gcs_dag.local_to_gcs_task scheduled__2020-12-02T00:00:00+00:00 [queued]>
[2022-02-20 02:02:12,137] {taskinstance.py:1032} INFO - Dependencies all met for <TaskInstance: green_taxi_gcs_dag.local_to_gcs_task scheduled__2020-12-02T00:00:00+00:00 [queued]>
[2022-02-20 02:02:12,137] {taskinstance.py:1238} INFO - 
--------------------------------------------------------------------------------
[2022-02-20 02:02:12,138] {taskinstance.py:1239} INFO - Starting attempt 1 of 2
[2022-02-20 02:02:12,138] {taskinstance.py:1240} INFO - 
--------------------------------------------------------------------------------
[2022-02-20 02:02:12,163] {taskinstance.py:1259} INFO - Executing <Task(PythonOperator): local_to_gcs_task> on 2020-12-02 00:00:00+00:00
[2022-02-20 02:02:12,170] {standard_task_runner.py:52} INFO - Started process 807 to run task
[2022-02-20 02:02:12,192] {standard_task_runner.py:76} INFO - Running: ['***', 'tasks', 'run', 'green_taxi_gcs_dag', 'local_to_gcs_task', 'scheduled__2020-12-02T00:00:00+00:00', '--job-id', '605', '--raw', '--subdir', 'DAGS_FOLDER/green_gcs_dag.py', '--cfg-path', '/tmp/tmpcnlr6a9z', '--error-file', '/tmp/tmpxwfd01fy']
[2022-02-20 02:02:12,194] {standard_task_runner.py:77} INFO - Job 605: Subtask local_to_gcs_task
[2022-02-20 02:02:12,294] {logging_mixin.py:109} INFO - Running <TaskInstance: green_taxi_gcs_dag.local_to_gcs_task scheduled__2020-12-02T00:00:00+00:00 [running]> on host 5484a3a1f7c3
[2022-02-20 02:02:12,348] {warnings.py:110} WARNING - /home/***/.local/lib/python3.7/site-packages/***/utils/context.py:152: AirflowContextDeprecationWarning: Accessing 'execution_date' from the template is deprecated and will be removed in a future version. Please use 'data_interval_start' or 'logical_date' instead.
  warnings.warn(_create_deprecation_warning(key, self._deprecation_replacements[key]))

[2022-02-20 02:02:12,377] {taskinstance.py:1426} INFO - Exporting the following env vars:
AIRFLOW_CTX_DAG_OWNER=***
AIRFLOW_CTX_DAG_ID=green_taxi_gcs_dag
AIRFLOW_CTX_TASK_ID=local_to_gcs_task
AIRFLOW_CTX_EXECUTION_DATE=2020-12-02T00:00:00+00:00
AIRFLOW_CTX_DAG_RUN_ID=scheduled__2020-12-02T00:00:00+00:00
[2022-02-20 02:02:12,840] {python.py:175} INFO - Done. Returned value was: None
[2022-02-20 02:02:12,857] {taskinstance.py:1277} INFO - Marking task as SUCCESS. dag_id=green_taxi_gcs_dag, task_id=local_to_gcs_task, execution_date=20201202T000000, start_date=20220220T020212, end_date=20220220T020212
[2022-02-20 02:02:12,911] {local_task_job.py:154} INFO - Task exited with return code 0
[2022-02-20 02:02:12,955] {local_task_job.py:264} INFO - 1 downstream tasks scheduled from follow-on schedule check
