[2022-02-03 17:26:23,232] {taskinstance.py:1032} INFO - Dependencies all met for <TaskInstance: yellow_taxi_gcs_dag.format_to_parquet_task scheduled__2020-03-02T00:00:00+00:00 [queued]>
[2022-02-03 17:26:23,243] {taskinstance.py:1032} INFO - Dependencies all met for <TaskInstance: yellow_taxi_gcs_dag.format_to_parquet_task scheduled__2020-03-02T00:00:00+00:00 [queued]>
[2022-02-03 17:26:23,243] {taskinstance.py:1238} INFO - 
--------------------------------------------------------------------------------
[2022-02-03 17:26:23,244] {taskinstance.py:1239} INFO - Starting attempt 1 of 2
[2022-02-03 17:26:23,244] {taskinstance.py:1240} INFO - 
--------------------------------------------------------------------------------
[2022-02-03 17:26:23,256] {taskinstance.py:1259} INFO - Executing <Task(PythonOperator): format_to_parquet_task> on 2020-03-02 00:00:00+00:00
[2022-02-03 17:26:23,263] {standard_task_runner.py:52} INFO - Started process 3004 to run task
[2022-02-03 17:26:23,267] {standard_task_runner.py:76} INFO - Running: ['***', 'tasks', 'run', 'yellow_taxi_gcs_dag', 'format_to_parquet_task', 'scheduled__2020-03-02T00:00:00+00:00', '--job-id', '95', '--raw', '--subdir', 'DAGS_FOLDER/yellow_taxi_gcs_dag.py', '--cfg-path', '/tmp/tmp1_x1rx4x', '--error-file', '/tmp/tmpewwcmp2j']
[2022-02-03 17:26:23,268] {standard_task_runner.py:77} INFO - Job 95: Subtask format_to_parquet_task
[2022-02-03 17:26:23,334] {logging_mixin.py:109} INFO - Running <TaskInstance: yellow_taxi_gcs_dag.format_to_parquet_task scheduled__2020-03-02T00:00:00+00:00 [running]> on host 7e458922b35d
[2022-02-03 17:26:23,381] {warnings.py:110} WARNING - /home/***/.local/lib/python3.7/site-packages/***/utils/context.py:152: AirflowContextDeprecationWarning: Accessing 'execution_date' from the template is deprecated and will be removed in a future version. Please use 'data_interval_start' or 'logical_date' instead.
  warnings.warn(_create_deprecation_warning(key, self._deprecation_replacements[key]))

[2022-02-03 17:26:23,402] {taskinstance.py:1426} INFO - Exporting the following env vars:
AIRFLOW_CTX_DAG_OWNER=***
AIRFLOW_CTX_DAG_ID=yellow_taxi_gcs_dag
AIRFLOW_CTX_TASK_ID=format_to_parquet_task
AIRFLOW_CTX_EXECUTION_DATE=2020-03-02T00:00:00+00:00
AIRFLOW_CTX_DAG_RUN_ID=scheduled__2020-03-02T00:00:00+00:00
[2022-02-03 17:26:27,798] {python.py:175} INFO - Done. Returned value was: None
[2022-02-03 17:26:27,817] {taskinstance.py:1277} INFO - Marking task as SUCCESS. dag_id=yellow_taxi_gcs_dag, task_id=format_to_parquet_task, execution_date=20200302T000000, start_date=20220203T172623, end_date=20220203T172627
[2022-02-03 17:26:27,986] {local_task_job.py:154} INFO - Task exited with return code 0
[2022-02-03 17:26:28,050] {local_task_job.py:264} INFO - 1 downstream tasks scheduled from follow-on schedule check
[2022-02-20 00:30:04,853] {taskinstance.py:1032} INFO - Dependencies all met for <TaskInstance: yellow_taxi_gcs_dag.format_to_parquet_task scheduled__2020-03-02T00:00:00+00:00 [queued]>
[2022-02-20 00:30:04,870] {taskinstance.py:1032} INFO - Dependencies all met for <TaskInstance: yellow_taxi_gcs_dag.format_to_parquet_task scheduled__2020-03-02T00:00:00+00:00 [queued]>
[2022-02-20 00:30:04,871] {taskinstance.py:1238} INFO - 
--------------------------------------------------------------------------------
[2022-02-20 00:30:04,871] {taskinstance.py:1239} INFO - Starting attempt 1 of 2
[2022-02-20 00:30:04,871] {taskinstance.py:1240} INFO - 
--------------------------------------------------------------------------------
[2022-02-20 00:30:04,892] {taskinstance.py:1259} INFO - Executing <Task(PythonOperator): format_to_parquet_task> on 2020-03-02 00:00:00+00:00
[2022-02-20 00:30:04,901] {standard_task_runner.py:52} INFO - Started process 2281 to run task
[2022-02-20 00:30:04,909] {standard_task_runner.py:76} INFO - Running: ['***', 'tasks', 'run', 'yellow_taxi_gcs_dag', 'format_to_parquet_task', 'scheduled__2020-03-02T00:00:00+00:00', '--job-id', '477', '--raw', '--subdir', 'DAGS_FOLDER/yellow_taxi_gcs_dag.py', '--cfg-path', '/tmp/tmpxvi3zmhk', '--error-file', '/tmp/tmp64_0bjgm']
[2022-02-20 00:30:04,911] {standard_task_runner.py:77} INFO - Job 477: Subtask format_to_parquet_task
[2022-02-20 00:30:05,014] {logging_mixin.py:109} INFO - Running <TaskInstance: yellow_taxi_gcs_dag.format_to_parquet_task scheduled__2020-03-02T00:00:00+00:00 [running]> on host da07aa254901
[2022-02-20 00:30:05,080] {warnings.py:110} WARNING - /home/***/.local/lib/python3.7/site-packages/***/utils/context.py:152: AirflowContextDeprecationWarning: Accessing 'execution_date' from the template is deprecated and will be removed in a future version. Please use 'data_interval_start' or 'logical_date' instead.
  warnings.warn(_create_deprecation_warning(key, self._deprecation_replacements[key]))

[2022-02-20 00:30:05,100] {taskinstance.py:1426} INFO - Exporting the following env vars:
AIRFLOW_CTX_DAG_OWNER=***
AIRFLOW_CTX_DAG_ID=yellow_taxi_gcs_dag
AIRFLOW_CTX_TASK_ID=format_to_parquet_task
AIRFLOW_CTX_EXECUTION_DATE=2020-03-02T00:00:00+00:00
AIRFLOW_CTX_DAG_RUN_ID=scheduled__2020-03-02T00:00:00+00:00
[2022-02-20 00:30:09,872] {python.py:175} INFO - Done. Returned value was: None
[2022-02-20 00:30:09,889] {taskinstance.py:1277} INFO - Marking task as SUCCESS. dag_id=yellow_taxi_gcs_dag, task_id=format_to_parquet_task, execution_date=20200302T000000, start_date=20220220T003004, end_date=20220220T003009
[2022-02-20 00:30:09,987] {local_task_job.py:212} WARNING - State of this instance has been externally set to success. Terminating instance.
[2022-02-20 00:30:09,990] {process_utils.py:124} INFO - Sending Signals.SIGTERM to group 2281. PIDs of all processes in the group: [2281]
[2022-02-20 00:30:09,990] {process_utils.py:75} INFO - Sending the signal Signals.SIGTERM to group 2281
[2022-02-20 00:30:10,017] {process_utils.py:70} INFO - Process psutil.Process(pid=2281, status='terminated', exitcode=0, started='00:30:04') (2281) terminated with exit code 0
