[2022-02-09 20:36:38,703] {taskinstance.py:1032} INFO - Dependencies all met for <TaskInstance: green_taxi_gcs_dag.download_dataset_task scheduled__2020-02-02T00:00:00+00:00 [queued]>
[2022-02-09 20:36:38,801] {taskinstance.py:1032} INFO - Dependencies all met for <TaskInstance: green_taxi_gcs_dag.download_dataset_task scheduled__2020-02-02T00:00:00+00:00 [queued]>
[2022-02-09 20:36:38,808] {taskinstance.py:1238} INFO - 
--------------------------------------------------------------------------------
[2022-02-09 20:36:38,809] {taskinstance.py:1239} INFO - Starting attempt 1 of 2
[2022-02-09 20:36:38,809] {taskinstance.py:1240} INFO - 
--------------------------------------------------------------------------------
[2022-02-09 20:36:38,930] {taskinstance.py:1259} INFO - Executing <Task(BashOperator): download_dataset_task> on 2020-02-02 00:00:00+00:00
[2022-02-09 20:36:38,982] {standard_task_runner.py:52} INFO - Started process 96 to run task
[2022-02-09 20:36:39,001] {standard_task_runner.py:76} INFO - Running: ['***', 'tasks', 'run', 'green_taxi_gcs_dag', 'download_dataset_task', 'scheduled__2020-02-02T00:00:00+00:00', '--job-id', '72', '--raw', '--subdir', 'DAGS_FOLDER/green_gcs_dag.py', '--cfg-path', '/tmp/tmpnbh9u13n', '--error-file', '/tmp/tmpbi3uwzrx']
[2022-02-09 20:36:39,002] {standard_task_runner.py:77} INFO - Job 72: Subtask download_dataset_task
[2022-02-09 20:36:39,353] {logging_mixin.py:109} INFO - Running <TaskInstance: green_taxi_gcs_dag.download_dataset_task scheduled__2020-02-02T00:00:00+00:00 [running]> on host 4f97b6b16bdb
[2022-02-09 20:36:39,609] {warnings.py:110} WARNING - /home/***/.local/lib/python3.7/site-packages/***/utils/context.py:152: AirflowContextDeprecationWarning: Accessing 'execution_date' from the template is deprecated and will be removed in a future version. Please use 'data_interval_start' or 'logical_date' instead.
  warnings.warn(_create_deprecation_warning(key, self._deprecation_replacements[key]))

[2022-02-09 20:36:39,698] {taskinstance.py:1426} INFO - Exporting the following env vars:
AIRFLOW_CTX_DAG_OWNER=***
AIRFLOW_CTX_DAG_ID=green_taxi_gcs_dag
AIRFLOW_CTX_TASK_ID=download_dataset_task
AIRFLOW_CTX_EXECUTION_DATE=2020-02-02T00:00:00+00:00
AIRFLOW_CTX_DAG_RUN_ID=scheduled__2020-02-02T00:00:00+00:00
[2022-02-09 20:36:39,699] {subprocess.py:62} INFO - Tmp dir root location: 
 /tmp
[2022-02-09 20:36:39,699] {subprocess.py:74} INFO - Running command: ['bash', '-c', 'curl -sS https://s3.amazonaws.com/nyc-tlc/trip+data/green_tripdata_2020-02.csv > /opt/***/output_2020-02.csv']
[2022-02-09 20:36:39,796] {subprocess.py:85} INFO - Output:
[2022-02-09 20:36:47,116] {subprocess.py:93} INFO - Command exited with return code 0
[2022-02-09 20:36:47,220] {taskinstance.py:1277} INFO - Marking task as SUCCESS. dag_id=green_taxi_gcs_dag, task_id=download_dataset_task, execution_date=20200202T000000, start_date=20220209T203638, end_date=20220209T203647
[2022-02-09 20:36:47,447] {local_task_job.py:154} INFO - Task exited with return code 0
[2022-02-09 20:36:47,601] {local_task_job.py:264} INFO - 1 downstream tasks scheduled from follow-on schedule check
[2022-02-09 20:45:59,082] {taskinstance.py:1032} INFO - Dependencies all met for <TaskInstance: green_taxi_gcs_dag.download_dataset_task scheduled__2020-02-02T00:00:00+00:00 [queued]>
[2022-02-09 20:45:59,115] {taskinstance.py:1032} INFO - Dependencies all met for <TaskInstance: green_taxi_gcs_dag.download_dataset_task scheduled__2020-02-02T00:00:00+00:00 [queued]>
[2022-02-09 20:45:59,116] {taskinstance.py:1238} INFO - 
--------------------------------------------------------------------------------
[2022-02-09 20:45:59,116] {taskinstance.py:1239} INFO - Starting attempt 1 of 2
[2022-02-09 20:45:59,117] {taskinstance.py:1240} INFO - 
--------------------------------------------------------------------------------
[2022-02-09 20:45:59,139] {taskinstance.py:1259} INFO - Executing <Task(BashOperator): download_dataset_task> on 2020-02-02 00:00:00+00:00
[2022-02-09 20:45:59,150] {standard_task_runner.py:52} INFO - Started process 912 to run task
[2022-02-09 20:45:59,155] {standard_task_runner.py:76} INFO - Running: ['***', 'tasks', 'run', 'green_taxi_gcs_dag', 'download_dataset_task', 'scheduled__2020-02-02T00:00:00+00:00', '--job-id', '165', '--raw', '--subdir', 'DAGS_FOLDER/green_gcs_dag.py', '--cfg-path', '/tmp/tmpjat6vrxn', '--error-file', '/tmp/tmp4ivc6h1c']
[2022-02-09 20:45:59,156] {standard_task_runner.py:77} INFO - Job 165: Subtask download_dataset_task
[2022-02-09 20:45:59,317] {logging_mixin.py:109} INFO - Running <TaskInstance: green_taxi_gcs_dag.download_dataset_task scheduled__2020-02-02T00:00:00+00:00 [running]> on host 4f97b6b16bdb
[2022-02-09 20:45:59,444] {warnings.py:110} WARNING - /home/***/.local/lib/python3.7/site-packages/***/utils/context.py:152: AirflowContextDeprecationWarning: Accessing 'execution_date' from the template is deprecated and will be removed in a future version. Please use 'data_interval_start' or 'logical_date' instead.
  warnings.warn(_create_deprecation_warning(key, self._deprecation_replacements[key]))

[2022-02-09 20:45:59,544] {taskinstance.py:1426} INFO - Exporting the following env vars:
AIRFLOW_CTX_DAG_OWNER=***
AIRFLOW_CTX_DAG_ID=green_taxi_gcs_dag
AIRFLOW_CTX_TASK_ID=download_dataset_task
AIRFLOW_CTX_EXECUTION_DATE=2020-02-02T00:00:00+00:00
AIRFLOW_CTX_DAG_RUN_ID=scheduled__2020-02-02T00:00:00+00:00
[2022-02-09 20:45:59,546] {subprocess.py:62} INFO - Tmp dir root location: 
 /tmp
[2022-02-09 20:45:59,547] {subprocess.py:74} INFO - Running command: ['bash', '-c', 'curl -sS https://s3.amazonaws.com/nyc-tlc/trip+data/green_tripdata_2020-02.csv > /opt/***/output_2020-02.csv']
[2022-02-09 20:45:59,565] {subprocess.py:85} INFO - Output:
[2022-02-09 20:46:03,750] {subprocess.py:93} INFO - Command exited with return code 0
[2022-02-09 20:46:03,792] {taskinstance.py:1277} INFO - Marking task as SUCCESS. dag_id=green_taxi_gcs_dag, task_id=download_dataset_task, execution_date=20200202T000000, start_date=20220209T204559, end_date=20220209T204603
[2022-02-09 20:46:03,853] {local_task_job.py:154} INFO - Task exited with return code 0
[2022-02-09 20:46:03,918] {local_task_job.py:264} INFO - 1 downstream tasks scheduled from follow-on schedule check
[2022-02-20 00:07:29,108] {taskinstance.py:1032} INFO - Dependencies all met for <TaskInstance: green_taxi_gcs_dag.download_dataset_task scheduled__2020-02-02T00:00:00+00:00 [queued]>
[2022-02-20 00:07:29,151] {taskinstance.py:1032} INFO - Dependencies all met for <TaskInstance: green_taxi_gcs_dag.download_dataset_task scheduled__2020-02-02T00:00:00+00:00 [queued]>
[2022-02-20 00:07:29,151] {taskinstance.py:1238} INFO - 
--------------------------------------------------------------------------------
[2022-02-20 00:07:29,151] {taskinstance.py:1239} INFO - Starting attempt 1 of 2
[2022-02-20 00:07:29,151] {taskinstance.py:1240} INFO - 
--------------------------------------------------------------------------------
[2022-02-20 00:07:29,184] {taskinstance.py:1259} INFO - Executing <Task(BashOperator): download_dataset_task> on 2020-02-02 00:00:00+00:00
[2022-02-20 00:07:29,195] {standard_task_runner.py:76} INFO - Running: ['***', 'tasks', 'run', 'green_taxi_gcs_dag', 'download_dataset_task', 'scheduled__2020-02-02T00:00:00+00:00', '--job-id', '354', '--raw', '--subdir', 'DAGS_FOLDER/green_gcs_dag.py', '--cfg-path', '/tmp/tmp19wb0t6x', '--error-file', '/tmp/tmpbdfnmm87']
[2022-02-20 00:07:29,196] {standard_task_runner.py:77} INFO - Job 354: Subtask download_dataset_task
[2022-02-20 00:07:29,191] {standard_task_runner.py:52} INFO - Started process 827 to run task
[2022-02-20 00:07:29,295] {logging_mixin.py:109} INFO - Running <TaskInstance: green_taxi_gcs_dag.download_dataset_task scheduled__2020-02-02T00:00:00+00:00 [running]> on host da07aa254901
[2022-02-20 00:07:29,339] {warnings.py:110} WARNING - /home/***/.local/lib/python3.7/site-packages/***/utils/context.py:152: AirflowContextDeprecationWarning: Accessing 'execution_date' from the template is deprecated and will be removed in a future version. Please use 'data_interval_start' or 'logical_date' instead.
  warnings.warn(_create_deprecation_warning(key, self._deprecation_replacements[key]))

[2022-02-20 00:07:29,359] {taskinstance.py:1426} INFO - Exporting the following env vars:
AIRFLOW_CTX_DAG_OWNER=***
AIRFLOW_CTX_DAG_ID=green_taxi_gcs_dag
AIRFLOW_CTX_TASK_ID=download_dataset_task
AIRFLOW_CTX_EXECUTION_DATE=2020-02-02T00:00:00+00:00
AIRFLOW_CTX_DAG_RUN_ID=scheduled__2020-02-02T00:00:00+00:00
[2022-02-20 00:07:29,360] {subprocess.py:62} INFO - Tmp dir root location: 
 /tmp
[2022-02-20 00:07:29,361] {subprocess.py:74} INFO - Running command: ['bash', '-c', 'curl -sS https://s3.amazonaws.com/nyc-tlc/trip+data/green_tripdata_2020-02.csv > /opt/***/output_2020-02.csv']
[2022-02-20 00:07:29,373] {subprocess.py:85} INFO - Output:
[2022-02-20 00:07:44,469] {subprocess.py:93} INFO - Command exited with return code 0
[2022-02-20 00:07:44,507] {taskinstance.py:1277} INFO - Marking task as SUCCESS. dag_id=green_taxi_gcs_dag, task_id=download_dataset_task, execution_date=20200202T000000, start_date=20220220T000729, end_date=20220220T000744
[2022-02-20 00:07:44,571] {local_task_job.py:154} INFO - Task exited with return code 0
[2022-02-20 00:07:44,621] {local_task_job.py:264} INFO - 1 downstream tasks scheduled from follow-on schedule check
[2022-02-20 02:01:07,487] {taskinstance.py:1032} INFO - Dependencies all met for <TaskInstance: green_taxi_gcs_dag.download_dataset_task scheduled__2020-02-02T00:00:00+00:00 [queued]>
[2022-02-20 02:01:07,534] {taskinstance.py:1032} INFO - Dependencies all met for <TaskInstance: green_taxi_gcs_dag.download_dataset_task scheduled__2020-02-02T00:00:00+00:00 [queued]>
[2022-02-20 02:01:07,534] {taskinstance.py:1238} INFO - 
--------------------------------------------------------------------------------
[2022-02-20 02:01:07,534] {taskinstance.py:1239} INFO - Starting attempt 1 of 2
[2022-02-20 02:01:07,534] {taskinstance.py:1240} INFO - 
--------------------------------------------------------------------------------
[2022-02-20 02:01:07,558] {taskinstance.py:1259} INFO - Executing <Task(BashOperator): download_dataset_task> on 2020-02-02 00:00:00+00:00
[2022-02-20 02:01:07,572] {standard_task_runner.py:52} INFO - Started process 551 to run task
[2022-02-20 02:01:07,584] {standard_task_runner.py:76} INFO - Running: ['***', 'tasks', 'run', 'green_taxi_gcs_dag', 'download_dataset_task', 'scheduled__2020-02-02T00:00:00+00:00', '--job-id', '566', '--raw', '--subdir', 'DAGS_FOLDER/green_gcs_dag.py', '--cfg-path', '/tmp/tmpdfmbkxtz', '--error-file', '/tmp/tmpkknt85e7']
[2022-02-20 02:01:07,585] {standard_task_runner.py:77} INFO - Job 566: Subtask download_dataset_task
[2022-02-20 02:01:07,728] {logging_mixin.py:109} INFO - Running <TaskInstance: green_taxi_gcs_dag.download_dataset_task scheduled__2020-02-02T00:00:00+00:00 [running]> on host 5484a3a1f7c3
[2022-02-20 02:01:07,828] {warnings.py:110} WARNING - /home/***/.local/lib/python3.7/site-packages/***/utils/context.py:152: AirflowContextDeprecationWarning: Accessing 'execution_date' from the template is deprecated and will be removed in a future version. Please use 'data_interval_start' or 'logical_date' instead.
  warnings.warn(_create_deprecation_warning(key, self._deprecation_replacements[key]))

[2022-02-20 02:01:07,888] {taskinstance.py:1426} INFO - Exporting the following env vars:
AIRFLOW_CTX_DAG_OWNER=***
AIRFLOW_CTX_DAG_ID=green_taxi_gcs_dag
AIRFLOW_CTX_TASK_ID=download_dataset_task
AIRFLOW_CTX_EXECUTION_DATE=2020-02-02T00:00:00+00:00
AIRFLOW_CTX_DAG_RUN_ID=scheduled__2020-02-02T00:00:00+00:00
[2022-02-20 02:01:07,892] {subprocess.py:62} INFO - Tmp dir root location: 
 /tmp
[2022-02-20 02:01:07,900] {subprocess.py:74} INFO - Running command: ['bash', '-c', 'curl -sS https://s3.amazonaws.com/nyc-tlc/trip+data/green_tripdata_2020-02.csv > /opt/***/output_2020-02.csv']
[2022-02-20 02:01:07,976] {subprocess.py:85} INFO - Output:
[2022-02-20 02:01:13,084] {subprocess.py:93} INFO - Command exited with return code 0
[2022-02-20 02:01:13,238] {taskinstance.py:1277} INFO - Marking task as SUCCESS. dag_id=green_taxi_gcs_dag, task_id=download_dataset_task, execution_date=20200202T000000, start_date=20220220T020107, end_date=20220220T020113
[2022-02-20 02:01:13,443] {local_task_job.py:154} INFO - Task exited with return code 0
[2022-02-20 02:01:13,919] {local_task_job.py:264} INFO - 0 downstream tasks scheduled from follow-on schedule check
