[2022-02-19 23:52:37,060] {taskinstance.py:1032} INFO - Dependencies all met for <TaskInstance: yellow_taxi_gcs_dag.format_to_parquet_task scheduled__2019-01-02T00:00:00+00:00 [queued]>
[2022-02-19 23:52:37,091] {taskinstance.py:1032} INFO - Dependencies all met for <TaskInstance: yellow_taxi_gcs_dag.format_to_parquet_task scheduled__2019-01-02T00:00:00+00:00 [queued]>
[2022-02-19 23:52:37,091] {taskinstance.py:1238} INFO - 
--------------------------------------------------------------------------------
[2022-02-19 23:52:37,091] {taskinstance.py:1239} INFO - Starting attempt 2 of 3
[2022-02-19 23:52:37,091] {taskinstance.py:1240} INFO - 
--------------------------------------------------------------------------------
[2022-02-19 23:52:37,136] {taskinstance.py:1259} INFO - Executing <Task(PythonOperator): format_to_parquet_task> on 2019-01-02 00:00:00+00:00
[2022-02-19 23:52:37,150] {standard_task_runner.py:52} INFO - Started process 839 to run task
[2022-02-19 23:52:37,158] {standard_task_runner.py:76} INFO - Running: ['***', 'tasks', 'run', 'yellow_taxi_gcs_dag', 'format_to_parquet_task', 'scheduled__2019-01-02T00:00:00+00:00', '--job-id', '250', '--raw', '--subdir', 'DAGS_FOLDER/yellow_taxi_gcs_dag.py', '--cfg-path', '/tmp/tmpohoucn7u', '--error-file', '/tmp/tmp9__qajby']
[2022-02-19 23:52:37,160] {standard_task_runner.py:77} INFO - Job 250: Subtask format_to_parquet_task
[2022-02-19 23:52:37,335] {logging_mixin.py:109} INFO - Running <TaskInstance: yellow_taxi_gcs_dag.format_to_parquet_task scheduled__2019-01-02T00:00:00+00:00 [running]> on host 812dd7ecce85
[2022-02-19 23:52:37,566] {warnings.py:110} WARNING - /home/***/.local/lib/python3.7/site-packages/***/utils/context.py:152: AirflowContextDeprecationWarning: Accessing 'execution_date' from the template is deprecated and will be removed in a future version. Please use 'data_interval_start' or 'logical_date' instead.
  warnings.warn(_create_deprecation_warning(key, self._deprecation_replacements[key]))

[2022-02-19 23:52:37,648] {taskinstance.py:1426} INFO - Exporting the following env vars:
AIRFLOW_CTX_DAG_OWNER=***
AIRFLOW_CTX_DAG_ID=yellow_taxi_gcs_dag
AIRFLOW_CTX_TASK_ID=format_to_parquet_task
AIRFLOW_CTX_EXECUTION_DATE=2019-01-02T00:00:00+00:00
AIRFLOW_CTX_DAG_RUN_ID=scheduled__2019-01-02T00:00:00+00:00
[2022-02-19 23:53:59,202] {python.py:175} INFO - Done. Returned value was: None
[2022-02-19 23:53:59,236] {taskinstance.py:1277} INFO - Marking task as SUCCESS. dag_id=yellow_taxi_gcs_dag, task_id=format_to_parquet_task, execution_date=20190102T000000, start_date=20220219T235237, end_date=20220219T235359
[2022-02-19 23:53:59,720] {local_task_job.py:154} INFO - Task exited with return code 0
[2022-02-19 23:53:59,795] {local_task_job.py:264} INFO - 0 downstream tasks scheduled from follow-on schedule check
