[2022-02-03 14:00:22,590] {taskinstance.py:1032} INFO - Dependencies all met for <TaskInstance: LocalIngestionDag.wget scheduled__2020-12-01T06:00:00+00:00 [queued]>
[2022-02-03 14:00:22,647] {taskinstance.py:1032} INFO - Dependencies all met for <TaskInstance: LocalIngestionDag.wget scheduled__2020-12-01T06:00:00+00:00 [queued]>
[2022-02-03 14:00:22,656] {taskinstance.py:1238} INFO - 
--------------------------------------------------------------------------------
[2022-02-03 14:00:22,658] {taskinstance.py:1239} INFO - Starting attempt 1 of 1
[2022-02-03 14:00:22,658] {taskinstance.py:1240} INFO - 
--------------------------------------------------------------------------------
[2022-02-03 14:00:22,760] {taskinstance.py:1259} INFO - Executing <Task(BashOperator): wget> on 2020-12-01 06:00:00+00:00
[2022-02-03 14:00:22,791] {standard_task_runner.py:52} INFO - Started process 169 to run task
[2022-02-03 14:00:22,848] {standard_task_runner.py:76} INFO - Running: ['***', 'tasks', 'run', 'LocalIngestionDag', 'wget', 'scheduled__2020-12-01T06:00:00+00:00', '--job-id', '97', '--raw', '--subdir', 'DAGS_FOLDER/data_ingestion_localDB_dag.py', '--cfg-path', '/tmp/tmprxrqq5fc', '--error-file', '/tmp/tmp_4vd0fis']
[2022-02-03 14:00:22,848] {standard_task_runner.py:77} INFO - Job 97: Subtask wget
[2022-02-03 14:00:23,225] {logging_mixin.py:109} INFO - Running <TaskInstance: LocalIngestionDag.wget scheduled__2020-12-01T06:00:00+00:00 [running]> on host cd3baa871297
[2022-02-03 14:00:23,698] {warnings.py:110} WARNING - /home/***/.local/lib/python3.7/site-packages/***/utils/context.py:152: AirflowContextDeprecationWarning: Accessing 'execution_date' from the template is deprecated and will be removed in a future version. Please use 'data_interval_start' or 'logical_date' instead.
  warnings.warn(_create_deprecation_warning(key, self._deprecation_replacements[key]))

[2022-02-03 14:00:23,786] {taskinstance.py:1426} INFO - Exporting the following env vars:
AIRFLOW_CTX_DAG_OWNER=***
AIRFLOW_CTX_DAG_ID=LocalIngestionDag
AIRFLOW_CTX_TASK_ID=wget
AIRFLOW_CTX_EXECUTION_DATE=2020-12-01T06:00:00+00:00
AIRFLOW_CTX_DAG_RUN_ID=scheduled__2020-12-01T06:00:00+00:00
[2022-02-03 14:00:23,787] {subprocess.py:62} INFO - Tmp dir root location: 
 /tmp
[2022-02-03 14:00:23,788] {subprocess.py:74} INFO - Running command: ['bash', '-c', 'echo "2020-12"']
[2022-02-03 14:00:23,940] {subprocess.py:85} INFO - Output:
[2022-02-03 14:00:23,982] {subprocess.py:89} INFO - 2020-12
[2022-02-03 14:00:23,987] {subprocess.py:93} INFO - Command exited with return code 0
[2022-02-03 14:00:24,377] {taskinstance.py:1277} INFO - Marking task as SUCCESS. dag_id=LocalIngestionDag, task_id=wget, execution_date=20201201T060000, start_date=20220203T140022, end_date=20220203T140024
[2022-02-03 14:00:24,609] {local_task_job.py:154} INFO - Task exited with return code 0
[2022-02-03 14:00:24,955] {local_task_job.py:264} INFO - 0 downstream tasks scheduled from follow-on schedule check
