[2022-02-03 17:00:55,542] {taskinstance.py:1032} INFO - Dependencies all met for <TaskInstance: yellow_taxi_gcs_dag.delete_the_local_file scheduled__2019-03-02T00:00:00+00:00 [queued]>
[2022-02-03 17:00:55,555] {taskinstance.py:1032} INFO - Dependencies all met for <TaskInstance: yellow_taxi_gcs_dag.delete_the_local_file scheduled__2019-03-02T00:00:00+00:00 [queued]>
[2022-02-03 17:00:55,555] {taskinstance.py:1238} INFO - 
--------------------------------------------------------------------------------
[2022-02-03 17:00:55,555] {taskinstance.py:1239} INFO - Starting attempt 1 of 2
[2022-02-03 17:00:55,555] {taskinstance.py:1240} INFO - 
--------------------------------------------------------------------------------
[2022-02-03 17:00:55,568] {taskinstance.py:1259} INFO - Executing <Task(BashOperator): delete_the_local_file> on 2019-03-02 00:00:00+00:00
[2022-02-03 17:00:55,575] {standard_task_runner.py:52} INFO - Started process 1664 to run task
[2022-02-03 17:00:55,579] {standard_task_runner.py:76} INFO - Running: ['***', 'tasks', 'run', 'yellow_taxi_gcs_dag', 'delete_the_local_file', 'scheduled__2019-03-02T00:00:00+00:00', '--job-id', '41', '--raw', '--subdir', 'DAGS_FOLDER/yellow_taxi_gcs_dag.py', '--cfg-path', '/tmp/tmptmd170ci', '--error-file', '/tmp/tmpfa25nmgm']
[2022-02-03 17:00:55,580] {standard_task_runner.py:77} INFO - Job 41: Subtask delete_the_local_file
[2022-02-03 17:00:55,664] {logging_mixin.py:109} INFO - Running <TaskInstance: yellow_taxi_gcs_dag.delete_the_local_file scheduled__2019-03-02T00:00:00+00:00 [running]> on host 7e458922b35d
[2022-02-03 17:00:55,711] {warnings.py:110} WARNING - /home/***/.local/lib/python3.7/site-packages/***/utils/context.py:152: AirflowContextDeprecationWarning: Accessing 'execution_date' from the template is deprecated and will be removed in a future version. Please use 'data_interval_start' or 'logical_date' instead.
  warnings.warn(_create_deprecation_warning(key, self._deprecation_replacements[key]))

[2022-02-03 17:00:55,731] {taskinstance.py:1426} INFO - Exporting the following env vars:
AIRFLOW_CTX_DAG_OWNER=***
AIRFLOW_CTX_DAG_ID=yellow_taxi_gcs_dag
AIRFLOW_CTX_TASK_ID=delete_the_local_file
AIRFLOW_CTX_EXECUTION_DATE=2019-03-02T00:00:00+00:00
AIRFLOW_CTX_DAG_RUN_ID=scheduled__2019-03-02T00:00:00+00:00
[2022-02-03 17:00:55,732] {subprocess.py:62} INFO - Tmp dir root location: 
 /tmp
[2022-02-03 17:00:55,734] {subprocess.py:74} INFO - Running command: ['bash', '-c', 'rm /opt/***/output_2019-03.csv | rm /opt/***/output_2019-03.parquet']
[2022-02-03 17:00:55,748] {subprocess.py:85} INFO - Output:
[2022-02-03 17:00:55,783] {subprocess.py:93} INFO - Command exited with return code 0
[2022-02-03 17:00:55,817] {taskinstance.py:1277} INFO - Marking task as SUCCESS. dag_id=yellow_taxi_gcs_dag, task_id=delete_the_local_file, execution_date=20190302T000000, start_date=20220203T170055, end_date=20220203T170055
[2022-02-03 17:00:55,875] {local_task_job.py:154} INFO - Task exited with return code 0
[2022-02-03 17:00:55,912] {local_task_job.py:264} INFO - 0 downstream tasks scheduled from follow-on schedule check
[2022-02-03 17:16:07,633] {taskinstance.py:1032} INFO - Dependencies all met for <TaskInstance: yellow_taxi_gcs_dag.delete_the_local_file scheduled__2019-03-02T00:00:00+00:00 [queued]>
[2022-02-03 17:16:07,651] {taskinstance.py:1032} INFO - Dependencies all met for <TaskInstance: yellow_taxi_gcs_dag.delete_the_local_file scheduled__2019-03-02T00:00:00+00:00 [queued]>
[2022-02-03 17:16:07,651] {taskinstance.py:1238} INFO - 
--------------------------------------------------------------------------------
[2022-02-03 17:16:07,652] {taskinstance.py:1239} INFO - Starting attempt 1 of 2
[2022-02-03 17:16:07,652] {taskinstance.py:1240} INFO - 
--------------------------------------------------------------------------------
[2022-02-03 17:16:07,670] {taskinstance.py:1259} INFO - Executing <Task(BashOperator): delete_the_local_file> on 2019-03-02 00:00:00+00:00
[2022-02-03 17:16:07,678] {standard_task_runner.py:52} INFO - Started process 2360 to run task
[2022-02-03 17:16:07,685] {standard_task_runner.py:76} INFO - Running: ['***', 'tasks', 'run', 'yellow_taxi_gcs_dag', 'delete_the_local_file', 'scheduled__2019-03-02T00:00:00+00:00', '--job-id', '57', '--raw', '--subdir', 'DAGS_FOLDER/yellow_taxi_gcs_dag.py', '--cfg-path', '/tmp/tmpdvqwyjdx', '--error-file', '/tmp/tmpeoih0ztv']
[2022-02-03 17:16:07,687] {standard_task_runner.py:77} INFO - Job 57: Subtask delete_the_local_file
[2022-02-03 17:16:07,777] {logging_mixin.py:109} INFO - Running <TaskInstance: yellow_taxi_gcs_dag.delete_the_local_file scheduled__2019-03-02T00:00:00+00:00 [running]> on host 7e458922b35d
[2022-02-03 17:16:07,829] {warnings.py:110} WARNING - /home/***/.local/lib/python3.7/site-packages/***/utils/context.py:152: AirflowContextDeprecationWarning: Accessing 'execution_date' from the template is deprecated and will be removed in a future version. Please use 'data_interval_start' or 'logical_date' instead.
  warnings.warn(_create_deprecation_warning(key, self._deprecation_replacements[key]))

[2022-02-03 17:16:07,857] {taskinstance.py:1426} INFO - Exporting the following env vars:
AIRFLOW_CTX_DAG_OWNER=***
AIRFLOW_CTX_DAG_ID=yellow_taxi_gcs_dag
AIRFLOW_CTX_TASK_ID=delete_the_local_file
AIRFLOW_CTX_EXECUTION_DATE=2019-03-02T00:00:00+00:00
AIRFLOW_CTX_DAG_RUN_ID=scheduled__2019-03-02T00:00:00+00:00
[2022-02-03 17:16:07,859] {subprocess.py:62} INFO - Tmp dir root location: 
 /tmp
[2022-02-03 17:16:07,860] {subprocess.py:74} INFO - Running command: ['bash', '-c', 'rm /opt/***/output_2019-03.csv | rm /opt/***/output_2019-03.parquet']
[2022-02-03 17:16:07,875] {subprocess.py:85} INFO - Output:
[2022-02-03 17:16:08,018] {subprocess.py:93} INFO - Command exited with return code 0
[2022-02-03 17:16:08,058] {taskinstance.py:1277} INFO - Marking task as SUCCESS. dag_id=yellow_taxi_gcs_dag, task_id=delete_the_local_file, execution_date=20190302T000000, start_date=20220203T171607, end_date=20220203T171608
[2022-02-03 17:16:08,135] {local_task_job.py:154} INFO - Task exited with return code 0
[2022-02-03 17:16:08,190] {local_task_job.py:264} INFO - 0 downstream tasks scheduled from follow-on schedule check
