[2022-02-03 17:27:15,702] {taskinstance.py:1032} INFO - Dependencies all met for <TaskInstance: yellow_taxi_gcs_dag.delete_the_local_file scheduled__2020-04-02T00:00:00+00:00 [queued]>
[2022-02-03 17:27:15,714] {taskinstance.py:1032} INFO - Dependencies all met for <TaskInstance: yellow_taxi_gcs_dag.delete_the_local_file scheduled__2020-04-02T00:00:00+00:00 [queued]>
[2022-02-03 17:27:15,714] {taskinstance.py:1238} INFO - 
--------------------------------------------------------------------------------
[2022-02-03 17:27:15,715] {taskinstance.py:1239} INFO - Starting attempt 1 of 2
[2022-02-03 17:27:15,715] {taskinstance.py:1240} INFO - 
--------------------------------------------------------------------------------
[2022-02-03 17:27:15,728] {taskinstance.py:1259} INFO - Executing <Task(BashOperator): delete_the_local_file> on 2020-04-02 00:00:00+00:00
[2022-02-03 17:27:15,735] {standard_task_runner.py:52} INFO - Started process 3126 to run task
[2022-02-03 17:27:15,739] {standard_task_runner.py:76} INFO - Running: ['***', 'tasks', 'run', 'yellow_taxi_gcs_dag', 'delete_the_local_file', 'scheduled__2020-04-02T00:00:00+00:00', '--job-id', '109', '--raw', '--subdir', 'DAGS_FOLDER/yellow_taxi_gcs_dag.py', '--cfg-path', '/tmp/tmp6_8piffx', '--error-file', '/tmp/tmpqvo0eblu']
[2022-02-03 17:27:15,740] {standard_task_runner.py:77} INFO - Job 109: Subtask delete_the_local_file
[2022-02-03 17:27:15,805] {logging_mixin.py:109} INFO - Running <TaskInstance: yellow_taxi_gcs_dag.delete_the_local_file scheduled__2020-04-02T00:00:00+00:00 [running]> on host 7e458922b35d
[2022-02-03 17:27:15,872] {warnings.py:110} WARNING - /home/***/.local/lib/python3.7/site-packages/***/utils/context.py:152: AirflowContextDeprecationWarning: Accessing 'execution_date' from the template is deprecated and will be removed in a future version. Please use 'data_interval_start' or 'logical_date' instead.
  warnings.warn(_create_deprecation_warning(key, self._deprecation_replacements[key]))

[2022-02-03 17:27:15,900] {taskinstance.py:1426} INFO - Exporting the following env vars:
AIRFLOW_CTX_DAG_OWNER=***
AIRFLOW_CTX_DAG_ID=yellow_taxi_gcs_dag
AIRFLOW_CTX_TASK_ID=delete_the_local_file
AIRFLOW_CTX_EXECUTION_DATE=2020-04-02T00:00:00+00:00
AIRFLOW_CTX_DAG_RUN_ID=scheduled__2020-04-02T00:00:00+00:00
[2022-02-03 17:27:15,901] {subprocess.py:62} INFO - Tmp dir root location: 
 /tmp
[2022-02-03 17:27:15,902] {subprocess.py:74} INFO - Running command: ['bash', '-c', 'rm /opt/***/output_2020-04.csv | rm /opt/***/output_2020-04.parquet']
[2022-02-03 17:27:15,920] {subprocess.py:85} INFO - Output:
[2022-02-03 17:27:15,932] {subprocess.py:93} INFO - Command exited with return code 0
[2022-02-03 17:27:15,960] {taskinstance.py:1277} INFO - Marking task as SUCCESS. dag_id=yellow_taxi_gcs_dag, task_id=delete_the_local_file, execution_date=20200402T000000, start_date=20220203T172715, end_date=20220203T172715
[2022-02-03 17:27:16,031] {local_task_job.py:154} INFO - Task exited with return code 0
[2022-02-03 17:27:16,088] {local_task_job.py:264} INFO - 0 downstream tasks scheduled from follow-on schedule check
