[2022-02-03 17:22:08,699] {taskinstance.py:1032} INFO - Dependencies all met for <TaskInstance: yellow_taxi_gcs_dag.format_to_parquet_task scheduled__2019-09-02T00:00:00+00:00 [queued]>
[2022-02-03 17:22:08,715] {taskinstance.py:1032} INFO - Dependencies all met for <TaskInstance: yellow_taxi_gcs_dag.format_to_parquet_task scheduled__2019-09-02T00:00:00+00:00 [queued]>
[2022-02-03 17:22:08,715] {taskinstance.py:1238} INFO - 
--------------------------------------------------------------------------------
[2022-02-03 17:22:08,715] {taskinstance.py:1239} INFO - Starting attempt 1 of 2
[2022-02-03 17:22:08,715] {taskinstance.py:1240} INFO - 
--------------------------------------------------------------------------------
[2022-02-03 17:22:08,734] {taskinstance.py:1259} INFO - Executing <Task(PythonOperator): format_to_parquet_task> on 2019-09-02 00:00:00+00:00
[2022-02-03 17:22:08,741] {standard_task_runner.py:52} INFO - Started process 2732 to run task
[2022-02-03 17:22:08,745] {standard_task_runner.py:76} INFO - Running: ['***', 'tasks', 'run', 'yellow_taxi_gcs_dag', 'format_to_parquet_task', 'scheduled__2019-09-02T00:00:00+00:00', '--job-id', '79', '--raw', '--subdir', 'DAGS_FOLDER/yellow_taxi_gcs_dag.py', '--cfg-path', '/tmp/tmp0_9lxha6', '--error-file', '/tmp/tmp7aktzi_e']
[2022-02-03 17:22:08,746] {standard_task_runner.py:77} INFO - Job 79: Subtask format_to_parquet_task
[2022-02-03 17:22:08,814] {logging_mixin.py:109} INFO - Running <TaskInstance: yellow_taxi_gcs_dag.format_to_parquet_task scheduled__2019-09-02T00:00:00+00:00 [running]> on host 7e458922b35d
[2022-02-03 17:22:08,862] {warnings.py:110} WARNING - /home/***/.local/lib/python3.7/site-packages/***/utils/context.py:152: AirflowContextDeprecationWarning: Accessing 'execution_date' from the template is deprecated and will be removed in a future version. Please use 'data_interval_start' or 'logical_date' instead.
  warnings.warn(_create_deprecation_warning(key, self._deprecation_replacements[key]))

[2022-02-03 17:22:08,883] {taskinstance.py:1426} INFO - Exporting the following env vars:
AIRFLOW_CTX_DAG_OWNER=***
AIRFLOW_CTX_DAG_ID=yellow_taxi_gcs_dag
AIRFLOW_CTX_TASK_ID=format_to_parquet_task
AIRFLOW_CTX_EXECUTION_DATE=2019-09-02T00:00:00+00:00
AIRFLOW_CTX_DAG_RUN_ID=scheduled__2019-09-02T00:00:00+00:00
[2022-02-03 17:22:17,715] {python.py:175} INFO - Done. Returned value was: None
[2022-02-03 17:22:17,730] {taskinstance.py:1277} INFO - Marking task as SUCCESS. dag_id=yellow_taxi_gcs_dag, task_id=format_to_parquet_task, execution_date=20190902T000000, start_date=20220203T172208, end_date=20220203T172217
[2022-02-03 17:22:17,905] {local_task_job.py:154} INFO - Task exited with return code 0
[2022-02-03 17:22:17,945] {local_task_job.py:264} INFO - 1 downstream tasks scheduled from follow-on schedule check
[2022-02-20 00:24:28,516] {taskinstance.py:1032} INFO - Dependencies all met for <TaskInstance: yellow_taxi_gcs_dag.format_to_parquet_task scheduled__2019-09-02T00:00:00+00:00 [queued]>
[2022-02-20 00:24:28,558] {taskinstance.py:1032} INFO - Dependencies all met for <TaskInstance: yellow_taxi_gcs_dag.format_to_parquet_task scheduled__2019-09-02T00:00:00+00:00 [queued]>
[2022-02-20 00:24:28,558] {taskinstance.py:1238} INFO - 
--------------------------------------------------------------------------------
[2022-02-20 00:24:28,558] {taskinstance.py:1239} INFO - Starting attempt 1 of 2
[2022-02-20 00:24:28,558] {taskinstance.py:1240} INFO - 
--------------------------------------------------------------------------------
[2022-02-20 00:24:28,625] {taskinstance.py:1259} INFO - Executing <Task(PythonOperator): format_to_parquet_task> on 2019-09-02 00:00:00+00:00
[2022-02-20 00:24:28,637] {standard_task_runner.py:52} INFO - Started process 1927 to run task
[2022-02-20 00:24:28,671] {standard_task_runner.py:76} INFO - Running: ['***', 'tasks', 'run', 'yellow_taxi_gcs_dag', 'format_to_parquet_task', 'scheduled__2019-09-02T00:00:00+00:00', '--job-id', '447', '--raw', '--subdir', 'DAGS_FOLDER/yellow_taxi_gcs_dag.py', '--cfg-path', '/tmp/tmpgqo8y4m_', '--error-file', '/tmp/tmp31u5ps0c']
[2022-02-20 00:24:28,684] {standard_task_runner.py:77} INFO - Job 447: Subtask format_to_parquet_task
[2022-02-20 00:24:28,908] {logging_mixin.py:109} INFO - Running <TaskInstance: yellow_taxi_gcs_dag.format_to_parquet_task scheduled__2019-09-02T00:00:00+00:00 [running]> on host da07aa254901
[2022-02-20 00:24:29,122] {warnings.py:110} WARNING - /home/***/.local/lib/python3.7/site-packages/***/utils/context.py:152: AirflowContextDeprecationWarning: Accessing 'execution_date' from the template is deprecated and will be removed in a future version. Please use 'data_interval_start' or 'logical_date' instead.
  warnings.warn(_create_deprecation_warning(key, self._deprecation_replacements[key]))

[2022-02-20 00:24:29,189] {taskinstance.py:1426} INFO - Exporting the following env vars:
AIRFLOW_CTX_DAG_OWNER=***
AIRFLOW_CTX_DAG_ID=yellow_taxi_gcs_dag
AIRFLOW_CTX_TASK_ID=format_to_parquet_task
AIRFLOW_CTX_EXECUTION_DATE=2019-09-02T00:00:00+00:00
AIRFLOW_CTX_DAG_RUN_ID=scheduled__2019-09-02T00:00:00+00:00
[2022-02-20 00:24:38,448] {python.py:175} INFO - Done. Returned value was: None
[2022-02-20 00:24:38,574] {taskinstance.py:1277} INFO - Marking task as SUCCESS. dag_id=yellow_taxi_gcs_dag, task_id=format_to_parquet_task, execution_date=20190902T000000, start_date=20220220T002428, end_date=20220220T002438
[2022-02-20 00:24:38,775] {local_task_job.py:212} WARNING - State of this instance has been externally set to success. Terminating instance.
[2022-02-20 00:24:38,778] {process_utils.py:124} INFO - Sending Signals.SIGTERM to group 1927. PIDs of all processes in the group: [1927]
[2022-02-20 00:24:38,779] {process_utils.py:75} INFO - Sending the signal Signals.SIGTERM to group 1927
[2022-02-20 00:24:38,805] {process_utils.py:70} INFO - Process psutil.Process(pid=1927, status='terminated', exitcode=0, started='00:24:28') (1927) terminated with exit code 0
