[2022-02-03 14:12:08,570] {taskinstance.py:1032} INFO - Dependencies all met for <TaskInstance: LocalIngestionDag.wget scheduled__2019-02-01T06:00:00+00:00 [queued]>
[2022-02-03 14:12:08,630] {taskinstance.py:1032} INFO - Dependencies all met for <TaskInstance: LocalIngestionDag.wget scheduled__2019-02-01T06:00:00+00:00 [queued]>
[2022-02-03 14:12:08,631] {taskinstance.py:1238} INFO - 
--------------------------------------------------------------------------------
[2022-02-03 14:12:08,631] {taskinstance.py:1239} INFO - Starting attempt 1 of 1
[2022-02-03 14:12:08,631] {taskinstance.py:1240} INFO - 
--------------------------------------------------------------------------------
[2022-02-03 14:12:08,665] {taskinstance.py:1259} INFO - Executing <Task(BashOperator): wget> on 2019-02-01 06:00:00+00:00
[2022-02-03 14:12:08,673] {standard_task_runner.py:52} INFO - Started process 690 to run task
[2022-02-03 14:12:08,684] {standard_task_runner.py:76} INFO - Running: ['***', 'tasks', 'run', 'LocalIngestionDag', 'wget', 'scheduled__2019-02-01T06:00:00+00:00', '--job-id', '112', '--raw', '--subdir', 'DAGS_FOLDER/data_ingestion_localDB_dag.py', '--cfg-path', '/tmp/tmpwycfmg52', '--error-file', '/tmp/tmp3h4_2qrb']
[2022-02-03 14:12:08,685] {standard_task_runner.py:77} INFO - Job 112: Subtask wget
[2022-02-03 14:12:08,831] {logging_mixin.py:109} INFO - Running <TaskInstance: LocalIngestionDag.wget scheduled__2019-02-01T06:00:00+00:00 [running]> on host cd3baa871297
[2022-02-03 14:12:09,007] {warnings.py:110} WARNING - /home/***/.local/lib/python3.7/site-packages/***/utils/context.py:152: AirflowContextDeprecationWarning: Accessing 'execution_date' from the template is deprecated and will be removed in a future version. Please use 'data_interval_start' or 'logical_date' instead.
  warnings.warn(_create_deprecation_warning(key, self._deprecation_replacements[key]))

[2022-02-03 14:12:09,100] {taskinstance.py:1426} INFO - Exporting the following env vars:
AIRFLOW_CTX_DAG_OWNER=***
AIRFLOW_CTX_DAG_ID=LocalIngestionDag
AIRFLOW_CTX_TASK_ID=wget
AIRFLOW_CTX_EXECUTION_DATE=2019-02-01T06:00:00+00:00
AIRFLOW_CTX_DAG_RUN_ID=scheduled__2019-02-01T06:00:00+00:00
[2022-02-03 14:12:09,101] {subprocess.py:62} INFO - Tmp dir root location: 
 /tmp
[2022-02-03 14:12:09,102] {subprocess.py:74} INFO - Running command: ['bash', '-c', 'echo "2019-02"']
[2022-02-03 14:12:09,142] {subprocess.py:85} INFO - Output:
[2022-02-03 14:12:09,164] {subprocess.py:89} INFO - 2019-02
[2022-02-03 14:12:09,166] {subprocess.py:93} INFO - Command exited with return code 0
[2022-02-03 14:12:09,218] {taskinstance.py:1277} INFO - Marking task as SUCCESS. dag_id=LocalIngestionDag, task_id=wget, execution_date=20190201T060000, start_date=20220203T141208, end_date=20220203T141209
[2022-02-03 14:12:09,477] {local_task_job.py:154} INFO - Task exited with return code 0
[2022-02-03 14:12:10,030] {local_task_job.py:264} INFO - 0 downstream tasks scheduled from follow-on schedule check
[2022-02-03 14:26:54,092] {taskinstance.py:1032} INFO - Dependencies all met for <TaskInstance: LocalIngestionDag.wget scheduled__2019-02-01T06:00:00+00:00 [queued]>
[2022-02-03 14:26:54,124] {taskinstance.py:1032} INFO - Dependencies all met for <TaskInstance: LocalIngestionDag.wget scheduled__2019-02-01T06:00:00+00:00 [queued]>
[2022-02-03 14:26:54,125] {taskinstance.py:1238} INFO - 
--------------------------------------------------------------------------------
[2022-02-03 14:26:54,125] {taskinstance.py:1239} INFO - Starting attempt 1 of 1
[2022-02-03 14:26:54,126] {taskinstance.py:1240} INFO - 
--------------------------------------------------------------------------------
[2022-02-03 14:26:54,151] {taskinstance.py:1259} INFO - Executing <Task(BashOperator): wget> on 2019-02-01 06:00:00+00:00
[2022-02-03 14:26:54,159] {standard_task_runner.py:52} INFO - Started process 1345 to run task
[2022-02-03 14:26:54,168] {standard_task_runner.py:76} INFO - Running: ['***', 'tasks', 'run', 'LocalIngestionDag', 'wget', 'scheduled__2019-02-01T06:00:00+00:00', '--job-id', '118', '--raw', '--subdir', 'DAGS_FOLDER/data_ingestion_localDB_dag.py', '--cfg-path', '/tmp/tmpqlxbl6oh', '--error-file', '/tmp/tmp23ss9czt']
[2022-02-03 14:26:54,169] {standard_task_runner.py:77} INFO - Job 118: Subtask wget
[2022-02-03 14:26:54,383] {logging_mixin.py:109} INFO - Running <TaskInstance: LocalIngestionDag.wget scheduled__2019-02-01T06:00:00+00:00 [running]> on host cd3baa871297
[2022-02-03 14:26:54,495] {warnings.py:110} WARNING - /home/***/.local/lib/python3.7/site-packages/***/utils/context.py:152: AirflowContextDeprecationWarning: Accessing 'execution_date' from the template is deprecated and will be removed in a future version. Please use 'data_interval_start' or 'logical_date' instead.
  warnings.warn(_create_deprecation_warning(key, self._deprecation_replacements[key]))

[2022-02-03 14:26:54,551] {taskinstance.py:1426} INFO - Exporting the following env vars:
AIRFLOW_CTX_DAG_OWNER=***
AIRFLOW_CTX_DAG_ID=LocalIngestionDag
AIRFLOW_CTX_TASK_ID=wget
AIRFLOW_CTX_EXECUTION_DATE=2019-02-01T06:00:00+00:00
AIRFLOW_CTX_DAG_RUN_ID=scheduled__2019-02-01T06:00:00+00:00
[2022-02-03 14:26:54,553] {subprocess.py:62} INFO - Tmp dir root location: 
 /tmp
[2022-02-03 14:26:54,554] {subprocess.py:74} INFO - Running command: ['bash', '-c', 'echo "2019-02"']
[2022-02-03 14:26:54,581] {subprocess.py:85} INFO - Output:
[2022-02-03 14:26:54,585] {subprocess.py:89} INFO - 2019-02
[2022-02-03 14:26:54,590] {subprocess.py:93} INFO - Command exited with return code 0
[2022-02-03 14:26:54,647] {taskinstance.py:1277} INFO - Marking task as SUCCESS. dag_id=LocalIngestionDag, task_id=wget, execution_date=20190201T060000, start_date=20220203T142654, end_date=20220203T142654
[2022-02-03 14:26:54,718] {local_task_job.py:154} INFO - Task exited with return code 0
[2022-02-03 14:26:54,782] {local_task_job.py:264} INFO - 0 downstream tasks scheduled from follow-on schedule check
