[2022-02-09 20:34:08,790] {taskinstance.py:1032} INFO - Dependencies all met for <TaskInstance: green_taxi_gcs_dag.download_dataset_task scheduled__2019-12-02T00:00:00+00:00 [queued]>
[2022-02-09 20:34:08,830] {taskinstance.py:1032} INFO - Dependencies all met for <TaskInstance: green_taxi_gcs_dag.download_dataset_task scheduled__2019-12-02T00:00:00+00:00 [queued]>
[2022-02-09 20:34:08,831] {taskinstance.py:1238} INFO - 
--------------------------------------------------------------------------------
[2022-02-09 20:34:08,831] {taskinstance.py:1239} INFO - Starting attempt 1 of 2
[2022-02-09 20:34:08,831] {taskinstance.py:1240} INFO - 
--------------------------------------------------------------------------------
[2022-02-09 20:34:08,899] {taskinstance.py:1259} INFO - Executing <Task(BashOperator): download_dataset_task> on 2019-12-02 00:00:00+00:00
[2022-02-09 20:34:08,921] {standard_task_runner.py:52} INFO - Started process 413 to run task
[2022-02-09 20:34:08,932] {standard_task_runner.py:76} INFO - Running: ['***', 'tasks', 'run', 'green_taxi_gcs_dag', 'download_dataset_task', 'scheduled__2019-12-02T00:00:00+00:00', '--job-id', '62', '--raw', '--subdir', 'DAGS_FOLDER/green_gcs_dag.py', '--cfg-path', '/tmp/tmp6otnn6v5', '--error-file', '/tmp/tmp2vulfdwk']
[2022-02-09 20:34:08,935] {standard_task_runner.py:77} INFO - Job 62: Subtask download_dataset_task
[2022-02-09 20:34:09,135] {logging_mixin.py:109} INFO - Running <TaskInstance: green_taxi_gcs_dag.download_dataset_task scheduled__2019-12-02T00:00:00+00:00 [running]> on host 4f97b6b16bdb
[2022-02-09 20:34:09,333] {warnings.py:110} WARNING - /home/***/.local/lib/python3.7/site-packages/***/utils/context.py:152: AirflowContextDeprecationWarning: Accessing 'execution_date' from the template is deprecated and will be removed in a future version. Please use 'data_interval_start' or 'logical_date' instead.
  warnings.warn(_create_deprecation_warning(key, self._deprecation_replacements[key]))

[2022-02-09 20:34:09,395] {taskinstance.py:1426} INFO - Exporting the following env vars:
AIRFLOW_CTX_DAG_OWNER=***
AIRFLOW_CTX_DAG_ID=green_taxi_gcs_dag
AIRFLOW_CTX_TASK_ID=download_dataset_task
AIRFLOW_CTX_EXECUTION_DATE=2019-12-02T00:00:00+00:00
AIRFLOW_CTX_DAG_RUN_ID=scheduled__2019-12-02T00:00:00+00:00
[2022-02-09 20:34:09,396] {subprocess.py:62} INFO - Tmp dir root location: 
 /tmp
[2022-02-09 20:34:09,397] {subprocess.py:74} INFO - Running command: ['bash', '-c', 'curl -sS https://s3.amazonaws.com/nyc-tlc/trip+data/green_tripdata_2019-12.csv > /opt/***/output_2019-12.csv']
[2022-02-09 20:34:09,463] {subprocess.py:85} INFO - Output:
[2022-02-09 20:34:14,180] {subprocess.py:93} INFO - Command exited with return code 0
[2022-02-09 20:34:14,355] {taskinstance.py:1277} INFO - Marking task as SUCCESS. dag_id=green_taxi_gcs_dag, task_id=download_dataset_task, execution_date=20191202T000000, start_date=20220209T203408, end_date=20220209T203414
[2022-02-09 20:34:14,613] {local_task_job.py:154} INFO - Task exited with return code 0
[2022-02-09 20:34:14,996] {local_task_job.py:264} INFO - 1 downstream tasks scheduled from follow-on schedule check
[2022-02-09 20:45:27,008] {taskinstance.py:1032} INFO - Dependencies all met for <TaskInstance: green_taxi_gcs_dag.download_dataset_task scheduled__2019-12-02T00:00:00+00:00 [queued]>
[2022-02-09 20:45:27,026] {taskinstance.py:1032} INFO - Dependencies all met for <TaskInstance: green_taxi_gcs_dag.download_dataset_task scheduled__2019-12-02T00:00:00+00:00 [queued]>
[2022-02-09 20:45:27,026] {taskinstance.py:1238} INFO - 
--------------------------------------------------------------------------------
[2022-02-09 20:45:27,027] {taskinstance.py:1239} INFO - Starting attempt 1 of 2
[2022-02-09 20:45:27,027] {taskinstance.py:1240} INFO - 
--------------------------------------------------------------------------------
[2022-02-09 20:45:27,044] {taskinstance.py:1259} INFO - Executing <Task(BashOperator): download_dataset_task> on 2019-12-02 00:00:00+00:00
[2022-02-09 20:45:27,053] {standard_task_runner.py:52} INFO - Started process 870 to run task
[2022-02-09 20:45:27,058] {standard_task_runner.py:76} INFO - Running: ['***', 'tasks', 'run', 'green_taxi_gcs_dag', 'download_dataset_task', 'scheduled__2019-12-02T00:00:00+00:00', '--job-id', '161', '--raw', '--subdir', 'DAGS_FOLDER/green_gcs_dag.py', '--cfg-path', '/tmp/tmpgm_xc9vy', '--error-file', '/tmp/tmpbjqydy63']
[2022-02-09 20:45:27,060] {standard_task_runner.py:77} INFO - Job 161: Subtask download_dataset_task
[2022-02-09 20:45:27,143] {logging_mixin.py:109} INFO - Running <TaskInstance: green_taxi_gcs_dag.download_dataset_task scheduled__2019-12-02T00:00:00+00:00 [running]> on host 4f97b6b16bdb
[2022-02-09 20:45:27,196] {warnings.py:110} WARNING - /home/***/.local/lib/python3.7/site-packages/***/utils/context.py:152: AirflowContextDeprecationWarning: Accessing 'execution_date' from the template is deprecated and will be removed in a future version. Please use 'data_interval_start' or 'logical_date' instead.
  warnings.warn(_create_deprecation_warning(key, self._deprecation_replacements[key]))

[2022-02-09 20:45:27,222] {taskinstance.py:1426} INFO - Exporting the following env vars:
AIRFLOW_CTX_DAG_OWNER=***
AIRFLOW_CTX_DAG_ID=green_taxi_gcs_dag
AIRFLOW_CTX_TASK_ID=download_dataset_task
AIRFLOW_CTX_EXECUTION_DATE=2019-12-02T00:00:00+00:00
AIRFLOW_CTX_DAG_RUN_ID=scheduled__2019-12-02T00:00:00+00:00
[2022-02-09 20:45:27,224] {subprocess.py:62} INFO - Tmp dir root location: 
 /tmp
[2022-02-09 20:45:27,225] {subprocess.py:74} INFO - Running command: ['bash', '-c', 'curl -sS https://s3.amazonaws.com/nyc-tlc/trip+data/green_tripdata_2019-12.csv > /opt/***/output_2019-12.csv']
[2022-02-09 20:45:27,242] {subprocess.py:85} INFO - Output:
[2022-02-09 20:45:32,257] {subprocess.py:93} INFO - Command exited with return code 0
[2022-02-09 20:45:32,303] {taskinstance.py:1277} INFO - Marking task as SUCCESS. dag_id=green_taxi_gcs_dag, task_id=download_dataset_task, execution_date=20191202T000000, start_date=20220209T204527, end_date=20220209T204532
[2022-02-09 20:45:32,354] {local_task_job.py:154} INFO - Task exited with return code 0
[2022-02-09 20:45:32,419] {local_task_job.py:264} INFO - 1 downstream tasks scheduled from follow-on schedule check
[2022-02-20 00:07:11,140] {taskinstance.py:1032} INFO - Dependencies all met for <TaskInstance: green_taxi_gcs_dag.download_dataset_task scheduled__2019-12-02T00:00:00+00:00 [queued]>
[2022-02-20 00:07:11,173] {taskinstance.py:1032} INFO - Dependencies all met for <TaskInstance: green_taxi_gcs_dag.download_dataset_task scheduled__2019-12-02T00:00:00+00:00 [queued]>
[2022-02-20 00:07:11,174] {taskinstance.py:1238} INFO - 
--------------------------------------------------------------------------------
[2022-02-20 00:07:11,174] {taskinstance.py:1239} INFO - Starting attempt 1 of 2
[2022-02-20 00:07:11,174] {taskinstance.py:1240} INFO - 
--------------------------------------------------------------------------------
[2022-02-20 00:07:11,221] {taskinstance.py:1259} INFO - Executing <Task(BashOperator): download_dataset_task> on 2019-12-02 00:00:00+00:00
[2022-02-20 00:07:11,231] {standard_task_runner.py:52} INFO - Started process 787 to run task
[2022-02-20 00:07:11,259] {standard_task_runner.py:76} INFO - Running: ['***', 'tasks', 'run', 'green_taxi_gcs_dag', 'download_dataset_task', 'scheduled__2019-12-02T00:00:00+00:00', '--job-id', '348', '--raw', '--subdir', 'DAGS_FOLDER/green_gcs_dag.py', '--cfg-path', '/tmp/tmp0c0bjo20', '--error-file', '/tmp/tmphnqan09r']
[2022-02-20 00:07:11,273] {standard_task_runner.py:77} INFO - Job 348: Subtask download_dataset_task
[2022-02-20 00:07:11,438] {logging_mixin.py:109} INFO - Running <TaskInstance: green_taxi_gcs_dag.download_dataset_task scheduled__2019-12-02T00:00:00+00:00 [running]> on host da07aa254901
[2022-02-20 00:07:11,552] {warnings.py:110} WARNING - /home/***/.local/lib/python3.7/site-packages/***/utils/context.py:152: AirflowContextDeprecationWarning: Accessing 'execution_date' from the template is deprecated and will be removed in a future version. Please use 'data_interval_start' or 'logical_date' instead.
  warnings.warn(_create_deprecation_warning(key, self._deprecation_replacements[key]))

[2022-02-20 00:07:11,609] {taskinstance.py:1426} INFO - Exporting the following env vars:
AIRFLOW_CTX_DAG_OWNER=***
AIRFLOW_CTX_DAG_ID=green_taxi_gcs_dag
AIRFLOW_CTX_TASK_ID=download_dataset_task
AIRFLOW_CTX_EXECUTION_DATE=2019-12-02T00:00:00+00:00
AIRFLOW_CTX_DAG_RUN_ID=scheduled__2019-12-02T00:00:00+00:00
[2022-02-20 00:07:11,610] {subprocess.py:62} INFO - Tmp dir root location: 
 /tmp
[2022-02-20 00:07:11,611] {subprocess.py:74} INFO - Running command: ['bash', '-c', 'curl -sS https://s3.amazonaws.com/nyc-tlc/trip+data/green_tripdata_2019-12.csv > /opt/***/output_2019-12.csv']
[2022-02-20 00:07:11,637] {subprocess.py:85} INFO - Output:
[2022-02-20 00:07:28,470] {subprocess.py:93} INFO - Command exited with return code 0
[2022-02-20 00:07:28,534] {taskinstance.py:1277} INFO - Marking task as SUCCESS. dag_id=green_taxi_gcs_dag, task_id=download_dataset_task, execution_date=20191202T000000, start_date=20220220T000711, end_date=20220220T000728
[2022-02-20 00:07:28,588] {local_task_job.py:154} INFO - Task exited with return code 0
[2022-02-20 00:07:28,655] {local_task_job.py:264} INFO - 1 downstream tasks scheduled from follow-on schedule check
[2022-02-20 02:00:33,931] {taskinstance.py:1032} INFO - Dependencies all met for <TaskInstance: green_taxi_gcs_dag.download_dataset_task scheduled__2019-12-02T00:00:00+00:00 [queued]>
[2022-02-20 02:00:33,951] {taskinstance.py:1032} INFO - Dependencies all met for <TaskInstance: green_taxi_gcs_dag.download_dataset_task scheduled__2019-12-02T00:00:00+00:00 [queued]>
[2022-02-20 02:00:33,951] {taskinstance.py:1238} INFO - 
--------------------------------------------------------------------------------
[2022-02-20 02:00:33,951] {taskinstance.py:1239} INFO - Starting attempt 1 of 2
[2022-02-20 02:00:33,951] {taskinstance.py:1240} INFO - 
--------------------------------------------------------------------------------
[2022-02-20 02:00:33,969] {taskinstance.py:1259} INFO - Executing <Task(BashOperator): download_dataset_task> on 2019-12-02 00:00:00+00:00
[2022-02-20 02:00:33,976] {standard_task_runner.py:52} INFO - Started process 466 to run task
[2022-02-20 02:00:33,980] {standard_task_runner.py:76} INFO - Running: ['***', 'tasks', 'run', 'green_taxi_gcs_dag', 'download_dataset_task', 'scheduled__2019-12-02T00:00:00+00:00', '--job-id', '555', '--raw', '--subdir', 'DAGS_FOLDER/green_gcs_dag.py', '--cfg-path', '/tmp/tmp34q972m_', '--error-file', '/tmp/tmpc9pxwggs']
[2022-02-20 02:00:33,981] {standard_task_runner.py:77} INFO - Job 555: Subtask download_dataset_task
[2022-02-20 02:00:34,061] {logging_mixin.py:109} INFO - Running <TaskInstance: green_taxi_gcs_dag.download_dataset_task scheduled__2019-12-02T00:00:00+00:00 [running]> on host 5484a3a1f7c3
[2022-02-20 02:00:34,118] {warnings.py:110} WARNING - /home/***/.local/lib/python3.7/site-packages/***/utils/context.py:152: AirflowContextDeprecationWarning: Accessing 'execution_date' from the template is deprecated and will be removed in a future version. Please use 'data_interval_start' or 'logical_date' instead.
  warnings.warn(_create_deprecation_warning(key, self._deprecation_replacements[key]))

[2022-02-20 02:00:34,140] {taskinstance.py:1426} INFO - Exporting the following env vars:
AIRFLOW_CTX_DAG_OWNER=***
AIRFLOW_CTX_DAG_ID=green_taxi_gcs_dag
AIRFLOW_CTX_TASK_ID=download_dataset_task
AIRFLOW_CTX_EXECUTION_DATE=2019-12-02T00:00:00+00:00
AIRFLOW_CTX_DAG_RUN_ID=scheduled__2019-12-02T00:00:00+00:00
[2022-02-20 02:00:34,141] {subprocess.py:62} INFO - Tmp dir root location: 
 /tmp
[2022-02-20 02:00:34,141] {subprocess.py:74} INFO - Running command: ['bash', '-c', 'curl -sS https://s3.amazonaws.com/nyc-tlc/trip+data/green_tripdata_2019-12.csv > /opt/***/output_2019-12.csv']
[2022-02-20 02:00:34,154] {subprocess.py:85} INFO - Output:
[2022-02-20 02:00:44,641] {subprocess.py:93} INFO - Command exited with return code 0
[2022-02-20 02:00:44,770] {taskinstance.py:1277} INFO - Marking task as SUCCESS. dag_id=green_taxi_gcs_dag, task_id=download_dataset_task, execution_date=20191202T000000, start_date=20220220T020033, end_date=20220220T020044
[2022-02-20 02:00:44,811] {local_task_job.py:154} INFO - Task exited with return code 0
[2022-02-20 02:00:44,906] {local_task_job.py:264} INFO - 1 downstream tasks scheduled from follow-on schedule check
