[2022-02-03 17:16:16,589] {taskinstance.py:1032} INFO - Dependencies all met for <TaskInstance: yellow_taxi_gcs_dag.download_dataset_task scheduled__2019-06-02T00:00:00+00:00 [queued]>
[2022-02-03 17:16:16,601] {taskinstance.py:1032} INFO - Dependencies all met for <TaskInstance: yellow_taxi_gcs_dag.download_dataset_task scheduled__2019-06-02T00:00:00+00:00 [queued]>
[2022-02-03 17:16:16,602] {taskinstance.py:1238} INFO - 
--------------------------------------------------------------------------------
[2022-02-03 17:16:16,602] {taskinstance.py:1239} INFO - Starting attempt 1 of 2
[2022-02-03 17:16:16,602] {taskinstance.py:1240} INFO - 
--------------------------------------------------------------------------------
[2022-02-03 17:16:16,631] {taskinstance.py:1259} INFO - Executing <Task(BashOperator): download_dataset_task> on 2019-06-02 00:00:00+00:00
[2022-02-03 17:16:16,637] {standard_task_runner.py:52} INFO - Started process 2366 to run task
[2022-02-03 17:16:16,641] {standard_task_runner.py:76} INFO - Running: ['***', 'tasks', 'run', 'yellow_taxi_gcs_dag', 'download_dataset_task', 'scheduled__2019-06-02T00:00:00+00:00', '--job-id', '58', '--raw', '--subdir', 'DAGS_FOLDER/yellow_taxi_gcs_dag.py', '--cfg-path', '/tmp/tmpp_1rp8zo', '--error-file', '/tmp/tmpl7glx2ce']
[2022-02-03 17:16:16,642] {standard_task_runner.py:77} INFO - Job 58: Subtask download_dataset_task
[2022-02-03 17:16:16,731] {logging_mixin.py:109} INFO - Running <TaskInstance: yellow_taxi_gcs_dag.download_dataset_task scheduled__2019-06-02T00:00:00+00:00 [running]> on host 7e458922b35d
[2022-02-03 17:16:16,791] {warnings.py:110} WARNING - /home/***/.local/lib/python3.7/site-packages/***/utils/context.py:152: AirflowContextDeprecationWarning: Accessing 'execution_date' from the template is deprecated and will be removed in a future version. Please use 'data_interval_start' or 'logical_date' instead.
  warnings.warn(_create_deprecation_warning(key, self._deprecation_replacements[key]))

[2022-02-03 17:16:16,829] {taskinstance.py:1426} INFO - Exporting the following env vars:
AIRFLOW_CTX_DAG_OWNER=***
AIRFLOW_CTX_DAG_ID=yellow_taxi_gcs_dag
AIRFLOW_CTX_TASK_ID=download_dataset_task
AIRFLOW_CTX_EXECUTION_DATE=2019-06-02T00:00:00+00:00
AIRFLOW_CTX_DAG_RUN_ID=scheduled__2019-06-02T00:00:00+00:00
[2022-02-03 17:16:16,830] {subprocess.py:62} INFO - Tmp dir root location: 
 /tmp
[2022-02-03 17:16:16,830] {subprocess.py:74} INFO - Running command: ['bash', '-c', 'curl -sS https://s3.amazonaws.com/nyc-tlc/trip+data/yellow_tripdata_2019-06.csv > /opt/***/output_2019-06.csv']
[2022-02-03 17:16:16,844] {subprocess.py:85} INFO - Output:
[2022-02-03 17:19:47,603] {subprocess.py:93} INFO - Command exited with return code 0
[2022-02-03 17:19:47,647] {taskinstance.py:1277} INFO - Marking task as SUCCESS. dag_id=yellow_taxi_gcs_dag, task_id=download_dataset_task, execution_date=20190602T000000, start_date=20220203T171616, end_date=20220203T171947
[2022-02-03 17:19:47,708] {local_task_job.py:154} INFO - Task exited with return code 0
[2022-02-03 17:19:47,750] {local_task_job.py:264} INFO - 1 downstream tasks scheduled from follow-on schedule check
<<<<<<< HEAD
[2022-02-20 00:18:21,928] {taskinstance.py:1032} INFO - Dependencies all met for <TaskInstance: yellow_taxi_gcs_dag.download_dataset_task scheduled__2019-06-02T00:00:00+00:00 [queued]>
[2022-02-20 00:18:21,944] {taskinstance.py:1032} INFO - Dependencies all met for <TaskInstance: yellow_taxi_gcs_dag.download_dataset_task scheduled__2019-06-02T00:00:00+00:00 [queued]>
[2022-02-20 00:18:21,944] {taskinstance.py:1238} INFO - 
--------------------------------------------------------------------------------
[2022-02-20 00:18:21,944] {taskinstance.py:1239} INFO - Starting attempt 1 of 2
[2022-02-20 00:18:21,944] {taskinstance.py:1240} INFO - 
--------------------------------------------------------------------------------
[2022-02-20 00:18:21,961] {taskinstance.py:1259} INFO - Executing <Task(BashOperator): download_dataset_task> on 2019-06-02 00:00:00+00:00
[2022-02-20 00:18:21,971] {standard_task_runner.py:52} INFO - Started process 1645 to run task
[2022-02-20 00:18:21,975] {standard_task_runner.py:76} INFO - Running: ['***', 'tasks', 'run', 'yellow_taxi_gcs_dag', 'download_dataset_task', 'scheduled__2019-06-02T00:00:00+00:00', '--job-id', '434', '--raw', '--subdir', 'DAGS_FOLDER/yellow_taxi_gcs_dag.py', '--cfg-path', '/tmp/tmp0kgjnors', '--error-file', '/tmp/tmp1m04pgto']
[2022-02-20 00:18:21,976] {standard_task_runner.py:77} INFO - Job 434: Subtask download_dataset_task
[2022-02-20 00:18:22,061] {logging_mixin.py:109} INFO - Running <TaskInstance: yellow_taxi_gcs_dag.download_dataset_task scheduled__2019-06-02T00:00:00+00:00 [running]> on host da07aa254901
[2022-02-20 00:18:22,120] {warnings.py:110} WARNING - /home/***/.local/lib/python3.7/site-packages/***/utils/context.py:152: AirflowContextDeprecationWarning: Accessing 'execution_date' from the template is deprecated and will be removed in a future version. Please use 'data_interval_start' or 'logical_date' instead.
  warnings.warn(_create_deprecation_warning(key, self._deprecation_replacements[key]))

[2022-02-20 00:18:22,145] {taskinstance.py:1426} INFO - Exporting the following env vars:
AIRFLOW_CTX_DAG_OWNER=***
AIRFLOW_CTX_DAG_ID=yellow_taxi_gcs_dag
AIRFLOW_CTX_TASK_ID=download_dataset_task
AIRFLOW_CTX_EXECUTION_DATE=2019-06-02T00:00:00+00:00
AIRFLOW_CTX_DAG_RUN_ID=scheduled__2019-06-02T00:00:00+00:00
[2022-02-20 00:18:22,146] {subprocess.py:62} INFO - Tmp dir root location: 
 /tmp
[2022-02-20 00:18:22,147] {subprocess.py:74} INFO - Running command: ['bash', '-c', 'curl -sS https://s3.amazonaws.com/nyc-tlc/trip+data/yellow_tripdata_2019-06.csv > /opt/***/output_2019-06.csv']
[2022-02-20 00:18:22,162] {subprocess.py:85} INFO - Output:
[2022-02-20 00:19:32,333] {subprocess.py:93} INFO - Command exited with return code 0
[2022-02-20 00:19:32,370] {taskinstance.py:1277} INFO - Marking task as SUCCESS. dag_id=yellow_taxi_gcs_dag, task_id=download_dataset_task, execution_date=20190602T000000, start_date=20220220T001821, end_date=20220220T001932
[2022-02-20 00:19:32,433] {local_task_job.py:154} INFO - Task exited with return code 0
[2022-02-20 00:19:32,498] {local_task_job.py:264} INFO - 1 downstream tasks scheduled from follow-on schedule check
=======
>>>>>>> origin/master
