[2022-02-09 20:26:29,794] {taskinstance.py:1032} INFO - Dependencies all met for <TaskInstance: green_taxi_gcs_dag.format_to_parquet_task scheduled__2019-01-02T00:00:00+00:00 [queued]>
[2022-02-09 20:26:29,852] {taskinstance.py:1032} INFO - Dependencies all met for <TaskInstance: green_taxi_gcs_dag.format_to_parquet_task scheduled__2019-01-02T00:00:00+00:00 [queued]>
[2022-02-09 20:26:29,852] {taskinstance.py:1238} INFO - 
--------------------------------------------------------------------------------
[2022-02-09 20:26:29,852] {taskinstance.py:1239} INFO - Starting attempt 2 of 3
[2022-02-09 20:26:29,852] {taskinstance.py:1240} INFO - 
--------------------------------------------------------------------------------
[2022-02-09 20:26:29,927] {taskinstance.py:1259} INFO - Executing <Task(PythonOperator): format_to_parquet_task> on 2019-01-02 00:00:00+00:00
[2022-02-09 20:26:29,938] {standard_task_runner.py:52} INFO - Started process 275 to run task
[2022-02-09 20:26:29,946] {standard_task_runner.py:76} INFO - Running: ['***', 'tasks', 'run', 'green_taxi_gcs_dag', 'format_to_parquet_task', 'scheduled__2019-01-02T00:00:00+00:00', '--job-id', '12', '--raw', '--subdir', 'DAGS_FOLDER/green_gcs_dag.py', '--cfg-path', '/tmp/tmp271o339c', '--error-file', '/tmp/tmpkvqaw2n6']
[2022-02-09 20:26:29,949] {standard_task_runner.py:77} INFO - Job 12: Subtask format_to_parquet_task
[2022-02-09 20:26:30,136] {logging_mixin.py:109} INFO - Running <TaskInstance: green_taxi_gcs_dag.format_to_parquet_task scheduled__2019-01-02T00:00:00+00:00 [running]> on host c9ca302aeee6
[2022-02-09 20:26:30,288] {warnings.py:110} WARNING - /home/***/.local/lib/python3.7/site-packages/***/utils/context.py:152: AirflowContextDeprecationWarning: Accessing 'execution_date' from the template is deprecated and will be removed in a future version. Please use 'data_interval_start' or 'logical_date' instead.
  warnings.warn(_create_deprecation_warning(key, self._deprecation_replacements[key]))

[2022-02-09 20:26:30,333] {taskinstance.py:1426} INFO - Exporting the following env vars:
AIRFLOW_CTX_DAG_OWNER=***
AIRFLOW_CTX_DAG_ID=green_taxi_gcs_dag
AIRFLOW_CTX_TASK_ID=format_to_parquet_task
AIRFLOW_CTX_EXECUTION_DATE=2019-01-02T00:00:00+00:00
AIRFLOW_CTX_DAG_RUN_ID=scheduled__2019-01-02T00:00:00+00:00
[2022-02-09 20:26:32,411] {python.py:175} INFO - Done. Returned value was: None
[2022-02-09 20:26:32,446] {taskinstance.py:1277} INFO - Marking task as SUCCESS. dag_id=green_taxi_gcs_dag, task_id=format_to_parquet_task, execution_date=20190102T000000, start_date=20220209T202629, end_date=20220209T202632
[2022-02-09 20:26:32,662] {local_task_job.py:154} INFO - Task exited with return code 0
[2022-02-09 20:26:33,038] {local_task_job.py:264} INFO - 0 downstream tasks scheduled from follow-on schedule check
