[2022-02-09 20:31:59,219] {taskinstance.py:1032} INFO - Dependencies all met for <TaskInstance: green_taxi_gcs_dag.format_to_parquet_task scheduled__2019-01-02T00:00:00+00:00 [queued]>
[2022-02-09 20:31:59,303] {taskinstance.py:1032} INFO - Dependencies all met for <TaskInstance: green_taxi_gcs_dag.format_to_parquet_task scheduled__2019-01-02T00:00:00+00:00 [queued]>
[2022-02-09 20:31:59,308] {taskinstance.py:1238} INFO - 
--------------------------------------------------------------------------------
[2022-02-09 20:31:59,309] {taskinstance.py:1239} INFO - Starting attempt 3 of 4
[2022-02-09 20:31:59,309] {taskinstance.py:1240} INFO - 
--------------------------------------------------------------------------------
[2022-02-09 20:31:59,346] {taskinstance.py:1259} INFO - Executing <Task(PythonOperator): format_to_parquet_task> on 2019-01-02 00:00:00+00:00
[2022-02-09 20:31:59,366] {standard_task_runner.py:52} INFO - Started process 153 to run task
[2022-02-09 20:31:59,396] {standard_task_runner.py:76} INFO - Running: ['***', 'tasks', 'run', 'green_taxi_gcs_dag', 'format_to_parquet_task', 'scheduled__2019-01-02T00:00:00+00:00', '--job-id', '26', '--raw', '--subdir', 'DAGS_FOLDER/green_gcs_dag.py', '--cfg-path', '/tmp/tmp511cvb4q', '--error-file', '/tmp/tmp7att_db0']
[2022-02-09 20:31:59,398] {standard_task_runner.py:77} INFO - Job 26: Subtask format_to_parquet_task
[2022-02-09 20:31:59,571] {logging_mixin.py:109} INFO - Running <TaskInstance: green_taxi_gcs_dag.format_to_parquet_task scheduled__2019-01-02T00:00:00+00:00 [running]> on host 4f97b6b16bdb
[2022-02-09 20:31:59,679] {warnings.py:110} WARNING - /home/***/.local/lib/python3.7/site-packages/***/utils/context.py:152: AirflowContextDeprecationWarning: Accessing 'execution_date' from the template is deprecated and will be removed in a future version. Please use 'data_interval_start' or 'logical_date' instead.
  warnings.warn(_create_deprecation_warning(key, self._deprecation_replacements[key]))

[2022-02-09 20:31:59,730] {taskinstance.py:1426} INFO - Exporting the following env vars:
AIRFLOW_CTX_DAG_OWNER=***
AIRFLOW_CTX_DAG_ID=green_taxi_gcs_dag
AIRFLOW_CTX_TASK_ID=format_to_parquet_task
AIRFLOW_CTX_EXECUTION_DATE=2019-01-02T00:00:00+00:00
AIRFLOW_CTX_DAG_RUN_ID=scheduled__2019-01-02T00:00:00+00:00
[2022-02-09 20:32:02,517] {python.py:175} INFO - Done. Returned value was: None
[2022-02-09 20:32:02,573] {taskinstance.py:1277} INFO - Marking task as SUCCESS. dag_id=green_taxi_gcs_dag, task_id=format_to_parquet_task, execution_date=20190102T000000, start_date=20220209T203159, end_date=20220209T203202
[2022-02-09 20:32:02,722] {local_task_job.py:154} INFO - Task exited with return code 0
[2022-02-09 20:32:02,830] {local_task_job.py:264} INFO - 1 downstream tasks scheduled from follow-on schedule check
