[2022-02-03 13:17:38,173] {taskinstance.py:1032} INFO - Dependencies all met for <TaskInstance: yellow_taxi_gcs_dag.format_to_parquet_task scheduled__2022-02-02T00:00:00+00:00 [queued]>
[2022-02-03 13:17:38,195] {taskinstance.py:1032} INFO - Dependencies all met for <TaskInstance: yellow_taxi_gcs_dag.format_to_parquet_task scheduled__2022-02-02T00:00:00+00:00 [queued]>
[2022-02-03 13:17:38,195] {taskinstance.py:1238} INFO - 
--------------------------------------------------------------------------------
[2022-02-03 13:17:38,195] {taskinstance.py:1239} INFO - Starting attempt 1 of 2
[2022-02-03 13:17:38,196] {taskinstance.py:1240} INFO - 
--------------------------------------------------------------------------------
[2022-02-03 13:17:38,226] {taskinstance.py:1259} INFO - Executing <Task(PythonOperator): format_to_parquet_task> on 2022-02-02 00:00:00+00:00
[2022-02-03 13:17:38,239] {standard_task_runner.py:52} INFO - Started process 226 to run task
[2022-02-03 13:17:38,253] {standard_task_runner.py:76} INFO - Running: ['***', 'tasks', 'run', 'yellow_taxi_gcs_dag', 'format_to_parquet_task', 'scheduled__2022-02-02T00:00:00+00:00', '--job-id', '6', '--raw', '--subdir', 'DAGS_FOLDER/yellow_taxi_gcs_dag.py', '--cfg-path', '/tmp/tmpa4rfduj2', '--error-file', '/tmp/tmplhnup49s']
[2022-02-03 13:17:38,254] {standard_task_runner.py:77} INFO - Job 6: Subtask format_to_parquet_task
[2022-02-03 13:17:38,445] {logging_mixin.py:109} INFO - Running <TaskInstance: yellow_taxi_gcs_dag.format_to_parquet_task scheduled__2022-02-02T00:00:00+00:00 [running]> on host 2b92176b720f
[2022-02-03 13:17:38,640] {taskinstance.py:1426} INFO - Exporting the following env vars:
AIRFLOW_CTX_DAG_OWNER=***
AIRFLOW_CTX_DAG_ID=yellow_taxi_gcs_dag
AIRFLOW_CTX_TASK_ID=format_to_parquet_task
AIRFLOW_CTX_EXECUTION_DATE=2022-02-02T00:00:00+00:00
AIRFLOW_CTX_DAG_RUN_ID=scheduled__2022-02-02T00:00:00+00:00
[2022-02-03 13:18:03,343] {python.py:175} INFO - Done. Returned value was: None
[2022-02-03 13:18:03,369] {taskinstance.py:1277} INFO - Marking task as SUCCESS. dag_id=yellow_taxi_gcs_dag, task_id=format_to_parquet_task, execution_date=20220202T000000, start_date=20220203T131738, end_date=20220203T131803
[2022-02-03 13:18:03,720] {local_task_job.py:154} INFO - Task exited with return code 0
[2022-02-03 13:18:03,795] {local_task_job.py:264} INFO - 1 downstream tasks scheduled from follow-on schedule check
