[2022-02-03 17:20:27,602] {taskinstance.py:1032} INFO - Dependencies all met for <TaskInstance: yellow_taxi_gcs_dag.download_dataset_task scheduled__2019-09-02T00:00:00+00:00 [queued]>
[2022-02-03 17:20:27,633] {taskinstance.py:1032} INFO - Dependencies all met for <TaskInstance: yellow_taxi_gcs_dag.download_dataset_task scheduled__2019-09-02T00:00:00+00:00 [queued]>
[2022-02-03 17:20:27,639] {taskinstance.py:1238} INFO - 
--------------------------------------------------------------------------------
[2022-02-03 17:20:27,639] {taskinstance.py:1239} INFO - Starting attempt 1 of 2
[2022-02-03 17:20:27,639] {taskinstance.py:1240} INFO - 
--------------------------------------------------------------------------------
[2022-02-03 17:20:27,690] {taskinstance.py:1259} INFO - Executing <Task(BashOperator): download_dataset_task> on 2019-09-02 00:00:00+00:00
[2022-02-03 17:20:27,696] {standard_task_runner.py:52} INFO - Started process 2631 to run task
[2022-02-03 17:20:27,713] {standard_task_runner.py:76} INFO - Running: ['***', 'tasks', 'run', 'yellow_taxi_gcs_dag', 'download_dataset_task', 'scheduled__2019-09-02T00:00:00+00:00', '--job-id', '73', '--raw', '--subdir', 'DAGS_FOLDER/yellow_taxi_gcs_dag.py', '--cfg-path', '/tmp/tmpje1toci2', '--error-file', '/tmp/tmpyxa71gsl']
[2022-02-03 17:20:27,714] {standard_task_runner.py:77} INFO - Job 73: Subtask download_dataset_task
[2022-02-03 17:20:27,944] {logging_mixin.py:109} INFO - Running <TaskInstance: yellow_taxi_gcs_dag.download_dataset_task scheduled__2019-09-02T00:00:00+00:00 [running]> on host 7e458922b35d
[2022-02-03 17:20:28,017] {warnings.py:110} WARNING - /home/***/.local/lib/python3.7/site-packages/***/utils/context.py:152: AirflowContextDeprecationWarning: Accessing 'execution_date' from the template is deprecated and will be removed in a future version. Please use 'data_interval_start' or 'logical_date' instead.
  warnings.warn(_create_deprecation_warning(key, self._deprecation_replacements[key]))

[2022-02-03 17:20:28,055] {taskinstance.py:1426} INFO - Exporting the following env vars:
AIRFLOW_CTX_DAG_OWNER=***
AIRFLOW_CTX_DAG_ID=yellow_taxi_gcs_dag
AIRFLOW_CTX_TASK_ID=download_dataset_task
AIRFLOW_CTX_EXECUTION_DATE=2019-09-02T00:00:00+00:00
AIRFLOW_CTX_DAG_RUN_ID=scheduled__2019-09-02T00:00:00+00:00
[2022-02-03 17:20:28,056] {subprocess.py:62} INFO - Tmp dir root location: 
 /tmp
[2022-02-03 17:20:28,057] {subprocess.py:74} INFO - Running command: ['bash', '-c', 'curl -sS https://s3.amazonaws.com/nyc-tlc/trip+data/yellow_tripdata_2019-09.csv > /opt/***/output_2019-09.csv']
[2022-02-03 17:20:28,073] {subprocess.py:85} INFO - Output:
[2022-02-03 17:22:07,659] {subprocess.py:93} INFO - Command exited with return code 0
[2022-02-03 17:22:07,705] {taskinstance.py:1277} INFO - Marking task as SUCCESS. dag_id=yellow_taxi_gcs_dag, task_id=download_dataset_task, execution_date=20190902T000000, start_date=20220203T172027, end_date=20220203T172207
[2022-02-03 17:22:07,734] {local_task_job.py:154} INFO - Task exited with return code 0
[2022-02-03 17:22:07,776] {local_task_job.py:264} INFO - 1 downstream tasks scheduled from follow-on schedule check
[2022-02-20 00:22:09,545] {taskinstance.py:1032} INFO - Dependencies all met for <TaskInstance: yellow_taxi_gcs_dag.download_dataset_task scheduled__2019-09-02T00:00:00+00:00 [queued]>
[2022-02-20 00:22:09,851] {taskinstance.py:1032} INFO - Dependencies all met for <TaskInstance: yellow_taxi_gcs_dag.download_dataset_task scheduled__2019-09-02T00:00:00+00:00 [queued]>
[2022-02-20 00:22:09,852] {taskinstance.py:1238} INFO - 
--------------------------------------------------------------------------------
[2022-02-20 00:22:09,852] {taskinstance.py:1239} INFO - Starting attempt 1 of 2
[2022-02-20 00:22:09,852] {taskinstance.py:1240} INFO - 
--------------------------------------------------------------------------------
[2022-02-20 00:22:09,897] {taskinstance.py:1259} INFO - Executing <Task(BashOperator): download_dataset_task> on 2019-09-02 00:00:00+00:00
[2022-02-20 00:22:09,903] {standard_task_runner.py:52} INFO - Started process 1823 to run task
[2022-02-20 00:22:09,915] {standard_task_runner.py:76} INFO - Running: ['***', 'tasks', 'run', 'yellow_taxi_gcs_dag', 'download_dataset_task', 'scheduled__2019-09-02T00:00:00+00:00', '--job-id', '443', '--raw', '--subdir', 'DAGS_FOLDER/yellow_taxi_gcs_dag.py', '--cfg-path', '/tmp/tmpt8j3qikt', '--error-file', '/tmp/tmpy2mqzvut']
[2022-02-20 00:22:09,916] {standard_task_runner.py:77} INFO - Job 443: Subtask download_dataset_task
[2022-02-20 00:22:10,252] {logging_mixin.py:109} INFO - Running <TaskInstance: yellow_taxi_gcs_dag.download_dataset_task scheduled__2019-09-02T00:00:00+00:00 [running]> on host da07aa254901
[2022-02-20 00:22:10,485] {warnings.py:110} WARNING - /home/***/.local/lib/python3.7/site-packages/***/utils/context.py:152: AirflowContextDeprecationWarning: Accessing 'execution_date' from the template is deprecated and will be removed in a future version. Please use 'data_interval_start' or 'logical_date' instead.
  warnings.warn(_create_deprecation_warning(key, self._deprecation_replacements[key]))

[2022-02-20 00:22:10,534] {taskinstance.py:1426} INFO - Exporting the following env vars:
AIRFLOW_CTX_DAG_OWNER=***
AIRFLOW_CTX_DAG_ID=yellow_taxi_gcs_dag
AIRFLOW_CTX_TASK_ID=download_dataset_task
AIRFLOW_CTX_EXECUTION_DATE=2019-09-02T00:00:00+00:00
AIRFLOW_CTX_DAG_RUN_ID=scheduled__2019-09-02T00:00:00+00:00
[2022-02-20 00:22:10,535] {subprocess.py:62} INFO - Tmp dir root location: 
 /tmp
[2022-02-20 00:22:10,536] {subprocess.py:74} INFO - Running command: ['bash', '-c', 'curl -sS https://s3.amazonaws.com/nyc-tlc/trip+data/yellow_tripdata_2019-09.csv > /opt/***/output_2019-09.csv']
[2022-02-20 00:22:10,559] {subprocess.py:85} INFO - Output:
[2022-02-20 00:24:25,282] {subprocess.py:93} INFO - Command exited with return code 0
[2022-02-20 00:24:25,337] {taskinstance.py:1277} INFO - Marking task as SUCCESS. dag_id=yellow_taxi_gcs_dag, task_id=download_dataset_task, execution_date=20190902T000000, start_date=20220220T002209, end_date=20220220T002425
[2022-02-20 00:24:25,437] {local_task_job.py:154} INFO - Task exited with return code 0
[2022-02-20 00:24:25,540] {local_task_job.py:264} INFO - 1 downstream tasks scheduled from follow-on schedule check
