[2022-02-09 20:34:03,755] {taskinstance.py:1032} INFO - Dependencies all met for <TaskInstance: green_taxi_gcs_dag.delete_the_local_file scheduled__2019-10-02T00:00:00+00:00 [queued]>
[2022-02-09 20:34:03,779] {taskinstance.py:1032} INFO - Dependencies all met for <TaskInstance: green_taxi_gcs_dag.delete_the_local_file scheduled__2019-10-02T00:00:00+00:00 [queued]>
[2022-02-09 20:34:03,780] {taskinstance.py:1238} INFO - 
--------------------------------------------------------------------------------
[2022-02-09 20:34:03,780] {taskinstance.py:1239} INFO - Starting attempt 1 of 2
[2022-02-09 20:34:03,780] {taskinstance.py:1240} INFO - 
--------------------------------------------------------------------------------
[2022-02-09 20:34:03,802] {taskinstance.py:1259} INFO - Executing <Task(BashOperator): delete_the_local_file> on 2019-10-02 00:00:00+00:00
[2022-02-09 20:34:03,812] {standard_task_runner.py:52} INFO - Started process 405 to run task
[2022-02-09 20:34:03,824] {standard_task_runner.py:76} INFO - Running: ['***', 'tasks', 'run', 'green_taxi_gcs_dag', 'delete_the_local_file', 'scheduled__2019-10-02T00:00:00+00:00', '--job-id', '61', '--raw', '--subdir', 'DAGS_FOLDER/green_gcs_dag.py', '--cfg-path', '/tmp/tmpfwyfwpku', '--error-file', '/tmp/tmpuillvd3r']
[2022-02-09 20:34:03,826] {standard_task_runner.py:77} INFO - Job 61: Subtask delete_the_local_file
[2022-02-09 20:34:03,928] {logging_mixin.py:109} INFO - Running <TaskInstance: green_taxi_gcs_dag.delete_the_local_file scheduled__2019-10-02T00:00:00+00:00 [running]> on host 4f97b6b16bdb
[2022-02-09 20:34:04,039] {warnings.py:110} WARNING - /home/***/.local/lib/python3.7/site-packages/***/utils/context.py:152: AirflowContextDeprecationWarning: Accessing 'execution_date' from the template is deprecated and will be removed in a future version. Please use 'data_interval_start' or 'logical_date' instead.
  warnings.warn(_create_deprecation_warning(key, self._deprecation_replacements[key]))

[2022-02-09 20:34:04,099] {taskinstance.py:1426} INFO - Exporting the following env vars:
AIRFLOW_CTX_DAG_OWNER=***
AIRFLOW_CTX_DAG_ID=green_taxi_gcs_dag
AIRFLOW_CTX_TASK_ID=delete_the_local_file
AIRFLOW_CTX_EXECUTION_DATE=2019-10-02T00:00:00+00:00
AIRFLOW_CTX_DAG_RUN_ID=scheduled__2019-10-02T00:00:00+00:00
[2022-02-09 20:34:04,105] {subprocess.py:62} INFO - Tmp dir root location: 
 /tmp
[2022-02-09 20:34:04,106] {subprocess.py:74} INFO - Running command: ['bash', '-c', 'rm /opt/***/output_2019-10.csv | rm /opt/***/output_2019-10.parquet']
[2022-02-09 20:34:04,124] {subprocess.py:85} INFO - Output:
[2022-02-09 20:34:04,144] {subprocess.py:93} INFO - Command exited with return code 0
[2022-02-09 20:34:04,198] {taskinstance.py:1277} INFO - Marking task as SUCCESS. dag_id=green_taxi_gcs_dag, task_id=delete_the_local_file, execution_date=20191002T000000, start_date=20220209T203403, end_date=20220209T203404
[2022-02-09 20:34:04,250] {local_task_job.py:154} INFO - Task exited with return code 0
[2022-02-09 20:34:04,315] {local_task_job.py:264} INFO - 0 downstream tasks scheduled from follow-on schedule check
[2022-02-09 20:45:10,914] {taskinstance.py:1032} INFO - Dependencies all met for <TaskInstance: green_taxi_gcs_dag.delete_the_local_file scheduled__2019-10-02T00:00:00+00:00 [queued]>
[2022-02-09 20:45:10,937] {taskinstance.py:1032} INFO - Dependencies all met for <TaskInstance: green_taxi_gcs_dag.delete_the_local_file scheduled__2019-10-02T00:00:00+00:00 [queued]>
[2022-02-09 20:45:10,938] {taskinstance.py:1238} INFO - 
--------------------------------------------------------------------------------
[2022-02-09 20:45:10,938] {taskinstance.py:1239} INFO - Starting attempt 1 of 2
[2022-02-09 20:45:10,939] {taskinstance.py:1240} INFO - 
--------------------------------------------------------------------------------
[2022-02-09 20:45:10,965] {taskinstance.py:1259} INFO - Executing <Task(BashOperator): delete_the_local_file> on 2019-10-02 00:00:00+00:00
[2022-02-09 20:45:10,974] {standard_task_runner.py:52} INFO - Started process 838 to run task
[2022-02-09 20:45:10,980] {standard_task_runner.py:76} INFO - Running: ['***', 'tasks', 'run', 'green_taxi_gcs_dag', 'delete_the_local_file', 'scheduled__2019-10-02T00:00:00+00:00', '--job-id', '157', '--raw', '--subdir', 'DAGS_FOLDER/green_gcs_dag.py', '--cfg-path', '/tmp/tmpv42cf258', '--error-file', '/tmp/tmptb9sq770']
[2022-02-09 20:45:10,981] {standard_task_runner.py:77} INFO - Job 157: Subtask delete_the_local_file
[2022-02-09 20:45:11,095] {logging_mixin.py:109} INFO - Running <TaskInstance: green_taxi_gcs_dag.delete_the_local_file scheduled__2019-10-02T00:00:00+00:00 [running]> on host 4f97b6b16bdb
[2022-02-09 20:45:11,171] {warnings.py:110} WARNING - /home/***/.local/lib/python3.7/site-packages/***/utils/context.py:152: AirflowContextDeprecationWarning: Accessing 'execution_date' from the template is deprecated and will be removed in a future version. Please use 'data_interval_start' or 'logical_date' instead.
  warnings.warn(_create_deprecation_warning(key, self._deprecation_replacements[key]))

[2022-02-09 20:45:11,204] {taskinstance.py:1426} INFO - Exporting the following env vars:
AIRFLOW_CTX_DAG_OWNER=***
AIRFLOW_CTX_DAG_ID=green_taxi_gcs_dag
AIRFLOW_CTX_TASK_ID=delete_the_local_file
AIRFLOW_CTX_EXECUTION_DATE=2019-10-02T00:00:00+00:00
AIRFLOW_CTX_DAG_RUN_ID=scheduled__2019-10-02T00:00:00+00:00
[2022-02-09 20:45:11,205] {subprocess.py:62} INFO - Tmp dir root location: 
 /tmp
[2022-02-09 20:45:11,206] {subprocess.py:74} INFO - Running command: ['bash', '-c', 'rm /opt/***/output_2019-10.csv | rm /opt/***/output_2019-10.parquet']
[2022-02-09 20:45:11,224] {subprocess.py:85} INFO - Output:
[2022-02-09 20:45:11,240] {subprocess.py:93} INFO - Command exited with return code 0
[2022-02-09 20:45:11,278] {taskinstance.py:1277} INFO - Marking task as SUCCESS. dag_id=green_taxi_gcs_dag, task_id=delete_the_local_file, execution_date=20191002T000000, start_date=20220209T204510, end_date=20220209T204511
[2022-02-09 20:45:11,313] {local_task_job.py:154} INFO - Task exited with return code 0
[2022-02-09 20:45:11,358] {local_task_job.py:264} INFO - 0 downstream tasks scheduled from follow-on schedule check
[2022-02-20 00:07:11,349] {taskinstance.py:1032} INFO - Dependencies all met for <TaskInstance: green_taxi_gcs_dag.delete_the_local_file scheduled__2019-10-02T00:00:00+00:00 [queued]>
[2022-02-20 00:07:11,373] {taskinstance.py:1032} INFO - Dependencies all met for <TaskInstance: green_taxi_gcs_dag.delete_the_local_file scheduled__2019-10-02T00:00:00+00:00 [queued]>
[2022-02-20 00:07:11,373] {taskinstance.py:1238} INFO - 
--------------------------------------------------------------------------------
[2022-02-20 00:07:11,374] {taskinstance.py:1239} INFO - Starting attempt 1 of 2
[2022-02-20 00:07:11,374] {taskinstance.py:1240} INFO - 
--------------------------------------------------------------------------------
[2022-02-20 00:07:11,404] {taskinstance.py:1259} INFO - Executing <Task(BashOperator): delete_the_local_file> on 2019-10-02 00:00:00+00:00
[2022-02-20 00:07:11,413] {standard_task_runner.py:52} INFO - Started process 789 to run task
[2022-02-20 00:07:11,421] {standard_task_runner.py:76} INFO - Running: ['***', 'tasks', 'run', 'green_taxi_gcs_dag', 'delete_the_local_file', 'scheduled__2019-10-02T00:00:00+00:00', '--job-id', '349', '--raw', '--subdir', 'DAGS_FOLDER/green_gcs_dag.py', '--cfg-path', '/tmp/tmplmszo3br', '--error-file', '/tmp/tmp506hjbne']
[2022-02-20 00:07:11,422] {standard_task_runner.py:77} INFO - Job 349: Subtask delete_the_local_file
[2022-02-20 00:07:11,567] {logging_mixin.py:109} INFO - Running <TaskInstance: green_taxi_gcs_dag.delete_the_local_file scheduled__2019-10-02T00:00:00+00:00 [running]> on host da07aa254901
[2022-02-20 00:07:11,679] {warnings.py:110} WARNING - /home/***/.local/lib/python3.7/site-packages/***/utils/context.py:152: AirflowContextDeprecationWarning: Accessing 'execution_date' from the template is deprecated and will be removed in a future version. Please use 'data_interval_start' or 'logical_date' instead.
  warnings.warn(_create_deprecation_warning(key, self._deprecation_replacements[key]))

[2022-02-20 00:07:11,709] {taskinstance.py:1426} INFO - Exporting the following env vars:
AIRFLOW_CTX_DAG_OWNER=***
AIRFLOW_CTX_DAG_ID=green_taxi_gcs_dag
AIRFLOW_CTX_TASK_ID=delete_the_local_file
AIRFLOW_CTX_EXECUTION_DATE=2019-10-02T00:00:00+00:00
AIRFLOW_CTX_DAG_RUN_ID=scheduled__2019-10-02T00:00:00+00:00
[2022-02-20 00:07:11,711] {subprocess.py:62} INFO - Tmp dir root location: 
 /tmp
[2022-02-20 00:07:11,711] {subprocess.py:74} INFO - Running command: ['bash', '-c', 'rm /opt/***/output_2019-10.csv | rm /opt/***/output_2019-10.parquet']
[2022-02-20 00:07:11,740] {subprocess.py:85} INFO - Output:
[2022-02-20 00:07:11,757] {subprocess.py:93} INFO - Command exited with return code 0
[2022-02-20 00:07:11,805] {taskinstance.py:1277} INFO - Marking task as SUCCESS. dag_id=green_taxi_gcs_dag, task_id=delete_the_local_file, execution_date=20191002T000000, start_date=20220220T000711, end_date=20220220T000711
[2022-02-20 00:07:11,885] {local_task_job.py:154} INFO - Task exited with return code 0
[2022-02-20 00:07:11,948] {local_task_job.py:264} INFO - 0 downstream tasks scheduled from follow-on schedule check
[2022-02-20 02:00:33,515] {taskinstance.py:1032} INFO - Dependencies all met for <TaskInstance: green_taxi_gcs_dag.delete_the_local_file scheduled__2019-10-02T00:00:00+00:00 [queued]>
[2022-02-20 02:00:33,533] {taskinstance.py:1032} INFO - Dependencies all met for <TaskInstance: green_taxi_gcs_dag.delete_the_local_file scheduled__2019-10-02T00:00:00+00:00 [queued]>
[2022-02-20 02:00:33,534] {taskinstance.py:1238} INFO - 
--------------------------------------------------------------------------------
[2022-02-20 02:00:33,534] {taskinstance.py:1239} INFO - Starting attempt 1 of 2
[2022-02-20 02:00:33,534] {taskinstance.py:1240} INFO - 
--------------------------------------------------------------------------------
[2022-02-20 02:00:33,560] {taskinstance.py:1259} INFO - Executing <Task(BashOperator): delete_the_local_file> on 2019-10-02 00:00:00+00:00
[2022-02-20 02:00:33,567] {standard_task_runner.py:52} INFO - Started process 459 to run task
[2022-02-20 02:00:33,577] {standard_task_runner.py:76} INFO - Running: ['***', 'tasks', 'run', 'green_taxi_gcs_dag', 'delete_the_local_file', 'scheduled__2019-10-02T00:00:00+00:00', '--job-id', '554', '--raw', '--subdir', 'DAGS_FOLDER/green_gcs_dag.py', '--cfg-path', '/tmp/tmpyo56_fby', '--error-file', '/tmp/tmpvu9fi_np']
[2022-02-20 02:00:33,578] {standard_task_runner.py:77} INFO - Job 554: Subtask delete_the_local_file
[2022-02-20 02:00:33,677] {logging_mixin.py:109} INFO - Running <TaskInstance: green_taxi_gcs_dag.delete_the_local_file scheduled__2019-10-02T00:00:00+00:00 [running]> on host 5484a3a1f7c3
[2022-02-20 02:00:33,750] {warnings.py:110} WARNING - /home/***/.local/lib/python3.7/site-packages/***/utils/context.py:152: AirflowContextDeprecationWarning: Accessing 'execution_date' from the template is deprecated and will be removed in a future version. Please use 'data_interval_start' or 'logical_date' instead.
  warnings.warn(_create_deprecation_warning(key, self._deprecation_replacements[key]))

[2022-02-20 02:00:33,776] {taskinstance.py:1426} INFO - Exporting the following env vars:
AIRFLOW_CTX_DAG_OWNER=***
AIRFLOW_CTX_DAG_ID=green_taxi_gcs_dag
AIRFLOW_CTX_TASK_ID=delete_the_local_file
AIRFLOW_CTX_EXECUTION_DATE=2019-10-02T00:00:00+00:00
AIRFLOW_CTX_DAG_RUN_ID=scheduled__2019-10-02T00:00:00+00:00
[2022-02-20 02:00:33,777] {subprocess.py:62} INFO - Tmp dir root location: 
 /tmp
[2022-02-20 02:00:33,778] {subprocess.py:74} INFO - Running command: ['bash', '-c', 'rm /opt/***/output_2019-10.csv | rm /opt/***/output_2019-10.parquet']
[2022-02-20 02:00:33,809] {subprocess.py:85} INFO - Output:
[2022-02-20 02:00:33,825] {subprocess.py:93} INFO - Command exited with return code 0
[2022-02-20 02:00:33,871] {taskinstance.py:1277} INFO - Marking task as SUCCESS. dag_id=green_taxi_gcs_dag, task_id=delete_the_local_file, execution_date=20191002T000000, start_date=20220220T020033, end_date=20220220T020033
[2022-02-20 02:00:33,909] {local_task_job.py:154} INFO - Task exited with return code 0
[2022-02-20 02:00:33,957] {local_task_job.py:264} INFO - 0 downstream tasks scheduled from follow-on schedule check
