[2022-02-03 17:27:25,248] {taskinstance.py:1032} INFO - Dependencies all met for <TaskInstance: yellow_taxi_gcs_dag.local_to_gcs_task scheduled__2020-05-02T00:00:00+00:00 [queued]>
[2022-02-03 17:27:25,266] {taskinstance.py:1032} INFO - Dependencies all met for <TaskInstance: yellow_taxi_gcs_dag.local_to_gcs_task scheduled__2020-05-02T00:00:00+00:00 [queued]>
[2022-02-03 17:27:25,266] {taskinstance.py:1238} INFO - 
--------------------------------------------------------------------------------
[2022-02-03 17:27:25,266] {taskinstance.py:1239} INFO - Starting attempt 1 of 2
[2022-02-03 17:27:25,266] {taskinstance.py:1240} INFO - 
--------------------------------------------------------------------------------
[2022-02-03 17:27:25,291] {taskinstance.py:1259} INFO - Executing <Task(PythonOperator): local_to_gcs_task> on 2020-05-02 00:00:00+00:00
[2022-02-03 17:27:25,298] {standard_task_runner.py:52} INFO - Started process 3150 to run task
[2022-02-03 17:27:25,306] {standard_task_runner.py:76} INFO - Running: ['***', 'tasks', 'run', 'yellow_taxi_gcs_dag', 'local_to_gcs_task', 'scheduled__2020-05-02T00:00:00+00:00', '--job-id', '112', '--raw', '--subdir', 'DAGS_FOLDER/yellow_taxi_gcs_dag.py', '--cfg-path', '/tmp/tmpdb2gdztt', '--error-file', '/tmp/tmp5cvcw1hj']
[2022-02-03 17:27:25,308] {standard_task_runner.py:77} INFO - Job 112: Subtask local_to_gcs_task
[2022-02-03 17:27:25,394] {logging_mixin.py:109} INFO - Running <TaskInstance: yellow_taxi_gcs_dag.local_to_gcs_task scheduled__2020-05-02T00:00:00+00:00 [running]> on host 7e458922b35d
[2022-02-03 17:27:25,463] {warnings.py:110} WARNING - /home/***/.local/lib/python3.7/site-packages/***/utils/context.py:152: AirflowContextDeprecationWarning: Accessing 'execution_date' from the template is deprecated and will be removed in a future version. Please use 'data_interval_start' or 'logical_date' instead.
  warnings.warn(_create_deprecation_warning(key, self._deprecation_replacements[key]))

[2022-02-03 17:27:25,499] {taskinstance.py:1426} INFO - Exporting the following env vars:
AIRFLOW_CTX_DAG_OWNER=***
AIRFLOW_CTX_DAG_ID=yellow_taxi_gcs_dag
AIRFLOW_CTX_TASK_ID=local_to_gcs_task
AIRFLOW_CTX_EXECUTION_DATE=2020-05-02T00:00:00+00:00
AIRFLOW_CTX_DAG_RUN_ID=scheduled__2020-05-02T00:00:00+00:00
[2022-02-03 17:27:27,253] {python.py:175} INFO - Done. Returned value was: None
[2022-02-03 17:27:27,278] {taskinstance.py:1277} INFO - Marking task as SUCCESS. dag_id=yellow_taxi_gcs_dag, task_id=local_to_gcs_task, execution_date=20200502T000000, start_date=20220203T172725, end_date=20220203T172727
[2022-02-03 17:27:27,324] {local_task_job.py:154} INFO - Task exited with return code 0
[2022-02-03 17:27:27,360] {local_task_job.py:264} INFO - 1 downstream tasks scheduled from follow-on schedule check
[2022-02-20 00:30:17,812] {taskinstance.py:1032} INFO - Dependencies all met for <TaskInstance: yellow_taxi_gcs_dag.local_to_gcs_task scheduled__2020-05-02T00:00:00+00:00 [queued]>
[2022-02-20 00:30:17,829] {taskinstance.py:1032} INFO - Dependencies all met for <TaskInstance: yellow_taxi_gcs_dag.local_to_gcs_task scheduled__2020-05-02T00:00:00+00:00 [queued]>
[2022-02-20 00:30:17,830] {taskinstance.py:1238} INFO - 
--------------------------------------------------------------------------------
[2022-02-20 00:30:17,830] {taskinstance.py:1239} INFO - Starting attempt 1 of 2
[2022-02-20 00:30:17,830] {taskinstance.py:1240} INFO - 
--------------------------------------------------------------------------------
[2022-02-20 00:30:17,848] {taskinstance.py:1259} INFO - Executing <Task(PythonOperator): local_to_gcs_task> on 2020-05-02 00:00:00+00:00
[2022-02-20 00:30:17,855] {standard_task_runner.py:52} INFO - Started process 2322 to run task
[2022-02-20 00:30:17,859] {standard_task_runner.py:76} INFO - Running: ['***', 'tasks', 'run', 'yellow_taxi_gcs_dag', 'local_to_gcs_task', 'scheduled__2020-05-02T00:00:00+00:00', '--job-id', '482', '--raw', '--subdir', 'DAGS_FOLDER/yellow_taxi_gcs_dag.py', '--cfg-path', '/tmp/tmpvrhkqkee', '--error-file', '/tmp/tmpwgp58yv3']
[2022-02-20 00:30:17,860] {standard_task_runner.py:77} INFO - Job 482: Subtask local_to_gcs_task
[2022-02-20 00:30:17,929] {logging_mixin.py:109} INFO - Running <TaskInstance: yellow_taxi_gcs_dag.local_to_gcs_task scheduled__2020-05-02T00:00:00+00:00 [running]> on host da07aa254901
[2022-02-20 00:30:17,985] {warnings.py:110} WARNING - /home/***/.local/lib/python3.7/site-packages/***/utils/context.py:152: AirflowContextDeprecationWarning: Accessing 'execution_date' from the template is deprecated and will be removed in a future version. Please use 'data_interval_start' or 'logical_date' instead.
  warnings.warn(_create_deprecation_warning(key, self._deprecation_replacements[key]))

[2022-02-20 00:30:18,015] {taskinstance.py:1426} INFO - Exporting the following env vars:
AIRFLOW_CTX_DAG_OWNER=***
AIRFLOW_CTX_DAG_ID=yellow_taxi_gcs_dag
AIRFLOW_CTX_TASK_ID=local_to_gcs_task
AIRFLOW_CTX_EXECUTION_DATE=2020-05-02T00:00:00+00:00
AIRFLOW_CTX_DAG_RUN_ID=scheduled__2020-05-02T00:00:00+00:00
[2022-02-20 00:30:19,188] {python.py:175} INFO - Done. Returned value was: None
[2022-02-20 00:30:19,212] {taskinstance.py:1277} INFO - Marking task as SUCCESS. dag_id=yellow_taxi_gcs_dag, task_id=local_to_gcs_task, execution_date=20200502T000000, start_date=20220220T003017, end_date=20220220T003019
[2022-02-20 00:30:19,292] {local_task_job.py:154} INFO - Task exited with return code 0
[2022-02-20 00:30:19,346] {local_task_job.py:264} INFO - 1 downstream tasks scheduled from follow-on schedule check
