[2022-02-09 20:37:22,767] {taskinstance.py:1032} INFO - Dependencies all met for <TaskInstance: green_taxi_gcs_dag.format_to_parquet_task scheduled__2020-05-02T00:00:00+00:00 [queued]>
[2022-02-09 20:37:22,803] {taskinstance.py:1032} INFO - Dependencies all met for <TaskInstance: green_taxi_gcs_dag.format_to_parquet_task scheduled__2020-05-02T00:00:00+00:00 [queued]>
[2022-02-09 20:37:22,804] {taskinstance.py:1238} INFO - 
--------------------------------------------------------------------------------
[2022-02-09 20:37:22,804] {taskinstance.py:1239} INFO - Starting attempt 1 of 2
[2022-02-09 20:37:22,804] {taskinstance.py:1240} INFO - 
--------------------------------------------------------------------------------
[2022-02-09 20:37:22,853] {taskinstance.py:1259} INFO - Executing <Task(PythonOperator): format_to_parquet_task> on 2020-05-02 00:00:00+00:00
[2022-02-09 20:37:22,894] {standard_task_runner.py:76} INFO - Running: ['***', 'tasks', 'run', 'green_taxi_gcs_dag', 'format_to_parquet_task', 'scheduled__2020-05-02T00:00:00+00:00', '--job-id', '83', '--raw', '--subdir', 'DAGS_FOLDER/green_gcs_dag.py', '--cfg-path', '/tmp/tmpvly1itwf', '--error-file', '/tmp/tmp6u6ld5z2']
[2022-02-09 20:37:22,896] {standard_task_runner.py:77} INFO - Job 83: Subtask format_to_parquet_task
[2022-02-09 20:37:22,878] {standard_task_runner.py:52} INFO - Started process 180 to run task
[2022-02-09 20:37:23,241] {logging_mixin.py:109} INFO - Running <TaskInstance: green_taxi_gcs_dag.format_to_parquet_task scheduled__2020-05-02T00:00:00+00:00 [running]> on host 4f97b6b16bdb
[2022-02-09 20:37:23,402] {warnings.py:110} WARNING - /home/***/.local/lib/python3.7/site-packages/***/utils/context.py:152: AirflowContextDeprecationWarning: Accessing 'execution_date' from the template is deprecated and will be removed in a future version. Please use 'data_interval_start' or 'logical_date' instead.
  warnings.warn(_create_deprecation_warning(key, self._deprecation_replacements[key]))

[2022-02-09 20:37:23,498] {taskinstance.py:1426} INFO - Exporting the following env vars:
AIRFLOW_CTX_DAG_OWNER=***
AIRFLOW_CTX_DAG_ID=green_taxi_gcs_dag
AIRFLOW_CTX_TASK_ID=format_to_parquet_task
AIRFLOW_CTX_EXECUTION_DATE=2020-05-02T00:00:00+00:00
AIRFLOW_CTX_DAG_RUN_ID=scheduled__2020-05-02T00:00:00+00:00
[2022-02-09 20:37:24,478] {python.py:175} INFO - Done. Returned value was: None
[2022-02-09 20:37:24,509] {taskinstance.py:1277} INFO - Marking task as SUCCESS. dag_id=green_taxi_gcs_dag, task_id=format_to_parquet_task, execution_date=20200502T000000, start_date=20220209T203722, end_date=20220209T203724
[2022-02-09 20:37:24,647] {local_task_job.py:154} INFO - Task exited with return code 0
[2022-02-09 20:37:24,863] {local_task_job.py:264} INFO - 1 downstream tasks scheduled from follow-on schedule check
[2022-02-09 20:47:41,012] {taskinstance.py:1032} INFO - Dependencies all met for <TaskInstance: green_taxi_gcs_dag.format_to_parquet_task scheduled__2020-05-02T00:00:00+00:00 [queued]>
[2022-02-09 20:47:41,032] {taskinstance.py:1032} INFO - Dependencies all met for <TaskInstance: green_taxi_gcs_dag.format_to_parquet_task scheduled__2020-05-02T00:00:00+00:00 [queued]>
[2022-02-09 20:47:41,032] {taskinstance.py:1238} INFO - 
--------------------------------------------------------------------------------
[2022-02-09 20:47:41,032] {taskinstance.py:1239} INFO - Starting attempt 1 of 2
[2022-02-09 20:47:41,032] {taskinstance.py:1240} INFO - 
--------------------------------------------------------------------------------
[2022-02-09 20:47:41,050] {taskinstance.py:1259} INFO - Executing <Task(PythonOperator): format_to_parquet_task> on 2020-05-02 00:00:00+00:00
[2022-02-09 20:47:41,057] {standard_task_runner.py:52} INFO - Started process 1047 to run task
[2022-02-09 20:47:41,065] {standard_task_runner.py:76} INFO - Running: ['***', 'tasks', 'run', 'green_taxi_gcs_dag', 'format_to_parquet_task', 'scheduled__2020-05-02T00:00:00+00:00', '--job-id', '180', '--raw', '--subdir', 'DAGS_FOLDER/green_gcs_dag.py', '--cfg-path', '/tmp/tmpksgmnic1', '--error-file', '/tmp/tmps7iq4uax']
[2022-02-09 20:47:41,066] {standard_task_runner.py:77} INFO - Job 180: Subtask format_to_parquet_task
[2022-02-09 20:47:41,154] {logging_mixin.py:109} INFO - Running <TaskInstance: green_taxi_gcs_dag.format_to_parquet_task scheduled__2020-05-02T00:00:00+00:00 [running]> on host 4f97b6b16bdb
[2022-02-09 20:47:41,221] {warnings.py:110} WARNING - /home/***/.local/lib/python3.7/site-packages/***/utils/context.py:152: AirflowContextDeprecationWarning: Accessing 'execution_date' from the template is deprecated and will be removed in a future version. Please use 'data_interval_start' or 'logical_date' instead.
  warnings.warn(_create_deprecation_warning(key, self._deprecation_replacements[key]))

[2022-02-09 20:47:41,253] {taskinstance.py:1426} INFO - Exporting the following env vars:
AIRFLOW_CTX_DAG_OWNER=***
AIRFLOW_CTX_DAG_ID=green_taxi_gcs_dag
AIRFLOW_CTX_TASK_ID=format_to_parquet_task
AIRFLOW_CTX_EXECUTION_DATE=2020-05-02T00:00:00+00:00
AIRFLOW_CTX_DAG_RUN_ID=scheduled__2020-05-02T00:00:00+00:00
[2022-02-09 20:47:41,563] {python.py:175} INFO - Done. Returned value was: None
[2022-02-09 20:47:41,593] {taskinstance.py:1277} INFO - Marking task as SUCCESS. dag_id=green_taxi_gcs_dag, task_id=format_to_parquet_task, execution_date=20200502T000000, start_date=20220209T204741, end_date=20220209T204741
[2022-02-09 20:47:41,691] {local_task_job.py:154} INFO - Task exited with return code 0
[2022-02-09 20:47:41,870] {local_task_job.py:264} INFO - 0 downstream tasks scheduled from follow-on schedule check
[2022-02-20 00:08:07,475] {taskinstance.py:1032} INFO - Dependencies all met for <TaskInstance: green_taxi_gcs_dag.format_to_parquet_task scheduled__2020-05-02T00:00:00+00:00 [queued]>
[2022-02-20 00:08:07,505] {taskinstance.py:1032} INFO - Dependencies all met for <TaskInstance: green_taxi_gcs_dag.format_to_parquet_task scheduled__2020-05-02T00:00:00+00:00 [queued]>
[2022-02-20 00:08:07,505] {taskinstance.py:1238} INFO - 
--------------------------------------------------------------------------------
[2022-02-20 00:08:07,505] {taskinstance.py:1239} INFO - Starting attempt 1 of 2
[2022-02-20 00:08:07,505] {taskinstance.py:1240} INFO - 
--------------------------------------------------------------------------------
[2022-02-20 00:08:07,530] {taskinstance.py:1259} INFO - Executing <Task(PythonOperator): format_to_parquet_task> on 2020-05-02 00:00:00+00:00
[2022-02-20 00:08:07,539] {standard_task_runner.py:52} INFO - Started process 971 to run task
[2022-02-20 00:08:07,546] {standard_task_runner.py:76} INFO - Running: ['***', 'tasks', 'run', 'green_taxi_gcs_dag', 'format_to_parquet_task', 'scheduled__2020-05-02T00:00:00+00:00', '--job-id', '374', '--raw', '--subdir', 'DAGS_FOLDER/green_gcs_dag.py', '--cfg-path', '/tmp/tmp3kde7r3d', '--error-file', '/tmp/tmp6r562_h_']
[2022-02-20 00:08:07,548] {standard_task_runner.py:77} INFO - Job 374: Subtask format_to_parquet_task
[2022-02-20 00:08:07,688] {logging_mixin.py:109} INFO - Running <TaskInstance: green_taxi_gcs_dag.format_to_parquet_task scheduled__2020-05-02T00:00:00+00:00 [running]> on host da07aa254901
[2022-02-20 00:08:07,796] {warnings.py:110} WARNING - /home/***/.local/lib/python3.7/site-packages/***/utils/context.py:152: AirflowContextDeprecationWarning: Accessing 'execution_date' from the template is deprecated and will be removed in a future version. Please use 'data_interval_start' or 'logical_date' instead.
  warnings.warn(_create_deprecation_warning(key, self._deprecation_replacements[key]))

[2022-02-20 00:08:07,843] {taskinstance.py:1426} INFO - Exporting the following env vars:
AIRFLOW_CTX_DAG_OWNER=***
AIRFLOW_CTX_DAG_ID=green_taxi_gcs_dag
AIRFLOW_CTX_TASK_ID=format_to_parquet_task
AIRFLOW_CTX_EXECUTION_DATE=2020-05-02T00:00:00+00:00
AIRFLOW_CTX_DAG_RUN_ID=scheduled__2020-05-02T00:00:00+00:00
[2022-02-20 00:08:08,157] {python.py:175} INFO - Done. Returned value was: None
[2022-02-20 00:08:08,191] {taskinstance.py:1277} INFO - Marking task as SUCCESS. dag_id=green_taxi_gcs_dag, task_id=format_to_parquet_task, execution_date=20200502T000000, start_date=20220220T000807, end_date=20220220T000808
[2022-02-20 00:08:08,257] {local_task_job.py:154} INFO - Task exited with return code 0
[2022-02-20 00:08:08,354] {local_task_job.py:264} INFO - 1 downstream tasks scheduled from follow-on schedule check
[2022-02-20 02:01:35,712] {taskinstance.py:1032} INFO - Dependencies all met for <TaskInstance: green_taxi_gcs_dag.format_to_parquet_task scheduled__2020-05-02T00:00:00+00:00 [queued]>
[2022-02-20 02:01:35,725] {taskinstance.py:1032} INFO - Dependencies all met for <TaskInstance: green_taxi_gcs_dag.format_to_parquet_task scheduled__2020-05-02T00:00:00+00:00 [queued]>
[2022-02-20 02:01:35,725] {taskinstance.py:1238} INFO - 
--------------------------------------------------------------------------------
[2022-02-20 02:01:35,725] {taskinstance.py:1239} INFO - Starting attempt 1 of 2
[2022-02-20 02:01:35,725] {taskinstance.py:1240} INFO - 
--------------------------------------------------------------------------------
[2022-02-20 02:01:35,737] {taskinstance.py:1259} INFO - Executing <Task(PythonOperator): format_to_parquet_task> on 2020-05-02 00:00:00+00:00
[2022-02-20 02:01:35,743] {standard_task_runner.py:52} INFO - Started process 646 to run task
[2022-02-20 02:01:35,747] {standard_task_runner.py:76} INFO - Running: ['***', 'tasks', 'run', 'green_taxi_gcs_dag', 'format_to_parquet_task', 'scheduled__2020-05-02T00:00:00+00:00', '--job-id', '580', '--raw', '--subdir', 'DAGS_FOLDER/green_gcs_dag.py', '--cfg-path', '/tmp/tmpaxqm2e35', '--error-file', '/tmp/tmpmbe4fgwu']
[2022-02-20 02:01:35,748] {standard_task_runner.py:77} INFO - Job 580: Subtask format_to_parquet_task
[2022-02-20 02:01:35,809] {logging_mixin.py:109} INFO - Running <TaskInstance: green_taxi_gcs_dag.format_to_parquet_task scheduled__2020-05-02T00:00:00+00:00 [running]> on host 5484a3a1f7c3
[2022-02-20 02:01:35,855] {warnings.py:110} WARNING - /home/***/.local/lib/python3.7/site-packages/***/utils/context.py:152: AirflowContextDeprecationWarning: Accessing 'execution_date' from the template is deprecated and will be removed in a future version. Please use 'data_interval_start' or 'logical_date' instead.
  warnings.warn(_create_deprecation_warning(key, self._deprecation_replacements[key]))

[2022-02-20 02:01:35,876] {taskinstance.py:1426} INFO - Exporting the following env vars:
AIRFLOW_CTX_DAG_OWNER=***
AIRFLOW_CTX_DAG_ID=green_taxi_gcs_dag
AIRFLOW_CTX_TASK_ID=format_to_parquet_task
AIRFLOW_CTX_EXECUTION_DATE=2020-05-02T00:00:00+00:00
AIRFLOW_CTX_DAG_RUN_ID=scheduled__2020-05-02T00:00:00+00:00
[2022-02-20 02:01:36,030] {python.py:175} INFO - Done. Returned value was: None
[2022-02-20 02:01:36,043] {taskinstance.py:1277} INFO - Marking task as SUCCESS. dag_id=green_taxi_gcs_dag, task_id=format_to_parquet_task, execution_date=20200502T000000, start_date=20220220T020135, end_date=20220220T020136
[2022-02-20 02:01:36,079] {local_task_job.py:154} INFO - Task exited with return code 0
[2022-02-20 02:01:36,151] {local_task_job.py:264} INFO - 1 downstream tasks scheduled from follow-on schedule check
