[2022-02-03 13:45:21,461] {taskinstance.py:1032} INFO - Dependencies all met for <TaskInstance: LocalIngestionDag.wget scheduled__2019-02-02T06:00:00+00:00 [queued]>
[2022-02-03 13:45:21,530] {taskinstance.py:1032} INFO - Dependencies all met for <TaskInstance: LocalIngestionDag.wget scheduled__2019-02-02T06:00:00+00:00 [queued]>
[2022-02-03 13:45:21,534] {taskinstance.py:1238} INFO - 
--------------------------------------------------------------------------------
[2022-02-03 13:45:21,534] {taskinstance.py:1239} INFO - Starting attempt 1 of 1
[2022-02-03 13:45:21,535] {taskinstance.py:1240} INFO - 
--------------------------------------------------------------------------------
[2022-02-03 13:45:21,600] {taskinstance.py:1259} INFO - Executing <Task(BashOperator): wget> on 2019-02-02 06:00:00+00:00
[2022-02-03 13:45:21,619] {standard_task_runner.py:52} INFO - Started process 1393 to run task
[2022-02-03 13:45:21,654] {standard_task_runner.py:76} INFO - Running: ['***', 'tasks', 'run', 'LocalIngestionDag', 'wget', 'scheduled__2019-02-02T06:00:00+00:00', '--job-id', '28', '--raw', '--subdir', 'DAGS_FOLDER/data_ingestion_localDB_dag.py', '--cfg-path', '/tmp/tmpk6u1i9b4', '--error-file', '/tmp/tmp7rv1z4sg']
[2022-02-03 13:45:21,662] {standard_task_runner.py:77} INFO - Job 28: Subtask wget
[2022-02-03 13:45:21,955] {logging_mixin.py:109} INFO - Running <TaskInstance: LocalIngestionDag.wget scheduled__2019-02-02T06:00:00+00:00 [running]> on host 2b92176b720f
[2022-02-03 13:45:22,161] {warnings.py:110} WARNING - /home/***/.local/lib/python3.7/site-packages/***/utils/context.py:152: AirflowContextDeprecationWarning: Accessing 'execution_date' from the template is deprecated and will be removed in a future version. Please use 'data_interval_start' or 'logical_date' instead.
  warnings.warn(_create_deprecation_warning(key, self._deprecation_replacements[key]))

[2022-02-03 13:45:22,303] {taskinstance.py:1426} INFO - Exporting the following env vars:
AIRFLOW_CTX_DAG_OWNER=***
AIRFLOW_CTX_DAG_ID=LocalIngestionDag
AIRFLOW_CTX_TASK_ID=wget
AIRFLOW_CTX_EXECUTION_DATE=2019-02-02T06:00:00+00:00
AIRFLOW_CTX_DAG_RUN_ID=scheduled__2019-02-02T06:00:00+00:00
[2022-02-03 13:45:22,304] {subprocess.py:62} INFO - Tmp dir root location: 
 /tmp
[2022-02-03 13:45:22,305] {subprocess.py:74} INFO - Running command: ['bash', '-c', 'echo "2019-m%"']
[2022-02-03 13:45:22,401] {subprocess.py:85} INFO - Output:
[2022-02-03 13:45:22,423] {subprocess.py:89} INFO - 2019-m%
[2022-02-03 13:45:22,429] {subprocess.py:93} INFO - Command exited with return code 0
[2022-02-03 13:45:22,571] {taskinstance.py:1277} INFO - Marking task as SUCCESS. dag_id=LocalIngestionDag, task_id=wget, execution_date=20190202T060000, start_date=20220203T134521, end_date=20220203T134522
[2022-02-03 13:45:22,678] {local_task_job.py:154} INFO - Task exited with return code 0
[2022-02-03 13:45:22,841] {local_task_job.py:264} INFO - 0 downstream tasks scheduled from follow-on schedule check
[2022-02-03 13:53:56,754] {taskinstance.py:1032} INFO - Dependencies all met for <TaskInstance: LocalIngestionDag.wget scheduled__2019-02-02T06:00:00+00:00 [queued]>
[2022-02-03 13:53:56,778] {taskinstance.py:1032} INFO - Dependencies all met for <TaskInstance: LocalIngestionDag.wget scheduled__2019-02-02T06:00:00+00:00 [queued]>
[2022-02-03 13:53:56,778] {taskinstance.py:1238} INFO - 
--------------------------------------------------------------------------------
[2022-02-03 13:53:56,778] {taskinstance.py:1239} INFO - Starting attempt 1 of 1
[2022-02-03 13:53:56,778] {taskinstance.py:1240} INFO - 
--------------------------------------------------------------------------------
[2022-02-03 13:53:56,808] {taskinstance.py:1259} INFO - Executing <Task(BashOperator): wget> on 2019-02-02 06:00:00+00:00
[2022-02-03 13:53:56,816] {standard_task_runner.py:52} INFO - Started process 1855 to run task
[2022-02-03 13:53:56,824] {standard_task_runner.py:76} INFO - Running: ['***', 'tasks', 'run', 'LocalIngestionDag', 'wget', 'scheduled__2019-02-02T06:00:00+00:00', '--job-id', '68', '--raw', '--subdir', 'DAGS_FOLDER/data_ingestion_localDB_dag.py', '--cfg-path', '/tmp/tmpub6k11e9', '--error-file', '/tmp/tmpw_gooll0']
[2022-02-03 13:53:56,825] {standard_task_runner.py:77} INFO - Job 68: Subtask wget
[2022-02-03 13:53:56,937] {logging_mixin.py:109} INFO - Running <TaskInstance: LocalIngestionDag.wget scheduled__2019-02-02T06:00:00+00:00 [running]> on host 2b92176b720f
[2022-02-03 13:53:57,014] {warnings.py:110} WARNING - /home/***/.local/lib/python3.7/site-packages/***/utils/context.py:152: AirflowContextDeprecationWarning: Accessing 'execution_date' from the template is deprecated and will be removed in a future version. Please use 'data_interval_start' or 'logical_date' instead.
  warnings.warn(_create_deprecation_warning(key, self._deprecation_replacements[key]))

[2022-02-03 13:53:57,043] {taskinstance.py:1426} INFO - Exporting the following env vars:
AIRFLOW_CTX_DAG_OWNER=***
AIRFLOW_CTX_DAG_ID=LocalIngestionDag
AIRFLOW_CTX_TASK_ID=wget
AIRFLOW_CTX_EXECUTION_DATE=2019-02-02T06:00:00+00:00
AIRFLOW_CTX_DAG_RUN_ID=scheduled__2019-02-02T06:00:00+00:00
[2022-02-03 13:53:57,044] {subprocess.py:62} INFO - Tmp dir root location: 
 /tmp
[2022-02-03 13:53:57,045] {subprocess.py:74} INFO - Running command: ['bash', '-c', 'echo "2019-02"']
[2022-02-03 13:53:57,057] {subprocess.py:85} INFO - Output:
[2022-02-03 13:53:57,060] {subprocess.py:89} INFO - 2019-02
[2022-02-03 13:53:57,060] {subprocess.py:93} INFO - Command exited with return code 0
[2022-02-03 13:53:57,095] {taskinstance.py:1277} INFO - Marking task as SUCCESS. dag_id=LocalIngestionDag, task_id=wget, execution_date=20190202T060000, start_date=20220203T135356, end_date=20220203T135357
[2022-02-03 13:53:57,156] {local_task_job.py:154} INFO - Task exited with return code 0
[2022-02-03 13:53:57,207] {local_task_job.py:264} INFO - 0 downstream tasks scheduled from follow-on schedule check
