[2022-02-09 22:19:37,123] {taskinstance.py:1032} INFO - Dependencies all met for <TaskInstance: green_taxi_gcs_dag.local_to_gcs_task scheduled__2020-01-02T00:00:00+00:00 [queued]>
[2022-02-09 22:19:37,141] {taskinstance.py:1032} INFO - Dependencies all met for <TaskInstance: green_taxi_gcs_dag.local_to_gcs_task scheduled__2020-01-02T00:00:00+00:00 [queued]>
[2022-02-09 22:19:37,141] {taskinstance.py:1238} INFO - 
--------------------------------------------------------------------------------
[2022-02-09 22:19:37,141] {taskinstance.py:1239} INFO - Starting attempt 1 of 2
[2022-02-09 22:19:37,141] {taskinstance.py:1240} INFO - 
--------------------------------------------------------------------------------
[2022-02-09 22:19:37,172] {taskinstance.py:1259} INFO - Executing <Task(PythonOperator): local_to_gcs_task> on 2020-01-02 00:00:00+00:00
[2022-02-09 22:19:37,182] {standard_task_runner.py:52} INFO - Started process 2953 to run task
[2022-02-09 22:19:37,195] {standard_task_runner.py:76} INFO - Running: ['***', 'tasks', 'run', 'green_taxi_gcs_dag', 'local_to_gcs_task', 'scheduled__2020-01-02T00:00:00+00:00', '--job-id', '214', '--raw', '--subdir', 'DAGS_FOLDER/green_gcs_dag.py', '--cfg-path', '/tmp/tmpwva8ipxs', '--error-file', '/tmp/tmpil35z0eq']
[2022-02-09 22:19:37,201] {standard_task_runner.py:77} INFO - Job 214: Subtask local_to_gcs_task
[2022-02-09 22:19:37,385] {logging_mixin.py:109} INFO - Running <TaskInstance: green_taxi_gcs_dag.local_to_gcs_task scheduled__2020-01-02T00:00:00+00:00 [running]> on host 4f97b6b16bdb
[2022-02-09 22:19:37,595] {warnings.py:110} WARNING - /home/***/.local/lib/python3.7/site-packages/***/utils/context.py:152: AirflowContextDeprecationWarning: Accessing 'execution_date' from the template is deprecated and will be removed in a future version. Please use 'data_interval_start' or 'logical_date' instead.
  warnings.warn(_create_deprecation_warning(key, self._deprecation_replacements[key]))

[2022-02-09 22:19:37,681] {taskinstance.py:1426} INFO - Exporting the following env vars:
AIRFLOW_CTX_DAG_OWNER=***
AIRFLOW_CTX_DAG_ID=green_taxi_gcs_dag
AIRFLOW_CTX_TASK_ID=local_to_gcs_task
AIRFLOW_CTX_EXECUTION_DATE=2020-01-02T00:00:00+00:00
AIRFLOW_CTX_DAG_RUN_ID=scheduled__2020-01-02T00:00:00+00:00
[2022-02-09 22:19:39,028] {python.py:175} INFO - Done. Returned value was: None
[2022-02-09 22:19:39,063] {taskinstance.py:1277} INFO - Marking task as SUCCESS. dag_id=green_taxi_gcs_dag, task_id=local_to_gcs_task, execution_date=20200102T000000, start_date=20220209T221937, end_date=20220209T221939
[2022-02-09 22:19:39,189] {local_task_job.py:154} INFO - Task exited with return code 0
[2022-02-09 22:19:39,319] {local_task_job.py:264} INFO - 0 downstream tasks scheduled from follow-on schedule check
[2022-02-20 00:07:39,331] {taskinstance.py:1032} INFO - Dependencies all met for <TaskInstance: green_taxi_gcs_dag.local_to_gcs_task scheduled__2020-01-02T00:00:00+00:00 [queued]>
[2022-02-20 00:07:39,348] {taskinstance.py:1032} INFO - Dependencies all met for <TaskInstance: green_taxi_gcs_dag.local_to_gcs_task scheduled__2020-01-02T00:00:00+00:00 [queued]>
[2022-02-20 00:07:39,348] {taskinstance.py:1238} INFO - 
--------------------------------------------------------------------------------
[2022-02-20 00:07:39,349] {taskinstance.py:1239} INFO - Starting attempt 1 of 2
[2022-02-20 00:07:39,349] {taskinstance.py:1240} INFO - 
--------------------------------------------------------------------------------
[2022-02-20 00:07:39,370] {taskinstance.py:1259} INFO - Executing <Task(PythonOperator): local_to_gcs_task> on 2020-01-02 00:00:00+00:00
[2022-02-20 00:07:39,377] {standard_task_runner.py:52} INFO - Started process 867 to run task
[2022-02-20 00:07:39,387] {standard_task_runner.py:76} INFO - Running: ['***', 'tasks', 'run', 'green_taxi_gcs_dag', 'local_to_gcs_task', 'scheduled__2020-01-02T00:00:00+00:00', '--job-id', '359', '--raw', '--subdir', 'DAGS_FOLDER/green_gcs_dag.py', '--cfg-path', '/tmp/tmpt3x8zj85', '--error-file', '/tmp/tmpdbsh14dv']
[2022-02-20 00:07:39,389] {standard_task_runner.py:77} INFO - Job 359: Subtask local_to_gcs_task
[2022-02-20 00:07:39,476] {logging_mixin.py:109} INFO - Running <TaskInstance: green_taxi_gcs_dag.local_to_gcs_task scheduled__2020-01-02T00:00:00+00:00 [running]> on host da07aa254901
[2022-02-20 00:07:39,542] {warnings.py:110} WARNING - /home/***/.local/lib/python3.7/site-packages/***/utils/context.py:152: AirflowContextDeprecationWarning: Accessing 'execution_date' from the template is deprecated and will be removed in a future version. Please use 'data_interval_start' or 'logical_date' instead.
  warnings.warn(_create_deprecation_warning(key, self._deprecation_replacements[key]))

[2022-02-20 00:07:39,570] {taskinstance.py:1426} INFO - Exporting the following env vars:
AIRFLOW_CTX_DAG_OWNER=***
AIRFLOW_CTX_DAG_ID=green_taxi_gcs_dag
AIRFLOW_CTX_TASK_ID=local_to_gcs_task
AIRFLOW_CTX_EXECUTION_DATE=2020-01-02T00:00:00+00:00
AIRFLOW_CTX_DAG_RUN_ID=scheduled__2020-01-02T00:00:00+00:00
[2022-02-20 00:07:40,839] {python.py:175} INFO - Done. Returned value was: None
[2022-02-20 00:07:40,858] {taskinstance.py:1277} INFO - Marking task as SUCCESS. dag_id=green_taxi_gcs_dag, task_id=local_to_gcs_task, execution_date=20200102T000000, start_date=20220220T000739, end_date=20220220T000740
[2022-02-20 00:07:40,921] {local_task_job.py:154} INFO - Task exited with return code 0
[2022-02-20 00:07:40,973] {local_task_job.py:264} INFO - 1 downstream tasks scheduled from follow-on schedule check
[2022-02-20 02:00:59,792] {taskinstance.py:1032} INFO - Dependencies all met for <TaskInstance: green_taxi_gcs_dag.local_to_gcs_task scheduled__2020-01-02T00:00:00+00:00 [queued]>
[2022-02-20 02:00:59,807] {taskinstance.py:1032} INFO - Dependencies all met for <TaskInstance: green_taxi_gcs_dag.local_to_gcs_task scheduled__2020-01-02T00:00:00+00:00 [queued]>
[2022-02-20 02:00:59,807] {taskinstance.py:1238} INFO - 
--------------------------------------------------------------------------------
[2022-02-20 02:00:59,807] {taskinstance.py:1239} INFO - Starting attempt 1 of 2
[2022-02-20 02:00:59,807] {taskinstance.py:1240} INFO - 
--------------------------------------------------------------------------------
[2022-02-20 02:00:59,821] {taskinstance.py:1259} INFO - Executing <Task(PythonOperator): local_to_gcs_task> on 2020-01-02 00:00:00+00:00
[2022-02-20 02:00:59,828] {standard_task_runner.py:52} INFO - Started process 538 to run task
[2022-02-20 02:00:59,833] {standard_task_runner.py:76} INFO - Running: ['***', 'tasks', 'run', 'green_taxi_gcs_dag', 'local_to_gcs_task', 'scheduled__2020-01-02T00:00:00+00:00', '--job-id', '564', '--raw', '--subdir', 'DAGS_FOLDER/green_gcs_dag.py', '--cfg-path', '/tmp/tmp848vb1nz', '--error-file', '/tmp/tmp256ujrst']
[2022-02-20 02:00:59,834] {standard_task_runner.py:77} INFO - Job 564: Subtask local_to_gcs_task
[2022-02-20 02:00:59,899] {logging_mixin.py:109} INFO - Running <TaskInstance: green_taxi_gcs_dag.local_to_gcs_task scheduled__2020-01-02T00:00:00+00:00 [running]> on host 5484a3a1f7c3
[2022-02-20 02:00:59,960] {warnings.py:110} WARNING - /home/***/.local/lib/python3.7/site-packages/***/utils/context.py:152: AirflowContextDeprecationWarning: Accessing 'execution_date' from the template is deprecated and will be removed in a future version. Please use 'data_interval_start' or 'logical_date' instead.
  warnings.warn(_create_deprecation_warning(key, self._deprecation_replacements[key]))

[2022-02-20 02:00:59,998] {taskinstance.py:1426} INFO - Exporting the following env vars:
AIRFLOW_CTX_DAG_OWNER=***
AIRFLOW_CTX_DAG_ID=green_taxi_gcs_dag
AIRFLOW_CTX_TASK_ID=local_to_gcs_task
AIRFLOW_CTX_EXECUTION_DATE=2020-01-02T00:00:00+00:00
AIRFLOW_CTX_DAG_RUN_ID=scheduled__2020-01-02T00:00:00+00:00
[2022-02-20 02:01:01,188] {python.py:175} INFO - Done. Returned value was: None
[2022-02-20 02:01:01,203] {taskinstance.py:1277} INFO - Marking task as SUCCESS. dag_id=green_taxi_gcs_dag, task_id=local_to_gcs_task, execution_date=20200102T000000, start_date=20220220T020059, end_date=20220220T020101
[2022-02-20 02:01:01,251] {local_task_job.py:154} INFO - Task exited with return code 0
[2022-02-20 02:01:01,297] {local_task_job.py:264} INFO - 1 downstream tasks scheduled from follow-on schedule check
