[2022-02-03 17:24:03,862] {taskinstance.py:1032} INFO - Dependencies all met for <TaskInstance: yellow_taxi_gcs_dag.download_dataset_task scheduled__2020-01-02T00:00:00+00:00 [queued]>
[2022-02-03 17:24:03,883] {taskinstance.py:1032} INFO - Dependencies all met for <TaskInstance: yellow_taxi_gcs_dag.download_dataset_task scheduled__2020-01-02T00:00:00+00:00 [queued]>
[2022-02-03 17:24:03,883] {taskinstance.py:1238} INFO - 
--------------------------------------------------------------------------------
[2022-02-03 17:24:03,883] {taskinstance.py:1239} INFO - Starting attempt 1 of 2
[2022-02-03 17:24:03,883] {taskinstance.py:1240} INFO - 
--------------------------------------------------------------------------------
[2022-02-03 17:24:03,902] {taskinstance.py:1259} INFO - Executing <Task(BashOperator): download_dataset_task> on 2020-01-02 00:00:00+00:00
[2022-02-03 17:24:03,909] {standard_task_runner.py:52} INFO - Started process 2870 to run task
[2022-02-03 17:24:03,917] {standard_task_runner.py:76} INFO - Running: ['***', 'tasks', 'run', 'yellow_taxi_gcs_dag', 'download_dataset_task', 'scheduled__2020-01-02T00:00:00+00:00', '--job-id', '89', '--raw', '--subdir', 'DAGS_FOLDER/yellow_taxi_gcs_dag.py', '--cfg-path', '/tmp/tmp0roy5ftm', '--error-file', '/tmp/tmp9m7vkehb']
[2022-02-03 17:24:03,919] {standard_task_runner.py:77} INFO - Job 89: Subtask download_dataset_task
[2022-02-03 17:24:04,029] {logging_mixin.py:109} INFO - Running <TaskInstance: yellow_taxi_gcs_dag.download_dataset_task scheduled__2020-01-02T00:00:00+00:00 [running]> on host 7e458922b35d
[2022-02-03 17:24:04,098] {warnings.py:110} WARNING - /home/***/.local/lib/python3.7/site-packages/***/utils/context.py:152: AirflowContextDeprecationWarning: Accessing 'execution_date' from the template is deprecated and will be removed in a future version. Please use 'data_interval_start' or 'logical_date' instead.
  warnings.warn(_create_deprecation_warning(key, self._deprecation_replacements[key]))

[2022-02-03 17:24:04,134] {taskinstance.py:1426} INFO - Exporting the following env vars:
AIRFLOW_CTX_DAG_OWNER=***
AIRFLOW_CTX_DAG_ID=yellow_taxi_gcs_dag
AIRFLOW_CTX_TASK_ID=download_dataset_task
AIRFLOW_CTX_EXECUTION_DATE=2020-01-02T00:00:00+00:00
AIRFLOW_CTX_DAG_RUN_ID=scheduled__2020-01-02T00:00:00+00:00
[2022-02-03 17:24:04,135] {subprocess.py:62} INFO - Tmp dir root location: 
 /tmp
[2022-02-03 17:24:04,136] {subprocess.py:74} INFO - Running command: ['bash', '-c', 'curl -sS https://s3.amazonaws.com/nyc-tlc/trip+data/yellow_tripdata_2020-01.csv > /opt/***/output_2020-01.csv']
[2022-02-03 17:24:04,158] {subprocess.py:85} INFO - Output:
[2022-02-03 17:26:28,293] {subprocess.py:93} INFO - Command exited with return code 0
[2022-02-03 17:26:28,331] {taskinstance.py:1277} INFO - Marking task as SUCCESS. dag_id=yellow_taxi_gcs_dag, task_id=download_dataset_task, execution_date=20200102T000000, start_date=20220203T172403, end_date=20220203T172628
[2022-02-03 17:26:28,385] {local_task_job.py:154} INFO - Task exited with return code 0
[2022-02-03 17:26:28,447] {local_task_job.py:264} INFO - 1 downstream tasks scheduled from follow-on schedule check
<<<<<<< HEAD
[2022-02-20 00:25:56,345] {taskinstance.py:1032} INFO - Dependencies all met for <TaskInstance: yellow_taxi_gcs_dag.download_dataset_task scheduled__2020-01-02T00:00:00+00:00 [queued]>
[2022-02-20 00:25:56,383] {taskinstance.py:1032} INFO - Dependencies all met for <TaskInstance: yellow_taxi_gcs_dag.download_dataset_task scheduled__2020-01-02T00:00:00+00:00 [queued]>
[2022-02-20 00:25:56,387] {taskinstance.py:1238} INFO - 
--------------------------------------------------------------------------------
[2022-02-20 00:25:56,387] {taskinstance.py:1239} INFO - Starting attempt 1 of 2
[2022-02-20 00:25:56,387] {taskinstance.py:1240} INFO - 
--------------------------------------------------------------------------------
[2022-02-20 00:25:56,431] {taskinstance.py:1259} INFO - Executing <Task(BashOperator): download_dataset_task> on 2020-01-02 00:00:00+00:00
[2022-02-20 00:25:56,448] {standard_task_runner.py:52} INFO - Started process 2036 to run task
[2022-02-20 00:25:56,455] {standard_task_runner.py:76} INFO - Running: ['***', 'tasks', 'run', 'yellow_taxi_gcs_dag', 'download_dataset_task', 'scheduled__2020-01-02T00:00:00+00:00', '--job-id', '458', '--raw', '--subdir', 'DAGS_FOLDER/yellow_taxi_gcs_dag.py', '--cfg-path', '/tmp/tmp973nsmwi', '--error-file', '/tmp/tmp4l81uf3o']
[2022-02-20 00:25:56,457] {standard_task_runner.py:77} INFO - Job 458: Subtask download_dataset_task
[2022-02-20 00:25:56,612] {logging_mixin.py:109} INFO - Running <TaskInstance: yellow_taxi_gcs_dag.download_dataset_task scheduled__2020-01-02T00:00:00+00:00 [running]> on host da07aa254901
[2022-02-20 00:25:56,689] {warnings.py:110} WARNING - /home/***/.local/lib/python3.7/site-packages/***/utils/context.py:152: AirflowContextDeprecationWarning: Accessing 'execution_date' from the template is deprecated and will be removed in a future version. Please use 'data_interval_start' or 'logical_date' instead.
  warnings.warn(_create_deprecation_warning(key, self._deprecation_replacements[key]))

[2022-02-20 00:25:56,727] {taskinstance.py:1426} INFO - Exporting the following env vars:
AIRFLOW_CTX_DAG_OWNER=***
AIRFLOW_CTX_DAG_ID=yellow_taxi_gcs_dag
AIRFLOW_CTX_TASK_ID=download_dataset_task
AIRFLOW_CTX_EXECUTION_DATE=2020-01-02T00:00:00+00:00
AIRFLOW_CTX_DAG_RUN_ID=scheduled__2020-01-02T00:00:00+00:00
[2022-02-20 00:25:56,728] {subprocess.py:62} INFO - Tmp dir root location: 
 /tmp
[2022-02-20 00:25:56,729] {subprocess.py:74} INFO - Running command: ['bash', '-c', 'curl -sS https://s3.amazonaws.com/nyc-tlc/trip+data/yellow_tripdata_2020-01.csv > /opt/***/output_2020-01.csv']
[2022-02-20 00:25:56,752] {subprocess.py:85} INFO - Output:
[2022-02-20 00:28:29,413] {subprocess.py:93} INFO - Command exited with return code 0
[2022-02-20 00:28:29,581] {taskinstance.py:1277} INFO - Marking task as SUCCESS. dag_id=yellow_taxi_gcs_dag, task_id=download_dataset_task, execution_date=20200102T000000, start_date=20220220T002556, end_date=20220220T002829
[2022-02-20 00:28:29,647] {local_task_job.py:154} INFO - Task exited with return code 0
[2022-02-20 00:28:29,869] {local_task_job.py:264} INFO - 1 downstream tasks scheduled from follow-on schedule check
=======
>>>>>>> origin/master
