[2022-02-03 13:15:31,127] {taskinstance.py:1032} INFO - Dependencies all met for <TaskInstance: yellow_taxi_gcs_dag.download_dataset_task scheduled__2022-02-02T00:00:00+00:00 [queued]>
[2022-02-03 13:15:31,159] {taskinstance.py:1032} INFO - Dependencies all met for <TaskInstance: yellow_taxi_gcs_dag.download_dataset_task scheduled__2022-02-02T00:00:00+00:00 [queued]>
[2022-02-03 13:15:31,159] {taskinstance.py:1238} INFO - 
--------------------------------------------------------------------------------
[2022-02-03 13:15:31,159] {taskinstance.py:1239} INFO - Starting attempt 1 of 2
[2022-02-03 13:15:31,159] {taskinstance.py:1240} INFO - 
--------------------------------------------------------------------------------
[2022-02-03 13:15:31,194] {taskinstance.py:1259} INFO - Executing <Task(BashOperator): download_dataset_task> on 2022-02-02 00:00:00+00:00
[2022-02-03 13:15:31,204] {standard_task_runner.py:52} INFO - Started process 150 to run task
[2022-02-03 13:15:31,222] {standard_task_runner.py:76} INFO - Running: ['***', 'tasks', 'run', 'yellow_taxi_gcs_dag', 'download_dataset_task', 'scheduled__2022-02-02T00:00:00+00:00', '--job-id', '4', '--raw', '--subdir', 'DAGS_FOLDER/yellow_taxi_gcs_dag.py', '--cfg-path', '/tmp/tmpqih_xnfl', '--error-file', '/tmp/tmpn59rniz3']
[2022-02-03 13:15:31,224] {standard_task_runner.py:77} INFO - Job 4: Subtask download_dataset_task
[2022-02-03 13:15:31,430] {logging_mixin.py:109} INFO - Running <TaskInstance: yellow_taxi_gcs_dag.download_dataset_task scheduled__2022-02-02T00:00:00+00:00 [running]> on host 2b92176b720f
[2022-02-03 13:15:31,567] {taskinstance.py:1426} INFO - Exporting the following env vars:
AIRFLOW_CTX_DAG_OWNER=***
AIRFLOW_CTX_DAG_ID=yellow_taxi_gcs_dag
AIRFLOW_CTX_TASK_ID=download_dataset_task
AIRFLOW_CTX_EXECUTION_DATE=2022-02-02T00:00:00+00:00
AIRFLOW_CTX_DAG_RUN_ID=scheduled__2022-02-02T00:00:00+00:00
[2022-02-03 13:15:31,569] {subprocess.py:62} INFO - Tmp dir root location: 
 /tmp
[2022-02-03 13:15:31,570] {subprocess.py:74} INFO - Running command: ['bash', '-c', 'curl -sS https://s3.amazonaws.com/nyc-tlc/trip+data/yellow_tripdata_2019-01.csv > /opt/***/yellow_tripdata_2019-01.csv']
[2022-02-03 13:15:31,611] {subprocess.py:85} INFO - Output:
[2022-02-03 13:17:35,173] {subprocess.py:93} INFO - Command exited with return code 0
[2022-02-03 13:17:35,312] {taskinstance.py:1277} INFO - Marking task as SUCCESS. dag_id=yellow_taxi_gcs_dag, task_id=download_dataset_task, execution_date=20220202T000000, start_date=20220203T131531, end_date=20220203T131735
[2022-02-03 13:17:35,364] {local_task_job.py:154} INFO - Task exited with return code 0
[2022-02-03 13:17:35,485] {local_task_job.py:264} INFO - 1 downstream tasks scheduled from follow-on schedule check
