[2022-02-20 00:13:24,429] {taskinstance.py:1032} INFO - Dependencies all met for <TaskInstance: yellow_taxi_gcs_dag.format_to_parquet_task scheduled__2019-02-02T00:00:00+00:00 [queued]>
[2022-02-20 00:13:24,446] {taskinstance.py:1032} INFO - Dependencies all met for <TaskInstance: yellow_taxi_gcs_dag.format_to_parquet_task scheduled__2019-02-02T00:00:00+00:00 [queued]>
[2022-02-20 00:13:24,446] {taskinstance.py:1238} INFO - 
--------------------------------------------------------------------------------
[2022-02-20 00:13:24,446] {taskinstance.py:1239} INFO - Starting attempt 4 of 5
[2022-02-20 00:13:24,446] {taskinstance.py:1240} INFO - 
--------------------------------------------------------------------------------
[2022-02-20 00:13:24,463] {taskinstance.py:1259} INFO - Executing <Task(PythonOperator): format_to_parquet_task> on 2019-02-02 00:00:00+00:00
[2022-02-20 00:13:24,468] {standard_task_runner.py:52} INFO - Started process 1382 to run task
[2022-02-20 00:13:24,472] {standard_task_runner.py:76} INFO - Running: ['***', 'tasks', 'run', 'yellow_taxi_gcs_dag', 'format_to_parquet_task', 'scheduled__2019-02-02T00:00:00+00:00', '--job-id', '415', '--raw', '--subdir', 'DAGS_FOLDER/yellow_taxi_gcs_dag.py', '--cfg-path', '/tmp/tmpurtfkcpo', '--error-file', '/tmp/tmp8h0usg86']
[2022-02-20 00:13:24,474] {standard_task_runner.py:77} INFO - Job 415: Subtask format_to_parquet_task
[2022-02-20 00:13:24,579] {logging_mixin.py:109} INFO - Running <TaskInstance: yellow_taxi_gcs_dag.format_to_parquet_task scheduled__2019-02-02T00:00:00+00:00 [running]> on host da07aa254901
[2022-02-20 00:13:24,649] {warnings.py:110} WARNING - /home/***/.local/lib/python3.7/site-packages/***/utils/context.py:152: AirflowContextDeprecationWarning: Accessing 'execution_date' from the template is deprecated and will be removed in a future version. Please use 'data_interval_start' or 'logical_date' instead.
  warnings.warn(_create_deprecation_warning(key, self._deprecation_replacements[key]))

[2022-02-20 00:13:24,672] {taskinstance.py:1426} INFO - Exporting the following env vars:
AIRFLOW_CTX_DAG_OWNER=***
AIRFLOW_CTX_DAG_ID=yellow_taxi_gcs_dag
AIRFLOW_CTX_TASK_ID=format_to_parquet_task
AIRFLOW_CTX_EXECUTION_DATE=2019-02-02T00:00:00+00:00
AIRFLOW_CTX_DAG_RUN_ID=scheduled__2019-02-02T00:00:00+00:00
[2022-02-20 00:13:39,389] {python.py:175} INFO - Done. Returned value was: None
[2022-02-20 00:13:39,451] {taskinstance.py:1277} INFO - Marking task as SUCCESS. dag_id=yellow_taxi_gcs_dag, task_id=format_to_parquet_task, execution_date=20190202T000000, start_date=20220220T001324, end_date=20220220T001339
[2022-02-20 00:13:39,722] {local_task_job.py:154} INFO - Task exited with return code 0
[2022-02-20 00:13:39,775] {local_task_job.py:264} INFO - 1 downstream tasks scheduled from follow-on schedule check
