[2022-02-03 17:16:32,097] {taskinstance.py:1032} INFO - Dependencies all met for <TaskInstance: yellow_taxi_gcs_dag.format_to_parquet_task scheduled__2019-04-02T00:00:00+00:00 [queued]>
[2022-02-03 17:16:32,110] {taskinstance.py:1032} INFO - Dependencies all met for <TaskInstance: yellow_taxi_gcs_dag.format_to_parquet_task scheduled__2019-04-02T00:00:00+00:00 [queued]>
[2022-02-03 17:16:32,110] {taskinstance.py:1238} INFO - 
--------------------------------------------------------------------------------
[2022-02-03 17:16:32,110] {taskinstance.py:1239} INFO - Starting attempt 1 of 2
[2022-02-03 17:16:32,110] {taskinstance.py:1240} INFO - 
--------------------------------------------------------------------------------
[2022-02-03 17:16:32,124] {taskinstance.py:1259} INFO - Executing <Task(PythonOperator): format_to_parquet_task> on 2019-04-02 00:00:00+00:00
[2022-02-03 17:16:32,130] {standard_task_runner.py:52} INFO - Started process 2383 to run task
[2022-02-03 17:16:32,134] {standard_task_runner.py:76} INFO - Running: ['***', 'tasks', 'run', 'yellow_taxi_gcs_dag', 'format_to_parquet_task', 'scheduled__2019-04-02T00:00:00+00:00', '--job-id', '59', '--raw', '--subdir', 'DAGS_FOLDER/yellow_taxi_gcs_dag.py', '--cfg-path', '/tmp/tmpuprtq_b5', '--error-file', '/tmp/tmpekkyso8m']
[2022-02-03 17:16:32,135] {standard_task_runner.py:77} INFO - Job 59: Subtask format_to_parquet_task
[2022-02-03 17:16:32,206] {logging_mixin.py:109} INFO - Running <TaskInstance: yellow_taxi_gcs_dag.format_to_parquet_task scheduled__2019-04-02T00:00:00+00:00 [running]> on host 7e458922b35d
[2022-02-03 17:16:32,256] {warnings.py:110} WARNING - /home/***/.local/lib/python3.7/site-packages/***/utils/context.py:152: AirflowContextDeprecationWarning: Accessing 'execution_date' from the template is deprecated and will be removed in a future version. Please use 'data_interval_start' or 'logical_date' instead.
  warnings.warn(_create_deprecation_warning(key, self._deprecation_replacements[key]))

[2022-02-03 17:16:32,277] {taskinstance.py:1426} INFO - Exporting the following env vars:
AIRFLOW_CTX_DAG_OWNER=***
AIRFLOW_CTX_DAG_ID=yellow_taxi_gcs_dag
AIRFLOW_CTX_TASK_ID=format_to_parquet_task
AIRFLOW_CTX_EXECUTION_DATE=2019-04-02T00:00:00+00:00
AIRFLOW_CTX_DAG_RUN_ID=scheduled__2019-04-02T00:00:00+00:00
[2022-02-03 17:16:41,929] {python.py:175} INFO - Done. Returned value was: None
[2022-02-03 17:16:41,943] {taskinstance.py:1277} INFO - Marking task as SUCCESS. dag_id=yellow_taxi_gcs_dag, task_id=format_to_parquet_task, execution_date=20190402T000000, start_date=20220203T171632, end_date=20220203T171641
[2022-02-03 17:16:42,144] {local_task_job.py:154} INFO - Task exited with return code 0
[2022-02-03 17:16:42,187] {local_task_job.py:264} INFO - 1 downstream tasks scheduled from follow-on schedule check
<<<<<<< HEAD
[2022-02-20 00:16:09,540] {taskinstance.py:1032} INFO - Dependencies all met for <TaskInstance: yellow_taxi_gcs_dag.format_to_parquet_task scheduled__2019-04-02T00:00:00+00:00 [queued]>
[2022-02-20 00:16:09,582] {taskinstance.py:1032} INFO - Dependencies all met for <TaskInstance: yellow_taxi_gcs_dag.format_to_parquet_task scheduled__2019-04-02T00:00:00+00:00 [queued]>
[2022-02-20 00:16:09,585] {taskinstance.py:1238} INFO - 
--------------------------------------------------------------------------------
[2022-02-20 00:16:09,586] {taskinstance.py:1239} INFO - Starting attempt 1 of 2
[2022-02-20 00:16:09,586] {taskinstance.py:1240} INFO - 
--------------------------------------------------------------------------------
[2022-02-20 00:16:09,628] {taskinstance.py:1259} INFO - Executing <Task(PythonOperator): format_to_parquet_task> on 2019-04-02 00:00:00+00:00
[2022-02-20 00:16:09,654] {standard_task_runner.py:52} INFO - Started process 1523 to run task
[2022-02-20 00:16:09,670] {standard_task_runner.py:76} INFO - Running: ['***', 'tasks', 'run', 'yellow_taxi_gcs_dag', 'format_to_parquet_task', 'scheduled__2019-04-02T00:00:00+00:00', '--job-id', '423', '--raw', '--subdir', 'DAGS_FOLDER/yellow_taxi_gcs_dag.py', '--cfg-path', '/tmp/tmp30io6bi6', '--error-file', '/tmp/tmpcbis9ipm']
[2022-02-20 00:16:09,672] {standard_task_runner.py:77} INFO - Job 423: Subtask format_to_parquet_task
[2022-02-20 00:16:09,857] {logging_mixin.py:109} INFO - Running <TaskInstance: yellow_taxi_gcs_dag.format_to_parquet_task scheduled__2019-04-02T00:00:00+00:00 [running]> on host da07aa254901
[2022-02-20 00:16:10,029] {warnings.py:110} WARNING - /home/***/.local/lib/python3.7/site-packages/***/utils/context.py:152: AirflowContextDeprecationWarning: Accessing 'execution_date' from the template is deprecated and will be removed in a future version. Please use 'data_interval_start' or 'logical_date' instead.
  warnings.warn(_create_deprecation_warning(key, self._deprecation_replacements[key]))

[2022-02-20 00:16:10,091] {taskinstance.py:1426} INFO - Exporting the following env vars:
AIRFLOW_CTX_DAG_OWNER=***
AIRFLOW_CTX_DAG_ID=yellow_taxi_gcs_dag
AIRFLOW_CTX_TASK_ID=format_to_parquet_task
AIRFLOW_CTX_EXECUTION_DATE=2019-04-02T00:00:00+00:00
AIRFLOW_CTX_DAG_RUN_ID=scheduled__2019-04-02T00:00:00+00:00
[2022-02-20 00:16:21,614] {python.py:175} INFO - Done. Returned value was: None
[2022-02-20 00:16:21,634] {taskinstance.py:1277} INFO - Marking task as SUCCESS. dag_id=yellow_taxi_gcs_dag, task_id=format_to_parquet_task, execution_date=20190402T000000, start_date=20220220T001609, end_date=20220220T001621
[2022-02-20 00:16:22,067] {local_task_job.py:154} INFO - Task exited with return code 0
[2022-02-20 00:16:22,171] {local_task_job.py:264} INFO - 1 downstream tasks scheduled from follow-on schedule check
=======
>>>>>>> origin/master
