[2022-02-03 13:48:01,913] {taskinstance.py:1032} INFO - Dependencies all met for <TaskInstance: LocalIngestionDag.wget scheduled__2020-06-02T06:00:00+00:00 [queued]>
[2022-02-03 13:48:01,945] {taskinstance.py:1032} INFO - Dependencies all met for <TaskInstance: LocalIngestionDag.wget scheduled__2020-06-02T06:00:00+00:00 [queued]>
[2022-02-03 13:48:01,945] {taskinstance.py:1238} INFO - 
--------------------------------------------------------------------------------
[2022-02-03 13:48:01,945] {taskinstance.py:1239} INFO - Starting attempt 1 of 1
[2022-02-03 13:48:01,946] {taskinstance.py:1240} INFO - 
--------------------------------------------------------------------------------
[2022-02-03 13:48:01,980] {taskinstance.py:1259} INFO - Executing <Task(BashOperator): wget> on 2020-06-02 06:00:00+00:00
[2022-02-03 13:48:01,985] {standard_task_runner.py:52} INFO - Started process 1543 to run task
[2022-02-03 13:48:01,990] {standard_task_runner.py:76} INFO - Running: ['***', 'tasks', 'run', 'LocalIngestionDag', 'wget', 'scheduled__2020-06-02T06:00:00+00:00', '--job-id', '44', '--raw', '--subdir', 'DAGS_FOLDER/data_ingestion_localDB_dag.py', '--cfg-path', '/tmp/tmp5sf6d3ed', '--error-file', '/tmp/tmpg7gi_yz4']
[2022-02-03 13:48:01,990] {standard_task_runner.py:77} INFO - Job 44: Subtask wget
[2022-02-03 13:48:02,200] {logging_mixin.py:109} INFO - Running <TaskInstance: LocalIngestionDag.wget scheduled__2020-06-02T06:00:00+00:00 [running]> on host 2b92176b720f
[2022-02-03 13:48:02,304] {warnings.py:110} WARNING - /home/***/.local/lib/python3.7/site-packages/***/utils/context.py:152: AirflowContextDeprecationWarning: Accessing 'execution_date' from the template is deprecated and will be removed in a future version. Please use 'data_interval_start' or 'logical_date' instead.
  warnings.warn(_create_deprecation_warning(key, self._deprecation_replacements[key]))

[2022-02-03 13:48:02,339] {taskinstance.py:1426} INFO - Exporting the following env vars:
AIRFLOW_CTX_DAG_OWNER=***
AIRFLOW_CTX_DAG_ID=LocalIngestionDag
AIRFLOW_CTX_TASK_ID=wget
AIRFLOW_CTX_EXECUTION_DATE=2020-06-02T06:00:00+00:00
AIRFLOW_CTX_DAG_RUN_ID=scheduled__2020-06-02T06:00:00+00:00
[2022-02-03 13:48:02,341] {subprocess.py:62} INFO - Tmp dir root location: 
 /tmp
[2022-02-03 13:48:02,341] {subprocess.py:74} INFO - Running command: ['bash', '-c', 'echo "2020-m%"']
[2022-02-03 13:48:02,353] {subprocess.py:85} INFO - Output:
[2022-02-03 13:48:02,355] {subprocess.py:89} INFO - 2020-m%
[2022-02-03 13:48:02,356] {subprocess.py:93} INFO - Command exited with return code 0
[2022-02-03 13:48:02,423] {taskinstance.py:1277} INFO - Marking task as SUCCESS. dag_id=LocalIngestionDag, task_id=wget, execution_date=20200602T060000, start_date=20220203T134801, end_date=20220203T134802
[2022-02-03 13:48:02,501] {local_task_job.py:154} INFO - Task exited with return code 0
[2022-02-03 13:48:02,605] {local_task_job.py:264} INFO - 0 downstream tasks scheduled from follow-on schedule check
[2022-02-03 13:59:59,770] {taskinstance.py:1032} INFO - Dependencies all met for <TaskInstance: LocalIngestionDag.wget scheduled__2020-06-02T06:00:00+00:00 [queued]>
[2022-02-03 13:59:59,916] {taskinstance.py:1032} INFO - Dependencies all met for <TaskInstance: LocalIngestionDag.wget scheduled__2020-06-02T06:00:00+00:00 [queued]>
[2022-02-03 13:59:59,916] {taskinstance.py:1238} INFO - 
--------------------------------------------------------------------------------
[2022-02-03 13:59:59,916] {taskinstance.py:1239} INFO - Starting attempt 1 of 1
[2022-02-03 13:59:59,916] {taskinstance.py:1240} INFO - 
--------------------------------------------------------------------------------
[2022-02-03 14:00:00,123] {taskinstance.py:1259} INFO - Executing <Task(BashOperator): wget> on 2020-06-02 06:00:00+00:00
[2022-02-03 14:00:00,217] {standard_task_runner.py:52} INFO - Started process 127 to run task
[2022-02-03 14:00:00,242] {standard_task_runner.py:76} INFO - Running: ['***', 'tasks', 'run', 'LocalIngestionDag', 'wget', 'scheduled__2020-06-02T06:00:00+00:00', '--job-id', '87', '--raw', '--subdir', 'DAGS_FOLDER/data_ingestion_localDB_dag.py', '--cfg-path', '/tmp/tmp1uqpif9m', '--error-file', '/tmp/tmpcc8giui7']
[2022-02-03 14:00:00,242] {standard_task_runner.py:77} INFO - Job 87: Subtask wget
[2022-02-03 14:00:01,017] {logging_mixin.py:109} INFO - Running <TaskInstance: LocalIngestionDag.wget scheduled__2020-06-02T06:00:00+00:00 [running]> on host cd3baa871297
[2022-02-03 14:00:01,484] {warnings.py:110} WARNING - /home/***/.local/lib/python3.7/site-packages/***/utils/context.py:152: AirflowContextDeprecationWarning: Accessing 'execution_date' from the template is deprecated and will be removed in a future version. Please use 'data_interval_start' or 'logical_date' instead.
  warnings.warn(_create_deprecation_warning(key, self._deprecation_replacements[key]))

[2022-02-03 14:00:01,708] {taskinstance.py:1426} INFO - Exporting the following env vars:
AIRFLOW_CTX_DAG_OWNER=***
AIRFLOW_CTX_DAG_ID=LocalIngestionDag
AIRFLOW_CTX_TASK_ID=wget
AIRFLOW_CTX_EXECUTION_DATE=2020-06-02T06:00:00+00:00
AIRFLOW_CTX_DAG_RUN_ID=scheduled__2020-06-02T06:00:00+00:00
[2022-02-03 14:00:01,709] {subprocess.py:62} INFO - Tmp dir root location: 
 /tmp
[2022-02-03 14:00:01,731] {subprocess.py:74} INFO - Running command: ['bash', '-c', 'echo "2020-06"']
[2022-02-03 14:00:01,938] {subprocess.py:85} INFO - Output:
[2022-02-03 14:00:01,946] {subprocess.py:89} INFO - 2020-06
[2022-02-03 14:00:02,016] {subprocess.py:93} INFO - Command exited with return code 0
[2022-02-03 14:00:02,193] {taskinstance.py:1277} INFO - Marking task as SUCCESS. dag_id=LocalIngestionDag, task_id=wget, execution_date=20200602T060000, start_date=20220203T135959, end_date=20220203T140002
[2022-02-03 14:00:02,369] {local_task_job.py:154} INFO - Task exited with return code 0
[2022-02-03 14:00:02,549] {local_task_job.py:264} INFO - 0 downstream tasks scheduled from follow-on schedule check
