[2022-02-03 18:13:21,917] {taskinstance.py:1032} INFO - Dependencies all met for <TaskInstance: zones_gcs_dag.download_dataset_task manual__2022-02-03T18:13:19.664951+00:00 [queued]>
[2022-02-03 18:13:21,944] {taskinstance.py:1032} INFO - Dependencies all met for <TaskInstance: zones_gcs_dag.download_dataset_task manual__2022-02-03T18:13:19.664951+00:00 [queued]>
[2022-02-03 18:13:21,944] {taskinstance.py:1238} INFO - 
--------------------------------------------------------------------------------
[2022-02-03 18:13:21,944] {taskinstance.py:1239} INFO - Starting attempt 1 of 2
[2022-02-03 18:13:21,944] {taskinstance.py:1240} INFO - 
--------------------------------------------------------------------------------
[2022-02-03 18:13:21,986] {taskinstance.py:1259} INFO - Executing <Task(BashOperator): download_dataset_task> on 2022-02-03 18:13:19.664951+00:00
[2022-02-03 18:13:22,002] {standard_task_runner.py:52} INFO - Started process 793 to run task
[2022-02-03 18:13:22,007] {standard_task_runner.py:76} INFO - Running: ['***', 'tasks', 'run', 'zones_gcs_dag', 'download_dataset_task', 'manual__2022-02-03T18:13:19.664951+00:00', '--job-id', '147', '--raw', '--subdir', 'DAGS_FOLDER/zones_gcs_dag.py', '--cfg-path', '/tmp/tmp3cbjpw8o', '--error-file', '/tmp/tmp8uhbcnsq']
[2022-02-03 18:13:22,015] {standard_task_runner.py:77} INFO - Job 147: Subtask download_dataset_task
[2022-02-03 18:13:22,148] {logging_mixin.py:109} INFO - Running <TaskInstance: zones_gcs_dag.download_dataset_task manual__2022-02-03T18:13:19.664951+00:00 [running]> on host bd2f56b76e32
[2022-02-03 18:13:22,269] {taskinstance.py:1426} INFO - Exporting the following env vars:
AIRFLOW_CTX_DAG_OWNER=***
AIRFLOW_CTX_DAG_ID=zones_gcs_dag
AIRFLOW_CTX_TASK_ID=download_dataset_task
AIRFLOW_CTX_EXECUTION_DATE=2022-02-03T18:13:19.664951+00:00
AIRFLOW_CTX_DAG_RUN_ID=manual__2022-02-03T18:13:19.664951+00:00
[2022-02-03 18:13:22,270] {subprocess.py:62} INFO - Tmp dir root location: 
 /tmp
[2022-02-03 18:13:22,271] {subprocess.py:74} INFO - Running command: ['bash', '-c', 'curl -sS https://s3.amazonaws.com/nyc-tlc/misc/taxi+_zone_lookup.csv > /opt/***/output_zones.csv']
[2022-02-03 18:13:22,284] {subprocess.py:85} INFO - Output:
[2022-02-03 18:13:22,719] {subprocess.py:93} INFO - Command exited with return code 0
[2022-02-03 18:13:22,758] {taskinstance.py:1277} INFO - Marking task as SUCCESS. dag_id=zones_gcs_dag, task_id=download_dataset_task, execution_date=20220203T181319, start_date=20220203T181321, end_date=20220203T181322
[2022-02-03 18:13:22,795] {local_task_job.py:154} INFO - Task exited with return code 0
[2022-02-03 18:13:22,874] {local_task_job.py:264} INFO - 1 downstream tasks scheduled from follow-on schedule check
