[2022-02-03 13:45:29,381] {taskinstance.py:1032} INFO - Dependencies all met for <TaskInstance: LocalIngestionDag.wget scheduled__2019-06-02T06:00:00+00:00 [queued]>
[2022-02-03 13:45:29,528] {taskinstance.py:1032} INFO - Dependencies all met for <TaskInstance: LocalIngestionDag.wget scheduled__2019-06-02T06:00:00+00:00 [queued]>
[2022-02-03 13:45:29,528] {taskinstance.py:1238} INFO - 
--------------------------------------------------------------------------------
[2022-02-03 13:45:29,529] {taskinstance.py:1239} INFO - Starting attempt 1 of 1
[2022-02-03 13:45:29,529] {taskinstance.py:1240} INFO - 
--------------------------------------------------------------------------------
[2022-02-03 13:45:29,713] {taskinstance.py:1259} INFO - Executing <Task(BashOperator): wget> on 2019-06-02 06:00:00+00:00
[2022-02-03 13:45:29,767] {standard_task_runner.py:52} INFO - Started process 1405 to run task
[2022-02-03 13:45:29,812] {standard_task_runner.py:76} INFO - Running: ['***', 'tasks', 'run', 'LocalIngestionDag', 'wget', 'scheduled__2019-06-02T06:00:00+00:00', '--job-id', '32', '--raw', '--subdir', 'DAGS_FOLDER/data_ingestion_localDB_dag.py', '--cfg-path', '/tmp/tmp7riy2kxu', '--error-file', '/tmp/tmp7tf8tdk4']
[2022-02-03 13:45:29,840] {standard_task_runner.py:77} INFO - Job 32: Subtask wget
[2022-02-03 13:45:30,744] {logging_mixin.py:109} INFO - Running <TaskInstance: LocalIngestionDag.wget scheduled__2019-06-02T06:00:00+00:00 [running]> on host 2b92176b720f
[2022-02-03 13:45:31,051] {warnings.py:110} WARNING - /home/***/.local/lib/python3.7/site-packages/***/utils/context.py:152: AirflowContextDeprecationWarning: Accessing 'execution_date' from the template is deprecated and will be removed in a future version. Please use 'data_interval_start' or 'logical_date' instead.
  warnings.warn(_create_deprecation_warning(key, self._deprecation_replacements[key]))

[2022-02-03 13:45:31,167] {taskinstance.py:1426} INFO - Exporting the following env vars:
AIRFLOW_CTX_DAG_OWNER=***
AIRFLOW_CTX_DAG_ID=LocalIngestionDag
AIRFLOW_CTX_TASK_ID=wget
AIRFLOW_CTX_EXECUTION_DATE=2019-06-02T06:00:00+00:00
AIRFLOW_CTX_DAG_RUN_ID=scheduled__2019-06-02T06:00:00+00:00
[2022-02-03 13:45:31,198] {subprocess.py:62} INFO - Tmp dir root location: 
 /tmp
[2022-02-03 13:45:31,201] {subprocess.py:74} INFO - Running command: ['bash', '-c', 'echo "2019-m%"']
[2022-02-03 13:45:31,279] {subprocess.py:85} INFO - Output:
[2022-02-03 13:45:31,283] {subprocess.py:89} INFO - 2019-m%
[2022-02-03 13:45:31,287] {subprocess.py:93} INFO - Command exited with return code 0
[2022-02-03 13:45:31,413] {taskinstance.py:1277} INFO - Marking task as SUCCESS. dag_id=LocalIngestionDag, task_id=wget, execution_date=20190602T060000, start_date=20220203T134529, end_date=20220203T134531
[2022-02-03 13:45:31,568] {local_task_job.py:154} INFO - Task exited with return code 0
[2022-02-03 13:45:31,863] {local_task_job.py:264} INFO - 0 downstream tasks scheduled from follow-on schedule check
[2022-02-03 13:59:43,148] {taskinstance.py:1032} INFO - Dependencies all met for <TaskInstance: LocalIngestionDag.wget scheduled__2019-06-02T06:00:00+00:00 [queued]>
[2022-02-03 13:59:43,246] {taskinstance.py:1032} INFO - Dependencies all met for <TaskInstance: LocalIngestionDag.wget scheduled__2019-06-02T06:00:00+00:00 [queued]>
[2022-02-03 13:59:43,246] {taskinstance.py:1238} INFO - 
--------------------------------------------------------------------------------
[2022-02-03 13:59:43,246] {taskinstance.py:1239} INFO - Starting attempt 1 of 1
[2022-02-03 13:59:43,247] {taskinstance.py:1240} INFO - 
--------------------------------------------------------------------------------
[2022-02-03 13:59:43,392] {taskinstance.py:1259} INFO - Executing <Task(BashOperator): wget> on 2019-06-02 06:00:00+00:00
[2022-02-03 13:59:43,398] {standard_task_runner.py:52} INFO - Started process 84 to run task
[2022-02-03 13:59:43,431] {standard_task_runner.py:76} INFO - Running: ['***', 'tasks', 'run', 'LocalIngestionDag', 'wget', 'scheduled__2019-06-02T06:00:00+00:00', '--job-id', '76', '--raw', '--subdir', 'DAGS_FOLDER/data_ingestion_localDB_dag.py', '--cfg-path', '/tmp/tmp5fuq4xo_', '--error-file', '/tmp/tmph016r_ru']
[2022-02-03 13:59:43,441] {standard_task_runner.py:77} INFO - Job 76: Subtask wget
[2022-02-03 13:59:43,949] {logging_mixin.py:109} INFO - Running <TaskInstance: LocalIngestionDag.wget scheduled__2019-06-02T06:00:00+00:00 [running]> on host cd3baa871297
[2022-02-03 13:59:44,493] {warnings.py:110} WARNING - /home/***/.local/lib/python3.7/site-packages/***/utils/context.py:152: AirflowContextDeprecationWarning: Accessing 'execution_date' from the template is deprecated and will be removed in a future version. Please use 'data_interval_start' or 'logical_date' instead.
  warnings.warn(_create_deprecation_warning(key, self._deprecation_replacements[key]))

[2022-02-03 13:59:44,661] {taskinstance.py:1426} INFO - Exporting the following env vars:
AIRFLOW_CTX_DAG_OWNER=***
AIRFLOW_CTX_DAG_ID=LocalIngestionDag
AIRFLOW_CTX_TASK_ID=wget
AIRFLOW_CTX_EXECUTION_DATE=2019-06-02T06:00:00+00:00
AIRFLOW_CTX_DAG_RUN_ID=scheduled__2019-06-02T06:00:00+00:00
[2022-02-03 13:59:44,663] {subprocess.py:62} INFO - Tmp dir root location: 
 /tmp
[2022-02-03 13:59:44,664] {subprocess.py:74} INFO - Running command: ['bash', '-c', 'echo "2019-06"']
[2022-02-03 13:59:44,687] {subprocess.py:85} INFO - Output:
[2022-02-03 13:59:44,691] {subprocess.py:89} INFO - 2019-06
[2022-02-03 13:59:44,692] {subprocess.py:93} INFO - Command exited with return code 0
[2022-02-03 13:59:44,988] {taskinstance.py:1277} INFO - Marking task as SUCCESS. dag_id=LocalIngestionDag, task_id=wget, execution_date=20190602T060000, start_date=20220203T135943, end_date=20220203T135944
[2022-02-03 13:59:45,346] {local_task_job.py:154} INFO - Task exited with return code 0
[2022-02-03 13:59:45,786] {local_task_job.py:264} INFO - 0 downstream tasks scheduled from follow-on schedule check
