[2022-02-01 05:10:08,429] {taskinstance.py:1032} INFO - Dependencies all met for <TaskInstance: yellow_taxi_gcs_dag.local_to_gcs_task manual__2022-02-01T05:08:32.591535+00:00 [queued]>
[2022-02-01 05:10:08,449] {taskinstance.py:1032} INFO - Dependencies all met for <TaskInstance: yellow_taxi_gcs_dag.local_to_gcs_task manual__2022-02-01T05:08:32.591535+00:00 [queued]>
[2022-02-01 05:10:08,449] {taskinstance.py:1238} INFO - 
--------------------------------------------------------------------------------
[2022-02-01 05:10:08,449] {taskinstance.py:1239} INFO - Starting attempt 1 of 2
[2022-02-01 05:10:08,449] {taskinstance.py:1240} INFO - 
--------------------------------------------------------------------------------
[2022-02-01 05:10:08,474] {taskinstance.py:1259} INFO - Executing <Task(PythonOperator): local_to_gcs_task> on 2022-02-01 05:08:32.591535+00:00
[2022-02-01 05:10:08,484] {standard_task_runner.py:52} INFO - Started process 748 to run task
[2022-02-01 05:10:08,493] {standard_task_runner.py:76} INFO - Running: ['***', 'tasks', 'run', 'yellow_taxi_gcs_dag', 'local_to_gcs_task', 'manual__2022-02-01T05:08:32.591535+00:00', '--job-id', '12', '--raw', '--subdir', 'DAGS_FOLDER/yellow_taxi_gcs_dag.py', '--cfg-path', '/tmp/tmpzxkamcau', '--error-file', '/tmp/tmpg5uiyd3r']
[2022-02-01 05:10:08,494] {standard_task_runner.py:77} INFO - Job 12: Subtask local_to_gcs_task
[2022-02-01 05:10:08,626] {logging_mixin.py:109} INFO - Running <TaskInstance: yellow_taxi_gcs_dag.local_to_gcs_task manual__2022-02-01T05:08:32.591535+00:00 [running]> on host 2ab0b752b16c
[2022-02-01 05:10:08,837] {taskinstance.py:1426} INFO - Exporting the following env vars:
AIRFLOW_CTX_DAG_OWNER=***
AIRFLOW_CTX_DAG_ID=yellow_taxi_gcs_dag
AIRFLOW_CTX_TASK_ID=local_to_gcs_task
AIRFLOW_CTX_EXECUTION_DATE=2022-02-01T05:08:32.591535+00:00
AIRFLOW_CTX_DAG_RUN_ID=manual__2022-02-01T05:08:32.591535+00:00
[2022-02-01 05:10:23,930] {python.py:175} INFO - Done. Returned value was: None
[2022-02-01 05:10:23,946] {taskinstance.py:1277} INFO - Marking task as SUCCESS. dag_id=yellow_taxi_gcs_dag, task_id=local_to_gcs_task, execution_date=20220201T050832, start_date=20220201T051008, end_date=20220201T051023
[2022-02-01 05:10:24,008] {local_task_job.py:154} INFO - Task exited with return code 0
[2022-02-01 05:10:24,050] {local_task_job.py:264} INFO - 1 downstream tasks scheduled from follow-on schedule check
