[2022-02-03 13:38:23,240] {taskinstance.py:1032} INFO - Dependencies all met for <TaskInstance: yellow_taxi_gcs_dag.format_to_parquet_task manual__2022-02-03T13:36:46.072190+00:00 [queued]>
[2022-02-03 13:38:23,264] {taskinstance.py:1032} INFO - Dependencies all met for <TaskInstance: yellow_taxi_gcs_dag.format_to_parquet_task manual__2022-02-03T13:36:46.072190+00:00 [queued]>
[2022-02-03 13:38:23,264] {taskinstance.py:1238} INFO - 
--------------------------------------------------------------------------------
[2022-02-03 13:38:23,264] {taskinstance.py:1239} INFO - Starting attempt 1 of 2
[2022-02-03 13:38:23,264] {taskinstance.py:1240} INFO - 
--------------------------------------------------------------------------------
[2022-02-03 13:38:23,292] {taskinstance.py:1259} INFO - Executing <Task(PythonOperator): format_to_parquet_task> on 2022-02-03 13:36:46.072190+00:00
[2022-02-03 13:38:23,304] {standard_task_runner.py:52} INFO - Started process 1097 to run task
[2022-02-03 13:38:23,321] {standard_task_runner.py:76} INFO - Running: ['***', 'tasks', 'run', 'yellow_taxi_gcs_dag', 'format_to_parquet_task', 'manual__2022-02-03T13:36:46.072190+00:00', '--job-id', '22', '--raw', '--subdir', 'DAGS_FOLDER/yellow_taxi_gcs_dag.py', '--cfg-path', '/tmp/tmpi2vzh77n', '--error-file', '/tmp/tmpw10agg9r']
[2022-02-03 13:38:23,323] {standard_task_runner.py:77} INFO - Job 22: Subtask format_to_parquet_task
[2022-02-03 13:38:23,434] {logging_mixin.py:109} INFO - Running <TaskInstance: yellow_taxi_gcs_dag.format_to_parquet_task manual__2022-02-03T13:36:46.072190+00:00 [running]> on host 2b92176b720f
[2022-02-03 13:38:23,536] {taskinstance.py:1426} INFO - Exporting the following env vars:
AIRFLOW_CTX_DAG_OWNER=***
AIRFLOW_CTX_DAG_ID=yellow_taxi_gcs_dag
AIRFLOW_CTX_TASK_ID=format_to_parquet_task
AIRFLOW_CTX_EXECUTION_DATE=2022-02-03T13:36:46.072190+00:00
AIRFLOW_CTX_DAG_RUN_ID=manual__2022-02-03T13:36:46.072190+00:00
[2022-02-03 13:38:43,420] {python.py:175} INFO - Done. Returned value was: None
[2022-02-03 13:38:43,439] {taskinstance.py:1277} INFO - Marking task as SUCCESS. dag_id=yellow_taxi_gcs_dag, task_id=format_to_parquet_task, execution_date=20220203T133646, start_date=20220203T133823, end_date=20220203T133843
[2022-02-03 13:38:43,693] {local_task_job.py:154} INFO - Task exited with return code 0
[2022-02-03 13:38:43,750] {local_task_job.py:264} INFO - 1 downstream tasks scheduled from follow-on schedule check
