[2022-02-20 00:09:36,022] {taskinstance.py:1032} INFO - Dependencies all met for <TaskInstance: green_taxi_gcs_dag.download_dataset_task scheduled__2019-05-02T00:00:00+00:00 [queued]>
[2022-02-20 00:09:36,038] {taskinstance.py:1032} INFO - Dependencies all met for <TaskInstance: green_taxi_gcs_dag.download_dataset_task scheduled__2019-05-02T00:00:00+00:00 [queued]>
[2022-02-20 00:09:36,038] {taskinstance.py:1238} INFO - 
--------------------------------------------------------------------------------
[2022-02-20 00:09:36,039] {taskinstance.py:1239} INFO - Starting attempt 2 of 3
[2022-02-20 00:09:36,039] {taskinstance.py:1240} INFO - 
--------------------------------------------------------------------------------
[2022-02-20 00:09:36,066] {taskinstance.py:1259} INFO - Executing <Task(BashOperator): download_dataset_task> on 2019-05-02 00:00:00+00:00
[2022-02-20 00:09:36,075] {standard_task_runner.py:52} INFO - Started process 1197 to run task
[2022-02-20 00:09:36,084] {standard_task_runner.py:76} INFO - Running: ['***', 'tasks', 'run', 'green_taxi_gcs_dag', 'download_dataset_task', 'scheduled__2019-05-02T00:00:00+00:00', '--job-id', '405', '--raw', '--subdir', 'DAGS_FOLDER/green_gcs_dag.py', '--cfg-path', '/tmp/tmp4fts2nhr', '--error-file', '/tmp/tmp497qgiew']
[2022-02-20 00:09:36,086] {standard_task_runner.py:77} INFO - Job 405: Subtask download_dataset_task
[2022-02-20 00:09:36,191] {logging_mixin.py:109} INFO - Running <TaskInstance: green_taxi_gcs_dag.download_dataset_task scheduled__2019-05-02T00:00:00+00:00 [running]> on host da07aa254901
[2022-02-20 00:09:36,311] {warnings.py:110} WARNING - /home/***/.local/lib/python3.7/site-packages/***/utils/context.py:152: AirflowContextDeprecationWarning: Accessing 'execution_date' from the template is deprecated and will be removed in a future version. Please use 'data_interval_start' or 'logical_date' instead.
  warnings.warn(_create_deprecation_warning(key, self._deprecation_replacements[key]))

[2022-02-20 00:09:36,354] {taskinstance.py:1426} INFO - Exporting the following env vars:
AIRFLOW_CTX_DAG_OWNER=***
AIRFLOW_CTX_DAG_ID=green_taxi_gcs_dag
AIRFLOW_CTX_TASK_ID=download_dataset_task
AIRFLOW_CTX_EXECUTION_DATE=2019-05-02T00:00:00+00:00
AIRFLOW_CTX_DAG_RUN_ID=scheduled__2019-05-02T00:00:00+00:00
[2022-02-20 00:09:36,355] {subprocess.py:62} INFO - Tmp dir root location: 
 /tmp
[2022-02-20 00:09:36,356] {subprocess.py:74} INFO - Running command: ['bash', '-c', 'curl -sS https://s3.amazonaws.com/nyc-tlc/trip+data/green_tripdata_2019-05.csv > /opt/***/output_2019-05.csv']
[2022-02-20 00:09:36,373] {subprocess.py:85} INFO - Output:
[2022-02-20 00:09:41,494] {subprocess.py:93} INFO - Command exited with return code 0
[2022-02-20 00:09:41,561] {taskinstance.py:1277} INFO - Marking task as SUCCESS. dag_id=green_taxi_gcs_dag, task_id=download_dataset_task, execution_date=20190502T000000, start_date=20220220T000936, end_date=20220220T000941
[2022-02-20 00:09:41,645] {local_task_job.py:154} INFO - Task exited with return code 0
[2022-02-20 00:09:41,721] {local_task_job.py:264} INFO - 1 downstream tasks scheduled from follow-on schedule check
