[2022-02-03 13:47:57,827] {taskinstance.py:1032} INFO - Dependencies all met for <TaskInstance: LocalIngestionDag.wget scheduled__2020-01-02T06:00:00+00:00 [queued]>
[2022-02-03 13:47:57,858] {taskinstance.py:1032} INFO - Dependencies all met for <TaskInstance: LocalIngestionDag.wget scheduled__2020-01-02T06:00:00+00:00 [queued]>
[2022-02-03 13:47:57,858] {taskinstance.py:1238} INFO - 
--------------------------------------------------------------------------------
[2022-02-03 13:47:57,858] {taskinstance.py:1239} INFO - Starting attempt 1 of 1
[2022-02-03 13:47:57,858] {taskinstance.py:1240} INFO - 
--------------------------------------------------------------------------------
[2022-02-03 13:47:57,888] {taskinstance.py:1259} INFO - Executing <Task(BashOperator): wget> on 2020-01-02 06:00:00+00:00
[2022-02-03 13:47:57,894] {standard_task_runner.py:52} INFO - Started process 1529 to run task
[2022-02-03 13:47:57,902] {standard_task_runner.py:76} INFO - Running: ['***', 'tasks', 'run', 'LocalIngestionDag', 'wget', 'scheduled__2020-01-02T06:00:00+00:00', '--job-id', '39', '--raw', '--subdir', 'DAGS_FOLDER/data_ingestion_localDB_dag.py', '--cfg-path', '/tmp/tmpegncrvae', '--error-file', '/tmp/tmpz681wyrm']
[2022-02-03 13:47:57,906] {standard_task_runner.py:77} INFO - Job 39: Subtask wget
[2022-02-03 13:47:58,055] {logging_mixin.py:109} INFO - Running <TaskInstance: LocalIngestionDag.wget scheduled__2020-01-02T06:00:00+00:00 [running]> on host 2b92176b720f
[2022-02-03 13:47:58,155] {warnings.py:110} WARNING - /home/***/.local/lib/python3.7/site-packages/***/utils/context.py:152: AirflowContextDeprecationWarning: Accessing 'execution_date' from the template is deprecated and will be removed in a future version. Please use 'data_interval_start' or 'logical_date' instead.
  warnings.warn(_create_deprecation_warning(key, self._deprecation_replacements[key]))

[2022-02-03 13:47:58,196] {taskinstance.py:1426} INFO - Exporting the following env vars:
AIRFLOW_CTX_DAG_OWNER=***
AIRFLOW_CTX_DAG_ID=LocalIngestionDag
AIRFLOW_CTX_TASK_ID=wget
AIRFLOW_CTX_EXECUTION_DATE=2020-01-02T06:00:00+00:00
AIRFLOW_CTX_DAG_RUN_ID=scheduled__2020-01-02T06:00:00+00:00
[2022-02-03 13:47:58,197] {subprocess.py:62} INFO - Tmp dir root location: 
 /tmp
[2022-02-03 13:47:58,198] {subprocess.py:74} INFO - Running command: ['bash', '-c', 'echo "2020-m%"']
[2022-02-03 13:47:58,218] {subprocess.py:85} INFO - Output:
[2022-02-03 13:47:58,222] {subprocess.py:89} INFO - 2020-m%
[2022-02-03 13:47:58,223] {subprocess.py:93} INFO - Command exited with return code 0
[2022-02-03 13:47:58,315] {taskinstance.py:1277} INFO - Marking task as SUCCESS. dag_id=LocalIngestionDag, task_id=wget, execution_date=20200102T060000, start_date=20220203T134757, end_date=20220203T134758
[2022-02-03 13:47:58,403] {local_task_job.py:154} INFO - Task exited with return code 0
[2022-02-03 13:47:58,544] {local_task_job.py:264} INFO - 0 downstream tasks scheduled from follow-on schedule check
[2022-02-03 13:59:47,178] {taskinstance.py:1032} INFO - Dependencies all met for <TaskInstance: LocalIngestionDag.wget scheduled__2020-01-02T06:00:00+00:00 [queued]>
[2022-02-03 13:59:47,219] {taskinstance.py:1032} INFO - Dependencies all met for <TaskInstance: LocalIngestionDag.wget scheduled__2020-01-02T06:00:00+00:00 [queued]>
[2022-02-03 13:59:47,219] {taskinstance.py:1238} INFO - 
--------------------------------------------------------------------------------
[2022-02-03 13:59:47,220] {taskinstance.py:1239} INFO - Starting attempt 1 of 1
[2022-02-03 13:59:47,220] {taskinstance.py:1240} INFO - 
--------------------------------------------------------------------------------
[2022-02-03 13:59:47,369] {taskinstance.py:1259} INFO - Executing <Task(BashOperator): wget> on 2020-01-02 06:00:00+00:00
[2022-02-03 13:59:47,405] {standard_task_runner.py:52} INFO - Started process 98 to run task
[2022-02-03 13:59:47,429] {standard_task_runner.py:76} INFO - Running: ['***', 'tasks', 'run', 'LocalIngestionDag', 'wget', 'scheduled__2020-01-02T06:00:00+00:00', '--job-id', '81', '--raw', '--subdir', 'DAGS_FOLDER/data_ingestion_localDB_dag.py', '--cfg-path', '/tmp/tmp06w3eu41', '--error-file', '/tmp/tmpn03q5w94']
[2022-02-03 13:59:47,467] {standard_task_runner.py:77} INFO - Job 81: Subtask wget
[2022-02-03 13:59:47,982] {logging_mixin.py:109} INFO - Running <TaskInstance: LocalIngestionDag.wget scheduled__2020-01-02T06:00:00+00:00 [running]> on host cd3baa871297
[2022-02-03 13:59:48,197] {warnings.py:110} WARNING - /home/***/.local/lib/python3.7/site-packages/***/utils/context.py:152: AirflowContextDeprecationWarning: Accessing 'execution_date' from the template is deprecated and will be removed in a future version. Please use 'data_interval_start' or 'logical_date' instead.
  warnings.warn(_create_deprecation_warning(key, self._deprecation_replacements[key]))

[2022-02-03 13:59:48,312] {taskinstance.py:1426} INFO - Exporting the following env vars:
AIRFLOW_CTX_DAG_OWNER=***
AIRFLOW_CTX_DAG_ID=LocalIngestionDag
AIRFLOW_CTX_TASK_ID=wget
AIRFLOW_CTX_EXECUTION_DATE=2020-01-02T06:00:00+00:00
AIRFLOW_CTX_DAG_RUN_ID=scheduled__2020-01-02T06:00:00+00:00
[2022-02-03 13:59:48,314] {subprocess.py:62} INFO - Tmp dir root location: 
 /tmp
[2022-02-03 13:59:48,315] {subprocess.py:74} INFO - Running command: ['bash', '-c', 'echo "2020-01"']
[2022-02-03 13:59:48,419] {subprocess.py:85} INFO - Output:
[2022-02-03 13:59:48,422] {subprocess.py:89} INFO - 2020-01
[2022-02-03 13:59:48,445] {subprocess.py:93} INFO - Command exited with return code 0
[2022-02-03 13:59:48,545] {taskinstance.py:1277} INFO - Marking task as SUCCESS. dag_id=LocalIngestionDag, task_id=wget, execution_date=20200102T060000, start_date=20220203T135947, end_date=20220203T135948
[2022-02-03 13:59:48,773] {local_task_job.py:154} INFO - Task exited with return code 0
[2022-02-03 13:59:49,066] {local_task_job.py:264} INFO - 0 downstream tasks scheduled from follow-on schedule check
