[2022-02-03 13:39:01,460] {taskinstance.py:1032} INFO - Dependencies all met for <TaskInstance: yellow_taxi_gcs_dag.delete_the_local_file manual__2022-02-03T13:36:46.072190+00:00 [queued]>
[2022-02-03 13:39:01,472] {taskinstance.py:1032} INFO - Dependencies all met for <TaskInstance: yellow_taxi_gcs_dag.delete_the_local_file manual__2022-02-03T13:36:46.072190+00:00 [queued]>
[2022-02-03 13:39:01,473] {taskinstance.py:1238} INFO - 
--------------------------------------------------------------------------------
[2022-02-03 13:39:01,473] {taskinstance.py:1239} INFO - Starting attempt 1 of 2
[2022-02-03 13:39:01,473] {taskinstance.py:1240} INFO - 
--------------------------------------------------------------------------------
[2022-02-03 13:39:01,486] {taskinstance.py:1259} INFO - Executing <Task(PythonOperator): delete_the_local_file> on 2022-02-03 13:36:46.072190+00:00
[2022-02-03 13:39:01,493] {standard_task_runner.py:52} INFO - Started process 1136 to run task
[2022-02-03 13:39:01,498] {standard_task_runner.py:76} INFO - Running: ['***', 'tasks', 'run', 'yellow_taxi_gcs_dag', 'delete_the_local_file', 'manual__2022-02-03T13:36:46.072190+00:00', '--job-id', '24', '--raw', '--subdir', 'DAGS_FOLDER/yellow_taxi_gcs_dag.py', '--cfg-path', '/tmp/tmp45xy16r4', '--error-file', '/tmp/tmpdyejiewk']
[2022-02-03 13:39:01,499] {standard_task_runner.py:77} INFO - Job 24: Subtask delete_the_local_file
[2022-02-03 13:39:01,575] {logging_mixin.py:109} INFO - Running <TaskInstance: yellow_taxi_gcs_dag.delete_the_local_file manual__2022-02-03T13:36:46.072190+00:00 [running]> on host 2b92176b720f
[2022-02-03 13:39:01,647] {taskinstance.py:1426} INFO - Exporting the following env vars:
AIRFLOW_CTX_DAG_OWNER=***
AIRFLOW_CTX_DAG_ID=yellow_taxi_gcs_dag
AIRFLOW_CTX_TASK_ID=delete_the_local_file
AIRFLOW_CTX_EXECUTION_DATE=2022-02-03T13:36:46.072190+00:00
AIRFLOW_CTX_DAG_RUN_ID=manual__2022-02-03T13:36:46.072190+00:00
[2022-02-03 13:39:01,648] {logging_mixin.py:109} INFO - ['logs', 'dags', '***-worker.pid', '***.cfg', 'yellow_tripdata_2019-01.csv', 'yellow_tripdata_2019-01.parquet', 'webserver_config.py', 'plugins', 'requirements.txt']
[2022-02-03 13:39:01,649] {logging_mixin.py:109} INFO - ['logs', 'dags', '***-worker.pid', '***.cfg', 'yellow_tripdata_2019-01.parquet', 'webserver_config.py', 'plugins', 'requirements.txt']
[2022-02-03 13:39:01,650] {python.py:175} INFO - Done. Returned value was: None
[2022-02-03 13:39:01,662] {taskinstance.py:1277} INFO - Marking task as SUCCESS. dag_id=yellow_taxi_gcs_dag, task_id=delete_the_local_file, execution_date=20220203T133646, start_date=20220203T133901, end_date=20220203T133901
[2022-02-03 13:39:01,711] {local_task_job.py:154} INFO - Task exited with return code 0
[2022-02-03 13:39:01,758] {local_task_job.py:264} INFO - 0 downstream tasks scheduled from follow-on schedule check
