[2022-02-09 20:32:41,121] {taskinstance.py:1032} INFO - Dependencies all met for <TaskInstance: green_taxi_gcs_dag.local_to_gcs_task scheduled__2019-05-02T00:00:00+00:00 [queued]>
[2022-02-09 20:32:41,178] {taskinstance.py:1032} INFO - Dependencies all met for <TaskInstance: green_taxi_gcs_dag.local_to_gcs_task scheduled__2019-05-02T00:00:00+00:00 [queued]>
[2022-02-09 20:32:41,179] {taskinstance.py:1238} INFO - 
--------------------------------------------------------------------------------
[2022-02-09 20:32:41,179] {taskinstance.py:1239} INFO - Starting attempt 1 of 2
[2022-02-09 20:32:41,179] {taskinstance.py:1240} INFO - 
--------------------------------------------------------------------------------
[2022-02-09 20:32:41,243] {taskinstance.py:1259} INFO - Executing <Task(PythonOperator): local_to_gcs_task> on 2019-05-02 00:00:00+00:00
[2022-02-09 20:32:41,251] {standard_task_runner.py:52} INFO - Started process 243 to run task
[2022-02-09 20:32:41,262] {standard_task_runner.py:76} INFO - Running: ['***', 'tasks', 'run', 'green_taxi_gcs_dag', 'local_to_gcs_task', 'scheduled__2019-05-02T00:00:00+00:00', '--job-id', '38', '--raw', '--subdir', 'DAGS_FOLDER/green_gcs_dag.py', '--cfg-path', '/tmp/tmpn28se0wz', '--error-file', '/tmp/tmpjg1w6tg_']
[2022-02-09 20:32:41,264] {standard_task_runner.py:77} INFO - Job 38: Subtask local_to_gcs_task
[2022-02-09 20:32:41,674] {logging_mixin.py:109} INFO - Running <TaskInstance: green_taxi_gcs_dag.local_to_gcs_task scheduled__2019-05-02T00:00:00+00:00 [running]> on host 4f97b6b16bdb
[2022-02-09 20:32:42,389] {warnings.py:110} WARNING - /home/***/.local/lib/python3.7/site-packages/***/utils/context.py:152: AirflowContextDeprecationWarning: Accessing 'execution_date' from the template is deprecated and will be removed in a future version. Please use 'data_interval_start' or 'logical_date' instead.
  warnings.warn(_create_deprecation_warning(key, self._deprecation_replacements[key]))

[2022-02-09 20:32:42,628] {taskinstance.py:1426} INFO - Exporting the following env vars:
AIRFLOW_CTX_DAG_OWNER=***
AIRFLOW_CTX_DAG_ID=green_taxi_gcs_dag
AIRFLOW_CTX_TASK_ID=local_to_gcs_task
AIRFLOW_CTX_EXECUTION_DATE=2019-05-02T00:00:00+00:00
AIRFLOW_CTX_DAG_RUN_ID=scheduled__2019-05-02T00:00:00+00:00
[2022-02-09 20:32:44,334] {python.py:175} INFO - Done. Returned value was: None
[2022-02-09 20:32:44,450] {taskinstance.py:1277} INFO - Marking task as SUCCESS. dag_id=green_taxi_gcs_dag, task_id=local_to_gcs_task, execution_date=20190502T000000, start_date=20220209T203241, end_date=20220209T203244
[2022-02-09 20:32:44,597] {local_task_job.py:154} INFO - Task exited with return code 0
[2022-02-09 20:32:44,699] {local_task_job.py:264} INFO - 1 downstream tasks scheduled from follow-on schedule check
[2022-02-09 20:43:36,506] {taskinstance.py:1032} INFO - Dependencies all met for <TaskInstance: green_taxi_gcs_dag.local_to_gcs_task scheduled__2019-05-02T00:00:00+00:00 [queued]>
[2022-02-09 20:43:36,544] {taskinstance.py:1032} INFO - Dependencies all met for <TaskInstance: green_taxi_gcs_dag.local_to_gcs_task scheduled__2019-05-02T00:00:00+00:00 [queued]>
[2022-02-09 20:43:36,544] {taskinstance.py:1238} INFO - 
--------------------------------------------------------------------------------
[2022-02-09 20:43:36,544] {taskinstance.py:1239} INFO - Starting attempt 1 of 2
[2022-02-09 20:43:36,544] {taskinstance.py:1240} INFO - 
--------------------------------------------------------------------------------
[2022-02-09 20:43:36,586] {taskinstance.py:1259} INFO - Executing <Task(PythonOperator): local_to_gcs_task> on 2019-05-02 00:00:00+00:00
[2022-02-09 20:43:36,601] {standard_task_runner.py:52} INFO - Started process 669 to run task
[2022-02-09 20:43:36,617] {standard_task_runner.py:76} INFO - Running: ['***', 'tasks', 'run', 'green_taxi_gcs_dag', 'local_to_gcs_task', 'scheduled__2019-05-02T00:00:00+00:00', '--job-id', '135', '--raw', '--subdir', 'DAGS_FOLDER/green_gcs_dag.py', '--cfg-path', '/tmp/tmpyu5cm8z0', '--error-file', '/tmp/tmpibl91nct']
[2022-02-09 20:43:36,621] {standard_task_runner.py:77} INFO - Job 135: Subtask local_to_gcs_task
[2022-02-09 20:43:36,775] {logging_mixin.py:109} INFO - Running <TaskInstance: green_taxi_gcs_dag.local_to_gcs_task scheduled__2019-05-02T00:00:00+00:00 [running]> on host 4f97b6b16bdb
[2022-02-09 20:43:36,874] {warnings.py:110} WARNING - /home/***/.local/lib/python3.7/site-packages/***/utils/context.py:152: AirflowContextDeprecationWarning: Accessing 'execution_date' from the template is deprecated and will be removed in a future version. Please use 'data_interval_start' or 'logical_date' instead.
  warnings.warn(_create_deprecation_warning(key, self._deprecation_replacements[key]))

[2022-02-09 20:43:36,926] {taskinstance.py:1426} INFO - Exporting the following env vars:
AIRFLOW_CTX_DAG_OWNER=***
AIRFLOW_CTX_DAG_ID=green_taxi_gcs_dag
AIRFLOW_CTX_TASK_ID=local_to_gcs_task
AIRFLOW_CTX_EXECUTION_DATE=2019-05-02T00:00:00+00:00
AIRFLOW_CTX_DAG_RUN_ID=scheduled__2019-05-02T00:00:00+00:00
[2022-02-09 20:43:38,394] {python.py:175} INFO - Done. Returned value was: None
[2022-02-09 20:43:38,417] {taskinstance.py:1277} INFO - Marking task as SUCCESS. dag_id=green_taxi_gcs_dag, task_id=local_to_gcs_task, execution_date=20190502T000000, start_date=20220209T204336, end_date=20220209T204338
[2022-02-09 20:43:38,493] {local_task_job.py:154} INFO - Task exited with return code 0
[2022-02-09 20:43:38,601] {local_task_job.py:264} INFO - 1 downstream tasks scheduled from follow-on schedule check
[2022-02-20 00:09:47,426] {taskinstance.py:1032} INFO - Dependencies all met for <TaskInstance: green_taxi_gcs_dag.local_to_gcs_task scheduled__2019-05-02T00:00:00+00:00 [queued]>
[2022-02-20 00:09:47,475] {taskinstance.py:1032} INFO - Dependencies all met for <TaskInstance: green_taxi_gcs_dag.local_to_gcs_task scheduled__2019-05-02T00:00:00+00:00 [queued]>
[2022-02-20 00:09:47,475] {taskinstance.py:1238} INFO - 
--------------------------------------------------------------------------------
[2022-02-20 00:09:47,477] {taskinstance.py:1239} INFO - Starting attempt 1 of 2
[2022-02-20 00:09:47,477] {taskinstance.py:1240} INFO - 
--------------------------------------------------------------------------------
[2022-02-20 00:09:47,506] {taskinstance.py:1259} INFO - Executing <Task(PythonOperator): local_to_gcs_task> on 2019-05-02 00:00:00+00:00
[2022-02-20 00:09:47,515] {standard_task_runner.py:52} INFO - Started process 1237 to run task
[2022-02-20 00:09:47,523] {standard_task_runner.py:76} INFO - Running: ['***', 'tasks', 'run', 'green_taxi_gcs_dag', 'local_to_gcs_task', 'scheduled__2019-05-02T00:00:00+00:00', '--job-id', '410', '--raw', '--subdir', 'DAGS_FOLDER/green_gcs_dag.py', '--cfg-path', '/tmp/tmpab3nuclk', '--error-file', '/tmp/tmp2a4fo1fm']
[2022-02-20 00:09:47,525] {standard_task_runner.py:77} INFO - Job 410: Subtask local_to_gcs_task
[2022-02-20 00:09:47,606] {logging_mixin.py:109} INFO - Running <TaskInstance: green_taxi_gcs_dag.local_to_gcs_task scheduled__2019-05-02T00:00:00+00:00 [running]> on host da07aa254901
[2022-02-20 00:09:47,665] {warnings.py:110} WARNING - /home/***/.local/lib/python3.7/site-packages/***/utils/context.py:152: AirflowContextDeprecationWarning: Accessing 'execution_date' from the template is deprecated and will be removed in a future version. Please use 'data_interval_start' or 'logical_date' instead.
  warnings.warn(_create_deprecation_warning(key, self._deprecation_replacements[key]))

[2022-02-20 00:09:47,697] {taskinstance.py:1426} INFO - Exporting the following env vars:
AIRFLOW_CTX_DAG_OWNER=***
AIRFLOW_CTX_DAG_ID=green_taxi_gcs_dag
AIRFLOW_CTX_TASK_ID=local_to_gcs_task
AIRFLOW_CTX_EXECUTION_DATE=2019-05-02T00:00:00+00:00
AIRFLOW_CTX_DAG_RUN_ID=scheduled__2019-05-02T00:00:00+00:00
[2022-02-20 00:09:48,966] {python.py:175} INFO - Done. Returned value was: None
[2022-02-20 00:09:48,978] {taskinstance.py:1277} INFO - Marking task as SUCCESS. dag_id=green_taxi_gcs_dag, task_id=local_to_gcs_task, execution_date=20190502T000000, start_date=20220220T000947, end_date=20220220T000948
[2022-02-20 00:09:49,017] {local_task_job.py:154} INFO - Task exited with return code 0
[2022-02-20 00:09:49,075] {local_task_job.py:264} INFO - 1 downstream tasks scheduled from follow-on schedule check
[2022-02-20 01:59:58,013] {taskinstance.py:1032} INFO - Dependencies all met for <TaskInstance: green_taxi_gcs_dag.local_to_gcs_task scheduled__2019-05-02T00:00:00+00:00 [queued]>
[2022-02-20 01:59:58,040] {taskinstance.py:1032} INFO - Dependencies all met for <TaskInstance: green_taxi_gcs_dag.local_to_gcs_task scheduled__2019-05-02T00:00:00+00:00 [queued]>
[2022-02-20 01:59:58,040] {taskinstance.py:1238} INFO - 
--------------------------------------------------------------------------------
[2022-02-20 01:59:58,040] {taskinstance.py:1239} INFO - Starting attempt 1 of 2
[2022-02-20 01:59:58,040] {taskinstance.py:1240} INFO - 
--------------------------------------------------------------------------------
[2022-02-20 01:59:58,063] {taskinstance.py:1259} INFO - Executing <Task(PythonOperator): local_to_gcs_task> on 2019-05-02 00:00:00+00:00
[2022-02-20 01:59:58,070] {standard_task_runner.py:52} INFO - Started process 344 to run task
[2022-02-20 01:59:58,079] {standard_task_runner.py:76} INFO - Running: ['***', 'tasks', 'run', 'green_taxi_gcs_dag', 'local_to_gcs_task', 'scheduled__2019-05-02T00:00:00+00:00', '--job-id', '537', '--raw', '--subdir', 'DAGS_FOLDER/green_gcs_dag.py', '--cfg-path', '/tmp/tmpo51_lumw', '--error-file', '/tmp/tmphwz5jx_k']
[2022-02-20 01:59:58,080] {standard_task_runner.py:77} INFO - Job 537: Subtask local_to_gcs_task
[2022-02-20 01:59:58,195] {logging_mixin.py:109} INFO - Running <TaskInstance: green_taxi_gcs_dag.local_to_gcs_task scheduled__2019-05-02T00:00:00+00:00 [running]> on host 5484a3a1f7c3
[2022-02-20 01:59:58,299] {warnings.py:110} WARNING - /home/***/.local/lib/python3.7/site-packages/***/utils/context.py:152: AirflowContextDeprecationWarning: Accessing 'execution_date' from the template is deprecated and will be removed in a future version. Please use 'data_interval_start' or 'logical_date' instead.
  warnings.warn(_create_deprecation_warning(key, self._deprecation_replacements[key]))

[2022-02-20 01:59:58,399] {taskinstance.py:1426} INFO - Exporting the following env vars:
AIRFLOW_CTX_DAG_OWNER=***
AIRFLOW_CTX_DAG_ID=green_taxi_gcs_dag
AIRFLOW_CTX_TASK_ID=local_to_gcs_task
AIRFLOW_CTX_EXECUTION_DATE=2019-05-02T00:00:00+00:00
AIRFLOW_CTX_DAG_RUN_ID=scheduled__2019-05-02T00:00:00+00:00
[2022-02-20 01:59:59,746] {python.py:175} INFO - Done. Returned value was: None
[2022-02-20 01:59:59,777] {taskinstance.py:1277} INFO - Marking task as SUCCESS. dag_id=green_taxi_gcs_dag, task_id=local_to_gcs_task, execution_date=20190502T000000, start_date=20220220T015958, end_date=20220220T015959
[2022-02-20 01:59:59,824] {local_task_job.py:154} INFO - Task exited with return code 0
[2022-02-20 01:59:59,874] {local_task_job.py:264} INFO - 1 downstream tasks scheduled from follow-on schedule check
