[2022-02-03 17:27:12,363] {taskinstance.py:1032} INFO - Dependencies all met for <TaskInstance: yellow_taxi_gcs_dag.local_to_gcs_task scheduled__2020-04-02T00:00:00+00:00 [queued]>
[2022-02-03 17:27:12,381] {taskinstance.py:1032} INFO - Dependencies all met for <TaskInstance: yellow_taxi_gcs_dag.local_to_gcs_task scheduled__2020-04-02T00:00:00+00:00 [queued]>
[2022-02-03 17:27:12,382] {taskinstance.py:1238} INFO - 
--------------------------------------------------------------------------------
[2022-02-03 17:27:12,382] {taskinstance.py:1239} INFO - Starting attempt 1 of 2
[2022-02-03 17:27:12,382] {taskinstance.py:1240} INFO - 
--------------------------------------------------------------------------------
[2022-02-03 17:27:12,398] {taskinstance.py:1259} INFO - Executing <Task(PythonOperator): local_to_gcs_task> on 2020-04-02 00:00:00+00:00
[2022-02-03 17:27:12,405] {standard_task_runner.py:52} INFO - Started process 3113 to run task
[2022-02-03 17:27:12,408] {standard_task_runner.py:76} INFO - Running: ['***', 'tasks', 'run', 'yellow_taxi_gcs_dag', 'local_to_gcs_task', 'scheduled__2020-04-02T00:00:00+00:00', '--job-id', '108', '--raw', '--subdir', 'DAGS_FOLDER/yellow_taxi_gcs_dag.py', '--cfg-path', '/tmp/tmprtm_imsk', '--error-file', '/tmp/tmpnvze2e72']
[2022-02-03 17:27:12,410] {standard_task_runner.py:77} INFO - Job 108: Subtask local_to_gcs_task
[2022-02-03 17:27:12,478] {logging_mixin.py:109} INFO - Running <TaskInstance: yellow_taxi_gcs_dag.local_to_gcs_task scheduled__2020-04-02T00:00:00+00:00 [running]> on host 7e458922b35d
[2022-02-03 17:27:12,527] {warnings.py:110} WARNING - /home/***/.local/lib/python3.7/site-packages/***/utils/context.py:152: AirflowContextDeprecationWarning: Accessing 'execution_date' from the template is deprecated and will be removed in a future version. Please use 'data_interval_start' or 'logical_date' instead.
  warnings.warn(_create_deprecation_warning(key, self._deprecation_replacements[key]))

[2022-02-03 17:27:12,551] {taskinstance.py:1426} INFO - Exporting the following env vars:
AIRFLOW_CTX_DAG_OWNER=***
AIRFLOW_CTX_DAG_ID=yellow_taxi_gcs_dag
AIRFLOW_CTX_TASK_ID=local_to_gcs_task
AIRFLOW_CTX_EXECUTION_DATE=2020-04-02T00:00:00+00:00
AIRFLOW_CTX_DAG_RUN_ID=scheduled__2020-04-02T00:00:00+00:00
[2022-02-03 17:27:13,979] {python.py:175} INFO - Done. Returned value was: None
[2022-02-03 17:27:13,997] {taskinstance.py:1277} INFO - Marking task as SUCCESS. dag_id=yellow_taxi_gcs_dag, task_id=local_to_gcs_task, execution_date=20200402T000000, start_date=20220203T172712, end_date=20220203T172713
[2022-02-03 17:27:14,028] {local_task_job.py:154} INFO - Task exited with return code 0
[2022-02-03 17:27:14,075] {local_task_job.py:264} INFO - 1 downstream tasks scheduled from follow-on schedule check
<<<<<<< HEAD
[2022-02-20 00:29:45,308] {taskinstance.py:1032} INFO - Dependencies all met for <TaskInstance: yellow_taxi_gcs_dag.local_to_gcs_task scheduled__2020-04-02T00:00:00+00:00 [queued]>
[2022-02-20 00:29:45,326] {taskinstance.py:1032} INFO - Dependencies all met for <TaskInstance: yellow_taxi_gcs_dag.local_to_gcs_task scheduled__2020-04-02T00:00:00+00:00 [queued]>
[2022-02-20 00:29:45,326] {taskinstance.py:1238} INFO - 
--------------------------------------------------------------------------------
[2022-02-20 00:29:45,327] {taskinstance.py:1239} INFO - Starting attempt 1 of 2
[2022-02-20 00:29:45,327] {taskinstance.py:1240} INFO - 
--------------------------------------------------------------------------------
[2022-02-20 00:29:45,348] {taskinstance.py:1259} INFO - Executing <Task(PythonOperator): local_to_gcs_task> on 2020-04-02 00:00:00+00:00
[2022-02-20 00:29:45,355] {standard_task_runner.py:52} INFO - Started process 2257 to run task
[2022-02-20 00:29:45,364] {standard_task_runner.py:76} INFO - Running: ['***', 'tasks', 'run', 'yellow_taxi_gcs_dag', 'local_to_gcs_task', 'scheduled__2020-04-02T00:00:00+00:00', '--job-id', '474', '--raw', '--subdir', 'DAGS_FOLDER/yellow_taxi_gcs_dag.py', '--cfg-path', '/tmp/tmpyhrws1af', '--error-file', '/tmp/tmp5nvbtmzu']
[2022-02-20 00:29:45,365] {standard_task_runner.py:77} INFO - Job 474: Subtask local_to_gcs_task
[2022-02-20 00:29:45,439] {logging_mixin.py:109} INFO - Running <TaskInstance: yellow_taxi_gcs_dag.local_to_gcs_task scheduled__2020-04-02T00:00:00+00:00 [running]> on host da07aa254901
[2022-02-20 00:29:45,485] {warnings.py:110} WARNING - /home/***/.local/lib/python3.7/site-packages/***/utils/context.py:152: AirflowContextDeprecationWarning: Accessing 'execution_date' from the template is deprecated and will be removed in a future version. Please use 'data_interval_start' or 'logical_date' instead.
  warnings.warn(_create_deprecation_warning(key, self._deprecation_replacements[key]))

[2022-02-20 00:29:45,508] {taskinstance.py:1426} INFO - Exporting the following env vars:
AIRFLOW_CTX_DAG_OWNER=***
AIRFLOW_CTX_DAG_ID=yellow_taxi_gcs_dag
AIRFLOW_CTX_TASK_ID=local_to_gcs_task
AIRFLOW_CTX_EXECUTION_DATE=2020-04-02T00:00:00+00:00
AIRFLOW_CTX_DAG_RUN_ID=scheduled__2020-04-02T00:00:00+00:00
[2022-02-20 00:29:46,819] {python.py:175} INFO - Done. Returned value was: None
[2022-02-20 00:29:46,857] {taskinstance.py:1277} INFO - Marking task as SUCCESS. dag_id=yellow_taxi_gcs_dag, task_id=local_to_gcs_task, execution_date=20200402T000000, start_date=20220220T002945, end_date=20220220T002946
[2022-02-20 00:29:46,942] {local_task_job.py:154} INFO - Task exited with return code 0
[2022-02-20 00:29:46,988] {local_task_job.py:264} INFO - 1 downstream tasks scheduled from follow-on schedule check
=======
>>>>>>> origin/master
