[2022-02-01 04:54:57,648] {taskinstance.py:1032} INFO - Dependencies all met for <TaskInstance: yellow_taxi_gcs_dag.format_to_parquet_task scheduled__2022-01-31T00:00:00+00:00 [queued]>
[2022-02-01 04:54:57,676] {taskinstance.py:1032} INFO - Dependencies all met for <TaskInstance: yellow_taxi_gcs_dag.format_to_parquet_task scheduled__2022-01-31T00:00:00+00:00 [queued]>
[2022-02-01 04:54:57,676] {taskinstance.py:1238} INFO - 
--------------------------------------------------------------------------------
[2022-02-01 04:54:57,676] {taskinstance.py:1239} INFO - Starting attempt 1 of 2
[2022-02-01 04:54:57,676] {taskinstance.py:1240} INFO - 
--------------------------------------------------------------------------------
[2022-02-01 04:54:57,721] {taskinstance.py:1259} INFO - Executing <Task(PythonOperator): format_to_parquet_task> on 2022-01-31 00:00:00+00:00
[2022-02-01 04:54:57,730] {standard_task_runner.py:52} INFO - Started process 250 to run task
[2022-02-01 04:54:57,735] {standard_task_runner.py:76} INFO - Running: ['***', 'tasks', 'run', 'yellow_taxi_gcs_dag', 'format_to_parquet_task', 'scheduled__2022-01-31T00:00:00+00:00', '--job-id', '4', '--raw', '--subdir', 'DAGS_FOLDER/yellow_taxi_gcs_dag.py', '--cfg-path', '/tmp/tmpgzj4oxfx', '--error-file', '/tmp/tmpqyyoa4mt']
[2022-02-01 04:54:57,737] {standard_task_runner.py:77} INFO - Job 4: Subtask format_to_parquet_task
[2022-02-01 04:54:57,869] {logging_mixin.py:109} INFO - Running <TaskInstance: yellow_taxi_gcs_dag.format_to_parquet_task scheduled__2022-01-31T00:00:00+00:00 [running]> on host 2ab0b752b16c
[2022-02-01 04:54:57,980] {taskinstance.py:1426} INFO - Exporting the following env vars:
AIRFLOW_CTX_DAG_OWNER=***
AIRFLOW_CTX_DAG_ID=yellow_taxi_gcs_dag
AIRFLOW_CTX_TASK_ID=format_to_parquet_task
AIRFLOW_CTX_EXECUTION_DATE=2022-01-31T00:00:00+00:00
AIRFLOW_CTX_DAG_RUN_ID=scheduled__2022-01-31T00:00:00+00:00
[2022-02-01 04:55:13,722] {python.py:175} INFO - Done. Returned value was: None
[2022-02-01 04:55:13,785] {taskinstance.py:1277} INFO - Marking task as SUCCESS. dag_id=yellow_taxi_gcs_dag, task_id=format_to_parquet_task, execution_date=20220131T000000, start_date=20220201T045457, end_date=20220201T045513
[2022-02-01 04:55:14,280] {local_task_job.py:154} INFO - Task exited with return code 0
[2022-02-01 04:55:14,359] {local_task_job.py:264} INFO - 1 downstream tasks scheduled from follow-on schedule check
