[2022-02-03 17:16:43,486] {taskinstance.py:1032} INFO - Dependencies all met for <TaskInstance: yellow_taxi_gcs_dag.local_to_gcs_task scheduled__2019-04-02T00:00:00+00:00 [queued]>
[2022-02-03 17:16:43,502] {taskinstance.py:1032} INFO - Dependencies all met for <TaskInstance: yellow_taxi_gcs_dag.local_to_gcs_task scheduled__2019-04-02T00:00:00+00:00 [queued]>
[2022-02-03 17:16:43,502] {taskinstance.py:1238} INFO - 
--------------------------------------------------------------------------------
[2022-02-03 17:16:43,502] {taskinstance.py:1239} INFO - Starting attempt 1 of 2
[2022-02-03 17:16:43,502] {taskinstance.py:1240} INFO - 
--------------------------------------------------------------------------------
[2022-02-03 17:16:43,520] {taskinstance.py:1259} INFO - Executing <Task(PythonOperator): local_to_gcs_task> on 2019-04-02 00:00:00+00:00
[2022-02-03 17:16:43,528] {standard_task_runner.py:52} INFO - Started process 2401 to run task
[2022-02-03 17:16:43,531] {standard_task_runner.py:76} INFO - Running: ['***', 'tasks', 'run', 'yellow_taxi_gcs_dag', 'local_to_gcs_task', 'scheduled__2019-04-02T00:00:00+00:00', '--job-id', '60', '--raw', '--subdir', 'DAGS_FOLDER/yellow_taxi_gcs_dag.py', '--cfg-path', '/tmp/tmpnineih3l', '--error-file', '/tmp/tmpw9dnaca2']
[2022-02-03 17:16:43,532] {standard_task_runner.py:77} INFO - Job 60: Subtask local_to_gcs_task
[2022-02-03 17:16:43,598] {logging_mixin.py:109} INFO - Running <TaskInstance: yellow_taxi_gcs_dag.local_to_gcs_task scheduled__2019-04-02T00:00:00+00:00 [running]> on host 7e458922b35d
[2022-02-03 17:16:43,644] {warnings.py:110} WARNING - /home/***/.local/lib/python3.7/site-packages/***/utils/context.py:152: AirflowContextDeprecationWarning: Accessing 'execution_date' from the template is deprecated and will be removed in a future version. Please use 'data_interval_start' or 'logical_date' instead.
  warnings.warn(_create_deprecation_warning(key, self._deprecation_replacements[key]))

[2022-02-03 17:16:43,667] {taskinstance.py:1426} INFO - Exporting the following env vars:
AIRFLOW_CTX_DAG_OWNER=***
AIRFLOW_CTX_DAG_ID=yellow_taxi_gcs_dag
AIRFLOW_CTX_TASK_ID=local_to_gcs_task
AIRFLOW_CTX_EXECUTION_DATE=2019-04-02T00:00:00+00:00
AIRFLOW_CTX_DAG_RUN_ID=scheduled__2019-04-02T00:00:00+00:00
[2022-02-03 17:16:58,644] {python.py:175} INFO - Done. Returned value was: None
[2022-02-03 17:16:58,661] {taskinstance.py:1277} INFO - Marking task as SUCCESS. dag_id=yellow_taxi_gcs_dag, task_id=local_to_gcs_task, execution_date=20190402T000000, start_date=20220203T171643, end_date=20220203T171658
[2022-02-03 17:16:58,767] {local_task_job.py:154} INFO - Task exited with return code 0
[2022-02-03 17:16:58,837] {local_task_job.py:264} INFO - 1 downstream tasks scheduled from follow-on schedule check
<<<<<<< HEAD
[2022-02-20 00:16:24,136] {taskinstance.py:1032} INFO - Dependencies all met for <TaskInstance: yellow_taxi_gcs_dag.local_to_gcs_task scheduled__2019-04-02T00:00:00+00:00 [queued]>
[2022-02-20 00:16:24,171] {taskinstance.py:1032} INFO - Dependencies all met for <TaskInstance: yellow_taxi_gcs_dag.local_to_gcs_task scheduled__2019-04-02T00:00:00+00:00 [queued]>
[2022-02-20 00:16:24,171] {taskinstance.py:1238} INFO - 
--------------------------------------------------------------------------------
[2022-02-20 00:16:24,171] {taskinstance.py:1239} INFO - Starting attempt 1 of 2
[2022-02-20 00:16:24,171] {taskinstance.py:1240} INFO - 
--------------------------------------------------------------------------------
[2022-02-20 00:16:24,200] {taskinstance.py:1259} INFO - Executing <Task(PythonOperator): local_to_gcs_task> on 2019-04-02 00:00:00+00:00
[2022-02-20 00:16:24,207] {standard_task_runner.py:52} INFO - Started process 1545 to run task
[2022-02-20 00:16:24,211] {standard_task_runner.py:76} INFO - Running: ['***', 'tasks', 'run', 'yellow_taxi_gcs_dag', 'local_to_gcs_task', 'scheduled__2019-04-02T00:00:00+00:00', '--job-id', '426', '--raw', '--subdir', 'DAGS_FOLDER/yellow_taxi_gcs_dag.py', '--cfg-path', '/tmp/tmp10i1rhv3', '--error-file', '/tmp/tmpei3wds2u']
[2022-02-20 00:16:24,212] {standard_task_runner.py:77} INFO - Job 426: Subtask local_to_gcs_task
[2022-02-20 00:16:24,292] {logging_mixin.py:109} INFO - Running <TaskInstance: yellow_taxi_gcs_dag.local_to_gcs_task scheduled__2019-04-02T00:00:00+00:00 [running]> on host da07aa254901
[2022-02-20 00:16:24,345] {warnings.py:110} WARNING - /home/***/.local/lib/python3.7/site-packages/***/utils/context.py:152: AirflowContextDeprecationWarning: Accessing 'execution_date' from the template is deprecated and will be removed in a future version. Please use 'data_interval_start' or 'logical_date' instead.
  warnings.warn(_create_deprecation_warning(key, self._deprecation_replacements[key]))

[2022-02-20 00:16:24,371] {taskinstance.py:1426} INFO - Exporting the following env vars:
AIRFLOW_CTX_DAG_OWNER=***
AIRFLOW_CTX_DAG_ID=yellow_taxi_gcs_dag
AIRFLOW_CTX_TASK_ID=local_to_gcs_task
AIRFLOW_CTX_EXECUTION_DATE=2019-04-02T00:00:00+00:00
AIRFLOW_CTX_DAG_RUN_ID=scheduled__2019-04-02T00:00:00+00:00
[2022-02-20 00:16:40,216] {python.py:175} INFO - Done. Returned value was: None
[2022-02-20 00:16:40,244] {taskinstance.py:1277} INFO - Marking task as SUCCESS. dag_id=yellow_taxi_gcs_dag, task_id=local_to_gcs_task, execution_date=20190402T000000, start_date=20220220T001624, end_date=20220220T001640
[2022-02-20 00:16:40,285] {local_task_job.py:154} INFO - Task exited with return code 0
[2022-02-20 00:16:40,337] {local_task_job.py:264} INFO - 1 downstream tasks scheduled from follow-on schedule check
=======
>>>>>>> origin/master
