[2022-02-03 18:14:44,985] {taskinstance.py:1032} INFO - Dependencies all met for <TaskInstance: fhv_gcs_dag.download_dataset_task scheduled__2019-04-02T00:00:00+00:00 [queued]>
[2022-02-03 18:14:45,002] {taskinstance.py:1032} INFO - Dependencies all met for <TaskInstance: fhv_gcs_dag.download_dataset_task scheduled__2019-04-02T00:00:00+00:00 [queued]>
[2022-02-03 18:14:45,002] {taskinstance.py:1238} INFO - 
--------------------------------------------------------------------------------
[2022-02-03 18:14:45,002] {taskinstance.py:1239} INFO - Starting attempt 1 of 2
[2022-02-03 18:14:45,002] {taskinstance.py:1240} INFO - 
--------------------------------------------------------------------------------
[2022-02-03 18:14:45,020] {taskinstance.py:1259} INFO - Executing <Task(BashOperator): download_dataset_task> on 2019-04-02 00:00:00+00:00
[2022-02-03 18:14:45,027] {standard_task_runner.py:52} INFO - Started process 902 to run task
[2022-02-03 18:14:45,031] {standard_task_runner.py:76} INFO - Running: ['***', 'tasks', 'run', 'fhv_gcs_dag', 'download_dataset_task', 'scheduled__2019-04-02T00:00:00+00:00', '--job-id', '158', '--raw', '--subdir', 'DAGS_FOLDER/fhv_gcs_dag.py', '--cfg-path', '/tmp/tmpsoopa3p_', '--error-file', '/tmp/tmpyhe2mi9v']
[2022-02-03 18:14:45,032] {standard_task_runner.py:77} INFO - Job 158: Subtask download_dataset_task
[2022-02-03 18:14:45,113] {logging_mixin.py:109} INFO - Running <TaskInstance: fhv_gcs_dag.download_dataset_task scheduled__2019-04-02T00:00:00+00:00 [running]> on host bd2f56b76e32
[2022-02-03 18:14:45,181] {warnings.py:110} WARNING - /home/***/.local/lib/python3.7/site-packages/***/utils/context.py:152: AirflowContextDeprecationWarning: Accessing 'execution_date' from the template is deprecated and will be removed in a future version. Please use 'data_interval_start' or 'logical_date' instead.
  warnings.warn(_create_deprecation_warning(key, self._deprecation_replacements[key]))

[2022-02-03 18:14:45,206] {taskinstance.py:1426} INFO - Exporting the following env vars:
AIRFLOW_CTX_DAG_OWNER=***
AIRFLOW_CTX_DAG_ID=fhv_gcs_dag
AIRFLOW_CTX_TASK_ID=download_dataset_task
AIRFLOW_CTX_EXECUTION_DATE=2019-04-02T00:00:00+00:00
AIRFLOW_CTX_DAG_RUN_ID=scheduled__2019-04-02T00:00:00+00:00
[2022-02-03 18:14:45,206] {subprocess.py:62} INFO - Tmp dir root location: 
 /tmp
[2022-02-03 18:14:45,207] {subprocess.py:74} INFO - Running command: ['bash', '-c', 'curl -sS https://nyc-tlc.s3.amazonaws.com/trip+data/fhv_tripdata_2019-04.csv > /opt/***/output_2019-04.csv']
[2022-02-03 18:14:45,221] {subprocess.py:85} INFO - Output:
[2022-02-03 18:15:12,076] {subprocess.py:93} INFO - Command exited with return code 0
[2022-02-03 18:15:12,235] {taskinstance.py:1277} INFO - Marking task as SUCCESS. dag_id=fhv_gcs_dag, task_id=download_dataset_task, execution_date=20190402T000000, start_date=20220203T181444, end_date=20220203T181512
[2022-02-03 18:15:12,308] {local_task_job.py:154} INFO - Task exited with return code 0
[2022-02-03 18:15:12,408] {local_task_job.py:264} INFO - 1 downstream tasks scheduled from follow-on schedule check
<<<<<<< HEAD
[2022-02-19 23:43:47,680] {taskinstance.py:1032} INFO - Dependencies all met for <TaskInstance: fhv_gcs_dag.download_dataset_task scheduled__2019-04-02T00:00:00+00:00 [queued]>
[2022-02-19 23:43:47,712] {taskinstance.py:1032} INFO - Dependencies all met for <TaskInstance: fhv_gcs_dag.download_dataset_task scheduled__2019-04-02T00:00:00+00:00 [queued]>
[2022-02-19 23:43:47,712] {taskinstance.py:1238} INFO - 
--------------------------------------------------------------------------------
[2022-02-19 23:43:47,713] {taskinstance.py:1239} INFO - Starting attempt 1 of 2
[2022-02-19 23:43:47,713] {taskinstance.py:1240} INFO - 
--------------------------------------------------------------------------------
[2022-02-19 23:43:47,747] {taskinstance.py:1259} INFO - Executing <Task(BashOperator): download_dataset_task> on 2019-04-02 00:00:00+00:00
[2022-02-19 23:43:47,765] {standard_task_runner.py:52} INFO - Started process 578 to run task
[2022-02-19 23:43:47,775] {standard_task_runner.py:76} INFO - Running: ['***', 'tasks', 'run', 'fhv_gcs_dag', 'download_dataset_task', 'scheduled__2019-04-02T00:00:00+00:00', '--job-id', '237', '--raw', '--subdir', 'DAGS_FOLDER/fhv_gcs_dag.py', '--cfg-path', '/tmp/tmpn6gbv1x7', '--error-file', '/tmp/tmpnlf99qy7']
[2022-02-19 23:43:47,777] {standard_task_runner.py:77} INFO - Job 237: Subtask download_dataset_task
[2022-02-19 23:43:47,963] {logging_mixin.py:109} INFO - Running <TaskInstance: fhv_gcs_dag.download_dataset_task scheduled__2019-04-02T00:00:00+00:00 [running]> on host 812dd7ecce85
[2022-02-19 23:43:48,102] {warnings.py:110} WARNING - /home/***/.local/lib/python3.7/site-packages/***/utils/context.py:152: AirflowContextDeprecationWarning: Accessing 'execution_date' from the template is deprecated and will be removed in a future version. Please use 'data_interval_start' or 'logical_date' instead.
  warnings.warn(_create_deprecation_warning(key, self._deprecation_replacements[key]))

[2022-02-19 23:43:48,220] {taskinstance.py:1426} INFO - Exporting the following env vars:
AIRFLOW_CTX_DAG_OWNER=***
AIRFLOW_CTX_DAG_ID=fhv_gcs_dag
AIRFLOW_CTX_TASK_ID=download_dataset_task
AIRFLOW_CTX_EXECUTION_DATE=2019-04-02T00:00:00+00:00
AIRFLOW_CTX_DAG_RUN_ID=scheduled__2019-04-02T00:00:00+00:00
[2022-02-19 23:43:48,221] {subprocess.py:62} INFO - Tmp dir root location: 
 /tmp
[2022-02-19 23:43:48,221] {subprocess.py:74} INFO - Running command: ['bash', '-c', 'curl -sS https://nyc-tlc.s3.amazonaws.com/trip+data/fhv_tripdata_2019-04.csv > /opt/***/output_2019-04.csv']
[2022-02-19 23:43:48,306] {subprocess.py:85} INFO - Output:
[2022-02-19 23:44:02,804] {subprocess.py:93} INFO - Command exited with return code 0
[2022-02-19 23:44:02,853] {taskinstance.py:1277} INFO - Marking task as SUCCESS. dag_id=fhv_gcs_dag, task_id=download_dataset_task, execution_date=20190402T000000, start_date=20220219T234347, end_date=20220219T234402
[2022-02-19 23:44:02,920] {local_task_job.py:154} INFO - Task exited with return code 0
[2022-02-19 23:44:03,278] {local_task_job.py:264} INFO - 0 downstream tasks scheduled from follow-on schedule check
[2022-02-23 19:25:01,911] {taskinstance.py:1032} INFO - Dependencies all met for <TaskInstance: fhv_gcs_dag.download_dataset_task scheduled__2019-04-02T00:00:00+00:00 [queued]>
[2022-02-23 19:25:01,933] {taskinstance.py:1032} INFO - Dependencies all met for <TaskInstance: fhv_gcs_dag.download_dataset_task scheduled__2019-04-02T00:00:00+00:00 [queued]>
[2022-02-23 19:25:01,933] {taskinstance.py:1238} INFO - 
--------------------------------------------------------------------------------
[2022-02-23 19:25:01,934] {taskinstance.py:1239} INFO - Starting attempt 1 of 2
[2022-02-23 19:25:01,934] {taskinstance.py:1240} INFO - 
--------------------------------------------------------------------------------
[2022-02-23 19:25:01,955] {taskinstance.py:1259} INFO - Executing <Task(BashOperator): download_dataset_task> on 2019-04-02 00:00:00+00:00
[2022-02-23 19:25:01,972] {standard_task_runner.py:52} INFO - Started process 448 to run task
[2022-02-23 19:25:01,982] {standard_task_runner.py:76} INFO - Running: ['***', 'tasks', 'run', 'fhv_gcs_dag', 'download_dataset_task', 'scheduled__2019-04-02T00:00:00+00:00', '--job-id', '636', '--raw', '--subdir', 'DAGS_FOLDER/fhv_gcs_dag.py', '--cfg-path', '/tmp/tmpho5474wa', '--error-file', '/tmp/tmp2u3d7vq0']
[2022-02-23 19:25:01,983] {standard_task_runner.py:77} INFO - Job 636: Subtask download_dataset_task
[2022-02-23 19:25:02,099] {logging_mixin.py:109} INFO - Running <TaskInstance: fhv_gcs_dag.download_dataset_task scheduled__2019-04-02T00:00:00+00:00 [running]> on host 537c9393f0b3
[2022-02-23 19:25:02,206] {warnings.py:110} WARNING - /home/***/.local/lib/python3.7/site-packages/***/utils/context.py:152: AirflowContextDeprecationWarning: Accessing 'execution_date' from the template is deprecated and will be removed in a future version. Please use 'data_interval_start' or 'logical_date' instead.
  warnings.warn(_create_deprecation_warning(key, self._deprecation_replacements[key]))

[2022-02-23 19:25:02,328] {taskinstance.py:1426} INFO - Exporting the following env vars:
AIRFLOW_CTX_DAG_OWNER=***
AIRFLOW_CTX_DAG_ID=fhv_gcs_dag
AIRFLOW_CTX_TASK_ID=download_dataset_task
AIRFLOW_CTX_EXECUTION_DATE=2019-04-02T00:00:00+00:00
AIRFLOW_CTX_DAG_RUN_ID=scheduled__2019-04-02T00:00:00+00:00
[2022-02-23 19:25:02,332] {subprocess.py:62} INFO - Tmp dir root location: 
 /tmp
[2022-02-23 19:25:02,333] {subprocess.py:74} INFO - Running command: ['bash', '-c', 'curl -sS https://nyc-tlc.s3.amazonaws.com/trip+data/fhv_tripdata_2019-04.csv > /opt/***/output_2019-04.csv']
[2022-02-23 19:25:02,450] {subprocess.py:85} INFO - Output:
[2022-02-23 19:25:51,868] {subprocess.py:93} INFO - Command exited with return code 0
[2022-02-23 19:25:51,916] {taskinstance.py:1277} INFO - Marking task as SUCCESS. dag_id=fhv_gcs_dag, task_id=download_dataset_task, execution_date=20190402T000000, start_date=20220223T192501, end_date=20220223T192551
[2022-02-23 19:25:51,984] {local_task_job.py:154} INFO - Task exited with return code 0
[2022-02-23 19:25:52,055] {local_task_job.py:264} INFO - 1 downstream tasks scheduled from follow-on schedule check
[2022-02-23 20:09:22,924] {taskinstance.py:1032} INFO - Dependencies all met for <TaskInstance: fhv_gcs_dag.download_dataset_task scheduled__2019-04-02T00:00:00+00:00 [queued]>
[2022-02-23 20:09:22,945] {taskinstance.py:1032} INFO - Dependencies all met for <TaskInstance: fhv_gcs_dag.download_dataset_task scheduled__2019-04-02T00:00:00+00:00 [queued]>
[2022-02-23 20:09:22,945] {taskinstance.py:1238} INFO - 
--------------------------------------------------------------------------------
[2022-02-23 20:09:22,945] {taskinstance.py:1239} INFO - Starting attempt 1 of 2
[2022-02-23 20:09:22,946] {taskinstance.py:1240} INFO - 
--------------------------------------------------------------------------------
[2022-02-23 20:09:22,968] {taskinstance.py:1259} INFO - Executing <Task(BashOperator): download_dataset_task> on 2019-04-02 00:00:00+00:00
[2022-02-23 20:09:22,976] {standard_task_runner.py:52} INFO - Started process 380 to run task
[2022-02-23 20:09:22,991] {standard_task_runner.py:76} INFO - Running: ['***', 'tasks', 'run', 'fhv_gcs_dag', 'download_dataset_task', 'scheduled__2019-04-02T00:00:00+00:00', '--job-id', '14', '--raw', '--subdir', 'DAGS_FOLDER/fhv_gcs_dag.py', '--cfg-path', '/tmp/tmprq4vyws0', '--error-file', '/tmp/tmpnqqyykrx']
[2022-02-23 20:09:22,993] {standard_task_runner.py:77} INFO - Job 14: Subtask download_dataset_task
[2022-02-23 20:09:23,098] {logging_mixin.py:109} INFO - Running <TaskInstance: fhv_gcs_dag.download_dataset_task scheduled__2019-04-02T00:00:00+00:00 [running]> on host 1bb54b80b2ee
[2022-02-23 20:09:23,252] {warnings.py:110} WARNING - /home/***/.local/lib/python3.7/site-packages/***/utils/context.py:152: AirflowContextDeprecationWarning: Accessing 'execution_date' from the template is deprecated and will be removed in a future version. Please use 'data_interval_start' or 'logical_date' instead.
  warnings.warn(_create_deprecation_warning(key, self._deprecation_replacements[key]))

[2022-02-23 20:09:23,336] {taskinstance.py:1426} INFO - Exporting the following env vars:
AIRFLOW_CTX_DAG_OWNER=***
AIRFLOW_CTX_DAG_ID=fhv_gcs_dag
AIRFLOW_CTX_TASK_ID=download_dataset_task
AIRFLOW_CTX_EXECUTION_DATE=2019-04-02T00:00:00+00:00
AIRFLOW_CTX_DAG_RUN_ID=scheduled__2019-04-02T00:00:00+00:00
[2022-02-23 20:09:23,337] {subprocess.py:62} INFO - Tmp dir root location: 
 /tmp
[2022-02-23 20:09:23,341] {subprocess.py:74} INFO - Running command: ['bash', '-c', 'curl -sS https://nyc-tlc.s3.amazonaws.com/trip+data/fhv_tripdata_2019-04.csv > /opt/***/output_2019-04.csv']
[2022-02-23 20:09:23,362] {subprocess.py:85} INFO - Output:
[2022-02-23 20:09:43,277] {subprocess.py:93} INFO - Command exited with return code 0
[2022-02-23 20:09:43,309] {taskinstance.py:1277} INFO - Marking task as SUCCESS. dag_id=fhv_gcs_dag, task_id=download_dataset_task, execution_date=20190402T000000, start_date=20220223T200922, end_date=20220223T200943
[2022-02-23 20:09:43,351] {local_task_job.py:154} INFO - Task exited with return code 0
[2022-02-23 20:09:43,402] {local_task_job.py:264} INFO - 1 downstream tasks scheduled from follow-on schedule check
[2022-02-23 20:40:21,506] {taskinstance.py:1032} INFO - Dependencies all met for <TaskInstance: fhv_gcs_dag.download_dataset_task scheduled__2019-04-02T00:00:00+00:00 [queued]>
[2022-02-23 20:40:21,532] {taskinstance.py:1032} INFO - Dependencies all met for <TaskInstance: fhv_gcs_dag.download_dataset_task scheduled__2019-04-02T00:00:00+00:00 [queued]>
[2022-02-23 20:40:21,533] {taskinstance.py:1238} INFO - 
--------------------------------------------------------------------------------
[2022-02-23 20:40:21,533] {taskinstance.py:1239} INFO - Starting attempt 1 of 2
[2022-02-23 20:40:21,533] {taskinstance.py:1240} INFO - 
--------------------------------------------------------------------------------
[2022-02-23 20:40:21,560] {taskinstance.py:1259} INFO - Executing <Task(BashOperator): download_dataset_task> on 2019-04-02 00:00:00+00:00
[2022-02-23 20:40:21,568] {standard_task_runner.py:52} INFO - Started process 249 to run task
[2022-02-23 20:40:21,596] {standard_task_runner.py:76} INFO - Running: ['***', 'tasks', 'run', 'fhv_gcs_dag', 'download_dataset_task', 'scheduled__2019-04-02T00:00:00+00:00', '--job-id', '11', '--raw', '--subdir', 'DAGS_FOLDER/fhv_gcs_dag.py', '--cfg-path', '/tmp/tmp7xqe5wwy', '--error-file', '/tmp/tmpwqt0s04m']
[2022-02-23 20:40:21,601] {standard_task_runner.py:77} INFO - Job 11: Subtask download_dataset_task
[2022-02-23 20:40:21,737] {logging_mixin.py:109} INFO - Running <TaskInstance: fhv_gcs_dag.download_dataset_task scheduled__2019-04-02T00:00:00+00:00 [running]> on host 1c172e0325c8
[2022-02-23 20:40:21,827] {warnings.py:110} WARNING - /home/***/.local/lib/python3.7/site-packages/***/utils/context.py:152: AirflowContextDeprecationWarning: Accessing 'execution_date' from the template is deprecated and will be removed in a future version. Please use 'data_interval_start' or 'logical_date' instead.
  warnings.warn(_create_deprecation_warning(key, self._deprecation_replacements[key]))

[2022-02-23 20:40:21,863] {taskinstance.py:1426} INFO - Exporting the following env vars:
AIRFLOW_CTX_DAG_OWNER=***
AIRFLOW_CTX_DAG_ID=fhv_gcs_dag
AIRFLOW_CTX_TASK_ID=download_dataset_task
AIRFLOW_CTX_EXECUTION_DATE=2019-04-02T00:00:00+00:00
AIRFLOW_CTX_DAG_RUN_ID=scheduled__2019-04-02T00:00:00+00:00
[2022-02-23 20:40:21,865] {subprocess.py:62} INFO - Tmp dir root location: 
 /tmp
[2022-02-23 20:40:21,868] {subprocess.py:74} INFO - Running command: ['bash', '-c', 'curl -sS https://nyc-tlc.s3.amazonaws.com/trip+data/fhv_tripdata_2019-04.csv > /opt/***/output_2019-04.csv']
[2022-02-23 20:40:21,887] {subprocess.py:85} INFO - Output:
[2022-02-23 20:40:45,671] {subprocess.py:93} INFO - Command exited with return code 0
[2022-02-23 20:40:45,709] {taskinstance.py:1277} INFO - Marking task as SUCCESS. dag_id=fhv_gcs_dag, task_id=download_dataset_task, execution_date=20190402T000000, start_date=20220223T204021, end_date=20220223T204045
[2022-02-23 20:40:45,775] {local_task_job.py:154} INFO - Task exited with return code 0
[2022-02-23 20:40:45,882] {local_task_job.py:264} INFO - 1 downstream tasks scheduled from follow-on schedule check
=======
>>>>>>> origin/master
