[2022-02-03 14:46:16,171] {taskinstance.py:1032} INFO - Dependencies all met for <TaskInstance: yellow_taxi_gcs_dag.download_dataset_task scheduled__2019-01-03T00:00:00+00:00 [queued]>
[2022-02-03 14:46:16,182] {taskinstance.py:1032} INFO - Dependencies all met for <TaskInstance: yellow_taxi_gcs_dag.download_dataset_task scheduled__2019-01-03T00:00:00+00:00 [queued]>
[2022-02-03 14:46:16,182] {taskinstance.py:1238} INFO - 
--------------------------------------------------------------------------------
[2022-02-03 14:46:16,182] {taskinstance.py:1239} INFO - Starting attempt 1 of 2
[2022-02-03 14:46:16,182] {taskinstance.py:1240} INFO - 
--------------------------------------------------------------------------------
[2022-02-03 14:46:16,195] {taskinstance.py:1259} INFO - Executing <Task(BashOperator): download_dataset_task> on 2019-01-03 00:00:00+00:00
[2022-02-03 14:46:16,201] {standard_task_runner.py:52} INFO - Started process 2210 to run task
[2022-02-03 14:46:16,206] {standard_task_runner.py:76} INFO - Running: ['***', 'tasks', 'run', 'yellow_taxi_gcs_dag', 'download_dataset_task', 'scheduled__2019-01-03T00:00:00+00:00', '--job-id', '127', '--raw', '--subdir', 'DAGS_FOLDER/yellow_taxi_gcs_dag.py', '--cfg-path', '/tmp/tmp_hdu693r', '--error-file', '/tmp/tmpirok6let']
[2022-02-03 14:46:16,207] {standard_task_runner.py:77} INFO - Job 127: Subtask download_dataset_task
[2022-02-03 14:46:16,265] {logging_mixin.py:109} INFO - Running <TaskInstance: yellow_taxi_gcs_dag.download_dataset_task scheduled__2019-01-03T00:00:00+00:00 [running]> on host cd3baa871297
[2022-02-03 14:46:16,311] {warnings.py:110} WARNING - /home/***/.local/lib/python3.7/site-packages/***/utils/context.py:152: AirflowContextDeprecationWarning: Accessing 'execution_date' from the template is deprecated and will be removed in a future version. Please use 'data_interval_start' or 'logical_date' instead.
  warnings.warn(_create_deprecation_warning(key, self._deprecation_replacements[key]))

[2022-02-03 14:46:16,334] {taskinstance.py:1426} INFO - Exporting the following env vars:
AIRFLOW_CTX_DAG_OWNER=***
AIRFLOW_CTX_DAG_ID=yellow_taxi_gcs_dag
AIRFLOW_CTX_TASK_ID=download_dataset_task
AIRFLOW_CTX_EXECUTION_DATE=2019-01-03T00:00:00+00:00
AIRFLOW_CTX_DAG_RUN_ID=scheduled__2019-01-03T00:00:00+00:00
[2022-02-03 14:46:16,335] {subprocess.py:62} INFO - Tmp dir root location: 
 /tmp
[2022-02-03 14:46:16,336] {subprocess.py:74} INFO - Running command: ['bash', '-c', 'echo https://s3.amazonaws.com/nyc-tlc/trip+data/yellow_tripdata_2019-01.csv -  /opt/***/output_2019-01.csv | curl -sS https://s3.amazonaws.com/nyc-tlc/trip+data/yellow_tripdata_2019-01.csv > /opt/***/output_2019-01.csv']
[2022-02-03 14:46:16,356] {subprocess.py:85} INFO - Output:
[2022-02-03 14:48:00,637] {subprocess.py:93} INFO - Command exited with return code 0
[2022-02-03 14:48:00,726] {taskinstance.py:1277} INFO - Marking task as SUCCESS. dag_id=yellow_taxi_gcs_dag, task_id=download_dataset_task, execution_date=20190103T000000, start_date=20220203T144616, end_date=20220203T144800
[2022-02-03 14:48:00,792] {local_task_job.py:154} INFO - Task exited with return code 0
[2022-02-03 14:48:00,827] {local_task_job.py:264} INFO - 0 downstream tasks scheduled from follow-on schedule check
[2022-02-03 15:33:45,705] {taskinstance.py:1032} INFO - Dependencies all met for <TaskInstance: yellow_taxi_gcs_dag.download_dataset_task scheduled__2019-01-03T00:00:00+00:00 [queued]>
[2022-02-03 15:33:45,728] {taskinstance.py:1032} INFO - Dependencies all met for <TaskInstance: yellow_taxi_gcs_dag.download_dataset_task scheduled__2019-01-03T00:00:00+00:00 [queued]>
[2022-02-03 15:33:45,728] {taskinstance.py:1238} INFO - 
--------------------------------------------------------------------------------
[2022-02-03 15:33:45,728] {taskinstance.py:1239} INFO - Starting attempt 1 of 2
[2022-02-03 15:33:45,728] {taskinstance.py:1240} INFO - 
--------------------------------------------------------------------------------
[2022-02-03 15:33:45,742] {taskinstance.py:1259} INFO - Executing <Task(BashOperator): download_dataset_task> on 2019-01-03 00:00:00+00:00
[2022-02-03 15:33:45,749] {standard_task_runner.py:52} INFO - Started process 4374 to run task
[2022-02-03 15:33:45,756] {standard_task_runner.py:76} INFO - Running: ['***', 'tasks', 'run', 'yellow_taxi_gcs_dag', 'download_dataset_task', 'scheduled__2019-01-03T00:00:00+00:00', '--job-id', '162', '--raw', '--subdir', 'DAGS_FOLDER/yellow_taxi_gcs_dag.py', '--cfg-path', '/tmp/tmpn9z58piw', '--error-file', '/tmp/tmp3gg0azmi']
[2022-02-03 15:33:45,758] {standard_task_runner.py:77} INFO - Job 162: Subtask download_dataset_task
[2022-02-03 15:33:45,879] {logging_mixin.py:109} INFO - Running <TaskInstance: yellow_taxi_gcs_dag.download_dataset_task scheduled__2019-01-03T00:00:00+00:00 [running]> on host cd3baa871297
[2022-02-03 15:33:45,938] {warnings.py:110} WARNING - /home/***/.local/lib/python3.7/site-packages/***/utils/context.py:152: AirflowContextDeprecationWarning: Accessing 'execution_date' from the template is deprecated and will be removed in a future version. Please use 'data_interval_start' or 'logical_date' instead.
  warnings.warn(_create_deprecation_warning(key, self._deprecation_replacements[key]))

[2022-02-03 15:33:45,964] {taskinstance.py:1426} INFO - Exporting the following env vars:
AIRFLOW_CTX_DAG_OWNER=***
AIRFLOW_CTX_DAG_ID=yellow_taxi_gcs_dag
AIRFLOW_CTX_TASK_ID=download_dataset_task
AIRFLOW_CTX_EXECUTION_DATE=2019-01-03T00:00:00+00:00
AIRFLOW_CTX_DAG_RUN_ID=scheduled__2019-01-03T00:00:00+00:00
[2022-02-03 15:33:45,966] {subprocess.py:62} INFO - Tmp dir root location: 
 /tmp
[2022-02-03 15:33:45,967] {subprocess.py:74} INFO - Running command: ['bash', '-c', 'echo https://s3.amazonaws.com/nyc-tlc/trip+data/yellow_tripdata_2019-01.csv -  /opt/***/output_2019-01.csv']
[2022-02-03 15:33:45,981] {subprocess.py:85} INFO - Output:
[2022-02-03 15:33:45,986] {subprocess.py:89} INFO - https://s3.amazonaws.com/nyc-tlc/trip+data/yellow_tripdata_2019-01.csv - /opt/***/output_2019-01.csv
[2022-02-03 15:33:45,986] {subprocess.py:93} INFO - Command exited with return code 0
[2022-02-03 15:33:46,015] {taskinstance.py:1277} INFO - Marking task as SUCCESS. dag_id=yellow_taxi_gcs_dag, task_id=download_dataset_task, execution_date=20190103T000000, start_date=20220203T153345, end_date=20220203T153346
[2022-02-03 15:33:46,055] {local_task_job.py:154} INFO - Task exited with return code 0
[2022-02-03 15:33:46,105] {local_task_job.py:264} INFO - 0 downstream tasks scheduled from follow-on schedule check
