[2022-02-09 20:32:45,386] {taskinstance.py:1032} INFO - Dependencies all met for <TaskInstance: green_taxi_gcs_dag.format_to_parquet_task scheduled__2019-02-02T00:00:00+00:00 [queued]>
[2022-02-09 20:32:45,417] {taskinstance.py:1032} INFO - Dependencies all met for <TaskInstance: green_taxi_gcs_dag.format_to_parquet_task scheduled__2019-02-02T00:00:00+00:00 [queued]>
[2022-02-09 20:32:45,417] {taskinstance.py:1238} INFO - 
--------------------------------------------------------------------------------
[2022-02-09 20:32:45,417] {taskinstance.py:1239} INFO - Starting attempt 3 of 4
[2022-02-09 20:32:45,417] {taskinstance.py:1240} INFO - 
--------------------------------------------------------------------------------
[2022-02-09 20:32:45,440] {taskinstance.py:1259} INFO - Executing <Task(PythonOperator): format_to_parquet_task> on 2019-02-02 00:00:00+00:00
[2022-02-09 20:32:45,453] {standard_task_runner.py:52} INFO - Started process 246 to run task
[2022-02-09 20:32:45,466] {standard_task_runner.py:76} INFO - Running: ['***', 'tasks', 'run', 'green_taxi_gcs_dag', 'format_to_parquet_task', 'scheduled__2019-02-02T00:00:00+00:00', '--job-id', '39', '--raw', '--subdir', 'DAGS_FOLDER/green_gcs_dag.py', '--cfg-path', '/tmp/tmpojyaoyon', '--error-file', '/tmp/tmpztc5cbzq']
[2022-02-09 20:32:45,468] {standard_task_runner.py:77} INFO - Job 39: Subtask format_to_parquet_task
[2022-02-09 20:32:45,705] {logging_mixin.py:109} INFO - Running <TaskInstance: green_taxi_gcs_dag.format_to_parquet_task scheduled__2019-02-02T00:00:00+00:00 [running]> on host 4f97b6b16bdb
[2022-02-09 20:32:45,804] {warnings.py:110} WARNING - /home/***/.local/lib/python3.7/site-packages/***/utils/context.py:152: AirflowContextDeprecationWarning: Accessing 'execution_date' from the template is deprecated and will be removed in a future version. Please use 'data_interval_start' or 'logical_date' instead.
  warnings.warn(_create_deprecation_warning(key, self._deprecation_replacements[key]))

[2022-02-09 20:32:45,847] {taskinstance.py:1426} INFO - Exporting the following env vars:
AIRFLOW_CTX_DAG_OWNER=***
AIRFLOW_CTX_DAG_ID=green_taxi_gcs_dag
AIRFLOW_CTX_TASK_ID=format_to_parquet_task
AIRFLOW_CTX_EXECUTION_DATE=2019-02-02T00:00:00+00:00
AIRFLOW_CTX_DAG_RUN_ID=scheduled__2019-02-02T00:00:00+00:00
[2022-02-09 20:32:49,306] {python.py:175} INFO - Done. Returned value was: None
[2022-02-09 20:32:49,374] {taskinstance.py:1277} INFO - Marking task as SUCCESS. dag_id=green_taxi_gcs_dag, task_id=format_to_parquet_task, execution_date=20190202T000000, start_date=20220209T203245, end_date=20220209T203249
[2022-02-09 20:32:49,562] {local_task_job.py:154} INFO - Task exited with return code 0
[2022-02-09 20:32:49,775] {local_task_job.py:264} INFO - 1 downstream tasks scheduled from follow-on schedule check
