[2022-02-03 13:48:05,685] {taskinstance.py:1032} INFO - Dependencies all met for <TaskInstance: LocalIngestionDag.wget scheduled__2020-10-02T06:00:00+00:00 [queued]>
[2022-02-03 13:48:05,750] {taskinstance.py:1032} INFO - Dependencies all met for <TaskInstance: LocalIngestionDag.wget scheduled__2020-10-02T06:00:00+00:00 [queued]>
[2022-02-03 13:48:05,751] {taskinstance.py:1238} INFO - 
--------------------------------------------------------------------------------
[2022-02-03 13:48:05,751] {taskinstance.py:1239} INFO - Starting attempt 1 of 1
[2022-02-03 13:48:05,751] {taskinstance.py:1240} INFO - 
--------------------------------------------------------------------------------
[2022-02-03 13:48:05,782] {taskinstance.py:1259} INFO - Executing <Task(BashOperator): wget> on 2020-10-02 06:00:00+00:00
[2022-02-03 13:48:05,789] {standard_task_runner.py:52} INFO - Started process 1565 to run task
[2022-02-03 13:48:05,800] {standard_task_runner.py:76} INFO - Running: ['***', 'tasks', 'run', 'LocalIngestionDag', 'wget', 'scheduled__2020-10-02T06:00:00+00:00', '--job-id', '48', '--raw', '--subdir', 'DAGS_FOLDER/data_ingestion_localDB_dag.py', '--cfg-path', '/tmp/tmp3q4u4m7m', '--error-file', '/tmp/tmp8k6403v2']
[2022-02-03 13:48:05,802] {standard_task_runner.py:77} INFO - Job 48: Subtask wget
[2022-02-03 13:48:05,927] {logging_mixin.py:109} INFO - Running <TaskInstance: LocalIngestionDag.wget scheduled__2020-10-02T06:00:00+00:00 [running]> on host 2b92176b720f
[2022-02-03 13:48:06,069] {warnings.py:110} WARNING - /home/***/.local/lib/python3.7/site-packages/***/utils/context.py:152: AirflowContextDeprecationWarning: Accessing 'execution_date' from the template is deprecated and will be removed in a future version. Please use 'data_interval_start' or 'logical_date' instead.
  warnings.warn(_create_deprecation_warning(key, self._deprecation_replacements[key]))

[2022-02-03 13:48:06,107] {taskinstance.py:1426} INFO - Exporting the following env vars:
AIRFLOW_CTX_DAG_OWNER=***
AIRFLOW_CTX_DAG_ID=LocalIngestionDag
AIRFLOW_CTX_TASK_ID=wget
AIRFLOW_CTX_EXECUTION_DATE=2020-10-02T06:00:00+00:00
AIRFLOW_CTX_DAG_RUN_ID=scheduled__2020-10-02T06:00:00+00:00
[2022-02-03 13:48:06,109] {subprocess.py:62} INFO - Tmp dir root location: 
 /tmp
[2022-02-03 13:48:06,112] {subprocess.py:74} INFO - Running command: ['bash', '-c', 'echo "2020-m%"']
[2022-02-03 13:48:06,131] {subprocess.py:85} INFO - Output:
[2022-02-03 13:48:06,135] {subprocess.py:89} INFO - 2020-m%
[2022-02-03 13:48:06,136] {subprocess.py:93} INFO - Command exited with return code 0
[2022-02-03 13:48:06,236] {taskinstance.py:1277} INFO - Marking task as SUCCESS. dag_id=LocalIngestionDag, task_id=wget, execution_date=20201002T060000, start_date=20220203T134805, end_date=20220203T134806
[2022-02-03 13:48:06,309] {local_task_job.py:154} INFO - Task exited with return code 0
[2022-02-03 13:48:06,378] {local_task_job.py:264} INFO - 0 downstream tasks scheduled from follow-on schedule check
[2022-02-03 14:00:10,975] {taskinstance.py:1032} INFO - Dependencies all met for <TaskInstance: LocalIngestionDag.wget scheduled__2020-10-02T06:00:00+00:00 [queued]>
[2022-02-03 14:00:11,343] {taskinstance.py:1032} INFO - Dependencies all met for <TaskInstance: LocalIngestionDag.wget scheduled__2020-10-02T06:00:00+00:00 [queued]>
[2022-02-03 14:00:11,376] {taskinstance.py:1238} INFO - 
--------------------------------------------------------------------------------
[2022-02-03 14:00:11,377] {taskinstance.py:1239} INFO - Starting attempt 1 of 1
[2022-02-03 14:00:11,377] {taskinstance.py:1240} INFO - 
--------------------------------------------------------------------------------
[2022-02-03 14:00:11,684] {taskinstance.py:1259} INFO - Executing <Task(BashOperator): wget> on 2020-10-02 06:00:00+00:00
[2022-02-03 14:00:11,708] {standard_task_runner.py:52} INFO - Started process 143 to run task
[2022-02-03 14:00:11,810] {standard_task_runner.py:76} INFO - Running: ['***', 'tasks', 'run', 'LocalIngestionDag', 'wget', 'scheduled__2020-10-02T06:00:00+00:00', '--job-id', '91', '--raw', '--subdir', 'DAGS_FOLDER/data_ingestion_localDB_dag.py', '--cfg-path', '/tmp/tmps_xf593z', '--error-file', '/tmp/tmpi0a3pb8d']
[2022-02-03 14:00:11,835] {standard_task_runner.py:77} INFO - Job 91: Subtask wget
[2022-02-03 14:00:12,452] {logging_mixin.py:109} INFO - Running <TaskInstance: LocalIngestionDag.wget scheduled__2020-10-02T06:00:00+00:00 [running]> on host cd3baa871297
[2022-02-03 14:00:13,709] {warnings.py:110} WARNING - /home/***/.local/lib/python3.7/site-packages/***/utils/context.py:152: AirflowContextDeprecationWarning: Accessing 'execution_date' from the template is deprecated and will be removed in a future version. Please use 'data_interval_start' or 'logical_date' instead.
  warnings.warn(_create_deprecation_warning(key, self._deprecation_replacements[key]))

[2022-02-03 14:00:14,100] {taskinstance.py:1426} INFO - Exporting the following env vars:
AIRFLOW_CTX_DAG_OWNER=***
AIRFLOW_CTX_DAG_ID=LocalIngestionDag
AIRFLOW_CTX_TASK_ID=wget
AIRFLOW_CTX_EXECUTION_DATE=2020-10-02T06:00:00+00:00
AIRFLOW_CTX_DAG_RUN_ID=scheduled__2020-10-02T06:00:00+00:00
[2022-02-03 14:00:14,103] {subprocess.py:62} INFO - Tmp dir root location: 
 /tmp
[2022-02-03 14:00:14,112] {subprocess.py:74} INFO - Running command: ['bash', '-c', 'echo "2020-10"']
[2022-02-03 14:00:14,502] {subprocess.py:85} INFO - Output:
[2022-02-03 14:00:14,650] {subprocess.py:89} INFO - 2020-10
[2022-02-03 14:00:14,680] {subprocess.py:93} INFO - Command exited with return code 0
[2022-02-03 14:00:15,384] {taskinstance.py:1277} INFO - Marking task as SUCCESS. dag_id=LocalIngestionDag, task_id=wget, execution_date=20201002T060000, start_date=20220203T140011, end_date=20220203T140015
[2022-02-03 14:00:16,211] {local_task_job.py:154} INFO - Task exited with return code 0
[2022-02-03 14:00:17,136] {local_task_job.py:264} INFO - 0 downstream tasks scheduled from follow-on schedule check
