[2022-02-03 17:28:03,610] {taskinstance.py:1032} INFO - Dependencies all met for <TaskInstance: yellow_taxi_gcs_dag.local_to_gcs_task scheduled__2020-08-02T00:00:00+00:00 [queued]>
[2022-02-03 17:28:03,626] {taskinstance.py:1032} INFO - Dependencies all met for <TaskInstance: yellow_taxi_gcs_dag.local_to_gcs_task scheduled__2020-08-02T00:00:00+00:00 [queued]>
[2022-02-03 17:28:03,626] {taskinstance.py:1238} INFO - 
--------------------------------------------------------------------------------
[2022-02-03 17:28:03,626] {taskinstance.py:1239} INFO - Starting attempt 1 of 2
[2022-02-03 17:28:03,626] {taskinstance.py:1240} INFO - 
--------------------------------------------------------------------------------
[2022-02-03 17:28:03,652] {taskinstance.py:1259} INFO - Executing <Task(PythonOperator): local_to_gcs_task> on 2020-08-02 00:00:00+00:00
[2022-02-03 17:28:03,662] {standard_task_runner.py:52} INFO - Started process 3236 to run task
[2022-02-03 17:28:03,675] {standard_task_runner.py:76} INFO - Running: ['***', 'tasks', 'run', 'yellow_taxi_gcs_dag', 'local_to_gcs_task', 'scheduled__2020-08-02T00:00:00+00:00', '--job-id', '123', '--raw', '--subdir', 'DAGS_FOLDER/yellow_taxi_gcs_dag.py', '--cfg-path', '/tmp/tmp7h9o5i46', '--error-file', '/tmp/tmprwscnn6h']
[2022-02-03 17:28:03,676] {standard_task_runner.py:77} INFO - Job 123: Subtask local_to_gcs_task
[2022-02-03 17:28:03,818] {logging_mixin.py:109} INFO - Running <TaskInstance: yellow_taxi_gcs_dag.local_to_gcs_task scheduled__2020-08-02T00:00:00+00:00 [running]> on host 7e458922b35d
[2022-02-03 17:28:03,903] {warnings.py:110} WARNING - /home/***/.local/lib/python3.7/site-packages/***/utils/context.py:152: AirflowContextDeprecationWarning: Accessing 'execution_date' from the template is deprecated and will be removed in a future version. Please use 'data_interval_start' or 'logical_date' instead.
  warnings.warn(_create_deprecation_warning(key, self._deprecation_replacements[key]))

[2022-02-03 17:28:03,995] {taskinstance.py:1426} INFO - Exporting the following env vars:
AIRFLOW_CTX_DAG_OWNER=***
AIRFLOW_CTX_DAG_ID=yellow_taxi_gcs_dag
AIRFLOW_CTX_TASK_ID=local_to_gcs_task
AIRFLOW_CTX_EXECUTION_DATE=2020-08-02T00:00:00+00:00
AIRFLOW_CTX_DAG_RUN_ID=scheduled__2020-08-02T00:00:00+00:00
[2022-02-03 17:28:06,489] {python.py:175} INFO - Done. Returned value was: None
[2022-02-03 17:28:06,564] {taskinstance.py:1277} INFO - Marking task as SUCCESS. dag_id=yellow_taxi_gcs_dag, task_id=local_to_gcs_task, execution_date=20200802T000000, start_date=20220203T172803, end_date=20220203T172806
[2022-02-03 17:28:06,663] {local_task_job.py:154} INFO - Task exited with return code 0
[2022-02-03 17:28:06,776] {local_task_job.py:264} INFO - 1 downstream tasks scheduled from follow-on schedule check
<<<<<<< HEAD
[2022-02-20 00:30:54,275] {taskinstance.py:1032} INFO - Dependencies all met for <TaskInstance: yellow_taxi_gcs_dag.local_to_gcs_task scheduled__2020-08-02T00:00:00+00:00 [queued]>
[2022-02-20 00:30:54,294] {taskinstance.py:1032} INFO - Dependencies all met for <TaskInstance: yellow_taxi_gcs_dag.local_to_gcs_task scheduled__2020-08-02T00:00:00+00:00 [queued]>
[2022-02-20 00:30:54,294] {taskinstance.py:1238} INFO - 
--------------------------------------------------------------------------------
[2022-02-20 00:30:54,294] {taskinstance.py:1239} INFO - Starting attempt 1 of 2
[2022-02-20 00:30:54,295] {taskinstance.py:1240} INFO - 
--------------------------------------------------------------------------------
[2022-02-20 00:30:54,315] {taskinstance.py:1259} INFO - Executing <Task(PythonOperator): local_to_gcs_task> on 2020-08-02 00:00:00+00:00
[2022-02-20 00:30:54,322] {standard_task_runner.py:52} INFO - Started process 2409 to run task
[2022-02-20 00:30:54,327] {standard_task_runner.py:76} INFO - Running: ['***', 'tasks', 'run', 'yellow_taxi_gcs_dag', 'local_to_gcs_task', 'scheduled__2020-08-02T00:00:00+00:00', '--job-id', '494', '--raw', '--subdir', 'DAGS_FOLDER/yellow_taxi_gcs_dag.py', '--cfg-path', '/tmp/tmpwc9eozv0', '--error-file', '/tmp/tmp_np0ghqg']
[2022-02-20 00:30:54,328] {standard_task_runner.py:77} INFO - Job 494: Subtask local_to_gcs_task
[2022-02-20 00:30:54,416] {logging_mixin.py:109} INFO - Running <TaskInstance: yellow_taxi_gcs_dag.local_to_gcs_task scheduled__2020-08-02T00:00:00+00:00 [running]> on host da07aa254901
[2022-02-20 00:30:54,478] {warnings.py:110} WARNING - /home/***/.local/lib/python3.7/site-packages/***/utils/context.py:152: AirflowContextDeprecationWarning: Accessing 'execution_date' from the template is deprecated and will be removed in a future version. Please use 'data_interval_start' or 'logical_date' instead.
  warnings.warn(_create_deprecation_warning(key, self._deprecation_replacements[key]))

[2022-02-20 00:30:54,514] {taskinstance.py:1426} INFO - Exporting the following env vars:
AIRFLOW_CTX_DAG_OWNER=***
AIRFLOW_CTX_DAG_ID=yellow_taxi_gcs_dag
AIRFLOW_CTX_TASK_ID=local_to_gcs_task
AIRFLOW_CTX_EXECUTION_DATE=2020-08-02T00:00:00+00:00
AIRFLOW_CTX_DAG_RUN_ID=scheduled__2020-08-02T00:00:00+00:00
[2022-02-20 00:30:56,918] {python.py:175} INFO - Done. Returned value was: None
[2022-02-20 00:30:56,965] {taskinstance.py:1277} INFO - Marking task as SUCCESS. dag_id=yellow_taxi_gcs_dag, task_id=local_to_gcs_task, execution_date=20200802T000000, start_date=20220220T003054, end_date=20220220T003056
[2022-02-20 00:30:57,065] {local_task_job.py:154} INFO - Task exited with return code 0
[2022-02-20 00:30:57,260] {local_task_job.py:264} INFO - 0 downstream tasks scheduled from follow-on schedule check
=======
>>>>>>> origin/master
