[2022-02-03 14:00:43,239] {taskinstance.py:1032} INFO - Dependencies all met for <TaskInstance: LocalIngestionDag.wget scheduled__2021-08-01T06:00:00+00:00 [queued]>
[2022-02-03 14:00:43,326] {taskinstance.py:1032} INFO - Dependencies all met for <TaskInstance: LocalIngestionDag.wget scheduled__2021-08-01T06:00:00+00:00 [queued]>
[2022-02-03 14:00:43,326] {taskinstance.py:1238} INFO - 
--------------------------------------------------------------------------------
[2022-02-03 14:00:43,326] {taskinstance.py:1239} INFO - Starting attempt 1 of 1
[2022-02-03 14:00:43,327] {taskinstance.py:1240} INFO - 
--------------------------------------------------------------------------------
[2022-02-03 14:00:43,378] {taskinstance.py:1259} INFO - Executing <Task(BashOperator): wget> on 2021-08-01 06:00:00+00:00
[2022-02-03 14:00:43,425] {standard_task_runner.py:52} INFO - Started process 202 to run task
[2022-02-03 14:00:43,464] {standard_task_runner.py:76} INFO - Running: ['***', 'tasks', 'run', 'LocalIngestionDag', 'wget', 'scheduled__2021-08-01T06:00:00+00:00', '--job-id', '104', '--raw', '--subdir', 'DAGS_FOLDER/data_ingestion_localDB_dag.py', '--cfg-path', '/tmp/tmp439wbb17', '--error-file', '/tmp/tmpw2xrwpbg']
[2022-02-03 14:00:43,465] {standard_task_runner.py:77} INFO - Job 104: Subtask wget
[2022-02-03 14:00:44,144] {logging_mixin.py:109} INFO - Running <TaskInstance: LocalIngestionDag.wget scheduled__2021-08-01T06:00:00+00:00 [running]> on host cd3baa871297
[2022-02-03 14:00:44,443] {warnings.py:110} WARNING - /home/***/.local/lib/python3.7/site-packages/***/utils/context.py:152: AirflowContextDeprecationWarning: Accessing 'execution_date' from the template is deprecated and will be removed in a future version. Please use 'data_interval_start' or 'logical_date' instead.
  warnings.warn(_create_deprecation_warning(key, self._deprecation_replacements[key]))

[2022-02-03 14:00:44,522] {taskinstance.py:1426} INFO - Exporting the following env vars:
AIRFLOW_CTX_DAG_OWNER=***
AIRFLOW_CTX_DAG_ID=LocalIngestionDag
AIRFLOW_CTX_TASK_ID=wget
AIRFLOW_CTX_EXECUTION_DATE=2021-08-01T06:00:00+00:00
AIRFLOW_CTX_DAG_RUN_ID=scheduled__2021-08-01T06:00:00+00:00
[2022-02-03 14:00:44,524] {subprocess.py:62} INFO - Tmp dir root location: 
 /tmp
[2022-02-03 14:00:44,525] {subprocess.py:74} INFO - Running command: ['bash', '-c', 'echo "2021-08"']
[2022-02-03 14:00:44,551] {subprocess.py:85} INFO - Output:
[2022-02-03 14:00:44,557] {subprocess.py:89} INFO - 2021-08
[2022-02-03 14:00:44,560] {subprocess.py:93} INFO - Command exited with return code 0
[2022-02-03 14:00:44,697] {taskinstance.py:1277} INFO - Marking task as SUCCESS. dag_id=LocalIngestionDag, task_id=wget, execution_date=20210801T060000, start_date=20220203T140043, end_date=20220203T140044
[2022-02-03 14:00:44,898] {local_task_job.py:154} INFO - Task exited with return code 0
[2022-02-03 14:00:45,238] {local_task_job.py:264} INFO - 0 downstream tasks scheduled from follow-on schedule check
