[2022-02-09 20:38:12,901] {taskinstance.py:1032} INFO - Dependencies all met for <TaskInstance: green_taxi_gcs_dag.local_to_gcs_task scheduled__2020-08-02T00:00:00+00:00 [queued]>
[2022-02-09 20:38:12,939] {taskinstance.py:1032} INFO - Dependencies all met for <TaskInstance: green_taxi_gcs_dag.local_to_gcs_task scheduled__2020-08-02T00:00:00+00:00 [queued]>
[2022-02-09 20:38:12,939] {taskinstance.py:1238} INFO - 
--------------------------------------------------------------------------------
[2022-02-09 20:38:12,948] {taskinstance.py:1239} INFO - Starting attempt 1 of 2
[2022-02-09 20:38:12,949] {taskinstance.py:1240} INFO - 
--------------------------------------------------------------------------------
[2022-02-09 20:38:12,980] {taskinstance.py:1259} INFO - Executing <Task(PythonOperator): local_to_gcs_task> on 2020-08-02 00:00:00+00:00
[2022-02-09 20:38:12,988] {standard_task_runner.py:52} INFO - Started process 290 to run task
[2022-02-09 20:38:13,002] {standard_task_runner.py:76} INFO - Running: ['***', 'tasks', 'run', 'green_taxi_gcs_dag', 'local_to_gcs_task', 'scheduled__2020-08-02T00:00:00+00:00', '--job-id', '98', '--raw', '--subdir', 'DAGS_FOLDER/green_gcs_dag.py', '--cfg-path', '/tmp/tmpmnc5nxi3', '--error-file', '/tmp/tmpxdm6ts9v']
[2022-02-09 20:38:13,003] {standard_task_runner.py:77} INFO - Job 98: Subtask local_to_gcs_task
[2022-02-09 20:38:13,168] {logging_mixin.py:109} INFO - Running <TaskInstance: green_taxi_gcs_dag.local_to_gcs_task scheduled__2020-08-02T00:00:00+00:00 [running]> on host 4f97b6b16bdb
[2022-02-09 20:38:13,295] {warnings.py:110} WARNING - /home/***/.local/lib/python3.7/site-packages/***/utils/context.py:152: AirflowContextDeprecationWarning: Accessing 'execution_date' from the template is deprecated and will be removed in a future version. Please use 'data_interval_start' or 'logical_date' instead.
  warnings.warn(_create_deprecation_warning(key, self._deprecation_replacements[key]))

[2022-02-09 20:38:13,354] {taskinstance.py:1426} INFO - Exporting the following env vars:
AIRFLOW_CTX_DAG_OWNER=***
AIRFLOW_CTX_DAG_ID=green_taxi_gcs_dag
AIRFLOW_CTX_TASK_ID=local_to_gcs_task
AIRFLOW_CTX_EXECUTION_DATE=2020-08-02T00:00:00+00:00
AIRFLOW_CTX_DAG_RUN_ID=scheduled__2020-08-02T00:00:00+00:00
[2022-02-09 20:38:13,854] {python.py:175} INFO - Done. Returned value was: None
[2022-02-09 20:38:13,898] {taskinstance.py:1277} INFO - Marking task as SUCCESS. dag_id=green_taxi_gcs_dag, task_id=local_to_gcs_task, execution_date=20200802T000000, start_date=20220209T203812, end_date=20220209T203813
[2022-02-09 20:38:13,985] {local_task_job.py:154} INFO - Task exited with return code 0
[2022-02-09 20:38:14,093] {local_task_job.py:264} INFO - 1 downstream tasks scheduled from follow-on schedule check
[2022-02-09 20:48:13,919] {taskinstance.py:1032} INFO - Dependencies all met for <TaskInstance: green_taxi_gcs_dag.local_to_gcs_task scheduled__2020-08-02T00:00:00+00:00 [queued]>
[2022-02-09 20:48:13,939] {taskinstance.py:1032} INFO - Dependencies all met for <TaskInstance: green_taxi_gcs_dag.local_to_gcs_task scheduled__2020-08-02T00:00:00+00:00 [queued]>
[2022-02-09 20:48:13,939] {taskinstance.py:1238} INFO - 
--------------------------------------------------------------------------------
[2022-02-09 20:48:13,939] {taskinstance.py:1239} INFO - Starting attempt 1 of 2
[2022-02-09 20:48:13,939] {taskinstance.py:1240} INFO - 
--------------------------------------------------------------------------------
[2022-02-09 20:48:13,963] {taskinstance.py:1259} INFO - Executing <Task(PythonOperator): local_to_gcs_task> on 2020-08-02 00:00:00+00:00
[2022-02-09 20:48:13,974] {standard_task_runner.py:52} INFO - Started process 1136 to run task
[2022-02-09 20:48:13,977] {standard_task_runner.py:76} INFO - Running: ['***', 'tasks', 'run', 'green_taxi_gcs_dag', 'local_to_gcs_task', 'scheduled__2020-08-02T00:00:00+00:00', '--job-id', '192', '--raw', '--subdir', 'DAGS_FOLDER/green_gcs_dag.py', '--cfg-path', '/tmp/tmpmazcgkp1', '--error-file', '/tmp/tmp9u198sbm']
[2022-02-09 20:48:13,978] {standard_task_runner.py:77} INFO - Job 192: Subtask local_to_gcs_task
[2022-02-09 20:48:14,059] {logging_mixin.py:109} INFO - Running <TaskInstance: green_taxi_gcs_dag.local_to_gcs_task scheduled__2020-08-02T00:00:00+00:00 [running]> on host 4f97b6b16bdb
[2022-02-09 20:48:14,124] {warnings.py:110} WARNING - /home/***/.local/lib/python3.7/site-packages/***/utils/context.py:152: AirflowContextDeprecationWarning: Accessing 'execution_date' from the template is deprecated and will be removed in a future version. Please use 'data_interval_start' or 'logical_date' instead.
  warnings.warn(_create_deprecation_warning(key, self._deprecation_replacements[key]))

[2022-02-09 20:48:14,155] {taskinstance.py:1426} INFO - Exporting the following env vars:
AIRFLOW_CTX_DAG_OWNER=***
AIRFLOW_CTX_DAG_ID=green_taxi_gcs_dag
AIRFLOW_CTX_TASK_ID=local_to_gcs_task
AIRFLOW_CTX_EXECUTION_DATE=2020-08-02T00:00:00+00:00
AIRFLOW_CTX_DAG_RUN_ID=scheduled__2020-08-02T00:00:00+00:00
[2022-02-09 20:48:14,657] {python.py:175} INFO - Done. Returned value was: None
[2022-02-09 20:48:14,719] {taskinstance.py:1277} INFO - Marking task as SUCCESS. dag_id=green_taxi_gcs_dag, task_id=local_to_gcs_task, execution_date=20200802T000000, start_date=20220209T204813, end_date=20220209T204814
[2022-02-09 20:48:14,795] {local_task_job.py:154} INFO - Task exited with return code 0
[2022-02-09 20:48:14,876] {local_task_job.py:264} INFO - 1 downstream tasks scheduled from follow-on schedule check
[2022-02-20 00:08:31,324] {taskinstance.py:1032} INFO - Dependencies all met for <TaskInstance: green_taxi_gcs_dag.local_to_gcs_task scheduled__2020-08-02T00:00:00+00:00 [queued]>
[2022-02-20 00:08:31,349] {taskinstance.py:1032} INFO - Dependencies all met for <TaskInstance: green_taxi_gcs_dag.local_to_gcs_task scheduled__2020-08-02T00:00:00+00:00 [queued]>
[2022-02-20 00:08:31,350] {taskinstance.py:1238} INFO - 
--------------------------------------------------------------------------------
[2022-02-20 00:08:31,350] {taskinstance.py:1239} INFO - Starting attempt 1 of 2
[2022-02-20 00:08:31,350] {taskinstance.py:1240} INFO - 
--------------------------------------------------------------------------------
[2022-02-20 00:08:31,381] {taskinstance.py:1259} INFO - Executing <Task(PythonOperator): local_to_gcs_task> on 2020-08-02 00:00:00+00:00
[2022-02-20 00:08:31,395] {standard_task_runner.py:52} INFO - Started process 1075 to run task
[2022-02-20 00:08:31,414] {standard_task_runner.py:76} INFO - Running: ['***', 'tasks', 'run', 'green_taxi_gcs_dag', 'local_to_gcs_task', 'scheduled__2020-08-02T00:00:00+00:00', '--job-id', '389', '--raw', '--subdir', 'DAGS_FOLDER/green_gcs_dag.py', '--cfg-path', '/tmp/tmpt5xi1sju', '--error-file', '/tmp/tmpbiqcba6p']
[2022-02-20 00:08:31,415] {standard_task_runner.py:77} INFO - Job 389: Subtask local_to_gcs_task
[2022-02-20 00:08:31,541] {logging_mixin.py:109} INFO - Running <TaskInstance: green_taxi_gcs_dag.local_to_gcs_task scheduled__2020-08-02T00:00:00+00:00 [running]> on host da07aa254901
[2022-02-20 00:08:31,652] {warnings.py:110} WARNING - /home/***/.local/lib/python3.7/site-packages/***/utils/context.py:152: AirflowContextDeprecationWarning: Accessing 'execution_date' from the template is deprecated and will be removed in a future version. Please use 'data_interval_start' or 'logical_date' instead.
  warnings.warn(_create_deprecation_warning(key, self._deprecation_replacements[key]))

[2022-02-20 00:08:31,746] {taskinstance.py:1426} INFO - Exporting the following env vars:
AIRFLOW_CTX_DAG_OWNER=***
AIRFLOW_CTX_DAG_ID=green_taxi_gcs_dag
AIRFLOW_CTX_TASK_ID=local_to_gcs_task
AIRFLOW_CTX_EXECUTION_DATE=2020-08-02T00:00:00+00:00
AIRFLOW_CTX_DAG_RUN_ID=scheduled__2020-08-02T00:00:00+00:00
[2022-02-20 00:08:32,305] {python.py:175} INFO - Done. Returned value was: None
[2022-02-20 00:08:32,321] {taskinstance.py:1277} INFO - Marking task as SUCCESS. dag_id=green_taxi_gcs_dag, task_id=local_to_gcs_task, execution_date=20200802T000000, start_date=20220220T000831, end_date=20220220T000832
[2022-02-20 00:08:32,342] {local_task_job.py:154} INFO - Task exited with return code 0
[2022-02-20 00:08:32,384] {local_task_job.py:264} INFO - 1 downstream tasks scheduled from follow-on schedule check
[2022-02-20 02:01:56,560] {taskinstance.py:1032} INFO - Dependencies all met for <TaskInstance: green_taxi_gcs_dag.local_to_gcs_task scheduled__2020-08-02T00:00:00+00:00 [queued]>
[2022-02-20 02:01:56,611] {taskinstance.py:1032} INFO - Dependencies all met for <TaskInstance: green_taxi_gcs_dag.local_to_gcs_task scheduled__2020-08-02T00:00:00+00:00 [queued]>
[2022-02-20 02:01:56,611] {taskinstance.py:1238} INFO - 
--------------------------------------------------------------------------------
[2022-02-20 02:01:56,618] {taskinstance.py:1239} INFO - Starting attempt 1 of 2
[2022-02-20 02:01:56,618] {taskinstance.py:1240} INFO - 
--------------------------------------------------------------------------------
[2022-02-20 02:01:56,657] {taskinstance.py:1259} INFO - Executing <Task(PythonOperator): local_to_gcs_task> on 2020-08-02 00:00:00+00:00
[2022-02-20 02:01:56,666] {standard_task_runner.py:52} INFO - Started process 739 to run task
[2022-02-20 02:01:56,676] {standard_task_runner.py:76} INFO - Running: ['***', 'tasks', 'run', 'green_taxi_gcs_dag', 'local_to_gcs_task', 'scheduled__2020-08-02T00:00:00+00:00', '--job-id', '594', '--raw', '--subdir', 'DAGS_FOLDER/green_gcs_dag.py', '--cfg-path', '/tmp/tmptc4ciwud', '--error-file', '/tmp/tmpwxn0so69']
[2022-02-20 02:01:56,678] {standard_task_runner.py:77} INFO - Job 594: Subtask local_to_gcs_task
[2022-02-20 02:01:56,766] {logging_mixin.py:109} INFO - Running <TaskInstance: green_taxi_gcs_dag.local_to_gcs_task scheduled__2020-08-02T00:00:00+00:00 [running]> on host 5484a3a1f7c3
[2022-02-20 02:01:56,845] {warnings.py:110} WARNING - /home/***/.local/lib/python3.7/site-packages/***/utils/context.py:152: AirflowContextDeprecationWarning: Accessing 'execution_date' from the template is deprecated and will be removed in a future version. Please use 'data_interval_start' or 'logical_date' instead.
  warnings.warn(_create_deprecation_warning(key, self._deprecation_replacements[key]))

[2022-02-20 02:01:56,890] {taskinstance.py:1426} INFO - Exporting the following env vars:
AIRFLOW_CTX_DAG_OWNER=***
AIRFLOW_CTX_DAG_ID=green_taxi_gcs_dag
AIRFLOW_CTX_TASK_ID=local_to_gcs_task
AIRFLOW_CTX_EXECUTION_DATE=2020-08-02T00:00:00+00:00
AIRFLOW_CTX_DAG_RUN_ID=scheduled__2020-08-02T00:00:00+00:00
[2022-02-20 02:01:57,327] {python.py:175} INFO - Done. Returned value was: None
[2022-02-20 02:01:57,342] {taskinstance.py:1277} INFO - Marking task as SUCCESS. dag_id=green_taxi_gcs_dag, task_id=local_to_gcs_task, execution_date=20200802T000000, start_date=20220220T020156, end_date=20220220T020157
[2022-02-20 02:01:57,367] {local_task_job.py:154} INFO - Task exited with return code 0
[2022-02-20 02:01:57,409] {local_task_job.py:264} INFO - 1 downstream tasks scheduled from follow-on schedule check
