[2022-02-03 15:05:33,070] {taskinstance.py:1032} INFO - Dependencies all met for <TaskInstance: yellow_taxi_gcs_dag.download_dataset_task scheduled__2019-01-08T00:00:00+00:00 [queued]>
[2022-02-03 15:05:33,085] {taskinstance.py:1032} INFO - Dependencies all met for <TaskInstance: yellow_taxi_gcs_dag.download_dataset_task scheduled__2019-01-08T00:00:00+00:00 [queued]>
[2022-02-03 15:05:33,086] {taskinstance.py:1238} INFO - 
--------------------------------------------------------------------------------
[2022-02-03 15:05:33,086] {taskinstance.py:1239} INFO - Starting attempt 1 of 2
[2022-02-03 15:05:33,086] {taskinstance.py:1240} INFO - 
--------------------------------------------------------------------------------
[2022-02-03 15:05:33,107] {taskinstance.py:1259} INFO - Executing <Task(BashOperator): download_dataset_task> on 2019-01-08 00:00:00+00:00
[2022-02-03 15:05:33,114] {standard_task_runner.py:52} INFO - Started process 3079 to run task
[2022-02-03 15:05:33,122] {standard_task_runner.py:76} INFO - Running: ['***', 'tasks', 'run', 'yellow_taxi_gcs_dag', 'download_dataset_task', 'scheduled__2019-01-08T00:00:00+00:00', '--job-id', '134', '--raw', '--subdir', 'DAGS_FOLDER/yellow_taxi_gcs_dag.py', '--cfg-path', '/tmp/tmpg9lehk_g', '--error-file', '/tmp/tmp1skrhm55']
[2022-02-03 15:05:33,124] {standard_task_runner.py:77} INFO - Job 134: Subtask download_dataset_task
[2022-02-03 15:05:33,221] {logging_mixin.py:109} INFO - Running <TaskInstance: yellow_taxi_gcs_dag.download_dataset_task scheduled__2019-01-08T00:00:00+00:00 [running]> on host cd3baa871297
[2022-02-03 15:05:33,284] {warnings.py:110} WARNING - /home/***/.local/lib/python3.7/site-packages/***/utils/context.py:152: AirflowContextDeprecationWarning: Accessing 'execution_date' from the template is deprecated and will be removed in a future version. Please use 'data_interval_start' or 'logical_date' instead.
  warnings.warn(_create_deprecation_warning(key, self._deprecation_replacements[key]))

[2022-02-03 15:05:33,326] {taskinstance.py:1426} INFO - Exporting the following env vars:
AIRFLOW_CTX_DAG_OWNER=***
AIRFLOW_CTX_DAG_ID=yellow_taxi_gcs_dag
AIRFLOW_CTX_TASK_ID=download_dataset_task
AIRFLOW_CTX_EXECUTION_DATE=2019-01-08T00:00:00+00:00
AIRFLOW_CTX_DAG_RUN_ID=scheduled__2019-01-08T00:00:00+00:00
[2022-02-03 15:05:33,327] {subprocess.py:62} INFO - Tmp dir root location: 
 /tmp
[2022-02-03 15:05:33,328] {subprocess.py:74} INFO - Running command: ['bash', '-c', 'echo https://s3.amazonaws.com/nyc-tlc/trip+data/yellow_tripdata_2019-01.csv -  /opt/***/output_2019-01.csv | curl -sS https://s3.amazonaws.com/nyc-tlc/trip+data/yellow_tripdata_2019-01.csv > /opt/***/output_2019-01.csv']
[2022-02-03 15:05:33,353] {subprocess.py:85} INFO - Output:
[2022-02-03 15:06:40,428] {subprocess.py:93} INFO - Command exited with return code 0
[2022-02-03 15:06:40,474] {taskinstance.py:1277} INFO - Marking task as SUCCESS. dag_id=yellow_taxi_gcs_dag, task_id=download_dataset_task, execution_date=20190108T000000, start_date=20220203T150533, end_date=20220203T150640
[2022-02-03 15:06:40,532] {local_task_job.py:154} INFO - Task exited with return code 0
[2022-02-03 15:06:40,569] {local_task_job.py:264} INFO - 0 downstream tasks scheduled from follow-on schedule check
[2022-02-03 15:36:22,336] {taskinstance.py:1032} INFO - Dependencies all met for <TaskInstance: yellow_taxi_gcs_dag.download_dataset_task scheduled__2019-01-08T00:00:00+00:00 [queued]>
[2022-02-03 15:36:22,357] {taskinstance.py:1032} INFO - Dependencies all met for <TaskInstance: yellow_taxi_gcs_dag.download_dataset_task scheduled__2019-01-08T00:00:00+00:00 [queued]>
[2022-02-03 15:36:22,357] {taskinstance.py:1238} INFO - 
--------------------------------------------------------------------------------
[2022-02-03 15:36:22,357] {taskinstance.py:1239} INFO - Starting attempt 1 of 2
[2022-02-03 15:36:22,358] {taskinstance.py:1240} INFO - 
--------------------------------------------------------------------------------
[2022-02-03 15:36:22,374] {taskinstance.py:1259} INFO - Executing <Task(BashOperator): download_dataset_task> on 2019-01-08 00:00:00+00:00
[2022-02-03 15:36:22,381] {standard_task_runner.py:52} INFO - Started process 4520 to run task
[2022-02-03 15:36:22,384] {standard_task_runner.py:76} INFO - Running: ['***', 'tasks', 'run', 'yellow_taxi_gcs_dag', 'download_dataset_task', 'scheduled__2019-01-08T00:00:00+00:00', '--job-id', '167', '--raw', '--subdir', 'DAGS_FOLDER/yellow_taxi_gcs_dag.py', '--cfg-path', '/tmp/tmpl3drni3d', '--error-file', '/tmp/tmp4qy3qu_e']
[2022-02-03 15:36:22,385] {standard_task_runner.py:77} INFO - Job 167: Subtask download_dataset_task
[2022-02-03 15:36:22,445] {logging_mixin.py:109} INFO - Running <TaskInstance: yellow_taxi_gcs_dag.download_dataset_task scheduled__2019-01-08T00:00:00+00:00 [running]> on host cd3baa871297
[2022-02-03 15:36:22,488] {warnings.py:110} WARNING - /home/***/.local/lib/python3.7/site-packages/***/utils/context.py:152: AirflowContextDeprecationWarning: Accessing 'execution_date' from the template is deprecated and will be removed in a future version. Please use 'data_interval_start' or 'logical_date' instead.
  warnings.warn(_create_deprecation_warning(key, self._deprecation_replacements[key]))

[2022-02-03 15:36:22,512] {taskinstance.py:1426} INFO - Exporting the following env vars:
AIRFLOW_CTX_DAG_OWNER=***
AIRFLOW_CTX_DAG_ID=yellow_taxi_gcs_dag
AIRFLOW_CTX_TASK_ID=download_dataset_task
AIRFLOW_CTX_EXECUTION_DATE=2019-01-08T00:00:00+00:00
AIRFLOW_CTX_DAG_RUN_ID=scheduled__2019-01-08T00:00:00+00:00
[2022-02-03 15:36:22,513] {subprocess.py:62} INFO - Tmp dir root location: 
 /tmp
[2022-02-03 15:36:22,514] {subprocess.py:74} INFO - Running command: ['bash', '-c', 'echo https://s3.amazonaws.com/nyc-tlc/trip+data/yellow_tripdata_2019-01.csv -  /opt/***/output_2019-01.csv']
[2022-02-03 15:36:22,528] {subprocess.py:85} INFO - Output:
[2022-02-03 15:36:22,529] {subprocess.py:89} INFO - https://s3.amazonaws.com/nyc-tlc/trip+data/yellow_tripdata_2019-01.csv - /opt/***/output_2019-01.csv
[2022-02-03 15:36:22,529] {subprocess.py:93} INFO - Command exited with return code 0
[2022-02-03 15:36:22,556] {taskinstance.py:1277} INFO - Marking task as SUCCESS. dag_id=yellow_taxi_gcs_dag, task_id=download_dataset_task, execution_date=20190108T000000, start_date=20220203T153622, end_date=20220203T153622
[2022-02-03 15:36:22,596] {local_task_job.py:154} INFO - Task exited with return code 0
[2022-02-03 15:36:22,629] {local_task_job.py:264} INFO - 0 downstream tasks scheduled from follow-on schedule check
