[2022-02-03 17:20:17,257] {taskinstance.py:1032} INFO - Dependencies all met for <TaskInstance: yellow_taxi_gcs_dag.delete_the_local_file scheduled__2019-06-02T00:00:00+00:00 [queued]>
[2022-02-03 17:20:17,276] {taskinstance.py:1032} INFO - Dependencies all met for <TaskInstance: yellow_taxi_gcs_dag.delete_the_local_file scheduled__2019-06-02T00:00:00+00:00 [queued]>
[2022-02-03 17:20:17,277] {taskinstance.py:1238} INFO - 
--------------------------------------------------------------------------------
[2022-02-03 17:20:17,277] {taskinstance.py:1239} INFO - Starting attempt 1 of 2
[2022-02-03 17:20:17,277] {taskinstance.py:1240} INFO - 
--------------------------------------------------------------------------------
[2022-02-03 17:20:17,305] {taskinstance.py:1259} INFO - Executing <Task(BashOperator): delete_the_local_file> on 2019-06-02 00:00:00+00:00
[2022-02-03 17:20:17,313] {standard_task_runner.py:52} INFO - Started process 2605 to run task
[2022-02-03 17:20:17,323] {standard_task_runner.py:76} INFO - Running: ['***', 'tasks', 'run', 'yellow_taxi_gcs_dag', 'delete_the_local_file', 'scheduled__2019-06-02T00:00:00+00:00', '--job-id', '70', '--raw', '--subdir', 'DAGS_FOLDER/yellow_taxi_gcs_dag.py', '--cfg-path', '/tmp/tmp2f4ro4is', '--error-file', '/tmp/tmp0iy7v4eo']
[2022-02-03 17:20:17,324] {standard_task_runner.py:77} INFO - Job 70: Subtask delete_the_local_file
[2022-02-03 17:20:17,417] {logging_mixin.py:109} INFO - Running <TaskInstance: yellow_taxi_gcs_dag.delete_the_local_file scheduled__2019-06-02T00:00:00+00:00 [running]> on host 7e458922b35d
[2022-02-03 17:20:17,503] {warnings.py:110} WARNING - /home/***/.local/lib/python3.7/site-packages/***/utils/context.py:152: AirflowContextDeprecationWarning: Accessing 'execution_date' from the template is deprecated and will be removed in a future version. Please use 'data_interval_start' or 'logical_date' instead.
  warnings.warn(_create_deprecation_warning(key, self._deprecation_replacements[key]))

[2022-02-03 17:20:17,544] {taskinstance.py:1426} INFO - Exporting the following env vars:
AIRFLOW_CTX_DAG_OWNER=***
AIRFLOW_CTX_DAG_ID=yellow_taxi_gcs_dag
AIRFLOW_CTX_TASK_ID=delete_the_local_file
AIRFLOW_CTX_EXECUTION_DATE=2019-06-02T00:00:00+00:00
AIRFLOW_CTX_DAG_RUN_ID=scheduled__2019-06-02T00:00:00+00:00
[2022-02-03 17:20:17,546] {subprocess.py:62} INFO - Tmp dir root location: 
 /tmp
[2022-02-03 17:20:17,546] {subprocess.py:74} INFO - Running command: ['bash', '-c', 'rm /opt/***/output_2019-06.csv | rm /opt/***/output_2019-06.parquet']
[2022-02-03 17:20:17,578] {subprocess.py:85} INFO - Output:
[2022-02-03 17:20:17,655] {subprocess.py:93} INFO - Command exited with return code 0
[2022-02-03 17:20:17,685] {taskinstance.py:1277} INFO - Marking task as SUCCESS. dag_id=yellow_taxi_gcs_dag, task_id=delete_the_local_file, execution_date=20190602T000000, start_date=20220203T172017, end_date=20220203T172017
[2022-02-03 17:20:17,734] {local_task_job.py:154} INFO - Task exited with return code 0
[2022-02-03 17:20:17,769] {local_task_job.py:264} INFO - 0 downstream tasks scheduled from follow-on schedule check
<<<<<<< HEAD
[2022-02-20 00:20:01,011] {taskinstance.py:1032} INFO - Dependencies all met for <TaskInstance: yellow_taxi_gcs_dag.delete_the_local_file scheduled__2019-06-02T00:00:00+00:00 [queued]>
[2022-02-20 00:20:01,041] {taskinstance.py:1032} INFO - Dependencies all met for <TaskInstance: yellow_taxi_gcs_dag.delete_the_local_file scheduled__2019-06-02T00:00:00+00:00 [queued]>
[2022-02-20 00:20:01,041] {taskinstance.py:1238} INFO - 
--------------------------------------------------------------------------------
[2022-02-20 00:20:01,042] {taskinstance.py:1239} INFO - Starting attempt 1 of 2
[2022-02-20 00:20:01,042] {taskinstance.py:1240} INFO - 
--------------------------------------------------------------------------------
[2022-02-20 00:20:01,069] {taskinstance.py:1259} INFO - Executing <Task(BashOperator): delete_the_local_file> on 2019-06-02 00:00:00+00:00
[2022-02-20 00:20:01,076] {standard_task_runner.py:52} INFO - Started process 1715 to run task
[2022-02-20 00:20:01,084] {standard_task_runner.py:76} INFO - Running: ['***', 'tasks', 'run', 'yellow_taxi_gcs_dag', 'delete_the_local_file', 'scheduled__2019-06-02T00:00:00+00:00', '--job-id', '437', '--raw', '--subdir', 'DAGS_FOLDER/yellow_taxi_gcs_dag.py', '--cfg-path', '/tmp/tmp6pzi9nw7', '--error-file', '/tmp/tmpjubrdul8']
[2022-02-20 00:20:01,087] {standard_task_runner.py:77} INFO - Job 437: Subtask delete_the_local_file
[2022-02-20 00:20:01,227] {logging_mixin.py:109} INFO - Running <TaskInstance: yellow_taxi_gcs_dag.delete_the_local_file scheduled__2019-06-02T00:00:00+00:00 [running]> on host da07aa254901
[2022-02-20 00:20:01,330] {warnings.py:110} WARNING - /home/***/.local/lib/python3.7/site-packages/***/utils/context.py:152: AirflowContextDeprecationWarning: Accessing 'execution_date' from the template is deprecated and will be removed in a future version. Please use 'data_interval_start' or 'logical_date' instead.
  warnings.warn(_create_deprecation_warning(key, self._deprecation_replacements[key]))

[2022-02-20 00:20:01,370] {taskinstance.py:1426} INFO - Exporting the following env vars:
AIRFLOW_CTX_DAG_OWNER=***
AIRFLOW_CTX_DAG_ID=yellow_taxi_gcs_dag
AIRFLOW_CTX_TASK_ID=delete_the_local_file
AIRFLOW_CTX_EXECUTION_DATE=2019-06-02T00:00:00+00:00
AIRFLOW_CTX_DAG_RUN_ID=scheduled__2019-06-02T00:00:00+00:00
[2022-02-20 00:20:01,372] {subprocess.py:62} INFO - Tmp dir root location: 
 /tmp
[2022-02-20 00:20:01,374] {subprocess.py:74} INFO - Running command: ['bash', '-c', 'rm /opt/***/output_2019-06.csv | rm /opt/***/output_2019-06.parquet']
[2022-02-20 00:20:01,398] {subprocess.py:85} INFO - Output:
[2022-02-20 00:20:01,472] {subprocess.py:93} INFO - Command exited with return code 0
[2022-02-20 00:20:01,512] {taskinstance.py:1277} INFO - Marking task as SUCCESS. dag_id=yellow_taxi_gcs_dag, task_id=delete_the_local_file, execution_date=20190602T000000, start_date=20220220T002001, end_date=20220220T002001
[2022-02-20 00:20:01,551] {local_task_job.py:154} INFO - Task exited with return code 0
[2022-02-20 00:20:01,597] {local_task_job.py:264} INFO - 0 downstream tasks scheduled from follow-on schedule check
=======
>>>>>>> origin/master
