[2022-02-03 17:20:13,771] {taskinstance.py:1032} INFO - Dependencies all met for <TaskInstance: yellow_taxi_gcs_dag.format_to_parquet_task scheduled__2019-08-02T00:00:00+00:00 [queued]>
[2022-02-03 17:20:13,787] {taskinstance.py:1032} INFO - Dependencies all met for <TaskInstance: yellow_taxi_gcs_dag.format_to_parquet_task scheduled__2019-08-02T00:00:00+00:00 [queued]>
[2022-02-03 17:20:13,787] {taskinstance.py:1238} INFO - 
--------------------------------------------------------------------------------
[2022-02-03 17:20:13,787] {taskinstance.py:1239} INFO - Starting attempt 1 of 2
[2022-02-03 17:20:13,787] {taskinstance.py:1240} INFO - 
--------------------------------------------------------------------------------
[2022-02-03 17:20:13,804] {taskinstance.py:1259} INFO - Executing <Task(PythonOperator): format_to_parquet_task> on 2019-08-02 00:00:00+00:00
[2022-02-03 17:20:13,812] {standard_task_runner.py:52} INFO - Started process 2597 to run task
[2022-02-03 17:20:13,817] {standard_task_runner.py:76} INFO - Running: ['***', 'tasks', 'run', 'yellow_taxi_gcs_dag', 'format_to_parquet_task', 'scheduled__2019-08-02T00:00:00+00:00', '--job-id', '69', '--raw', '--subdir', 'DAGS_FOLDER/yellow_taxi_gcs_dag.py', '--cfg-path', '/tmp/tmpxciorsqu', '--error-file', '/tmp/tmpwo6pipf9']
[2022-02-03 17:20:13,819] {standard_task_runner.py:77} INFO - Job 69: Subtask format_to_parquet_task
[2022-02-03 17:20:13,888] {logging_mixin.py:109} INFO - Running <TaskInstance: yellow_taxi_gcs_dag.format_to_parquet_task scheduled__2019-08-02T00:00:00+00:00 [running]> on host 7e458922b35d
[2022-02-03 17:20:13,934] {warnings.py:110} WARNING - /home/***/.local/lib/python3.7/site-packages/***/utils/context.py:152: AirflowContextDeprecationWarning: Accessing 'execution_date' from the template is deprecated and will be removed in a future version. Please use 'data_interval_start' or 'logical_date' instead.
  warnings.warn(_create_deprecation_warning(key, self._deprecation_replacements[key]))

[2022-02-03 17:20:13,955] {taskinstance.py:1426} INFO - Exporting the following env vars:
AIRFLOW_CTX_DAG_OWNER=***
AIRFLOW_CTX_DAG_ID=yellow_taxi_gcs_dag
AIRFLOW_CTX_TASK_ID=format_to_parquet_task
AIRFLOW_CTX_EXECUTION_DATE=2019-08-02T00:00:00+00:00
AIRFLOW_CTX_DAG_RUN_ID=scheduled__2019-08-02T00:00:00+00:00
[2022-02-03 17:20:20,424] {python.py:175} INFO - Done. Returned value was: None
[2022-02-03 17:20:20,441] {taskinstance.py:1277} INFO - Marking task as SUCCESS. dag_id=yellow_taxi_gcs_dag, task_id=format_to_parquet_task, execution_date=20190802T000000, start_date=20220203T172013, end_date=20220203T172020
[2022-02-03 17:20:20,753] {local_task_job.py:154} INFO - Task exited with return code 0
[2022-02-03 17:20:20,872] {local_task_job.py:264} INFO - 0 downstream tasks scheduled from follow-on schedule check
[2022-02-20 00:25:21,520] {taskinstance.py:1032} INFO - Dependencies all met for <TaskInstance: yellow_taxi_gcs_dag.format_to_parquet_task scheduled__2019-08-02T00:00:00+00:00 [queued]>
[2022-02-20 00:25:21,559] {taskinstance.py:1032} INFO - Dependencies all met for <TaskInstance: yellow_taxi_gcs_dag.format_to_parquet_task scheduled__2019-08-02T00:00:00+00:00 [queued]>
[2022-02-20 00:25:21,559] {taskinstance.py:1238} INFO - 
--------------------------------------------------------------------------------
[2022-02-20 00:25:21,559] {taskinstance.py:1239} INFO - Starting attempt 1 of 2
[2022-02-20 00:25:21,559] {taskinstance.py:1240} INFO - 
--------------------------------------------------------------------------------
[2022-02-20 00:25:21,589] {taskinstance.py:1259} INFO - Executing <Task(PythonOperator): format_to_parquet_task> on 2019-08-02 00:00:00+00:00
[2022-02-20 00:25:21,618] {standard_task_runner.py:52} INFO - Started process 1985 to run task
[2022-02-20 00:25:21,633] {standard_task_runner.py:76} INFO - Running: ['***', 'tasks', 'run', 'yellow_taxi_gcs_dag', 'format_to_parquet_task', 'scheduled__2019-08-02T00:00:00+00:00', '--job-id', '452', '--raw', '--subdir', 'DAGS_FOLDER/yellow_taxi_gcs_dag.py', '--cfg-path', '/tmp/tmp7q0inkpi', '--error-file', '/tmp/tmpsn1mt1t3']
[2022-02-20 00:25:21,635] {standard_task_runner.py:77} INFO - Job 452: Subtask format_to_parquet_task
[2022-02-20 00:25:21,898] {logging_mixin.py:109} INFO - Running <TaskInstance: yellow_taxi_gcs_dag.format_to_parquet_task scheduled__2019-08-02T00:00:00+00:00 [running]> on host da07aa254901
[2022-02-20 00:25:22,036] {warnings.py:110} WARNING - /home/***/.local/lib/python3.7/site-packages/***/utils/context.py:152: AirflowContextDeprecationWarning: Accessing 'execution_date' from the template is deprecated and will be removed in a future version. Please use 'data_interval_start' or 'logical_date' instead.
  warnings.warn(_create_deprecation_warning(key, self._deprecation_replacements[key]))

[2022-02-20 00:25:22,107] {taskinstance.py:1426} INFO - Exporting the following env vars:
AIRFLOW_CTX_DAG_OWNER=***
AIRFLOW_CTX_DAG_ID=yellow_taxi_gcs_dag
AIRFLOW_CTX_TASK_ID=format_to_parquet_task
AIRFLOW_CTX_EXECUTION_DATE=2019-08-02T00:00:00+00:00
AIRFLOW_CTX_DAG_RUN_ID=scheduled__2019-08-02T00:00:00+00:00
[2022-02-20 00:25:31,553] {python.py:175} INFO - Done. Returned value was: None
[2022-02-20 00:25:31,571] {taskinstance.py:1277} INFO - Marking task as SUCCESS. dag_id=yellow_taxi_gcs_dag, task_id=format_to_parquet_task, execution_date=20190802T000000, start_date=20220220T002521, end_date=20220220T002531
[2022-02-20 00:25:31,759] {local_task_job.py:154} INFO - Task exited with return code 0
[2022-02-20 00:25:31,816] {local_task_job.py:264} INFO - 1 downstream tasks scheduled from follow-on schedule check
