[2022-02-03 13:48:06,053] {taskinstance.py:1032} INFO - Dependencies all met for <TaskInstance: LocalIngestionDag.wget scheduled__2020-11-02T06:00:00+00:00 [queued]>
[2022-02-03 13:48:06,072] {taskinstance.py:1032} INFO - Dependencies all met for <TaskInstance: LocalIngestionDag.wget scheduled__2020-11-02T06:00:00+00:00 [queued]>
[2022-02-03 13:48:06,072] {taskinstance.py:1238} INFO - 
--------------------------------------------------------------------------------
[2022-02-03 13:48:06,072] {taskinstance.py:1239} INFO - Starting attempt 1 of 1
[2022-02-03 13:48:06,073] {taskinstance.py:1240} INFO - 
--------------------------------------------------------------------------------
[2022-02-03 13:48:06,097] {taskinstance.py:1259} INFO - Executing <Task(BashOperator): wget> on 2020-11-02 06:00:00+00:00
[2022-02-03 13:48:06,105] {standard_task_runner.py:52} INFO - Started process 1567 to run task
[2022-02-03 13:48:06,117] {standard_task_runner.py:76} INFO - Running: ['***', 'tasks', 'run', 'LocalIngestionDag', 'wget', 'scheduled__2020-11-02T06:00:00+00:00', '--job-id', '49', '--raw', '--subdir', 'DAGS_FOLDER/data_ingestion_localDB_dag.py', '--cfg-path', '/tmp/tmpj3v5r4ed', '--error-file', '/tmp/tmpg6lu1bj6']
[2022-02-03 13:48:06,117] {standard_task_runner.py:77} INFO - Job 49: Subtask wget
[2022-02-03 13:48:06,243] {logging_mixin.py:109} INFO - Running <TaskInstance: LocalIngestionDag.wget scheduled__2020-11-02T06:00:00+00:00 [running]> on host 2b92176b720f
[2022-02-03 13:48:06,374] {warnings.py:110} WARNING - /home/***/.local/lib/python3.7/site-packages/***/utils/context.py:152: AirflowContextDeprecationWarning: Accessing 'execution_date' from the template is deprecated and will be removed in a future version. Please use 'data_interval_start' or 'logical_date' instead.
  warnings.warn(_create_deprecation_warning(key, self._deprecation_replacements[key]))

[2022-02-03 13:48:06,419] {taskinstance.py:1426} INFO - Exporting the following env vars:
AIRFLOW_CTX_DAG_OWNER=***
AIRFLOW_CTX_DAG_ID=LocalIngestionDag
AIRFLOW_CTX_TASK_ID=wget
AIRFLOW_CTX_EXECUTION_DATE=2020-11-02T06:00:00+00:00
AIRFLOW_CTX_DAG_RUN_ID=scheduled__2020-11-02T06:00:00+00:00
[2022-02-03 13:48:06,421] {subprocess.py:62} INFO - Tmp dir root location: 
 /tmp
[2022-02-03 13:48:06,421] {subprocess.py:74} INFO - Running command: ['bash', '-c', 'echo "2020-m%"']
[2022-02-03 13:48:06,454] {subprocess.py:85} INFO - Output:
[2022-02-03 13:48:06,458] {subprocess.py:89} INFO - 2020-m%
[2022-02-03 13:48:06,458] {subprocess.py:93} INFO - Command exited with return code 0
[2022-02-03 13:48:06,550] {taskinstance.py:1277} INFO - Marking task as SUCCESS. dag_id=LocalIngestionDag, task_id=wget, execution_date=20201102T060000, start_date=20220203T134806, end_date=20220203T134806
[2022-02-03 13:48:06,677] {local_task_job.py:154} INFO - Task exited with return code 0
[2022-02-03 13:48:06,865] {local_task_job.py:264} INFO - 0 downstream tasks scheduled from follow-on schedule check
[2022-02-03 14:00:12,085] {taskinstance.py:1032} INFO - Dependencies all met for <TaskInstance: LocalIngestionDag.wget scheduled__2020-11-02T06:00:00+00:00 [queued]>
[2022-02-03 14:00:12,266] {taskinstance.py:1032} INFO - Dependencies all met for <TaskInstance: LocalIngestionDag.wget scheduled__2020-11-02T06:00:00+00:00 [queued]>
[2022-02-03 14:00:12,267] {taskinstance.py:1238} INFO - 
--------------------------------------------------------------------------------
[2022-02-03 14:00:12,267] {taskinstance.py:1239} INFO - Starting attempt 1 of 1
[2022-02-03 14:00:12,270] {taskinstance.py:1240} INFO - 
--------------------------------------------------------------------------------
[2022-02-03 14:00:12,786] {taskinstance.py:1259} INFO - Executing <Task(BashOperator): wget> on 2020-11-02 06:00:00+00:00
[2022-02-03 14:00:13,053] {standard_task_runner.py:52} INFO - Started process 152 to run task
[2022-02-03 14:00:13,210] {standard_task_runner.py:76} INFO - Running: ['***', 'tasks', 'run', 'LocalIngestionDag', 'wget', 'scheduled__2020-11-02T06:00:00+00:00', '--job-id', '92', '--raw', '--subdir', 'DAGS_FOLDER/data_ingestion_localDB_dag.py', '--cfg-path', '/tmp/tmpq1c_uouo', '--error-file', '/tmp/tmpf9n0iold']
[2022-02-03 14:00:13,217] {standard_task_runner.py:77} INFO - Job 92: Subtask wget
[2022-02-03 14:00:14,757] {logging_mixin.py:109} INFO - Running <TaskInstance: LocalIngestionDag.wget scheduled__2020-11-02T06:00:00+00:00 [running]> on host cd3baa871297
[2022-02-03 14:00:16,536] {warnings.py:110} WARNING - /home/***/.local/lib/python3.7/site-packages/***/utils/context.py:152: AirflowContextDeprecationWarning: Accessing 'execution_date' from the template is deprecated and will be removed in a future version. Please use 'data_interval_start' or 'logical_date' instead.
  warnings.warn(_create_deprecation_warning(key, self._deprecation_replacements[key]))

[2022-02-03 14:00:16,947] {taskinstance.py:1426} INFO - Exporting the following env vars:
AIRFLOW_CTX_DAG_OWNER=***
AIRFLOW_CTX_DAG_ID=LocalIngestionDag
AIRFLOW_CTX_TASK_ID=wget
AIRFLOW_CTX_EXECUTION_DATE=2020-11-02T06:00:00+00:00
AIRFLOW_CTX_DAG_RUN_ID=scheduled__2020-11-02T06:00:00+00:00
[2022-02-03 14:00:17,007] {subprocess.py:62} INFO - Tmp dir root location: 
 /tmp
[2022-02-03 14:00:17,066] {subprocess.py:74} INFO - Running command: ['bash', '-c', 'echo "2020-11"']
[2022-02-03 14:00:17,241] {subprocess.py:85} INFO - Output:
[2022-02-03 14:00:17,280] {subprocess.py:89} INFO - 2020-11
[2022-02-03 14:00:17,289] {subprocess.py:93} INFO - Command exited with return code 0
[2022-02-03 14:00:18,015] {taskinstance.py:1277} INFO - Marking task as SUCCESS. dag_id=LocalIngestionDag, task_id=wget, execution_date=20201102T060000, start_date=20220203T140012, end_date=20220203T140018
[2022-02-03 14:00:18,820] {local_task_job.py:154} INFO - Task exited with return code 0
[2022-02-03 14:00:19,556] {local_task_job.py:264} INFO - 0 downstream tasks scheduled from follow-on schedule check
