[2022-02-03 18:13:40,949] {taskinstance.py:1032} INFO - Dependencies all met for <TaskInstance: fhv_gcs_dag.delete_the_local_file scheduled__2019-02-02T00:00:00+00:00 [queued]>
[2022-02-03 18:13:40,982] {taskinstance.py:1032} INFO - Dependencies all met for <TaskInstance: fhv_gcs_dag.delete_the_local_file scheduled__2019-02-02T00:00:00+00:00 [queued]>
[2022-02-03 18:13:40,983] {taskinstance.py:1238} INFO - 
--------------------------------------------------------------------------------
[2022-02-03 18:13:40,983] {taskinstance.py:1239} INFO - Starting attempt 1 of 2
[2022-02-03 18:13:40,983] {taskinstance.py:1240} INFO - 
--------------------------------------------------------------------------------
[2022-02-03 18:13:41,024] {taskinstance.py:1259} INFO - Executing <Task(BashOperator): delete_the_local_file> on 2019-02-02 00:00:00+00:00
[2022-02-03 18:13:41,043] {standard_task_runner.py:52} INFO - Started process 844 to run task
[2022-02-03 18:13:41,057] {standard_task_runner.py:76} INFO - Running: ['***', 'tasks', 'run', 'fhv_gcs_dag', 'delete_the_local_file', 'scheduled__2019-02-02T00:00:00+00:00', '--job-id', '153', '--raw', '--subdir', 'DAGS_FOLDER/fhv_gcs_dag.py', '--cfg-path', '/tmp/tmprfgfhh9c', '--error-file', '/tmp/tmpeq2jk454']
[2022-02-03 18:13:41,058] {standard_task_runner.py:77} INFO - Job 153: Subtask delete_the_local_file
[2022-02-03 18:13:41,193] {logging_mixin.py:109} INFO - Running <TaskInstance: fhv_gcs_dag.delete_the_local_file scheduled__2019-02-02T00:00:00+00:00 [running]> on host bd2f56b76e32
[2022-02-03 18:13:41,372] {warnings.py:110} WARNING - /home/***/.local/lib/python3.7/site-packages/***/utils/context.py:152: AirflowContextDeprecationWarning: Accessing 'execution_date' from the template is deprecated and will be removed in a future version. Please use 'data_interval_start' or 'logical_date' instead.
  warnings.warn(_create_deprecation_warning(key, self._deprecation_replacements[key]))

[2022-02-03 18:13:41,435] {taskinstance.py:1426} INFO - Exporting the following env vars:
AIRFLOW_CTX_DAG_OWNER=***
AIRFLOW_CTX_DAG_ID=fhv_gcs_dag
AIRFLOW_CTX_TASK_ID=delete_the_local_file
AIRFLOW_CTX_EXECUTION_DATE=2019-02-02T00:00:00+00:00
AIRFLOW_CTX_DAG_RUN_ID=scheduled__2019-02-02T00:00:00+00:00
[2022-02-03 18:13:41,436] {subprocess.py:62} INFO - Tmp dir root location: 
 /tmp
[2022-02-03 18:13:41,437] {subprocess.py:74} INFO - Running command: ['bash', '-c', 'rm /opt/***/output_2019-02.csv | rm /opt/***/output_2019-02.parquet']
[2022-02-03 18:13:41,511] {subprocess.py:85} INFO - Output:
[2022-02-03 18:13:41,585] {subprocess.py:93} INFO - Command exited with return code 0
[2022-02-03 18:13:41,699] {taskinstance.py:1277} INFO - Marking task as SUCCESS. dag_id=fhv_gcs_dag, task_id=delete_the_local_file, execution_date=20190202T000000, start_date=20220203T181340, end_date=20220203T181341
[2022-02-03 18:13:41,778] {local_task_job.py:154} INFO - Task exited with return code 0
[2022-02-03 18:13:41,965] {local_task_job.py:264} INFO - 0 downstream tasks scheduled from follow-on schedule check
