[2022-02-09 20:33:52,954] {taskinstance.py:1032} INFO - Dependencies all met for <TaskInstance: green_taxi_gcs_dag.format_to_parquet_task scheduled__2019-10-02T00:00:00+00:00 [queued]>
[2022-02-09 20:33:52,991] {taskinstance.py:1032} INFO - Dependencies all met for <TaskInstance: green_taxi_gcs_dag.format_to_parquet_task scheduled__2019-10-02T00:00:00+00:00 [queued]>
[2022-02-09 20:33:52,991] {taskinstance.py:1238} INFO - 
--------------------------------------------------------------------------------
[2022-02-09 20:33:52,992] {taskinstance.py:1239} INFO - Starting attempt 1 of 2
[2022-02-09 20:33:52,992] {taskinstance.py:1240} INFO - 
--------------------------------------------------------------------------------
[2022-02-09 20:33:53,016] {taskinstance.py:1259} INFO - Executing <Task(PythonOperator): format_to_parquet_task> on 2019-10-02 00:00:00+00:00
[2022-02-09 20:33:53,023] {standard_task_runner.py:52} INFO - Started process 379 to run task
[2022-02-09 20:33:53,035] {standard_task_runner.py:76} INFO - Running: ['***', 'tasks', 'run', 'green_taxi_gcs_dag', 'format_to_parquet_task', 'scheduled__2019-10-02T00:00:00+00:00', '--job-id', '58', '--raw', '--subdir', 'DAGS_FOLDER/green_gcs_dag.py', '--cfg-path', '/tmp/tmp435v796t', '--error-file', '/tmp/tmpmk_azwh9']
[2022-02-09 20:33:53,036] {standard_task_runner.py:77} INFO - Job 58: Subtask format_to_parquet_task
[2022-02-09 20:33:53,155] {logging_mixin.py:109} INFO - Running <TaskInstance: green_taxi_gcs_dag.format_to_parquet_task scheduled__2019-10-02T00:00:00+00:00 [running]> on host 4f97b6b16bdb
[2022-02-09 20:33:53,234] {warnings.py:110} WARNING - /home/***/.local/lib/python3.7/site-packages/***/utils/context.py:152: AirflowContextDeprecationWarning: Accessing 'execution_date' from the template is deprecated and will be removed in a future version. Please use 'data_interval_start' or 'logical_date' instead.
  warnings.warn(_create_deprecation_warning(key, self._deprecation_replacements[key]))

[2022-02-09 20:33:53,267] {taskinstance.py:1426} INFO - Exporting the following env vars:
AIRFLOW_CTX_DAG_OWNER=***
AIRFLOW_CTX_DAG_ID=green_taxi_gcs_dag
AIRFLOW_CTX_TASK_ID=format_to_parquet_task
AIRFLOW_CTX_EXECUTION_DATE=2019-10-02T00:00:00+00:00
AIRFLOW_CTX_DAG_RUN_ID=scheduled__2019-10-02T00:00:00+00:00
[2022-02-09 20:33:55,580] {python.py:175} INFO - Done. Returned value was: None
[2022-02-09 20:33:55,629] {taskinstance.py:1277} INFO - Marking task as SUCCESS. dag_id=green_taxi_gcs_dag, task_id=format_to_parquet_task, execution_date=20191002T000000, start_date=20220209T203352, end_date=20220209T203355
[2022-02-09 20:33:55,963] {local_task_job.py:154} INFO - Task exited with return code 0
[2022-02-09 20:33:56,130] {local_task_job.py:264} INFO - 1 downstream tasks scheduled from follow-on schedule check
[2022-02-09 20:45:01,711] {taskinstance.py:1032} INFO - Dependencies all met for <TaskInstance: green_taxi_gcs_dag.format_to_parquet_task scheduled__2019-10-02T00:00:00+00:00 [queued]>
[2022-02-09 20:45:01,781] {taskinstance.py:1032} INFO - Dependencies all met for <TaskInstance: green_taxi_gcs_dag.format_to_parquet_task scheduled__2019-10-02T00:00:00+00:00 [queued]>
[2022-02-09 20:45:01,784] {taskinstance.py:1238} INFO - 
--------------------------------------------------------------------------------
[2022-02-09 20:45:01,786] {taskinstance.py:1239} INFO - Starting attempt 1 of 2
[2022-02-09 20:45:01,789] {taskinstance.py:1240} INFO - 
--------------------------------------------------------------------------------
[2022-02-09 20:45:01,889] {taskinstance.py:1259} INFO - Executing <Task(PythonOperator): format_to_parquet_task> on 2019-10-02 00:00:00+00:00
[2022-02-09 20:45:01,905] {standard_task_runner.py:52} INFO - Started process 827 to run task
[2022-02-09 20:45:01,920] {standard_task_runner.py:76} INFO - Running: ['***', 'tasks', 'run', 'green_taxi_gcs_dag', 'format_to_parquet_task', 'scheduled__2019-10-02T00:00:00+00:00', '--job-id', '155', '--raw', '--subdir', 'DAGS_FOLDER/green_gcs_dag.py', '--cfg-path', '/tmp/tmpa1figkh5', '--error-file', '/tmp/tmpzrgkdpgp']
[2022-02-09 20:45:01,921] {standard_task_runner.py:77} INFO - Job 155: Subtask format_to_parquet_task
[2022-02-09 20:45:02,118] {logging_mixin.py:109} INFO - Running <TaskInstance: green_taxi_gcs_dag.format_to_parquet_task scheduled__2019-10-02T00:00:00+00:00 [running]> on host 4f97b6b16bdb
[2022-02-09 20:45:02,259] {warnings.py:110} WARNING - /home/***/.local/lib/python3.7/site-packages/***/utils/context.py:152: AirflowContextDeprecationWarning: Accessing 'execution_date' from the template is deprecated and will be removed in a future version. Please use 'data_interval_start' or 'logical_date' instead.
  warnings.warn(_create_deprecation_warning(key, self._deprecation_replacements[key]))

[2022-02-09 20:45:02,446] {taskinstance.py:1426} INFO - Exporting the following env vars:
AIRFLOW_CTX_DAG_OWNER=***
AIRFLOW_CTX_DAG_ID=green_taxi_gcs_dag
AIRFLOW_CTX_TASK_ID=format_to_parquet_task
AIRFLOW_CTX_EXECUTION_DATE=2019-10-02T00:00:00+00:00
AIRFLOW_CTX_DAG_RUN_ID=scheduled__2019-10-02T00:00:00+00:00
[2022-02-09 20:45:04,594] {python.py:175} INFO - Done. Returned value was: None
[2022-02-09 20:45:04,662] {taskinstance.py:1277} INFO - Marking task as SUCCESS. dag_id=green_taxi_gcs_dag, task_id=format_to_parquet_task, execution_date=20191002T000000, start_date=20220209T204501, end_date=20220209T204504
[2022-02-09 20:45:04,878] {local_task_job.py:154} INFO - Task exited with return code 0
[2022-02-09 20:45:05,036] {local_task_job.py:264} INFO - 1 downstream tasks scheduled from follow-on schedule check
[2022-02-20 00:07:03,288] {taskinstance.py:1032} INFO - Dependencies all met for <TaskInstance: green_taxi_gcs_dag.format_to_parquet_task scheduled__2019-10-02T00:00:00+00:00 [queued]>
[2022-02-20 00:07:03,329] {taskinstance.py:1032} INFO - Dependencies all met for <TaskInstance: green_taxi_gcs_dag.format_to_parquet_task scheduled__2019-10-02T00:00:00+00:00 [queued]>
[2022-02-20 00:07:03,330] {taskinstance.py:1238} INFO - 
--------------------------------------------------------------------------------
[2022-02-20 00:07:03,332] {taskinstance.py:1239} INFO - Starting attempt 1 of 2
[2022-02-20 00:07:03,336] {taskinstance.py:1240} INFO - 
--------------------------------------------------------------------------------
[2022-02-20 00:07:03,402] {taskinstance.py:1259} INFO - Executing <Task(PythonOperator): format_to_parquet_task> on 2019-10-02 00:00:00+00:00
[2022-02-20 00:07:03,421] {standard_task_runner.py:76} INFO - Running: ['***', 'tasks', 'run', 'green_taxi_gcs_dag', 'format_to_parquet_task', 'scheduled__2019-10-02T00:00:00+00:00', '--job-id', '345', '--raw', '--subdir', 'DAGS_FOLDER/green_gcs_dag.py', '--cfg-path', '/tmp/tmplkbq1kip', '--error-file', '/tmp/tmp_kyurz0d']
[2022-02-20 00:07:03,427] {standard_task_runner.py:77} INFO - Job 345: Subtask format_to_parquet_task
[2022-02-20 00:07:03,431] {standard_task_runner.py:52} INFO - Started process 769 to run task
[2022-02-20 00:07:03,578] {logging_mixin.py:109} INFO - Running <TaskInstance: green_taxi_gcs_dag.format_to_parquet_task scheduled__2019-10-02T00:00:00+00:00 [running]> on host da07aa254901
[2022-02-20 00:07:03,712] {warnings.py:110} WARNING - /home/***/.local/lib/python3.7/site-packages/***/utils/context.py:152: AirflowContextDeprecationWarning: Accessing 'execution_date' from the template is deprecated and will be removed in a future version. Please use 'data_interval_start' or 'logical_date' instead.
  warnings.warn(_create_deprecation_warning(key, self._deprecation_replacements[key]))

[2022-02-20 00:07:03,785] {taskinstance.py:1426} INFO - Exporting the following env vars:
AIRFLOW_CTX_DAG_OWNER=***
AIRFLOW_CTX_DAG_ID=green_taxi_gcs_dag
AIRFLOW_CTX_TASK_ID=format_to_parquet_task
AIRFLOW_CTX_EXECUTION_DATE=2019-10-02T00:00:00+00:00
AIRFLOW_CTX_DAG_RUN_ID=scheduled__2019-10-02T00:00:00+00:00
[2022-02-20 00:07:05,035] {python.py:175} INFO - Done. Returned value was: None
[2022-02-20 00:07:05,054] {taskinstance.py:1277} INFO - Marking task as SUCCESS. dag_id=green_taxi_gcs_dag, task_id=format_to_parquet_task, execution_date=20191002T000000, start_date=20220220T000703, end_date=20220220T000705
[2022-02-20 00:07:05,230] {local_task_job.py:154} INFO - Task exited with return code 0
[2022-02-20 00:07:05,376] {local_task_job.py:264} INFO - 1 downstream tasks scheduled from follow-on schedule check
[2022-02-20 02:00:26,669] {taskinstance.py:1032} INFO - Dependencies all met for <TaskInstance: green_taxi_gcs_dag.format_to_parquet_task scheduled__2019-10-02T00:00:00+00:00 [queued]>
[2022-02-20 02:00:26,684] {taskinstance.py:1032} INFO - Dependencies all met for <TaskInstance: green_taxi_gcs_dag.format_to_parquet_task scheduled__2019-10-02T00:00:00+00:00 [queued]>
[2022-02-20 02:00:26,684] {taskinstance.py:1238} INFO - 
--------------------------------------------------------------------------------
[2022-02-20 02:00:26,684] {taskinstance.py:1239} INFO - Starting attempt 1 of 2
[2022-02-20 02:00:26,685] {taskinstance.py:1240} INFO - 
--------------------------------------------------------------------------------
[2022-02-20 02:00:26,698] {taskinstance.py:1259} INFO - Executing <Task(PythonOperator): format_to_parquet_task> on 2019-10-02 00:00:00+00:00
[2022-02-20 02:00:26,705] {standard_task_runner.py:52} INFO - Started process 437 to run task
[2022-02-20 02:00:26,709] {standard_task_runner.py:76} INFO - Running: ['***', 'tasks', 'run', 'green_taxi_gcs_dag', 'format_to_parquet_task', 'scheduled__2019-10-02T00:00:00+00:00', '--job-id', '550', '--raw', '--subdir', 'DAGS_FOLDER/green_gcs_dag.py', '--cfg-path', '/tmp/tmpdh2cr9ee', '--error-file', '/tmp/tmpx8unbyak']
[2022-02-20 02:00:26,710] {standard_task_runner.py:77} INFO - Job 550: Subtask format_to_parquet_task
[2022-02-20 02:00:26,785] {logging_mixin.py:109} INFO - Running <TaskInstance: green_taxi_gcs_dag.format_to_parquet_task scheduled__2019-10-02T00:00:00+00:00 [running]> on host 5484a3a1f7c3
[2022-02-20 02:00:26,851] {warnings.py:110} WARNING - /home/***/.local/lib/python3.7/site-packages/***/utils/context.py:152: AirflowContextDeprecationWarning: Accessing 'execution_date' from the template is deprecated and will be removed in a future version. Please use 'data_interval_start' or 'logical_date' instead.
  warnings.warn(_create_deprecation_warning(key, self._deprecation_replacements[key]))

[2022-02-20 02:00:26,875] {taskinstance.py:1426} INFO - Exporting the following env vars:
AIRFLOW_CTX_DAG_OWNER=***
AIRFLOW_CTX_DAG_ID=green_taxi_gcs_dag
AIRFLOW_CTX_TASK_ID=format_to_parquet_task
AIRFLOW_CTX_EXECUTION_DATE=2019-10-02T00:00:00+00:00
AIRFLOW_CTX_DAG_RUN_ID=scheduled__2019-10-02T00:00:00+00:00
[2022-02-20 02:00:28,090] {python.py:175} INFO - Done. Returned value was: None
[2022-02-20 02:00:28,116] {taskinstance.py:1277} INFO - Marking task as SUCCESS. dag_id=green_taxi_gcs_dag, task_id=format_to_parquet_task, execution_date=20191002T000000, start_date=20220220T020026, end_date=20220220T020028
[2022-02-20 02:00:28,186] {local_task_job.py:154} INFO - Task exited with return code 0
[2022-02-20 02:00:28,261] {local_task_job.py:264} INFO - 1 downstream tasks scheduled from follow-on schedule check
