[2022-02-03 15:18:04,185] {taskinstance.py:1032} INFO - Dependencies all met for <TaskInstance: yellow_taxi_gcs_dag.download_dataset_task scheduled__2019-01-16T00:00:00+00:00 [queued]>
[2022-02-03 15:18:04,204] {taskinstance.py:1032} INFO - Dependencies all met for <TaskInstance: yellow_taxi_gcs_dag.download_dataset_task scheduled__2019-01-16T00:00:00+00:00 [queued]>
[2022-02-03 15:18:04,204] {taskinstance.py:1238} INFO - 
--------------------------------------------------------------------------------
[2022-02-03 15:18:04,204] {taskinstance.py:1239} INFO - Starting attempt 1 of 2
[2022-02-03 15:18:04,205] {taskinstance.py:1240} INFO - 
--------------------------------------------------------------------------------
[2022-02-03 15:18:04,227] {taskinstance.py:1259} INFO - Executing <Task(BashOperator): download_dataset_task> on 2019-01-16 00:00:00+00:00
[2022-02-03 15:18:04,235] {standard_task_runner.py:52} INFO - Started process 3656 to run task
[2022-02-03 15:18:04,242] {standard_task_runner.py:76} INFO - Running: ['***', 'tasks', 'run', 'yellow_taxi_gcs_dag', 'download_dataset_task', 'scheduled__2019-01-16T00:00:00+00:00', '--job-id', '142', '--raw', '--subdir', 'DAGS_FOLDER/yellow_taxi_gcs_dag.py', '--cfg-path', '/tmp/tmp5ip648sa', '--error-file', '/tmp/tmpl1f7ym6u']
[2022-02-03 15:18:04,243] {standard_task_runner.py:77} INFO - Job 142: Subtask download_dataset_task
[2022-02-03 15:18:04,363] {logging_mixin.py:109} INFO - Running <TaskInstance: yellow_taxi_gcs_dag.download_dataset_task scheduled__2019-01-16T00:00:00+00:00 [running]> on host cd3baa871297
[2022-02-03 15:18:04,438] {warnings.py:110} WARNING - /home/***/.local/lib/python3.7/site-packages/***/utils/context.py:152: AirflowContextDeprecationWarning: Accessing 'execution_date' from the template is deprecated and will be removed in a future version. Please use 'data_interval_start' or 'logical_date' instead.
  warnings.warn(_create_deprecation_warning(key, self._deprecation_replacements[key]))

[2022-02-03 15:18:04,471] {taskinstance.py:1426} INFO - Exporting the following env vars:
AIRFLOW_CTX_DAG_OWNER=***
AIRFLOW_CTX_DAG_ID=yellow_taxi_gcs_dag
AIRFLOW_CTX_TASK_ID=download_dataset_task
AIRFLOW_CTX_EXECUTION_DATE=2019-01-16T00:00:00+00:00
AIRFLOW_CTX_DAG_RUN_ID=scheduled__2019-01-16T00:00:00+00:00
[2022-02-03 15:18:04,472] {subprocess.py:62} INFO - Tmp dir root location: 
 /tmp
[2022-02-03 15:18:04,473] {subprocess.py:74} INFO - Running command: ['bash', '-c', 'echo https://s3.amazonaws.com/nyc-tlc/trip+data/yellow_tripdata_2019-01.csv -  /opt/***/output_2019-01.csv | curl -sS https://s3.amazonaws.com/nyc-tlc/trip+data/yellow_tripdata_2019-01.csv > /opt/***/output_2019-01.csv']
[2022-02-03 15:18:04,491] {subprocess.py:85} INFO - Output:
[2022-02-03 15:19:05,987] {subprocess.py:93} INFO - Command exited with return code 0
[2022-02-03 15:19:06,049] {taskinstance.py:1277} INFO - Marking task as SUCCESS. dag_id=yellow_taxi_gcs_dag, task_id=download_dataset_task, execution_date=20190116T000000, start_date=20220203T151804, end_date=20220203T151906
[2022-02-03 15:19:06,109] {local_task_job.py:154} INFO - Task exited with return code 0
[2022-02-03 15:19:06,140] {local_task_job.py:264} INFO - 0 downstream tasks scheduled from follow-on schedule check
