[2022-02-03 13:18:22,713] {taskinstance.py:1032} INFO - Dependencies all met for <TaskInstance: yellow_taxi_gcs_dag.delete_the_local_file scheduled__2022-02-02T00:00:00+00:00 [queued]>
[2022-02-03 13:18:22,741] {taskinstance.py:1032} INFO - Dependencies all met for <TaskInstance: yellow_taxi_gcs_dag.delete_the_local_file scheduled__2022-02-02T00:00:00+00:00 [queued]>
[2022-02-03 13:18:22,742] {taskinstance.py:1238} INFO - 
--------------------------------------------------------------------------------
[2022-02-03 13:18:22,742] {taskinstance.py:1239} INFO - Starting attempt 1 of 2
[2022-02-03 13:18:22,742] {taskinstance.py:1240} INFO - 
--------------------------------------------------------------------------------
[2022-02-03 13:18:22,778] {taskinstance.py:1259} INFO - Executing <Task(PythonOperator): delete_the_local_file> on 2022-02-02 00:00:00+00:00
[2022-02-03 13:18:22,793] {standard_task_runner.py:52} INFO - Started process 257 to run task
[2022-02-03 13:18:22,808] {standard_task_runner.py:76} INFO - Running: ['***', 'tasks', 'run', 'yellow_taxi_gcs_dag', 'delete_the_local_file', 'scheduled__2022-02-02T00:00:00+00:00', '--job-id', '8', '--raw', '--subdir', 'DAGS_FOLDER/yellow_taxi_gcs_dag.py', '--cfg-path', '/tmp/tmpa77l1sbq', '--error-file', '/tmp/tmpqj_2d_h3']
[2022-02-03 13:18:22,809] {standard_task_runner.py:77} INFO - Job 8: Subtask delete_the_local_file
[2022-02-03 13:18:22,933] {logging_mixin.py:109} INFO - Running <TaskInstance: yellow_taxi_gcs_dag.delete_the_local_file scheduled__2022-02-02T00:00:00+00:00 [running]> on host 2b92176b720f
[2022-02-03 13:18:23,070] {taskinstance.py:1426} INFO - Exporting the following env vars:
AIRFLOW_CTX_DAG_OWNER=***
AIRFLOW_CTX_DAG_ID=yellow_taxi_gcs_dag
AIRFLOW_CTX_TASK_ID=delete_the_local_file
AIRFLOW_CTX_EXECUTION_DATE=2022-02-02T00:00:00+00:00
AIRFLOW_CTX_DAG_RUN_ID=scheduled__2022-02-02T00:00:00+00:00
[2022-02-03 13:18:23,071] {logging_mixin.py:109} INFO - ['logs', 'dags', '***-worker.pid', '***.cfg', 'yellow_tripdata_2019-01.csv', 'yellow_tripdata_2019-01.parquet', 'webserver_config.py', 'plugins', 'requirements.txt']
[2022-02-03 13:18:23,112] {logging_mixin.py:109} INFO - ['logs', 'dags', '***-worker.pid', '***.cfg', 'yellow_tripdata_2019-01.parquet', 'webserver_config.py', 'plugins', 'requirements.txt']
[2022-02-03 13:18:23,112] {python.py:175} INFO - Done. Returned value was: None
[2022-02-03 13:18:23,141] {taskinstance.py:1277} INFO - Marking task as SUCCESS. dag_id=yellow_taxi_gcs_dag, task_id=delete_the_local_file, execution_date=20220202T000000, start_date=20220203T131822, end_date=20220203T131823
[2022-02-03 13:18:23,219] {local_task_job.py:154} INFO - Task exited with return code 0
[2022-02-03 13:18:23,294] {local_task_job.py:264} INFO - 0 downstream tasks scheduled from follow-on schedule check
