[2022-02-03 14:03:31,195] {taskinstance.py:1032} INFO - Dependencies all met for <TaskInstance: LocalIngestionDag.wget manual__2022-02-03T14:03:30.184906+00:00 [queued]>
[2022-02-03 14:03:31,291] {taskinstance.py:1032} INFO - Dependencies all met for <TaskInstance: LocalIngestionDag.wget manual__2022-02-03T14:03:30.184906+00:00 [queued]>
[2022-02-03 14:03:31,291] {taskinstance.py:1238} INFO - 
--------------------------------------------------------------------------------
[2022-02-03 14:03:31,291] {taskinstance.py:1239} INFO - Starting attempt 1 of 1
[2022-02-03 14:03:31,291] {taskinstance.py:1240} INFO - 
--------------------------------------------------------------------------------
[2022-02-03 14:03:31,350] {taskinstance.py:1259} INFO - Executing <Task(BashOperator): wget> on 2022-02-03 14:03:30.184906+00:00
[2022-02-03 14:03:31,363] {standard_task_runner.py:52} INFO - Started process 315 to run task
[2022-02-03 14:03:31,377] {standard_task_runner.py:76} INFO - Running: ['***', 'tasks', 'run', 'LocalIngestionDag', 'wget', 'manual__2022-02-03T14:03:30.184906+00:00', '--job-id', '110', '--raw', '--subdir', 'DAGS_FOLDER/data_ingestion_localDB_dag.py', '--cfg-path', '/tmp/tmp31hk3oso', '--error-file', '/tmp/tmp370lqib4']
[2022-02-03 14:03:31,388] {standard_task_runner.py:77} INFO - Job 110: Subtask wget
[2022-02-03 14:03:31,577] {logging_mixin.py:109} INFO - Running <TaskInstance: LocalIngestionDag.wget manual__2022-02-03T14:03:30.184906+00:00 [running]> on host cd3baa871297
[2022-02-03 14:03:31,714] {warnings.py:110} WARNING - /home/***/.local/lib/python3.7/site-packages/***/utils/context.py:152: AirflowContextDeprecationWarning: Accessing 'execution_date' from the template is deprecated and will be removed in a future version. Please use 'data_interval_start' or 'logical_date' instead.
  warnings.warn(_create_deprecation_warning(key, self._deprecation_replacements[key]))

[2022-02-03 14:03:31,891] {taskinstance.py:1426} INFO - Exporting the following env vars:
AIRFLOW_CTX_DAG_OWNER=***
AIRFLOW_CTX_DAG_ID=LocalIngestionDag
AIRFLOW_CTX_TASK_ID=wget
AIRFLOW_CTX_EXECUTION_DATE=2022-02-03T14:03:30.184906+00:00
AIRFLOW_CTX_DAG_RUN_ID=manual__2022-02-03T14:03:30.184906+00:00
[2022-02-03 14:03:31,892] {subprocess.py:62} INFO - Tmp dir root location: 
 /tmp
[2022-02-03 14:03:31,892] {subprocess.py:74} INFO - Running command: ['bash', '-c', 'echo "2022-02"']
[2022-02-03 14:03:31,935] {subprocess.py:85} INFO - Output:
[2022-02-03 14:03:31,949] {subprocess.py:89} INFO - 2022-02
[2022-02-03 14:03:31,950] {subprocess.py:93} INFO - Command exited with return code 0
[2022-02-03 14:03:32,071] {taskinstance.py:1277} INFO - Marking task as SUCCESS. dag_id=LocalIngestionDag, task_id=wget, execution_date=20220203T140330, start_date=20220203T140331, end_date=20220203T140332
[2022-02-03 14:03:32,181] {local_task_job.py:154} INFO - Task exited with return code 0
[2022-02-03 14:03:32,484] {local_task_job.py:264} INFO - 0 downstream tasks scheduled from follow-on schedule check
