[2022-02-03 18:17:42,036] {taskinstance.py:1032} INFO - Dependencies all met for <TaskInstance: fhv_gcs_dag.format_to_parquet_task scheduled__2019-06-02T00:00:00+00:00 [queued]>
[2022-02-03 18:17:42,057] {taskinstance.py:1032} INFO - Dependencies all met for <TaskInstance: fhv_gcs_dag.format_to_parquet_task scheduled__2019-06-02T00:00:00+00:00 [queued]>
[2022-02-03 18:17:42,058] {taskinstance.py:1238} INFO - 
--------------------------------------------------------------------------------
[2022-02-03 18:17:42,059] {taskinstance.py:1239} INFO - Starting attempt 1 of 2
[2022-02-03 18:17:42,059] {taskinstance.py:1240} INFO - 
--------------------------------------------------------------------------------
[2022-02-03 18:17:42,080] {taskinstance.py:1259} INFO - Executing <Task(PythonOperator): format_to_parquet_task> on 2019-06-02 00:00:00+00:00
[2022-02-03 18:17:42,086] {standard_task_runner.py:52} INFO - Started process 1101 to run task
[2022-02-03 18:17:42,090] {standard_task_runner.py:76} INFO - Running: ['***', 'tasks', 'run', 'fhv_gcs_dag', 'format_to_parquet_task', 'scheduled__2019-06-02T00:00:00+00:00', '--job-id', '169', '--raw', '--subdir', 'DAGS_FOLDER/fhv_gcs_dag.py', '--cfg-path', '/tmp/tmpj3nczb_l', '--error-file', '/tmp/tmp5j24cl5j']
[2022-02-03 18:17:42,091] {standard_task_runner.py:77} INFO - Job 169: Subtask format_to_parquet_task
[2022-02-03 18:17:42,157] {logging_mixin.py:109} INFO - Running <TaskInstance: fhv_gcs_dag.format_to_parquet_task scheduled__2019-06-02T00:00:00+00:00 [running]> on host bd2f56b76e32
[2022-02-03 18:17:42,204] {warnings.py:110} WARNING - /home/***/.local/lib/python3.7/site-packages/***/utils/context.py:152: AirflowContextDeprecationWarning: Accessing 'execution_date' from the template is deprecated and will be removed in a future version. Please use 'data_interval_start' or 'logical_date' instead.
  warnings.warn(_create_deprecation_warning(key, self._deprecation_replacements[key]))

[2022-02-03 18:17:42,245] {taskinstance.py:1426} INFO - Exporting the following env vars:
AIRFLOW_CTX_DAG_OWNER=***
AIRFLOW_CTX_DAG_ID=fhv_gcs_dag
AIRFLOW_CTX_TASK_ID=format_to_parquet_task
AIRFLOW_CTX_EXECUTION_DATE=2019-06-02T00:00:00+00:00
AIRFLOW_CTX_DAG_RUN_ID=scheduled__2019-06-02T00:00:00+00:00
[2022-02-03 18:17:43,327] {python.py:175} INFO - Done. Returned value was: None
[2022-02-03 18:17:43,345] {taskinstance.py:1277} INFO - Marking task as SUCCESS. dag_id=fhv_gcs_dag, task_id=format_to_parquet_task, execution_date=20190602T000000, start_date=20220203T181742, end_date=20220203T181743
[2022-02-03 18:17:43,457] {local_task_job.py:154} INFO - Task exited with return code 0
[2022-02-03 18:17:43,526] {local_task_job.py:264} INFO - 1 downstream tasks scheduled from follow-on schedule check
[2022-02-19 23:57:50,891] {taskinstance.py:1032} INFO - Dependencies all met for <TaskInstance: fhv_gcs_dag.format_to_parquet_task scheduled__2019-06-02T00:00:00+00:00 [queued]>
[2022-02-19 23:57:50,913] {taskinstance.py:1032} INFO - Dependencies all met for <TaskInstance: fhv_gcs_dag.format_to_parquet_task scheduled__2019-06-02T00:00:00+00:00 [queued]>
[2022-02-19 23:57:50,913] {taskinstance.py:1238} INFO - 
--------------------------------------------------------------------------------
[2022-02-19 23:57:50,913] {taskinstance.py:1239} INFO - Starting attempt 1 of 2
[2022-02-19 23:57:50,913] {taskinstance.py:1240} INFO - 
--------------------------------------------------------------------------------
[2022-02-19 23:57:50,941] {taskinstance.py:1259} INFO - Executing <Task(PythonOperator): format_to_parquet_task> on 2019-06-02 00:00:00+00:00
[2022-02-19 23:57:50,947] {standard_task_runner.py:52} INFO - Started process 89 to run task
[2022-02-19 23:57:50,974] {standard_task_runner.py:76} INFO - Running: ['***', 'tasks', 'run', 'fhv_gcs_dag', 'format_to_parquet_task', 'scheduled__2019-06-02T00:00:00+00:00', '--job-id', '286', '--raw', '--subdir', 'DAGS_FOLDER/fhv_gcs_dag.py', '--cfg-path', '/tmp/tmpqlkt1dlz', '--error-file', '/tmp/tmpf5xfk9ly']
[2022-02-19 23:57:50,975] {standard_task_runner.py:77} INFO - Job 286: Subtask format_to_parquet_task
[2022-02-19 23:57:51,150] {logging_mixin.py:109} INFO - Running <TaskInstance: fhv_gcs_dag.format_to_parquet_task scheduled__2019-06-02T00:00:00+00:00 [running]> on host da07aa254901
[2022-02-19 23:57:51,248] {warnings.py:110} WARNING - /home/***/.local/lib/python3.7/site-packages/***/utils/context.py:152: AirflowContextDeprecationWarning: Accessing 'execution_date' from the template is deprecated and will be removed in a future version. Please use 'data_interval_start' or 'logical_date' instead.
  warnings.warn(_create_deprecation_warning(key, self._deprecation_replacements[key]))

[2022-02-19 23:57:51,285] {taskinstance.py:1426} INFO - Exporting the following env vars:
AIRFLOW_CTX_DAG_OWNER=***
AIRFLOW_CTX_DAG_ID=fhv_gcs_dag
AIRFLOW_CTX_TASK_ID=format_to_parquet_task
AIRFLOW_CTX_EXECUTION_DATE=2019-06-02T00:00:00+00:00
AIRFLOW_CTX_DAG_RUN_ID=scheduled__2019-06-02T00:00:00+00:00
[2022-02-19 23:57:52,916] {python.py:175} INFO - Done. Returned value was: None
[2022-02-19 23:57:52,963] {taskinstance.py:1277} INFO - Marking task as SUCCESS. dag_id=fhv_gcs_dag, task_id=format_to_parquet_task, execution_date=20190602T000000, start_date=20220219T235750, end_date=20220219T235752
[2022-02-19 23:57:53,062] {local_task_job.py:154} INFO - Task exited with return code 0
[2022-02-19 23:57:53,169] {local_task_job.py:264} INFO - 1 downstream tasks scheduled from follow-on schedule check
[2022-02-23 19:31:17,719] {taskinstance.py:1032} INFO - Dependencies all met for <TaskInstance: fhv_gcs_dag.format_to_parquet_task scheduled__2019-06-02T00:00:00+00:00 [queued]>
[2022-02-23 19:31:17,732] {taskinstance.py:1032} INFO - Dependencies all met for <TaskInstance: fhv_gcs_dag.format_to_parquet_task scheduled__2019-06-02T00:00:00+00:00 [queued]>
[2022-02-23 19:31:17,732] {taskinstance.py:1238} INFO - 
--------------------------------------------------------------------------------
[2022-02-23 19:31:17,732] {taskinstance.py:1239} INFO - Starting attempt 1 of 2
[2022-02-23 19:31:17,733] {taskinstance.py:1240} INFO - 
--------------------------------------------------------------------------------
[2022-02-23 19:31:17,747] {taskinstance.py:1259} INFO - Executing <Task(PythonOperator): format_to_parquet_task> on 2019-06-02 00:00:00+00:00
[2022-02-23 19:31:17,754] {standard_task_runner.py:52} INFO - Started process 732 to run task
[2022-02-23 19:31:17,758] {standard_task_runner.py:76} INFO - Running: ['***', 'tasks', 'run', 'fhv_gcs_dag', 'format_to_parquet_task', 'scheduled__2019-06-02T00:00:00+00:00', '--job-id', '647', '--raw', '--subdir', 'DAGS_FOLDER/fhv_gcs_dag.py', '--cfg-path', '/tmp/tmpjxr81lxl', '--error-file', '/tmp/tmp6ftnp2k9']
[2022-02-23 19:31:17,759] {standard_task_runner.py:77} INFO - Job 647: Subtask format_to_parquet_task
[2022-02-23 19:31:17,822] {logging_mixin.py:109} INFO - Running <TaskInstance: fhv_gcs_dag.format_to_parquet_task scheduled__2019-06-02T00:00:00+00:00 [running]> on host 537c9393f0b3
[2022-02-23 19:31:17,858] {warnings.py:110} WARNING - /home/***/.local/lib/python3.7/site-packages/***/utils/context.py:152: AirflowContextDeprecationWarning: Accessing 'execution_date' from the template is deprecated and will be removed in a future version. Please use 'data_interval_start' or 'logical_date' instead.
  warnings.warn(_create_deprecation_warning(key, self._deprecation_replacements[key]))

[2022-02-23 19:31:17,879] {taskinstance.py:1426} INFO - Exporting the following env vars:
AIRFLOW_CTX_DAG_OWNER=***
AIRFLOW_CTX_DAG_ID=fhv_gcs_dag
AIRFLOW_CTX_TASK_ID=format_to_parquet_task
AIRFLOW_CTX_EXECUTION_DATE=2019-06-02T00:00:00+00:00
AIRFLOW_CTX_DAG_RUN_ID=scheduled__2019-06-02T00:00:00+00:00
[2022-02-23 19:31:19,103] {python.py:175} INFO - Done. Returned value was: None
[2022-02-23 19:31:19,127] {taskinstance.py:1277} INFO - Marking task as SUCCESS. dag_id=fhv_gcs_dag, task_id=format_to_parquet_task, execution_date=20190602T000000, start_date=20220223T193117, end_date=20220223T193119
[2022-02-23 19:31:19,218] {local_task_job.py:154} INFO - Task exited with return code 0
[2022-02-23 19:31:19,267] {local_task_job.py:264} INFO - 1 downstream tasks scheduled from follow-on schedule check
[2022-02-23 20:41:53,526] {taskinstance.py:1032} INFO - Dependencies all met for <TaskInstance: fhv_gcs_dag.format_to_parquet_task scheduled__2019-06-02T00:00:00+00:00 [queued]>
[2022-02-23 20:41:53,546] {taskinstance.py:1032} INFO - Dependencies all met for <TaskInstance: fhv_gcs_dag.format_to_parquet_task scheduled__2019-06-02T00:00:00+00:00 [queued]>
[2022-02-23 20:41:53,546] {taskinstance.py:1238} INFO - 
--------------------------------------------------------------------------------
[2022-02-23 20:41:53,546] {taskinstance.py:1239} INFO - Starting attempt 1 of 2
[2022-02-23 20:41:53,546] {taskinstance.py:1240} INFO - 
--------------------------------------------------------------------------------
[2022-02-23 20:41:53,568] {taskinstance.py:1259} INFO - Executing <Task(PythonOperator): format_to_parquet_task> on 2019-06-02 00:00:00+00:00
[2022-02-23 20:41:53,576] {standard_task_runner.py:52} INFO - Started process 356 to run task
[2022-02-23 20:41:53,581] {standard_task_runner.py:76} INFO - Running: ['***', 'tasks', 'run', 'fhv_gcs_dag', 'format_to_parquet_task', 'scheduled__2019-06-02T00:00:00+00:00', '--job-id', '21', '--raw', '--subdir', 'DAGS_FOLDER/fhv_gcs_dag.py', '--cfg-path', '/tmp/tmpuywzsg6y', '--error-file', '/tmp/tmpnq74oaph']
[2022-02-23 20:41:53,582] {standard_task_runner.py:77} INFO - Job 21: Subtask format_to_parquet_task
[2022-02-23 20:41:53,679] {logging_mixin.py:109} INFO - Running <TaskInstance: fhv_gcs_dag.format_to_parquet_task scheduled__2019-06-02T00:00:00+00:00 [running]> on host 1c172e0325c8
[2022-02-23 20:41:53,753] {warnings.py:110} WARNING - /home/***/.local/lib/python3.7/site-packages/***/utils/context.py:152: AirflowContextDeprecationWarning: Accessing 'execution_date' from the template is deprecated and will be removed in a future version. Please use 'data_interval_start' or 'logical_date' instead.
  warnings.warn(_create_deprecation_warning(key, self._deprecation_replacements[key]))

[2022-02-23 20:41:53,778] {taskinstance.py:1426} INFO - Exporting the following env vars:
AIRFLOW_CTX_DAG_OWNER=***
AIRFLOW_CTX_DAG_ID=fhv_gcs_dag
AIRFLOW_CTX_TASK_ID=format_to_parquet_task
AIRFLOW_CTX_EXECUTION_DATE=2019-06-02T00:00:00+00:00
AIRFLOW_CTX_DAG_RUN_ID=scheduled__2019-06-02T00:00:00+00:00
[2022-02-23 20:41:56,975] {python.py:175} INFO - Done. Returned value was: None
[2022-02-23 20:41:57,027] {taskinstance.py:1277} INFO - Marking task as SUCCESS. dag_id=fhv_gcs_dag, task_id=format_to_parquet_task, execution_date=20190602T000000, start_date=20220223T204153, end_date=20220223T204157
[2022-02-23 20:41:57,108] {local_task_job.py:154} INFO - Task exited with return code 0
[2022-02-23 20:41:57,173] {local_task_job.py:264} INFO - 1 downstream tasks scheduled from follow-on schedule check
