[2022-02-03 13:15:55,448] {taskinstance.py:1032} INFO - Dependencies all met for <TaskInstance: yellow_taxi_gcs_dag.download_dataset_task manual__2022-02-03T13:15:25.753926+00:00 [None]>
[2022-02-03 13:15:55,520] {taskinstance.py:1032} INFO - Dependencies all met for <TaskInstance: yellow_taxi_gcs_dag.download_dataset_task manual__2022-02-03T13:15:25.753926+00:00 [None]>
[2022-02-03 13:15:55,520] {taskinstance.py:1238} INFO - 
--------------------------------------------------------------------------------
[2022-02-03 13:15:55,520] {taskinstance.py:1239} INFO - Starting attempt 1 of 2
[2022-02-03 13:15:55,520] {taskinstance.py:1240} INFO - 
--------------------------------------------------------------------------------
[2022-02-03 13:15:55,593] {taskinstance.py:1259} INFO - Executing <Task(BashOperator): download_dataset_task> on 2022-02-03 13:15:25.753926+00:00
[2022-02-03 13:15:55,615] {standard_task_runner.py:52} INFO - Started process 167 to run task
[2022-02-03 13:15:55,641] {standard_task_runner.py:76} INFO - Running: ['***', 'tasks', 'run', 'yellow_taxi_gcs_dag', 'download_dataset_task', 'manual__2022-02-03T13:15:25.753926+00:00', '--job-id', '5', '--pool', 'default_pool', '--raw', '--subdir', 'DAGS_FOLDER/yellow_taxi_gcs_dag.py', '--cfg-path', '/tmp/tmp3wabiavy', '--error-file', '/tmp/tmppud0dvf5']
[2022-02-03 13:15:55,643] {standard_task_runner.py:77} INFO - Job 5: Subtask download_dataset_task
[2022-02-03 13:15:55,869] {logging_mixin.py:109} INFO - Running <TaskInstance: yellow_taxi_gcs_dag.download_dataset_task manual__2022-02-03T13:15:25.753926+00:00 [running]> on host 2b92176b720f
[2022-02-03 13:15:56,057] {taskinstance.py:1426} INFO - Exporting the following env vars:
AIRFLOW_CTX_DAG_OWNER=***
AIRFLOW_CTX_DAG_ID=yellow_taxi_gcs_dag
AIRFLOW_CTX_TASK_ID=download_dataset_task
AIRFLOW_CTX_EXECUTION_DATE=2022-02-03T13:15:25.753926+00:00
AIRFLOW_CTX_DAG_RUN_ID=manual__2022-02-03T13:15:25.753926+00:00
[2022-02-03 13:15:56,060] {subprocess.py:62} INFO - Tmp dir root location: 
 /tmp
[2022-02-03 13:15:56,060] {subprocess.py:74} INFO - Running command: ['bash', '-c', 'curl -sS https://s3.amazonaws.com/nyc-tlc/trip+data/yellow_tripdata_2019-01.csv > /opt/***/yellow_tripdata_2019-01.csv']
[2022-02-03 13:15:56,092] {subprocess.py:85} INFO - Output:
[2022-02-03 13:17:47,703] {subprocess.py:93} INFO - Command exited with return code 0
[2022-02-03 13:17:47,906] {taskinstance.py:1277} INFO - Marking task as SUCCESS. dag_id=yellow_taxi_gcs_dag, task_id=download_dataset_task, execution_date=20220203T131525, start_date=20220203T131555, end_date=20220203T131747
[2022-02-03 13:17:48,006] {local_task_job.py:154} INFO - Task exited with return code 0
[2022-02-03 13:17:48,206] {local_task_job.py:264} INFO - 1 downstream tasks scheduled from follow-on schedule check
