[2022-02-03 17:24:43,626] {taskinstance.py:1032} INFO - Dependencies all met for <TaskInstance: yellow_taxi_gcs_dag.local_to_gcs_task scheduled__2019-12-02T00:00:00+00:00 [queued]>
[2022-02-03 17:24:43,641] {taskinstance.py:1032} INFO - Dependencies all met for <TaskInstance: yellow_taxi_gcs_dag.local_to_gcs_task scheduled__2019-12-02T00:00:00+00:00 [queued]>
[2022-02-03 17:24:43,641] {taskinstance.py:1238} INFO - 
--------------------------------------------------------------------------------
[2022-02-03 17:24:43,641] {taskinstance.py:1239} INFO - Starting attempt 1 of 2
[2022-02-03 17:24:43,641] {taskinstance.py:1240} INFO - 
--------------------------------------------------------------------------------
[2022-02-03 17:24:43,659] {taskinstance.py:1259} INFO - Executing <Task(PythonOperator): local_to_gcs_task> on 2019-12-02 00:00:00+00:00
[2022-02-03 17:24:43,667] {standard_task_runner.py:52} INFO - Started process 2920 to run task
[2022-02-03 17:24:43,671] {standard_task_runner.py:76} INFO - Running: ['***', 'tasks', 'run', 'yellow_taxi_gcs_dag', 'local_to_gcs_task', 'scheduled__2019-12-02T00:00:00+00:00', '--job-id', '92', '--raw', '--subdir', 'DAGS_FOLDER/yellow_taxi_gcs_dag.py', '--cfg-path', '/tmp/tmpgxpyfz_w', '--error-file', '/tmp/tmpan5rgpfe']
[2022-02-03 17:24:43,673] {standard_task_runner.py:77} INFO - Job 92: Subtask local_to_gcs_task
[2022-02-03 17:24:43,754] {logging_mixin.py:109} INFO - Running <TaskInstance: yellow_taxi_gcs_dag.local_to_gcs_task scheduled__2019-12-02T00:00:00+00:00 [running]> on host 7e458922b35d
[2022-02-03 17:24:43,814] {warnings.py:110} WARNING - /home/***/.local/lib/python3.7/site-packages/***/utils/context.py:152: AirflowContextDeprecationWarning: Accessing 'execution_date' from the template is deprecated and will be removed in a future version. Please use 'data_interval_start' or 'logical_date' instead.
  warnings.warn(_create_deprecation_warning(key, self._deprecation_replacements[key]))

[2022-02-03 17:24:43,842] {taskinstance.py:1426} INFO - Exporting the following env vars:
AIRFLOW_CTX_DAG_OWNER=***
AIRFLOW_CTX_DAG_ID=yellow_taxi_gcs_dag
AIRFLOW_CTX_TASK_ID=local_to_gcs_task
AIRFLOW_CTX_EXECUTION_DATE=2019-12-02T00:00:00+00:00
AIRFLOW_CTX_DAG_RUN_ID=scheduled__2019-12-02T00:00:00+00:00
[2022-02-03 17:24:58,069] {python.py:175} INFO - Done. Returned value was: None
[2022-02-03 17:24:58,084] {taskinstance.py:1277} INFO - Marking task as SUCCESS. dag_id=yellow_taxi_gcs_dag, task_id=local_to_gcs_task, execution_date=20191202T000000, start_date=20220203T172443, end_date=20220203T172458
[2022-02-03 17:24:58,124] {local_task_job.py:154} INFO - Task exited with return code 0
[2022-02-03 17:24:58,164] {local_task_job.py:264} INFO - 1 downstream tasks scheduled from follow-on schedule check
[2022-02-20 00:28:55,617] {taskinstance.py:1032} INFO - Dependencies all met for <TaskInstance: yellow_taxi_gcs_dag.local_to_gcs_task scheduled__2019-12-02T00:00:00+00:00 [queued]>
[2022-02-20 00:28:55,645] {taskinstance.py:1032} INFO - Dependencies all met for <TaskInstance: yellow_taxi_gcs_dag.local_to_gcs_task scheduled__2019-12-02T00:00:00+00:00 [queued]>
[2022-02-20 00:28:55,645] {taskinstance.py:1238} INFO - 
--------------------------------------------------------------------------------
[2022-02-20 00:28:55,645] {taskinstance.py:1239} INFO - Starting attempt 1 of 2
[2022-02-20 00:28:55,645] {taskinstance.py:1240} INFO - 
--------------------------------------------------------------------------------
[2022-02-20 00:28:55,664] {taskinstance.py:1259} INFO - Executing <Task(PythonOperator): local_to_gcs_task> on 2019-12-02 00:00:00+00:00
[2022-02-20 00:28:55,671] {standard_task_runner.py:52} INFO - Started process 2179 to run task
[2022-02-20 00:28:55,677] {standard_task_runner.py:76} INFO - Running: ['***', 'tasks', 'run', 'yellow_taxi_gcs_dag', 'local_to_gcs_task', 'scheduled__2019-12-02T00:00:00+00:00', '--job-id', '465', '--raw', '--subdir', 'DAGS_FOLDER/yellow_taxi_gcs_dag.py', '--cfg-path', '/tmp/tmp712r6pxk', '--error-file', '/tmp/tmpxfr98nkt']
[2022-02-20 00:28:55,679] {standard_task_runner.py:77} INFO - Job 465: Subtask local_to_gcs_task
[2022-02-20 00:28:55,829] {logging_mixin.py:109} INFO - Running <TaskInstance: yellow_taxi_gcs_dag.local_to_gcs_task scheduled__2019-12-02T00:00:00+00:00 [running]> on host da07aa254901
[2022-02-20 00:28:55,899] {warnings.py:110} WARNING - /home/***/.local/lib/python3.7/site-packages/***/utils/context.py:152: AirflowContextDeprecationWarning: Accessing 'execution_date' from the template is deprecated and will be removed in a future version. Please use 'data_interval_start' or 'logical_date' instead.
  warnings.warn(_create_deprecation_warning(key, self._deprecation_replacements[key]))

[2022-02-20 00:28:55,970] {taskinstance.py:1426} INFO - Exporting the following env vars:
AIRFLOW_CTX_DAG_OWNER=***
AIRFLOW_CTX_DAG_ID=yellow_taxi_gcs_dag
AIRFLOW_CTX_TASK_ID=local_to_gcs_task
AIRFLOW_CTX_EXECUTION_DATE=2019-12-02T00:00:00+00:00
AIRFLOW_CTX_DAG_RUN_ID=scheduled__2019-12-02T00:00:00+00:00
[2022-02-20 00:29:17,458] {python.py:175} INFO - Done. Returned value was: None
[2022-02-20 00:29:17,489] {taskinstance.py:1277} INFO - Marking task as SUCCESS. dag_id=yellow_taxi_gcs_dag, task_id=local_to_gcs_task, execution_date=20191202T000000, start_date=20220220T002855, end_date=20220220T002917
[2022-02-20 00:29:17,555] {local_task_job.py:154} INFO - Task exited with return code 0
[2022-02-20 00:29:17,622] {local_task_job.py:264} INFO - 1 downstream tasks scheduled from follow-on schedule check
