[2022-02-03 17:20:20,057] {taskinstance.py:1032} INFO - Dependencies all met for <TaskInstance: yellow_taxi_gcs_dag.format_to_parquet_task scheduled__2019-07-02T00:00:00+00:00 [queued]>
[2022-02-03 17:20:20,073] {taskinstance.py:1032} INFO - Dependencies all met for <TaskInstance: yellow_taxi_gcs_dag.format_to_parquet_task scheduled__2019-07-02T00:00:00+00:00 [queued]>
[2022-02-03 17:20:20,074] {taskinstance.py:1238} INFO - 
--------------------------------------------------------------------------------
[2022-02-03 17:20:20,074] {taskinstance.py:1239} INFO - Starting attempt 1 of 2
[2022-02-03 17:20:20,074] {taskinstance.py:1240} INFO - 
--------------------------------------------------------------------------------
[2022-02-03 17:20:20,091] {taskinstance.py:1259} INFO - Executing <Task(PythonOperator): format_to_parquet_task> on 2019-07-02 00:00:00+00:00
[2022-02-03 17:20:20,098] {standard_task_runner.py:52} INFO - Started process 2611 to run task
[2022-02-03 17:20:20,102] {standard_task_runner.py:76} INFO - Running: ['***', 'tasks', 'run', 'yellow_taxi_gcs_dag', 'format_to_parquet_task', 'scheduled__2019-07-02T00:00:00+00:00', '--job-id', '71', '--raw', '--subdir', 'DAGS_FOLDER/yellow_taxi_gcs_dag.py', '--cfg-path', '/tmp/tmpkudzcrh1', '--error-file', '/tmp/tmpqr2n19u2']
[2022-02-03 17:20:20,103] {standard_task_runner.py:77} INFO - Job 71: Subtask format_to_parquet_task
[2022-02-03 17:20:20,175] {logging_mixin.py:109} INFO - Running <TaskInstance: yellow_taxi_gcs_dag.format_to_parquet_task scheduled__2019-07-02T00:00:00+00:00 [running]> on host 7e458922b35d
[2022-02-03 17:20:20,231] {warnings.py:110} WARNING - /home/***/.local/lib/python3.7/site-packages/***/utils/context.py:152: AirflowContextDeprecationWarning: Accessing 'execution_date' from the template is deprecated and will be removed in a future version. Please use 'data_interval_start' or 'logical_date' instead.
  warnings.warn(_create_deprecation_warning(key, self._deprecation_replacements[key]))

[2022-02-03 17:20:20,252] {taskinstance.py:1426} INFO - Exporting the following env vars:
AIRFLOW_CTX_DAG_OWNER=***
AIRFLOW_CTX_DAG_ID=yellow_taxi_gcs_dag
AIRFLOW_CTX_TASK_ID=format_to_parquet_task
AIRFLOW_CTX_EXECUTION_DATE=2019-07-02T00:00:00+00:00
AIRFLOW_CTX_DAG_RUN_ID=scheduled__2019-07-02T00:00:00+00:00
[2022-02-03 17:20:30,809] {python.py:175} INFO - Done. Returned value was: None
[2022-02-03 17:20:30,823] {taskinstance.py:1277} INFO - Marking task as SUCCESS. dag_id=yellow_taxi_gcs_dag, task_id=format_to_parquet_task, execution_date=20190702T000000, start_date=20220203T172020, end_date=20220203T172030
[2022-02-03 17:20:31,033] {local_task_job.py:154} INFO - Task exited with return code 0
[2022-02-03 17:20:31,089] {local_task_job.py:264} INFO - 0 downstream tasks scheduled from follow-on schedule check
[2022-02-20 00:22:01,396] {taskinstance.py:1032} INFO - Dependencies all met for <TaskInstance: yellow_taxi_gcs_dag.format_to_parquet_task scheduled__2019-07-02T00:00:00+00:00 [queued]>
[2022-02-20 00:22:01,417] {taskinstance.py:1032} INFO - Dependencies all met for <TaskInstance: yellow_taxi_gcs_dag.format_to_parquet_task scheduled__2019-07-02T00:00:00+00:00 [queued]>
[2022-02-20 00:22:01,418] {taskinstance.py:1238} INFO - 
--------------------------------------------------------------------------------
[2022-02-20 00:22:01,418] {taskinstance.py:1239} INFO - Starting attempt 1 of 2
[2022-02-20 00:22:01,418] {taskinstance.py:1240} INFO - 
--------------------------------------------------------------------------------
[2022-02-20 00:22:01,442] {taskinstance.py:1259} INFO - Executing <Task(PythonOperator): format_to_parquet_task> on 2019-07-02 00:00:00+00:00
[2022-02-20 00:22:01,462] {standard_task_runner.py:52} INFO - Started process 1803 to run task
[2022-02-20 00:22:01,467] {standard_task_runner.py:76} INFO - Running: ['***', 'tasks', 'run', 'yellow_taxi_gcs_dag', 'format_to_parquet_task', 'scheduled__2019-07-02T00:00:00+00:00', '--job-id', '441', '--raw', '--subdir', 'DAGS_FOLDER/yellow_taxi_gcs_dag.py', '--cfg-path', '/tmp/tmpb4ndkbpz', '--error-file', '/tmp/tmp55waqudu']
[2022-02-20 00:22:01,472] {standard_task_runner.py:77} INFO - Job 441: Subtask format_to_parquet_task
[2022-02-20 00:22:01,622] {logging_mixin.py:109} INFO - Running <TaskInstance: yellow_taxi_gcs_dag.format_to_parquet_task scheduled__2019-07-02T00:00:00+00:00 [running]> on host da07aa254901
[2022-02-20 00:22:01,708] {warnings.py:110} WARNING - /home/***/.local/lib/python3.7/site-packages/***/utils/context.py:152: AirflowContextDeprecationWarning: Accessing 'execution_date' from the template is deprecated and will be removed in a future version. Please use 'data_interval_start' or 'logical_date' instead.
  warnings.warn(_create_deprecation_warning(key, self._deprecation_replacements[key]))

[2022-02-20 00:22:01,746] {taskinstance.py:1426} INFO - Exporting the following env vars:
AIRFLOW_CTX_DAG_OWNER=***
AIRFLOW_CTX_DAG_ID=yellow_taxi_gcs_dag
AIRFLOW_CTX_TASK_ID=format_to_parquet_task
AIRFLOW_CTX_EXECUTION_DATE=2019-07-02T00:00:00+00:00
AIRFLOW_CTX_DAG_RUN_ID=scheduled__2019-07-02T00:00:00+00:00
[2022-02-20 00:22:15,279] {python.py:175} INFO - Done. Returned value was: None
[2022-02-20 00:22:15,305] {taskinstance.py:1277} INFO - Marking task as SUCCESS. dag_id=yellow_taxi_gcs_dag, task_id=format_to_parquet_task, execution_date=20190702T000000, start_date=20220220T002201, end_date=20220220T002215
[2022-02-20 00:22:15,545] {local_task_job.py:154} INFO - Task exited with return code 0
[2022-02-20 00:22:15,594] {local_task_job.py:264} INFO - 1 downstream tasks scheduled from follow-on schedule check
