[2022-02-19 23:37:42,307] {taskinstance.py:1032} INFO - Dependencies all met for <TaskInstance: fhv_gcs_dag.download_dataset_task scheduled__2019-01-02T00:00:00+00:00 [queued]>
[2022-02-19 23:37:42,360] {taskinstance.py:1032} INFO - Dependencies all met for <TaskInstance: fhv_gcs_dag.download_dataset_task scheduled__2019-01-02T00:00:00+00:00 [queued]>
[2022-02-19 23:37:42,360] {taskinstance.py:1238} INFO - 
--------------------------------------------------------------------------------
[2022-02-19 23:37:42,360] {taskinstance.py:1239} INFO - Starting attempt 2 of 2
[2022-02-19 23:37:42,361] {taskinstance.py:1240} INFO - 
--------------------------------------------------------------------------------
[2022-02-19 23:37:42,469] {taskinstance.py:1259} INFO - Executing <Task(BashOperator): download_dataset_task> on 2019-01-02 00:00:00+00:00
[2022-02-19 23:37:42,486] {standard_task_runner.py:52} INFO - Started process 300 to run task
[2022-02-19 23:37:42,561] {standard_task_runner.py:76} INFO - Running: ['***', 'tasks', 'run', 'fhv_gcs_dag', 'download_dataset_task', 'scheduled__2019-01-02T00:00:00+00:00', '--job-id', '220', '--raw', '--subdir', 'DAGS_FOLDER/fhv_gcs_dag.py', '--cfg-path', '/tmp/tmpbuujmy8q', '--error-file', '/tmp/tmp34yc_vsm']
[2022-02-19 23:37:42,639] {standard_task_runner.py:77} INFO - Job 220: Subtask download_dataset_task
[2022-02-19 23:37:43,715] {logging_mixin.py:109} INFO - Running <TaskInstance: fhv_gcs_dag.download_dataset_task scheduled__2019-01-02T00:00:00+00:00 [running]> on host 812dd7ecce85
[2022-02-19 23:37:44,336] {warnings.py:110} WARNING - /home/***/.local/lib/python3.7/site-packages/***/utils/context.py:152: AirflowContextDeprecationWarning: Accessing 'execution_date' from the template is deprecated and will be removed in a future version. Please use 'data_interval_start' or 'logical_date' instead.
  warnings.warn(_create_deprecation_warning(key, self._deprecation_replacements[key]))

[2022-02-19 23:37:44,615] {taskinstance.py:1426} INFO - Exporting the following env vars:
AIRFLOW_CTX_DAG_OWNER=***
AIRFLOW_CTX_DAG_ID=fhv_gcs_dag
AIRFLOW_CTX_TASK_ID=download_dataset_task
AIRFLOW_CTX_EXECUTION_DATE=2019-01-02T00:00:00+00:00
AIRFLOW_CTX_DAG_RUN_ID=scheduled__2019-01-02T00:00:00+00:00
[2022-02-19 23:37:44,616] {subprocess.py:62} INFO - Tmp dir root location: 
 /tmp
[2022-02-19 23:37:44,639] {subprocess.py:74} INFO - Running command: ['bash', '-c', 'curl -sS https://nyc-tlc.s3.amazonaws.com/trip+data/fhv_tripdata_2019-01.csv > /opt/***/output_2019-01.csv']
[2022-02-19 23:37:45,264] {subprocess.py:85} INFO - Output:
[2022-02-19 23:42:42,985] {subprocess.py:93} INFO - Command exited with return code 0
[2022-02-19 23:42:43,025] {taskinstance.py:1277} INFO - Marking task as SUCCESS. dag_id=fhv_gcs_dag, task_id=download_dataset_task, execution_date=20190102T000000, start_date=20220219T233742, end_date=20220219T234243
[2022-02-19 23:42:43,071] {local_task_job.py:154} INFO - Task exited with return code 0
[2022-02-19 23:42:43,122] {local_task_job.py:264} INFO - 1 downstream tasks scheduled from follow-on schedule check
[2022-02-23 19:12:13,294] {taskinstance.py:1032} INFO - Dependencies all met for <TaskInstance: fhv_gcs_dag.download_dataset_task scheduled__2019-01-02T00:00:00+00:00 [queued]>
[2022-02-23 19:12:13,318] {taskinstance.py:1032} INFO - Dependencies all met for <TaskInstance: fhv_gcs_dag.download_dataset_task scheduled__2019-01-02T00:00:00+00:00 [queued]>
[2022-02-23 19:12:13,319] {taskinstance.py:1238} INFO - 
--------------------------------------------------------------------------------
[2022-02-23 19:12:13,319] {taskinstance.py:1239} INFO - Starting attempt 2 of 3
[2022-02-23 19:12:13,319] {taskinstance.py:1240} INFO - 
--------------------------------------------------------------------------------
[2022-02-23 19:12:13,346] {taskinstance.py:1259} INFO - Executing <Task(BashOperator): download_dataset_task> on 2019-01-02 00:00:00+00:00
[2022-02-23 19:12:13,354] {standard_task_runner.py:52} INFO - Started process 263 to run task
[2022-02-23 19:12:13,359] {standard_task_runner.py:76} INFO - Running: ['***', 'tasks', 'run', 'fhv_gcs_dag', 'download_dataset_task', 'scheduled__2019-01-02T00:00:00+00:00', '--job-id', '615', '--raw', '--subdir', 'DAGS_FOLDER/fhv_gcs_dag.py', '--cfg-path', '/tmp/tmpx7roun85', '--error-file', '/tmp/tmpx653c5b7']
[2022-02-23 19:12:13,364] {standard_task_runner.py:77} INFO - Job 615: Subtask download_dataset_task
[2022-02-23 19:12:13,433] {logging_mixin.py:109} INFO - Running <TaskInstance: fhv_gcs_dag.download_dataset_task scheduled__2019-01-02T00:00:00+00:00 [running]> on host 4709b9a36f03
[2022-02-23 19:12:13,483] {warnings.py:110} WARNING - /home/***/.local/lib/python3.7/site-packages/***/utils/context.py:152: AirflowContextDeprecationWarning: Accessing 'execution_date' from the template is deprecated and will be removed in a future version. Please use 'data_interval_start' or 'logical_date' instead.
  warnings.warn(_create_deprecation_warning(key, self._deprecation_replacements[key]))

[2022-02-23 19:12:13,508] {taskinstance.py:1426} INFO - Exporting the following env vars:
AIRFLOW_CTX_DAG_OWNER=***
AIRFLOW_CTX_DAG_ID=fhv_gcs_dag
AIRFLOW_CTX_TASK_ID=download_dataset_task
AIRFLOW_CTX_EXECUTION_DATE=2019-01-02T00:00:00+00:00
AIRFLOW_CTX_DAG_RUN_ID=scheduled__2019-01-02T00:00:00+00:00
[2022-02-23 19:12:13,509] {subprocess.py:62} INFO - Tmp dir root location: 
 /tmp
[2022-02-23 19:12:13,510] {subprocess.py:74} INFO - Running command: ['bash', '-c', 'curl -sS https://nyc-tlc.s3.amazonaws.com/trip+data/fhv_tripdata_2019-01.csv > /opt/***/output_2019-01.csv']
[2022-02-23 19:12:13,528] {subprocess.py:85} INFO - Output:
[2022-02-23 19:12:33,664] {subprocess.py:89} INFO - curl: (6) Could not resolve host: nyc-tlc.s3.amazonaws.com
[2022-02-23 19:12:33,668] {subprocess.py:93} INFO - Command exited with return code 6
[2022-02-23 19:12:33,691] {taskinstance.py:1700} ERROR - Task failed with exception
Traceback (most recent call last):
  File "/home/airflow/.local/lib/python3.7/site-packages/airflow/models/taskinstance.py", line 1329, in _run_raw_task
    self._execute_task_with_callbacks(context)
  File "/home/airflow/.local/lib/python3.7/site-packages/airflow/models/taskinstance.py", line 1455, in _execute_task_with_callbacks
    result = self._execute_task(context, self.task)
  File "/home/airflow/.local/lib/python3.7/site-packages/airflow/models/taskinstance.py", line 1511, in _execute_task
    result = execute_callable(context=context)
  File "/home/airflow/.local/lib/python3.7/site-packages/airflow/operators/bash.py", line 188, in execute
    f'Bash command failed. The command returned a non-zero exit code {result.exit_code}.'
airflow.exceptions.AirflowException: Bash command failed. The command returned a non-zero exit code 6.
[2022-02-23 19:12:33,706] {taskinstance.py:1277} INFO - Marking task as UP_FOR_RETRY. dag_id=fhv_gcs_dag, task_id=download_dataset_task, execution_date=20190102T000000, start_date=20220223T191213, end_date=20220223T191233
[2022-02-23 19:12:33,731] {standard_task_runner.py:92} ERROR - Failed to execute job 615 for task download_dataset_task
Traceback (most recent call last):
  File "/home/airflow/.local/lib/python3.7/site-packages/airflow/task/task_runner/standard_task_runner.py", line 85, in _start_by_fork
    args.func(args, dag=self.dag)
  File "/home/airflow/.local/lib/python3.7/site-packages/airflow/cli/cli_parser.py", line 48, in command
    return func(*args, **kwargs)
  File "/home/airflow/.local/lib/python3.7/site-packages/airflow/utils/cli.py", line 92, in wrapper
    return f(*args, **kwargs)
  File "/home/airflow/.local/lib/python3.7/site-packages/airflow/cli/commands/task_command.py", line 298, in task_run
    _run_task_by_selected_method(args, dag, ti)
  File "/home/airflow/.local/lib/python3.7/site-packages/airflow/cli/commands/task_command.py", line 107, in _run_task_by_selected_method
    _run_raw_task(args, ti)
  File "/home/airflow/.local/lib/python3.7/site-packages/airflow/cli/commands/task_command.py", line 184, in _run_raw_task
    error_file=args.error_file,
  File "/home/airflow/.local/lib/python3.7/site-packages/airflow/utils/session.py", line 70, in wrapper
    return func(*args, session=session, **kwargs)
  File "/home/airflow/.local/lib/python3.7/site-packages/airflow/models/taskinstance.py", line 1329, in _run_raw_task
    self._execute_task_with_callbacks(context)
  File "/home/airflow/.local/lib/python3.7/site-packages/airflow/models/taskinstance.py", line 1455, in _execute_task_with_callbacks
    result = self._execute_task(context, self.task)
  File "/home/airflow/.local/lib/python3.7/site-packages/airflow/models/taskinstance.py", line 1511, in _execute_task
    result = execute_callable(context=context)
  File "/home/airflow/.local/lib/python3.7/site-packages/airflow/operators/bash.py", line 188, in execute
    f'Bash command failed. The command returned a non-zero exit code {result.exit_code}.'
airflow.exceptions.AirflowException: Bash command failed. The command returned a non-zero exit code 6.
[2022-02-23 19:12:33,771] {local_task_job.py:154} INFO - Task exited with return code 1
[2022-02-23 19:12:33,854] {local_task_job.py:264} INFO - 0 downstream tasks scheduled from follow-on schedule check
[2022-02-23 20:08:59,024] {taskinstance.py:1032} INFO - Dependencies all met for <TaskInstance: fhv_gcs_dag.download_dataset_task scheduled__2019-01-02T00:00:00+00:00 [queued]>
[2022-02-23 20:08:59,042] {taskinstance.py:1032} INFO - Dependencies all met for <TaskInstance: fhv_gcs_dag.download_dataset_task scheduled__2019-01-02T00:00:00+00:00 [queued]>
[2022-02-23 20:08:59,043] {taskinstance.py:1238} INFO - 
--------------------------------------------------------------------------------
[2022-02-23 20:08:59,043] {taskinstance.py:1239} INFO - Starting attempt 2 of 2
[2022-02-23 20:08:59,043] {taskinstance.py:1240} INFO - 
--------------------------------------------------------------------------------
[2022-02-23 20:08:59,074] {taskinstance.py:1259} INFO - Executing <Task(BashOperator): download_dataset_task> on 2019-01-02 00:00:00+00:00
[2022-02-23 20:08:59,081] {standard_task_runner.py:52} INFO - Started process 349 to run task
[2022-02-23 20:08:59,091] {standard_task_runner.py:76} INFO - Running: ['***', 'tasks', 'run', 'fhv_gcs_dag', 'download_dataset_task', 'scheduled__2019-01-02T00:00:00+00:00', '--job-id', '10', '--raw', '--subdir', 'DAGS_FOLDER/fhv_gcs_dag.py', '--cfg-path', '/tmp/tmp99st6mgy', '--error-file', '/tmp/tmprzaxdaj_']
[2022-02-23 20:08:59,092] {standard_task_runner.py:77} INFO - Job 10: Subtask download_dataset_task
[2022-02-23 20:08:59,181] {logging_mixin.py:109} INFO - Running <TaskInstance: fhv_gcs_dag.download_dataset_task scheduled__2019-01-02T00:00:00+00:00 [running]> on host 1bb54b80b2ee
[2022-02-23 20:08:59,261] {warnings.py:110} WARNING - /home/***/.local/lib/python3.7/site-packages/***/utils/context.py:152: AirflowContextDeprecationWarning: Accessing 'execution_date' from the template is deprecated and will be removed in a future version. Please use 'data_interval_start' or 'logical_date' instead.
  warnings.warn(_create_deprecation_warning(key, self._deprecation_replacements[key]))

[2022-02-23 20:08:59,308] {taskinstance.py:1426} INFO - Exporting the following env vars:
AIRFLOW_CTX_DAG_OWNER=***
AIRFLOW_CTX_DAG_ID=fhv_gcs_dag
AIRFLOW_CTX_TASK_ID=download_dataset_task
AIRFLOW_CTX_EXECUTION_DATE=2019-01-02T00:00:00+00:00
AIRFLOW_CTX_DAG_RUN_ID=scheduled__2019-01-02T00:00:00+00:00
[2022-02-23 20:08:59,309] {subprocess.py:62} INFO - Tmp dir root location: 
 /tmp
[2022-02-23 20:08:59,310] {subprocess.py:74} INFO - Running command: ['bash', '-c', 'curl -sS https://nyc-tlc.s3.amazonaws.com/trip+data/fhv_tripdata_2019-01.csv > /opt/***/output_2019-01.csv']
[2022-02-23 20:08:59,338] {subprocess.py:85} INFO - Output:
[2022-02-23 20:12:13,026] {subprocess.py:93} INFO - Command exited with return code 0
[2022-02-23 20:12:13,055] {taskinstance.py:1277} INFO - Marking task as SUCCESS. dag_id=fhv_gcs_dag, task_id=download_dataset_task, execution_date=20190102T000000, start_date=20220223T200859, end_date=20220223T201213
[2022-02-23 20:12:13,108] {local_task_job.py:154} INFO - Task exited with return code 0
[2022-02-23 20:12:13,155] {local_task_job.py:264} INFO - 1 downstream tasks scheduled from follow-on schedule check
[2022-02-23 20:51:51,926] {taskinstance.py:1032} INFO - Dependencies all met for <TaskInstance: fhv_gcs_dag.download_dataset_task scheduled__2019-01-02T00:00:00+00:00 [queued]>
[2022-02-23 20:51:51,948] {taskinstance.py:1032} INFO - Dependencies all met for <TaskInstance: fhv_gcs_dag.download_dataset_task scheduled__2019-01-02T00:00:00+00:00 [queued]>
[2022-02-23 20:51:51,949] {taskinstance.py:1238} INFO - 
--------------------------------------------------------------------------------
[2022-02-23 20:51:51,949] {taskinstance.py:1239} INFO - Starting attempt 2 of 3
[2022-02-23 20:51:51,949] {taskinstance.py:1240} INFO - 
--------------------------------------------------------------------------------
[2022-02-23 20:51:51,967] {taskinstance.py:1259} INFO - Executing <Task(BashOperator): download_dataset_task> on 2019-01-02 00:00:00+00:00
[2022-02-23 20:51:51,978] {standard_task_runner.py:52} INFO - Started process 917 to run task
[2022-02-23 20:51:51,984] {standard_task_runner.py:76} INFO - Running: ['***', 'tasks', 'run', 'fhv_gcs_dag', 'download_dataset_task', 'scheduled__2019-01-02T00:00:00+00:00', '--job-id', '50', '--raw', '--subdir', 'DAGS_FOLDER/fhv_gcs_dag.py', '--cfg-path', '/tmp/tmp59igyq5u', '--error-file', '/tmp/tmpsvdt0ljw']
[2022-02-23 20:51:51,985] {standard_task_runner.py:77} INFO - Job 50: Subtask download_dataset_task
[2022-02-23 20:51:52,082] {logging_mixin.py:109} INFO - Running <TaskInstance: fhv_gcs_dag.download_dataset_task scheduled__2019-01-02T00:00:00+00:00 [running]> on host 1c172e0325c8
[2022-02-23 20:51:52,140] {warnings.py:110} WARNING - /home/***/.local/lib/python3.7/site-packages/***/utils/context.py:152: AirflowContextDeprecationWarning: Accessing 'execution_date' from the template is deprecated and will be removed in a future version. Please use 'data_interval_start' or 'logical_date' instead.
  warnings.warn(_create_deprecation_warning(key, self._deprecation_replacements[key]))

[2022-02-23 20:51:52,164] {taskinstance.py:1426} INFO - Exporting the following env vars:
AIRFLOW_CTX_DAG_OWNER=***
AIRFLOW_CTX_DAG_ID=fhv_gcs_dag
AIRFLOW_CTX_TASK_ID=download_dataset_task
AIRFLOW_CTX_EXECUTION_DATE=2019-01-02T00:00:00+00:00
AIRFLOW_CTX_DAG_RUN_ID=scheduled__2019-01-02T00:00:00+00:00
[2022-02-23 20:51:52,165] {subprocess.py:62} INFO - Tmp dir root location: 
 /tmp
[2022-02-23 20:51:52,166] {subprocess.py:74} INFO - Running command: ['bash', '-c', 'curl -sS https://nyc-tlc.s3.amazonaws.com/trip+data/fhv_tripdata_2019-01.csv > /opt/***/output_2019-01.csv']
[2022-02-23 20:51:52,182] {subprocess.py:85} INFO - Output:
[2022-02-23 20:54:14,426] {subprocess.py:93} INFO - Command exited with return code 0
[2022-02-23 20:54:14,455] {taskinstance.py:1277} INFO - Marking task as SUCCESS. dag_id=fhv_gcs_dag, task_id=download_dataset_task, execution_date=20190102T000000, start_date=20220223T205151, end_date=20220223T205414
[2022-02-23 20:54:14,482] {local_task_job.py:154} INFO - Task exited with return code 0
[2022-02-23 20:54:14,530] {local_task_job.py:264} INFO - 1 downstream tasks scheduled from follow-on schedule check
