[2022-02-20 00:16:10,298] {taskinstance.py:1032} INFO - Dependencies all met for <TaskInstance: yellow_taxi_gcs_dag.download_dataset_task scheduled__2019-05-02T00:00:00+00:00 [queued]>
[2022-02-20 00:16:10,334] {taskinstance.py:1032} INFO - Dependencies all met for <TaskInstance: yellow_taxi_gcs_dag.download_dataset_task scheduled__2019-05-02T00:00:00+00:00 [queued]>
[2022-02-20 00:16:10,334] {taskinstance.py:1238} INFO - 
--------------------------------------------------------------------------------
[2022-02-20 00:16:10,334] {taskinstance.py:1239} INFO - Starting attempt 2 of 3
[2022-02-20 00:16:10,334] {taskinstance.py:1240} INFO - 
--------------------------------------------------------------------------------
[2022-02-20 00:16:10,364] {taskinstance.py:1259} INFO - Executing <Task(BashOperator): download_dataset_task> on 2019-05-02 00:00:00+00:00
[2022-02-20 00:16:10,376] {standard_task_runner.py:52} INFO - Started process 1528 to run task
[2022-02-20 00:16:10,389] {standard_task_runner.py:76} INFO - Running: ['***', 'tasks', 'run', 'yellow_taxi_gcs_dag', 'download_dataset_task', 'scheduled__2019-05-02T00:00:00+00:00', '--job-id', '425', '--raw', '--subdir', 'DAGS_FOLDER/yellow_taxi_gcs_dag.py', '--cfg-path', '/tmp/tmpibj0bz72', '--error-file', '/tmp/tmpqwe763r4']
[2022-02-20 00:16:10,394] {standard_task_runner.py:77} INFO - Job 425: Subtask download_dataset_task
[2022-02-20 00:16:10,684] {logging_mixin.py:109} INFO - Running <TaskInstance: yellow_taxi_gcs_dag.download_dataset_task scheduled__2019-05-02T00:00:00+00:00 [running]> on host da07aa254901
[2022-02-20 00:16:10,941] {warnings.py:110} WARNING - /home/***/.local/lib/python3.7/site-packages/***/utils/context.py:152: AirflowContextDeprecationWarning: Accessing 'execution_date' from the template is deprecated and will be removed in a future version. Please use 'data_interval_start' or 'logical_date' instead.
  warnings.warn(_create_deprecation_warning(key, self._deprecation_replacements[key]))

[2022-02-20 00:16:11,050] {taskinstance.py:1426} INFO - Exporting the following env vars:
AIRFLOW_CTX_DAG_OWNER=***
AIRFLOW_CTX_DAG_ID=yellow_taxi_gcs_dag
AIRFLOW_CTX_TASK_ID=download_dataset_task
AIRFLOW_CTX_EXECUTION_DATE=2019-05-02T00:00:00+00:00
AIRFLOW_CTX_DAG_RUN_ID=scheduled__2019-05-02T00:00:00+00:00
[2022-02-20 00:16:11,077] {subprocess.py:62} INFO - Tmp dir root location: 
 /tmp
[2022-02-20 00:16:11,104] {subprocess.py:74} INFO - Running command: ['bash', '-c', 'curl -sS https://s3.amazonaws.com/nyc-tlc/trip+data/yellow_tripdata_2019-05.csv > /opt/***/output_2019-05.csv']
[2022-02-20 00:16:11,224] {subprocess.py:85} INFO - Output:
[2022-02-20 00:17:23,590] {subprocess.py:93} INFO - Command exited with return code 0
[2022-02-20 00:17:23,654] {taskinstance.py:1277} INFO - Marking task as SUCCESS. dag_id=yellow_taxi_gcs_dag, task_id=download_dataset_task, execution_date=20190502T000000, start_date=20220220T001610, end_date=20220220T001723
[2022-02-20 00:17:23,771] {local_task_job.py:154} INFO - Task exited with return code 0
[2022-02-20 00:17:23,921] {local_task_job.py:264} INFO - 1 downstream tasks scheduled from follow-on schedule check
