[2022-02-03 13:48:03,358] {taskinstance.py:1032} INFO - Dependencies all met for <TaskInstance: LocalIngestionDag.wget scheduled__2020-09-02T06:00:00+00:00 [queued]>
[2022-02-03 13:48:03,377] {taskinstance.py:1032} INFO - Dependencies all met for <TaskInstance: LocalIngestionDag.wget scheduled__2020-09-02T06:00:00+00:00 [queued]>
[2022-02-03 13:48:03,377] {taskinstance.py:1238} INFO - 
--------------------------------------------------------------------------------
[2022-02-03 13:48:03,377] {taskinstance.py:1239} INFO - Starting attempt 1 of 1
[2022-02-03 13:48:03,377] {taskinstance.py:1240} INFO - 
--------------------------------------------------------------------------------
[2022-02-03 13:48:03,399] {taskinstance.py:1259} INFO - Executing <Task(BashOperator): wget> on 2020-09-02 06:00:00+00:00
[2022-02-03 13:48:03,404] {standard_task_runner.py:52} INFO - Started process 1552 to run task
[2022-02-03 13:48:03,409] {standard_task_runner.py:76} INFO - Running: ['***', 'tasks', 'run', 'LocalIngestionDag', 'wget', 'scheduled__2020-09-02T06:00:00+00:00', '--job-id', '47', '--raw', '--subdir', 'DAGS_FOLDER/data_ingestion_localDB_dag.py', '--cfg-path', '/tmp/tmp9pa0gvnr', '--error-file', '/tmp/tmp79pzp9u8']
[2022-02-03 13:48:03,410] {standard_task_runner.py:77} INFO - Job 47: Subtask wget
[2022-02-03 13:48:03,509] {logging_mixin.py:109} INFO - Running <TaskInstance: LocalIngestionDag.wget scheduled__2020-09-02T06:00:00+00:00 [running]> on host 2b92176b720f
[2022-02-03 13:48:03,571] {warnings.py:110} WARNING - /home/***/.local/lib/python3.7/site-packages/***/utils/context.py:152: AirflowContextDeprecationWarning: Accessing 'execution_date' from the template is deprecated and will be removed in a future version. Please use 'data_interval_start' or 'logical_date' instead.
  warnings.warn(_create_deprecation_warning(key, self._deprecation_replacements[key]))

[2022-02-03 13:48:03,593] {taskinstance.py:1426} INFO - Exporting the following env vars:
AIRFLOW_CTX_DAG_OWNER=***
AIRFLOW_CTX_DAG_ID=LocalIngestionDag
AIRFLOW_CTX_TASK_ID=wget
AIRFLOW_CTX_EXECUTION_DATE=2020-09-02T06:00:00+00:00
AIRFLOW_CTX_DAG_RUN_ID=scheduled__2020-09-02T06:00:00+00:00
[2022-02-03 13:48:03,594] {subprocess.py:62} INFO - Tmp dir root location: 
 /tmp
[2022-02-03 13:48:03,595] {subprocess.py:74} INFO - Running command: ['bash', '-c', 'echo "2020-m%"']
[2022-02-03 13:48:03,605] {subprocess.py:85} INFO - Output:
[2022-02-03 13:48:03,607] {subprocess.py:89} INFO - 2020-m%
[2022-02-03 13:48:03,608] {subprocess.py:93} INFO - Command exited with return code 0
[2022-02-03 13:48:03,639] {taskinstance.py:1277} INFO - Marking task as SUCCESS. dag_id=LocalIngestionDag, task_id=wget, execution_date=20200902T060000, start_date=20220203T134803, end_date=20220203T134803
[2022-02-03 13:48:03,667] {local_task_job.py:154} INFO - Task exited with return code 0
[2022-02-03 13:48:03,709] {local_task_job.py:264} INFO - 0 downstream tasks scheduled from follow-on schedule check
[2022-02-03 14:00:09,641] {taskinstance.py:1032} INFO - Dependencies all met for <TaskInstance: LocalIngestionDag.wget scheduled__2020-09-02T06:00:00+00:00 [queued]>
[2022-02-03 14:00:09,940] {taskinstance.py:1032} INFO - Dependencies all met for <TaskInstance: LocalIngestionDag.wget scheduled__2020-09-02T06:00:00+00:00 [queued]>
[2022-02-03 14:00:09,945] {taskinstance.py:1238} INFO - 
--------------------------------------------------------------------------------
[2022-02-03 14:00:09,946] {taskinstance.py:1239} INFO - Starting attempt 1 of 1
[2022-02-03 14:00:09,947] {taskinstance.py:1240} INFO - 
--------------------------------------------------------------------------------
[2022-02-03 14:00:10,119] {taskinstance.py:1259} INFO - Executing <Task(BashOperator): wget> on 2020-09-02 06:00:00+00:00
[2022-02-03 14:00:10,179] {standard_task_runner.py:52} INFO - Started process 138 to run task
[2022-02-03 14:00:10,317] {standard_task_runner.py:76} INFO - Running: ['***', 'tasks', 'run', 'LocalIngestionDag', 'wget', 'scheduled__2020-09-02T06:00:00+00:00', '--job-id', '90', '--raw', '--subdir', 'DAGS_FOLDER/data_ingestion_localDB_dag.py', '--cfg-path', '/tmp/tmpzt06y2hp', '--error-file', '/tmp/tmp6g425hdy']
[2022-02-03 14:00:10,330] {standard_task_runner.py:77} INFO - Job 90: Subtask wget
[2022-02-03 14:00:11,493] {logging_mixin.py:109} INFO - Running <TaskInstance: LocalIngestionDag.wget scheduled__2020-09-02T06:00:00+00:00 [running]> on host cd3baa871297
[2022-02-03 14:00:12,647] {warnings.py:110} WARNING - /home/***/.local/lib/python3.7/site-packages/***/utils/context.py:152: AirflowContextDeprecationWarning: Accessing 'execution_date' from the template is deprecated and will be removed in a future version. Please use 'data_interval_start' or 'logical_date' instead.
  warnings.warn(_create_deprecation_warning(key, self._deprecation_replacements[key]))

[2022-02-03 14:00:13,236] {taskinstance.py:1426} INFO - Exporting the following env vars:
AIRFLOW_CTX_DAG_OWNER=***
AIRFLOW_CTX_DAG_ID=LocalIngestionDag
AIRFLOW_CTX_TASK_ID=wget
AIRFLOW_CTX_EXECUTION_DATE=2020-09-02T06:00:00+00:00
AIRFLOW_CTX_DAG_RUN_ID=scheduled__2020-09-02T06:00:00+00:00
[2022-02-03 14:00:13,237] {subprocess.py:62} INFO - Tmp dir root location: 
 /tmp
[2022-02-03 14:00:13,238] {subprocess.py:74} INFO - Running command: ['bash', '-c', 'echo "2020-09"']
[2022-02-03 14:00:13,576] {subprocess.py:85} INFO - Output:
[2022-02-03 14:00:13,643] {subprocess.py:89} INFO - 2020-09
[2022-02-03 14:00:13,650] {subprocess.py:93} INFO - Command exited with return code 0
[2022-02-03 14:00:14,203] {taskinstance.py:1277} INFO - Marking task as SUCCESS. dag_id=LocalIngestionDag, task_id=wget, execution_date=20200902T060000, start_date=20220203T140009, end_date=20220203T140014
[2022-02-03 14:00:14,519] {local_task_job.py:154} INFO - Task exited with return code 0
[2022-02-03 14:00:15,685] {local_task_job.py:264} INFO - 0 downstream tasks scheduled from follow-on schedule check
