[2022-02-09 20:39:16,624] {taskinstance.py:1032} INFO - Dependencies all met for <TaskInstance: green_taxi_gcs_dag.local_to_gcs_task scheduled__2020-11-02T00:00:00+00:00 [queued]>
[2022-02-09 20:39:16,681] {taskinstance.py:1032} INFO - Dependencies all met for <TaskInstance: green_taxi_gcs_dag.local_to_gcs_task scheduled__2020-11-02T00:00:00+00:00 [queued]>
[2022-02-09 20:39:16,681] {taskinstance.py:1238} INFO - 
--------------------------------------------------------------------------------
[2022-02-09 20:39:16,682] {taskinstance.py:1239} INFO - Starting attempt 1 of 2
[2022-02-09 20:39:16,682] {taskinstance.py:1240} INFO - 
--------------------------------------------------------------------------------
[2022-02-09 20:39:16,740] {taskinstance.py:1259} INFO - Executing <Task(PythonOperator): local_to_gcs_task> on 2020-11-02 00:00:00+00:00
[2022-02-09 20:39:16,751] {standard_task_runner.py:52} INFO - Started process 410 to run task
[2022-02-09 20:39:16,758] {standard_task_runner.py:76} INFO - Running: ['***', 'tasks', 'run', 'green_taxi_gcs_dag', 'local_to_gcs_task', 'scheduled__2020-11-02T00:00:00+00:00', '--job-id', '112', '--raw', '--subdir', 'DAGS_FOLDER/green_gcs_dag.py', '--cfg-path', '/tmp/tmpi_e6z0s1', '--error-file', '/tmp/tmpz601j1hz']
[2022-02-09 20:39:16,761] {standard_task_runner.py:77} INFO - Job 112: Subtask local_to_gcs_task
[2022-02-09 20:39:16,952] {logging_mixin.py:109} INFO - Running <TaskInstance: green_taxi_gcs_dag.local_to_gcs_task scheduled__2020-11-02T00:00:00+00:00 [running]> on host 4f97b6b16bdb
[2022-02-09 20:39:17,086] {warnings.py:110} WARNING - /home/***/.local/lib/python3.7/site-packages/***/utils/context.py:152: AirflowContextDeprecationWarning: Accessing 'execution_date' from the template is deprecated and will be removed in a future version. Please use 'data_interval_start' or 'logical_date' instead.
  warnings.warn(_create_deprecation_warning(key, self._deprecation_replacements[key]))

[2022-02-09 20:39:17,170] {taskinstance.py:1426} INFO - Exporting the following env vars:
AIRFLOW_CTX_DAG_OWNER=***
AIRFLOW_CTX_DAG_ID=green_taxi_gcs_dag
AIRFLOW_CTX_TASK_ID=local_to_gcs_task
AIRFLOW_CTX_EXECUTION_DATE=2020-11-02T00:00:00+00:00
AIRFLOW_CTX_DAG_RUN_ID=scheduled__2020-11-02T00:00:00+00:00
[2022-02-09 20:39:17,741] {python.py:175} INFO - Done. Returned value was: None
[2022-02-09 20:39:17,774] {taskinstance.py:1277} INFO - Marking task as SUCCESS. dag_id=green_taxi_gcs_dag, task_id=local_to_gcs_task, execution_date=20201102T000000, start_date=20220209T203916, end_date=20220209T203917
[2022-02-09 20:39:17,850] {local_task_job.py:154} INFO - Task exited with return code 0
[2022-02-09 20:39:17,978] {local_task_job.py:264} INFO - 1 downstream tasks scheduled from follow-on schedule check
[2022-02-09 20:49:00,063] {taskinstance.py:1032} INFO - Dependencies all met for <TaskInstance: green_taxi_gcs_dag.local_to_gcs_task scheduled__2020-11-02T00:00:00+00:00 [queued]>
[2022-02-09 20:49:00,101] {taskinstance.py:1032} INFO - Dependencies all met for <TaskInstance: green_taxi_gcs_dag.local_to_gcs_task scheduled__2020-11-02T00:00:00+00:00 [queued]>
[2022-02-09 20:49:00,101] {taskinstance.py:1238} INFO - 
--------------------------------------------------------------------------------
[2022-02-09 20:49:00,102] {taskinstance.py:1239} INFO - Starting attempt 1 of 2
[2022-02-09 20:49:00,102] {taskinstance.py:1240} INFO - 
--------------------------------------------------------------------------------
[2022-02-09 20:49:00,128] {taskinstance.py:1259} INFO - Executing <Task(PythonOperator): local_to_gcs_task> on 2020-11-02 00:00:00+00:00
[2022-02-09 20:49:00,140] {standard_task_runner.py:52} INFO - Started process 1246 to run task
[2022-02-09 20:49:00,147] {standard_task_runner.py:76} INFO - Running: ['***', 'tasks', 'run', 'green_taxi_gcs_dag', 'local_to_gcs_task', 'scheduled__2020-11-02T00:00:00+00:00', '--job-id', '208', '--raw', '--subdir', 'DAGS_FOLDER/green_gcs_dag.py', '--cfg-path', '/tmp/tmpp_h9lwsm', '--error-file', '/tmp/tmpvmf_km6d']
[2022-02-09 20:49:00,150] {standard_task_runner.py:77} INFO - Job 208: Subtask local_to_gcs_task
[2022-02-09 20:49:00,335] {logging_mixin.py:109} INFO - Running <TaskInstance: green_taxi_gcs_dag.local_to_gcs_task scheduled__2020-11-02T00:00:00+00:00 [running]> on host 4f97b6b16bdb
[2022-02-09 20:49:00,435] {warnings.py:110} WARNING - /home/***/.local/lib/python3.7/site-packages/***/utils/context.py:152: AirflowContextDeprecationWarning: Accessing 'execution_date' from the template is deprecated and will be removed in a future version. Please use 'data_interval_start' or 'logical_date' instead.
  warnings.warn(_create_deprecation_warning(key, self._deprecation_replacements[key]))

[2022-02-09 20:49:00,480] {taskinstance.py:1426} INFO - Exporting the following env vars:
AIRFLOW_CTX_DAG_OWNER=***
AIRFLOW_CTX_DAG_ID=green_taxi_gcs_dag
AIRFLOW_CTX_TASK_ID=local_to_gcs_task
AIRFLOW_CTX_EXECUTION_DATE=2020-11-02T00:00:00+00:00
AIRFLOW_CTX_DAG_RUN_ID=scheduled__2020-11-02T00:00:00+00:00
[2022-02-09 20:49:00,994] {python.py:175} INFO - Done. Returned value was: None
[2022-02-09 20:49:01,021] {taskinstance.py:1277} INFO - Marking task as SUCCESS. dag_id=green_taxi_gcs_dag, task_id=local_to_gcs_task, execution_date=20201102T000000, start_date=20220209T204900, end_date=20220209T204901
[2022-02-09 20:49:01,097] {local_task_job.py:154} INFO - Task exited with return code 0
[2022-02-09 20:49:01,160] {local_task_job.py:264} INFO - 1 downstream tasks scheduled from follow-on schedule check
[2022-02-20 00:08:50,071] {taskinstance.py:1032} INFO - Dependencies all met for <TaskInstance: green_taxi_gcs_dag.local_to_gcs_task scheduled__2020-11-02T00:00:00+00:00 [queued]>
[2022-02-20 00:08:50,101] {taskinstance.py:1032} INFO - Dependencies all met for <TaskInstance: green_taxi_gcs_dag.local_to_gcs_task scheduled__2020-11-02T00:00:00+00:00 [queued]>
[2022-02-20 00:08:50,102] {taskinstance.py:1238} INFO - 
--------------------------------------------------------------------------------
[2022-02-20 00:08:50,102] {taskinstance.py:1239} INFO - Starting attempt 1 of 2
[2022-02-20 00:08:50,102] {taskinstance.py:1240} INFO - 
--------------------------------------------------------------------------------
[2022-02-20 00:08:50,129] {taskinstance.py:1259} INFO - Executing <Task(PythonOperator): local_to_gcs_task> on 2020-11-02 00:00:00+00:00
[2022-02-20 00:08:50,136] {standard_task_runner.py:52} INFO - Started process 1145 to run task
[2022-02-20 00:08:50,140] {standard_task_runner.py:76} INFO - Running: ['***', 'tasks', 'run', 'green_taxi_gcs_dag', 'local_to_gcs_task', 'scheduled__2020-11-02T00:00:00+00:00', '--job-id', '400', '--raw', '--subdir', 'DAGS_FOLDER/green_gcs_dag.py', '--cfg-path', '/tmp/tmpkcmuq6vb', '--error-file', '/tmp/tmpb71rh_fj']
[2022-02-20 00:08:50,141] {standard_task_runner.py:77} INFO - Job 400: Subtask local_to_gcs_task
[2022-02-20 00:08:50,278] {logging_mixin.py:109} INFO - Running <TaskInstance: green_taxi_gcs_dag.local_to_gcs_task scheduled__2020-11-02T00:00:00+00:00 [running]> on host da07aa254901
[2022-02-20 00:08:50,410] {warnings.py:110} WARNING - /home/***/.local/lib/python3.7/site-packages/***/utils/context.py:152: AirflowContextDeprecationWarning: Accessing 'execution_date' from the template is deprecated and will be removed in a future version. Please use 'data_interval_start' or 'logical_date' instead.
  warnings.warn(_create_deprecation_warning(key, self._deprecation_replacements[key]))

[2022-02-20 00:08:50,487] {taskinstance.py:1426} INFO - Exporting the following env vars:
AIRFLOW_CTX_DAG_OWNER=***
AIRFLOW_CTX_DAG_ID=green_taxi_gcs_dag
AIRFLOW_CTX_TASK_ID=local_to_gcs_task
AIRFLOW_CTX_EXECUTION_DATE=2020-11-02T00:00:00+00:00
AIRFLOW_CTX_DAG_RUN_ID=scheduled__2020-11-02T00:00:00+00:00
[2022-02-20 00:08:50,995] {python.py:175} INFO - Done. Returned value was: None
[2022-02-20 00:08:51,018] {taskinstance.py:1277} INFO - Marking task as SUCCESS. dag_id=green_taxi_gcs_dag, task_id=local_to_gcs_task, execution_date=20201102T000000, start_date=20220220T000850, end_date=20220220T000851
[2022-02-20 00:08:51,085] {local_task_job.py:154} INFO - Task exited with return code 0
[2022-02-20 00:08:51,178] {local_task_job.py:264} INFO - 1 downstream tasks scheduled from follow-on schedule check
[2022-02-20 02:02:14,651] {taskinstance.py:1032} INFO - Dependencies all met for <TaskInstance: green_taxi_gcs_dag.local_to_gcs_task scheduled__2020-11-02T00:00:00+00:00 [queued]>
[2022-02-20 02:02:14,679] {taskinstance.py:1032} INFO - Dependencies all met for <TaskInstance: green_taxi_gcs_dag.local_to_gcs_task scheduled__2020-11-02T00:00:00+00:00 [queued]>
[2022-02-20 02:02:14,679] {taskinstance.py:1238} INFO - 
--------------------------------------------------------------------------------
[2022-02-20 02:02:14,679] {taskinstance.py:1239} INFO - Starting attempt 1 of 2
[2022-02-20 02:02:14,680] {taskinstance.py:1240} INFO - 
--------------------------------------------------------------------------------
[2022-02-20 02:02:14,699] {taskinstance.py:1259} INFO - Executing <Task(PythonOperator): local_to_gcs_task> on 2020-11-02 00:00:00+00:00
[2022-02-20 02:02:14,706] {standard_task_runner.py:52} INFO - Started process 819 to run task
[2022-02-20 02:02:14,715] {standard_task_runner.py:76} INFO - Running: ['***', 'tasks', 'run', 'green_taxi_gcs_dag', 'local_to_gcs_task', 'scheduled__2020-11-02T00:00:00+00:00', '--job-id', '606', '--raw', '--subdir', 'DAGS_FOLDER/green_gcs_dag.py', '--cfg-path', '/tmp/tmpiwm40hg1', '--error-file', '/tmp/tmpjgokcyzm']
[2022-02-20 02:02:14,717] {standard_task_runner.py:77} INFO - Job 606: Subtask local_to_gcs_task
[2022-02-20 02:02:14,829] {logging_mixin.py:109} INFO - Running <TaskInstance: green_taxi_gcs_dag.local_to_gcs_task scheduled__2020-11-02T00:00:00+00:00 [running]> on host 5484a3a1f7c3
[2022-02-20 02:02:14,916] {warnings.py:110} WARNING - /home/***/.local/lib/python3.7/site-packages/***/utils/context.py:152: AirflowContextDeprecationWarning: Accessing 'execution_date' from the template is deprecated and will be removed in a future version. Please use 'data_interval_start' or 'logical_date' instead.
  warnings.warn(_create_deprecation_warning(key, self._deprecation_replacements[key]))

[2022-02-20 02:02:14,945] {taskinstance.py:1426} INFO - Exporting the following env vars:
AIRFLOW_CTX_DAG_OWNER=***
AIRFLOW_CTX_DAG_ID=green_taxi_gcs_dag
AIRFLOW_CTX_TASK_ID=local_to_gcs_task
AIRFLOW_CTX_EXECUTION_DATE=2020-11-02T00:00:00+00:00
AIRFLOW_CTX_DAG_RUN_ID=scheduled__2020-11-02T00:00:00+00:00
[2022-02-20 02:02:15,397] {python.py:175} INFO - Done. Returned value was: None
[2022-02-20 02:02:15,413] {taskinstance.py:1277} INFO - Marking task as SUCCESS. dag_id=green_taxi_gcs_dag, task_id=local_to_gcs_task, execution_date=20201102T000000, start_date=20220220T020214, end_date=20220220T020215
[2022-02-20 02:02:15,477] {local_task_job.py:154} INFO - Task exited with return code 0
[2022-02-20 02:02:15,523] {local_task_job.py:264} INFO - 1 downstream tasks scheduled from follow-on schedule check
