[2022-02-03 13:48:17,457] {taskinstance.py:1032} INFO - Dependencies all met for <TaskInstance: LocalIngestionDag.wget scheduled__2022-01-02T06:00:00+00:00 [queued]>
[2022-02-03 13:48:17,477] {taskinstance.py:1032} INFO - Dependencies all met for <TaskInstance: LocalIngestionDag.wget scheduled__2022-01-02T06:00:00+00:00 [queued]>
[2022-02-03 13:48:17,477] {taskinstance.py:1238} INFO - 
--------------------------------------------------------------------------------
[2022-02-03 13:48:17,478] {taskinstance.py:1239} INFO - Starting attempt 1 of 1
[2022-02-03 13:48:17,478] {taskinstance.py:1240} INFO - 
--------------------------------------------------------------------------------
[2022-02-03 13:48:17,518] {taskinstance.py:1259} INFO - Executing <Task(BashOperator): wget> on 2022-01-02 06:00:00+00:00
[2022-02-03 13:48:17,530] {standard_task_runner.py:76} INFO - Running: ['***', 'tasks', 'run', 'LocalIngestionDag', 'wget', 'scheduled__2022-01-02T06:00:00+00:00', '--job-id', '63', '--raw', '--subdir', 'DAGS_FOLDER/data_ingestion_localDB_dag.py', '--cfg-path', '/tmp/tmpyi_p4dy9', '--error-file', '/tmp/tmpzjze0r4p']
[2022-02-03 13:48:17,531] {standard_task_runner.py:77} INFO - Job 63: Subtask wget
[2022-02-03 13:48:17,524] {standard_task_runner.py:52} INFO - Started process 1609 to run task
[2022-02-03 13:48:17,703] {logging_mixin.py:109} INFO - Running <TaskInstance: LocalIngestionDag.wget scheduled__2022-01-02T06:00:00+00:00 [running]> on host 2b92176b720f
[2022-02-03 13:48:17,784] {warnings.py:110} WARNING - /home/***/.local/lib/python3.7/site-packages/***/utils/context.py:152: AirflowContextDeprecationWarning: Accessing 'execution_date' from the template is deprecated and will be removed in a future version. Please use 'data_interval_start' or 'logical_date' instead.
  warnings.warn(_create_deprecation_warning(key, self._deprecation_replacements[key]))

[2022-02-03 13:48:17,824] {taskinstance.py:1426} INFO - Exporting the following env vars:
AIRFLOW_CTX_DAG_OWNER=***
AIRFLOW_CTX_DAG_ID=LocalIngestionDag
AIRFLOW_CTX_TASK_ID=wget
AIRFLOW_CTX_EXECUTION_DATE=2022-01-02T06:00:00+00:00
AIRFLOW_CTX_DAG_RUN_ID=scheduled__2022-01-02T06:00:00+00:00
[2022-02-03 13:48:17,825] {subprocess.py:62} INFO - Tmp dir root location: 
 /tmp
[2022-02-03 13:48:17,826] {subprocess.py:74} INFO - Running command: ['bash', '-c', 'echo "2022-m%"']
[2022-02-03 13:48:17,845] {subprocess.py:85} INFO - Output:
[2022-02-03 13:48:17,846] {subprocess.py:89} INFO - 2022-m%
[2022-02-03 13:48:17,846] {subprocess.py:93} INFO - Command exited with return code 0
[2022-02-03 13:48:17,887] {taskinstance.py:1277} INFO - Marking task as SUCCESS. dag_id=LocalIngestionDag, task_id=wget, execution_date=20220102T060000, start_date=20220203T134817, end_date=20220203T134817
[2022-02-03 13:48:17,933] {local_task_job.py:154} INFO - Task exited with return code 0
[2022-02-03 13:48:18,014] {local_task_job.py:264} INFO - 0 downstream tasks scheduled from follow-on schedule check
