[2022-02-03 17:28:42,804] {taskinstance.py:1032} INFO - Dependencies all met for <TaskInstance: yellow_taxi_gcs_dag.delete_the_local_file scheduled__2020-10-02T00:00:00+00:00 [queued]>
[2022-02-03 17:28:42,822] {taskinstance.py:1032} INFO - Dependencies all met for <TaskInstance: yellow_taxi_gcs_dag.delete_the_local_file scheduled__2020-10-02T00:00:00+00:00 [queued]>
[2022-02-03 17:28:42,823] {taskinstance.py:1238} INFO - 
--------------------------------------------------------------------------------
[2022-02-03 17:28:42,823] {taskinstance.py:1239} INFO - Starting attempt 1 of 2
[2022-02-03 17:28:42,823] {taskinstance.py:1240} INFO - 
--------------------------------------------------------------------------------
[2022-02-03 17:28:42,843] {taskinstance.py:1259} INFO - Executing <Task(BashOperator): delete_the_local_file> on 2020-10-02 00:00:00+00:00
[2022-02-03 17:28:42,852] {standard_task_runner.py:52} INFO - Started process 3319 to run task
[2022-02-03 17:28:42,860] {standard_task_runner.py:76} INFO - Running: ['***', 'tasks', 'run', 'yellow_taxi_gcs_dag', 'delete_the_local_file', 'scheduled__2020-10-02T00:00:00+00:00', '--job-id', '133', '--raw', '--subdir', 'DAGS_FOLDER/yellow_taxi_gcs_dag.py', '--cfg-path', '/tmp/tmp1heu209f', '--error-file', '/tmp/tmpsk_6gy31']
[2022-02-03 17:28:42,861] {standard_task_runner.py:77} INFO - Job 133: Subtask delete_the_local_file
[2022-02-03 17:28:42,960] {logging_mixin.py:109} INFO - Running <TaskInstance: yellow_taxi_gcs_dag.delete_the_local_file scheduled__2020-10-02T00:00:00+00:00 [running]> on host 7e458922b35d
[2022-02-03 17:28:43,022] {warnings.py:110} WARNING - /home/***/.local/lib/python3.7/site-packages/***/utils/context.py:152: AirflowContextDeprecationWarning: Accessing 'execution_date' from the template is deprecated and will be removed in a future version. Please use 'data_interval_start' or 'logical_date' instead.
  warnings.warn(_create_deprecation_warning(key, self._deprecation_replacements[key]))

[2022-02-03 17:28:43,055] {taskinstance.py:1426} INFO - Exporting the following env vars:
AIRFLOW_CTX_DAG_OWNER=***
AIRFLOW_CTX_DAG_ID=yellow_taxi_gcs_dag
AIRFLOW_CTX_TASK_ID=delete_the_local_file
AIRFLOW_CTX_EXECUTION_DATE=2020-10-02T00:00:00+00:00
AIRFLOW_CTX_DAG_RUN_ID=scheduled__2020-10-02T00:00:00+00:00
[2022-02-03 17:28:43,056] {subprocess.py:62} INFO - Tmp dir root location: 
 /tmp
[2022-02-03 17:28:43,057] {subprocess.py:74} INFO - Running command: ['bash', '-c', 'rm /opt/***/output_2020-10.csv | rm /opt/***/output_2020-10.parquet']
[2022-02-03 17:28:43,075] {subprocess.py:85} INFO - Output:
[2022-02-03 17:28:43,122] {subprocess.py:93} INFO - Command exited with return code 0
[2022-02-03 17:28:43,200] {taskinstance.py:1277} INFO - Marking task as SUCCESS. dag_id=yellow_taxi_gcs_dag, task_id=delete_the_local_file, execution_date=20201002T000000, start_date=20220203T172842, end_date=20220203T172843
[2022-02-03 17:28:43,273] {local_task_job.py:154} INFO - Task exited with return code 0
[2022-02-03 17:28:43,382] {local_task_job.py:264} INFO - 0 downstream tasks scheduled from follow-on schedule check
<<<<<<< HEAD
[2022-02-20 00:31:38,222] {taskinstance.py:1032} INFO - Dependencies all met for <TaskInstance: yellow_taxi_gcs_dag.delete_the_local_file scheduled__2020-10-02T00:00:00+00:00 [queued]>
[2022-02-20 00:31:38,241] {taskinstance.py:1032} INFO - Dependencies all met for <TaskInstance: yellow_taxi_gcs_dag.delete_the_local_file scheduled__2020-10-02T00:00:00+00:00 [queued]>
[2022-02-20 00:31:38,241] {taskinstance.py:1238} INFO - 
--------------------------------------------------------------------------------
[2022-02-20 00:31:38,241] {taskinstance.py:1239} INFO - Starting attempt 1 of 2
[2022-02-20 00:31:38,241] {taskinstance.py:1240} INFO - 
--------------------------------------------------------------------------------
[2022-02-20 00:31:38,263] {taskinstance.py:1259} INFO - Executing <Task(BashOperator): delete_the_local_file> on 2020-10-02 00:00:00+00:00
[2022-02-20 00:31:38,272] {standard_task_runner.py:52} INFO - Started process 2491 to run task
[2022-02-20 00:31:38,276] {standard_task_runner.py:76} INFO - Running: ['***', 'tasks', 'run', 'yellow_taxi_gcs_dag', 'delete_the_local_file', 'scheduled__2020-10-02T00:00:00+00:00', '--job-id', '504', '--raw', '--subdir', 'DAGS_FOLDER/yellow_taxi_gcs_dag.py', '--cfg-path', '/tmp/tmpyd2dco05', '--error-file', '/tmp/tmpaafkwjl5']
[2022-02-20 00:31:38,278] {standard_task_runner.py:77} INFO - Job 504: Subtask delete_the_local_file
[2022-02-20 00:31:38,402] {logging_mixin.py:109} INFO - Running <TaskInstance: yellow_taxi_gcs_dag.delete_the_local_file scheduled__2020-10-02T00:00:00+00:00 [running]> on host da07aa254901
[2022-02-20 00:31:38,493] {warnings.py:110} WARNING - /home/***/.local/lib/python3.7/site-packages/***/utils/context.py:152: AirflowContextDeprecationWarning: Accessing 'execution_date' from the template is deprecated and will be removed in a future version. Please use 'data_interval_start' or 'logical_date' instead.
  warnings.warn(_create_deprecation_warning(key, self._deprecation_replacements[key]))

[2022-02-20 00:31:38,536] {taskinstance.py:1426} INFO - Exporting the following env vars:
AIRFLOW_CTX_DAG_OWNER=***
AIRFLOW_CTX_DAG_ID=yellow_taxi_gcs_dag
AIRFLOW_CTX_TASK_ID=delete_the_local_file
AIRFLOW_CTX_EXECUTION_DATE=2020-10-02T00:00:00+00:00
AIRFLOW_CTX_DAG_RUN_ID=scheduled__2020-10-02T00:00:00+00:00
[2022-02-20 00:31:38,539] {subprocess.py:62} INFO - Tmp dir root location: 
 /tmp
[2022-02-20 00:31:38,540] {subprocess.py:74} INFO - Running command: ['bash', '-c', 'rm /opt/***/output_2020-10.csv | rm /opt/***/output_2020-10.parquet']
[2022-02-20 00:31:38,590] {subprocess.py:85} INFO - Output:
[2022-02-20 00:31:38,679] {subprocess.py:93} INFO - Command exited with return code 0
[2022-02-20 00:31:38,812] {taskinstance.py:1277} INFO - Marking task as SUCCESS. dag_id=yellow_taxi_gcs_dag, task_id=delete_the_local_file, execution_date=20201002T000000, start_date=20220220T003138, end_date=20220220T003138
[2022-02-20 00:31:38,857] {local_task_job.py:154} INFO - Task exited with return code 0
[2022-02-20 00:31:38,930] {local_task_job.py:264} INFO - 0 downstream tasks scheduled from follow-on schedule check
=======
>>>>>>> origin/master
