[2022-02-03 13:48:02,917] {taskinstance.py:1032} INFO - Dependencies all met for <TaskInstance: LocalIngestionDag.wget scheduled__2020-08-02T06:00:00+00:00 [queued]>
[2022-02-03 13:48:02,959] {taskinstance.py:1032} INFO - Dependencies all met for <TaskInstance: LocalIngestionDag.wget scheduled__2020-08-02T06:00:00+00:00 [queued]>
[2022-02-03 13:48:02,960] {taskinstance.py:1238} INFO - 
--------------------------------------------------------------------------------
[2022-02-03 13:48:02,960] {taskinstance.py:1239} INFO - Starting attempt 1 of 1
[2022-02-03 13:48:02,960] {taskinstance.py:1240} INFO - 
--------------------------------------------------------------------------------
[2022-02-03 13:48:03,035] {taskinstance.py:1259} INFO - Executing <Task(BashOperator): wget> on 2020-08-02 06:00:00+00:00
[2022-02-03 13:48:03,056] {standard_task_runner.py:52} INFO - Started process 1550 to run task
[2022-02-03 13:48:03,074] {standard_task_runner.py:76} INFO - Running: ['***', 'tasks', 'run', 'LocalIngestionDag', 'wget', 'scheduled__2020-08-02T06:00:00+00:00', '--job-id', '46', '--raw', '--subdir', 'DAGS_FOLDER/data_ingestion_localDB_dag.py', '--cfg-path', '/tmp/tmpzwugb1zk', '--error-file', '/tmp/tmphd458yjg']
[2022-02-03 13:48:03,075] {standard_task_runner.py:77} INFO - Job 46: Subtask wget
[2022-02-03 13:48:03,246] {logging_mixin.py:109} INFO - Running <TaskInstance: LocalIngestionDag.wget scheduled__2020-08-02T06:00:00+00:00 [running]> on host 2b92176b720f
[2022-02-03 13:48:03,307] {warnings.py:110} WARNING - /home/***/.local/lib/python3.7/site-packages/***/utils/context.py:152: AirflowContextDeprecationWarning: Accessing 'execution_date' from the template is deprecated and will be removed in a future version. Please use 'data_interval_start' or 'logical_date' instead.
  warnings.warn(_create_deprecation_warning(key, self._deprecation_replacements[key]))

[2022-02-03 13:48:03,336] {taskinstance.py:1426} INFO - Exporting the following env vars:
AIRFLOW_CTX_DAG_OWNER=***
AIRFLOW_CTX_DAG_ID=LocalIngestionDag
AIRFLOW_CTX_TASK_ID=wget
AIRFLOW_CTX_EXECUTION_DATE=2020-08-02T06:00:00+00:00
AIRFLOW_CTX_DAG_RUN_ID=scheduled__2020-08-02T06:00:00+00:00
[2022-02-03 13:48:03,337] {subprocess.py:62} INFO - Tmp dir root location: 
 /tmp
[2022-02-03 13:48:03,337] {subprocess.py:74} INFO - Running command: ['bash', '-c', 'echo "2020-m%"']
[2022-02-03 13:48:03,353] {subprocess.py:85} INFO - Output:
[2022-02-03 13:48:03,355] {subprocess.py:89} INFO - 2020-m%
[2022-02-03 13:48:03,356] {subprocess.py:93} INFO - Command exited with return code 0
[2022-02-03 13:48:03,396] {taskinstance.py:1277} INFO - Marking task as SUCCESS. dag_id=LocalIngestionDag, task_id=wget, execution_date=20200802T060000, start_date=20220203T134802, end_date=20220203T134803
[2022-02-03 13:48:03,437] {local_task_job.py:154} INFO - Task exited with return code 0
[2022-02-03 13:48:03,490] {local_task_job.py:264} INFO - 0 downstream tasks scheduled from follow-on schedule check
[2022-02-03 14:00:08,109] {taskinstance.py:1032} INFO - Dependencies all met for <TaskInstance: LocalIngestionDag.wget scheduled__2020-08-02T06:00:00+00:00 [queued]>
[2022-02-03 14:00:08,207] {taskinstance.py:1032} INFO - Dependencies all met for <TaskInstance: LocalIngestionDag.wget scheduled__2020-08-02T06:00:00+00:00 [queued]>
[2022-02-03 14:00:08,207] {taskinstance.py:1238} INFO - 
--------------------------------------------------------------------------------
[2022-02-03 14:00:08,207] {taskinstance.py:1239} INFO - Starting attempt 1 of 1
[2022-02-03 14:00:08,207] {taskinstance.py:1240} INFO - 
--------------------------------------------------------------------------------
[2022-02-03 14:00:08,309] {taskinstance.py:1259} INFO - Executing <Task(BashOperator): wget> on 2020-08-02 06:00:00+00:00
[2022-02-03 14:00:08,332] {standard_task_runner.py:52} INFO - Started process 134 to run task
[2022-02-03 14:00:08,356] {standard_task_runner.py:76} INFO - Running: ['***', 'tasks', 'run', 'LocalIngestionDag', 'wget', 'scheduled__2020-08-02T06:00:00+00:00', '--job-id', '89', '--raw', '--subdir', 'DAGS_FOLDER/data_ingestion_localDB_dag.py', '--cfg-path', '/tmp/tmpkpt_xxky', '--error-file', '/tmp/tmpev34qh2v']
[2022-02-03 14:00:08,358] {standard_task_runner.py:77} INFO - Job 89: Subtask wget
[2022-02-03 14:00:08,994] {logging_mixin.py:109} INFO - Running <TaskInstance: LocalIngestionDag.wget scheduled__2020-08-02T06:00:00+00:00 [running]> on host cd3baa871297
[2022-02-03 14:00:09,588] {warnings.py:110} WARNING - /home/***/.local/lib/python3.7/site-packages/***/utils/context.py:152: AirflowContextDeprecationWarning: Accessing 'execution_date' from the template is deprecated and will be removed in a future version. Please use 'data_interval_start' or 'logical_date' instead.
  warnings.warn(_create_deprecation_warning(key, self._deprecation_replacements[key]))

[2022-02-03 14:00:09,774] {taskinstance.py:1426} INFO - Exporting the following env vars:
AIRFLOW_CTX_DAG_OWNER=***
AIRFLOW_CTX_DAG_ID=LocalIngestionDag
AIRFLOW_CTX_TASK_ID=wget
AIRFLOW_CTX_EXECUTION_DATE=2020-08-02T06:00:00+00:00
AIRFLOW_CTX_DAG_RUN_ID=scheduled__2020-08-02T06:00:00+00:00
[2022-02-03 14:00:09,790] {subprocess.py:62} INFO - Tmp dir root location: 
 /tmp
[2022-02-03 14:00:09,810] {subprocess.py:74} INFO - Running command: ['bash', '-c', 'echo "2020-08"']
[2022-02-03 14:00:10,031] {subprocess.py:85} INFO - Output:
[2022-02-03 14:00:10,036] {subprocess.py:89} INFO - 2020-08
[2022-02-03 14:00:10,079] {subprocess.py:93} INFO - Command exited with return code 0
[2022-02-03 14:00:10,350] {taskinstance.py:1277} INFO - Marking task as SUCCESS. dag_id=LocalIngestionDag, task_id=wget, execution_date=20200802T060000, start_date=20220203T140008, end_date=20220203T140010
[2022-02-03 14:00:10,930] {local_task_job.py:154} INFO - Task exited with return code 0
[2022-02-03 14:00:12,131] {local_task_job.py:264} INFO - 0 downstream tasks scheduled from follow-on schedule check
