[2022-02-03 18:18:15,910] {taskinstance.py:1032} INFO - Dependencies all met for <TaskInstance: fhv_gcs_dag.delete_the_local_file scheduled__2019-07-02T00:00:00+00:00 [queued]>
[2022-02-03 18:18:15,928] {taskinstance.py:1032} INFO - Dependencies all met for <TaskInstance: fhv_gcs_dag.delete_the_local_file scheduled__2019-07-02T00:00:00+00:00 [queued]>
[2022-02-03 18:18:15,928] {taskinstance.py:1238} INFO - 
--------------------------------------------------------------------------------
[2022-02-03 18:18:15,928] {taskinstance.py:1239} INFO - Starting attempt 1 of 2
[2022-02-03 18:18:15,929] {taskinstance.py:1240} INFO - 
--------------------------------------------------------------------------------
[2022-02-03 18:18:15,951] {taskinstance.py:1259} INFO - Executing <Task(BashOperator): delete_the_local_file> on 2019-07-02 00:00:00+00:00
[2022-02-03 18:18:15,959] {standard_task_runner.py:52} INFO - Started process 1162 to run task
[2022-02-03 18:18:15,965] {standard_task_runner.py:76} INFO - Running: ['***', 'tasks', 'run', 'fhv_gcs_dag', 'delete_the_local_file', 'scheduled__2019-07-02T00:00:00+00:00', '--job-id', '177', '--raw', '--subdir', 'DAGS_FOLDER/fhv_gcs_dag.py', '--cfg-path', '/tmp/tmp_skfzi1z', '--error-file', '/tmp/tmpxkraddzx']
[2022-02-03 18:18:15,966] {standard_task_runner.py:77} INFO - Job 177: Subtask delete_the_local_file
[2022-02-03 18:18:16,059] {logging_mixin.py:109} INFO - Running <TaskInstance: fhv_gcs_dag.delete_the_local_file scheduled__2019-07-02T00:00:00+00:00 [running]> on host bd2f56b76e32
[2022-02-03 18:18:16,114] {warnings.py:110} WARNING - /home/***/.local/lib/python3.7/site-packages/***/utils/context.py:152: AirflowContextDeprecationWarning: Accessing 'execution_date' from the template is deprecated and will be removed in a future version. Please use 'data_interval_start' or 'logical_date' instead.
  warnings.warn(_create_deprecation_warning(key, self._deprecation_replacements[key]))

[2022-02-03 18:18:16,136] {taskinstance.py:1426} INFO - Exporting the following env vars:
AIRFLOW_CTX_DAG_OWNER=***
AIRFLOW_CTX_DAG_ID=fhv_gcs_dag
AIRFLOW_CTX_TASK_ID=delete_the_local_file
AIRFLOW_CTX_EXECUTION_DATE=2019-07-02T00:00:00+00:00
AIRFLOW_CTX_DAG_RUN_ID=scheduled__2019-07-02T00:00:00+00:00
[2022-02-03 18:18:16,137] {subprocess.py:62} INFO - Tmp dir root location: 
 /tmp
[2022-02-03 18:18:16,138] {subprocess.py:74} INFO - Running command: ['bash', '-c', 'rm /opt/***/output_2019-07.csv | rm /opt/***/output_2019-07.parquet']
[2022-02-03 18:18:16,153] {subprocess.py:85} INFO - Output:
[2022-02-03 18:18:16,185] {subprocess.py:93} INFO - Command exited with return code 0
[2022-02-03 18:18:16,219] {taskinstance.py:1277} INFO - Marking task as SUCCESS. dag_id=fhv_gcs_dag, task_id=delete_the_local_file, execution_date=20190702T000000, start_date=20220203T181815, end_date=20220203T181816
[2022-02-03 18:18:16,258] {local_task_job.py:154} INFO - Task exited with return code 0
[2022-02-03 18:18:16,296] {local_task_job.py:264} INFO - 0 downstream tasks scheduled from follow-on schedule check
