[2022-02-09 20:34:14,763] {taskinstance.py:1032} INFO - Dependencies all met for <TaskInstance: green_taxi_gcs_dag.format_to_parquet_task scheduled__2019-11-02T00:00:00+00:00 [queued]>
[2022-02-09 20:34:14,857] {taskinstance.py:1032} INFO - Dependencies all met for <TaskInstance: green_taxi_gcs_dag.format_to_parquet_task scheduled__2019-11-02T00:00:00+00:00 [queued]>
[2022-02-09 20:34:14,857] {taskinstance.py:1238} INFO - 
--------------------------------------------------------------------------------
[2022-02-09 20:34:14,857] {taskinstance.py:1239} INFO - Starting attempt 1 of 2
[2022-02-09 20:34:14,857] {taskinstance.py:1240} INFO - 
--------------------------------------------------------------------------------
[2022-02-09 20:34:14,906] {taskinstance.py:1259} INFO - Executing <Task(PythonOperator): format_to_parquet_task> on 2019-11-02 00:00:00+00:00
[2022-02-09 20:34:14,922] {standard_task_runner.py:52} INFO - Started process 430 to run task
[2022-02-09 20:34:14,929] {standard_task_runner.py:76} INFO - Running: ['***', 'tasks', 'run', 'green_taxi_gcs_dag', 'format_to_parquet_task', 'scheduled__2019-11-02T00:00:00+00:00', '--job-id', '64', '--raw', '--subdir', 'DAGS_FOLDER/green_gcs_dag.py', '--cfg-path', '/tmp/tmp3hw7kpfg', '--error-file', '/tmp/tmppzgr7_gs']
[2022-02-09 20:34:14,947] {standard_task_runner.py:77} INFO - Job 64: Subtask format_to_parquet_task
[2022-02-09 20:34:15,361] {logging_mixin.py:109} INFO - Running <TaskInstance: green_taxi_gcs_dag.format_to_parquet_task scheduled__2019-11-02T00:00:00+00:00 [running]> on host 4f97b6b16bdb
[2022-02-09 20:34:15,668] {warnings.py:110} WARNING - /home/***/.local/lib/python3.7/site-packages/***/utils/context.py:152: AirflowContextDeprecationWarning: Accessing 'execution_date' from the template is deprecated and will be removed in a future version. Please use 'data_interval_start' or 'logical_date' instead.
  warnings.warn(_create_deprecation_warning(key, self._deprecation_replacements[key]))

[2022-02-09 20:34:15,779] {taskinstance.py:1426} INFO - Exporting the following env vars:
AIRFLOW_CTX_DAG_OWNER=***
AIRFLOW_CTX_DAG_ID=green_taxi_gcs_dag
AIRFLOW_CTX_TASK_ID=format_to_parquet_task
AIRFLOW_CTX_EXECUTION_DATE=2019-11-02T00:00:00+00:00
AIRFLOW_CTX_DAG_RUN_ID=scheduled__2019-11-02T00:00:00+00:00
[2022-02-09 20:34:18,110] {python.py:175} INFO - Done. Returned value was: None
[2022-02-09 20:34:18,153] {taskinstance.py:1277} INFO - Marking task as SUCCESS. dag_id=green_taxi_gcs_dag, task_id=format_to_parquet_task, execution_date=20191102T000000, start_date=20220209T203414, end_date=20220209T203418
[2022-02-09 20:34:18,280] {local_task_job.py:154} INFO - Task exited with return code 0
[2022-02-09 20:34:18,409] {local_task_job.py:264} INFO - 1 downstream tasks scheduled from follow-on schedule check
[2022-02-09 20:45:13,933] {taskinstance.py:1032} INFO - Dependencies all met for <TaskInstance: green_taxi_gcs_dag.format_to_parquet_task scheduled__2019-11-02T00:00:00+00:00 [queued]>
[2022-02-09 20:45:13,956] {taskinstance.py:1032} INFO - Dependencies all met for <TaskInstance: green_taxi_gcs_dag.format_to_parquet_task scheduled__2019-11-02T00:00:00+00:00 [queued]>
[2022-02-09 20:45:13,956] {taskinstance.py:1238} INFO - 
--------------------------------------------------------------------------------
[2022-02-09 20:45:13,956] {taskinstance.py:1239} INFO - Starting attempt 1 of 2
[2022-02-09 20:45:13,956] {taskinstance.py:1240} INFO - 
--------------------------------------------------------------------------------
[2022-02-09 20:45:13,986] {taskinstance.py:1259} INFO - Executing <Task(PythonOperator): format_to_parquet_task> on 2019-11-02 00:00:00+00:00
[2022-02-09 20:45:13,993] {standard_task_runner.py:52} INFO - Started process 844 to run task
[2022-02-09 20:45:14,003] {standard_task_runner.py:76} INFO - Running: ['***', 'tasks', 'run', 'green_taxi_gcs_dag', 'format_to_parquet_task', 'scheduled__2019-11-02T00:00:00+00:00', '--job-id', '158', '--raw', '--subdir', 'DAGS_FOLDER/green_gcs_dag.py', '--cfg-path', '/tmp/tmpcjhcq33h', '--error-file', '/tmp/tmppkzdw0sj']
[2022-02-09 20:45:14,004] {standard_task_runner.py:77} INFO - Job 158: Subtask format_to_parquet_task
[2022-02-09 20:45:14,112] {logging_mixin.py:109} INFO - Running <TaskInstance: green_taxi_gcs_dag.format_to_parquet_task scheduled__2019-11-02T00:00:00+00:00 [running]> on host 4f97b6b16bdb
[2022-02-09 20:45:14,172] {warnings.py:110} WARNING - /home/***/.local/lib/python3.7/site-packages/***/utils/context.py:152: AirflowContextDeprecationWarning: Accessing 'execution_date' from the template is deprecated and will be removed in a future version. Please use 'data_interval_start' or 'logical_date' instead.
  warnings.warn(_create_deprecation_warning(key, self._deprecation_replacements[key]))

[2022-02-09 20:45:14,210] {taskinstance.py:1426} INFO - Exporting the following env vars:
AIRFLOW_CTX_DAG_OWNER=***
AIRFLOW_CTX_DAG_ID=green_taxi_gcs_dag
AIRFLOW_CTX_TASK_ID=format_to_parquet_task
AIRFLOW_CTX_EXECUTION_DATE=2019-11-02T00:00:00+00:00
AIRFLOW_CTX_DAG_RUN_ID=scheduled__2019-11-02T00:00:00+00:00
[2022-02-09 20:45:15,189] {python.py:175} INFO - Done. Returned value was: None
[2022-02-09 20:45:15,207] {taskinstance.py:1277} INFO - Marking task as SUCCESS. dag_id=green_taxi_gcs_dag, task_id=format_to_parquet_task, execution_date=20191102T000000, start_date=20220209T204513, end_date=20220209T204515
[2022-02-09 20:45:15,296] {local_task_job.py:154} INFO - Task exited with return code 0
[2022-02-09 20:45:15,358] {local_task_job.py:264} INFO - 1 downstream tasks scheduled from follow-on schedule check
[2022-02-20 00:07:18,849] {taskinstance.py:1032} INFO - Dependencies all met for <TaskInstance: green_taxi_gcs_dag.format_to_parquet_task scheduled__2019-11-02T00:00:00+00:00 [queued]>
[2022-02-20 00:07:18,869] {taskinstance.py:1032} INFO - Dependencies all met for <TaskInstance: green_taxi_gcs_dag.format_to_parquet_task scheduled__2019-11-02T00:00:00+00:00 [queued]>
[2022-02-20 00:07:18,869] {taskinstance.py:1238} INFO - 
--------------------------------------------------------------------------------
[2022-02-20 00:07:18,870] {taskinstance.py:1239} INFO - Starting attempt 1 of 2
[2022-02-20 00:07:18,870] {taskinstance.py:1240} INFO - 
--------------------------------------------------------------------------------
[2022-02-20 00:07:18,900] {taskinstance.py:1259} INFO - Executing <Task(PythonOperator): format_to_parquet_task> on 2019-11-02 00:00:00+00:00
[2022-02-20 00:07:18,914] {standard_task_runner.py:52} INFO - Started process 805 to run task
[2022-02-20 00:07:18,932] {standard_task_runner.py:76} INFO - Running: ['***', 'tasks', 'run', 'green_taxi_gcs_dag', 'format_to_parquet_task', 'scheduled__2019-11-02T00:00:00+00:00', '--job-id', '350', '--raw', '--subdir', 'DAGS_FOLDER/green_gcs_dag.py', '--cfg-path', '/tmp/tmp1lqapmyt', '--error-file', '/tmp/tmpziuk7y1r']
[2022-02-20 00:07:18,934] {standard_task_runner.py:77} INFO - Job 350: Subtask format_to_parquet_task
[2022-02-20 00:07:19,056] {logging_mixin.py:109} INFO - Running <TaskInstance: green_taxi_gcs_dag.format_to_parquet_task scheduled__2019-11-02T00:00:00+00:00 [running]> on host da07aa254901
[2022-02-20 00:07:19,112] {warnings.py:110} WARNING - /home/***/.local/lib/python3.7/site-packages/***/utils/context.py:152: AirflowContextDeprecationWarning: Accessing 'execution_date' from the template is deprecated and will be removed in a future version. Please use 'data_interval_start' or 'logical_date' instead.
  warnings.warn(_create_deprecation_warning(key, self._deprecation_replacements[key]))

[2022-02-20 00:07:19,133] {taskinstance.py:1426} INFO - Exporting the following env vars:
AIRFLOW_CTX_DAG_OWNER=***
AIRFLOW_CTX_DAG_ID=green_taxi_gcs_dag
AIRFLOW_CTX_TASK_ID=format_to_parquet_task
AIRFLOW_CTX_EXECUTION_DATE=2019-11-02T00:00:00+00:00
AIRFLOW_CTX_DAG_RUN_ID=scheduled__2019-11-02T00:00:00+00:00
[2022-02-20 00:07:19,911] {python.py:175} INFO - Done. Returned value was: None
[2022-02-20 00:07:19,931] {taskinstance.py:1277} INFO - Marking task as SUCCESS. dag_id=green_taxi_gcs_dag, task_id=format_to_parquet_task, execution_date=20191102T000000, start_date=20220220T000718, end_date=20220220T000719
[2022-02-20 00:07:20,017] {local_task_job.py:154} INFO - Task exited with return code 0
[2022-02-20 00:07:20,072] {local_task_job.py:264} INFO - 1 downstream tasks scheduled from follow-on schedule check
[2022-02-20 02:00:46,668] {taskinstance.py:1032} INFO - Dependencies all met for <TaskInstance: green_taxi_gcs_dag.format_to_parquet_task scheduled__2019-11-02T00:00:00+00:00 [queued]>
[2022-02-20 02:00:46,697] {taskinstance.py:1032} INFO - Dependencies all met for <TaskInstance: green_taxi_gcs_dag.format_to_parquet_task scheduled__2019-11-02T00:00:00+00:00 [queued]>
[2022-02-20 02:00:46,699] {taskinstance.py:1238} INFO - 
--------------------------------------------------------------------------------
[2022-02-20 02:00:46,699] {taskinstance.py:1239} INFO - Starting attempt 1 of 2
[2022-02-20 02:00:46,699] {taskinstance.py:1240} INFO - 
--------------------------------------------------------------------------------
[2022-02-20 02:00:46,724] {taskinstance.py:1259} INFO - Executing <Task(PythonOperator): format_to_parquet_task> on 2019-11-02 00:00:00+00:00
[2022-02-20 02:00:46,733] {standard_task_runner.py:52} INFO - Started process 486 to run task
[2022-02-20 02:00:46,751] {standard_task_runner.py:76} INFO - Running: ['***', 'tasks', 'run', 'green_taxi_gcs_dag', 'format_to_parquet_task', 'scheduled__2019-11-02T00:00:00+00:00', '--job-id', '557', '--raw', '--subdir', 'DAGS_FOLDER/green_gcs_dag.py', '--cfg-path', '/tmp/tmppts_p5bg', '--error-file', '/tmp/tmp4rnfyhku']
[2022-02-20 02:00:46,755] {standard_task_runner.py:77} INFO - Job 557: Subtask format_to_parquet_task
[2022-02-20 02:00:46,939] {logging_mixin.py:109} INFO - Running <TaskInstance: green_taxi_gcs_dag.format_to_parquet_task scheduled__2019-11-02T00:00:00+00:00 [running]> on host 5484a3a1f7c3
[2022-02-20 02:00:47,011] {warnings.py:110} WARNING - /home/***/.local/lib/python3.7/site-packages/***/utils/context.py:152: AirflowContextDeprecationWarning: Accessing 'execution_date' from the template is deprecated and will be removed in a future version. Please use 'data_interval_start' or 'logical_date' instead.
  warnings.warn(_create_deprecation_warning(key, self._deprecation_replacements[key]))

[2022-02-20 02:00:47,036] {taskinstance.py:1426} INFO - Exporting the following env vars:
AIRFLOW_CTX_DAG_OWNER=***
AIRFLOW_CTX_DAG_ID=green_taxi_gcs_dag
AIRFLOW_CTX_TASK_ID=format_to_parquet_task
AIRFLOW_CTX_EXECUTION_DATE=2019-11-02T00:00:00+00:00
AIRFLOW_CTX_DAG_RUN_ID=scheduled__2019-11-02T00:00:00+00:00
[2022-02-20 02:00:47,961] {python.py:175} INFO - Done. Returned value was: None
[2022-02-20 02:00:47,988] {taskinstance.py:1277} INFO - Marking task as SUCCESS. dag_id=green_taxi_gcs_dag, task_id=format_to_parquet_task, execution_date=20191102T000000, start_date=20220220T020046, end_date=20220220T020047
[2022-02-20 02:00:48,156] {local_task_job.py:154} INFO - Task exited with return code 0
[2022-02-20 02:00:48,272] {local_task_job.py:264} INFO - 1 downstream tasks scheduled from follow-on schedule check
