[2022-02-03 17:20:22,426] {taskinstance.py:1032} INFO - Dependencies all met for <TaskInstance: yellow_taxi_gcs_dag.local_to_gcs_task scheduled__2019-08-02T00:00:00+00:00 [queued]>
[2022-02-03 17:20:22,466] {taskinstance.py:1032} INFO - Dependencies all met for <TaskInstance: yellow_taxi_gcs_dag.local_to_gcs_task scheduled__2019-08-02T00:00:00+00:00 [queued]>
[2022-02-03 17:20:22,466] {taskinstance.py:1238} INFO - 
--------------------------------------------------------------------------------
[2022-02-03 17:20:22,466] {taskinstance.py:1239} INFO - Starting attempt 1 of 2
[2022-02-03 17:20:22,467] {taskinstance.py:1240} INFO - 
--------------------------------------------------------------------------------
[2022-02-03 17:20:22,509] {taskinstance.py:1259} INFO - Executing <Task(PythonOperator): local_to_gcs_task> on 2019-08-02 00:00:00+00:00
[2022-02-03 17:20:22,543] {standard_task_runner.py:52} INFO - Started process 2625 to run task
[2022-02-03 17:20:22,557] {standard_task_runner.py:76} INFO - Running: ['***', 'tasks', 'run', 'yellow_taxi_gcs_dag', 'local_to_gcs_task', 'scheduled__2019-08-02T00:00:00+00:00', '--job-id', '72', '--raw', '--subdir', 'DAGS_FOLDER/yellow_taxi_gcs_dag.py', '--cfg-path', '/tmp/tmptbczgs9c', '--error-file', '/tmp/tmpcvvrwzok']
[2022-02-03 17:20:22,564] {standard_task_runner.py:77} INFO - Job 72: Subtask local_to_gcs_task
[2022-02-03 17:20:22,704] {logging_mixin.py:109} INFO - Running <TaskInstance: yellow_taxi_gcs_dag.local_to_gcs_task scheduled__2019-08-02T00:00:00+00:00 [running]> on host 7e458922b35d
[2022-02-03 17:20:22,907] {warnings.py:110} WARNING - /home/***/.local/lib/python3.7/site-packages/***/utils/context.py:152: AirflowContextDeprecationWarning: Accessing 'execution_date' from the template is deprecated and will be removed in a future version. Please use 'data_interval_start' or 'logical_date' instead.
  warnings.warn(_create_deprecation_warning(key, self._deprecation_replacements[key]))

[2022-02-03 17:20:23,022] {taskinstance.py:1426} INFO - Exporting the following env vars:
AIRFLOW_CTX_DAG_OWNER=***
AIRFLOW_CTX_DAG_ID=yellow_taxi_gcs_dag
AIRFLOW_CTX_TASK_ID=local_to_gcs_task
AIRFLOW_CTX_EXECUTION_DATE=2019-08-02T00:00:00+00:00
AIRFLOW_CTX_DAG_RUN_ID=scheduled__2019-08-02T00:00:00+00:00
[2022-02-03 17:20:39,650] {python.py:175} INFO - Done. Returned value was: None
[2022-02-03 17:20:39,668] {taskinstance.py:1277} INFO - Marking task as SUCCESS. dag_id=yellow_taxi_gcs_dag, task_id=local_to_gcs_task, execution_date=20190802T000000, start_date=20220203T172022, end_date=20220203T172039
[2022-02-03 17:20:39,741] {local_task_job.py:154} INFO - Task exited with return code 0
[2022-02-03 17:20:39,788] {local_task_job.py:264} INFO - 1 downstream tasks scheduled from follow-on schedule check
[2022-02-20 00:25:33,983] {taskinstance.py:1032} INFO - Dependencies all met for <TaskInstance: yellow_taxi_gcs_dag.local_to_gcs_task scheduled__2019-08-02T00:00:00+00:00 [queued]>
[2022-02-20 00:25:34,007] {taskinstance.py:1032} INFO - Dependencies all met for <TaskInstance: yellow_taxi_gcs_dag.local_to_gcs_task scheduled__2019-08-02T00:00:00+00:00 [queued]>
[2022-02-20 00:25:34,008] {taskinstance.py:1238} INFO - 
--------------------------------------------------------------------------------
[2022-02-20 00:25:34,008] {taskinstance.py:1239} INFO - Starting attempt 1 of 2
[2022-02-20 00:25:34,008] {taskinstance.py:1240} INFO - 
--------------------------------------------------------------------------------
[2022-02-20 00:25:34,033] {taskinstance.py:1259} INFO - Executing <Task(PythonOperator): local_to_gcs_task> on 2019-08-02 00:00:00+00:00
[2022-02-20 00:25:34,042] {standard_task_runner.py:52} INFO - Started process 1998 to run task
[2022-02-20 00:25:34,048] {standard_task_runner.py:76} INFO - Running: ['***', 'tasks', 'run', 'yellow_taxi_gcs_dag', 'local_to_gcs_task', 'scheduled__2019-08-02T00:00:00+00:00', '--job-id', '454', '--raw', '--subdir', 'DAGS_FOLDER/yellow_taxi_gcs_dag.py', '--cfg-path', '/tmp/tmpk6jok11h', '--error-file', '/tmp/tmpqrud4c4s']
[2022-02-20 00:25:34,050] {standard_task_runner.py:77} INFO - Job 454: Subtask local_to_gcs_task
[2022-02-20 00:25:34,178] {logging_mixin.py:109} INFO - Running <TaskInstance: yellow_taxi_gcs_dag.local_to_gcs_task scheduled__2019-08-02T00:00:00+00:00 [running]> on host da07aa254901
[2022-02-20 00:25:34,301] {warnings.py:110} WARNING - /home/***/.local/lib/python3.7/site-packages/***/utils/context.py:152: AirflowContextDeprecationWarning: Accessing 'execution_date' from the template is deprecated and will be removed in a future version. Please use 'data_interval_start' or 'logical_date' instead.
  warnings.warn(_create_deprecation_warning(key, self._deprecation_replacements[key]))

[2022-02-20 00:25:34,333] {taskinstance.py:1426} INFO - Exporting the following env vars:
AIRFLOW_CTX_DAG_OWNER=***
AIRFLOW_CTX_DAG_ID=yellow_taxi_gcs_dag
AIRFLOW_CTX_TASK_ID=local_to_gcs_task
AIRFLOW_CTX_EXECUTION_DATE=2019-08-02T00:00:00+00:00
AIRFLOW_CTX_DAG_RUN_ID=scheduled__2019-08-02T00:00:00+00:00
[2022-02-20 00:25:47,252] {python.py:175} INFO - Done. Returned value was: None
[2022-02-20 00:25:47,272] {taskinstance.py:1277} INFO - Marking task as SUCCESS. dag_id=yellow_taxi_gcs_dag, task_id=local_to_gcs_task, execution_date=20190802T000000, start_date=20220220T002533, end_date=20220220T002547
[2022-02-20 00:25:47,348] {local_task_job.py:154} INFO - Task exited with return code 0
[2022-02-20 00:25:47,442] {local_task_job.py:264} INFO - 1 downstream tasks scheduled from follow-on schedule check
