[2022-02-03 18:17:20,241] {taskinstance.py:1032} INFO - Dependencies all met for <TaskInstance: fhv_gcs_dag.format_to_parquet_task scheduled__2019-01-02T00:00:00+00:00 [queued]>
[2022-02-03 18:17:20,257] {taskinstance.py:1032} INFO - Dependencies all met for <TaskInstance: fhv_gcs_dag.format_to_parquet_task scheduled__2019-01-02T00:00:00+00:00 [queued]>
[2022-02-03 18:17:20,257] {taskinstance.py:1238} INFO - 
--------------------------------------------------------------------------------
[2022-02-03 18:17:20,257] {taskinstance.py:1239} INFO - Starting attempt 1 of 2
[2022-02-03 18:17:20,257] {taskinstance.py:1240} INFO - 
--------------------------------------------------------------------------------
[2022-02-03 18:17:20,274] {taskinstance.py:1259} INFO - Executing <Task(PythonOperator): format_to_parquet_task> on 2019-01-02 00:00:00+00:00
[2022-02-03 18:17:20,280] {standard_task_runner.py:52} INFO - Started process 1071 to run task
[2022-02-03 18:17:20,284] {standard_task_runner.py:76} INFO - Running: ['***', 'tasks', 'run', 'fhv_gcs_dag', 'format_to_parquet_task', 'scheduled__2019-01-02T00:00:00+00:00', '--job-id', '166', '--raw', '--subdir', 'DAGS_FOLDER/fhv_gcs_dag.py', '--cfg-path', '/tmp/tmpbznidhqg', '--error-file', '/tmp/tmpy1igp38i']
[2022-02-03 18:17:20,285] {standard_task_runner.py:77} INFO - Job 166: Subtask format_to_parquet_task
[2022-02-03 18:17:20,348] {logging_mixin.py:109} INFO - Running <TaskInstance: fhv_gcs_dag.format_to_parquet_task scheduled__2019-01-02T00:00:00+00:00 [running]> on host bd2f56b76e32
[2022-02-03 18:17:20,418] {warnings.py:110} WARNING - /home/***/.local/lib/python3.7/site-packages/***/utils/context.py:152: AirflowContextDeprecationWarning: Accessing 'execution_date' from the template is deprecated and will be removed in a future version. Please use 'data_interval_start' or 'logical_date' instead.
  warnings.warn(_create_deprecation_warning(key, self._deprecation_replacements[key]))

[2022-02-03 18:17:20,446] {taskinstance.py:1426} INFO - Exporting the following env vars:
AIRFLOW_CTX_DAG_OWNER=***
AIRFLOW_CTX_DAG_ID=fhv_gcs_dag
AIRFLOW_CTX_TASK_ID=format_to_parquet_task
AIRFLOW_CTX_EXECUTION_DATE=2019-01-02T00:00:00+00:00
AIRFLOW_CTX_DAG_RUN_ID=scheduled__2019-01-02T00:00:00+00:00
[2022-02-03 18:17:34,196] {python.py:175} INFO - Done. Returned value was: None
[2022-02-03 18:17:34,211] {taskinstance.py:1277} INFO - Marking task as SUCCESS. dag_id=fhv_gcs_dag, task_id=format_to_parquet_task, execution_date=20190102T000000, start_date=20220203T181720, end_date=20220203T181734
[2022-02-03 18:17:34,563] {local_task_job.py:154} INFO - Task exited with return code 0
[2022-02-03 18:17:34,664] {local_task_job.py:264} INFO - 0 downstream tasks scheduled from follow-on schedule check
