[2022-02-23 20:54:16,176] {taskinstance.py:1032} INFO - Dependencies all met for <TaskInstance: fhv_gcs_dag.format_to_parquet_task scheduled__2019-01-02T00:00:00+00:00 [queued]>
[2022-02-23 20:54:16,190] {taskinstance.py:1032} INFO - Dependencies all met for <TaskInstance: fhv_gcs_dag.format_to_parquet_task scheduled__2019-01-02T00:00:00+00:00 [queued]>
[2022-02-23 20:54:16,190] {taskinstance.py:1238} INFO - 
--------------------------------------------------------------------------------
[2022-02-23 20:54:16,190] {taskinstance.py:1239} INFO - Starting attempt 3 of 4
[2022-02-23 20:54:16,190] {taskinstance.py:1240} INFO - 
--------------------------------------------------------------------------------
[2022-02-23 20:54:16,207] {taskinstance.py:1259} INFO - Executing <Task(PythonOperator): format_to_parquet_task> on 2019-01-02 00:00:00+00:00
[2022-02-23 20:54:16,214] {standard_task_runner.py:52} INFO - Started process 1014 to run task
[2022-02-23 20:54:16,218] {standard_task_runner.py:76} INFO - Running: ['***', 'tasks', 'run', 'fhv_gcs_dag', 'format_to_parquet_task', 'scheduled__2019-01-02T00:00:00+00:00', '--job-id', '51', '--raw', '--subdir', 'DAGS_FOLDER/fhv_gcs_dag.py', '--cfg-path', '/tmp/tmpiq2t7bhu', '--error-file', '/tmp/tmp9gkquar_']
[2022-02-23 20:54:16,219] {standard_task_runner.py:77} INFO - Job 51: Subtask format_to_parquet_task
[2022-02-23 20:54:16,290] {logging_mixin.py:109} INFO - Running <TaskInstance: fhv_gcs_dag.format_to_parquet_task scheduled__2019-01-02T00:00:00+00:00 [running]> on host 1c172e0325c8
[2022-02-23 20:54:16,348] {warnings.py:110} WARNING - /home/***/.local/lib/python3.7/site-packages/***/utils/context.py:152: AirflowContextDeprecationWarning: Accessing 'execution_date' from the template is deprecated and will be removed in a future version. Please use 'data_interval_start' or 'logical_date' instead.
  warnings.warn(_create_deprecation_warning(key, self._deprecation_replacements[key]))

[2022-02-23 20:54:16,435] {taskinstance.py:1426} INFO - Exporting the following env vars:
AIRFLOW_CTX_DAG_OWNER=***
AIRFLOW_CTX_DAG_ID=fhv_gcs_dag
AIRFLOW_CTX_TASK_ID=format_to_parquet_task
AIRFLOW_CTX_EXECUTION_DATE=2019-01-02T00:00:00+00:00
AIRFLOW_CTX_DAG_RUN_ID=scheduled__2019-01-02T00:00:00+00:00
[2022-02-23 20:54:52,791] {local_task_job.py:154} INFO - Task exited with return code Negsignal.SIGKILL
[2022-02-23 20:54:52,970] {taskinstance.py:1277} INFO - Marking task as UP_FOR_RETRY. dag_id=fhv_gcs_dag, task_id=format_to_parquet_task, execution_date=20190102T000000, start_date=20220223T205416, end_date=20220223T205452
[2022-02-23 20:54:53,058] {local_task_job.py:264} INFO - 0 downstream tasks scheduled from follow-on schedule check
