[2022-02-23 20:59:54,380] {taskinstance.py:1032} INFO - Dependencies all met for <TaskInstance: fhv_gcs_dag.format_to_parquet_task scheduled__2019-01-02T00:00:00+00:00 [queued]>
[2022-02-23 20:59:54,395] {taskinstance.py:1032} INFO - Dependencies all met for <TaskInstance: fhv_gcs_dag.format_to_parquet_task scheduled__2019-01-02T00:00:00+00:00 [queued]>
[2022-02-23 20:59:54,395] {taskinstance.py:1238} INFO - 
--------------------------------------------------------------------------------
[2022-02-23 20:59:54,395] {taskinstance.py:1239} INFO - Starting attempt 4 of 4
[2022-02-23 20:59:54,395] {taskinstance.py:1240} INFO - 
--------------------------------------------------------------------------------
[2022-02-23 20:59:54,409] {taskinstance.py:1259} INFO - Executing <Task(PythonOperator): format_to_parquet_task> on 2019-01-02 00:00:00+00:00
[2022-02-23 20:59:54,415] {standard_task_runner.py:52} INFO - Started process 1235 to run task
[2022-02-23 20:59:54,420] {standard_task_runner.py:76} INFO - Running: ['***', 'tasks', 'run', 'fhv_gcs_dag', 'format_to_parquet_task', 'scheduled__2019-01-02T00:00:00+00:00', '--job-id', '52', '--raw', '--subdir', 'DAGS_FOLDER/fhv_gcs_dag.py', '--cfg-path', '/tmp/tmp7wxin3xz', '--error-file', '/tmp/tmptwke0nyc']
[2022-02-23 20:59:54,421] {standard_task_runner.py:77} INFO - Job 52: Subtask format_to_parquet_task
[2022-02-23 20:59:54,507] {logging_mixin.py:109} INFO - Running <TaskInstance: fhv_gcs_dag.format_to_parquet_task scheduled__2019-01-02T00:00:00+00:00 [running]> on host 1c172e0325c8
[2022-02-23 20:59:54,578] {warnings.py:110} WARNING - /home/***/.local/lib/python3.7/site-packages/***/utils/context.py:152: AirflowContextDeprecationWarning: Accessing 'execution_date' from the template is deprecated and will be removed in a future version. Please use 'data_interval_start' or 'logical_date' instead.
  warnings.warn(_create_deprecation_warning(key, self._deprecation_replacements[key]))

[2022-02-23 20:59:54,603] {taskinstance.py:1426} INFO - Exporting the following env vars:
AIRFLOW_CTX_DAG_OWNER=***
AIRFLOW_CTX_DAG_ID=fhv_gcs_dag
AIRFLOW_CTX_TASK_ID=format_to_parquet_task
AIRFLOW_CTX_EXECUTION_DATE=2019-01-02T00:00:00+00:00
AIRFLOW_CTX_DAG_RUN_ID=scheduled__2019-01-02T00:00:00+00:00
[2022-02-23 21:00:08,009] {python.py:175} INFO - Done. Returned value was: None
[2022-02-23 21:00:08,024] {taskinstance.py:1277} INFO - Marking task as SUCCESS. dag_id=fhv_gcs_dag, task_id=format_to_parquet_task, execution_date=20190102T000000, start_date=20220223T205954, end_date=20220223T210008
[2022-02-23 21:00:08,318] {local_task_job.py:154} INFO - Task exited with return code 0
[2022-02-23 21:00:08,361] {local_task_job.py:264} INFO - 1 downstream tasks scheduled from follow-on schedule check
