[2022-02-03 18:19:17,554] {taskinstance.py:1032} INFO - Dependencies all met for <TaskInstance: fhv_gcs_dag.format_to_parquet_task scheduled__2019-11-02T00:00:00+00:00 [queued]>
[2022-02-03 18:19:17,566] {taskinstance.py:1032} INFO - Dependencies all met for <TaskInstance: fhv_gcs_dag.format_to_parquet_task scheduled__2019-11-02T00:00:00+00:00 [queued]>
[2022-02-03 18:19:17,566] {taskinstance.py:1238} INFO - 
--------------------------------------------------------------------------------
[2022-02-03 18:19:17,566] {taskinstance.py:1239} INFO - Starting attempt 1 of 2
[2022-02-03 18:19:17,567] {taskinstance.py:1240} INFO - 
--------------------------------------------------------------------------------
[2022-02-03 18:19:17,580] {taskinstance.py:1259} INFO - Executing <Task(PythonOperator): format_to_parquet_task> on 2019-11-02 00:00:00+00:00
[2022-02-03 18:19:17,585] {standard_task_runner.py:52} INFO - Started process 1263 to run task
[2022-02-03 18:19:17,589] {standard_task_runner.py:76} INFO - Running: ['***', 'tasks', 'run', 'fhv_gcs_dag', 'format_to_parquet_task', 'scheduled__2019-11-02T00:00:00+00:00', '--job-id', '188', '--raw', '--subdir', 'DAGS_FOLDER/fhv_gcs_dag.py', '--cfg-path', '/tmp/tmp83m6rwbx', '--error-file', '/tmp/tmpx5t6hj0j']
[2022-02-03 18:19:17,589] {standard_task_runner.py:77} INFO - Job 188: Subtask format_to_parquet_task
[2022-02-03 18:19:17,649] {logging_mixin.py:109} INFO - Running <TaskInstance: fhv_gcs_dag.format_to_parquet_task scheduled__2019-11-02T00:00:00+00:00 [running]> on host bd2f56b76e32
[2022-02-03 18:19:17,695] {warnings.py:110} WARNING - /home/***/.local/lib/python3.7/site-packages/***/utils/context.py:152: AirflowContextDeprecationWarning: Accessing 'execution_date' from the template is deprecated and will be removed in a future version. Please use 'data_interval_start' or 'logical_date' instead.
  warnings.warn(_create_deprecation_warning(key, self._deprecation_replacements[key]))

[2022-02-03 18:19:17,715] {taskinstance.py:1426} INFO - Exporting the following env vars:
AIRFLOW_CTX_DAG_OWNER=***
AIRFLOW_CTX_DAG_ID=fhv_gcs_dag
AIRFLOW_CTX_TASK_ID=format_to_parquet_task
AIRFLOW_CTX_EXECUTION_DATE=2019-11-02T00:00:00+00:00
AIRFLOW_CTX_DAG_RUN_ID=scheduled__2019-11-02T00:00:00+00:00
[2022-02-03 18:19:18,434] {python.py:175} INFO - Done. Returned value was: None
[2022-02-03 18:19:18,446] {taskinstance.py:1277} INFO - Marking task as SUCCESS. dag_id=fhv_gcs_dag, task_id=format_to_parquet_task, execution_date=20191102T000000, start_date=20220203T181917, end_date=20220203T181918
[2022-02-03 18:19:18,522] {local_task_job.py:154} INFO - Task exited with return code 0
[2022-02-03 18:19:18,566] {local_task_job.py:264} INFO - 1 downstream tasks scheduled from follow-on schedule check
<<<<<<< HEAD
[2022-02-19 23:59:47,804] {taskinstance.py:1032} INFO - Dependencies all met for <TaskInstance: fhv_gcs_dag.format_to_parquet_task scheduled__2019-11-02T00:00:00+00:00 [queued]>
[2022-02-19 23:59:47,852] {taskinstance.py:1032} INFO - Dependencies all met for <TaskInstance: fhv_gcs_dag.format_to_parquet_task scheduled__2019-11-02T00:00:00+00:00 [queued]>
[2022-02-19 23:59:47,852] {taskinstance.py:1238} INFO - 
--------------------------------------------------------------------------------
[2022-02-19 23:59:47,852] {taskinstance.py:1239} INFO - Starting attempt 1 of 2
[2022-02-19 23:59:47,852] {taskinstance.py:1240} INFO - 
--------------------------------------------------------------------------------
[2022-02-19 23:59:47,946] {taskinstance.py:1259} INFO - Executing <Task(PythonOperator): format_to_parquet_task> on 2019-11-02 00:00:00+00:00
[2022-02-19 23:59:47,957] {standard_task_runner.py:52} INFO - Started process 259 to run task
[2022-02-19 23:59:47,967] {standard_task_runner.py:76} INFO - Running: ['***', 'tasks', 'run', 'fhv_gcs_dag', 'format_to_parquet_task', 'scheduled__2019-11-02T00:00:00+00:00', '--job-id', '305', '--raw', '--subdir', 'DAGS_FOLDER/fhv_gcs_dag.py', '--cfg-path', '/tmp/tmpdmkcay7p', '--error-file', '/tmp/tmp1k4ikho8']
[2022-02-19 23:59:47,970] {standard_task_runner.py:77} INFO - Job 305: Subtask format_to_parquet_task
[2022-02-19 23:59:48,114] {logging_mixin.py:109} INFO - Running <TaskInstance: fhv_gcs_dag.format_to_parquet_task scheduled__2019-11-02T00:00:00+00:00 [running]> on host da07aa254901
[2022-02-19 23:59:48,205] {warnings.py:110} WARNING - /home/***/.local/lib/python3.7/site-packages/***/utils/context.py:152: AirflowContextDeprecationWarning: Accessing 'execution_date' from the template is deprecated and will be removed in a future version. Please use 'data_interval_start' or 'logical_date' instead.
  warnings.warn(_create_deprecation_warning(key, self._deprecation_replacements[key]))

[2022-02-19 23:59:48,249] {taskinstance.py:1426} INFO - Exporting the following env vars:
AIRFLOW_CTX_DAG_OWNER=***
AIRFLOW_CTX_DAG_ID=fhv_gcs_dag
AIRFLOW_CTX_TASK_ID=format_to_parquet_task
AIRFLOW_CTX_EXECUTION_DATE=2019-11-02T00:00:00+00:00
AIRFLOW_CTX_DAG_RUN_ID=scheduled__2019-11-02T00:00:00+00:00
[2022-02-19 23:59:49,372] {python.py:175} INFO - Done. Returned value was: None
[2022-02-19 23:59:49,388] {taskinstance.py:1277} INFO - Marking task as SUCCESS. dag_id=fhv_gcs_dag, task_id=format_to_parquet_task, execution_date=20191102T000000, start_date=20220219T235947, end_date=20220219T235949
[2022-02-19 23:59:49,458] {local_task_job.py:154} INFO - Task exited with return code 0
[2022-02-19 23:59:49,523] {local_task_job.py:264} INFO - 1 downstream tasks scheduled from follow-on schedule check
[2022-02-23 20:44:05,914] {taskinstance.py:1032} INFO - Dependencies all met for <TaskInstance: fhv_gcs_dag.format_to_parquet_task scheduled__2019-11-02T00:00:00+00:00 [queued]>
[2022-02-23 20:44:05,954] {taskinstance.py:1032} INFO - Dependencies all met for <TaskInstance: fhv_gcs_dag.format_to_parquet_task scheduled__2019-11-02T00:00:00+00:00 [queued]>
[2022-02-23 20:44:05,955] {taskinstance.py:1238} INFO - 
--------------------------------------------------------------------------------
[2022-02-23 20:44:05,955] {taskinstance.py:1239} INFO - Starting attempt 1 of 2
[2022-02-23 20:44:05,955] {taskinstance.py:1240} INFO - 
--------------------------------------------------------------------------------
[2022-02-23 20:44:06,014] {taskinstance.py:1259} INFO - Executing <Task(PythonOperator): format_to_parquet_task> on 2019-11-02 00:00:00+00:00
[2022-02-23 20:44:06,023] {standard_task_runner.py:52} INFO - Started process 560 to run task
[2022-02-23 20:44:06,027] {standard_task_runner.py:76} INFO - Running: ['***', 'tasks', 'run', 'fhv_gcs_dag', 'format_to_parquet_task', 'scheduled__2019-11-02T00:00:00+00:00', '--job-id', '44', '--raw', '--subdir', 'DAGS_FOLDER/fhv_gcs_dag.py', '--cfg-path', '/tmp/tmp7k27nvr3', '--error-file', '/tmp/tmpdpxspwy0']
[2022-02-23 20:44:06,028] {standard_task_runner.py:77} INFO - Job 44: Subtask format_to_parquet_task
[2022-02-23 20:44:06,139] {logging_mixin.py:109} INFO - Running <TaskInstance: fhv_gcs_dag.format_to_parquet_task scheduled__2019-11-02T00:00:00+00:00 [running]> on host 1c172e0325c8
[2022-02-23 20:44:06,216] {warnings.py:110} WARNING - /home/***/.local/lib/python3.7/site-packages/***/utils/context.py:152: AirflowContextDeprecationWarning: Accessing 'execution_date' from the template is deprecated and will be removed in a future version. Please use 'data_interval_start' or 'logical_date' instead.
  warnings.warn(_create_deprecation_warning(key, self._deprecation_replacements[key]))

[2022-02-23 20:44:06,244] {taskinstance.py:1426} INFO - Exporting the following env vars:
AIRFLOW_CTX_DAG_OWNER=***
AIRFLOW_CTX_DAG_ID=fhv_gcs_dag
AIRFLOW_CTX_TASK_ID=format_to_parquet_task
AIRFLOW_CTX_EXECUTION_DATE=2019-11-02T00:00:00+00:00
AIRFLOW_CTX_DAG_RUN_ID=scheduled__2019-11-02T00:00:00+00:00
[2022-02-23 20:44:07,590] {python.py:175} INFO - Done. Returned value was: None
[2022-02-23 20:44:07,610] {taskinstance.py:1277} INFO - Marking task as SUCCESS. dag_id=fhv_gcs_dag, task_id=format_to_parquet_task, execution_date=20191102T000000, start_date=20220223T204405, end_date=20220223T204407
[2022-02-23 20:44:07,729] {local_task_job.py:154} INFO - Task exited with return code 0
[2022-02-23 20:44:07,956] {local_task_job.py:264} INFO - 0 downstream tasks scheduled from follow-on schedule check
=======
>>>>>>> origin/master
