[2022-02-03 17:23:40,689] {taskinstance.py:1032} INFO - Dependencies all met for <TaskInstance: yellow_taxi_gcs_dag.delete_the_local_file scheduled__2019-11-02T00:00:00+00:00 [queued]>
[2022-02-03 17:23:40,713] {taskinstance.py:1032} INFO - Dependencies all met for <TaskInstance: yellow_taxi_gcs_dag.delete_the_local_file scheduled__2019-11-02T00:00:00+00:00 [queued]>
[2022-02-03 17:23:40,713] {taskinstance.py:1238} INFO - 
--------------------------------------------------------------------------------
[2022-02-03 17:23:40,714] {taskinstance.py:1239} INFO - Starting attempt 1 of 2
[2022-02-03 17:23:40,714] {taskinstance.py:1240} INFO - 
--------------------------------------------------------------------------------
[2022-02-03 17:23:40,735] {taskinstance.py:1259} INFO - Executing <Task(BashOperator): delete_the_local_file> on 2019-11-02 00:00:00+00:00
[2022-02-03 17:23:40,745] {standard_task_runner.py:52} INFO - Started process 2837 to run task
[2022-02-03 17:23:40,749] {standard_task_runner.py:76} INFO - Running: ['***', 'tasks', 'run', 'yellow_taxi_gcs_dag', 'delete_the_local_file', 'scheduled__2019-11-02T00:00:00+00:00', '--job-id', '86', '--raw', '--subdir', 'DAGS_FOLDER/yellow_taxi_gcs_dag.py', '--cfg-path', '/tmp/tmpv3qxul_k', '--error-file', '/tmp/tmp0s95cfhi']
[2022-02-03 17:23:40,750] {standard_task_runner.py:77} INFO - Job 86: Subtask delete_the_local_file
[2022-02-03 17:23:40,829] {logging_mixin.py:109} INFO - Running <TaskInstance: yellow_taxi_gcs_dag.delete_the_local_file scheduled__2019-11-02T00:00:00+00:00 [running]> on host 7e458922b35d
[2022-02-03 17:23:40,883] {warnings.py:110} WARNING - /home/***/.local/lib/python3.7/site-packages/***/utils/context.py:152: AirflowContextDeprecationWarning: Accessing 'execution_date' from the template is deprecated and will be removed in a future version. Please use 'data_interval_start' or 'logical_date' instead.
  warnings.warn(_create_deprecation_warning(key, self._deprecation_replacements[key]))

[2022-02-03 17:23:40,906] {taskinstance.py:1426} INFO - Exporting the following env vars:
AIRFLOW_CTX_DAG_OWNER=***
AIRFLOW_CTX_DAG_ID=yellow_taxi_gcs_dag
AIRFLOW_CTX_TASK_ID=delete_the_local_file
AIRFLOW_CTX_EXECUTION_DATE=2019-11-02T00:00:00+00:00
AIRFLOW_CTX_DAG_RUN_ID=scheduled__2019-11-02T00:00:00+00:00
[2022-02-03 17:23:40,907] {subprocess.py:62} INFO - Tmp dir root location: 
 /tmp
[2022-02-03 17:23:40,907] {subprocess.py:74} INFO - Running command: ['bash', '-c', 'rm /opt/***/output_2019-11.csv | rm /opt/***/output_2019-11.parquet']
[2022-02-03 17:23:40,921] {subprocess.py:85} INFO - Output:
[2022-02-03 17:23:40,997] {subprocess.py:93} INFO - Command exited with return code 0
[2022-02-03 17:23:41,029] {taskinstance.py:1277} INFO - Marking task as SUCCESS. dag_id=yellow_taxi_gcs_dag, task_id=delete_the_local_file, execution_date=20191102T000000, start_date=20220203T172340, end_date=20220203T172341
[2022-02-03 17:23:41,089] {local_task_job.py:154} INFO - Task exited with return code 0
[2022-02-03 17:23:41,126] {local_task_job.py:264} INFO - 0 downstream tasks scheduled from follow-on schedule check
<<<<<<< HEAD
[2022-02-20 00:27:34,407] {taskinstance.py:1032} INFO - Dependencies all met for <TaskInstance: yellow_taxi_gcs_dag.delete_the_local_file scheduled__2019-11-02T00:00:00+00:00 [queued]>
[2022-02-20 00:27:34,424] {taskinstance.py:1032} INFO - Dependencies all met for <TaskInstance: yellow_taxi_gcs_dag.delete_the_local_file scheduled__2019-11-02T00:00:00+00:00 [queued]>
[2022-02-20 00:27:34,424] {taskinstance.py:1238} INFO - 
--------------------------------------------------------------------------------
[2022-02-20 00:27:34,425] {taskinstance.py:1239} INFO - Starting attempt 1 of 2
[2022-02-20 00:27:34,425] {taskinstance.py:1240} INFO - 
--------------------------------------------------------------------------------
[2022-02-20 00:27:34,441] {taskinstance.py:1259} INFO - Executing <Task(BashOperator): delete_the_local_file> on 2019-11-02 00:00:00+00:00
[2022-02-20 00:27:34,448] {standard_task_runner.py:52} INFO - Started process 2106 to run task
[2022-02-20 00:27:34,452] {standard_task_runner.py:76} INFO - Running: ['***', 'tasks', 'run', 'yellow_taxi_gcs_dag', 'delete_the_local_file', 'scheduled__2019-11-02T00:00:00+00:00', '--job-id', '461', '--raw', '--subdir', 'DAGS_FOLDER/yellow_taxi_gcs_dag.py', '--cfg-path', '/tmp/tmpugxau1c_', '--error-file', '/tmp/tmp2_4p08kr']
[2022-02-20 00:27:34,454] {standard_task_runner.py:77} INFO - Job 461: Subtask delete_the_local_file
[2022-02-20 00:27:34,562] {logging_mixin.py:109} INFO - Running <TaskInstance: yellow_taxi_gcs_dag.delete_the_local_file scheduled__2019-11-02T00:00:00+00:00 [running]> on host da07aa254901
[2022-02-20 00:27:34,661] {warnings.py:110} WARNING - /home/***/.local/lib/python3.7/site-packages/***/utils/context.py:152: AirflowContextDeprecationWarning: Accessing 'execution_date' from the template is deprecated and will be removed in a future version. Please use 'data_interval_start' or 'logical_date' instead.
  warnings.warn(_create_deprecation_warning(key, self._deprecation_replacements[key]))

[2022-02-20 00:27:34,698] {taskinstance.py:1426} INFO - Exporting the following env vars:
AIRFLOW_CTX_DAG_OWNER=***
AIRFLOW_CTX_DAG_ID=yellow_taxi_gcs_dag
AIRFLOW_CTX_TASK_ID=delete_the_local_file
AIRFLOW_CTX_EXECUTION_DATE=2019-11-02T00:00:00+00:00
AIRFLOW_CTX_DAG_RUN_ID=scheduled__2019-11-02T00:00:00+00:00
[2022-02-20 00:27:34,699] {subprocess.py:62} INFO - Tmp dir root location: 
 /tmp
[2022-02-20 00:27:34,700] {subprocess.py:74} INFO - Running command: ['bash', '-c', 'rm /opt/***/output_2019-11.csv | rm /opt/***/output_2019-11.parquet']
[2022-02-20 00:27:34,723] {subprocess.py:85} INFO - Output:
[2022-02-20 00:27:34,792] {subprocess.py:93} INFO - Command exited with return code 0
[2022-02-20 00:27:34,876] {taskinstance.py:1277} INFO - Marking task as SUCCESS. dag_id=yellow_taxi_gcs_dag, task_id=delete_the_local_file, execution_date=20191102T000000, start_date=20220220T002734, end_date=20220220T002734
[2022-02-20 00:27:34,924] {local_task_job.py:154} INFO - Task exited with return code 0
[2022-02-20 00:27:34,969] {local_task_job.py:264} INFO - 0 downstream tasks scheduled from follow-on schedule check
=======
>>>>>>> origin/master
