[2022-02-03 13:36:48,017] {taskinstance.py:1032} INFO - Dependencies all met for <TaskInstance: yellow_taxi_gcs_dag.download_dataset_task manual__2022-02-03T13:36:46.072190+00:00 [queued]>
[2022-02-03 13:36:48,036] {taskinstance.py:1032} INFO - Dependencies all met for <TaskInstance: yellow_taxi_gcs_dag.download_dataset_task manual__2022-02-03T13:36:46.072190+00:00 [queued]>
[2022-02-03 13:36:48,036] {taskinstance.py:1238} INFO - 
--------------------------------------------------------------------------------
[2022-02-03 13:36:48,036] {taskinstance.py:1239} INFO - Starting attempt 1 of 2
[2022-02-03 13:36:48,036] {taskinstance.py:1240} INFO - 
--------------------------------------------------------------------------------
[2022-02-03 13:36:48,054] {taskinstance.py:1259} INFO - Executing <Task(BashOperator): download_dataset_task> on 2022-02-03 13:36:46.072190+00:00
[2022-02-03 13:36:48,067] {standard_task_runner.py:52} INFO - Started process 1033 to run task
[2022-02-03 13:36:48,076] {standard_task_runner.py:76} INFO - Running: ['***', 'tasks', 'run', 'yellow_taxi_gcs_dag', 'download_dataset_task', 'manual__2022-02-03T13:36:46.072190+00:00', '--job-id', '21', '--raw', '--subdir', 'DAGS_FOLDER/yellow_taxi_gcs_dag.py', '--cfg-path', '/tmp/tmpzyhwkxw7', '--error-file', '/tmp/tmp_5ovfqjx']
[2022-02-03 13:36:48,077] {standard_task_runner.py:77} INFO - Job 21: Subtask download_dataset_task
[2022-02-03 13:36:48,147] {logging_mixin.py:109} INFO - Running <TaskInstance: yellow_taxi_gcs_dag.download_dataset_task manual__2022-02-03T13:36:46.072190+00:00 [running]> on host 2b92176b720f
[2022-02-03 13:36:48,216] {taskinstance.py:1426} INFO - Exporting the following env vars:
AIRFLOW_CTX_DAG_OWNER=***
AIRFLOW_CTX_DAG_ID=yellow_taxi_gcs_dag
AIRFLOW_CTX_TASK_ID=download_dataset_task
AIRFLOW_CTX_EXECUTION_DATE=2022-02-03T13:36:46.072190+00:00
AIRFLOW_CTX_DAG_RUN_ID=manual__2022-02-03T13:36:46.072190+00:00
[2022-02-03 13:36:48,217] {subprocess.py:62} INFO - Tmp dir root location: 
 /tmp
[2022-02-03 13:36:48,218] {subprocess.py:74} INFO - Running command: ['bash', '-c', 'curl -sS https://s3.amazonaws.com/nyc-tlc/trip+data/yellow_tripdata_2019-01.csv > /opt/***/yellow_tripdata_2019-01.csv']
[2022-02-03 13:36:48,232] {subprocess.py:85} INFO - Output:
[2022-02-03 13:38:21,630] {subprocess.py:93} INFO - Command exited with return code 0
[2022-02-03 13:38:21,661] {taskinstance.py:1277} INFO - Marking task as SUCCESS. dag_id=yellow_taxi_gcs_dag, task_id=download_dataset_task, execution_date=20220203T133646, start_date=20220203T133648, end_date=20220203T133821
[2022-02-03 13:38:21,707] {local_task_job.py:154} INFO - Task exited with return code 0
[2022-02-03 13:38:21,753] {local_task_job.py:264} INFO - 1 downstream tasks scheduled from follow-on schedule check
