[2022-02-03 13:47:58,259] {taskinstance.py:1032} INFO - Dependencies all met for <TaskInstance: LocalIngestionDag.wget scheduled__2020-02-02T06:00:00+00:00 [queued]>
[2022-02-03 13:47:58,295] {taskinstance.py:1032} INFO - Dependencies all met for <TaskInstance: LocalIngestionDag.wget scheduled__2020-02-02T06:00:00+00:00 [queued]>
[2022-02-03 13:47:58,295] {taskinstance.py:1238} INFO - 
--------------------------------------------------------------------------------
[2022-02-03 13:47:58,296] {taskinstance.py:1239} INFO - Starting attempt 1 of 1
[2022-02-03 13:47:58,296] {taskinstance.py:1240} INFO - 
--------------------------------------------------------------------------------
[2022-02-03 13:47:58,322] {taskinstance.py:1259} INFO - Executing <Task(BashOperator): wget> on 2020-02-02 06:00:00+00:00
[2022-02-03 13:47:58,328] {standard_task_runner.py:52} INFO - Started process 1532 to run task
[2022-02-03 13:47:58,337] {standard_task_runner.py:76} INFO - Running: ['***', 'tasks', 'run', 'LocalIngestionDag', 'wget', 'scheduled__2020-02-02T06:00:00+00:00', '--job-id', '40', '--raw', '--subdir', 'DAGS_FOLDER/data_ingestion_localDB_dag.py', '--cfg-path', '/tmp/tmps7jchqtw', '--error-file', '/tmp/tmpd66vfjmi']
[2022-02-03 13:47:58,350] {standard_task_runner.py:77} INFO - Job 40: Subtask wget
[2022-02-03 13:47:58,600] {logging_mixin.py:109} INFO - Running <TaskInstance: LocalIngestionDag.wget scheduled__2020-02-02T06:00:00+00:00 [running]> on host 2b92176b720f
[2022-02-03 13:47:58,840] {warnings.py:110} WARNING - /home/***/.local/lib/python3.7/site-packages/***/utils/context.py:152: AirflowContextDeprecationWarning: Accessing 'execution_date' from the template is deprecated and will be removed in a future version. Please use 'data_interval_start' or 'logical_date' instead.
  warnings.warn(_create_deprecation_warning(key, self._deprecation_replacements[key]))

[2022-02-03 13:47:58,938] {taskinstance.py:1426} INFO - Exporting the following env vars:
AIRFLOW_CTX_DAG_OWNER=***
AIRFLOW_CTX_DAG_ID=LocalIngestionDag
AIRFLOW_CTX_TASK_ID=wget
AIRFLOW_CTX_EXECUTION_DATE=2020-02-02T06:00:00+00:00
AIRFLOW_CTX_DAG_RUN_ID=scheduled__2020-02-02T06:00:00+00:00
[2022-02-03 13:47:58,941] {subprocess.py:62} INFO - Tmp dir root location: 
 /tmp
[2022-02-03 13:47:58,951] {subprocess.py:74} INFO - Running command: ['bash', '-c', 'echo "2020-m%"']
[2022-02-03 13:47:59,020] {subprocess.py:85} INFO - Output:
[2022-02-03 13:47:59,022] {subprocess.py:89} INFO - 2020-m%
[2022-02-03 13:47:59,037] {subprocess.py:93} INFO - Command exited with return code 0
[2022-02-03 13:47:59,122] {taskinstance.py:1277} INFO - Marking task as SUCCESS. dag_id=LocalIngestionDag, task_id=wget, execution_date=20200202T060000, start_date=20220203T134758, end_date=20220203T134759
[2022-02-03 13:47:59,236] {local_task_job.py:154} INFO - Task exited with return code 0
[2022-02-03 13:47:59,326] {local_task_job.py:264} INFO - 0 downstream tasks scheduled from follow-on schedule check
[2022-02-03 13:59:55,610] {taskinstance.py:1032} INFO - Dependencies all met for <TaskInstance: LocalIngestionDag.wget scheduled__2020-02-02T06:00:00+00:00 [queued]>
[2022-02-03 13:59:55,676] {taskinstance.py:1032} INFO - Dependencies all met for <TaskInstance: LocalIngestionDag.wget scheduled__2020-02-02T06:00:00+00:00 [queued]>
[2022-02-03 13:59:55,677] {taskinstance.py:1238} INFO - 
--------------------------------------------------------------------------------
[2022-02-03 13:59:55,677] {taskinstance.py:1239} INFO - Starting attempt 1 of 1
[2022-02-03 13:59:55,677] {taskinstance.py:1240} INFO - 
--------------------------------------------------------------------------------
[2022-02-03 13:59:55,782] {taskinstance.py:1259} INFO - Executing <Task(BashOperator): wget> on 2020-02-02 06:00:00+00:00
[2022-02-03 13:59:55,807] {standard_task_runner.py:52} INFO - Started process 116 to run task
[2022-02-03 13:59:55,842] {standard_task_runner.py:76} INFO - Running: ['***', 'tasks', 'run', 'LocalIngestionDag', 'wget', 'scheduled__2020-02-02T06:00:00+00:00', '--job-id', '83', '--raw', '--subdir', 'DAGS_FOLDER/data_ingestion_localDB_dag.py', '--cfg-path', '/tmp/tmp35nves89', '--error-file', '/tmp/tmpdbw6fz0v']
[2022-02-03 13:59:55,842] {standard_task_runner.py:77} INFO - Job 83: Subtask wget
[2022-02-03 13:59:56,316] {logging_mixin.py:109} INFO - Running <TaskInstance: LocalIngestionDag.wget scheduled__2020-02-02T06:00:00+00:00 [running]> on host cd3baa871297
[2022-02-03 13:59:56,673] {warnings.py:110} WARNING - /home/***/.local/lib/python3.7/site-packages/***/utils/context.py:152: AirflowContextDeprecationWarning: Accessing 'execution_date' from the template is deprecated and will be removed in a future version. Please use 'data_interval_start' or 'logical_date' instead.
  warnings.warn(_create_deprecation_warning(key, self._deprecation_replacements[key]))

[2022-02-03 13:59:56,767] {taskinstance.py:1426} INFO - Exporting the following env vars:
AIRFLOW_CTX_DAG_OWNER=***
AIRFLOW_CTX_DAG_ID=LocalIngestionDag
AIRFLOW_CTX_TASK_ID=wget
AIRFLOW_CTX_EXECUTION_DATE=2020-02-02T06:00:00+00:00
AIRFLOW_CTX_DAG_RUN_ID=scheduled__2020-02-02T06:00:00+00:00
[2022-02-03 13:59:56,771] {subprocess.py:62} INFO - Tmp dir root location: 
 /tmp
[2022-02-03 13:59:56,773] {subprocess.py:74} INFO - Running command: ['bash', '-c', 'echo "2020-02"']
[2022-02-03 13:59:56,841] {subprocess.py:85} INFO - Output:
[2022-02-03 13:59:56,862] {subprocess.py:89} INFO - 2020-02
[2022-02-03 13:59:56,873] {subprocess.py:93} INFO - Command exited with return code 0
[2022-02-03 13:59:57,039] {taskinstance.py:1277} INFO - Marking task as SUCCESS. dag_id=LocalIngestionDag, task_id=wget, execution_date=20200202T060000, start_date=20220203T135955, end_date=20220203T135957
[2022-02-03 13:59:57,320] {local_task_job.py:154} INFO - Task exited with return code 0
[2022-02-03 13:59:57,539] {local_task_job.py:264} INFO - 0 downstream tasks scheduled from follow-on schedule check
