[2022-02-09 20:37:09,032] {taskinstance.py:1032} INFO - Dependencies all met for <TaskInstance: green_taxi_gcs_dag.delete_the_local_file scheduled__2020-03-02T00:00:00+00:00 [queued]>
[2022-02-09 20:37:09,126] {taskinstance.py:1032} INFO - Dependencies all met for <TaskInstance: green_taxi_gcs_dag.delete_the_local_file scheduled__2020-03-02T00:00:00+00:00 [queued]>
[2022-02-09 20:37:09,126] {taskinstance.py:1238} INFO - 
--------------------------------------------------------------------------------
[2022-02-09 20:37:09,126] {taskinstance.py:1239} INFO - Starting attempt 1 of 2
[2022-02-09 20:37:09,126] {taskinstance.py:1240} INFO - 
--------------------------------------------------------------------------------
[2022-02-09 20:37:09,230] {taskinstance.py:1259} INFO - Executing <Task(BashOperator): delete_the_local_file> on 2020-03-02 00:00:00+00:00
[2022-02-09 20:37:09,267] {standard_task_runner.py:52} INFO - Started process 148 to run task
[2022-02-09 20:37:09,288] {standard_task_runner.py:76} INFO - Running: ['***', 'tasks', 'run', 'green_taxi_gcs_dag', 'delete_the_local_file', 'scheduled__2020-03-02T00:00:00+00:00', '--job-id', '78', '--raw', '--subdir', 'DAGS_FOLDER/green_gcs_dag.py', '--cfg-path', '/tmp/tmpqopqm9d4', '--error-file', '/tmp/tmpc11n26b9']
[2022-02-09 20:37:09,295] {standard_task_runner.py:77} INFO - Job 78: Subtask delete_the_local_file
[2022-02-09 20:37:09,711] {logging_mixin.py:109} INFO - Running <TaskInstance: green_taxi_gcs_dag.delete_the_local_file scheduled__2020-03-02T00:00:00+00:00 [running]> on host 4f97b6b16bdb
[2022-02-09 20:37:10,023] {warnings.py:110} WARNING - /home/***/.local/lib/python3.7/site-packages/***/utils/context.py:152: AirflowContextDeprecationWarning: Accessing 'execution_date' from the template is deprecated and will be removed in a future version. Please use 'data_interval_start' or 'logical_date' instead.
  warnings.warn(_create_deprecation_warning(key, self._deprecation_replacements[key]))

[2022-02-09 20:37:10,114] {taskinstance.py:1426} INFO - Exporting the following env vars:
AIRFLOW_CTX_DAG_OWNER=***
AIRFLOW_CTX_DAG_ID=green_taxi_gcs_dag
AIRFLOW_CTX_TASK_ID=delete_the_local_file
AIRFLOW_CTX_EXECUTION_DATE=2020-03-02T00:00:00+00:00
AIRFLOW_CTX_DAG_RUN_ID=scheduled__2020-03-02T00:00:00+00:00
[2022-02-09 20:37:10,115] {subprocess.py:62} INFO - Tmp dir root location: 
 /tmp
[2022-02-09 20:37:10,116] {subprocess.py:74} INFO - Running command: ['bash', '-c', 'rm /opt/***/output_2020-03.csv | rm /opt/***/output_2020-03.parquet']
[2022-02-09 20:37:10,199] {subprocess.py:85} INFO - Output:
[2022-02-09 20:37:10,257] {subprocess.py:93} INFO - Command exited with return code 0
[2022-02-09 20:37:10,382] {taskinstance.py:1277} INFO - Marking task as SUCCESS. dag_id=green_taxi_gcs_dag, task_id=delete_the_local_file, execution_date=20200302T000000, start_date=20220209T203709, end_date=20220209T203710
[2022-02-09 20:37:10,613] {local_task_job.py:154} INFO - Task exited with return code 0
[2022-02-09 20:37:11,037] {local_task_job.py:264} INFO - 0 downstream tasks scheduled from follow-on schedule check
[2022-02-09 20:46:45,042] {taskinstance.py:1032} INFO - Dependencies all met for <TaskInstance: green_taxi_gcs_dag.delete_the_local_file scheduled__2020-03-02T00:00:00+00:00 [queued]>
[2022-02-09 20:46:45,090] {taskinstance.py:1032} INFO - Dependencies all met for <TaskInstance: green_taxi_gcs_dag.delete_the_local_file scheduled__2020-03-02T00:00:00+00:00 [queued]>
[2022-02-09 20:46:45,090] {taskinstance.py:1238} INFO - 
--------------------------------------------------------------------------------
[2022-02-09 20:46:45,090] {taskinstance.py:1239} INFO - Starting attempt 1 of 2
[2022-02-09 20:46:45,091] {taskinstance.py:1240} INFO - 
--------------------------------------------------------------------------------
[2022-02-09 20:46:45,142] {taskinstance.py:1259} INFO - Executing <Task(BashOperator): delete_the_local_file> on 2020-03-02 00:00:00+00:00
[2022-02-09 20:46:45,155] {standard_task_runner.py:52} INFO - Started process 978 to run task
[2022-02-09 20:46:45,159] {standard_task_runner.py:76} INFO - Running: ['***', 'tasks', 'run', 'green_taxi_gcs_dag', 'delete_the_local_file', 'scheduled__2020-03-02T00:00:00+00:00', '--job-id', '172', '--raw', '--subdir', 'DAGS_FOLDER/green_gcs_dag.py', '--cfg-path', '/tmp/tmp6g13iivl', '--error-file', '/tmp/tmp8ojbwq89']
[2022-02-09 20:46:45,160] {standard_task_runner.py:77} INFO - Job 172: Subtask delete_the_local_file
[2022-02-09 20:46:45,416] {logging_mixin.py:109} INFO - Running <TaskInstance: green_taxi_gcs_dag.delete_the_local_file scheduled__2020-03-02T00:00:00+00:00 [running]> on host 4f97b6b16bdb
[2022-02-09 20:46:45,584] {warnings.py:110} WARNING - /home/***/.local/lib/python3.7/site-packages/***/utils/context.py:152: AirflowContextDeprecationWarning: Accessing 'execution_date' from the template is deprecated and will be removed in a future version. Please use 'data_interval_start' or 'logical_date' instead.
  warnings.warn(_create_deprecation_warning(key, self._deprecation_replacements[key]))

[2022-02-09 20:46:45,657] {taskinstance.py:1426} INFO - Exporting the following env vars:
AIRFLOW_CTX_DAG_OWNER=***
AIRFLOW_CTX_DAG_ID=green_taxi_gcs_dag
AIRFLOW_CTX_TASK_ID=delete_the_local_file
AIRFLOW_CTX_EXECUTION_DATE=2020-03-02T00:00:00+00:00
AIRFLOW_CTX_DAG_RUN_ID=scheduled__2020-03-02T00:00:00+00:00
[2022-02-09 20:46:45,658] {subprocess.py:62} INFO - Tmp dir root location: 
 /tmp
[2022-02-09 20:46:45,659] {subprocess.py:74} INFO - Running command: ['bash', '-c', 'rm /opt/***/output_2020-03.csv | rm /opt/***/output_2020-03.parquet']
[2022-02-09 20:46:45,693] {subprocess.py:85} INFO - Output:
[2022-02-09 20:46:45,718] {subprocess.py:93} INFO - Command exited with return code 0
[2022-02-09 20:46:45,775] {taskinstance.py:1277} INFO - Marking task as SUCCESS. dag_id=green_taxi_gcs_dag, task_id=delete_the_local_file, execution_date=20200302T000000, start_date=20220209T204645, end_date=20220209T204645
[2022-02-09 20:46:45,854] {local_task_job.py:154} INFO - Task exited with return code 0
[2022-02-09 20:46:45,925] {local_task_job.py:264} INFO - 0 downstream tasks scheduled from follow-on schedule check
[2022-02-20 00:08:00,662] {taskinstance.py:1032} INFO - Dependencies all met for <TaskInstance: green_taxi_gcs_dag.delete_the_local_file scheduled__2020-03-02T00:00:00+00:00 [queued]>
[2022-02-20 00:08:00,704] {taskinstance.py:1032} INFO - Dependencies all met for <TaskInstance: green_taxi_gcs_dag.delete_the_local_file scheduled__2020-03-02T00:00:00+00:00 [queued]>
[2022-02-20 00:08:00,704] {taskinstance.py:1238} INFO - 
--------------------------------------------------------------------------------
[2022-02-20 00:08:00,704] {taskinstance.py:1239} INFO - Starting attempt 1 of 2
[2022-02-20 00:08:00,704] {taskinstance.py:1240} INFO - 
--------------------------------------------------------------------------------
[2022-02-20 00:08:00,724] {taskinstance.py:1259} INFO - Executing <Task(BashOperator): delete_the_local_file> on 2020-03-02 00:00:00+00:00
[2022-02-20 00:08:00,731] {standard_task_runner.py:52} INFO - Started process 946 to run task
[2022-02-20 00:08:00,735] {standard_task_runner.py:76} INFO - Running: ['***', 'tasks', 'run', 'green_taxi_gcs_dag', 'delete_the_local_file', 'scheduled__2020-03-02T00:00:00+00:00', '--job-id', '371', '--raw', '--subdir', 'DAGS_FOLDER/green_gcs_dag.py', '--cfg-path', '/tmp/tmpugl6jzmf', '--error-file', '/tmp/tmpwdb9i387']
[2022-02-20 00:08:00,737] {standard_task_runner.py:77} INFO - Job 371: Subtask delete_the_local_file
[2022-02-20 00:08:00,815] {logging_mixin.py:109} INFO - Running <TaskInstance: green_taxi_gcs_dag.delete_the_local_file scheduled__2020-03-02T00:00:00+00:00 [running]> on host da07aa254901
[2022-02-20 00:08:00,876] {warnings.py:110} WARNING - /home/***/.local/lib/python3.7/site-packages/***/utils/context.py:152: AirflowContextDeprecationWarning: Accessing 'execution_date' from the template is deprecated and will be removed in a future version. Please use 'data_interval_start' or 'logical_date' instead.
  warnings.warn(_create_deprecation_warning(key, self._deprecation_replacements[key]))

[2022-02-20 00:08:00,905] {taskinstance.py:1426} INFO - Exporting the following env vars:
AIRFLOW_CTX_DAG_OWNER=***
AIRFLOW_CTX_DAG_ID=green_taxi_gcs_dag
AIRFLOW_CTX_TASK_ID=delete_the_local_file
AIRFLOW_CTX_EXECUTION_DATE=2020-03-02T00:00:00+00:00
AIRFLOW_CTX_DAG_RUN_ID=scheduled__2020-03-02T00:00:00+00:00
[2022-02-20 00:08:00,906] {subprocess.py:62} INFO - Tmp dir root location: 
 /tmp
[2022-02-20 00:08:00,906] {subprocess.py:74} INFO - Running command: ['bash', '-c', 'rm /opt/***/output_2020-03.csv | rm /opt/***/output_2020-03.parquet']
[2022-02-20 00:08:00,933] {subprocess.py:85} INFO - Output:
[2022-02-20 00:08:00,952] {subprocess.py:93} INFO - Command exited with return code 0
[2022-02-20 00:08:01,062] {taskinstance.py:1277} INFO - Marking task as SUCCESS. dag_id=green_taxi_gcs_dag, task_id=delete_the_local_file, execution_date=20200302T000000, start_date=20220220T000800, end_date=20220220T000801
[2022-02-20 00:08:01,162] {local_task_job.py:154} INFO - Task exited with return code 0
[2022-02-20 00:08:01,249] {local_task_job.py:264} INFO - 0 downstream tasks scheduled from follow-on schedule check
[2022-02-20 02:01:30,598] {taskinstance.py:1032} INFO - Dependencies all met for <TaskInstance: green_taxi_gcs_dag.delete_the_local_file scheduled__2020-03-02T00:00:00+00:00 [queued]>
[2022-02-20 02:01:30,648] {taskinstance.py:1032} INFO - Dependencies all met for <TaskInstance: green_taxi_gcs_dag.delete_the_local_file scheduled__2020-03-02T00:00:00+00:00 [queued]>
[2022-02-20 02:01:30,648] {taskinstance.py:1238} INFO - 
--------------------------------------------------------------------------------
[2022-02-20 02:01:30,662] {taskinstance.py:1239} INFO - Starting attempt 1 of 2
[2022-02-20 02:01:30,662] {taskinstance.py:1240} INFO - 
--------------------------------------------------------------------------------
[2022-02-20 02:01:30,725] {taskinstance.py:1259} INFO - Executing <Task(BashOperator): delete_the_local_file> on 2020-03-02 00:00:00+00:00
[2022-02-20 02:01:30,761] {standard_task_runner.py:52} INFO - Started process 631 to run task
[2022-02-20 02:01:30,772] {standard_task_runner.py:76} INFO - Running: ['***', 'tasks', 'run', 'green_taxi_gcs_dag', 'delete_the_local_file', 'scheduled__2020-03-02T00:00:00+00:00', '--job-id', '577', '--raw', '--subdir', 'DAGS_FOLDER/green_gcs_dag.py', '--cfg-path', '/tmp/tmpuqrt8w4n', '--error-file', '/tmp/tmpph7p5xmj']
[2022-02-20 02:01:30,813] {standard_task_runner.py:77} INFO - Job 577: Subtask delete_the_local_file
[2022-02-20 02:01:31,172] {logging_mixin.py:109} INFO - Running <TaskInstance: green_taxi_gcs_dag.delete_the_local_file scheduled__2020-03-02T00:00:00+00:00 [running]> on host 5484a3a1f7c3
[2022-02-20 02:01:31,323] {warnings.py:110} WARNING - /home/***/.local/lib/python3.7/site-packages/***/utils/context.py:152: AirflowContextDeprecationWarning: Accessing 'execution_date' from the template is deprecated and will be removed in a future version. Please use 'data_interval_start' or 'logical_date' instead.
  warnings.warn(_create_deprecation_warning(key, self._deprecation_replacements[key]))

[2022-02-20 02:01:31,390] {taskinstance.py:1426} INFO - Exporting the following env vars:
AIRFLOW_CTX_DAG_OWNER=***
AIRFLOW_CTX_DAG_ID=green_taxi_gcs_dag
AIRFLOW_CTX_TASK_ID=delete_the_local_file
AIRFLOW_CTX_EXECUTION_DATE=2020-03-02T00:00:00+00:00
AIRFLOW_CTX_DAG_RUN_ID=scheduled__2020-03-02T00:00:00+00:00
[2022-02-20 02:01:31,391] {subprocess.py:62} INFO - Tmp dir root location: 
 /tmp
[2022-02-20 02:01:31,392] {subprocess.py:74} INFO - Running command: ['bash', '-c', 'rm /opt/***/output_2020-03.csv | rm /opt/***/output_2020-03.parquet']
[2022-02-20 02:01:31,411] {subprocess.py:85} INFO - Output:
[2022-02-20 02:01:31,427] {subprocess.py:93} INFO - Command exited with return code 0
[2022-02-20 02:01:31,489] {taskinstance.py:1277} INFO - Marking task as SUCCESS. dag_id=green_taxi_gcs_dag, task_id=delete_the_local_file, execution_date=20200302T000000, start_date=20220220T020130, end_date=20220220T020131
[2022-02-20 02:01:31,551] {local_task_job.py:154} INFO - Task exited with return code 0
[2022-02-20 02:01:31,626] {local_task_job.py:264} INFO - 0 downstream tasks scheduled from follow-on schedule check
