[2022-02-09 20:36:30,469] {taskinstance.py:1032} INFO - Dependencies all met for <TaskInstance: green_taxi_gcs_dag.delete_the_local_file scheduled__2019-12-02T00:00:00+00:00 [queued]>
[2022-02-09 20:36:30,519] {taskinstance.py:1032} INFO - Dependencies all met for <TaskInstance: green_taxi_gcs_dag.delete_the_local_file scheduled__2019-12-02T00:00:00+00:00 [queued]>
[2022-02-09 20:36:30,523] {taskinstance.py:1238} INFO - 
--------------------------------------------------------------------------------
[2022-02-09 20:36:30,523] {taskinstance.py:1239} INFO - Starting attempt 1 of 2
[2022-02-09 20:36:30,524] {taskinstance.py:1240} INFO - 
--------------------------------------------------------------------------------
[2022-02-09 20:36:30,594] {taskinstance.py:1259} INFO - Executing <Task(BashOperator): delete_the_local_file> on 2019-12-02 00:00:00+00:00
[2022-02-09 20:36:30,616] {standard_task_runner.py:52} INFO - Started process 88 to run task
[2022-02-09 20:36:30,628] {standard_task_runner.py:76} INFO - Running: ['***', 'tasks', 'run', 'green_taxi_gcs_dag', 'delete_the_local_file', 'scheduled__2019-12-02T00:00:00+00:00', '--job-id', '71', '--raw', '--subdir', 'DAGS_FOLDER/green_gcs_dag.py', '--cfg-path', '/tmp/tmpl656qtdp', '--error-file', '/tmp/tmp6jq0y1md']
[2022-02-09 20:36:30,632] {standard_task_runner.py:77} INFO - Job 71: Subtask delete_the_local_file
[2022-02-09 20:36:30,918] {logging_mixin.py:109} INFO - Running <TaskInstance: green_taxi_gcs_dag.delete_the_local_file scheduled__2019-12-02T00:00:00+00:00 [running]> on host 4f97b6b16bdb
[2022-02-09 20:36:31,115] {warnings.py:110} WARNING - /home/***/.local/lib/python3.7/site-packages/***/utils/context.py:152: AirflowContextDeprecationWarning: Accessing 'execution_date' from the template is deprecated and will be removed in a future version. Please use 'data_interval_start' or 'logical_date' instead.
  warnings.warn(_create_deprecation_warning(key, self._deprecation_replacements[key]))

[2022-02-09 20:36:31,164] {taskinstance.py:1426} INFO - Exporting the following env vars:
AIRFLOW_CTX_DAG_OWNER=***
AIRFLOW_CTX_DAG_ID=green_taxi_gcs_dag
AIRFLOW_CTX_TASK_ID=delete_the_local_file
AIRFLOW_CTX_EXECUTION_DATE=2019-12-02T00:00:00+00:00
AIRFLOW_CTX_DAG_RUN_ID=scheduled__2019-12-02T00:00:00+00:00
[2022-02-09 20:36:31,168] {subprocess.py:62} INFO - Tmp dir root location: 
 /tmp
[2022-02-09 20:36:31,172] {subprocess.py:74} INFO - Running command: ['bash', '-c', 'rm /opt/***/output_2019-12.csv | rm /opt/***/output_2019-12.parquet']
[2022-02-09 20:36:31,230] {subprocess.py:85} INFO - Output:
[2022-02-09 20:36:31,287] {subprocess.py:93} INFO - Command exited with return code 0
[2022-02-09 20:36:31,556] {taskinstance.py:1277} INFO - Marking task as SUCCESS. dag_id=green_taxi_gcs_dag, task_id=delete_the_local_file, execution_date=20191202T000000, start_date=20220209T203630, end_date=20220209T203631
[2022-02-09 20:36:31,807] {local_task_job.py:154} INFO - Task exited with return code 0
[2022-02-09 20:36:32,021] {local_task_job.py:264} INFO - 0 downstream tasks scheduled from follow-on schedule check
[2022-02-09 20:45:43,514] {taskinstance.py:1032} INFO - Dependencies all met for <TaskInstance: green_taxi_gcs_dag.delete_the_local_file scheduled__2019-12-02T00:00:00+00:00 [queued]>
[2022-02-09 20:45:43,560] {taskinstance.py:1032} INFO - Dependencies all met for <TaskInstance: green_taxi_gcs_dag.delete_the_local_file scheduled__2019-12-02T00:00:00+00:00 [queued]>
[2022-02-09 20:45:43,560] {taskinstance.py:1238} INFO - 
--------------------------------------------------------------------------------
[2022-02-09 20:45:43,560] {taskinstance.py:1239} INFO - Starting attempt 1 of 2
[2022-02-09 20:45:43,561] {taskinstance.py:1240} INFO - 
--------------------------------------------------------------------------------
[2022-02-09 20:45:43,593] {taskinstance.py:1259} INFO - Executing <Task(BashOperator): delete_the_local_file> on 2019-12-02 00:00:00+00:00
[2022-02-09 20:45:43,601] {standard_task_runner.py:52} INFO - Started process 897 to run task
[2022-02-09 20:45:43,624] {standard_task_runner.py:76} INFO - Running: ['***', 'tasks', 'run', 'green_taxi_gcs_dag', 'delete_the_local_file', 'scheduled__2019-12-02T00:00:00+00:00', '--job-id', '164', '--raw', '--subdir', 'DAGS_FOLDER/green_gcs_dag.py', '--cfg-path', '/tmp/tmpfrokabez', '--error-file', '/tmp/tmp5a212yzr']
[2022-02-09 20:45:43,625] {standard_task_runner.py:77} INFO - Job 164: Subtask delete_the_local_file
[2022-02-09 20:45:43,767] {logging_mixin.py:109} INFO - Running <TaskInstance: green_taxi_gcs_dag.delete_the_local_file scheduled__2019-12-02T00:00:00+00:00 [running]> on host 4f97b6b16bdb
[2022-02-09 20:45:43,914] {warnings.py:110} WARNING - /home/***/.local/lib/python3.7/site-packages/***/utils/context.py:152: AirflowContextDeprecationWarning: Accessing 'execution_date' from the template is deprecated and will be removed in a future version. Please use 'data_interval_start' or 'logical_date' instead.
  warnings.warn(_create_deprecation_warning(key, self._deprecation_replacements[key]))

[2022-02-09 20:45:44,005] {taskinstance.py:1426} INFO - Exporting the following env vars:
AIRFLOW_CTX_DAG_OWNER=***
AIRFLOW_CTX_DAG_ID=green_taxi_gcs_dag
AIRFLOW_CTX_TASK_ID=delete_the_local_file
AIRFLOW_CTX_EXECUTION_DATE=2019-12-02T00:00:00+00:00
AIRFLOW_CTX_DAG_RUN_ID=scheduled__2019-12-02T00:00:00+00:00
[2022-02-09 20:45:44,006] {subprocess.py:62} INFO - Tmp dir root location: 
 /tmp
[2022-02-09 20:45:44,007] {subprocess.py:74} INFO - Running command: ['bash', '-c', 'rm /opt/***/output_2019-12.csv | rm /opt/***/output_2019-12.parquet']
[2022-02-09 20:45:44,069] {subprocess.py:85} INFO - Output:
[2022-02-09 20:45:44,165] {subprocess.py:93} INFO - Command exited with return code 0
[2022-02-09 20:45:44,244] {taskinstance.py:1277} INFO - Marking task as SUCCESS. dag_id=green_taxi_gcs_dag, task_id=delete_the_local_file, execution_date=20191202T000000, start_date=20220209T204543, end_date=20220209T204544
[2022-02-09 20:45:44,283] {local_task_job.py:154} INFO - Task exited with return code 0
[2022-02-09 20:45:44,331] {local_task_job.py:264} INFO - 0 downstream tasks scheduled from follow-on schedule check
[2022-02-20 00:07:39,300] {taskinstance.py:1032} INFO - Dependencies all met for <TaskInstance: green_taxi_gcs_dag.delete_the_local_file scheduled__2019-12-02T00:00:00+00:00 [queued]>
[2022-02-20 00:07:39,322] {taskinstance.py:1032} INFO - Dependencies all met for <TaskInstance: green_taxi_gcs_dag.delete_the_local_file scheduled__2019-12-02T00:00:00+00:00 [queued]>
[2022-02-20 00:07:39,322] {taskinstance.py:1238} INFO - 
--------------------------------------------------------------------------------
[2022-02-20 00:07:39,323] {taskinstance.py:1239} INFO - Starting attempt 1 of 2
[2022-02-20 00:07:39,323] {taskinstance.py:1240} INFO - 
--------------------------------------------------------------------------------
[2022-02-20 00:07:39,353] {taskinstance.py:1259} INFO - Executing <Task(BashOperator): delete_the_local_file> on 2019-12-02 00:00:00+00:00
[2022-02-20 00:07:39,360] {standard_task_runner.py:52} INFO - Started process 866 to run task
[2022-02-20 00:07:39,370] {standard_task_runner.py:76} INFO - Running: ['***', 'tasks', 'run', 'green_taxi_gcs_dag', 'delete_the_local_file', 'scheduled__2019-12-02T00:00:00+00:00', '--job-id', '358', '--raw', '--subdir', 'DAGS_FOLDER/green_gcs_dag.py', '--cfg-path', '/tmp/tmpd8a8qyh9', '--error-file', '/tmp/tmpv674ao5v']
[2022-02-20 00:07:39,373] {standard_task_runner.py:77} INFO - Job 358: Subtask delete_the_local_file
[2022-02-20 00:07:39,473] {logging_mixin.py:109} INFO - Running <TaskInstance: green_taxi_gcs_dag.delete_the_local_file scheduled__2019-12-02T00:00:00+00:00 [running]> on host da07aa254901
[2022-02-20 00:07:39,533] {warnings.py:110} WARNING - /home/***/.local/lib/python3.7/site-packages/***/utils/context.py:152: AirflowContextDeprecationWarning: Accessing 'execution_date' from the template is deprecated and will be removed in a future version. Please use 'data_interval_start' or 'logical_date' instead.
  warnings.warn(_create_deprecation_warning(key, self._deprecation_replacements[key]))

[2022-02-20 00:07:39,563] {taskinstance.py:1426} INFO - Exporting the following env vars:
AIRFLOW_CTX_DAG_OWNER=***
AIRFLOW_CTX_DAG_ID=green_taxi_gcs_dag
AIRFLOW_CTX_TASK_ID=delete_the_local_file
AIRFLOW_CTX_EXECUTION_DATE=2019-12-02T00:00:00+00:00
AIRFLOW_CTX_DAG_RUN_ID=scheduled__2019-12-02T00:00:00+00:00
[2022-02-20 00:07:39,564] {subprocess.py:62} INFO - Tmp dir root location: 
 /tmp
[2022-02-20 00:07:39,565] {subprocess.py:74} INFO - Running command: ['bash', '-c', 'rm /opt/***/output_2019-12.csv | rm /opt/***/output_2019-12.parquet']
[2022-02-20 00:07:39,579] {subprocess.py:85} INFO - Output:
[2022-02-20 00:07:39,591] {subprocess.py:93} INFO - Command exited with return code 0
[2022-02-20 00:07:39,667] {taskinstance.py:1277} INFO - Marking task as SUCCESS. dag_id=green_taxi_gcs_dag, task_id=delete_the_local_file, execution_date=20191202T000000, start_date=20220220T000739, end_date=20220220T000739
[2022-02-20 00:07:39,703] {local_task_job.py:154} INFO - Task exited with return code 0
[2022-02-20 00:07:39,740] {local_task_job.py:264} INFO - 0 downstream tasks scheduled from follow-on schedule check
[2022-02-20 02:00:57,353] {taskinstance.py:1032} INFO - Dependencies all met for <TaskInstance: green_taxi_gcs_dag.delete_the_local_file scheduled__2019-12-02T00:00:00+00:00 [queued]>
[2022-02-20 02:00:57,385] {taskinstance.py:1032} INFO - Dependencies all met for <TaskInstance: green_taxi_gcs_dag.delete_the_local_file scheduled__2019-12-02T00:00:00+00:00 [queued]>
[2022-02-20 02:00:57,385] {taskinstance.py:1238} INFO - 
--------------------------------------------------------------------------------
[2022-02-20 02:00:57,385] {taskinstance.py:1239} INFO - Starting attempt 1 of 2
[2022-02-20 02:00:57,385] {taskinstance.py:1240} INFO - 
--------------------------------------------------------------------------------
[2022-02-20 02:00:57,484] {taskinstance.py:1259} INFO - Executing <Task(BashOperator): delete_the_local_file> on 2019-12-02 00:00:00+00:00
[2022-02-20 02:00:57,498] {standard_task_runner.py:52} INFO - Started process 529 to run task
[2022-02-20 02:00:57,508] {standard_task_runner.py:76} INFO - Running: ['***', 'tasks', 'run', 'green_taxi_gcs_dag', 'delete_the_local_file', 'scheduled__2019-12-02T00:00:00+00:00', '--job-id', '562', '--raw', '--subdir', 'DAGS_FOLDER/green_gcs_dag.py', '--cfg-path', '/tmp/tmpx7v5n1iq', '--error-file', '/tmp/tmpm9s0nnqy']
[2022-02-20 02:00:57,509] {standard_task_runner.py:77} INFO - Job 562: Subtask delete_the_local_file
[2022-02-20 02:00:57,712] {logging_mixin.py:109} INFO - Running <TaskInstance: green_taxi_gcs_dag.delete_the_local_file scheduled__2019-12-02T00:00:00+00:00 [running]> on host 5484a3a1f7c3
[2022-02-20 02:00:57,888] {warnings.py:110} WARNING - /home/***/.local/lib/python3.7/site-packages/***/utils/context.py:152: AirflowContextDeprecationWarning: Accessing 'execution_date' from the template is deprecated and will be removed in a future version. Please use 'data_interval_start' or 'logical_date' instead.
  warnings.warn(_create_deprecation_warning(key, self._deprecation_replacements[key]))

[2022-02-20 02:00:57,936] {taskinstance.py:1426} INFO - Exporting the following env vars:
AIRFLOW_CTX_DAG_OWNER=***
AIRFLOW_CTX_DAG_ID=green_taxi_gcs_dag
AIRFLOW_CTX_TASK_ID=delete_the_local_file
AIRFLOW_CTX_EXECUTION_DATE=2019-12-02T00:00:00+00:00
AIRFLOW_CTX_DAG_RUN_ID=scheduled__2019-12-02T00:00:00+00:00
[2022-02-20 02:00:57,937] {subprocess.py:62} INFO - Tmp dir root location: 
 /tmp
[2022-02-20 02:00:57,938] {subprocess.py:74} INFO - Running command: ['bash', '-c', 'rm /opt/***/output_2019-12.csv | rm /opt/***/output_2019-12.parquet']
[2022-02-20 02:00:57,970] {subprocess.py:85} INFO - Output:
[2022-02-20 02:00:57,997] {subprocess.py:93} INFO - Command exited with return code 0
[2022-02-20 02:00:58,054] {taskinstance.py:1277} INFO - Marking task as SUCCESS. dag_id=green_taxi_gcs_dag, task_id=delete_the_local_file, execution_date=20191202T000000, start_date=20220220T020057, end_date=20220220T020058
[2022-02-20 02:00:58,097] {local_task_job.py:154} INFO - Task exited with return code 0
[2022-02-20 02:00:58,140] {local_task_job.py:264} INFO - 0 downstream tasks scheduled from follow-on schedule check
