[2022-02-03 18:13:25,026] {taskinstance.py:1032} INFO - Dependencies all met for <TaskInstance: zones_gcs_dag.format_to_parquet_task manual__2022-02-03T18:13:19.664951+00:00 [queued]>
[2022-02-03 18:13:25,057] {taskinstance.py:1032} INFO - Dependencies all met for <TaskInstance: zones_gcs_dag.format_to_parquet_task manual__2022-02-03T18:13:19.664951+00:00 [queued]>
[2022-02-03 18:13:25,059] {taskinstance.py:1238} INFO - 
--------------------------------------------------------------------------------
[2022-02-03 18:13:25,059] {taskinstance.py:1239} INFO - Starting attempt 1 of 2
[2022-02-03 18:13:25,059] {taskinstance.py:1240} INFO - 
--------------------------------------------------------------------------------
[2022-02-03 18:13:25,109] {taskinstance.py:1259} INFO - Executing <Task(PythonOperator): format_to_parquet_task> on 2022-02-03 18:13:19.664951+00:00
[2022-02-03 18:13:25,135] {standard_task_runner.py:52} INFO - Started process 809 to run task
[2022-02-03 18:13:25,156] {standard_task_runner.py:76} INFO - Running: ['***', 'tasks', 'run', 'zones_gcs_dag', 'format_to_parquet_task', 'manual__2022-02-03T18:13:19.664951+00:00', '--job-id', '148', '--raw', '--subdir', 'DAGS_FOLDER/zones_gcs_dag.py', '--cfg-path', '/tmp/tmp09jgce14', '--error-file', '/tmp/tmpgsqbwj9r']
[2022-02-03 18:13:25,157] {standard_task_runner.py:77} INFO - Job 148: Subtask format_to_parquet_task
[2022-02-03 18:13:25,440] {logging_mixin.py:109} INFO - Running <TaskInstance: zones_gcs_dag.format_to_parquet_task manual__2022-02-03T18:13:19.664951+00:00 [running]> on host bd2f56b76e32
[2022-02-03 18:13:25,670] {taskinstance.py:1426} INFO - Exporting the following env vars:
AIRFLOW_CTX_DAG_OWNER=***
AIRFLOW_CTX_DAG_ID=zones_gcs_dag
AIRFLOW_CTX_TASK_ID=format_to_parquet_task
AIRFLOW_CTX_EXECUTION_DATE=2022-02-03T18:13:19.664951+00:00
AIRFLOW_CTX_DAG_RUN_ID=manual__2022-02-03T18:13:19.664951+00:00
[2022-02-03 18:13:25,956] {python.py:175} INFO - Done. Returned value was: None
[2022-02-03 18:13:26,287] {taskinstance.py:1277} INFO - Marking task as SUCCESS. dag_id=zones_gcs_dag, task_id=format_to_parquet_task, execution_date=20220203T181319, start_date=20220203T181325, end_date=20220203T181326
[2022-02-03 18:13:26,415] {local_task_job.py:154} INFO - Task exited with return code 0
[2022-02-03 18:13:26,624] {local_task_job.py:264} INFO - 1 downstream tasks scheduled from follow-on schedule check
