[2022-02-03 13:45:29,946] {taskinstance.py:1032} INFO - Dependencies all met for <TaskInstance: LocalIngestionDag.wget scheduled__2019-07-02T06:00:00+00:00 [queued]>
[2022-02-03 13:45:30,056] {taskinstance.py:1032} INFO - Dependencies all met for <TaskInstance: LocalIngestionDag.wget scheduled__2019-07-02T06:00:00+00:00 [queued]>
[2022-02-03 13:45:30,057] {taskinstance.py:1238} INFO - 
--------------------------------------------------------------------------------
[2022-02-03 13:45:30,057] {taskinstance.py:1239} INFO - Starting attempt 1 of 1
[2022-02-03 13:45:30,057] {taskinstance.py:1240} INFO - 
--------------------------------------------------------------------------------
[2022-02-03 13:45:30,181] {taskinstance.py:1259} INFO - Executing <Task(BashOperator): wget> on 2019-07-02 06:00:00+00:00
[2022-02-03 13:45:30,211] {standard_task_runner.py:52} INFO - Started process 1406 to run task
[2022-02-03 13:45:30,244] {standard_task_runner.py:76} INFO - Running: ['***', 'tasks', 'run', 'LocalIngestionDag', 'wget', 'scheduled__2019-07-02T06:00:00+00:00', '--job-id', '33', '--raw', '--subdir', 'DAGS_FOLDER/data_ingestion_localDB_dag.py', '--cfg-path', '/tmp/tmpfs3dve9s', '--error-file', '/tmp/tmphvh0tsog']
[2022-02-03 13:45:30,245] {standard_task_runner.py:77} INFO - Job 33: Subtask wget
[2022-02-03 13:45:30,763] {logging_mixin.py:109} INFO - Running <TaskInstance: LocalIngestionDag.wget scheduled__2019-07-02T06:00:00+00:00 [running]> on host 2b92176b720f
[2022-02-03 13:45:31,164] {warnings.py:110} WARNING - /home/***/.local/lib/python3.7/site-packages/***/utils/context.py:152: AirflowContextDeprecationWarning: Accessing 'execution_date' from the template is deprecated and will be removed in a future version. Please use 'data_interval_start' or 'logical_date' instead.
  warnings.warn(_create_deprecation_warning(key, self._deprecation_replacements[key]))

[2022-02-03 13:45:31,263] {taskinstance.py:1426} INFO - Exporting the following env vars:
AIRFLOW_CTX_DAG_OWNER=***
AIRFLOW_CTX_DAG_ID=LocalIngestionDag
AIRFLOW_CTX_TASK_ID=wget
AIRFLOW_CTX_EXECUTION_DATE=2019-07-02T06:00:00+00:00
AIRFLOW_CTX_DAG_RUN_ID=scheduled__2019-07-02T06:00:00+00:00
[2022-02-03 13:45:31,266] {subprocess.py:62} INFO - Tmp dir root location: 
 /tmp
[2022-02-03 13:45:31,267] {subprocess.py:74} INFO - Running command: ['bash', '-c', 'echo "2019-m%"']
[2022-02-03 13:45:31,340] {subprocess.py:85} INFO - Output:
[2022-02-03 13:45:31,349] {subprocess.py:89} INFO - 2019-m%
[2022-02-03 13:45:31,361] {subprocess.py:93} INFO - Command exited with return code 0
[2022-02-03 13:45:31,484] {taskinstance.py:1277} INFO - Marking task as SUCCESS. dag_id=LocalIngestionDag, task_id=wget, execution_date=20190702T060000, start_date=20220203T134529, end_date=20220203T134531
[2022-02-03 13:45:31,596] {local_task_job.py:154} INFO - Task exited with return code 0
[2022-02-03 13:45:31,828] {local_task_job.py:264} INFO - 0 downstream tasks scheduled from follow-on schedule check
[2022-02-03 13:59:42,777] {taskinstance.py:1032} INFO - Dependencies all met for <TaskInstance: LocalIngestionDag.wget scheduled__2019-07-02T06:00:00+00:00 [queued]>
[2022-02-03 13:59:42,953] {taskinstance.py:1032} INFO - Dependencies all met for <TaskInstance: LocalIngestionDag.wget scheduled__2019-07-02T06:00:00+00:00 [queued]>
[2022-02-03 13:59:42,953] {taskinstance.py:1238} INFO - 
--------------------------------------------------------------------------------
[2022-02-03 13:59:42,953] {taskinstance.py:1239} INFO - Starting attempt 1 of 1
[2022-02-03 13:59:42,953] {taskinstance.py:1240} INFO - 
--------------------------------------------------------------------------------
[2022-02-03 13:59:43,024] {taskinstance.py:1259} INFO - Executing <Task(BashOperator): wget> on 2019-07-02 06:00:00+00:00
[2022-02-03 13:59:43,041] {standard_task_runner.py:52} INFO - Started process 83 to run task
[2022-02-03 13:59:43,063] {standard_task_runner.py:76} INFO - Running: ['***', 'tasks', 'run', 'LocalIngestionDag', 'wget', 'scheduled__2019-07-02T06:00:00+00:00', '--job-id', '74', '--raw', '--subdir', 'DAGS_FOLDER/data_ingestion_localDB_dag.py', '--cfg-path', '/tmp/tmpptf13kj7', '--error-file', '/tmp/tmpxfo0a_js']
[2022-02-03 13:59:43,066] {standard_task_runner.py:77} INFO - Job 74: Subtask wget
[2022-02-03 13:59:43,368] {logging_mixin.py:109} INFO - Running <TaskInstance: LocalIngestionDag.wget scheduled__2019-07-02T06:00:00+00:00 [running]> on host cd3baa871297
[2022-02-03 13:59:43,802] {warnings.py:110} WARNING - /home/***/.local/lib/python3.7/site-packages/***/utils/context.py:152: AirflowContextDeprecationWarning: Accessing 'execution_date' from the template is deprecated and will be removed in a future version. Please use 'data_interval_start' or 'logical_date' instead.
  warnings.warn(_create_deprecation_warning(key, self._deprecation_replacements[key]))

[2022-02-03 13:59:44,057] {taskinstance.py:1426} INFO - Exporting the following env vars:
AIRFLOW_CTX_DAG_OWNER=***
AIRFLOW_CTX_DAG_ID=LocalIngestionDag
AIRFLOW_CTX_TASK_ID=wget
AIRFLOW_CTX_EXECUTION_DATE=2019-07-02T06:00:00+00:00
AIRFLOW_CTX_DAG_RUN_ID=scheduled__2019-07-02T06:00:00+00:00
[2022-02-03 13:59:44,058] {subprocess.py:62} INFO - Tmp dir root location: 
 /tmp
[2022-02-03 13:59:44,059] {subprocess.py:74} INFO - Running command: ['bash', '-c', 'echo "2019-07"']
[2022-02-03 13:59:44,264] {subprocess.py:85} INFO - Output:
[2022-02-03 13:59:44,316] {subprocess.py:89} INFO - 2019-07
[2022-02-03 13:59:44,407] {subprocess.py:93} INFO - Command exited with return code 0
[2022-02-03 13:59:44,990] {taskinstance.py:1277} INFO - Marking task as SUCCESS. dag_id=LocalIngestionDag, task_id=wget, execution_date=20190702T060000, start_date=20220203T135942, end_date=20220203T135944
[2022-02-03 13:59:45,627] {local_task_job.py:154} INFO - Task exited with return code 0
[2022-02-03 13:59:46,055] {local_task_job.py:264} INFO - 0 downstream tasks scheduled from follow-on schedule check
