[2022-02-03 14:58:15,299] {taskinstance.py:1032} INFO - Dependencies all met for <TaskInstance: yellow_taxi_gcs_dag.download_dataset_task scheduled__2019-01-06T00:00:00+00:00 [queued]>
[2022-02-03 14:58:15,310] {taskinstance.py:1032} INFO - Dependencies all met for <TaskInstance: yellow_taxi_gcs_dag.download_dataset_task scheduled__2019-01-06T00:00:00+00:00 [queued]>
[2022-02-03 14:58:15,310] {taskinstance.py:1238} INFO - 
--------------------------------------------------------------------------------
[2022-02-03 14:58:15,310] {taskinstance.py:1239} INFO - Starting attempt 1 of 2
[2022-02-03 14:58:15,310] {taskinstance.py:1240} INFO - 
--------------------------------------------------------------------------------
[2022-02-03 14:58:15,324] {taskinstance.py:1259} INFO - Executing <Task(BashOperator): download_dataset_task> on 2019-01-06 00:00:00+00:00
[2022-02-03 14:58:15,330] {standard_task_runner.py:52} INFO - Started process 2750 to run task
[2022-02-03 14:58:15,334] {standard_task_runner.py:76} INFO - Running: ['***', 'tasks', 'run', 'yellow_taxi_gcs_dag', 'download_dataset_task', 'scheduled__2019-01-06T00:00:00+00:00', '--job-id', '132', '--raw', '--subdir', 'DAGS_FOLDER/yellow_taxi_gcs_dag.py', '--cfg-path', '/tmp/tmp41eg38nm', '--error-file', '/tmp/tmp7ff16_gu']
[2022-02-03 14:58:15,335] {standard_task_runner.py:77} INFO - Job 132: Subtask download_dataset_task
[2022-02-03 14:58:15,400] {logging_mixin.py:109} INFO - Running <TaskInstance: yellow_taxi_gcs_dag.download_dataset_task scheduled__2019-01-06T00:00:00+00:00 [running]> on host cd3baa871297
[2022-02-03 14:58:15,469] {warnings.py:110} WARNING - /home/***/.local/lib/python3.7/site-packages/***/utils/context.py:152: AirflowContextDeprecationWarning: Accessing 'execution_date' from the template is deprecated and will be removed in a future version. Please use 'data_interval_start' or 'logical_date' instead.
  warnings.warn(_create_deprecation_warning(key, self._deprecation_replacements[key]))

[2022-02-03 14:58:15,491] {taskinstance.py:1426} INFO - Exporting the following env vars:
AIRFLOW_CTX_DAG_OWNER=***
AIRFLOW_CTX_DAG_ID=yellow_taxi_gcs_dag
AIRFLOW_CTX_TASK_ID=download_dataset_task
AIRFLOW_CTX_EXECUTION_DATE=2019-01-06T00:00:00+00:00
AIRFLOW_CTX_DAG_RUN_ID=scheduled__2019-01-06T00:00:00+00:00
[2022-02-03 14:58:15,492] {subprocess.py:62} INFO - Tmp dir root location: 
 /tmp
[2022-02-03 14:58:15,493] {subprocess.py:74} INFO - Running command: ['bash', '-c', 'echo https://s3.amazonaws.com/nyc-tlc/trip+data/yellow_tripdata_2019-01.csv -  /opt/***/output_2019-01.csv | curl -sS https://s3.amazonaws.com/nyc-tlc/trip+data/yellow_tripdata_2019-01.csv > /opt/***/output_2019-01.csv']
[2022-02-03 14:58:15,505] {subprocess.py:85} INFO - Output:
[2022-02-03 15:00:05,621] {subprocess.py:93} INFO - Command exited with return code 0
[2022-02-03 15:00:05,652] {taskinstance.py:1277} INFO - Marking task as SUCCESS. dag_id=yellow_taxi_gcs_dag, task_id=download_dataset_task, execution_date=20190106T000000, start_date=20220203T145815, end_date=20220203T150005
[2022-02-03 15:00:05,714] {local_task_job.py:154} INFO - Task exited with return code 0
[2022-02-03 15:00:05,748] {local_task_job.py:264} INFO - 0 downstream tasks scheduled from follow-on schedule check
[2022-02-03 15:35:20,098] {taskinstance.py:1032} INFO - Dependencies all met for <TaskInstance: yellow_taxi_gcs_dag.download_dataset_task scheduled__2019-01-06T00:00:00+00:00 [queued]>
[2022-02-03 15:35:20,120] {taskinstance.py:1032} INFO - Dependencies all met for <TaskInstance: yellow_taxi_gcs_dag.download_dataset_task scheduled__2019-01-06T00:00:00+00:00 [queued]>
[2022-02-03 15:35:20,120] {taskinstance.py:1238} INFO - 
--------------------------------------------------------------------------------
[2022-02-03 15:35:20,120] {taskinstance.py:1239} INFO - Starting attempt 1 of 2
[2022-02-03 15:35:20,120] {taskinstance.py:1240} INFO - 
--------------------------------------------------------------------------------
[2022-02-03 15:35:20,134] {taskinstance.py:1259} INFO - Executing <Task(BashOperator): download_dataset_task> on 2019-01-06 00:00:00+00:00
[2022-02-03 15:35:20,139] {standard_task_runner.py:52} INFO - Started process 4454 to run task
[2022-02-03 15:35:20,144] {standard_task_runner.py:76} INFO - Running: ['***', 'tasks', 'run', 'yellow_taxi_gcs_dag', 'download_dataset_task', 'scheduled__2019-01-06T00:00:00+00:00', '--job-id', '165', '--raw', '--subdir', 'DAGS_FOLDER/yellow_taxi_gcs_dag.py', '--cfg-path', '/tmp/tmpvvvazlzc', '--error-file', '/tmp/tmpavz7q243']
[2022-02-03 15:35:20,145] {standard_task_runner.py:77} INFO - Job 165: Subtask download_dataset_task
[2022-02-03 15:35:20,206] {logging_mixin.py:109} INFO - Running <TaskInstance: yellow_taxi_gcs_dag.download_dataset_task scheduled__2019-01-06T00:00:00+00:00 [running]> on host cd3baa871297
[2022-02-03 15:35:20,249] {warnings.py:110} WARNING - /home/***/.local/lib/python3.7/site-packages/***/utils/context.py:152: AirflowContextDeprecationWarning: Accessing 'execution_date' from the template is deprecated and will be removed in a future version. Please use 'data_interval_start' or 'logical_date' instead.
  warnings.warn(_create_deprecation_warning(key, self._deprecation_replacements[key]))

[2022-02-03 15:35:20,270] {taskinstance.py:1426} INFO - Exporting the following env vars:
AIRFLOW_CTX_DAG_OWNER=***
AIRFLOW_CTX_DAG_ID=yellow_taxi_gcs_dag
AIRFLOW_CTX_TASK_ID=download_dataset_task
AIRFLOW_CTX_EXECUTION_DATE=2019-01-06T00:00:00+00:00
AIRFLOW_CTX_DAG_RUN_ID=scheduled__2019-01-06T00:00:00+00:00
[2022-02-03 15:35:20,271] {subprocess.py:62} INFO - Tmp dir root location: 
 /tmp
[2022-02-03 15:35:20,272] {subprocess.py:74} INFO - Running command: ['bash', '-c', 'echo https://s3.amazonaws.com/nyc-tlc/trip+data/yellow_tripdata_2019-01.csv -  /opt/***/output_2019-01.csv']
[2022-02-03 15:35:20,284] {subprocess.py:85} INFO - Output:
[2022-02-03 15:35:20,286] {subprocess.py:89} INFO - https://s3.amazonaws.com/nyc-tlc/trip+data/yellow_tripdata_2019-01.csv - /opt/***/output_2019-01.csv
[2022-02-03 15:35:20,286] {subprocess.py:93} INFO - Command exited with return code 0
[2022-02-03 15:35:20,313] {taskinstance.py:1277} INFO - Marking task as SUCCESS. dag_id=yellow_taxi_gcs_dag, task_id=download_dataset_task, execution_date=20190106T000000, start_date=20220203T153520, end_date=20220203T153520
[2022-02-03 15:35:20,355] {local_task_job.py:154} INFO - Task exited with return code 0
[2022-02-03 15:35:20,389] {local_task_job.py:264} INFO - 0 downstream tasks scheduled from follow-on schedule check
