[2022-02-03 18:18:24,457] {taskinstance.py:1032} INFO - Dependencies all met for <TaskInstance: fhv_gcs_dag.download_dataset_task scheduled__2019-08-02T00:00:00+00:00 [queued]>
[2022-02-03 18:18:24,490] {taskinstance.py:1032} INFO - Dependencies all met for <TaskInstance: fhv_gcs_dag.download_dataset_task scheduled__2019-08-02T00:00:00+00:00 [queued]>
[2022-02-03 18:18:24,490] {taskinstance.py:1238} INFO - 
--------------------------------------------------------------------------------
[2022-02-03 18:18:24,490] {taskinstance.py:1239} INFO - Starting attempt 1 of 2
[2022-02-03 18:18:24,490] {taskinstance.py:1240} INFO - 
--------------------------------------------------------------------------------
[2022-02-03 18:18:24,512] {taskinstance.py:1259} INFO - Executing <Task(BashOperator): download_dataset_task> on 2019-08-02 00:00:00+00:00
[2022-02-03 18:18:24,527] {standard_task_runner.py:52} INFO - Started process 1181 to run task
[2022-02-03 18:18:24,532] {standard_task_runner.py:76} INFO - Running: ['***', 'tasks', 'run', 'fhv_gcs_dag', 'download_dataset_task', 'scheduled__2019-08-02T00:00:00+00:00', '--job-id', '178', '--raw', '--subdir', 'DAGS_FOLDER/fhv_gcs_dag.py', '--cfg-path', '/tmp/tmpopopfnfr', '--error-file', '/tmp/tmpimz1fuoa']
[2022-02-03 18:18:24,533] {standard_task_runner.py:77} INFO - Job 178: Subtask download_dataset_task
[2022-02-03 18:18:24,667] {logging_mixin.py:109} INFO - Running <TaskInstance: fhv_gcs_dag.download_dataset_task scheduled__2019-08-02T00:00:00+00:00 [running]> on host bd2f56b76e32
[2022-02-03 18:18:24,818] {warnings.py:110} WARNING - /home/***/.local/lib/python3.7/site-packages/***/utils/context.py:152: AirflowContextDeprecationWarning: Accessing 'execution_date' from the template is deprecated and will be removed in a future version. Please use 'data_interval_start' or 'logical_date' instead.
  warnings.warn(_create_deprecation_warning(key, self._deprecation_replacements[key]))

[2022-02-03 18:18:24,895] {taskinstance.py:1426} INFO - Exporting the following env vars:
AIRFLOW_CTX_DAG_OWNER=***
AIRFLOW_CTX_DAG_ID=fhv_gcs_dag
AIRFLOW_CTX_TASK_ID=download_dataset_task
AIRFLOW_CTX_EXECUTION_DATE=2019-08-02T00:00:00+00:00
AIRFLOW_CTX_DAG_RUN_ID=scheduled__2019-08-02T00:00:00+00:00
[2022-02-03 18:18:24,896] {subprocess.py:62} INFO - Tmp dir root location: 
 /tmp
[2022-02-03 18:18:24,897] {subprocess.py:74} INFO - Running command: ['bash', '-c', 'curl -sS https://nyc-tlc.s3.amazonaws.com/trip+data/fhv_tripdata_2019-08.csv > /opt/***/output_2019-08.csv']
[2022-02-03 18:18:24,941] {subprocess.py:85} INFO - Output:
[2022-02-03 18:19:21,981] {subprocess.py:93} INFO - Command exited with return code 0
[2022-02-03 18:19:22,036] {taskinstance.py:1277} INFO - Marking task as SUCCESS. dag_id=fhv_gcs_dag, task_id=download_dataset_task, execution_date=20190802T000000, start_date=20220203T181824, end_date=20220203T181922
[2022-02-03 18:19:22,088] {local_task_job.py:154} INFO - Task exited with return code 0
[2022-02-03 18:19:22,187] {local_task_job.py:264} INFO - 1 downstream tasks scheduled from follow-on schedule check
<<<<<<< HEAD
[2022-02-19 23:52:48,715] {taskinstance.py:1032} INFO - Dependencies all met for <TaskInstance: fhv_gcs_dag.download_dataset_task scheduled__2019-08-02T00:00:00+00:00 [queued]>
[2022-02-19 23:52:48,808] {taskinstance.py:1032} INFO - Dependencies all met for <TaskInstance: fhv_gcs_dag.download_dataset_task scheduled__2019-08-02T00:00:00+00:00 [queued]>
[2022-02-19 23:52:48,809] {taskinstance.py:1238} INFO - 
--------------------------------------------------------------------------------
[2022-02-19 23:52:48,809] {taskinstance.py:1239} INFO - Starting attempt 1 of 2
[2022-02-19 23:52:48,809] {taskinstance.py:1240} INFO - 
--------------------------------------------------------------------------------
[2022-02-19 23:52:48,901] {taskinstance.py:1259} INFO - Executing <Task(BashOperator): download_dataset_task> on 2019-08-02 00:00:00+00:00
[2022-02-19 23:52:48,931] {standard_task_runner.py:52} INFO - Started process 862 to run task
[2022-02-19 23:52:48,995] {standard_task_runner.py:76} INFO - Running: ['***', 'tasks', 'run', 'fhv_gcs_dag', 'download_dataset_task', 'scheduled__2019-08-02T00:00:00+00:00', '--job-id', '253', '--raw', '--subdir', 'DAGS_FOLDER/fhv_gcs_dag.py', '--cfg-path', '/tmp/tmp9n7lfx_z', '--error-file', '/tmp/tmp_2gfo653']
[2022-02-19 23:52:49,004] {standard_task_runner.py:77} INFO - Job 253: Subtask download_dataset_task
[2022-02-19 23:52:49,218] {logging_mixin.py:109} INFO - Running <TaskInstance: fhv_gcs_dag.download_dataset_task scheduled__2019-08-02T00:00:00+00:00 [running]> on host 812dd7ecce85
[2022-02-19 23:52:49,316] {warnings.py:110} WARNING - /home/***/.local/lib/python3.7/site-packages/***/utils/context.py:152: AirflowContextDeprecationWarning: Accessing 'execution_date' from the template is deprecated and will be removed in a future version. Please use 'data_interval_start' or 'logical_date' instead.
  warnings.warn(_create_deprecation_warning(key, self._deprecation_replacements[key]))

[2022-02-19 23:52:49,385] {taskinstance.py:1426} INFO - Exporting the following env vars:
AIRFLOW_CTX_DAG_OWNER=***
AIRFLOW_CTX_DAG_ID=fhv_gcs_dag
AIRFLOW_CTX_TASK_ID=download_dataset_task
AIRFLOW_CTX_EXECUTION_DATE=2019-08-02T00:00:00+00:00
AIRFLOW_CTX_DAG_RUN_ID=scheduled__2019-08-02T00:00:00+00:00
[2022-02-19 23:52:49,386] {subprocess.py:62} INFO - Tmp dir root location: 
 /tmp
[2022-02-19 23:52:49,389] {subprocess.py:74} INFO - Running command: ['bash', '-c', 'curl -sS https://nyc-tlc.s3.amazonaws.com/trip+data/fhv_tripdata_2019-08.csv > /opt/***/output_2019-08.csv']
[2022-02-19 23:52:49,479] {subprocess.py:85} INFO - Output:
[2022-02-19 23:54:01,058] {subprocess.py:93} INFO - Command exited with return code 0
[2022-02-19 23:54:01,138] {taskinstance.py:1277} INFO - Marking task as SUCCESS. dag_id=fhv_gcs_dag, task_id=download_dataset_task, execution_date=20190802T000000, start_date=20220219T235248, end_date=20220219T235401
[2022-02-19 23:54:01,220] {local_task_job.py:154} INFO - Task exited with return code 0
[2022-02-19 23:54:01,512] {local_task_job.py:264} INFO - 0 downstream tasks scheduled from follow-on schedule check
[2022-02-23 19:33:21,939] {taskinstance.py:1032} INFO - Dependencies all met for <TaskInstance: fhv_gcs_dag.download_dataset_task scheduled__2019-08-02T00:00:00+00:00 [queued]>
[2022-02-23 19:33:21,957] {taskinstance.py:1032} INFO - Dependencies all met for <TaskInstance: fhv_gcs_dag.download_dataset_task scheduled__2019-08-02T00:00:00+00:00 [queued]>
[2022-02-23 19:33:21,957] {taskinstance.py:1238} INFO - 
--------------------------------------------------------------------------------
[2022-02-23 19:33:21,958] {taskinstance.py:1239} INFO - Starting attempt 1 of 2
[2022-02-23 19:33:21,958] {taskinstance.py:1240} INFO - 
--------------------------------------------------------------------------------
[2022-02-23 19:33:21,986] {taskinstance.py:1259} INFO - Executing <Task(BashOperator): download_dataset_task> on 2019-08-02 00:00:00+00:00
[2022-02-23 19:33:21,992] {standard_task_runner.py:52} INFO - Started process 835 to run task
[2022-02-23 19:33:21,997] {standard_task_runner.py:76} INFO - Running: ['***', 'tasks', 'run', 'fhv_gcs_dag', 'download_dataset_task', 'scheduled__2019-08-02T00:00:00+00:00', '--job-id', '652', '--raw', '--subdir', 'DAGS_FOLDER/fhv_gcs_dag.py', '--cfg-path', '/tmp/tmpz2ktbgff', '--error-file', '/tmp/tmpqq149is1']
[2022-02-23 19:33:21,999] {standard_task_runner.py:77} INFO - Job 652: Subtask download_dataset_task
[2022-02-23 19:33:22,078] {logging_mixin.py:109} INFO - Running <TaskInstance: fhv_gcs_dag.download_dataset_task scheduled__2019-08-02T00:00:00+00:00 [running]> on host 537c9393f0b3
[2022-02-23 19:33:22,121] {warnings.py:110} WARNING - /home/***/.local/lib/python3.7/site-packages/***/utils/context.py:152: AirflowContextDeprecationWarning: Accessing 'execution_date' from the template is deprecated and will be removed in a future version. Please use 'data_interval_start' or 'logical_date' instead.
  warnings.warn(_create_deprecation_warning(key, self._deprecation_replacements[key]))

[2022-02-23 19:33:22,148] {taskinstance.py:1426} INFO - Exporting the following env vars:
AIRFLOW_CTX_DAG_OWNER=***
AIRFLOW_CTX_DAG_ID=fhv_gcs_dag
AIRFLOW_CTX_TASK_ID=download_dataset_task
AIRFLOW_CTX_EXECUTION_DATE=2019-08-02T00:00:00+00:00
AIRFLOW_CTX_DAG_RUN_ID=scheduled__2019-08-02T00:00:00+00:00
[2022-02-23 19:33:22,149] {subprocess.py:62} INFO - Tmp dir root location: 
 /tmp
[2022-02-23 19:33:22,150] {subprocess.py:74} INFO - Running command: ['bash', '-c', 'curl -sS https://nyc-tlc.s3.amazonaws.com/trip+data/fhv_tripdata_2019-08.csv > /opt/***/output_2019-08.csv']
[2022-02-23 19:33:22,171] {subprocess.py:85} INFO - Output:
[2022-02-23 19:33:32,146] {subprocess.py:93} INFO - Command exited with return code 0
[2022-02-23 19:33:32,173] {taskinstance.py:1277} INFO - Marking task as SUCCESS. dag_id=fhv_gcs_dag, task_id=download_dataset_task, execution_date=20190802T000000, start_date=20220223T193321, end_date=20220223T193332
[2022-02-23 19:33:32,225] {local_task_job.py:154} INFO - Task exited with return code 0
[2022-02-23 19:33:32,264] {local_task_job.py:264} INFO - 1 downstream tasks scheduled from follow-on schedule check
[2022-02-23 20:42:30,221] {taskinstance.py:1032} INFO - Dependencies all met for <TaskInstance: fhv_gcs_dag.download_dataset_task scheduled__2019-08-02T00:00:00+00:00 [queued]>
[2022-02-23 20:42:30,243] {taskinstance.py:1032} INFO - Dependencies all met for <TaskInstance: fhv_gcs_dag.download_dataset_task scheduled__2019-08-02T00:00:00+00:00 [queued]>
[2022-02-23 20:42:30,243] {taskinstance.py:1238} INFO - 
--------------------------------------------------------------------------------
[2022-02-23 20:42:30,243] {taskinstance.py:1239} INFO - Starting attempt 1 of 2
[2022-02-23 20:42:30,243] {taskinstance.py:1240} INFO - 
--------------------------------------------------------------------------------
[2022-02-23 20:42:30,263] {taskinstance.py:1259} INFO - Executing <Task(BashOperator): download_dataset_task> on 2019-08-02 00:00:00+00:00
[2022-02-23 20:42:30,271] {standard_task_runner.py:52} INFO - Started process 416 to run task
[2022-02-23 20:42:30,275] {standard_task_runner.py:76} INFO - Running: ['***', 'tasks', 'run', 'fhv_gcs_dag', 'download_dataset_task', 'scheduled__2019-08-02T00:00:00+00:00', '--job-id', '28', '--raw', '--subdir', 'DAGS_FOLDER/fhv_gcs_dag.py', '--cfg-path', '/tmp/tmpfbdpx0pz', '--error-file', '/tmp/tmpc9x_ba1v']
[2022-02-23 20:42:30,276] {standard_task_runner.py:77} INFO - Job 28: Subtask download_dataset_task
[2022-02-23 20:42:30,350] {logging_mixin.py:109} INFO - Running <TaskInstance: fhv_gcs_dag.download_dataset_task scheduled__2019-08-02T00:00:00+00:00 [running]> on host 1c172e0325c8
[2022-02-23 20:42:30,412] {warnings.py:110} WARNING - /home/***/.local/lib/python3.7/site-packages/***/utils/context.py:152: AirflowContextDeprecationWarning: Accessing 'execution_date' from the template is deprecated and will be removed in a future version. Please use 'data_interval_start' or 'logical_date' instead.
  warnings.warn(_create_deprecation_warning(key, self._deprecation_replacements[key]))

[2022-02-23 20:42:30,440] {taskinstance.py:1426} INFO - Exporting the following env vars:
AIRFLOW_CTX_DAG_OWNER=***
AIRFLOW_CTX_DAG_ID=fhv_gcs_dag
AIRFLOW_CTX_TASK_ID=download_dataset_task
AIRFLOW_CTX_EXECUTION_DATE=2019-08-02T00:00:00+00:00
AIRFLOW_CTX_DAG_RUN_ID=scheduled__2019-08-02T00:00:00+00:00
[2022-02-23 20:42:30,441] {subprocess.py:62} INFO - Tmp dir root location: 
 /tmp
[2022-02-23 20:42:30,442] {subprocess.py:74} INFO - Running command: ['bash', '-c', 'curl -sS https://nyc-tlc.s3.amazonaws.com/trip+data/fhv_tripdata_2019-08.csv > /opt/***/output_2019-08.csv']
[2022-02-23 20:42:30,463] {subprocess.py:85} INFO - Output:
[2022-02-23 20:43:02,347] {subprocess.py:93} INFO - Command exited with return code 0
[2022-02-23 20:43:02,409] {taskinstance.py:1277} INFO - Marking task as SUCCESS. dag_id=fhv_gcs_dag, task_id=download_dataset_task, execution_date=20190802T000000, start_date=20220223T204230, end_date=20220223T204302
[2022-02-23 20:43:02,445] {local_task_job.py:154} INFO - Task exited with return code 0
[2022-02-23 20:43:02,504] {local_task_job.py:264} INFO - 1 downstream tasks scheduled from follow-on schedule check
=======
>>>>>>> origin/master
