[2022-02-09 20:32:49,963] {taskinstance.py:1032} INFO - Dependencies all met for <TaskInstance: green_taxi_gcs_dag.delete_the_local_file scheduled__2019-05-02T00:00:00+00:00 [queued]>
[2022-02-09 20:32:50,020] {taskinstance.py:1032} INFO - Dependencies all met for <TaskInstance: green_taxi_gcs_dag.delete_the_local_file scheduled__2019-05-02T00:00:00+00:00 [queued]>
[2022-02-09 20:32:50,021] {taskinstance.py:1238} INFO - 
--------------------------------------------------------------------------------
[2022-02-09 20:32:50,021] {taskinstance.py:1239} INFO - Starting attempt 1 of 2
[2022-02-09 20:32:50,021] {taskinstance.py:1240} INFO - 
--------------------------------------------------------------------------------
[2022-02-09 20:32:50,069] {taskinstance.py:1259} INFO - Executing <Task(BashOperator): delete_the_local_file> on 2019-05-02 00:00:00+00:00
[2022-02-09 20:32:50,078] {standard_task_runner.py:52} INFO - Started process 257 to run task
[2022-02-09 20:32:50,101] {standard_task_runner.py:76} INFO - Running: ['***', 'tasks', 'run', 'green_taxi_gcs_dag', 'delete_the_local_file', 'scheduled__2019-05-02T00:00:00+00:00', '--job-id', '40', '--raw', '--subdir', 'DAGS_FOLDER/green_gcs_dag.py', '--cfg-path', '/tmp/tmpvwiwcj62', '--error-file', '/tmp/tmp0hlpku_o']
[2022-02-09 20:32:50,103] {standard_task_runner.py:77} INFO - Job 40: Subtask delete_the_local_file
[2022-02-09 20:32:50,364] {logging_mixin.py:109} INFO - Running <TaskInstance: green_taxi_gcs_dag.delete_the_local_file scheduled__2019-05-02T00:00:00+00:00 [running]> on host 4f97b6b16bdb
[2022-02-09 20:32:50,648] {warnings.py:110} WARNING - /home/***/.local/lib/python3.7/site-packages/***/utils/context.py:152: AirflowContextDeprecationWarning: Accessing 'execution_date' from the template is deprecated and will be removed in a future version. Please use 'data_interval_start' or 'logical_date' instead.
  warnings.warn(_create_deprecation_warning(key, self._deprecation_replacements[key]))

[2022-02-09 20:32:50,772] {taskinstance.py:1426} INFO - Exporting the following env vars:
AIRFLOW_CTX_DAG_OWNER=***
AIRFLOW_CTX_DAG_ID=green_taxi_gcs_dag
AIRFLOW_CTX_TASK_ID=delete_the_local_file
AIRFLOW_CTX_EXECUTION_DATE=2019-05-02T00:00:00+00:00
AIRFLOW_CTX_DAG_RUN_ID=scheduled__2019-05-02T00:00:00+00:00
[2022-02-09 20:32:50,773] {subprocess.py:62} INFO - Tmp dir root location: 
 /tmp
[2022-02-09 20:32:50,774] {subprocess.py:74} INFO - Running command: ['bash', '-c', 'rm /opt/***/output_2019-05.csv | rm /opt/***/output_2019-05.parquet']
[2022-02-09 20:32:50,808] {subprocess.py:85} INFO - Output:
[2022-02-09 20:32:50,847] {subprocess.py:93} INFO - Command exited with return code 0
[2022-02-09 20:32:50,926] {taskinstance.py:1277} INFO - Marking task as SUCCESS. dag_id=green_taxi_gcs_dag, task_id=delete_the_local_file, execution_date=20190502T000000, start_date=20220209T203249, end_date=20220209T203250
[2022-02-09 20:32:51,028] {local_task_job.py:154} INFO - Task exited with return code 0
[2022-02-09 20:32:51,211] {local_task_job.py:264} INFO - 0 downstream tasks scheduled from follow-on schedule check
[2022-02-09 20:43:41,321] {taskinstance.py:1032} INFO - Dependencies all met for <TaskInstance: green_taxi_gcs_dag.delete_the_local_file scheduled__2019-05-02T00:00:00+00:00 [queued]>
[2022-02-09 20:43:41,357] {taskinstance.py:1032} INFO - Dependencies all met for <TaskInstance: green_taxi_gcs_dag.delete_the_local_file scheduled__2019-05-02T00:00:00+00:00 [queued]>
[2022-02-09 20:43:41,358] {taskinstance.py:1238} INFO - 
--------------------------------------------------------------------------------
[2022-02-09 20:43:41,358] {taskinstance.py:1239} INFO - Starting attempt 1 of 2
[2022-02-09 20:43:41,358] {taskinstance.py:1240} INFO - 
--------------------------------------------------------------------------------
[2022-02-09 20:43:41,409] {taskinstance.py:1259} INFO - Executing <Task(BashOperator): delete_the_local_file> on 2019-05-02 00:00:00+00:00
[2022-02-09 20:43:41,429] {standard_task_runner.py:52} INFO - Started process 672 to run task
[2022-02-09 20:43:41,458] {standard_task_runner.py:76} INFO - Running: ['***', 'tasks', 'run', 'green_taxi_gcs_dag', 'delete_the_local_file', 'scheduled__2019-05-02T00:00:00+00:00', '--job-id', '136', '--raw', '--subdir', 'DAGS_FOLDER/green_gcs_dag.py', '--cfg-path', '/tmp/tmpbpscwh6h', '--error-file', '/tmp/tmp0n9wbrom']
[2022-02-09 20:43:41,459] {standard_task_runner.py:77} INFO - Job 136: Subtask delete_the_local_file
[2022-02-09 20:43:41,735] {logging_mixin.py:109} INFO - Running <TaskInstance: green_taxi_gcs_dag.delete_the_local_file scheduled__2019-05-02T00:00:00+00:00 [running]> on host 4f97b6b16bdb
[2022-02-09 20:43:41,859] {warnings.py:110} WARNING - /home/***/.local/lib/python3.7/site-packages/***/utils/context.py:152: AirflowContextDeprecationWarning: Accessing 'execution_date' from the template is deprecated and will be removed in a future version. Please use 'data_interval_start' or 'logical_date' instead.
  warnings.warn(_create_deprecation_warning(key, self._deprecation_replacements[key]))

[2022-02-09 20:43:41,915] {taskinstance.py:1426} INFO - Exporting the following env vars:
AIRFLOW_CTX_DAG_OWNER=***
AIRFLOW_CTX_DAG_ID=green_taxi_gcs_dag
AIRFLOW_CTX_TASK_ID=delete_the_local_file
AIRFLOW_CTX_EXECUTION_DATE=2019-05-02T00:00:00+00:00
AIRFLOW_CTX_DAG_RUN_ID=scheduled__2019-05-02T00:00:00+00:00
[2022-02-09 20:43:41,917] {subprocess.py:62} INFO - Tmp dir root location: 
 /tmp
[2022-02-09 20:43:41,918] {subprocess.py:74} INFO - Running command: ['bash', '-c', 'rm /opt/***/output_2019-05.csv | rm /opt/***/output_2019-05.parquet']
[2022-02-09 20:43:41,950] {subprocess.py:85} INFO - Output:
[2022-02-09 20:43:41,971] {subprocess.py:93} INFO - Command exited with return code 0
[2022-02-09 20:43:42,047] {taskinstance.py:1277} INFO - Marking task as SUCCESS. dag_id=green_taxi_gcs_dag, task_id=delete_the_local_file, execution_date=20190502T000000, start_date=20220209T204341, end_date=20220209T204342
[2022-02-09 20:43:42,112] {local_task_job.py:154} INFO - Task exited with return code 0
[2022-02-09 20:43:42,211] {local_task_job.py:264} INFO - 0 downstream tasks scheduled from follow-on schedule check
[2022-02-20 00:09:50,778] {taskinstance.py:1032} INFO - Dependencies all met for <TaskInstance: green_taxi_gcs_dag.delete_the_local_file scheduled__2019-05-02T00:00:00+00:00 [queued]>
[2022-02-20 00:09:50,792] {taskinstance.py:1032} INFO - Dependencies all met for <TaskInstance: green_taxi_gcs_dag.delete_the_local_file scheduled__2019-05-02T00:00:00+00:00 [queued]>
[2022-02-20 00:09:50,792] {taskinstance.py:1238} INFO - 
--------------------------------------------------------------------------------
[2022-02-20 00:09:50,792] {taskinstance.py:1239} INFO - Starting attempt 1 of 2
[2022-02-20 00:09:50,792] {taskinstance.py:1240} INFO - 
--------------------------------------------------------------------------------
[2022-02-20 00:09:50,806] {taskinstance.py:1259} INFO - Executing <Task(BashOperator): delete_the_local_file> on 2019-05-02 00:00:00+00:00
[2022-02-20 00:09:50,812] {standard_task_runner.py:52} INFO - Started process 1240 to run task
[2022-02-20 00:09:50,816] {standard_task_runner.py:76} INFO - Running: ['***', 'tasks', 'run', 'green_taxi_gcs_dag', 'delete_the_local_file', 'scheduled__2019-05-02T00:00:00+00:00', '--job-id', '411', '--raw', '--subdir', 'DAGS_FOLDER/green_gcs_dag.py', '--cfg-path', '/tmp/tmp3cysmnxa', '--error-file', '/tmp/tmpn9zdf9cc']
[2022-02-20 00:09:50,817] {standard_task_runner.py:77} INFO - Job 411: Subtask delete_the_local_file
[2022-02-20 00:09:50,879] {logging_mixin.py:109} INFO - Running <TaskInstance: green_taxi_gcs_dag.delete_the_local_file scheduled__2019-05-02T00:00:00+00:00 [running]> on host da07aa254901
[2022-02-20 00:09:50,922] {warnings.py:110} WARNING - /home/***/.local/lib/python3.7/site-packages/***/utils/context.py:152: AirflowContextDeprecationWarning: Accessing 'execution_date' from the template is deprecated and will be removed in a future version. Please use 'data_interval_start' or 'logical_date' instead.
  warnings.warn(_create_deprecation_warning(key, self._deprecation_replacements[key]))

[2022-02-20 00:09:50,941] {taskinstance.py:1426} INFO - Exporting the following env vars:
AIRFLOW_CTX_DAG_OWNER=***
AIRFLOW_CTX_DAG_ID=green_taxi_gcs_dag
AIRFLOW_CTX_TASK_ID=delete_the_local_file
AIRFLOW_CTX_EXECUTION_DATE=2019-05-02T00:00:00+00:00
AIRFLOW_CTX_DAG_RUN_ID=scheduled__2019-05-02T00:00:00+00:00
[2022-02-20 00:09:50,942] {subprocess.py:62} INFO - Tmp dir root location: 
 /tmp
[2022-02-20 00:09:50,942] {subprocess.py:74} INFO - Running command: ['bash', '-c', 'rm /opt/***/output_2019-05.csv | rm /opt/***/output_2019-05.parquet']
[2022-02-20 00:09:50,954] {subprocess.py:85} INFO - Output:
[2022-02-20 00:09:50,965] {subprocess.py:93} INFO - Command exited with return code 0
[2022-02-20 00:09:50,991] {taskinstance.py:1277} INFO - Marking task as SUCCESS. dag_id=green_taxi_gcs_dag, task_id=delete_the_local_file, execution_date=20190502T000000, start_date=20220220T000950, end_date=20220220T000950
[2022-02-20 00:09:51,028] {local_task_job.py:154} INFO - Task exited with return code 0
[2022-02-20 00:09:51,060] {local_task_job.py:264} INFO - 0 downstream tasks scheduled from follow-on schedule check
[2022-02-20 02:00:01,805] {taskinstance.py:1032} INFO - Dependencies all met for <TaskInstance: green_taxi_gcs_dag.delete_the_local_file scheduled__2019-05-02T00:00:00+00:00 [queued]>
[2022-02-20 02:00:01,824] {taskinstance.py:1032} INFO - Dependencies all met for <TaskInstance: green_taxi_gcs_dag.delete_the_local_file scheduled__2019-05-02T00:00:00+00:00 [queued]>
[2022-02-20 02:00:01,824] {taskinstance.py:1238} INFO - 
--------------------------------------------------------------------------------
[2022-02-20 02:00:01,825] {taskinstance.py:1239} INFO - Starting attempt 1 of 2
[2022-02-20 02:00:01,825] {taskinstance.py:1240} INFO - 
--------------------------------------------------------------------------------
[2022-02-20 02:00:01,842] {taskinstance.py:1259} INFO - Executing <Task(BashOperator): delete_the_local_file> on 2019-05-02 00:00:00+00:00
[2022-02-20 02:00:01,850] {standard_task_runner.py:52} INFO - Started process 350 to run task
[2022-02-20 02:00:01,854] {standard_task_runner.py:76} INFO - Running: ['***', 'tasks', 'run', 'green_taxi_gcs_dag', 'delete_the_local_file', 'scheduled__2019-05-02T00:00:00+00:00', '--job-id', '538', '--raw', '--subdir', 'DAGS_FOLDER/green_gcs_dag.py', '--cfg-path', '/tmp/tmpvuqwic1f', '--error-file', '/tmp/tmphhhliyi2']
[2022-02-20 02:00:01,856] {standard_task_runner.py:77} INFO - Job 538: Subtask delete_the_local_file
[2022-02-20 02:00:01,958] {logging_mixin.py:109} INFO - Running <TaskInstance: green_taxi_gcs_dag.delete_the_local_file scheduled__2019-05-02T00:00:00+00:00 [running]> on host 5484a3a1f7c3
[2022-02-20 02:00:02,047] {warnings.py:110} WARNING - /home/***/.local/lib/python3.7/site-packages/***/utils/context.py:152: AirflowContextDeprecationWarning: Accessing 'execution_date' from the template is deprecated and will be removed in a future version. Please use 'data_interval_start' or 'logical_date' instead.
  warnings.warn(_create_deprecation_warning(key, self._deprecation_replacements[key]))

[2022-02-20 02:00:02,088] {taskinstance.py:1426} INFO - Exporting the following env vars:
AIRFLOW_CTX_DAG_OWNER=***
AIRFLOW_CTX_DAG_ID=green_taxi_gcs_dag
AIRFLOW_CTX_TASK_ID=delete_the_local_file
AIRFLOW_CTX_EXECUTION_DATE=2019-05-02T00:00:00+00:00
AIRFLOW_CTX_DAG_RUN_ID=scheduled__2019-05-02T00:00:00+00:00
[2022-02-20 02:00:02,110] {subprocess.py:62} INFO - Tmp dir root location: 
 /tmp
[2022-02-20 02:00:02,111] {subprocess.py:74} INFO - Running command: ['bash', '-c', 'rm /opt/***/output_2019-05.csv | rm /opt/***/output_2019-05.parquet']
[2022-02-20 02:00:02,136] {subprocess.py:85} INFO - Output:
[2022-02-20 02:00:02,160] {subprocess.py:93} INFO - Command exited with return code 0
[2022-02-20 02:00:02,254] {taskinstance.py:1277} INFO - Marking task as SUCCESS. dag_id=green_taxi_gcs_dag, task_id=delete_the_local_file, execution_date=20190502T000000, start_date=20220220T020001, end_date=20220220T020002
[2022-02-20 02:00:02,320] {local_task_job.py:154} INFO - Task exited with return code 0
[2022-02-20 02:00:02,390] {local_task_job.py:264} INFO - 0 downstream tasks scheduled from follow-on schedule check
