[2022-02-03 13:48:07,185] {taskinstance.py:1032} INFO - Dependencies all met for <TaskInstance: LocalIngestionDag.wget scheduled__2021-02-02T06:00:00+00:00 [queued]>
[2022-02-03 13:48:07,228] {taskinstance.py:1032} INFO - Dependencies all met for <TaskInstance: LocalIngestionDag.wget scheduled__2021-02-02T06:00:00+00:00 [queued]>
[2022-02-03 13:48:07,228] {taskinstance.py:1238} INFO - 
--------------------------------------------------------------------------------
[2022-02-03 13:48:07,229] {taskinstance.py:1239} INFO - Starting attempt 1 of 1
[2022-02-03 13:48:07,229] {taskinstance.py:1240} INFO - 
--------------------------------------------------------------------------------
[2022-02-03 13:48:07,257] {taskinstance.py:1259} INFO - Executing <Task(BashOperator): wget> on 2021-02-02 06:00:00+00:00
[2022-02-03 13:48:07,267] {standard_task_runner.py:52} INFO - Started process 1576 to run task
[2022-02-03 13:48:07,277] {standard_task_runner.py:76} INFO - Running: ['***', 'tasks', 'run', 'LocalIngestionDag', 'wget', 'scheduled__2021-02-02T06:00:00+00:00', '--job-id', '52', '--raw', '--subdir', 'DAGS_FOLDER/data_ingestion_localDB_dag.py', '--cfg-path', '/tmp/tmpvnxg1nnj', '--error-file', '/tmp/tmplrbao8n8']
[2022-02-03 13:48:07,278] {standard_task_runner.py:77} INFO - Job 52: Subtask wget
[2022-02-03 13:48:07,426] {logging_mixin.py:109} INFO - Running <TaskInstance: LocalIngestionDag.wget scheduled__2021-02-02T06:00:00+00:00 [running]> on host 2b92176b720f
[2022-02-03 13:48:07,518] {warnings.py:110} WARNING - /home/***/.local/lib/python3.7/site-packages/***/utils/context.py:152: AirflowContextDeprecationWarning: Accessing 'execution_date' from the template is deprecated and will be removed in a future version. Please use 'data_interval_start' or 'logical_date' instead.
  warnings.warn(_create_deprecation_warning(key, self._deprecation_replacements[key]))

[2022-02-03 13:48:07,561] {taskinstance.py:1426} INFO - Exporting the following env vars:
AIRFLOW_CTX_DAG_OWNER=***
AIRFLOW_CTX_DAG_ID=LocalIngestionDag
AIRFLOW_CTX_TASK_ID=wget
AIRFLOW_CTX_EXECUTION_DATE=2021-02-02T06:00:00+00:00
AIRFLOW_CTX_DAG_RUN_ID=scheduled__2021-02-02T06:00:00+00:00
[2022-02-03 13:48:07,562] {subprocess.py:62} INFO - Tmp dir root location: 
 /tmp
[2022-02-03 13:48:07,562] {subprocess.py:74} INFO - Running command: ['bash', '-c', 'echo "2021-m%"']
[2022-02-03 13:48:07,583] {subprocess.py:85} INFO - Output:
[2022-02-03 13:48:07,584] {subprocess.py:89} INFO - 2021-m%
[2022-02-03 13:48:07,584] {subprocess.py:93} INFO - Command exited with return code 0
[2022-02-03 13:48:07,627] {taskinstance.py:1277} INFO - Marking task as SUCCESS. dag_id=LocalIngestionDag, task_id=wget, execution_date=20210202T060000, start_date=20220203T134807, end_date=20220203T134807
[2022-02-03 13:48:07,695] {local_task_job.py:154} INFO - Task exited with return code 0
[2022-02-03 13:48:07,885] {local_task_job.py:264} INFO - 0 downstream tasks scheduled from follow-on schedule check
[2022-02-03 14:00:18,644] {taskinstance.py:1032} INFO - Dependencies all met for <TaskInstance: LocalIngestionDag.wget scheduled__2021-02-02T06:00:00+00:00 [queued]>
[2022-02-03 14:00:18,680] {taskinstance.py:1032} INFO - Dependencies all met for <TaskInstance: LocalIngestionDag.wget scheduled__2021-02-02T06:00:00+00:00 [queued]>
[2022-02-03 14:00:18,680] {taskinstance.py:1238} INFO - 
--------------------------------------------------------------------------------
[2022-02-03 14:00:18,680] {taskinstance.py:1239} INFO - Starting attempt 1 of 1
[2022-02-03 14:00:18,681] {taskinstance.py:1240} INFO - 
--------------------------------------------------------------------------------
[2022-02-03 14:00:18,722] {taskinstance.py:1259} INFO - Executing <Task(BashOperator): wget> on 2021-02-02 06:00:00+00:00
[2022-02-03 14:00:18,733] {standard_task_runner.py:52} INFO - Started process 164 to run task
[2022-02-03 14:00:18,859] {standard_task_runner.py:76} INFO - Running: ['***', 'tasks', 'run', 'LocalIngestionDag', 'wget', 'scheduled__2021-02-02T06:00:00+00:00', '--job-id', '96', '--raw', '--subdir', 'DAGS_FOLDER/data_ingestion_localDB_dag.py', '--cfg-path', '/tmp/tmpofofddlk', '--error-file', '/tmp/tmpb2hil8au']
[2022-02-03 14:00:19,031] {standard_task_runner.py:77} INFO - Job 96: Subtask wget
[2022-02-03 14:00:20,194] {logging_mixin.py:109} INFO - Running <TaskInstance: LocalIngestionDag.wget scheduled__2021-02-02T06:00:00+00:00 [running]> on host cd3baa871297
[2022-02-03 14:00:20,992] {warnings.py:110} WARNING - /home/***/.local/lib/python3.7/site-packages/***/utils/context.py:152: AirflowContextDeprecationWarning: Accessing 'execution_date' from the template is deprecated and will be removed in a future version. Please use 'data_interval_start' or 'logical_date' instead.
  warnings.warn(_create_deprecation_warning(key, self._deprecation_replacements[key]))

[2022-02-03 14:00:21,156] {taskinstance.py:1426} INFO - Exporting the following env vars:
AIRFLOW_CTX_DAG_OWNER=***
AIRFLOW_CTX_DAG_ID=LocalIngestionDag
AIRFLOW_CTX_TASK_ID=wget
AIRFLOW_CTX_EXECUTION_DATE=2021-02-02T06:00:00+00:00
AIRFLOW_CTX_DAG_RUN_ID=scheduled__2021-02-02T06:00:00+00:00
[2022-02-03 14:00:21,157] {subprocess.py:62} INFO - Tmp dir root location: 
 /tmp
[2022-02-03 14:00:21,157] {subprocess.py:74} INFO - Running command: ['bash', '-c', 'echo "2021-02"']
[2022-02-03 14:00:21,259] {subprocess.py:85} INFO - Output:
[2022-02-03 14:00:21,289] {subprocess.py:89} INFO - 2021-02
[2022-02-03 14:00:21,308] {subprocess.py:93} INFO - Command exited with return code 0
[2022-02-03 14:00:21,481] {taskinstance.py:1277} INFO - Marking task as SUCCESS. dag_id=LocalIngestionDag, task_id=wget, execution_date=20210202T060000, start_date=20220203T140018, end_date=20220203T140021
[2022-02-03 14:00:21,607] {local_task_job.py:154} INFO - Task exited with return code 0
[2022-02-03 14:00:21,873] {local_task_job.py:264} INFO - 0 downstream tasks scheduled from follow-on schedule check
