[2022-02-09 20:31:41,593] {taskinstance.py:1032} INFO - Dependencies all met for <TaskInstance: green_taxi_gcs_dag.format_to_parquet_task scheduled__2019-03-02T00:00:00+00:00 [queued]>
[2022-02-09 20:31:41,719] {taskinstance.py:1032} INFO - Dependencies all met for <TaskInstance: green_taxi_gcs_dag.format_to_parquet_task scheduled__2019-03-02T00:00:00+00:00 [queued]>
[2022-02-09 20:31:41,720] {taskinstance.py:1238} INFO - 
--------------------------------------------------------------------------------
[2022-02-09 20:31:41,720] {taskinstance.py:1239} INFO - Starting attempt 1 of 2
[2022-02-09 20:31:41,720] {taskinstance.py:1240} INFO - 
--------------------------------------------------------------------------------
[2022-02-09 20:31:41,748] {taskinstance.py:1259} INFO - Executing <Task(PythonOperator): format_to_parquet_task> on 2019-03-02 00:00:00+00:00
[2022-02-09 20:31:41,764] {standard_task_runner.py:52} INFO - Started process 116 to run task
[2022-02-09 20:31:41,774] {standard_task_runner.py:76} INFO - Running: ['***', 'tasks', 'run', 'green_taxi_gcs_dag', 'format_to_parquet_task', 'scheduled__2019-03-02T00:00:00+00:00', '--job-id', '20', '--raw', '--subdir', 'DAGS_FOLDER/green_gcs_dag.py', '--cfg-path', '/tmp/tmpdoslpfna', '--error-file', '/tmp/tmp5z0eymu2']
[2022-02-09 20:31:41,776] {standard_task_runner.py:77} INFO - Job 20: Subtask format_to_parquet_task
[2022-02-09 20:31:41,983] {logging_mixin.py:109} INFO - Running <TaskInstance: green_taxi_gcs_dag.format_to_parquet_task scheduled__2019-03-02T00:00:00+00:00 [running]> on host 4f97b6b16bdb
[2022-02-09 20:31:42,133] {warnings.py:110} WARNING - /home/***/.local/lib/python3.7/site-packages/***/utils/context.py:152: AirflowContextDeprecationWarning: Accessing 'execution_date' from the template is deprecated and will be removed in a future version. Please use 'data_interval_start' or 'logical_date' instead.
  warnings.warn(_create_deprecation_warning(key, self._deprecation_replacements[key]))

[2022-02-09 20:31:42,226] {taskinstance.py:1426} INFO - Exporting the following env vars:
AIRFLOW_CTX_DAG_OWNER=***
AIRFLOW_CTX_DAG_ID=green_taxi_gcs_dag
AIRFLOW_CTX_TASK_ID=format_to_parquet_task
AIRFLOW_CTX_EXECUTION_DATE=2019-03-02T00:00:00+00:00
AIRFLOW_CTX_DAG_RUN_ID=scheduled__2019-03-02T00:00:00+00:00
[2022-02-09 20:31:44,560] {python.py:175} INFO - Done. Returned value was: None
[2022-02-09 20:31:44,591] {taskinstance.py:1277} INFO - Marking task as SUCCESS. dag_id=green_taxi_gcs_dag, task_id=format_to_parquet_task, execution_date=20190302T000000, start_date=20220209T203141, end_date=20220209T203144
[2022-02-09 20:31:44,787] {local_task_job.py:154} INFO - Task exited with return code 0
[2022-02-09 20:31:44,902] {local_task_job.py:264} INFO - 1 downstream tasks scheduled from follow-on schedule check
[2022-02-09 20:42:54,741] {taskinstance.py:1032} INFO - Dependencies all met for <TaskInstance: green_taxi_gcs_dag.format_to_parquet_task scheduled__2019-03-02T00:00:00+00:00 [queued]>
[2022-02-09 20:42:54,764] {taskinstance.py:1032} INFO - Dependencies all met for <TaskInstance: green_taxi_gcs_dag.format_to_parquet_task scheduled__2019-03-02T00:00:00+00:00 [queued]>
[2022-02-09 20:42:54,764] {taskinstance.py:1238} INFO - 
--------------------------------------------------------------------------------
[2022-02-09 20:42:54,765] {taskinstance.py:1239} INFO - Starting attempt 1 of 2
[2022-02-09 20:42:54,765] {taskinstance.py:1240} INFO - 
--------------------------------------------------------------------------------
[2022-02-09 20:42:54,797] {taskinstance.py:1259} INFO - Executing <Task(PythonOperator): format_to_parquet_task> on 2019-03-02 00:00:00+00:00
[2022-02-09 20:42:54,807] {standard_task_runner.py:52} INFO - Started process 602 to run task
[2022-02-09 20:42:54,817] {standard_task_runner.py:76} INFO - Running: ['***', 'tasks', 'run', 'green_taxi_gcs_dag', 'format_to_parquet_task', 'scheduled__2019-03-02T00:00:00+00:00', '--job-id', '127', '--raw', '--subdir', 'DAGS_FOLDER/green_gcs_dag.py', '--cfg-path', '/tmp/tmpubjj93vx', '--error-file', '/tmp/tmpwlzcr1sq']
[2022-02-09 20:42:54,818] {standard_task_runner.py:77} INFO - Job 127: Subtask format_to_parquet_task
[2022-02-09 20:42:55,081] {logging_mixin.py:109} INFO - Running <TaskInstance: green_taxi_gcs_dag.format_to_parquet_task scheduled__2019-03-02T00:00:00+00:00 [running]> on host 4f97b6b16bdb
[2022-02-09 20:42:55,254] {warnings.py:110} WARNING - /home/***/.local/lib/python3.7/site-packages/***/utils/context.py:152: AirflowContextDeprecationWarning: Accessing 'execution_date' from the template is deprecated and will be removed in a future version. Please use 'data_interval_start' or 'logical_date' instead.
  warnings.warn(_create_deprecation_warning(key, self._deprecation_replacements[key]))

[2022-02-09 20:42:55,333] {taskinstance.py:1426} INFO - Exporting the following env vars:
AIRFLOW_CTX_DAG_OWNER=***
AIRFLOW_CTX_DAG_ID=green_taxi_gcs_dag
AIRFLOW_CTX_TASK_ID=format_to_parquet_task
AIRFLOW_CTX_EXECUTION_DATE=2019-03-02T00:00:00+00:00
AIRFLOW_CTX_DAG_RUN_ID=scheduled__2019-03-02T00:00:00+00:00
[2022-02-09 20:42:57,126] {python.py:175} INFO - Done. Returned value was: None
[2022-02-09 20:42:57,151] {taskinstance.py:1277} INFO - Marking task as SUCCESS. dag_id=green_taxi_gcs_dag, task_id=format_to_parquet_task, execution_date=20190302T000000, start_date=20220209T204254, end_date=20220209T204257
[2022-02-09 20:42:57,232] {local_task_job.py:154} INFO - Task exited with return code 0
[2022-02-09 20:42:57,323] {local_task_job.py:264} INFO - 1 downstream tasks scheduled from follow-on schedule check
[2022-02-20 00:01:04,578] {taskinstance.py:1032} INFO - Dependencies all met for <TaskInstance: green_taxi_gcs_dag.format_to_parquet_task scheduled__2019-03-02T00:00:00+00:00 [queued]>
[2022-02-20 00:01:04,613] {taskinstance.py:1032} INFO - Dependencies all met for <TaskInstance: green_taxi_gcs_dag.format_to_parquet_task scheduled__2019-03-02T00:00:00+00:00 [queued]>
[2022-02-20 00:01:04,613] {taskinstance.py:1238} INFO - 
--------------------------------------------------------------------------------
[2022-02-20 00:01:04,613] {taskinstance.py:1239} INFO - Starting attempt 1 of 2
[2022-02-20 00:01:04,613] {taskinstance.py:1240} INFO - 
--------------------------------------------------------------------------------
[2022-02-20 00:01:04,643] {taskinstance.py:1259} INFO - Executing <Task(PythonOperator): format_to_parquet_task> on 2019-03-02 00:00:00+00:00
[2022-02-20 00:01:04,655] {standard_task_runner.py:52} INFO - Started process 372 to run task
[2022-02-20 00:01:04,658] {standard_task_runner.py:76} INFO - Running: ['***', 'tasks', 'run', 'green_taxi_gcs_dag', 'format_to_parquet_task', 'scheduled__2019-03-02T00:00:00+00:00', '--job-id', '317', '--raw', '--subdir', 'DAGS_FOLDER/green_gcs_dag.py', '--cfg-path', '/tmp/tmp0mkr5bwg', '--error-file', '/tmp/tmpcbsezxpa']
[2022-02-20 00:01:04,664] {standard_task_runner.py:77} INFO - Job 317: Subtask format_to_parquet_task
[2022-02-20 00:01:04,808] {logging_mixin.py:109} INFO - Running <TaskInstance: green_taxi_gcs_dag.format_to_parquet_task scheduled__2019-03-02T00:00:00+00:00 [running]> on host da07aa254901
[2022-02-20 00:01:04,893] {warnings.py:110} WARNING - /home/***/.local/lib/python3.7/site-packages/***/utils/context.py:152: AirflowContextDeprecationWarning: Accessing 'execution_date' from the template is deprecated and will be removed in a future version. Please use 'data_interval_start' or 'logical_date' instead.
  warnings.warn(_create_deprecation_warning(key, self._deprecation_replacements[key]))

[2022-02-20 00:01:04,924] {taskinstance.py:1426} INFO - Exporting the following env vars:
AIRFLOW_CTX_DAG_OWNER=***
AIRFLOW_CTX_DAG_ID=green_taxi_gcs_dag
AIRFLOW_CTX_TASK_ID=format_to_parquet_task
AIRFLOW_CTX_EXECUTION_DATE=2019-03-02T00:00:00+00:00
AIRFLOW_CTX_DAG_RUN_ID=scheduled__2019-03-02T00:00:00+00:00
[2022-02-20 00:01:05,795] {python.py:175} INFO - Done. Returned value was: None
[2022-02-20 00:01:05,808] {taskinstance.py:1277} INFO - Marking task as SUCCESS. dag_id=green_taxi_gcs_dag, task_id=format_to_parquet_task, execution_date=20190302T000000, start_date=20220220T000104, end_date=20220220T000105
[2022-02-20 00:01:05,886] {local_task_job.py:154} INFO - Task exited with return code 0
[2022-02-20 00:01:05,942] {local_task_job.py:264} INFO - 1 downstream tasks scheduled from follow-on schedule check
[2022-02-20 01:59:25,343] {taskinstance.py:1032} INFO - Dependencies all met for <TaskInstance: green_taxi_gcs_dag.format_to_parquet_task scheduled__2019-03-02T00:00:00+00:00 [queued]>
[2022-02-20 01:59:25,380] {taskinstance.py:1032} INFO - Dependencies all met for <TaskInstance: green_taxi_gcs_dag.format_to_parquet_task scheduled__2019-03-02T00:00:00+00:00 [queued]>
[2022-02-20 01:59:25,380] {taskinstance.py:1238} INFO - 
--------------------------------------------------------------------------------
[2022-02-20 01:59:25,380] {taskinstance.py:1239} INFO - Starting attempt 1 of 2
[2022-02-20 01:59:25,380] {taskinstance.py:1240} INFO - 
--------------------------------------------------------------------------------
[2022-02-20 01:59:25,401] {taskinstance.py:1259} INFO - Executing <Task(PythonOperator): format_to_parquet_task> on 2019-03-02 00:00:00+00:00
[2022-02-20 01:59:25,410] {standard_task_runner.py:52} INFO - Started process 258 to run task
[2022-02-20 01:59:25,413] {standard_task_runner.py:76} INFO - Running: ['***', 'tasks', 'run', 'green_taxi_gcs_dag', 'format_to_parquet_task', 'scheduled__2019-03-02T00:00:00+00:00', '--job-id', '525', '--raw', '--subdir', 'DAGS_FOLDER/green_gcs_dag.py', '--cfg-path', '/tmp/tmpdrjsxsil', '--error-file', '/tmp/tmph35ynllz']
[2022-02-20 01:59:25,414] {standard_task_runner.py:77} INFO - Job 525: Subtask format_to_parquet_task
[2022-02-20 01:59:25,508] {logging_mixin.py:109} INFO - Running <TaskInstance: green_taxi_gcs_dag.format_to_parquet_task scheduled__2019-03-02T00:00:00+00:00 [running]> on host 5484a3a1f7c3
[2022-02-20 01:59:25,552] {warnings.py:110} WARNING - /home/***/.local/lib/python3.7/site-packages/***/utils/context.py:152: AirflowContextDeprecationWarning: Accessing 'execution_date' from the template is deprecated and will be removed in a future version. Please use 'data_interval_start' or 'logical_date' instead.
  warnings.warn(_create_deprecation_warning(key, self._deprecation_replacements[key]))

[2022-02-20 01:59:25,572] {taskinstance.py:1426} INFO - Exporting the following env vars:
AIRFLOW_CTX_DAG_OWNER=***
AIRFLOW_CTX_DAG_ID=green_taxi_gcs_dag
AIRFLOW_CTX_TASK_ID=format_to_parquet_task
AIRFLOW_CTX_EXECUTION_DATE=2019-03-02T00:00:00+00:00
AIRFLOW_CTX_DAG_RUN_ID=scheduled__2019-03-02T00:00:00+00:00
[2022-02-20 01:59:26,327] {python.py:175} INFO - Done. Returned value was: None
[2022-02-20 01:59:26,340] {taskinstance.py:1277} INFO - Marking task as SUCCESS. dag_id=green_taxi_gcs_dag, task_id=format_to_parquet_task, execution_date=20190302T000000, start_date=20220220T015925, end_date=20220220T015926
[2022-02-20 01:59:26,429] {local_task_job.py:154} INFO - Task exited with return code 0
[2022-02-20 01:59:26,477] {local_task_job.py:264} INFO - 1 downstream tasks scheduled from follow-on schedule check
[2022-02-23 20:11:23,074] {taskinstance.py:1032} INFO - Dependencies all met for <TaskInstance: green_taxi_gcs_dag.format_to_parquet_task scheduled__2019-03-02T00:00:00+00:00 [queued]>
[2022-02-23 20:11:23,127] {taskinstance.py:1032} INFO - Dependencies all met for <TaskInstance: green_taxi_gcs_dag.format_to_parquet_task scheduled__2019-03-02T00:00:00+00:00 [queued]>
[2022-02-23 20:11:23,128] {taskinstance.py:1238} INFO - 
--------------------------------------------------------------------------------
[2022-02-23 20:11:23,128] {taskinstance.py:1239} INFO - Starting attempt 1 of 2
[2022-02-23 20:11:23,128] {taskinstance.py:1240} INFO - 
--------------------------------------------------------------------------------
[2022-02-23 20:11:23,228] {taskinstance.py:1259} INFO - Executing <Task(PythonOperator): format_to_parquet_task> on 2019-03-02 00:00:00+00:00
[2022-02-23 20:11:23,269] {standard_task_runner.py:52} INFO - Started process 482 to run task
[2022-02-23 20:11:23,273] {standard_task_runner.py:76} INFO - Running: ['***', 'tasks', 'run', 'green_taxi_gcs_dag', 'format_to_parquet_task', 'scheduled__2019-03-02T00:00:00+00:00', '--job-id', '21', '--raw', '--subdir', 'DAGS_FOLDER/green_gcs_dag.py', '--cfg-path', '/tmp/tmpfk3uk3mp', '--error-file', '/tmp/tmpeoo07kzn']
[2022-02-23 20:11:23,280] {standard_task_runner.py:77} INFO - Job 21: Subtask format_to_parquet_task
[2022-02-23 20:11:23,459] {logging_mixin.py:109} INFO - Running <TaskInstance: green_taxi_gcs_dag.format_to_parquet_task scheduled__2019-03-02T00:00:00+00:00 [running]> on host 1bb54b80b2ee
[2022-02-23 20:11:23,641] {warnings.py:110} WARNING - /home/***/.local/lib/python3.7/site-packages/***/utils/context.py:152: AirflowContextDeprecationWarning: Accessing 'execution_date' from the template is deprecated and will be removed in a future version. Please use 'data_interval_start' or 'logical_date' instead.
  warnings.warn(_create_deprecation_warning(key, self._deprecation_replacements[key]))

[2022-02-23 20:11:23,696] {taskinstance.py:1426} INFO - Exporting the following env vars:
AIRFLOW_CTX_DAG_OWNER=***
AIRFLOW_CTX_DAG_ID=green_taxi_gcs_dag
AIRFLOW_CTX_TASK_ID=format_to_parquet_task
AIRFLOW_CTX_EXECUTION_DATE=2019-03-02T00:00:00+00:00
AIRFLOW_CTX_DAG_RUN_ID=scheduled__2019-03-02T00:00:00+00:00
[2022-02-23 20:11:25,552] {python.py:175} INFO - Done. Returned value was: None
[2022-02-23 20:11:25,582] {taskinstance.py:1277} INFO - Marking task as SUCCESS. dag_id=green_taxi_gcs_dag, task_id=format_to_parquet_task, execution_date=20190302T000000, start_date=20220223T201123, end_date=20220223T201125
[2022-02-23 20:11:25,680] {local_task_job.py:154} INFO - Task exited with return code 0
[2022-02-23 20:11:25,760] {local_task_job.py:264} INFO - 1 downstream tasks scheduled from follow-on schedule check
