[2022-02-03 14:43:40,581] {taskinstance.py:1032} INFO - Dependencies all met for <TaskInstance: yellow_taxi_gcs_dag.download_dataset_task scheduled__2019-01-02T00:00:00+00:00 [queued]>
[2022-02-03 14:43:40,597] {taskinstance.py:1032} INFO - Dependencies all met for <TaskInstance: yellow_taxi_gcs_dag.download_dataset_task scheduled__2019-01-02T00:00:00+00:00 [queued]>
[2022-02-03 14:43:40,597] {taskinstance.py:1238} INFO - 
--------------------------------------------------------------------------------
[2022-02-03 14:43:40,597] {taskinstance.py:1239} INFO - Starting attempt 1 of 2
[2022-02-03 14:43:40,597] {taskinstance.py:1240} INFO - 
--------------------------------------------------------------------------------
[2022-02-03 14:43:40,615] {taskinstance.py:1259} INFO - Executing <Task(BashOperator): download_dataset_task> on 2019-01-02 00:00:00+00:00
[2022-02-03 14:43:40,623] {standard_task_runner.py:52} INFO - Started process 2093 to run task
[2022-02-03 14:43:40,627] {standard_task_runner.py:76} INFO - Running: ['***', 'tasks', 'run', 'yellow_taxi_gcs_dag', 'download_dataset_task', 'scheduled__2019-01-02T00:00:00+00:00', '--job-id', '126', '--raw', '--subdir', 'DAGS_FOLDER/yellow_taxi_gcs_dag.py', '--cfg-path', '/tmp/tmpv7hc0mgz', '--error-file', '/tmp/tmprbdb2wpr']
[2022-02-03 14:43:40,629] {standard_task_runner.py:77} INFO - Job 126: Subtask download_dataset_task
[2022-02-03 14:43:40,724] {logging_mixin.py:109} INFO - Running <TaskInstance: yellow_taxi_gcs_dag.download_dataset_task scheduled__2019-01-02T00:00:00+00:00 [running]> on host cd3baa871297
[2022-02-03 14:43:40,802] {warnings.py:110} WARNING - /home/***/.local/lib/python3.7/site-packages/***/utils/context.py:152: AirflowContextDeprecationWarning: Accessing 'execution_date' from the template is deprecated and will be removed in a future version. Please use 'data_interval_start' or 'logical_date' instead.
  warnings.warn(_create_deprecation_warning(key, self._deprecation_replacements[key]))

[2022-02-03 14:43:40,825] {taskinstance.py:1426} INFO - Exporting the following env vars:
AIRFLOW_CTX_DAG_OWNER=***
AIRFLOW_CTX_DAG_ID=yellow_taxi_gcs_dag
AIRFLOW_CTX_TASK_ID=download_dataset_task
AIRFLOW_CTX_EXECUTION_DATE=2019-01-02T00:00:00+00:00
AIRFLOW_CTX_DAG_RUN_ID=scheduled__2019-01-02T00:00:00+00:00
[2022-02-03 14:43:40,826] {subprocess.py:62} INFO - Tmp dir root location: 
 /tmp
[2022-02-03 14:43:40,826] {subprocess.py:74} INFO - Running command: ['bash', '-c', 'echo https://s3.amazonaws.com/nyc-tlc/trip+data/yellow_tripdata_2019-01.csv -  /opt/***/output_2019-01.csv | curl -sS https://s3.amazonaws.com/nyc-tlc/trip+data/yellow_tripdata_2019-01.csv > /opt/***/output_2019-01.csv']
[2022-02-03 14:43:40,843] {subprocess.py:85} INFO - Output:
[2022-02-03 14:45:49,310] {subprocess.py:93} INFO - Command exited with return code 0
[2022-02-03 14:45:49,380] {taskinstance.py:1277} INFO - Marking task as SUCCESS. dag_id=yellow_taxi_gcs_dag, task_id=download_dataset_task, execution_date=20190102T000000, start_date=20220203T144340, end_date=20220203T144549
[2022-02-03 14:45:49,450] {local_task_job.py:154} INFO - Task exited with return code 0
[2022-02-03 14:45:49,481] {local_task_job.py:264} INFO - 0 downstream tasks scheduled from follow-on schedule check
[2022-02-03 15:33:20,119] {taskinstance.py:1032} INFO - Dependencies all met for <TaskInstance: yellow_taxi_gcs_dag.download_dataset_task scheduled__2019-01-02T00:00:00+00:00 [queued]>
[2022-02-03 15:33:20,142] {taskinstance.py:1032} INFO - Dependencies all met for <TaskInstance: yellow_taxi_gcs_dag.download_dataset_task scheduled__2019-01-02T00:00:00+00:00 [queued]>
[2022-02-03 15:33:20,142] {taskinstance.py:1238} INFO - 
--------------------------------------------------------------------------------
[2022-02-03 15:33:20,142] {taskinstance.py:1239} INFO - Starting attempt 1 of 2
[2022-02-03 15:33:20,142] {taskinstance.py:1240} INFO - 
--------------------------------------------------------------------------------
[2022-02-03 15:33:20,159] {taskinstance.py:1259} INFO - Executing <Task(BashOperator): download_dataset_task> on 2019-01-02 00:00:00+00:00
[2022-02-03 15:33:20,167] {standard_task_runner.py:52} INFO - Started process 4350 to run task
[2022-02-03 15:33:20,171] {standard_task_runner.py:76} INFO - Running: ['***', 'tasks', 'run', 'yellow_taxi_gcs_dag', 'download_dataset_task', 'scheduled__2019-01-02T00:00:00+00:00', '--job-id', '161', '--raw', '--subdir', 'DAGS_FOLDER/yellow_taxi_gcs_dag.py', '--cfg-path', '/tmp/tmpymdktti7', '--error-file', '/tmp/tmpqk2f6u2x']
[2022-02-03 15:33:20,173] {standard_task_runner.py:77} INFO - Job 161: Subtask download_dataset_task
[2022-02-03 15:33:20,237] {logging_mixin.py:109} INFO - Running <TaskInstance: yellow_taxi_gcs_dag.download_dataset_task scheduled__2019-01-02T00:00:00+00:00 [running]> on host cd3baa871297
[2022-02-03 15:33:20,278] {warnings.py:110} WARNING - /home/***/.local/lib/python3.7/site-packages/***/utils/context.py:152: AirflowContextDeprecationWarning: Accessing 'execution_date' from the template is deprecated and will be removed in a future version. Please use 'data_interval_start' or 'logical_date' instead.
  warnings.warn(_create_deprecation_warning(key, self._deprecation_replacements[key]))

[2022-02-03 15:33:20,299] {taskinstance.py:1426} INFO - Exporting the following env vars:
AIRFLOW_CTX_DAG_OWNER=***
AIRFLOW_CTX_DAG_ID=yellow_taxi_gcs_dag
AIRFLOW_CTX_TASK_ID=download_dataset_task
AIRFLOW_CTX_EXECUTION_DATE=2019-01-02T00:00:00+00:00
AIRFLOW_CTX_DAG_RUN_ID=scheduled__2019-01-02T00:00:00+00:00
[2022-02-03 15:33:20,300] {subprocess.py:62} INFO - Tmp dir root location: 
 /tmp
[2022-02-03 15:33:20,301] {subprocess.py:74} INFO - Running command: ['bash', '-c', 'echo https://s3.amazonaws.com/nyc-tlc/trip+data/yellow_tripdata_2019-01.csv -  /opt/***/output_2019-01.csv']
[2022-02-03 15:33:20,313] {subprocess.py:85} INFO - Output:
[2022-02-03 15:33:20,315] {subprocess.py:89} INFO - https://s3.amazonaws.com/nyc-tlc/trip+data/yellow_tripdata_2019-01.csv - /opt/***/output_2019-01.csv
[2022-02-03 15:33:20,315] {subprocess.py:93} INFO - Command exited with return code 0
[2022-02-03 15:33:20,343] {taskinstance.py:1277} INFO - Marking task as SUCCESS. dag_id=yellow_taxi_gcs_dag, task_id=download_dataset_task, execution_date=20190102T000000, start_date=20220203T153320, end_date=20220203T153320
[2022-02-03 15:33:20,385] {local_task_job.py:154} INFO - Task exited with return code 0
[2022-02-03 15:33:20,422] {local_task_job.py:264} INFO - 0 downstream tasks scheduled from follow-on schedule check
[2022-02-03 16:10:11,351] {taskinstance.py:1032} INFO - Dependencies all met for <TaskInstance: yellow_taxi_gcs_dag.download_dataset_task scheduled__2019-01-02T00:00:00+00:00 [queued]>
[2022-02-03 16:10:11,368] {taskinstance.py:1032} INFO - Dependencies all met for <TaskInstance: yellow_taxi_gcs_dag.download_dataset_task scheduled__2019-01-02T00:00:00+00:00 [queued]>
[2022-02-03 16:10:11,368] {taskinstance.py:1238} INFO - 
--------------------------------------------------------------------------------
[2022-02-03 16:10:11,368] {taskinstance.py:1239} INFO - Starting attempt 1 of 2
[2022-02-03 16:10:11,368] {taskinstance.py:1240} INFO - 
--------------------------------------------------------------------------------
[2022-02-03 16:10:11,385] {taskinstance.py:1259} INFO - Executing <Task(BashOperator): download_dataset_task> on 2019-01-02 00:00:00+00:00
[2022-02-03 16:10:11,392] {standard_task_runner.py:52} INFO - Started process 121 to run task
[2022-02-03 16:10:11,396] {standard_task_runner.py:76} INFO - Running: ['***', 'tasks', 'run', 'yellow_taxi_gcs_dag', 'download_dataset_task', 'scheduled__2019-01-02T00:00:00+00:00', '--job-id', '3', '--raw', '--subdir', 'DAGS_FOLDER/yellow_taxi_gcs_dag.py', '--cfg-path', '/tmp/tmpa_kbaje7', '--error-file', '/tmp/tmpauz8gpo4']
[2022-02-03 16:10:11,397] {standard_task_runner.py:77} INFO - Job 3: Subtask download_dataset_task
[2022-02-03 16:10:11,506] {logging_mixin.py:109} INFO - Running <TaskInstance: yellow_taxi_gcs_dag.download_dataset_task scheduled__2019-01-02T00:00:00+00:00 [running]> on host d57c4a02361a
[2022-02-03 16:10:11,548] {warnings.py:110} WARNING - /home/***/.local/lib/python3.7/site-packages/***/utils/context.py:152: AirflowContextDeprecationWarning: Accessing 'execution_date' from the template is deprecated and will be removed in a future version. Please use 'data_interval_start' or 'logical_date' instead.
  warnings.warn(_create_deprecation_warning(key, self._deprecation_replacements[key]))

[2022-02-03 16:10:11,568] {taskinstance.py:1426} INFO - Exporting the following env vars:
AIRFLOW_CTX_DAG_OWNER=***
AIRFLOW_CTX_DAG_ID=yellow_taxi_gcs_dag
AIRFLOW_CTX_TASK_ID=download_dataset_task
AIRFLOW_CTX_EXECUTION_DATE=2019-01-02T00:00:00+00:00
AIRFLOW_CTX_DAG_RUN_ID=scheduled__2019-01-02T00:00:00+00:00
[2022-02-03 16:10:11,569] {subprocess.py:62} INFO - Tmp dir root location: 
 /tmp
[2022-02-03 16:10:11,570] {subprocess.py:74} INFO - Running command: ['bash', '-c', 'curl -sS https://s3.amazonaws.com/nyc-tlc/trip+data/yellow_tripdata_2019-01.csv > /opt/***/output_2019-01.csv']
[2022-02-03 16:10:11,583] {subprocess.py:85} INFO - Output:
[2022-02-03 16:11:16,261] {subprocess.py:93} INFO - Command exited with return code 0
[2022-02-03 16:11:16,312] {taskinstance.py:1277} INFO - Marking task as SUCCESS. dag_id=yellow_taxi_gcs_dag, task_id=download_dataset_task, execution_date=20190102T000000, start_date=20220203T161011, end_date=20220203T161116
[2022-02-03 16:11:16,379] {local_task_job.py:154} INFO - Task exited with return code 0
[2022-02-03 16:11:16,457] {local_task_job.py:264} INFO - 0 downstream tasks scheduled from follow-on schedule check
[2022-02-03 16:28:51,867] {taskinstance.py:1032} INFO - Dependencies all met for <TaskInstance: yellow_taxi_gcs_dag.download_dataset_task scheduled__2019-01-02T00:00:00+00:00 [queued]>
[2022-02-03 16:28:51,965] {taskinstance.py:1032} INFO - Dependencies all met for <TaskInstance: yellow_taxi_gcs_dag.download_dataset_task scheduled__2019-01-02T00:00:00+00:00 [queued]>
[2022-02-03 16:28:51,965] {taskinstance.py:1238} INFO - 
--------------------------------------------------------------------------------
[2022-02-03 16:28:51,965] {taskinstance.py:1239} INFO - Starting attempt 1 of 2
[2022-02-03 16:28:51,966] {taskinstance.py:1240} INFO - 
--------------------------------------------------------------------------------
[2022-02-03 16:28:52,052] {taskinstance.py:1259} INFO - Executing <Task(BashOperator): download_dataset_task> on 2019-01-02 00:00:00+00:00
[2022-02-03 16:28:52,061] {standard_task_runner.py:52} INFO - Started process 158 to run task
[2022-02-03 16:28:52,073] {standard_task_runner.py:76} INFO - Running: ['***', 'tasks', 'run', 'yellow_taxi_gcs_dag', 'download_dataset_task', 'scheduled__2019-01-02T00:00:00+00:00', '--job-id', '7', '--raw', '--subdir', 'DAGS_FOLDER/yellow_taxi_gcs_dag.py', '--cfg-path', '/tmp/tmp4b9hayqd', '--error-file', '/tmp/tmp1pbtqw64']
[2022-02-03 16:28:52,080] {standard_task_runner.py:77} INFO - Job 7: Subtask download_dataset_task
[2022-02-03 16:28:52,394] {logging_mixin.py:109} INFO - Running <TaskInstance: yellow_taxi_gcs_dag.download_dataset_task scheduled__2019-01-02T00:00:00+00:00 [running]> on host 7e458922b35d
[2022-02-03 16:28:52,744] {warnings.py:110} WARNING - /home/***/.local/lib/python3.7/site-packages/***/utils/context.py:152: AirflowContextDeprecationWarning: Accessing 'execution_date' from the template is deprecated and will be removed in a future version. Please use 'data_interval_start' or 'logical_date' instead.
  warnings.warn(_create_deprecation_warning(key, self._deprecation_replacements[key]))

[2022-02-03 16:28:52,805] {taskinstance.py:1426} INFO - Exporting the following env vars:
AIRFLOW_CTX_DAG_OWNER=***
AIRFLOW_CTX_DAG_ID=yellow_taxi_gcs_dag
AIRFLOW_CTX_TASK_ID=download_dataset_task
AIRFLOW_CTX_EXECUTION_DATE=2019-01-02T00:00:00+00:00
AIRFLOW_CTX_DAG_RUN_ID=scheduled__2019-01-02T00:00:00+00:00
[2022-02-03 16:28:52,806] {subprocess.py:62} INFO - Tmp dir root location: 
 /tmp
[2022-02-03 16:28:52,807] {subprocess.py:74} INFO - Running command: ['bash', '-c', 'curl -sS https://s3.amazonaws.com/nyc-tlc/trip+data/yellow_tripdata_2019-01.csv > /opt/***/output_2019-01.csv']
[2022-02-03 16:28:52,855] {subprocess.py:85} INFO - Output:
[2022-02-03 16:30:13,719] {local_task_job.py:212} WARNING - State of this instance has been externally set to failed. Terminating instance.
[2022-02-03 16:30:13,722] {process_utils.py:124} INFO - Sending Signals.SIGTERM to group 158. PIDs of all processes in the group: [164, 165, 158]
[2022-02-03 16:30:13,722] {process_utils.py:75} INFO - Sending the signal Signals.SIGTERM to group 158
[2022-02-03 16:30:13,725] {taskinstance.py:1408} ERROR - Received SIGTERM. Terminating subprocesses.
[2022-02-03 16:30:13,725] {subprocess.py:99} INFO - Sending SIGTERM signal to process group
[2022-02-03 16:30:13,950] {process_utils.py:70} INFO - Process psutil.Process(pid=158, status='terminated', exitcode=0, started='16:28:52') (158) terminated with exit code 0
[2022-02-03 16:30:13,951] {process_utils.py:70} INFO - Process psutil.Process(pid=165, status='terminated', started='16:28:52') (165) terminated with exit code None
[2022-02-03 16:30:13,951] {process_utils.py:70} INFO - Process psutil.Process(pid=164, status='terminated', started='16:28:52') (164) terminated with exit code None
[2022-02-03 16:31:48,709] {taskinstance.py:1032} INFO - Dependencies all met for <TaskInstance: yellow_taxi_gcs_dag.download_dataset_task scheduled__2019-01-02T00:00:00+00:00 [queued]>
[2022-02-03 16:31:48,754] {taskinstance.py:1032} INFO - Dependencies all met for <TaskInstance: yellow_taxi_gcs_dag.download_dataset_task scheduled__2019-01-02T00:00:00+00:00 [queued]>
[2022-02-03 16:31:48,754] {taskinstance.py:1238} INFO - 
--------------------------------------------------------------------------------
[2022-02-03 16:31:48,754] {taskinstance.py:1239} INFO - Starting attempt 1 of 2
[2022-02-03 16:31:48,755] {taskinstance.py:1240} INFO - 
--------------------------------------------------------------------------------
[2022-02-03 16:31:48,775] {taskinstance.py:1259} INFO - Executing <Task(BashOperator): download_dataset_task> on 2019-01-02 00:00:00+00:00
[2022-02-03 16:31:48,782] {standard_task_runner.py:52} INFO - Started process 278 to run task
[2022-02-03 16:31:48,789] {standard_task_runner.py:76} INFO - Running: ['***', 'tasks', 'run', 'yellow_taxi_gcs_dag', 'download_dataset_task', 'scheduled__2019-01-02T00:00:00+00:00', '--job-id', '10', '--raw', '--subdir', 'DAGS_FOLDER/yellow_taxi_gcs_dag.py', '--cfg-path', '/tmp/tmpbgl1txfc', '--error-file', '/tmp/tmp8p4e3tmc']
[2022-02-03 16:31:48,790] {standard_task_runner.py:77} INFO - Job 10: Subtask download_dataset_task
[2022-02-03 16:31:48,872] {logging_mixin.py:109} INFO - Running <TaskInstance: yellow_taxi_gcs_dag.download_dataset_task scheduled__2019-01-02T00:00:00+00:00 [running]> on host 7e458922b35d
[2022-02-03 16:31:48,924] {warnings.py:110} WARNING - /home/***/.local/lib/python3.7/site-packages/***/utils/context.py:152: AirflowContextDeprecationWarning: Accessing 'execution_date' from the template is deprecated and will be removed in a future version. Please use 'data_interval_start' or 'logical_date' instead.
  warnings.warn(_create_deprecation_warning(key, self._deprecation_replacements[key]))

[2022-02-03 16:31:48,946] {taskinstance.py:1426} INFO - Exporting the following env vars:
AIRFLOW_CTX_DAG_OWNER=***
AIRFLOW_CTX_DAG_ID=yellow_taxi_gcs_dag
AIRFLOW_CTX_TASK_ID=download_dataset_task
AIRFLOW_CTX_EXECUTION_DATE=2019-01-02T00:00:00+00:00
AIRFLOW_CTX_DAG_RUN_ID=scheduled__2019-01-02T00:00:00+00:00
[2022-02-03 16:31:48,947] {subprocess.py:62} INFO - Tmp dir root location: 
 /tmp
[2022-02-03 16:31:48,948] {subprocess.py:74} INFO - Running command: ['bash', '-c', 'curl -sS https://s3.amazonaws.com/nyc-tlc/trip+data/yellow_tripdata_2019-01.csv > /opt/***/output_2019-01.csv']
[2022-02-03 16:31:48,963] {subprocess.py:85} INFO - Output:
[2022-02-03 16:33:20,192] {subprocess.py:93} INFO - Command exited with return code 0
[2022-02-03 16:33:20,271] {taskinstance.py:1277} INFO - Marking task as SUCCESS. dag_id=yellow_taxi_gcs_dag, task_id=download_dataset_task, execution_date=20190102T000000, start_date=20220203T163148, end_date=20220203T163320
[2022-02-03 16:33:20,390] {local_task_job.py:154} INFO - Task exited with return code 0
[2022-02-03 16:33:20,489] {local_task_job.py:264} INFO - 1 downstream tasks scheduled from follow-on schedule check
[2022-02-03 16:44:03,739] {taskinstance.py:1032} INFO - Dependencies all met for <TaskInstance: yellow_taxi_gcs_dag.download_dataset_task scheduled__2019-01-02T00:00:00+00:00 [queued]>
[2022-02-03 16:44:03,758] {taskinstance.py:1032} INFO - Dependencies all met for <TaskInstance: yellow_taxi_gcs_dag.download_dataset_task scheduled__2019-01-02T00:00:00+00:00 [queued]>
[2022-02-03 16:44:03,759] {taskinstance.py:1238} INFO - 
--------------------------------------------------------------------------------
[2022-02-03 16:44:03,759] {taskinstance.py:1239} INFO - Starting attempt 1 of 2
[2022-02-03 16:44:03,759] {taskinstance.py:1240} INFO - 
--------------------------------------------------------------------------------
[2022-02-03 16:44:03,790] {taskinstance.py:1259} INFO - Executing <Task(BashOperator): download_dataset_task> on 2019-01-02 00:00:00+00:00
[2022-02-03 16:44:03,800] {standard_task_runner.py:52} INFO - Started process 847 to run task
[2022-02-03 16:44:03,810] {standard_task_runner.py:76} INFO - Running: ['***', 'tasks', 'run', 'yellow_taxi_gcs_dag', 'download_dataset_task', 'scheduled__2019-01-02T00:00:00+00:00', '--job-id', '18', '--raw', '--subdir', 'DAGS_FOLDER/yellow_taxi_gcs_dag.py', '--cfg-path', '/tmp/tmp1p2kq4jv', '--error-file', '/tmp/tmp2y0k7y5b']
[2022-02-03 16:44:03,812] {standard_task_runner.py:77} INFO - Job 18: Subtask download_dataset_task
[2022-02-03 16:44:03,981] {logging_mixin.py:109} INFO - Running <TaskInstance: yellow_taxi_gcs_dag.download_dataset_task scheduled__2019-01-02T00:00:00+00:00 [running]> on host 7e458922b35d
[2022-02-03 16:44:04,181] {warnings.py:110} WARNING - /home/***/.local/lib/python3.7/site-packages/***/utils/context.py:152: AirflowContextDeprecationWarning: Accessing 'execution_date' from the template is deprecated and will be removed in a future version. Please use 'data_interval_start' or 'logical_date' instead.
  warnings.warn(_create_deprecation_warning(key, self._deprecation_replacements[key]))

[2022-02-03 16:44:04,281] {taskinstance.py:1426} INFO - Exporting the following env vars:
AIRFLOW_CTX_DAG_OWNER=***
AIRFLOW_CTX_DAG_ID=yellow_taxi_gcs_dag
AIRFLOW_CTX_TASK_ID=download_dataset_task
AIRFLOW_CTX_EXECUTION_DATE=2019-01-02T00:00:00+00:00
AIRFLOW_CTX_DAG_RUN_ID=scheduled__2019-01-02T00:00:00+00:00
[2022-02-03 16:44:04,282] {subprocess.py:62} INFO - Tmp dir root location: 
 /tmp
[2022-02-03 16:44:04,284] {subprocess.py:74} INFO - Running command: ['bash', '-c', 'curl -sS https://s3.amazonaws.com/nyc-tlc/trip+data/yellow_tripdata_2019-01.csv > /opt/***/output_2019-01.csv']
[2022-02-03 16:44:04,389] {subprocess.py:85} INFO - Output:
[2022-02-03 16:45:58,330] {subprocess.py:93} INFO - Command exited with return code 0
[2022-02-03 16:45:58,361] {taskinstance.py:1277} INFO - Marking task as SUCCESS. dag_id=yellow_taxi_gcs_dag, task_id=download_dataset_task, execution_date=20190102T000000, start_date=20220203T164403, end_date=20220203T164558
[2022-02-03 16:45:58,418] {local_task_job.py:154} INFO - Task exited with return code 0
[2022-02-03 16:45:58,467] {local_task_job.py:264} INFO - 1 downstream tasks scheduled from follow-on schedule check
[2022-02-03 16:55:03,525] {taskinstance.py:1032} INFO - Dependencies all met for <TaskInstance: yellow_taxi_gcs_dag.download_dataset_task scheduled__2019-01-02T00:00:00+00:00 [queued]>
[2022-02-03 16:55:03,575] {taskinstance.py:1032} INFO - Dependencies all met for <TaskInstance: yellow_taxi_gcs_dag.download_dataset_task scheduled__2019-01-02T00:00:00+00:00 [queued]>
[2022-02-03 16:55:03,575] {taskinstance.py:1238} INFO - 
--------------------------------------------------------------------------------
[2022-02-03 16:55:03,575] {taskinstance.py:1239} INFO - Starting attempt 1 of 2
[2022-02-03 16:55:03,575] {taskinstance.py:1240} INFO - 
--------------------------------------------------------------------------------
[2022-02-03 16:55:03,619] {taskinstance.py:1259} INFO - Executing <Task(BashOperator): download_dataset_task> on 2019-01-02 00:00:00+00:00
[2022-02-03 16:55:03,626] {standard_task_runner.py:52} INFO - Started process 1372 to run task
[2022-02-03 16:55:03,668] {standard_task_runner.py:76} INFO - Running: ['***', 'tasks', 'run', 'yellow_taxi_gcs_dag', 'download_dataset_task', 'scheduled__2019-01-02T00:00:00+00:00', '--job-id', '29', '--raw', '--subdir', 'DAGS_FOLDER/yellow_taxi_gcs_dag.py', '--cfg-path', '/tmp/tmpv89h424p', '--error-file', '/tmp/tmpq3l5ok5p']
[2022-02-03 16:55:03,685] {standard_task_runner.py:77} INFO - Job 29: Subtask download_dataset_task
[2022-02-03 16:55:03,850] {logging_mixin.py:109} INFO - Running <TaskInstance: yellow_taxi_gcs_dag.download_dataset_task scheduled__2019-01-02T00:00:00+00:00 [running]> on host 7e458922b35d
[2022-02-03 16:55:03,998] {warnings.py:110} WARNING - /home/***/.local/lib/python3.7/site-packages/***/utils/context.py:152: AirflowContextDeprecationWarning: Accessing 'execution_date' from the template is deprecated and will be removed in a future version. Please use 'data_interval_start' or 'logical_date' instead.
  warnings.warn(_create_deprecation_warning(key, self._deprecation_replacements[key]))

[2022-02-03 16:55:04,063] {taskinstance.py:1426} INFO - Exporting the following env vars:
AIRFLOW_CTX_DAG_OWNER=***
AIRFLOW_CTX_DAG_ID=yellow_taxi_gcs_dag
AIRFLOW_CTX_TASK_ID=download_dataset_task
AIRFLOW_CTX_EXECUTION_DATE=2019-01-02T00:00:00+00:00
AIRFLOW_CTX_DAG_RUN_ID=scheduled__2019-01-02T00:00:00+00:00
[2022-02-03 16:55:04,064] {subprocess.py:62} INFO - Tmp dir root location: 
 /tmp
[2022-02-03 16:55:04,065] {subprocess.py:74} INFO - Running command: ['bash', '-c', 'curl -sS https://s3.amazonaws.com/nyc-tlc/trip+data/yellow_tripdata_2019-01.csv > /opt/***/output_2019-01.csv']
[2022-02-03 16:55:04,108] {subprocess.py:85} INFO - Output:
[2022-02-03 16:57:12,859] {subprocess.py:93} INFO - Command exited with return code 0
[2022-02-03 16:57:12,888] {taskinstance.py:1277} INFO - Marking task as SUCCESS. dag_id=yellow_taxi_gcs_dag, task_id=download_dataset_task, execution_date=20190102T000000, start_date=20220203T165503, end_date=20220203T165712
[2022-02-03 16:57:12,920] {local_task_job.py:154} INFO - Task exited with return code 0
[2022-02-03 16:57:12,961] {local_task_job.py:264} INFO - 1 downstream tasks scheduled from follow-on schedule check
[2022-02-03 17:08:05,769] {taskinstance.py:1032} INFO - Dependencies all met for <TaskInstance: yellow_taxi_gcs_dag.download_dataset_task scheduled__2019-01-02T00:00:00+00:00 [queued]>
[2022-02-03 17:08:05,794] {taskinstance.py:1032} INFO - Dependencies all met for <TaskInstance: yellow_taxi_gcs_dag.download_dataset_task scheduled__2019-01-02T00:00:00+00:00 [queued]>
[2022-02-03 17:08:05,794] {taskinstance.py:1238} INFO - 
--------------------------------------------------------------------------------
[2022-02-03 17:08:05,794] {taskinstance.py:1239} INFO - Starting attempt 1 of 2
[2022-02-03 17:08:05,794] {taskinstance.py:1240} INFO - 
--------------------------------------------------------------------------------
[2022-02-03 17:08:05,814] {taskinstance.py:1259} INFO - Executing <Task(BashOperator): download_dataset_task> on 2019-01-02 00:00:00+00:00
[2022-02-03 17:08:05,821] {standard_task_runner.py:52} INFO - Started process 1987 to run task
[2022-02-03 17:08:05,825] {standard_task_runner.py:76} INFO - Running: ['***', 'tasks', 'run', 'yellow_taxi_gcs_dag', 'download_dataset_task', 'scheduled__2019-01-02T00:00:00+00:00', '--job-id', '43', '--raw', '--subdir', 'DAGS_FOLDER/yellow_taxi_gcs_dag.py', '--cfg-path', '/tmp/tmpehkinu5j', '--error-file', '/tmp/tmpyheryrt6']
[2022-02-03 17:08:05,828] {standard_task_runner.py:77} INFO - Job 43: Subtask download_dataset_task
[2022-02-03 17:08:05,911] {logging_mixin.py:109} INFO - Running <TaskInstance: yellow_taxi_gcs_dag.download_dataset_task scheduled__2019-01-02T00:00:00+00:00 [running]> on host 7e458922b35d
[2022-02-03 17:08:06,023] {warnings.py:110} WARNING - /home/***/.local/lib/python3.7/site-packages/***/utils/context.py:152: AirflowContextDeprecationWarning: Accessing 'execution_date' from the template is deprecated and will be removed in a future version. Please use 'data_interval_start' or 'logical_date' instead.
  warnings.warn(_create_deprecation_warning(key, self._deprecation_replacements[key]))

[2022-02-03 17:08:06,078] {taskinstance.py:1426} INFO - Exporting the following env vars:
AIRFLOW_CTX_DAG_OWNER=***
AIRFLOW_CTX_DAG_ID=yellow_taxi_gcs_dag
AIRFLOW_CTX_TASK_ID=download_dataset_task
AIRFLOW_CTX_EXECUTION_DATE=2019-01-02T00:00:00+00:00
AIRFLOW_CTX_DAG_RUN_ID=scheduled__2019-01-02T00:00:00+00:00
[2022-02-03 17:08:06,079] {subprocess.py:62} INFO - Tmp dir root location: 
 /tmp
[2022-02-03 17:08:06,080] {subprocess.py:74} INFO - Running command: ['bash', '-c', 'curl -sS https://s3.amazonaws.com/nyc-tlc/trip+data/yellow_tripdata_2019-01.csv > /opt/***/output_2019-01.csv']
[2022-02-03 17:08:06,099] {subprocess.py:85} INFO - Output:
[2022-02-03 17:11:19,623] {subprocess.py:93} INFO - Command exited with return code 0
[2022-02-03 17:11:19,676] {taskinstance.py:1277} INFO - Marking task as SUCCESS. dag_id=yellow_taxi_gcs_dag, task_id=download_dataset_task, execution_date=20190102T000000, start_date=20220203T170805, end_date=20220203T171119
[2022-02-03 17:11:19,752] {local_task_job.py:154} INFO - Task exited with return code 0
[2022-02-03 17:11:19,836] {local_task_job.py:264} INFO - 1 downstream tasks scheduled from follow-on schedule check
