[2022-02-20 00:11:46,453] {taskinstance.py:1032} INFO - Dependencies all met for <TaskInstance: yellow_taxi_gcs_dag.download_dataset_task scheduled__2019-01-02T00:00:00+00:00 [queued]>
[2022-02-20 00:11:46,501] {taskinstance.py:1032} INFO - Dependencies all met for <TaskInstance: yellow_taxi_gcs_dag.download_dataset_task scheduled__2019-01-02T00:00:00+00:00 [queued]>
[2022-02-20 00:11:46,501] {taskinstance.py:1238} INFO - 
--------------------------------------------------------------------------------
[2022-02-20 00:11:46,502] {taskinstance.py:1239} INFO - Starting attempt 4 of 5
[2022-02-20 00:11:46,503] {taskinstance.py:1240} INFO - 
--------------------------------------------------------------------------------
[2022-02-20 00:11:46,527] {taskinstance.py:1259} INFO - Executing <Task(BashOperator): download_dataset_task> on 2019-01-02 00:00:00+00:00
[2022-02-20 00:11:46,545] {standard_task_runner.py:52} INFO - Started process 1328 to run task
[2022-02-20 00:11:46,560] {standard_task_runner.py:76} INFO - Running: ['***', 'tasks', 'run', 'yellow_taxi_gcs_dag', 'download_dataset_task', 'scheduled__2019-01-02T00:00:00+00:00', '--job-id', '414', '--raw', '--subdir', 'DAGS_FOLDER/yellow_taxi_gcs_dag.py', '--cfg-path', '/tmp/tmpx9g_4vx6', '--error-file', '/tmp/tmpmil9voi9']
[2022-02-20 00:11:46,571] {standard_task_runner.py:77} INFO - Job 414: Subtask download_dataset_task
[2022-02-20 00:11:46,824] {logging_mixin.py:109} INFO - Running <TaskInstance: yellow_taxi_gcs_dag.download_dataset_task scheduled__2019-01-02T00:00:00+00:00 [running]> on host da07aa254901
[2022-02-20 00:11:46,911] {warnings.py:110} WARNING - /home/***/.local/lib/python3.7/site-packages/***/utils/context.py:152: AirflowContextDeprecationWarning: Accessing 'execution_date' from the template is deprecated and will be removed in a future version. Please use 'data_interval_start' or 'logical_date' instead.
  warnings.warn(_create_deprecation_warning(key, self._deprecation_replacements[key]))

[2022-02-20 00:11:46,947] {taskinstance.py:1426} INFO - Exporting the following env vars:
AIRFLOW_CTX_DAG_OWNER=***
AIRFLOW_CTX_DAG_ID=yellow_taxi_gcs_dag
AIRFLOW_CTX_TASK_ID=download_dataset_task
AIRFLOW_CTX_EXECUTION_DATE=2019-01-02T00:00:00+00:00
AIRFLOW_CTX_DAG_RUN_ID=scheduled__2019-01-02T00:00:00+00:00
[2022-02-20 00:11:46,948] {subprocess.py:62} INFO - Tmp dir root location: 
 /tmp
[2022-02-20 00:11:46,949] {subprocess.py:74} INFO - Running command: ['bash', '-c', 'curl -sS https://s3.amazonaws.com/nyc-tlc/trip+data/yellow_tripdata_2019-01.csv > /opt/***/output_2019-01.csv']
[2022-02-20 00:11:46,990] {subprocess.py:85} INFO - Output:
[2022-02-20 00:15:50,444] {subprocess.py:93} INFO - Command exited with return code 0
[2022-02-20 00:15:50,485] {taskinstance.py:1277} INFO - Marking task as SUCCESS. dag_id=yellow_taxi_gcs_dag, task_id=download_dataset_task, execution_date=20190102T000000, start_date=20220220T001146, end_date=20220220T001550
[2022-02-20 00:15:50,542] {local_task_job.py:154} INFO - Task exited with return code 0
[2022-02-20 00:15:50,621] {local_task_job.py:264} INFO - 1 downstream tasks scheduled from follow-on schedule check
