[2022-02-19 23:20:27,587] {processor.py:163} INFO - Started process (PID=48) to work on /opt/airflow/dags/green_gcs_dag.py
[2022-02-19 23:20:27,588] {processor.py:642} INFO - Processing file /opt/airflow/dags/green_gcs_dag.py for tasks to queue
[2022-02-19 23:20:27,593] {logging_mixin.py:109} INFO - [2022-02-19 23:20:27,593] {dagbag.py:500} INFO - Filling up the DagBag from /opt/airflow/dags/green_gcs_dag.py
[2022-02-19 23:20:33,446] {processor.py:654} INFO - DAG(s) dict_keys(['green_taxi_gcs_dag']) retrieved from /opt/airflow/dags/green_gcs_dag.py
[2022-02-19 23:20:33,466] {logging_mixin.py:109} INFO - [2022-02-19 23:20:33,465] {dag.py:2396} INFO - Sync 1 DAGs
[2022-02-19 23:20:33,514] {logging_mixin.py:109} INFO - [2022-02-19 23:20:33,514] {dag.py:2935} INFO - Setting next_dagrun for green_taxi_gcs_dag to None
[2022-02-19 23:20:33,536] {processor.py:171} INFO - Processing /opt/airflow/dags/green_gcs_dag.py took 5.980 seconds
[2022-02-19 23:21:03,837] {processor.py:163} INFO - Started process (PID=86) to work on /opt/airflow/dags/green_gcs_dag.py
[2022-02-19 23:21:03,854] {processor.py:642} INFO - Processing file /opt/airflow/dags/green_gcs_dag.py for tasks to queue
[2022-02-19 23:21:03,854] {logging_mixin.py:109} INFO - [2022-02-19 23:21:03,854] {dagbag.py:500} INFO - Filling up the DagBag from /opt/airflow/dags/green_gcs_dag.py
[2022-02-19 23:21:10,484] {processor.py:654} INFO - DAG(s) dict_keys(['green_taxi_gcs_dag']) retrieved from /opt/airflow/dags/green_gcs_dag.py
[2022-02-19 23:21:10,501] {logging_mixin.py:109} INFO - [2022-02-19 23:21:10,500] {dag.py:2396} INFO - Sync 1 DAGs
[2022-02-19 23:21:10,532] {logging_mixin.py:109} INFO - [2022-02-19 23:21:10,532] {dag.py:2935} INFO - Setting next_dagrun for green_taxi_gcs_dag to None
[2022-02-19 23:21:10,553] {processor.py:171} INFO - Processing /opt/airflow/dags/green_gcs_dag.py took 6.720 seconds
[2022-02-19 23:21:40,790] {processor.py:163} INFO - Started process (PID=123) to work on /opt/airflow/dags/green_gcs_dag.py
[2022-02-19 23:21:40,802] {processor.py:642} INFO - Processing file /opt/airflow/dags/green_gcs_dag.py for tasks to queue
[2022-02-19 23:21:40,803] {logging_mixin.py:109} INFO - [2022-02-19 23:21:40,803] {dagbag.py:500} INFO - Filling up the DagBag from /opt/airflow/dags/green_gcs_dag.py
[2022-02-19 23:21:46,496] {processor.py:654} INFO - DAG(s) dict_keys(['green_taxi_gcs_dag']) retrieved from /opt/airflow/dags/green_gcs_dag.py
[2022-02-19 23:21:46,533] {logging_mixin.py:109} INFO - [2022-02-19 23:21:46,532] {dag.py:2396} INFO - Sync 1 DAGs
[2022-02-19 23:21:46,608] {logging_mixin.py:109} INFO - [2022-02-19 23:21:46,608] {dag.py:2935} INFO - Setting next_dagrun for green_taxi_gcs_dag to None
[2022-02-19 23:21:46,684] {processor.py:171} INFO - Processing /opt/airflow/dags/green_gcs_dag.py took 5.908 seconds
[2022-02-19 23:22:16,819] {processor.py:163} INFO - Started process (PID=161) to work on /opt/airflow/dags/green_gcs_dag.py
[2022-02-19 23:22:16,824] {processor.py:642} INFO - Processing file /opt/airflow/dags/green_gcs_dag.py for tasks to queue
[2022-02-19 23:22:16,825] {logging_mixin.py:109} INFO - [2022-02-19 23:22:16,825] {dagbag.py:500} INFO - Filling up the DagBag from /opt/airflow/dags/green_gcs_dag.py
[2022-02-19 23:22:19,689] {processor.py:654} INFO - DAG(s) dict_keys(['green_taxi_gcs_dag']) retrieved from /opt/airflow/dags/green_gcs_dag.py
[2022-02-19 23:22:19,703] {logging_mixin.py:109} INFO - [2022-02-19 23:22:19,703] {dag.py:2396} INFO - Sync 1 DAGs
[2022-02-19 23:22:19,731] {logging_mixin.py:109} INFO - [2022-02-19 23:22:19,731] {dag.py:2935} INFO - Setting next_dagrun for green_taxi_gcs_dag to None
[2022-02-19 23:22:19,745] {processor.py:171} INFO - Processing /opt/airflow/dags/green_gcs_dag.py took 2.931 seconds
[2022-02-19 23:22:49,954] {processor.py:163} INFO - Started process (PID=200) to work on /opt/airflow/dags/green_gcs_dag.py
[2022-02-19 23:22:49,963] {processor.py:642} INFO - Processing file /opt/airflow/dags/green_gcs_dag.py for tasks to queue
[2022-02-19 23:22:49,975] {logging_mixin.py:109} INFO - [2022-02-19 23:22:49,975] {dagbag.py:500} INFO - Filling up the DagBag from /opt/airflow/dags/green_gcs_dag.py
[2022-02-19 23:22:52,606] {processor.py:654} INFO - DAG(s) dict_keys(['green_taxi_gcs_dag']) retrieved from /opt/airflow/dags/green_gcs_dag.py
[2022-02-19 23:22:52,617] {logging_mixin.py:109} INFO - [2022-02-19 23:22:52,617] {dag.py:2396} INFO - Sync 1 DAGs
[2022-02-19 23:22:52,646] {logging_mixin.py:109} INFO - [2022-02-19 23:22:52,645] {dag.py:2935} INFO - Setting next_dagrun for green_taxi_gcs_dag to None
[2022-02-19 23:22:52,660] {processor.py:171} INFO - Processing /opt/airflow/dags/green_gcs_dag.py took 2.718 seconds
[2022-02-19 23:23:22,915] {processor.py:163} INFO - Started process (PID=238) to work on /opt/airflow/dags/green_gcs_dag.py
[2022-02-19 23:23:22,924] {processor.py:642} INFO - Processing file /opt/airflow/dags/green_gcs_dag.py for tasks to queue
[2022-02-19 23:23:22,989] {logging_mixin.py:109} INFO - [2022-02-19 23:23:22,988] {dagbag.py:500} INFO - Filling up the DagBag from /opt/airflow/dags/green_gcs_dag.py
[2022-02-19 23:23:28,879] {processor.py:654} INFO - DAG(s) dict_keys(['green_taxi_gcs_dag']) retrieved from /opt/airflow/dags/green_gcs_dag.py
[2022-02-19 23:23:28,946] {logging_mixin.py:109} INFO - [2022-02-19 23:23:28,945] {dag.py:2396} INFO - Sync 1 DAGs
[2022-02-19 23:23:28,997] {logging_mixin.py:109} INFO - [2022-02-19 23:23:28,997] {dag.py:2935} INFO - Setting next_dagrun for green_taxi_gcs_dag to None
[2022-02-19 23:23:29,027] {processor.py:171} INFO - Processing /opt/airflow/dags/green_gcs_dag.py took 6.130 seconds
[2022-02-19 23:23:59,334] {processor.py:163} INFO - Started process (PID=275) to work on /opt/airflow/dags/green_gcs_dag.py
[2022-02-19 23:23:59,336] {processor.py:642} INFO - Processing file /opt/airflow/dags/green_gcs_dag.py for tasks to queue
[2022-02-19 23:23:59,340] {logging_mixin.py:109} INFO - [2022-02-19 23:23:59,340] {dagbag.py:500} INFO - Filling up the DagBag from /opt/airflow/dags/green_gcs_dag.py
[2022-02-19 23:24:01,749] {processor.py:654} INFO - DAG(s) dict_keys(['green_taxi_gcs_dag']) retrieved from /opt/airflow/dags/green_gcs_dag.py
[2022-02-19 23:24:01,768] {logging_mixin.py:109} INFO - [2022-02-19 23:24:01,767] {dag.py:2396} INFO - Sync 1 DAGs
[2022-02-19 23:24:01,808] {logging_mixin.py:109} INFO - [2022-02-19 23:24:01,807] {dag.py:2935} INFO - Setting next_dagrun for green_taxi_gcs_dag to None
[2022-02-19 23:24:01,832] {processor.py:171} INFO - Processing /opt/airflow/dags/green_gcs_dag.py took 2.502 seconds
[2022-02-19 23:24:32,691] {processor.py:163} INFO - Started process (PID=313) to work on /opt/airflow/dags/green_gcs_dag.py
[2022-02-19 23:24:32,692] {processor.py:642} INFO - Processing file /opt/airflow/dags/green_gcs_dag.py for tasks to queue
[2022-02-19 23:24:32,693] {logging_mixin.py:109} INFO - [2022-02-19 23:24:32,693] {dagbag.py:500} INFO - Filling up the DagBag from /opt/airflow/dags/green_gcs_dag.py
[2022-02-19 23:24:39,694] {processor.py:654} INFO - DAG(s) dict_keys(['green_taxi_gcs_dag']) retrieved from /opt/airflow/dags/green_gcs_dag.py
[2022-02-19 23:24:39,783] {logging_mixin.py:109} INFO - [2022-02-19 23:24:39,782] {dag.py:2396} INFO - Sync 1 DAGs
[2022-02-19 23:24:39,895] {logging_mixin.py:109} INFO - [2022-02-19 23:24:39,895] {dag.py:2935} INFO - Setting next_dagrun for green_taxi_gcs_dag to None
[2022-02-19 23:24:40,031] {processor.py:171} INFO - Processing /opt/airflow/dags/green_gcs_dag.py took 7.345 seconds
[2022-02-19 23:25:10,635] {processor.py:163} INFO - Started process (PID=351) to work on /opt/airflow/dags/green_gcs_dag.py
[2022-02-19 23:25:10,638] {processor.py:642} INFO - Processing file /opt/airflow/dags/green_gcs_dag.py for tasks to queue
[2022-02-19 23:25:10,639] {logging_mixin.py:109} INFO - [2022-02-19 23:25:10,639] {dagbag.py:500} INFO - Filling up the DagBag from /opt/airflow/dags/green_gcs_dag.py
[2022-02-19 23:25:14,397] {processor.py:654} INFO - DAG(s) dict_keys(['green_taxi_gcs_dag']) retrieved from /opt/airflow/dags/green_gcs_dag.py
[2022-02-19 23:25:14,447] {logging_mixin.py:109} INFO - [2022-02-19 23:25:14,447] {dag.py:2396} INFO - Sync 1 DAGs
[2022-02-19 23:25:14,494] {logging_mixin.py:109} INFO - [2022-02-19 23:25:14,494] {dag.py:2935} INFO - Setting next_dagrun for green_taxi_gcs_dag to None
[2022-02-19 23:25:14,601] {processor.py:171} INFO - Processing /opt/airflow/dags/green_gcs_dag.py took 3.970 seconds
[2022-02-19 23:25:45,180] {processor.py:163} INFO - Started process (PID=389) to work on /opt/airflow/dags/green_gcs_dag.py
[2022-02-19 23:25:45,183] {processor.py:642} INFO - Processing file /opt/airflow/dags/green_gcs_dag.py for tasks to queue
[2022-02-19 23:25:45,186] {logging_mixin.py:109} INFO - [2022-02-19 23:25:45,186] {dagbag.py:500} INFO - Filling up the DagBag from /opt/airflow/dags/green_gcs_dag.py
[2022-02-19 23:25:49,384] {processor.py:654} INFO - DAG(s) dict_keys(['green_taxi_gcs_dag']) retrieved from /opt/airflow/dags/green_gcs_dag.py
[2022-02-19 23:25:49,417] {logging_mixin.py:109} INFO - [2022-02-19 23:25:49,417] {dag.py:2396} INFO - Sync 1 DAGs
[2022-02-19 23:25:49,506] {logging_mixin.py:109} INFO - [2022-02-19 23:25:49,505] {dag.py:2935} INFO - Setting next_dagrun for green_taxi_gcs_dag to None
[2022-02-19 23:25:49,602] {processor.py:171} INFO - Processing /opt/airflow/dags/green_gcs_dag.py took 4.427 seconds
[2022-02-19 23:26:46,338] {processor.py:163} INFO - Started process (PID=426) to work on /opt/airflow/dags/green_gcs_dag.py
[2022-02-19 23:26:46,351] {processor.py:642} INFO - Processing file /opt/airflow/dags/green_gcs_dag.py for tasks to queue
[2022-02-19 23:26:46,352] {logging_mixin.py:109} INFO - [2022-02-19 23:26:46,351] {dagbag.py:500} INFO - Filling up the DagBag from /opt/airflow/dags/green_gcs_dag.py
[2022-02-19 23:26:55,975] {processor.py:654} INFO - DAG(s) dict_keys(['green_taxi_gcs_dag']) retrieved from /opt/airflow/dags/green_gcs_dag.py
[2022-02-19 23:26:56,115] {logging_mixin.py:109} INFO - [2022-02-19 23:26:56,104] {dag.py:2396} INFO - Sync 1 DAGs
[2022-02-19 23:26:56,409] {logging_mixin.py:109} INFO - [2022-02-19 23:26:56,409] {dag.py:2935} INFO - Setting next_dagrun for green_taxi_gcs_dag to None
[2022-02-19 23:26:56,509] {processor.py:171} INFO - Processing /opt/airflow/dags/green_gcs_dag.py took 10.180 seconds
[2022-02-19 23:27:27,036] {processor.py:163} INFO - Started process (PID=464) to work on /opt/airflow/dags/green_gcs_dag.py
[2022-02-19 23:27:27,072] {processor.py:642} INFO - Processing file /opt/airflow/dags/green_gcs_dag.py for tasks to queue
[2022-02-19 23:27:27,072] {logging_mixin.py:109} INFO - [2022-02-19 23:27:27,072] {dagbag.py:500} INFO - Filling up the DagBag from /opt/airflow/dags/green_gcs_dag.py
[2022-02-19 23:27:57,164] {logging_mixin.py:109} INFO - [2022-02-19 23:27:57,124] {timeout.py:36} ERROR - Process timed out, PID: 464
[2022-02-19 23:27:58,734] {logging_mixin.py:109} INFO - [2022-02-19 23:27:57,385] {dagbag.py:334} ERROR - Failed to import: /opt/airflow/dags/green_gcs_dag.py
Traceback (most recent call last):
  File "/home/airflow/.local/lib/python3.7/site-packages/airflow/models/dagbag.py", line 331, in _load_modules_from_file
    loader.exec_module(new_module)
  File "<frozen importlib._bootstrap_external>", line 728, in exec_module
  File "<frozen importlib._bootstrap>", line 219, in _call_with_frames_removed
  File "/opt/airflow/dags/green_gcs_dag.py", line 11, in <module>
    from airflow.providers.google.cloud.operators.bigquery import BigQueryCreateExternalTableOperator
  File "/home/airflow/.local/lib/python3.7/site-packages/airflow/providers/google/cloud/operators/bigquery.py", line 38, in <module>
    from airflow.providers.google.cloud.hooks.bigquery import BigQueryHook, BigQueryJob
  File "/home/airflow/.local/lib/python3.7/site-packages/airflow/providers/google/cloud/hooks/bigquery.py", line 33, in <module>
    from google.cloud.bigquery import (
  File "/home/airflow/.local/lib/python3.7/site-packages/google/cloud/bigquery/__init__.py", line 35, in <module>
    from google.cloud.bigquery.client import Client
  File "/home/airflow/.local/lib/python3.7/site-packages/google/cloud/bigquery/client.py", line 61, in <module>
    from google.cloud.bigquery_storage_v1.services.big_query_read.client import (
  File "/home/airflow/.local/lib/python3.7/site-packages/google/cloud/bigquery_storage_v1/__init__.py", line 25, in <module>
    from google.cloud.bigquery_storage_v1 import client
  File "/home/airflow/.local/lib/python3.7/site-packages/google/cloud/bigquery_storage_v1/client.py", line 26, in <module>
    from google.cloud.bigquery_storage_v1 import reader
  File "/home/airflow/.local/lib/python3.7/site-packages/google/cloud/bigquery_storage_v1/reader.py", line 28, in <module>
    import pandas
  File "/home/airflow/.local/lib/python3.7/site-packages/pandas/__init__.py", line 143, in <module>
    from pandas.io.api import (
  File "/home/airflow/.local/lib/python3.7/site-packages/pandas/io/api.py", line 8, in <module>
    from pandas.io.excel import (
  File "/home/airflow/.local/lib/python3.7/site-packages/pandas/io/excel/__init__.py", line 6, in <module>
    from pandas.io.excel._odswriter import ODSWriter as _ODSWriter
  File "/home/airflow/.local/lib/python3.7/site-packages/pandas/io/excel/_odswriter.py", line 10, in <module>
    import pandas._libs.json as json
SystemError: initialization of json raised unreported exception
[2022-02-19 23:28:10,000] {processor.py:174} ERROR - Got an exception! Propagating...
Traceback (most recent call last):
  File "/home/airflow/.local/lib/python3.7/site-packages/sqlalchemy/engine/base.py", line 2336, in _wrap_pool_connect
    return fn()
  File "/home/airflow/.local/lib/python3.7/site-packages/sqlalchemy/pool/base.py", line 364, in connect
    return _ConnectionFairy._checkout(self)
  File "/home/airflow/.local/lib/python3.7/site-packages/sqlalchemy/pool/base.py", line 778, in _checkout
    fairy = _ConnectionRecord.checkout(pool)
  File "/home/airflow/.local/lib/python3.7/site-packages/sqlalchemy/pool/base.py", line 495, in checkout
    rec = pool._do_get()
  File "/home/airflow/.local/lib/python3.7/site-packages/sqlalchemy/pool/impl.py", line 140, in _do_get
    self._dec_overflow()
  File "/home/airflow/.local/lib/python3.7/site-packages/sqlalchemy/util/langhelpers.py", line 70, in __exit__
    with_traceback=exc_tb,
  File "/home/airflow/.local/lib/python3.7/site-packages/sqlalchemy/util/compat.py", line 182, in raise_
    raise exception
  File "/home/airflow/.local/lib/python3.7/site-packages/sqlalchemy/pool/impl.py", line 137, in _do_get
    return self._create_connection()
  File "/home/airflow/.local/lib/python3.7/site-packages/sqlalchemy/pool/base.py", line 309, in _create_connection
    return _ConnectionRecord(self)
  File "/home/airflow/.local/lib/python3.7/site-packages/sqlalchemy/pool/base.py", line 440, in __init__
    self.__connect(first_connect_check=True)
  File "/home/airflow/.local/lib/python3.7/site-packages/sqlalchemy/pool/base.py", line 661, in __connect
    pool.logger.debug("Error on connect(): %s", e)
  File "/home/airflow/.local/lib/python3.7/site-packages/sqlalchemy/util/langhelpers.py", line 70, in __exit__
    with_traceback=exc_tb,
  File "/home/airflow/.local/lib/python3.7/site-packages/sqlalchemy/util/compat.py", line 182, in raise_
    raise exception
  File "/home/airflow/.local/lib/python3.7/site-packages/sqlalchemy/pool/base.py", line 656, in __connect
    connection = pool._invoke_creator(self)
  File "/home/airflow/.local/lib/python3.7/site-packages/sqlalchemy/engine/strategies.py", line 114, in connect
    return dialect.connect(*cargs, **cparams)
  File "/home/airflow/.local/lib/python3.7/site-packages/sqlalchemy/engine/default.py", line 508, in connect
    return self.dbapi.connect(*cargs, **cparams)
  File "/home/airflow/.local/lib/python3.7/site-packages/psycopg2/__init__.py", line 122, in connect
    conn = _connect(dsn, connection_factory=connection_factory, **kwasync)
psycopg2.OperationalError: could not translate host name "postgres" to address: Temporary failure in name resolution


The above exception was the direct cause of the following exception:

Traceback (most recent call last):
  File "/home/airflow/.local/lib/python3.7/site-packages/airflow/dag_processing/processor.py", line 168, in _run_file_processor
    callback_requests=callback_requests,
  File "/home/airflow/.local/lib/python3.7/site-packages/airflow/utils/session.py", line 70, in wrapper
    return func(*args, session=session, **kwargs)
  File "/home/airflow/.local/lib/python3.7/site-packages/airflow/dag_processing/processor.py", line 651, in process_file
    self._deactivate_missing_dags(session, dagbag, file_path)
  File "/home/airflow/.local/lib/python3.7/site-packages/airflow/dag_processing/processor.py", line 687, in _deactivate_missing_dags
    .update({DagModel.is_active: False}, synchronize_session="fetch")
  File "/home/airflow/.local/lib/python3.7/site-packages/sqlalchemy/orm/query.py", line 4063, in update
    update_op.exec_()
  File "/home/airflow/.local/lib/python3.7/site-packages/sqlalchemy/orm/persistence.py", line 1696, in exec_
    self._do_pre_synchronize()
  File "/home/airflow/.local/lib/python3.7/site-packages/sqlalchemy/orm/persistence.py", line 1806, in _do_pre_synchronize
    select_stmt, mapper=self.mapper, params=query._params
  File "/home/airflow/.local/lib/python3.7/site-packages/sqlalchemy/orm/session.py", line 1295, in execute
    return self._connection_for_bind(bind, close_with_result=True).execute(
  File "/home/airflow/.local/lib/python3.7/site-packages/sqlalchemy/orm/session.py", line 1151, in _connection_for_bind
    engine, execution_options
  File "/home/airflow/.local/lib/python3.7/site-packages/sqlalchemy/orm/session.py", line 433, in _connection_for_bind
    conn = bind._contextual_connect()
  File "/home/airflow/.local/lib/python3.7/site-packages/sqlalchemy/engine/base.py", line 2302, in _contextual_connect
    self._wrap_pool_connect(self.pool.connect, None),
  File "/home/airflow/.local/lib/python3.7/site-packages/sqlalchemy/engine/base.py", line 2340, in _wrap_pool_connect
    e, dialect, self
  File "/home/airflow/.local/lib/python3.7/site-packages/sqlalchemy/engine/base.py", line 1584, in _handle_dbapi_exception_noconnection
    sqlalchemy_exception, with_traceback=exc_info[2], from_=e
  File "/home/airflow/.local/lib/python3.7/site-packages/sqlalchemy/util/compat.py", line 182, in raise_
    raise exception
  File "/home/airflow/.local/lib/python3.7/site-packages/sqlalchemy/engine/base.py", line 2336, in _wrap_pool_connect
    return fn()
  File "/home/airflow/.local/lib/python3.7/site-packages/sqlalchemy/pool/base.py", line 364, in connect
    return _ConnectionFairy._checkout(self)
  File "/home/airflow/.local/lib/python3.7/site-packages/sqlalchemy/pool/base.py", line 778, in _checkout
    fairy = _ConnectionRecord.checkout(pool)
  File "/home/airflow/.local/lib/python3.7/site-packages/sqlalchemy/pool/base.py", line 495, in checkout
    rec = pool._do_get()
  File "/home/airflow/.local/lib/python3.7/site-packages/sqlalchemy/pool/impl.py", line 140, in _do_get
    self._dec_overflow()
  File "/home/airflow/.local/lib/python3.7/site-packages/sqlalchemy/util/langhelpers.py", line 70, in __exit__
    with_traceback=exc_tb,
  File "/home/airflow/.local/lib/python3.7/site-packages/sqlalchemy/util/compat.py", line 182, in raise_
    raise exception
  File "/home/airflow/.local/lib/python3.7/site-packages/sqlalchemy/pool/impl.py", line 137, in _do_get
    return self._create_connection()
  File "/home/airflow/.local/lib/python3.7/site-packages/sqlalchemy/pool/base.py", line 309, in _create_connection
    return _ConnectionRecord(self)
  File "/home/airflow/.local/lib/python3.7/site-packages/sqlalchemy/pool/base.py", line 440, in __init__
    self.__connect(first_connect_check=True)
  File "/home/airflow/.local/lib/python3.7/site-packages/sqlalchemy/pool/base.py", line 661, in __connect
    pool.logger.debug("Error on connect(): %s", e)
  File "/home/airflow/.local/lib/python3.7/site-packages/sqlalchemy/util/langhelpers.py", line 70, in __exit__
    with_traceback=exc_tb,
  File "/home/airflow/.local/lib/python3.7/site-packages/sqlalchemy/util/compat.py", line 182, in raise_
    raise exception
  File "/home/airflow/.local/lib/python3.7/site-packages/sqlalchemy/pool/base.py", line 656, in __connect
    connection = pool._invoke_creator(self)
  File "/home/airflow/.local/lib/python3.7/site-packages/sqlalchemy/engine/strategies.py", line 114, in connect
    return dialect.connect(*cargs, **cparams)
  File "/home/airflow/.local/lib/python3.7/site-packages/sqlalchemy/engine/default.py", line 508, in connect
    return self.dbapi.connect(*cargs, **cparams)
  File "/home/airflow/.local/lib/python3.7/site-packages/psycopg2/__init__.py", line 122, in connect
    conn = _connect(dsn, connection_factory=connection_factory, **kwasync)
sqlalchemy.exc.OperationalError: (psycopg2.OperationalError) could not translate host name "postgres" to address: Temporary failure in name resolution

(Background on this error at: http://sqlalche.me/e/13/e3q8)
[2022-02-19 23:28:22,791] {processor.py:163} INFO - Started process (PID=484) to work on /opt/airflow/dags/green_gcs_dag.py
[2022-02-19 23:28:22,799] {processor.py:642} INFO - Processing file /opt/airflow/dags/green_gcs_dag.py for tasks to queue
[2022-02-19 23:28:22,800] {logging_mixin.py:109} INFO - [2022-02-19 23:28:22,799] {dagbag.py:500} INFO - Filling up the DagBag from /opt/airflow/dags/green_gcs_dag.py
[2022-02-19 23:37:23,581] {processor.py:163} INFO - Started process (PID=492) to work on /opt/airflow/dags/green_gcs_dag.py
[2022-02-19 23:37:23,590] {processor.py:642} INFO - Processing file /opt/airflow/dags/green_gcs_dag.py for tasks to queue
[2022-02-19 23:37:23,591] {logging_mixin.py:109} INFO - [2022-02-19 23:37:23,591] {dagbag.py:500} INFO - Filling up the DagBag from /opt/airflow/dags/green_gcs_dag.py
[2022-02-19 23:37:40,644] {processor.py:654} INFO - DAG(s) dict_keys(['green_taxi_gcs_dag']) retrieved from /opt/airflow/dags/green_gcs_dag.py
[2022-02-19 23:37:40,731] {logging_mixin.py:109} INFO - [2022-02-19 23:37:40,730] {dag.py:2396} INFO - Sync 1 DAGs
[2022-02-19 23:37:40,945] {logging_mixin.py:109} INFO - [2022-02-19 23:37:40,945] {dag.py:2935} INFO - Setting next_dagrun for green_taxi_gcs_dag to None
[2022-02-19 23:37:41,137] {processor.py:171} INFO - Processing /opt/airflow/dags/green_gcs_dag.py took 17.683 seconds
[2022-02-19 23:38:12,329] {processor.py:163} INFO - Started process (PID=540) to work on /opt/airflow/dags/green_gcs_dag.py
[2022-02-19 23:38:12,332] {processor.py:642} INFO - Processing file /opt/airflow/dags/green_gcs_dag.py for tasks to queue
[2022-02-19 23:38:12,335] {logging_mixin.py:109} INFO - [2022-02-19 23:38:12,335] {dagbag.py:500} INFO - Filling up the DagBag from /opt/airflow/dags/green_gcs_dag.py
[2022-02-19 23:38:17,627] {processor.py:654} INFO - DAG(s) dict_keys(['green_taxi_gcs_dag']) retrieved from /opt/airflow/dags/green_gcs_dag.py
[2022-02-19 23:38:17,665] {logging_mixin.py:109} INFO - [2022-02-19 23:38:17,664] {dag.py:2396} INFO - Sync 1 DAGs
[2022-02-19 23:38:17,699] {logging_mixin.py:109} INFO - [2022-02-19 23:38:17,699] {dag.py:2935} INFO - Setting next_dagrun for green_taxi_gcs_dag to None
[2022-02-19 23:38:17,741] {processor.py:171} INFO - Processing /opt/airflow/dags/green_gcs_dag.py took 5.422 seconds
[2022-02-19 23:38:48,487] {processor.py:163} INFO - Started process (PID=577) to work on /opt/airflow/dags/green_gcs_dag.py
[2022-02-19 23:38:48,493] {processor.py:642} INFO - Processing file /opt/airflow/dags/green_gcs_dag.py for tasks to queue
[2022-02-19 23:38:48,496] {logging_mixin.py:109} INFO - [2022-02-19 23:38:48,496] {dagbag.py:500} INFO - Filling up the DagBag from /opt/airflow/dags/green_gcs_dag.py
[2022-02-19 23:38:53,541] {processor.py:654} INFO - DAG(s) dict_keys(['green_taxi_gcs_dag']) retrieved from /opt/airflow/dags/green_gcs_dag.py
[2022-02-19 23:38:53,576] {logging_mixin.py:109} INFO - [2022-02-19 23:38:53,576] {dag.py:2396} INFO - Sync 1 DAGs
[2022-02-19 23:38:53,710] {logging_mixin.py:109} INFO - [2022-02-19 23:38:53,697] {dag.py:2935} INFO - Setting next_dagrun for green_taxi_gcs_dag to None
[2022-02-19 23:38:53,791] {processor.py:171} INFO - Processing /opt/airflow/dags/green_gcs_dag.py took 5.316 seconds
[2022-02-19 23:39:24,379] {processor.py:163} INFO - Started process (PID=606) to work on /opt/airflow/dags/green_gcs_dag.py
[2022-02-19 23:39:24,381] {processor.py:642} INFO - Processing file /opt/airflow/dags/green_gcs_dag.py for tasks to queue
[2022-02-19 23:39:24,394] {logging_mixin.py:109} INFO - [2022-02-19 23:39:24,394] {dagbag.py:500} INFO - Filling up the DagBag from /opt/airflow/dags/green_gcs_dag.py
[2022-02-19 23:39:29,316] {processor.py:654} INFO - DAG(s) dict_keys(['green_taxi_gcs_dag']) retrieved from /opt/airflow/dags/green_gcs_dag.py
[2022-02-19 23:39:29,356] {logging_mixin.py:109} INFO - [2022-02-19 23:39:29,354] {dag.py:2396} INFO - Sync 1 DAGs
[2022-02-19 23:39:29,396] {logging_mixin.py:109} INFO - [2022-02-19 23:39:29,396] {dag.py:2935} INFO - Setting next_dagrun for green_taxi_gcs_dag to None
[2022-02-19 23:39:29,419] {processor.py:171} INFO - Processing /opt/airflow/dags/green_gcs_dag.py took 5.103 seconds
[2022-02-19 23:39:59,897] {processor.py:163} INFO - Started process (PID=653) to work on /opt/airflow/dags/green_gcs_dag.py
[2022-02-19 23:39:59,910] {processor.py:642} INFO - Processing file /opt/airflow/dags/green_gcs_dag.py for tasks to queue
[2022-02-19 23:39:59,912] {logging_mixin.py:109} INFO - [2022-02-19 23:39:59,912] {dagbag.py:500} INFO - Filling up the DagBag from /opt/airflow/dags/green_gcs_dag.py
[2022-02-19 23:40:02,796] {processor.py:654} INFO - DAG(s) dict_keys(['green_taxi_gcs_dag']) retrieved from /opt/airflow/dags/green_gcs_dag.py
[2022-02-19 23:40:02,829] {logging_mixin.py:109} INFO - [2022-02-19 23:40:02,829] {dag.py:2396} INFO - Sync 1 DAGs
[2022-02-19 23:40:02,890] {logging_mixin.py:109} INFO - [2022-02-19 23:40:02,890] {dag.py:2935} INFO - Setting next_dagrun for green_taxi_gcs_dag to None
[2022-02-19 23:40:02,971] {processor.py:171} INFO - Processing /opt/airflow/dags/green_gcs_dag.py took 3.099 seconds
[2022-02-19 23:40:33,287] {processor.py:163} INFO - Started process (PID=691) to work on /opt/airflow/dags/green_gcs_dag.py
[2022-02-19 23:40:33,294] {processor.py:642} INFO - Processing file /opt/airflow/dags/green_gcs_dag.py for tasks to queue
[2022-02-19 23:40:33,295] {logging_mixin.py:109} INFO - [2022-02-19 23:40:33,294] {dagbag.py:500} INFO - Filling up the DagBag from /opt/airflow/dags/green_gcs_dag.py
[2022-02-19 23:40:35,193] {processor.py:654} INFO - DAG(s) dict_keys(['green_taxi_gcs_dag']) retrieved from /opt/airflow/dags/green_gcs_dag.py
[2022-02-19 23:40:35,216] {logging_mixin.py:109} INFO - [2022-02-19 23:40:35,215] {dag.py:2396} INFO - Sync 1 DAGs
[2022-02-19 23:40:35,245] {logging_mixin.py:109} INFO - [2022-02-19 23:40:35,245] {dag.py:2935} INFO - Setting next_dagrun for green_taxi_gcs_dag to None
[2022-02-19 23:40:35,262] {processor.py:171} INFO - Processing /opt/airflow/dags/green_gcs_dag.py took 1.985 seconds
[2022-02-19 23:41:05,702] {processor.py:163} INFO - Started process (PID=728) to work on /opt/airflow/dags/green_gcs_dag.py
[2022-02-19 23:41:05,704] {processor.py:642} INFO - Processing file /opt/airflow/dags/green_gcs_dag.py for tasks to queue
[2022-02-19 23:41:05,705] {logging_mixin.py:109} INFO - [2022-02-19 23:41:05,704] {dagbag.py:500} INFO - Filling up the DagBag from /opt/airflow/dags/green_gcs_dag.py
[2022-02-19 23:41:07,744] {processor.py:654} INFO - DAG(s) dict_keys(['green_taxi_gcs_dag']) retrieved from /opt/airflow/dags/green_gcs_dag.py
[2022-02-19 23:41:07,763] {logging_mixin.py:109} INFO - [2022-02-19 23:41:07,762] {dag.py:2396} INFO - Sync 1 DAGs
[2022-02-19 23:41:07,821] {logging_mixin.py:109} INFO - [2022-02-19 23:41:07,821] {dag.py:2935} INFO - Setting next_dagrun for green_taxi_gcs_dag to None
[2022-02-19 23:41:07,881] {processor.py:171} INFO - Processing /opt/airflow/dags/green_gcs_dag.py took 2.184 seconds
[2022-02-19 23:41:38,748] {processor.py:163} INFO - Started process (PID=766) to work on /opt/airflow/dags/green_gcs_dag.py
[2022-02-19 23:41:38,750] {processor.py:642} INFO - Processing file /opt/airflow/dags/green_gcs_dag.py for tasks to queue
[2022-02-19 23:41:38,751] {logging_mixin.py:109} INFO - [2022-02-19 23:41:38,751] {dagbag.py:500} INFO - Filling up the DagBag from /opt/airflow/dags/green_gcs_dag.py
[2022-02-19 23:41:40,267] {processor.py:654} INFO - DAG(s) dict_keys(['green_taxi_gcs_dag']) retrieved from /opt/airflow/dags/green_gcs_dag.py
[2022-02-19 23:41:40,278] {logging_mixin.py:109} INFO - [2022-02-19 23:41:40,278] {dag.py:2396} INFO - Sync 1 DAGs
[2022-02-19 23:41:40,295] {logging_mixin.py:109} INFO - [2022-02-19 23:41:40,295] {dag.py:2935} INFO - Setting next_dagrun for green_taxi_gcs_dag to None
[2022-02-19 23:41:40,305] {processor.py:171} INFO - Processing /opt/airflow/dags/green_gcs_dag.py took 1.562 seconds
[2022-02-19 23:42:10,499] {processor.py:163} INFO - Started process (PID=805) to work on /opt/airflow/dags/green_gcs_dag.py
[2022-02-19 23:42:10,505] {processor.py:642} INFO - Processing file /opt/airflow/dags/green_gcs_dag.py for tasks to queue
[2022-02-19 23:42:10,507] {logging_mixin.py:109} INFO - [2022-02-19 23:42:10,506] {dagbag.py:500} INFO - Filling up the DagBag from /opt/airflow/dags/green_gcs_dag.py
[2022-02-19 23:42:11,562] {processor.py:654} INFO - DAG(s) dict_keys(['green_taxi_gcs_dag']) retrieved from /opt/airflow/dags/green_gcs_dag.py
[2022-02-19 23:42:11,574] {logging_mixin.py:109} INFO - [2022-02-19 23:42:11,574] {dag.py:2396} INFO - Sync 1 DAGs
[2022-02-19 23:42:11,602] {logging_mixin.py:109} INFO - [2022-02-19 23:42:11,601] {dag.py:2935} INFO - Setting next_dagrun for green_taxi_gcs_dag to None
[2022-02-19 23:42:11,628] {processor.py:171} INFO - Processing /opt/airflow/dags/green_gcs_dag.py took 1.133 seconds
[2022-02-19 23:42:41,941] {processor.py:163} INFO - Started process (PID=844) to work on /opt/airflow/dags/green_gcs_dag.py
[2022-02-19 23:42:41,943] {processor.py:642} INFO - Processing file /opt/airflow/dags/green_gcs_dag.py for tasks to queue
[2022-02-19 23:42:41,944] {logging_mixin.py:109} INFO - [2022-02-19 23:42:41,944] {dagbag.py:500} INFO - Filling up the DagBag from /opt/airflow/dags/green_gcs_dag.py
[2022-02-19 23:42:42,949] {processor.py:654} INFO - DAG(s) dict_keys(['green_taxi_gcs_dag']) retrieved from /opt/airflow/dags/green_gcs_dag.py
[2022-02-19 23:42:42,961] {logging_mixin.py:109} INFO - [2022-02-19 23:42:42,961] {dag.py:2396} INFO - Sync 1 DAGs
[2022-02-19 23:42:42,982] {logging_mixin.py:109} INFO - [2022-02-19 23:42:42,982] {dag.py:2935} INFO - Setting next_dagrun for green_taxi_gcs_dag to None
[2022-02-19 23:42:42,997] {processor.py:171} INFO - Processing /opt/airflow/dags/green_gcs_dag.py took 1.060 seconds
[2022-02-19 23:43:13,284] {processor.py:163} INFO - Started process (PID=881) to work on /opt/airflow/dags/green_gcs_dag.py
[2022-02-19 23:43:13,290] {processor.py:642} INFO - Processing file /opt/airflow/dags/green_gcs_dag.py for tasks to queue
[2022-02-19 23:43:13,291] {logging_mixin.py:109} INFO - [2022-02-19 23:43:13,291] {dagbag.py:500} INFO - Filling up the DagBag from /opt/airflow/dags/green_gcs_dag.py
[2022-02-19 23:43:14,120] {processor.py:654} INFO - DAG(s) dict_keys(['green_taxi_gcs_dag']) retrieved from /opt/airflow/dags/green_gcs_dag.py
[2022-02-19 23:43:14,129] {logging_mixin.py:109} INFO - [2022-02-19 23:43:14,129] {dag.py:2396} INFO - Sync 1 DAGs
[2022-02-19 23:43:14,146] {logging_mixin.py:109} INFO - [2022-02-19 23:43:14,146] {dag.py:2935} INFO - Setting next_dagrun for green_taxi_gcs_dag to None
[2022-02-19 23:43:14,157] {processor.py:171} INFO - Processing /opt/airflow/dags/green_gcs_dag.py took 0.877 seconds
[2022-02-19 23:43:44,517] {processor.py:163} INFO - Started process (PID=925) to work on /opt/airflow/dags/green_gcs_dag.py
[2022-02-19 23:43:44,519] {processor.py:642} INFO - Processing file /opt/airflow/dags/green_gcs_dag.py for tasks to queue
[2022-02-19 23:43:44,520] {logging_mixin.py:109} INFO - [2022-02-19 23:43:44,520] {dagbag.py:500} INFO - Filling up the DagBag from /opt/airflow/dags/green_gcs_dag.py
[2022-02-19 23:43:45,668] {processor.py:654} INFO - DAG(s) dict_keys(['green_taxi_gcs_dag']) retrieved from /opt/airflow/dags/green_gcs_dag.py
[2022-02-19 23:43:45,689] {logging_mixin.py:109} INFO - [2022-02-19 23:43:45,689] {dag.py:2396} INFO - Sync 1 DAGs
[2022-02-19 23:43:45,748] {logging_mixin.py:109} INFO - [2022-02-19 23:43:45,748] {dag.py:2935} INFO - Setting next_dagrun for green_taxi_gcs_dag to None
[2022-02-19 23:43:45,788] {processor.py:171} INFO - Processing /opt/airflow/dags/green_gcs_dag.py took 1.279 seconds
[2022-02-19 23:44:16,379] {processor.py:163} INFO - Started process (PID=956) to work on /opt/airflow/dags/green_gcs_dag.py
[2022-02-19 23:44:16,381] {processor.py:642} INFO - Processing file /opt/airflow/dags/green_gcs_dag.py for tasks to queue
[2022-02-19 23:44:16,382] {logging_mixin.py:109} INFO - [2022-02-19 23:44:16,382] {dagbag.py:500} INFO - Filling up the DagBag from /opt/airflow/dags/green_gcs_dag.py
[2022-02-19 23:44:17,824] {processor.py:654} INFO - DAG(s) dict_keys(['green_taxi_gcs_dag']) retrieved from /opt/airflow/dags/green_gcs_dag.py
[2022-02-19 23:44:17,837] {logging_mixin.py:109} INFO - [2022-02-19 23:44:17,837] {dag.py:2396} INFO - Sync 1 DAGs
[2022-02-19 23:44:17,862] {logging_mixin.py:109} INFO - [2022-02-19 23:44:17,861] {dag.py:2935} INFO - Setting next_dagrun for green_taxi_gcs_dag to None
[2022-02-19 23:44:17,916] {processor.py:171} INFO - Processing /opt/airflow/dags/green_gcs_dag.py took 1.541 seconds
[2022-02-19 23:44:48,270] {processor.py:163} INFO - Started process (PID=1003) to work on /opt/airflow/dags/green_gcs_dag.py
[2022-02-19 23:44:48,271] {processor.py:642} INFO - Processing file /opt/airflow/dags/green_gcs_dag.py for tasks to queue
[2022-02-19 23:44:48,272] {logging_mixin.py:109} INFO - [2022-02-19 23:44:48,272] {dagbag.py:500} INFO - Filling up the DagBag from /opt/airflow/dags/green_gcs_dag.py
[2022-02-19 23:44:49,409] {processor.py:654} INFO - DAG(s) dict_keys(['green_taxi_gcs_dag']) retrieved from /opt/airflow/dags/green_gcs_dag.py
[2022-02-19 23:44:49,431] {logging_mixin.py:109} INFO - [2022-02-19 23:44:49,430] {dag.py:2396} INFO - Sync 1 DAGs
[2022-02-19 23:44:49,467] {logging_mixin.py:109} INFO - [2022-02-19 23:44:49,467] {dag.py:2935} INFO - Setting next_dagrun for green_taxi_gcs_dag to None
[2022-02-19 23:44:49,484] {processor.py:171} INFO - Processing /opt/airflow/dags/green_gcs_dag.py took 1.217 seconds
[2022-02-19 23:45:20,416] {processor.py:163} INFO - Started process (PID=1040) to work on /opt/airflow/dags/green_gcs_dag.py
[2022-02-19 23:45:20,422] {processor.py:642} INFO - Processing file /opt/airflow/dags/green_gcs_dag.py for tasks to queue
[2022-02-19 23:45:20,423] {logging_mixin.py:109} INFO - [2022-02-19 23:45:20,423] {dagbag.py:500} INFO - Filling up the DagBag from /opt/airflow/dags/green_gcs_dag.py
[2022-02-19 23:45:21,505] {processor.py:654} INFO - DAG(s) dict_keys(['green_taxi_gcs_dag']) retrieved from /opt/airflow/dags/green_gcs_dag.py
[2022-02-19 23:45:21,515] {logging_mixin.py:109} INFO - [2022-02-19 23:45:21,515] {dag.py:2396} INFO - Sync 1 DAGs
[2022-02-19 23:45:21,536] {logging_mixin.py:109} INFO - [2022-02-19 23:45:21,536] {dag.py:2935} INFO - Setting next_dagrun for green_taxi_gcs_dag to None
[2022-02-19 23:45:21,547] {processor.py:171} INFO - Processing /opt/airflow/dags/green_gcs_dag.py took 1.135 seconds
[2022-02-19 23:45:51,885] {processor.py:163} INFO - Started process (PID=1078) to work on /opt/airflow/dags/green_gcs_dag.py
[2022-02-19 23:45:51,890] {processor.py:642} INFO - Processing file /opt/airflow/dags/green_gcs_dag.py for tasks to queue
[2022-02-19 23:45:51,891] {logging_mixin.py:109} INFO - [2022-02-19 23:45:51,891] {dagbag.py:500} INFO - Filling up the DagBag from /opt/airflow/dags/green_gcs_dag.py
[2022-02-19 23:45:57,116] {processor.py:654} INFO - DAG(s) dict_keys(['green_taxi_gcs_dag']) retrieved from /opt/airflow/dags/green_gcs_dag.py
[2022-02-19 23:45:59,018] {logging_mixin.py:109} INFO - [2022-02-19 23:45:59,018] {dag.py:2396} INFO - Sync 1 DAGs
[2022-02-19 23:45:59,043] {logging_mixin.py:109} INFO - [2022-02-19 23:45:59,043] {dag.py:2415} INFO - Creating ORM DAG for green_taxi_gcs_dag
[2022-02-19 23:45:59,117] {logging_mixin.py:109} INFO - [2022-02-19 23:45:59,117] {dag.py:2935} INFO - Setting next_dagrun for green_taxi_gcs_dag to 2019-01-02T00:00:00+00:00
[2022-02-19 23:45:59,232] {processor.py:171} INFO - Processing /opt/airflow/dags/green_gcs_dag.py took 7.356 seconds
[2022-02-19 23:46:29,566] {processor.py:163} INFO - Started process (PID=1116) to work on /opt/airflow/dags/green_gcs_dag.py
[2022-02-19 23:46:29,568] {processor.py:642} INFO - Processing file /opt/airflow/dags/green_gcs_dag.py for tasks to queue
[2022-02-19 23:46:29,569] {logging_mixin.py:109} INFO - [2022-02-19 23:46:29,569] {dagbag.py:500} INFO - Filling up the DagBag from /opt/airflow/dags/green_gcs_dag.py
[2022-02-19 23:46:32,312] {processor.py:654} INFO - DAG(s) dict_keys(['green_taxi_gcs_dag']) retrieved from /opt/airflow/dags/green_gcs_dag.py
[2022-02-19 23:46:32,340] {logging_mixin.py:109} INFO - [2022-02-19 23:46:32,340] {dag.py:2396} INFO - Sync 1 DAGs
[2022-02-19 23:46:32,379] {logging_mixin.py:109} INFO - [2022-02-19 23:46:32,379] {dag.py:2935} INFO - Setting next_dagrun for green_taxi_gcs_dag to 2019-01-02T00:00:00+00:00
[2022-02-19 23:46:32,412] {processor.py:171} INFO - Processing /opt/airflow/dags/green_gcs_dag.py took 2.849 seconds
[2022-02-19 23:47:02,630] {processor.py:163} INFO - Started process (PID=1152) to work on /opt/airflow/dags/green_gcs_dag.py
[2022-02-19 23:47:02,632] {processor.py:642} INFO - Processing file /opt/airflow/dags/green_gcs_dag.py for tasks to queue
[2022-02-19 23:47:02,633] {logging_mixin.py:109} INFO - [2022-02-19 23:47:02,633] {dagbag.py:500} INFO - Filling up the DagBag from /opt/airflow/dags/green_gcs_dag.py
[2022-02-19 23:47:04,689] {processor.py:654} INFO - DAG(s) dict_keys(['green_taxi_gcs_dag']) retrieved from /opt/airflow/dags/green_gcs_dag.py
[2022-02-19 23:47:04,716] {logging_mixin.py:109} INFO - [2022-02-19 23:47:04,714] {dag.py:2396} INFO - Sync 1 DAGs
[2022-02-19 23:47:04,781] {logging_mixin.py:109} INFO - [2022-02-19 23:47:04,781] {dag.py:2935} INFO - Setting next_dagrun for green_taxi_gcs_dag to 2019-01-02T00:00:00+00:00
[2022-02-19 23:47:04,825] {processor.py:171} INFO - Processing /opt/airflow/dags/green_gcs_dag.py took 2.207 seconds
[2022-02-19 23:47:35,367] {processor.py:163} INFO - Started process (PID=1190) to work on /opt/airflow/dags/green_gcs_dag.py
[2022-02-19 23:47:35,369] {processor.py:642} INFO - Processing file /opt/airflow/dags/green_gcs_dag.py for tasks to queue
[2022-02-19 23:47:35,371] {logging_mixin.py:109} INFO - [2022-02-19 23:47:35,371] {dagbag.py:500} INFO - Filling up the DagBag from /opt/airflow/dags/green_gcs_dag.py
[2022-02-19 23:47:38,513] {processor.py:654} INFO - DAG(s) dict_keys(['green_taxi_gcs_dag']) retrieved from /opt/airflow/dags/green_gcs_dag.py
[2022-02-19 23:47:38,532] {logging_mixin.py:109} INFO - [2022-02-19 23:47:38,531] {dag.py:2396} INFO - Sync 1 DAGs
[2022-02-19 23:47:38,569] {logging_mixin.py:109} INFO - [2022-02-19 23:47:38,569] {dag.py:2935} INFO - Setting next_dagrun for green_taxi_gcs_dag to 2019-01-02T00:00:00+00:00
[2022-02-19 23:47:38,598] {processor.py:171} INFO - Processing /opt/airflow/dags/green_gcs_dag.py took 3.237 seconds
[2022-02-19 23:48:09,118] {processor.py:163} INFO - Started process (PID=1227) to work on /opt/airflow/dags/green_gcs_dag.py
[2022-02-19 23:48:09,136] {processor.py:642} INFO - Processing file /opt/airflow/dags/green_gcs_dag.py for tasks to queue
[2022-02-19 23:48:09,146] {logging_mixin.py:109} INFO - [2022-02-19 23:48:09,146] {dagbag.py:500} INFO - Filling up the DagBag from /opt/airflow/dags/green_gcs_dag.py
[2022-02-19 23:48:14,830] {processor.py:654} INFO - DAG(s) dict_keys(['green_taxi_gcs_dag']) retrieved from /opt/airflow/dags/green_gcs_dag.py
[2022-02-19 23:48:14,863] {logging_mixin.py:109} INFO - [2022-02-19 23:48:14,862] {dag.py:2396} INFO - Sync 1 DAGs
[2022-02-19 23:48:14,912] {logging_mixin.py:109} INFO - [2022-02-19 23:48:14,912] {dag.py:2935} INFO - Setting next_dagrun for green_taxi_gcs_dag to 2019-01-02T00:00:00+00:00
[2022-02-19 23:48:14,934] {processor.py:171} INFO - Processing /opt/airflow/dags/green_gcs_dag.py took 5.861 seconds
[2022-02-19 23:48:46,917] {processor.py:163} INFO - Started process (PID=1262) to work on /opt/airflow/dags/green_gcs_dag.py
[2022-02-19 23:48:46,994] {processor.py:642} INFO - Processing file /opt/airflow/dags/green_gcs_dag.py for tasks to queue
[2022-02-19 23:48:47,228] {logging_mixin.py:109} INFO - [2022-02-19 23:48:47,153] {dagbag.py:500} INFO - Filling up the DagBag from /opt/airflow/dags/green_gcs_dag.py
[2022-02-19 23:50:18,732] {logging_mixin.py:109} INFO - [2022-02-19 23:50:18,706] {timeout.py:36} ERROR - Process timed out, PID: 1262
[2022-02-19 23:50:21,382] {processor.py:163} INFO - Started process (PID=1267) to work on /opt/airflow/dags/green_gcs_dag.py
[2022-02-19 23:50:21,446] {processor.py:642} INFO - Processing file /opt/airflow/dags/green_gcs_dag.py for tasks to queue
[2022-02-19 23:50:21,447] {logging_mixin.py:109} INFO - [2022-02-19 23:50:21,446] {dagbag.py:500} INFO - Filling up the DagBag from /opt/airflow/dags/green_gcs_dag.py
[2022-02-19 23:50:52,124] {logging_mixin.py:109} INFO - [2022-02-19 23:50:51,906] {timeout.py:36} ERROR - Process timed out, PID: 1267
[2022-02-19 23:51:07,702] {logging_mixin.py:109} INFO - [2022-02-19 23:50:52,996] {dagbag.py:334} ERROR - Failed to import: /opt/airflow/dags/green_gcs_dag.py
Traceback (most recent call last):
  File "/home/airflow/.local/lib/python3.7/site-packages/airflow/models/dagbag.py", line 331, in _load_modules_from_file
    loader.exec_module(new_module)
  File "<frozen importlib._bootstrap_external>", line 728, in exec_module
  File "<frozen importlib._bootstrap>", line 219, in _call_with_frames_removed
  File "/opt/airflow/dags/green_gcs_dag.py", line 11, in <module>
    from airflow.providers.google.cloud.operators.bigquery import BigQueryCreateExternalTableOperator
  File "/home/airflow/.local/lib/python3.7/site-packages/airflow/providers/google/cloud/operators/bigquery.py", line 38, in <module>
    from airflow.providers.google.cloud.hooks.bigquery import BigQueryHook, BigQueryJob
  File "/home/airflow/.local/lib/python3.7/site-packages/airflow/providers/google/cloud/hooks/bigquery.py", line 33, in <module>
    from google.cloud.bigquery import (
  File "/home/airflow/.local/lib/python3.7/site-packages/google/cloud/bigquery/__init__.py", line 35, in <module>
    from google.cloud.bigquery.client import Client
  File "/home/airflow/.local/lib/python3.7/site-packages/google/cloud/bigquery/client.py", line 61, in <module>
    from google.cloud.bigquery_storage_v1.services.big_query_read.client import (
  File "/home/airflow/.local/lib/python3.7/site-packages/google/cloud/bigquery_storage_v1/__init__.py", line 25, in <module>
    from google.cloud.bigquery_storage_v1 import client
  File "/home/airflow/.local/lib/python3.7/site-packages/google/cloud/bigquery_storage_v1/client.py", line 26, in <module>
    from google.cloud.bigquery_storage_v1 import reader
  File "/home/airflow/.local/lib/python3.7/site-packages/google/cloud/bigquery_storage_v1/reader.py", line 28, in <module>
    import pandas
  File "/home/airflow/.local/lib/python3.7/site-packages/pandas/__init__.py", line 11, in <module>
    __import__(dependency)
  File "/home/airflow/.local/lib/python3.7/site-packages/numpy/__init__.py", line 155, in <module>
    from . import polynomial
  File "/home/airflow/.local/lib/python3.7/site-packages/numpy/polynomial/__init__.py", line 122, in <module>
    from .laguerre import Laguerre
  File "/home/airflow/.local/lib/python3.7/site-packages/numpy/polynomial/laguerre.py", line 204, in <module>
    lagzero = np.array([0])
  File "/home/airflow/.local/lib/python3.7/site-packages/airflow/utils/timeout.py", line 37, in handle_timeout
    raise AirflowTaskTimeout(self.error_message)
airflow.exceptions.AirflowTaskTimeout: DagBag import timeout for /opt/airflow/dags/green_gcs_dag.py after 30.0s.
Please take a look at these docs to improve your DAG import time:
* https://airflow.apache.org/docs/apache-airflow/2.2.3/best-practices.html#top-level-python-code
* https://airflow.apache.org/docs/apache-airflow/2.2.3/best-practices.html#reducing-dag-complexity, PID: 1267
[2022-02-19 23:52:31,911] {processor.py:163} INFO - Started process (PID=38) to work on /opt/airflow/dags/green_gcs_dag.py
[2022-02-19 23:52:31,914] {processor.py:642} INFO - Processing file /opt/airflow/dags/green_gcs_dag.py for tasks to queue
[2022-02-19 23:52:31,917] {logging_mixin.py:109} INFO - [2022-02-19 23:52:31,917] {dagbag.py:500} INFO - Filling up the DagBag from /opt/airflow/dags/green_gcs_dag.py
[2022-02-19 23:52:36,531] {processor.py:654} INFO - DAG(s) dict_keys(['green_taxi_gcs_dag']) retrieved from /opt/airflow/dags/green_gcs_dag.py
[2022-02-19 23:52:36,550] {logging_mixin.py:109} INFO - [2022-02-19 23:52:36,550] {dag.py:2396} INFO - Sync 1 DAGs
[2022-02-19 23:52:36,584] {logging_mixin.py:109} INFO - [2022-02-19 23:52:36,584] {dag.py:2935} INFO - Setting next_dagrun for green_taxi_gcs_dag to 2019-01-02T00:00:00+00:00
[2022-02-19 23:52:36,606] {processor.py:171} INFO - Processing /opt/airflow/dags/green_gcs_dag.py took 4.712 seconds
[2022-02-19 23:53:21,673] {processor.py:163} INFO - Started process (PID=72) to work on /opt/airflow/dags/green_gcs_dag.py
[2022-02-19 23:53:21,699] {processor.py:642} INFO - Processing file /opt/airflow/dags/green_gcs_dag.py for tasks to queue
[2022-02-19 23:53:21,700] {logging_mixin.py:109} INFO - [2022-02-19 23:53:21,700] {dagbag.py:500} INFO - Filling up the DagBag from /opt/airflow/dags/green_gcs_dag.py
[2022-02-19 23:53:51,333] {processor.py:654} INFO - DAG(s) dict_keys(['green_taxi_gcs_dag']) retrieved from /opt/airflow/dags/green_gcs_dag.py
[2022-02-19 23:53:51,389] {logging_mixin.py:109} INFO - [2022-02-19 23:53:51,389] {dag.py:2396} INFO - Sync 1 DAGs
[2022-02-19 23:53:51,446] {logging_mixin.py:109} INFO - [2022-02-19 23:53:51,446] {dag.py:2935} INFO - Setting next_dagrun for green_taxi_gcs_dag to 2019-01-02T00:00:00+00:00
[2022-02-19 23:53:51,512] {processor.py:171} INFO - Processing /opt/airflow/dags/green_gcs_dag.py took 29.901 seconds
[2022-02-19 23:54:21,638] {processor.py:163} INFO - Started process (PID=109) to work on /opt/airflow/dags/green_gcs_dag.py
[2022-02-19 23:54:21,640] {processor.py:642} INFO - Processing file /opt/airflow/dags/green_gcs_dag.py for tasks to queue
[2022-02-19 23:54:21,640] {logging_mixin.py:109} INFO - [2022-02-19 23:54:21,640] {dagbag.py:500} INFO - Filling up the DagBag from /opt/airflow/dags/green_gcs_dag.py
[2022-02-19 23:54:22,377] {processor.py:654} INFO - DAG(s) dict_keys(['green_taxi_gcs_dag']) retrieved from /opt/airflow/dags/green_gcs_dag.py
[2022-02-19 23:54:22,389] {logging_mixin.py:109} INFO - [2022-02-19 23:54:22,388] {dag.py:2396} INFO - Sync 1 DAGs
[2022-02-19 23:54:22,413] {logging_mixin.py:109} INFO - [2022-02-19 23:54:22,413] {dag.py:2935} INFO - Setting next_dagrun for green_taxi_gcs_dag to 2019-01-02T00:00:00+00:00
[2022-02-19 23:54:22,427] {processor.py:171} INFO - Processing /opt/airflow/dags/green_gcs_dag.py took 0.792 seconds
[2022-02-19 23:57:15,001] {processor.py:163} INFO - Started process (PID=39) to work on /opt/airflow/dags/green_gcs_dag.py
[2022-02-19 23:57:15,002] {processor.py:642} INFO - Processing file /opt/airflow/dags/green_gcs_dag.py for tasks to queue
[2022-02-19 23:57:15,003] {logging_mixin.py:109} INFO - [2022-02-19 23:57:15,003] {dagbag.py:500} INFO - Filling up the DagBag from /opt/airflow/dags/green_gcs_dag.py
[2022-02-19 23:57:27,585] {processor.py:654} INFO - DAG(s) dict_keys(['green_taxi_gcs_dag']) retrieved from /opt/airflow/dags/green_gcs_dag.py
[2022-02-19 23:57:30,261] {logging_mixin.py:109} INFO - [2022-02-19 23:57:30,260] {dag.py:2396} INFO - Sync 1 DAGs
[2022-02-19 23:57:30,314] {logging_mixin.py:109} INFO - [2022-02-19 23:57:30,314] {dag.py:2935} INFO - Setting next_dagrun for green_taxi_gcs_dag to 2019-01-02T00:00:00+00:00
[2022-02-19 23:57:30,390] {processor.py:171} INFO - Processing /opt/airflow/dags/green_gcs_dag.py took 15.401 seconds
[2022-02-19 23:58:00,503] {processor.py:163} INFO - Started process (PID=86) to work on /opt/airflow/dags/green_gcs_dag.py
[2022-02-19 23:58:00,506] {processor.py:642} INFO - Processing file /opt/airflow/dags/green_gcs_dag.py for tasks to queue
[2022-02-19 23:58:00,506] {logging_mixin.py:109} INFO - [2022-02-19 23:58:00,506] {dagbag.py:500} INFO - Filling up the DagBag from /opt/airflow/dags/green_gcs_dag.py
[2022-02-19 23:58:01,409] {processor.py:654} INFO - DAG(s) dict_keys(['green_taxi_gcs_dag']) retrieved from /opt/airflow/dags/green_gcs_dag.py
[2022-02-19 23:58:01,418] {logging_mixin.py:109} INFO - [2022-02-19 23:58:01,418] {dag.py:2396} INFO - Sync 1 DAGs
[2022-02-19 23:58:01,435] {logging_mixin.py:109} INFO - [2022-02-19 23:58:01,435] {dag.py:2935} INFO - Setting next_dagrun for green_taxi_gcs_dag to 2019-01-02T00:00:00+00:00
[2022-02-19 23:58:01,446] {processor.py:171} INFO - Processing /opt/airflow/dags/green_gcs_dag.py took 0.947 seconds
[2022-02-19 23:58:31,871] {processor.py:163} INFO - Started process (PID=125) to work on /opt/airflow/dags/green_gcs_dag.py
[2022-02-19 23:58:31,872] {processor.py:642} INFO - Processing file /opt/airflow/dags/green_gcs_dag.py for tasks to queue
[2022-02-19 23:58:31,873] {logging_mixin.py:109} INFO - [2022-02-19 23:58:31,873] {dagbag.py:500} INFO - Filling up the DagBag from /opt/airflow/dags/green_gcs_dag.py
[2022-02-19 23:58:32,696] {processor.py:654} INFO - DAG(s) dict_keys(['green_taxi_gcs_dag']) retrieved from /opt/airflow/dags/green_gcs_dag.py
[2022-02-19 23:58:32,705] {logging_mixin.py:109} INFO - [2022-02-19 23:58:32,705] {dag.py:2396} INFO - Sync 1 DAGs
[2022-02-19 23:58:32,724] {logging_mixin.py:109} INFO - [2022-02-19 23:58:32,724] {dag.py:2935} INFO - Setting next_dagrun for green_taxi_gcs_dag to 2019-01-02T00:00:00+00:00
[2022-02-19 23:58:32,733] {processor.py:171} INFO - Processing /opt/airflow/dags/green_gcs_dag.py took 0.865 seconds
[2022-02-19 23:59:03,316] {processor.py:163} INFO - Started process (PID=173) to work on /opt/airflow/dags/green_gcs_dag.py
[2022-02-19 23:59:03,317] {processor.py:642} INFO - Processing file /opt/airflow/dags/green_gcs_dag.py for tasks to queue
[2022-02-19 23:59:03,318] {logging_mixin.py:109} INFO - [2022-02-19 23:59:03,318] {dagbag.py:500} INFO - Filling up the DagBag from /opt/airflow/dags/green_gcs_dag.py
[2022-02-19 23:59:04,368] {processor.py:654} INFO - DAG(s) dict_keys(['green_taxi_gcs_dag']) retrieved from /opt/airflow/dags/green_gcs_dag.py
[2022-02-19 23:59:04,385] {logging_mixin.py:109} INFO - [2022-02-19 23:59:04,385] {dag.py:2396} INFO - Sync 1 DAGs
[2022-02-19 23:59:04,417] {logging_mixin.py:109} INFO - [2022-02-19 23:59:04,417] {dag.py:2935} INFO - Setting next_dagrun for green_taxi_gcs_dag to 2019-01-02T00:00:00+00:00
[2022-02-19 23:59:04,448] {processor.py:171} INFO - Processing /opt/airflow/dags/green_gcs_dag.py took 1.136 seconds
[2022-02-19 23:59:34,778] {processor.py:163} INFO - Started process (PID=215) to work on /opt/airflow/dags/green_gcs_dag.py
[2022-02-19 23:59:34,785] {processor.py:642} INFO - Processing file /opt/airflow/dags/green_gcs_dag.py for tasks to queue
[2022-02-19 23:59:34,785] {logging_mixin.py:109} INFO - [2022-02-19 23:59:34,785] {dagbag.py:500} INFO - Filling up the DagBag from /opt/airflow/dags/green_gcs_dag.py
[2022-02-19 23:59:36,128] {processor.py:654} INFO - DAG(s) dict_keys(['green_taxi_gcs_dag']) retrieved from /opt/airflow/dags/green_gcs_dag.py
[2022-02-19 23:59:36,138] {logging_mixin.py:109} INFO - [2022-02-19 23:59:36,138] {dag.py:2396} INFO - Sync 1 DAGs
[2022-02-19 23:59:36,159] {logging_mixin.py:109} INFO - [2022-02-19 23:59:36,159] {dag.py:2935} INFO - Setting next_dagrun for green_taxi_gcs_dag to 2019-01-02T00:00:00+00:00
[2022-02-19 23:59:36,170] {processor.py:171} INFO - Processing /opt/airflow/dags/green_gcs_dag.py took 1.397 seconds
