[2022-02-09 20:37:56,639] {taskinstance.py:1032} INFO - Dependencies all met for <TaskInstance: green_taxi_gcs_dag.delete_the_local_file scheduled__2020-06-02T00:00:00+00:00 [queued]>
[2022-02-09 20:37:56,706] {taskinstance.py:1032} INFO - Dependencies all met for <TaskInstance: green_taxi_gcs_dag.delete_the_local_file scheduled__2020-06-02T00:00:00+00:00 [queued]>
[2022-02-09 20:37:56,706] {taskinstance.py:1238} INFO - 
--------------------------------------------------------------------------------
[2022-02-09 20:37:56,706] {taskinstance.py:1239} INFO - Starting attempt 1 of 2
[2022-02-09 20:37:56,706] {taskinstance.py:1240} INFO - 
--------------------------------------------------------------------------------
[2022-02-09 20:37:56,771] {taskinstance.py:1259} INFO - Executing <Task(BashOperator): delete_the_local_file> on 2020-06-02 00:00:00+00:00
[2022-02-09 20:37:56,792] {standard_task_runner.py:52} INFO - Started process 257 to run task
[2022-02-09 20:37:56,810] {standard_task_runner.py:76} INFO - Running: ['***', 'tasks', 'run', 'green_taxi_gcs_dag', 'delete_the_local_file', 'scheduled__2020-06-02T00:00:00+00:00', '--job-id', '94', '--raw', '--subdir', 'DAGS_FOLDER/green_gcs_dag.py', '--cfg-path', '/tmp/tmp1cu3wqaf', '--error-file', '/tmp/tmpxkehfcas']
[2022-02-09 20:37:56,811] {standard_task_runner.py:77} INFO - Job 94: Subtask delete_the_local_file
[2022-02-09 20:37:57,181] {logging_mixin.py:109} INFO - Running <TaskInstance: green_taxi_gcs_dag.delete_the_local_file scheduled__2020-06-02T00:00:00+00:00 [running]> on host 4f97b6b16bdb
[2022-02-09 20:37:57,457] {warnings.py:110} WARNING - /home/***/.local/lib/python3.7/site-packages/***/utils/context.py:152: AirflowContextDeprecationWarning: Accessing 'execution_date' from the template is deprecated and will be removed in a future version. Please use 'data_interval_start' or 'logical_date' instead.
  warnings.warn(_create_deprecation_warning(key, self._deprecation_replacements[key]))

[2022-02-09 20:37:57,574] {taskinstance.py:1426} INFO - Exporting the following env vars:
AIRFLOW_CTX_DAG_OWNER=***
AIRFLOW_CTX_DAG_ID=green_taxi_gcs_dag
AIRFLOW_CTX_TASK_ID=delete_the_local_file
AIRFLOW_CTX_EXECUTION_DATE=2020-06-02T00:00:00+00:00
AIRFLOW_CTX_DAG_RUN_ID=scheduled__2020-06-02T00:00:00+00:00
[2022-02-09 20:37:57,575] {subprocess.py:62} INFO - Tmp dir root location: 
 /tmp
[2022-02-09 20:37:57,576] {subprocess.py:74} INFO - Running command: ['bash', '-c', 'rm /opt/***/output_2020-06.csv | rm /opt/***/output_2020-06.parquet']
[2022-02-09 20:37:57,636] {subprocess.py:85} INFO - Output:
[2022-02-09 20:37:57,677] {subprocess.py:93} INFO - Command exited with return code 0
[2022-02-09 20:37:57,793] {taskinstance.py:1277} INFO - Marking task as SUCCESS. dag_id=green_taxi_gcs_dag, task_id=delete_the_local_file, execution_date=20200602T000000, start_date=20220209T203756, end_date=20220209T203757
[2022-02-09 20:37:57,896] {local_task_job.py:154} INFO - Task exited with return code 0
[2022-02-09 20:37:58,018] {local_task_job.py:264} INFO - 0 downstream tasks scheduled from follow-on schedule check
[2022-02-09 20:47:53,531] {taskinstance.py:1032} INFO - Dependencies all met for <TaskInstance: green_taxi_gcs_dag.delete_the_local_file scheduled__2020-06-02T00:00:00+00:00 [queued]>
[2022-02-09 20:47:53,559] {taskinstance.py:1032} INFO - Dependencies all met for <TaskInstance: green_taxi_gcs_dag.delete_the_local_file scheduled__2020-06-02T00:00:00+00:00 [queued]>
[2022-02-09 20:47:53,559] {taskinstance.py:1238} INFO - 
--------------------------------------------------------------------------------
[2022-02-09 20:47:53,560] {taskinstance.py:1239} INFO - Starting attempt 1 of 2
[2022-02-09 20:47:53,560] {taskinstance.py:1240} INFO - 
--------------------------------------------------------------------------------
[2022-02-09 20:47:53,584] {taskinstance.py:1259} INFO - Executing <Task(BashOperator): delete_the_local_file> on 2020-06-02 00:00:00+00:00
[2022-02-09 20:47:53,593] {standard_task_runner.py:52} INFO - Started process 1084 to run task
[2022-02-09 20:47:53,603] {standard_task_runner.py:76} INFO - Running: ['***', 'tasks', 'run', 'green_taxi_gcs_dag', 'delete_the_local_file', 'scheduled__2020-06-02T00:00:00+00:00', '--job-id', '185', '--raw', '--subdir', 'DAGS_FOLDER/green_gcs_dag.py', '--cfg-path', '/tmp/tmpe2adyvxp', '--error-file', '/tmp/tmpgmfczfot']
[2022-02-09 20:47:53,610] {standard_task_runner.py:77} INFO - Job 185: Subtask delete_the_local_file
[2022-02-09 20:47:53,735] {logging_mixin.py:109} INFO - Running <TaskInstance: green_taxi_gcs_dag.delete_the_local_file scheduled__2020-06-02T00:00:00+00:00 [running]> on host 4f97b6b16bdb
[2022-02-09 20:47:53,815] {warnings.py:110} WARNING - /home/***/.local/lib/python3.7/site-packages/***/utils/context.py:152: AirflowContextDeprecationWarning: Accessing 'execution_date' from the template is deprecated and will be removed in a future version. Please use 'data_interval_start' or 'logical_date' instead.
  warnings.warn(_create_deprecation_warning(key, self._deprecation_replacements[key]))

[2022-02-09 20:47:53,849] {taskinstance.py:1426} INFO - Exporting the following env vars:
AIRFLOW_CTX_DAG_OWNER=***
AIRFLOW_CTX_DAG_ID=green_taxi_gcs_dag
AIRFLOW_CTX_TASK_ID=delete_the_local_file
AIRFLOW_CTX_EXECUTION_DATE=2020-06-02T00:00:00+00:00
AIRFLOW_CTX_DAG_RUN_ID=scheduled__2020-06-02T00:00:00+00:00
[2022-02-09 20:47:53,851] {subprocess.py:62} INFO - Tmp dir root location: 
 /tmp
[2022-02-09 20:47:53,851] {subprocess.py:74} INFO - Running command: ['bash', '-c', 'rm /opt/***/output_2020-06.csv | rm /opt/***/output_2020-06.parquet']
[2022-02-09 20:47:53,873] {subprocess.py:85} INFO - Output:
[2022-02-09 20:47:53,882] {subprocess.py:93} INFO - Command exited with return code 0
[2022-02-09 20:47:53,929] {taskinstance.py:1277} INFO - Marking task as SUCCESS. dag_id=green_taxi_gcs_dag, task_id=delete_the_local_file, execution_date=20200602T000000, start_date=20220209T204753, end_date=20220209T204753
[2022-02-09 20:47:53,986] {local_task_job.py:154} INFO - Task exited with return code 0
[2022-02-09 20:47:54,057] {local_task_job.py:264} INFO - 0 downstream tasks scheduled from follow-on schedule check
[2022-02-20 00:08:18,171] {taskinstance.py:1032} INFO - Dependencies all met for <TaskInstance: green_taxi_gcs_dag.delete_the_local_file scheduled__2020-06-02T00:00:00+00:00 [queued]>
[2022-02-20 00:08:18,191] {taskinstance.py:1032} INFO - Dependencies all met for <TaskInstance: green_taxi_gcs_dag.delete_the_local_file scheduled__2020-06-02T00:00:00+00:00 [queued]>
[2022-02-20 00:08:18,191] {taskinstance.py:1238} INFO - 
--------------------------------------------------------------------------------
[2022-02-20 00:08:18,191] {taskinstance.py:1239} INFO - Starting attempt 1 of 2
[2022-02-20 00:08:18,191] {taskinstance.py:1240} INFO - 
--------------------------------------------------------------------------------
[2022-02-20 00:08:18,223] {taskinstance.py:1259} INFO - Executing <Task(BashOperator): delete_the_local_file> on 2020-06-02 00:00:00+00:00
[2022-02-20 00:08:18,237] {standard_task_runner.py:52} INFO - Started process 1018 to run task
[2022-02-20 00:08:18,243] {standard_task_runner.py:76} INFO - Running: ['***', 'tasks', 'run', 'green_taxi_gcs_dag', 'delete_the_local_file', 'scheduled__2020-06-02T00:00:00+00:00', '--job-id', '382', '--raw', '--subdir', 'DAGS_FOLDER/green_gcs_dag.py', '--cfg-path', '/tmp/tmpz2gqhzgw', '--error-file', '/tmp/tmpv4z0vd54']
[2022-02-20 00:08:18,244] {standard_task_runner.py:77} INFO - Job 382: Subtask delete_the_local_file
[2022-02-20 00:08:18,358] {logging_mixin.py:109} INFO - Running <TaskInstance: green_taxi_gcs_dag.delete_the_local_file scheduled__2020-06-02T00:00:00+00:00 [running]> on host da07aa254901
[2022-02-20 00:08:18,424] {warnings.py:110} WARNING - /home/***/.local/lib/python3.7/site-packages/***/utils/context.py:152: AirflowContextDeprecationWarning: Accessing 'execution_date' from the template is deprecated and will be removed in a future version. Please use 'data_interval_start' or 'logical_date' instead.
  warnings.warn(_create_deprecation_warning(key, self._deprecation_replacements[key]))

[2022-02-20 00:08:18,451] {taskinstance.py:1426} INFO - Exporting the following env vars:
AIRFLOW_CTX_DAG_OWNER=***
AIRFLOW_CTX_DAG_ID=green_taxi_gcs_dag
AIRFLOW_CTX_TASK_ID=delete_the_local_file
AIRFLOW_CTX_EXECUTION_DATE=2020-06-02T00:00:00+00:00
AIRFLOW_CTX_DAG_RUN_ID=scheduled__2020-06-02T00:00:00+00:00
[2022-02-20 00:08:18,452] {subprocess.py:62} INFO - Tmp dir root location: 
 /tmp
[2022-02-20 00:08:18,453] {subprocess.py:74} INFO - Running command: ['bash', '-c', 'rm /opt/***/output_2020-06.csv | rm /opt/***/output_2020-06.parquet']
[2022-02-20 00:08:18,468] {subprocess.py:85} INFO - Output:
[2022-02-20 00:08:18,475] {subprocess.py:93} INFO - Command exited with return code 0
[2022-02-20 00:08:18,514] {taskinstance.py:1277} INFO - Marking task as SUCCESS. dag_id=green_taxi_gcs_dag, task_id=delete_the_local_file, execution_date=20200602T000000, start_date=20220220T000818, end_date=20220220T000818
[2022-02-20 00:08:18,577] {local_task_job.py:154} INFO - Task exited with return code 0
[2022-02-20 00:08:18,640] {local_task_job.py:264} INFO - 0 downstream tasks scheduled from follow-on schedule check
[2022-02-20 02:01:42,679] {taskinstance.py:1032} INFO - Dependencies all met for <TaskInstance: green_taxi_gcs_dag.delete_the_local_file scheduled__2020-06-02T00:00:00+00:00 [queued]>
[2022-02-20 02:01:42,692] {taskinstance.py:1032} INFO - Dependencies all met for <TaskInstance: green_taxi_gcs_dag.delete_the_local_file scheduled__2020-06-02T00:00:00+00:00 [queued]>
[2022-02-20 02:01:42,692] {taskinstance.py:1238} INFO - 
--------------------------------------------------------------------------------
[2022-02-20 02:01:42,693] {taskinstance.py:1239} INFO - Starting attempt 1 of 2
[2022-02-20 02:01:42,693] {taskinstance.py:1240} INFO - 
--------------------------------------------------------------------------------
[2022-02-20 02:01:42,707] {taskinstance.py:1259} INFO - Executing <Task(BashOperator): delete_the_local_file> on 2020-06-02 00:00:00+00:00
[2022-02-20 02:01:42,712] {standard_task_runner.py:52} INFO - Started process 674 to run task
[2022-02-20 02:01:42,716] {standard_task_runner.py:76} INFO - Running: ['***', 'tasks', 'run', 'green_taxi_gcs_dag', 'delete_the_local_file', 'scheduled__2020-06-02T00:00:00+00:00', '--job-id', '585', '--raw', '--subdir', 'DAGS_FOLDER/green_gcs_dag.py', '--cfg-path', '/tmp/tmppmsy4rh4', '--error-file', '/tmp/tmp9y54psjp']
[2022-02-20 02:01:42,717] {standard_task_runner.py:77} INFO - Job 585: Subtask delete_the_local_file
[2022-02-20 02:01:42,782] {logging_mixin.py:109} INFO - Running <TaskInstance: green_taxi_gcs_dag.delete_the_local_file scheduled__2020-06-02T00:00:00+00:00 [running]> on host 5484a3a1f7c3
[2022-02-20 02:01:42,824] {warnings.py:110} WARNING - /home/***/.local/lib/python3.7/site-packages/***/utils/context.py:152: AirflowContextDeprecationWarning: Accessing 'execution_date' from the template is deprecated and will be removed in a future version. Please use 'data_interval_start' or 'logical_date' instead.
  warnings.warn(_create_deprecation_warning(key, self._deprecation_replacements[key]))

[2022-02-20 02:01:42,844] {taskinstance.py:1426} INFO - Exporting the following env vars:
AIRFLOW_CTX_DAG_OWNER=***
AIRFLOW_CTX_DAG_ID=green_taxi_gcs_dag
AIRFLOW_CTX_TASK_ID=delete_the_local_file
AIRFLOW_CTX_EXECUTION_DATE=2020-06-02T00:00:00+00:00
AIRFLOW_CTX_DAG_RUN_ID=scheduled__2020-06-02T00:00:00+00:00
[2022-02-20 02:01:42,845] {subprocess.py:62} INFO - Tmp dir root location: 
 /tmp
[2022-02-20 02:01:42,846] {subprocess.py:74} INFO - Running command: ['bash', '-c', 'rm /opt/***/output_2020-06.csv | rm /opt/***/output_2020-06.parquet']
[2022-02-20 02:01:42,858] {subprocess.py:85} INFO - Output:
[2022-02-20 02:01:42,863] {subprocess.py:93} INFO - Command exited with return code 0
[2022-02-20 02:01:42,890] {taskinstance.py:1277} INFO - Marking task as SUCCESS. dag_id=green_taxi_gcs_dag, task_id=delete_the_local_file, execution_date=20200602T000000, start_date=20220220T020142, end_date=20220220T020142
[2022-02-20 02:01:42,929] {local_task_job.py:154} INFO - Task exited with return code 0
[2022-02-20 02:01:42,963] {local_task_job.py:264} INFO - 0 downstream tasks scheduled from follow-on schedule check
