[2022-02-03 17:20:56,251] {taskinstance.py:1032} INFO - Dependencies all met for <TaskInstance: yellow_taxi_gcs_dag.download_dataset_task scheduled__2019-11-02T00:00:00+00:00 [queued]>
[2022-02-03 17:20:56,266] {taskinstance.py:1032} INFO - Dependencies all met for <TaskInstance: yellow_taxi_gcs_dag.download_dataset_task scheduled__2019-11-02T00:00:00+00:00 [queued]>
[2022-02-03 17:20:56,266] {taskinstance.py:1238} INFO - 
--------------------------------------------------------------------------------
[2022-02-03 17:20:56,266] {taskinstance.py:1239} INFO - Starting attempt 1 of 2
[2022-02-03 17:20:56,266] {taskinstance.py:1240} INFO - 
--------------------------------------------------------------------------------
[2022-02-03 17:20:56,282] {taskinstance.py:1259} INFO - Executing <Task(BashOperator): download_dataset_task> on 2019-11-02 00:00:00+00:00
[2022-02-03 17:20:56,288] {standard_task_runner.py:52} INFO - Started process 2676 to run task
[2022-02-03 17:20:56,292] {standard_task_runner.py:76} INFO - Running: ['***', 'tasks', 'run', 'yellow_taxi_gcs_dag', 'download_dataset_task', 'scheduled__2019-11-02T00:00:00+00:00', '--job-id', '78', '--raw', '--subdir', 'DAGS_FOLDER/yellow_taxi_gcs_dag.py', '--cfg-path', '/tmp/tmp5aq1j9y2', '--error-file', '/tmp/tmpx1xp1zmv']
[2022-02-03 17:20:56,293] {standard_task_runner.py:77} INFO - Job 78: Subtask download_dataset_task
[2022-02-03 17:20:56,365] {logging_mixin.py:109} INFO - Running <TaskInstance: yellow_taxi_gcs_dag.download_dataset_task scheduled__2019-11-02T00:00:00+00:00 [running]> on host 7e458922b35d
[2022-02-03 17:20:56,411] {warnings.py:110} WARNING - /home/***/.local/lib/python3.7/site-packages/***/utils/context.py:152: AirflowContextDeprecationWarning: Accessing 'execution_date' from the template is deprecated and will be removed in a future version. Please use 'data_interval_start' or 'logical_date' instead.
  warnings.warn(_create_deprecation_warning(key, self._deprecation_replacements[key]))

[2022-02-03 17:20:56,436] {taskinstance.py:1426} INFO - Exporting the following env vars:
AIRFLOW_CTX_DAG_OWNER=***
AIRFLOW_CTX_DAG_ID=yellow_taxi_gcs_dag
AIRFLOW_CTX_TASK_ID=download_dataset_task
AIRFLOW_CTX_EXECUTION_DATE=2019-11-02T00:00:00+00:00
AIRFLOW_CTX_DAG_RUN_ID=scheduled__2019-11-02T00:00:00+00:00
[2022-02-03 17:20:56,437] {subprocess.py:62} INFO - Tmp dir root location: 
 /tmp
[2022-02-03 17:20:56,438] {subprocess.py:74} INFO - Running command: ['bash', '-c', 'curl -sS https://s3.amazonaws.com/nyc-tlc/trip+data/yellow_tripdata_2019-11.csv > /opt/***/output_2019-11.csv']
[2022-02-03 17:20:56,455] {subprocess.py:85} INFO - Output:
[2022-02-03 17:23:09,889] {subprocess.py:93} INFO - Command exited with return code 0
[2022-02-03 17:23:09,930] {taskinstance.py:1277} INFO - Marking task as SUCCESS. dag_id=yellow_taxi_gcs_dag, task_id=download_dataset_task, execution_date=20191102T000000, start_date=20220203T172056, end_date=20220203T172309
[2022-02-03 17:23:09,970] {local_task_job.py:154} INFO - Task exited with return code 0
[2022-02-03 17:23:10,010] {local_task_job.py:264} INFO - 1 downstream tasks scheduled from follow-on schedule check
<<<<<<< HEAD
[2022-02-20 00:25:23,364] {taskinstance.py:1032} INFO - Dependencies all met for <TaskInstance: yellow_taxi_gcs_dag.download_dataset_task scheduled__2019-11-02T00:00:00+00:00 [queued]>
[2022-02-20 00:25:23,476] {taskinstance.py:1032} INFO - Dependencies all met for <TaskInstance: yellow_taxi_gcs_dag.download_dataset_task scheduled__2019-11-02T00:00:00+00:00 [queued]>
[2022-02-20 00:25:23,477] {taskinstance.py:1238} INFO - 
--------------------------------------------------------------------------------
[2022-02-20 00:25:23,477] {taskinstance.py:1239} INFO - Starting attempt 1 of 2
[2022-02-20 00:25:23,477] {taskinstance.py:1240} INFO - 
--------------------------------------------------------------------------------
[2022-02-20 00:25:23,551] {taskinstance.py:1259} INFO - Executing <Task(BashOperator): download_dataset_task> on 2019-11-02 00:00:00+00:00
[2022-02-20 00:25:23,570] {standard_task_runner.py:52} INFO - Started process 1991 to run task
[2022-02-20 00:25:23,597] {standard_task_runner.py:76} INFO - Running: ['***', 'tasks', 'run', 'yellow_taxi_gcs_dag', 'download_dataset_task', 'scheduled__2019-11-02T00:00:00+00:00', '--job-id', '453', '--raw', '--subdir', 'DAGS_FOLDER/yellow_taxi_gcs_dag.py', '--cfg-path', '/tmp/tmpik23wdl2', '--error-file', '/tmp/tmpz3in9j68']
[2022-02-20 00:25:23,605] {standard_task_runner.py:77} INFO - Job 453: Subtask download_dataset_task
[2022-02-20 00:25:23,826] {logging_mixin.py:109} INFO - Running <TaskInstance: yellow_taxi_gcs_dag.download_dataset_task scheduled__2019-11-02T00:00:00+00:00 [running]> on host da07aa254901
[2022-02-20 00:25:23,939] {warnings.py:110} WARNING - /home/***/.local/lib/python3.7/site-packages/***/utils/context.py:152: AirflowContextDeprecationWarning: Accessing 'execution_date' from the template is deprecated and will be removed in a future version. Please use 'data_interval_start' or 'logical_date' instead.
  warnings.warn(_create_deprecation_warning(key, self._deprecation_replacements[key]))

[2022-02-20 00:25:23,975] {taskinstance.py:1426} INFO - Exporting the following env vars:
AIRFLOW_CTX_DAG_OWNER=***
AIRFLOW_CTX_DAG_ID=yellow_taxi_gcs_dag
AIRFLOW_CTX_TASK_ID=download_dataset_task
AIRFLOW_CTX_EXECUTION_DATE=2019-11-02T00:00:00+00:00
AIRFLOW_CTX_DAG_RUN_ID=scheduled__2019-11-02T00:00:00+00:00
[2022-02-20 00:25:23,977] {subprocess.py:62} INFO - Tmp dir root location: 
 /tmp
[2022-02-20 00:25:23,978] {subprocess.py:74} INFO - Running command: ['bash', '-c', 'curl -sS https://s3.amazonaws.com/nyc-tlc/trip+data/yellow_tripdata_2019-11.csv > /opt/***/output_2019-11.csv']
[2022-02-20 00:25:23,997] {subprocess.py:85} INFO - Output:
[2022-02-20 00:27:01,720] {subprocess.py:93} INFO - Command exited with return code 0
[2022-02-20 00:27:01,789] {taskinstance.py:1277} INFO - Marking task as SUCCESS. dag_id=yellow_taxi_gcs_dag, task_id=download_dataset_task, execution_date=20191102T000000, start_date=20220220T002523, end_date=20220220T002701
[2022-02-20 00:27:01,854] {local_task_job.py:154} INFO - Task exited with return code 0
[2022-02-20 00:27:01,903] {local_task_job.py:264} INFO - 1 downstream tasks scheduled from follow-on schedule check
=======
>>>>>>> origin/master
