[2022-02-03 17:25:05,852] {taskinstance.py:1032} INFO - Dependencies all met for <TaskInstance: yellow_taxi_gcs_dag.download_dataset_task scheduled__2020-03-02T00:00:00+00:00 [queued]>
[2022-02-03 17:25:05,874] {taskinstance.py:1032} INFO - Dependencies all met for <TaskInstance: yellow_taxi_gcs_dag.download_dataset_task scheduled__2020-03-02T00:00:00+00:00 [queued]>
[2022-02-03 17:25:05,874] {taskinstance.py:1238} INFO - 
--------------------------------------------------------------------------------
[2022-02-03 17:25:05,874] {taskinstance.py:1239} INFO - Starting attempt 1 of 2
[2022-02-03 17:25:05,875] {taskinstance.py:1240} INFO - 
--------------------------------------------------------------------------------
[2022-02-03 17:25:05,896] {taskinstance.py:1259} INFO - Executing <Task(BashOperator): download_dataset_task> on 2020-03-02 00:00:00+00:00
[2022-02-03 17:25:05,905] {standard_task_runner.py:52} INFO - Started process 2938 to run task
[2022-02-03 17:25:05,915] {standard_task_runner.py:76} INFO - Running: ['***', 'tasks', 'run', 'yellow_taxi_gcs_dag', 'download_dataset_task', 'scheduled__2020-03-02T00:00:00+00:00', '--job-id', '94', '--raw', '--subdir', 'DAGS_FOLDER/yellow_taxi_gcs_dag.py', '--cfg-path', '/tmp/tmpofrffp14', '--error-file', '/tmp/tmp7oat5ee4']
[2022-02-03 17:25:05,916] {standard_task_runner.py:77} INFO - Job 94: Subtask download_dataset_task
[2022-02-03 17:25:06,032] {logging_mixin.py:109} INFO - Running <TaskInstance: yellow_taxi_gcs_dag.download_dataset_task scheduled__2020-03-02T00:00:00+00:00 [running]> on host 7e458922b35d
[2022-02-03 17:25:06,109] {warnings.py:110} WARNING - /home/***/.local/lib/python3.7/site-packages/***/utils/context.py:152: AirflowContextDeprecationWarning: Accessing 'execution_date' from the template is deprecated and will be removed in a future version. Please use 'data_interval_start' or 'logical_date' instead.
  warnings.warn(_create_deprecation_warning(key, self._deprecation_replacements[key]))

[2022-02-03 17:25:06,140] {taskinstance.py:1426} INFO - Exporting the following env vars:
AIRFLOW_CTX_DAG_OWNER=***
AIRFLOW_CTX_DAG_ID=yellow_taxi_gcs_dag
AIRFLOW_CTX_TASK_ID=download_dataset_task
AIRFLOW_CTX_EXECUTION_DATE=2020-03-02T00:00:00+00:00
AIRFLOW_CTX_DAG_RUN_ID=scheduled__2020-03-02T00:00:00+00:00
[2022-02-03 17:25:06,141] {subprocess.py:62} INFO - Tmp dir root location: 
 /tmp
[2022-02-03 17:25:06,142] {subprocess.py:74} INFO - Running command: ['bash', '-c', 'curl -sS https://s3.amazonaws.com/nyc-tlc/trip+data/yellow_tripdata_2020-03.csv > /opt/***/output_2020-03.csv']
[2022-02-03 17:25:06,160] {subprocess.py:85} INFO - Output:
[2022-02-03 17:26:21,383] {subprocess.py:93} INFO - Command exited with return code 0
[2022-02-03 17:26:21,416] {taskinstance.py:1277} INFO - Marking task as SUCCESS. dag_id=yellow_taxi_gcs_dag, task_id=download_dataset_task, execution_date=20200302T000000, start_date=20220203T172505, end_date=20220203T172621
[2022-02-03 17:26:21,478] {local_task_job.py:154} INFO - Task exited with return code 0
[2022-02-03 17:26:21,522] {local_task_job.py:264} INFO - 1 downstream tasks scheduled from follow-on schedule check
[2022-02-20 00:29:27,999] {taskinstance.py:1032} INFO - Dependencies all met for <TaskInstance: yellow_taxi_gcs_dag.download_dataset_task scheduled__2020-03-02T00:00:00+00:00 [queued]>
[2022-02-20 00:29:28,016] {taskinstance.py:1032} INFO - Dependencies all met for <TaskInstance: yellow_taxi_gcs_dag.download_dataset_task scheduled__2020-03-02T00:00:00+00:00 [queued]>
[2022-02-20 00:29:28,016] {taskinstance.py:1238} INFO - 
--------------------------------------------------------------------------------
[2022-02-20 00:29:28,017] {taskinstance.py:1239} INFO - Starting attempt 1 of 2
[2022-02-20 00:29:28,017] {taskinstance.py:1240} INFO - 
--------------------------------------------------------------------------------
[2022-02-20 00:29:28,039] {taskinstance.py:1259} INFO - Executing <Task(BashOperator): download_dataset_task> on 2020-03-02 00:00:00+00:00
[2022-02-20 00:29:28,046] {standard_task_runner.py:52} INFO - Started process 2226 to run task
[2022-02-20 00:29:28,053] {standard_task_runner.py:76} INFO - Running: ['***', 'tasks', 'run', 'yellow_taxi_gcs_dag', 'download_dataset_task', 'scheduled__2020-03-02T00:00:00+00:00', '--job-id', '470', '--raw', '--subdir', 'DAGS_FOLDER/yellow_taxi_gcs_dag.py', '--cfg-path', '/tmp/tmpme86boig', '--error-file', '/tmp/tmppcs0n0uw']
[2022-02-20 00:29:28,055] {standard_task_runner.py:77} INFO - Job 470: Subtask download_dataset_task
[2022-02-20 00:29:28,155] {logging_mixin.py:109} INFO - Running <TaskInstance: yellow_taxi_gcs_dag.download_dataset_task scheduled__2020-03-02T00:00:00+00:00 [running]> on host da07aa254901
[2022-02-20 00:29:28,260] {warnings.py:110} WARNING - /home/***/.local/lib/python3.7/site-packages/***/utils/context.py:152: AirflowContextDeprecationWarning: Accessing 'execution_date' from the template is deprecated and will be removed in a future version. Please use 'data_interval_start' or 'logical_date' instead.
  warnings.warn(_create_deprecation_warning(key, self._deprecation_replacements[key]))

[2022-02-20 00:29:28,306] {taskinstance.py:1426} INFO - Exporting the following env vars:
AIRFLOW_CTX_DAG_OWNER=***
AIRFLOW_CTX_DAG_ID=yellow_taxi_gcs_dag
AIRFLOW_CTX_TASK_ID=download_dataset_task
AIRFLOW_CTX_EXECUTION_DATE=2020-03-02T00:00:00+00:00
AIRFLOW_CTX_DAG_RUN_ID=scheduled__2020-03-02T00:00:00+00:00
[2022-02-20 00:29:28,307] {subprocess.py:62} INFO - Tmp dir root location: 
 /tmp
[2022-02-20 00:29:28,308] {subprocess.py:74} INFO - Running command: ['bash', '-c', 'curl -sS https://s3.amazonaws.com/nyc-tlc/trip+data/yellow_tripdata_2020-03.csv > /opt/***/output_2020-03.csv']
[2022-02-20 00:29:28,339] {subprocess.py:85} INFO - Output:
[2022-02-20 00:30:02,942] {subprocess.py:93} INFO - Command exited with return code 0
[2022-02-20 00:30:03,002] {taskinstance.py:1277} INFO - Marking task as SUCCESS. dag_id=yellow_taxi_gcs_dag, task_id=download_dataset_task, execution_date=20200302T000000, start_date=20220220T002928, end_date=20220220T003003
[2022-02-20 00:30:03,095] {local_task_job.py:154} INFO - Task exited with return code 0
[2022-02-20 00:30:03,137] {local_task_job.py:264} INFO - 1 downstream tasks scheduled from follow-on schedule check
