[2022-02-03 17:27:32,636] {taskinstance.py:1032} INFO - Dependencies all met for <TaskInstance: yellow_taxi_gcs_dag.download_dataset_task scheduled__2020-07-02T00:00:00+00:00 [queued]>
[2022-02-03 17:27:32,660] {taskinstance.py:1032} INFO - Dependencies all met for <TaskInstance: yellow_taxi_gcs_dag.download_dataset_task scheduled__2020-07-02T00:00:00+00:00 [queued]>
[2022-02-03 17:27:32,660] {taskinstance.py:1238} INFO - 
--------------------------------------------------------------------------------
[2022-02-03 17:27:32,660] {taskinstance.py:1239} INFO - Starting attempt 1 of 2
[2022-02-03 17:27:32,660] {taskinstance.py:1240} INFO - 
--------------------------------------------------------------------------------
[2022-02-03 17:27:32,707] {taskinstance.py:1259} INFO - Executing <Task(BashOperator): download_dataset_task> on 2020-07-02 00:00:00+00:00
[2022-02-03 17:27:32,716] {standard_task_runner.py:52} INFO - Started process 3179 to run task
[2022-02-03 17:27:32,729] {standard_task_runner.py:76} INFO - Running: ['***', 'tasks', 'run', 'yellow_taxi_gcs_dag', 'download_dataset_task', 'scheduled__2020-07-02T00:00:00+00:00', '--job-id', '116', '--raw', '--subdir', 'DAGS_FOLDER/yellow_taxi_gcs_dag.py', '--cfg-path', '/tmp/tmpi9ekcli7', '--error-file', '/tmp/tmp1p8z_u3e']
[2022-02-03 17:27:32,730] {standard_task_runner.py:77} INFO - Job 116: Subtask download_dataset_task
[2022-02-03 17:27:32,932] {logging_mixin.py:109} INFO - Running <TaskInstance: yellow_taxi_gcs_dag.download_dataset_task scheduled__2020-07-02T00:00:00+00:00 [running]> on host 7e458922b35d
[2022-02-03 17:27:33,055] {warnings.py:110} WARNING - /home/***/.local/lib/python3.7/site-packages/***/utils/context.py:152: AirflowContextDeprecationWarning: Accessing 'execution_date' from the template is deprecated and will be removed in a future version. Please use 'data_interval_start' or 'logical_date' instead.
  warnings.warn(_create_deprecation_warning(key, self._deprecation_replacements[key]))

[2022-02-03 17:27:33,092] {taskinstance.py:1426} INFO - Exporting the following env vars:
AIRFLOW_CTX_DAG_OWNER=***
AIRFLOW_CTX_DAG_ID=yellow_taxi_gcs_dag
AIRFLOW_CTX_TASK_ID=download_dataset_task
AIRFLOW_CTX_EXECUTION_DATE=2020-07-02T00:00:00+00:00
AIRFLOW_CTX_DAG_RUN_ID=scheduled__2020-07-02T00:00:00+00:00
[2022-02-03 17:27:33,105] {subprocess.py:62} INFO - Tmp dir root location: 
 /tmp
[2022-02-03 17:27:33,106] {subprocess.py:74} INFO - Running command: ['bash', '-c', 'curl -sS https://s3.amazonaws.com/nyc-tlc/trip+data/yellow_tripdata_2020-07.csv > /opt/***/output_2020-07.csv']
[2022-02-03 17:27:33,150] {subprocess.py:85} INFO - Output:
[2022-02-03 17:27:44,119] {subprocess.py:93} INFO - Command exited with return code 0
[2022-02-03 17:27:44,149] {taskinstance.py:1277} INFO - Marking task as SUCCESS. dag_id=yellow_taxi_gcs_dag, task_id=download_dataset_task, execution_date=20200702T000000, start_date=20220203T172732, end_date=20220203T172744
[2022-02-03 17:27:44,211] {local_task_job.py:154} INFO - Task exited with return code 0
[2022-02-03 17:27:44,267] {local_task_job.py:264} INFO - 1 downstream tasks scheduled from follow-on schedule check
<<<<<<< HEAD
[2022-02-20 00:30:26,415] {taskinstance.py:1032} INFO - Dependencies all met for <TaskInstance: yellow_taxi_gcs_dag.download_dataset_task scheduled__2020-07-02T00:00:00+00:00 [queued]>
[2022-02-20 00:30:26,454] {taskinstance.py:1032} INFO - Dependencies all met for <TaskInstance: yellow_taxi_gcs_dag.download_dataset_task scheduled__2020-07-02T00:00:00+00:00 [queued]>
[2022-02-20 00:30:26,454] {taskinstance.py:1238} INFO - 
--------------------------------------------------------------------------------
[2022-02-20 00:30:26,455] {taskinstance.py:1239} INFO - Starting attempt 1 of 2
[2022-02-20 00:30:26,455] {taskinstance.py:1240} INFO - 
--------------------------------------------------------------------------------
[2022-02-20 00:30:26,484] {taskinstance.py:1259} INFO - Executing <Task(BashOperator): download_dataset_task> on 2020-07-02 00:00:00+00:00
[2022-02-20 00:30:26,492] {standard_task_runner.py:52} INFO - Started process 2348 to run task
[2022-02-20 00:30:26,502] {standard_task_runner.py:76} INFO - Running: ['***', 'tasks', 'run', 'yellow_taxi_gcs_dag', 'download_dataset_task', 'scheduled__2020-07-02T00:00:00+00:00', '--job-id', '485', '--raw', '--subdir', 'DAGS_FOLDER/yellow_taxi_gcs_dag.py', '--cfg-path', '/tmp/tmpcqdm0i_8', '--error-file', '/tmp/tmpt8_wr47z']
[2022-02-20 00:30:26,504] {standard_task_runner.py:77} INFO - Job 485: Subtask download_dataset_task
[2022-02-20 00:30:26,642] {logging_mixin.py:109} INFO - Running <TaskInstance: yellow_taxi_gcs_dag.download_dataset_task scheduled__2020-07-02T00:00:00+00:00 [running]> on host da07aa254901
[2022-02-20 00:30:26,790] {warnings.py:110} WARNING - /home/***/.local/lib/python3.7/site-packages/***/utils/context.py:152: AirflowContextDeprecationWarning: Accessing 'execution_date' from the template is deprecated and will be removed in a future version. Please use 'data_interval_start' or 'logical_date' instead.
  warnings.warn(_create_deprecation_warning(key, self._deprecation_replacements[key]))

[2022-02-20 00:30:26,908] {taskinstance.py:1426} INFO - Exporting the following env vars:
AIRFLOW_CTX_DAG_OWNER=***
AIRFLOW_CTX_DAG_ID=yellow_taxi_gcs_dag
AIRFLOW_CTX_TASK_ID=download_dataset_task
AIRFLOW_CTX_EXECUTION_DATE=2020-07-02T00:00:00+00:00
AIRFLOW_CTX_DAG_RUN_ID=scheduled__2020-07-02T00:00:00+00:00
[2022-02-20 00:30:26,910] {subprocess.py:62} INFO - Tmp dir root location: 
 /tmp
[2022-02-20 00:30:26,910] {subprocess.py:74} INFO - Running command: ['bash', '-c', 'curl -sS https://s3.amazonaws.com/nyc-tlc/trip+data/yellow_tripdata_2020-07.csv > /opt/***/output_2020-07.csv']
[2022-02-20 00:30:26,948] {subprocess.py:85} INFO - Output:
[2022-02-20 00:30:37,199] {subprocess.py:93} INFO - Command exited with return code 0
[2022-02-20 00:30:37,314] {taskinstance.py:1277} INFO - Marking task as SUCCESS. dag_id=yellow_taxi_gcs_dag, task_id=download_dataset_task, execution_date=20200702T000000, start_date=20220220T003026, end_date=20220220T003037
[2022-02-20 00:30:37,372] {local_task_job.py:154} INFO - Task exited with return code 0
[2022-02-20 00:30:37,450] {local_task_job.py:264} INFO - 1 downstream tasks scheduled from follow-on schedule check
=======
>>>>>>> origin/master
