[2022-02-03 14:12:45,894] {taskinstance.py:1032} INFO - Dependencies all met for <TaskInstance: LocalIngestionDag.wget scheduled__2019-06-01T06:00:00+00:00 [queued]>
[2022-02-03 14:12:45,907] {taskinstance.py:1032} INFO - Dependencies all met for <TaskInstance: LocalIngestionDag.wget scheduled__2019-06-01T06:00:00+00:00 [queued]>
[2022-02-03 14:12:45,907] {taskinstance.py:1238} INFO - 
--------------------------------------------------------------------------------
[2022-02-03 14:12:45,907] {taskinstance.py:1239} INFO - Starting attempt 1 of 1
[2022-02-03 14:12:45,907] {taskinstance.py:1240} INFO - 
--------------------------------------------------------------------------------
[2022-02-03 14:12:45,923] {taskinstance.py:1259} INFO - Executing <Task(BashOperator): wget> on 2019-06-01 06:00:00+00:00
[2022-02-03 14:12:45,929] {standard_task_runner.py:52} INFO - Started process 733 to run task
[2022-02-03 14:12:45,932] {standard_task_runner.py:76} INFO - Running: ['***', 'tasks', 'run', 'LocalIngestionDag', 'wget', 'scheduled__2019-06-01T06:00:00+00:00', '--job-id', '116', '--raw', '--subdir', 'DAGS_FOLDER/data_ingestion_localDB_dag.py', '--cfg-path', '/tmp/tmpsj53tn4o', '--error-file', '/tmp/tmphd8lryji']
[2022-02-03 14:12:45,933] {standard_task_runner.py:77} INFO - Job 116: Subtask wget
[2022-02-03 14:12:46,020] {logging_mixin.py:109} INFO - Running <TaskInstance: LocalIngestionDag.wget scheduled__2019-06-01T06:00:00+00:00 [running]> on host cd3baa871297
[2022-02-03 14:12:46,083] {warnings.py:110} WARNING - /home/***/.local/lib/python3.7/site-packages/***/utils/context.py:152: AirflowContextDeprecationWarning: Accessing 'execution_date' from the template is deprecated and will be removed in a future version. Please use 'data_interval_start' or 'logical_date' instead.
  warnings.warn(_create_deprecation_warning(key, self._deprecation_replacements[key]))

[2022-02-03 14:12:46,106] {taskinstance.py:1426} INFO - Exporting the following env vars:
AIRFLOW_CTX_DAG_OWNER=***
AIRFLOW_CTX_DAG_ID=LocalIngestionDag
AIRFLOW_CTX_TASK_ID=wget
AIRFLOW_CTX_EXECUTION_DATE=2019-06-01T06:00:00+00:00
AIRFLOW_CTX_DAG_RUN_ID=scheduled__2019-06-01T06:00:00+00:00
[2022-02-03 14:12:46,108] {subprocess.py:62} INFO - Tmp dir root location: 
 /tmp
[2022-02-03 14:12:46,109] {subprocess.py:74} INFO - Running command: ['bash', '-c', 'echo "2019-06"']
[2022-02-03 14:12:46,122] {subprocess.py:85} INFO - Output:
[2022-02-03 14:12:46,125] {subprocess.py:89} INFO - 2019-06
[2022-02-03 14:12:46,125] {subprocess.py:93} INFO - Command exited with return code 0
[2022-02-03 14:12:46,162] {taskinstance.py:1277} INFO - Marking task as SUCCESS. dag_id=LocalIngestionDag, task_id=wget, execution_date=20190601T060000, start_date=20220203T141245, end_date=20220203T141246
[2022-02-03 14:12:46,184] {local_task_job.py:154} INFO - Task exited with return code 0
[2022-02-03 14:12:46,218] {local_task_job.py:264} INFO - 0 downstream tasks scheduled from follow-on schedule check
[2022-02-03 14:26:58,211] {taskinstance.py:1032} INFO - Dependencies all met for <TaskInstance: LocalIngestionDag.wget scheduled__2019-06-01T06:00:00+00:00 [queued]>
[2022-02-03 14:26:58,230] {taskinstance.py:1032} INFO - Dependencies all met for <TaskInstance: LocalIngestionDag.wget scheduled__2019-06-01T06:00:00+00:00 [queued]>
[2022-02-03 14:26:58,231] {taskinstance.py:1238} INFO - 
--------------------------------------------------------------------------------
[2022-02-03 14:26:58,231] {taskinstance.py:1239} INFO - Starting attempt 1 of 1
[2022-02-03 14:26:58,231] {taskinstance.py:1240} INFO - 
--------------------------------------------------------------------------------
[2022-02-03 14:26:58,262] {taskinstance.py:1259} INFO - Executing <Task(BashOperator): wget> on 2019-06-01 06:00:00+00:00
[2022-02-03 14:26:58,272] {standard_task_runner.py:52} INFO - Started process 1357 to run task
[2022-02-03 14:26:58,276] {standard_task_runner.py:76} INFO - Running: ['***', 'tasks', 'run', 'LocalIngestionDag', 'wget', 'scheduled__2019-06-01T06:00:00+00:00', '--job-id', '122', '--raw', '--subdir', 'DAGS_FOLDER/data_ingestion_localDB_dag.py', '--cfg-path', '/tmp/tmpa_6n3_r4', '--error-file', '/tmp/tmp7s1h8kgc']
[2022-02-03 14:26:58,277] {standard_task_runner.py:77} INFO - Job 122: Subtask wget
[2022-02-03 14:26:58,393] {logging_mixin.py:109} INFO - Running <TaskInstance: LocalIngestionDag.wget scheduled__2019-06-01T06:00:00+00:00 [running]> on host cd3baa871297
[2022-02-03 14:26:58,462] {warnings.py:110} WARNING - /home/***/.local/lib/python3.7/site-packages/***/utils/context.py:152: AirflowContextDeprecationWarning: Accessing 'execution_date' from the template is deprecated and will be removed in a future version. Please use 'data_interval_start' or 'logical_date' instead.
  warnings.warn(_create_deprecation_warning(key, self._deprecation_replacements[key]))

[2022-02-03 14:26:58,492] {taskinstance.py:1426} INFO - Exporting the following env vars:
AIRFLOW_CTX_DAG_OWNER=***
AIRFLOW_CTX_DAG_ID=LocalIngestionDag
AIRFLOW_CTX_TASK_ID=wget
AIRFLOW_CTX_EXECUTION_DATE=2019-06-01T06:00:00+00:00
AIRFLOW_CTX_DAG_RUN_ID=scheduled__2019-06-01T06:00:00+00:00
[2022-02-03 14:26:58,494] {subprocess.py:62} INFO - Tmp dir root location: 
 /tmp
[2022-02-03 14:26:58,495] {subprocess.py:74} INFO - Running command: ['bash', '-c', 'echo "2019-06"']
[2022-02-03 14:26:58,508] {subprocess.py:85} INFO - Output:
[2022-02-03 14:26:58,511] {subprocess.py:89} INFO - 2019-06
[2022-02-03 14:26:58,512] {subprocess.py:93} INFO - Command exited with return code 0
[2022-02-03 14:26:58,548] {taskinstance.py:1277} INFO - Marking task as SUCCESS. dag_id=LocalIngestionDag, task_id=wget, execution_date=20190601T060000, start_date=20220203T142658, end_date=20220203T142658
[2022-02-03 14:26:58,574] {local_task_job.py:154} INFO - Task exited with return code 0
[2022-02-03 14:26:58,619] {local_task_job.py:264} INFO - 0 downstream tasks scheduled from follow-on schedule check
