[2022-02-09 20:32:20,003] {taskinstance.py:1032} INFO - Dependencies all met for <TaskInstance: green_taxi_gcs_dag.delete_the_local_file scheduled__2019-04-02T00:00:00+00:00 [queued]>
[2022-02-09 20:32:20,039] {taskinstance.py:1032} INFO - Dependencies all met for <TaskInstance: green_taxi_gcs_dag.delete_the_local_file scheduled__2019-04-02T00:00:00+00:00 [queued]>
[2022-02-09 20:32:20,043] {taskinstance.py:1238} INFO - 
--------------------------------------------------------------------------------
[2022-02-09 20:32:20,044] {taskinstance.py:1239} INFO - Starting attempt 1 of 2
[2022-02-09 20:32:20,044] {taskinstance.py:1240} INFO - 
--------------------------------------------------------------------------------
[2022-02-09 20:32:20,112] {taskinstance.py:1259} INFO - Executing <Task(BashOperator): delete_the_local_file> on 2019-04-02 00:00:00+00:00
[2022-02-09 20:32:20,143] {standard_task_runner.py:52} INFO - Started process 198 to run task
[2022-02-09 20:32:20,162] {standard_task_runner.py:76} INFO - Running: ['***', 'tasks', 'run', 'green_taxi_gcs_dag', 'delete_the_local_file', 'scheduled__2019-04-02T00:00:00+00:00', '--job-id', '32', '--raw', '--subdir', 'DAGS_FOLDER/green_gcs_dag.py', '--cfg-path', '/tmp/tmpjciv9q1m', '--error-file', '/tmp/tmpzo6mizg_']
[2022-02-09 20:32:20,173] {standard_task_runner.py:77} INFO - Job 32: Subtask delete_the_local_file
[2022-02-09 20:32:20,498] {logging_mixin.py:109} INFO - Running <TaskInstance: green_taxi_gcs_dag.delete_the_local_file scheduled__2019-04-02T00:00:00+00:00 [running]> on host 4f97b6b16bdb
[2022-02-09 20:32:20,661] {warnings.py:110} WARNING - /home/***/.local/lib/python3.7/site-packages/***/utils/context.py:152: AirflowContextDeprecationWarning: Accessing 'execution_date' from the template is deprecated and will be removed in a future version. Please use 'data_interval_start' or 'logical_date' instead.
  warnings.warn(_create_deprecation_warning(key, self._deprecation_replacements[key]))

[2022-02-09 20:32:20,747] {taskinstance.py:1426} INFO - Exporting the following env vars:
AIRFLOW_CTX_DAG_OWNER=***
AIRFLOW_CTX_DAG_ID=green_taxi_gcs_dag
AIRFLOW_CTX_TASK_ID=delete_the_local_file
AIRFLOW_CTX_EXECUTION_DATE=2019-04-02T00:00:00+00:00
AIRFLOW_CTX_DAG_RUN_ID=scheduled__2019-04-02T00:00:00+00:00
[2022-02-09 20:32:20,748] {subprocess.py:62} INFO - Tmp dir root location: 
 /tmp
[2022-02-09 20:32:20,749] {subprocess.py:74} INFO - Running command: ['bash', '-c', 'rm /opt/***/output_2019-04.csv | rm /opt/***/output_2019-04.parquet']
[2022-02-09 20:32:20,820] {subprocess.py:85} INFO - Output:
[2022-02-09 20:32:20,933] {subprocess.py:93} INFO - Command exited with return code 0
[2022-02-09 20:32:21,185] {taskinstance.py:1277} INFO - Marking task as SUCCESS. dag_id=green_taxi_gcs_dag, task_id=delete_the_local_file, execution_date=20190402T000000, start_date=20220209T203220, end_date=20220209T203221
[2022-02-09 20:32:21,454] {local_task_job.py:154} INFO - Task exited with return code 0
[2022-02-09 20:32:21,649] {local_task_job.py:264} INFO - 0 downstream tasks scheduled from follow-on schedule check
[2022-02-09 20:43:19,647] {taskinstance.py:1032} INFO - Dependencies all met for <TaskInstance: green_taxi_gcs_dag.delete_the_local_file scheduled__2019-04-02T00:00:00+00:00 [queued]>
[2022-02-09 20:43:19,697] {taskinstance.py:1032} INFO - Dependencies all met for <TaskInstance: green_taxi_gcs_dag.delete_the_local_file scheduled__2019-04-02T00:00:00+00:00 [queued]>
[2022-02-09 20:43:19,698] {taskinstance.py:1238} INFO - 
--------------------------------------------------------------------------------
[2022-02-09 20:43:19,698] {taskinstance.py:1239} INFO - Starting attempt 1 of 2
[2022-02-09 20:43:19,698] {taskinstance.py:1240} INFO - 
--------------------------------------------------------------------------------
[2022-02-09 20:43:19,794] {taskinstance.py:1259} INFO - Executing <Task(BashOperator): delete_the_local_file> on 2019-04-02 00:00:00+00:00
[2022-02-09 20:43:19,806] {standard_task_runner.py:52} INFO - Started process 640 to run task
[2022-02-09 20:43:19,831] {standard_task_runner.py:76} INFO - Running: ['***', 'tasks', 'run', 'green_taxi_gcs_dag', 'delete_the_local_file', 'scheduled__2019-04-02T00:00:00+00:00', '--job-id', '132', '--raw', '--subdir', 'DAGS_FOLDER/green_gcs_dag.py', '--cfg-path', '/tmp/tmpmr07o83a', '--error-file', '/tmp/tmp5z3zfd2_']
[2022-02-09 20:43:19,833] {standard_task_runner.py:77} INFO - Job 132: Subtask delete_the_local_file
[2022-02-09 20:43:20,125] {logging_mixin.py:109} INFO - Running <TaskInstance: green_taxi_gcs_dag.delete_the_local_file scheduled__2019-04-02T00:00:00+00:00 [running]> on host 4f97b6b16bdb
[2022-02-09 20:43:20,297] {warnings.py:110} WARNING - /home/***/.local/lib/python3.7/site-packages/***/utils/context.py:152: AirflowContextDeprecationWarning: Accessing 'execution_date' from the template is deprecated and will be removed in a future version. Please use 'data_interval_start' or 'logical_date' instead.
  warnings.warn(_create_deprecation_warning(key, self._deprecation_replacements[key]))

[2022-02-09 20:43:20,396] {taskinstance.py:1426} INFO - Exporting the following env vars:
AIRFLOW_CTX_DAG_OWNER=***
AIRFLOW_CTX_DAG_ID=green_taxi_gcs_dag
AIRFLOW_CTX_TASK_ID=delete_the_local_file
AIRFLOW_CTX_EXECUTION_DATE=2019-04-02T00:00:00+00:00
AIRFLOW_CTX_DAG_RUN_ID=scheduled__2019-04-02T00:00:00+00:00
[2022-02-09 20:43:20,399] {subprocess.py:62} INFO - Tmp dir root location: 
 /tmp
[2022-02-09 20:43:20,400] {subprocess.py:74} INFO - Running command: ['bash', '-c', 'rm /opt/***/output_2019-04.csv | rm /opt/***/output_2019-04.parquet']
[2022-02-09 20:43:20,440] {subprocess.py:85} INFO - Output:
[2022-02-09 20:43:20,517] {subprocess.py:93} INFO - Command exited with return code 0
[2022-02-09 20:43:20,589] {taskinstance.py:1277} INFO - Marking task as SUCCESS. dag_id=green_taxi_gcs_dag, task_id=delete_the_local_file, execution_date=20190402T000000, start_date=20220209T204319, end_date=20220209T204320
[2022-02-09 20:43:20,674] {local_task_job.py:154} INFO - Task exited with return code 0
[2022-02-09 20:43:20,753] {local_task_job.py:264} INFO - 0 downstream tasks scheduled from follow-on schedule check
[2022-02-20 00:09:43,518] {taskinstance.py:1032} INFO - Dependencies all met for <TaskInstance: green_taxi_gcs_dag.delete_the_local_file scheduled__2019-04-02T00:00:00+00:00 [queued]>
[2022-02-20 00:09:43,535] {taskinstance.py:1032} INFO - Dependencies all met for <TaskInstance: green_taxi_gcs_dag.delete_the_local_file scheduled__2019-04-02T00:00:00+00:00 [queued]>
[2022-02-20 00:09:43,535] {taskinstance.py:1238} INFO - 
--------------------------------------------------------------------------------
[2022-02-20 00:09:43,536] {taskinstance.py:1239} INFO - Starting attempt 1 of 2
[2022-02-20 00:09:43,536] {taskinstance.py:1240} INFO - 
--------------------------------------------------------------------------------
[2022-02-20 00:09:43,553] {taskinstance.py:1259} INFO - Executing <Task(BashOperator): delete_the_local_file> on 2019-04-02 00:00:00+00:00
[2022-02-20 00:09:43,560] {standard_task_runner.py:52} INFO - Started process 1216 to run task
[2022-02-20 00:09:43,565] {standard_task_runner.py:76} INFO - Running: ['***', 'tasks', 'run', 'green_taxi_gcs_dag', 'delete_the_local_file', 'scheduled__2019-04-02T00:00:00+00:00', '--job-id', '409', '--raw', '--subdir', 'DAGS_FOLDER/green_gcs_dag.py', '--cfg-path', '/tmp/tmpl4116jfk', '--error-file', '/tmp/tmpl3l21g57']
[2022-02-20 00:09:43,566] {standard_task_runner.py:77} INFO - Job 409: Subtask delete_the_local_file
[2022-02-20 00:09:43,648] {logging_mixin.py:109} INFO - Running <TaskInstance: green_taxi_gcs_dag.delete_the_local_file scheduled__2019-04-02T00:00:00+00:00 [running]> on host da07aa254901
[2022-02-20 00:09:43,711] {warnings.py:110} WARNING - /home/***/.local/lib/python3.7/site-packages/***/utils/context.py:152: AirflowContextDeprecationWarning: Accessing 'execution_date' from the template is deprecated and will be removed in a future version. Please use 'data_interval_start' or 'logical_date' instead.
  warnings.warn(_create_deprecation_warning(key, self._deprecation_replacements[key]))

[2022-02-20 00:09:43,742] {taskinstance.py:1426} INFO - Exporting the following env vars:
AIRFLOW_CTX_DAG_OWNER=***
AIRFLOW_CTX_DAG_ID=green_taxi_gcs_dag
AIRFLOW_CTX_TASK_ID=delete_the_local_file
AIRFLOW_CTX_EXECUTION_DATE=2019-04-02T00:00:00+00:00
AIRFLOW_CTX_DAG_RUN_ID=scheduled__2019-04-02T00:00:00+00:00
[2022-02-20 00:09:43,744] {subprocess.py:62} INFO - Tmp dir root location: 
 /tmp
[2022-02-20 00:09:43,745] {subprocess.py:74} INFO - Running command: ['bash', '-c', 'rm /opt/***/output_2019-04.csv | rm /opt/***/output_2019-04.parquet']
[2022-02-20 00:09:43,773] {subprocess.py:85} INFO - Output:
[2022-02-20 00:09:43,796] {subprocess.py:93} INFO - Command exited with return code 0
[2022-02-20 00:09:43,865] {taskinstance.py:1277} INFO - Marking task as SUCCESS. dag_id=green_taxi_gcs_dag, task_id=delete_the_local_file, execution_date=20190402T000000, start_date=20220220T000943, end_date=20220220T000943
[2022-02-20 00:09:43,951] {local_task_job.py:154} INFO - Task exited with return code 0
[2022-02-20 00:09:44,146] {local_task_job.py:264} INFO - 0 downstream tasks scheduled from follow-on schedule check
[2022-02-20 01:59:39,290] {taskinstance.py:1032} INFO - Dependencies all met for <TaskInstance: green_taxi_gcs_dag.delete_the_local_file scheduled__2019-04-02T00:00:00+00:00 [queued]>
[2022-02-20 01:59:39,307] {taskinstance.py:1032} INFO - Dependencies all met for <TaskInstance: green_taxi_gcs_dag.delete_the_local_file scheduled__2019-04-02T00:00:00+00:00 [queued]>
[2022-02-20 01:59:39,307] {taskinstance.py:1238} INFO - 
--------------------------------------------------------------------------------
[2022-02-20 01:59:39,307] {taskinstance.py:1239} INFO - Starting attempt 1 of 2
[2022-02-20 01:59:39,307] {taskinstance.py:1240} INFO - 
--------------------------------------------------------------------------------
[2022-02-20 01:59:39,326] {taskinstance.py:1259} INFO - Executing <Task(BashOperator): delete_the_local_file> on 2019-04-02 00:00:00+00:00
[2022-02-20 01:59:39,334] {standard_task_runner.py:52} INFO - Started process 295 to run task
[2022-02-20 01:59:39,338] {standard_task_runner.py:76} INFO - Running: ['***', 'tasks', 'run', 'green_taxi_gcs_dag', 'delete_the_local_file', 'scheduled__2019-04-02T00:00:00+00:00', '--job-id', '530', '--raw', '--subdir', 'DAGS_FOLDER/green_gcs_dag.py', '--cfg-path', '/tmp/tmpwmd_zu52', '--error-file', '/tmp/tmpjaf8ct43']
[2022-02-20 01:59:39,340] {standard_task_runner.py:77} INFO - Job 530: Subtask delete_the_local_file
[2022-02-20 01:59:39,409] {logging_mixin.py:109} INFO - Running <TaskInstance: green_taxi_gcs_dag.delete_the_local_file scheduled__2019-04-02T00:00:00+00:00 [running]> on host 5484a3a1f7c3
[2022-02-20 01:59:39,454] {warnings.py:110} WARNING - /home/***/.local/lib/python3.7/site-packages/***/utils/context.py:152: AirflowContextDeprecationWarning: Accessing 'execution_date' from the template is deprecated and will be removed in a future version. Please use 'data_interval_start' or 'logical_date' instead.
  warnings.warn(_create_deprecation_warning(key, self._deprecation_replacements[key]))

[2022-02-20 01:59:39,475] {taskinstance.py:1426} INFO - Exporting the following env vars:
AIRFLOW_CTX_DAG_OWNER=***
AIRFLOW_CTX_DAG_ID=green_taxi_gcs_dag
AIRFLOW_CTX_TASK_ID=delete_the_local_file
AIRFLOW_CTX_EXECUTION_DATE=2019-04-02T00:00:00+00:00
AIRFLOW_CTX_DAG_RUN_ID=scheduled__2019-04-02T00:00:00+00:00
[2022-02-20 01:59:39,476] {subprocess.py:62} INFO - Tmp dir root location: 
 /tmp
[2022-02-20 01:59:39,476] {subprocess.py:74} INFO - Running command: ['bash', '-c', 'rm /opt/***/output_2019-04.csv | rm /opt/***/output_2019-04.parquet']
[2022-02-20 01:59:39,489] {subprocess.py:85} INFO - Output:
[2022-02-20 01:59:39,501] {subprocess.py:93} INFO - Command exited with return code 0
[2022-02-20 01:59:39,529] {taskinstance.py:1277} INFO - Marking task as SUCCESS. dag_id=green_taxi_gcs_dag, task_id=delete_the_local_file, execution_date=20190402T000000, start_date=20220220T015939, end_date=20220220T015939
[2022-02-20 01:59:39,590] {local_task_job.py:154} INFO - Task exited with return code 0
[2022-02-20 01:59:39,629] {local_task_job.py:264} INFO - 0 downstream tasks scheduled from follow-on schedule check
