[2022-02-03 13:45:26,672] {taskinstance.py:1032} INFO - Dependencies all met for <TaskInstance: LocalIngestionDag.wget scheduled__2019-04-02T06:00:00+00:00 [queued]>
[2022-02-03 13:45:26,817] {taskinstance.py:1032} INFO - Dependencies all met for <TaskInstance: LocalIngestionDag.wget scheduled__2019-04-02T06:00:00+00:00 [queued]>
[2022-02-03 13:45:26,817] {taskinstance.py:1238} INFO - 
--------------------------------------------------------------------------------
[2022-02-03 13:45:26,818] {taskinstance.py:1239} INFO - Starting attempt 1 of 1
[2022-02-03 13:45:26,818] {taskinstance.py:1240} INFO - 
--------------------------------------------------------------------------------
[2022-02-03 13:45:26,908] {taskinstance.py:1259} INFO - Executing <Task(BashOperator): wget> on 2019-04-02 06:00:00+00:00
[2022-02-03 13:45:26,926] {standard_task_runner.py:52} INFO - Started process 1400 to run task
[2022-02-03 13:45:26,941] {standard_task_runner.py:76} INFO - Running: ['***', 'tasks', 'run', 'LocalIngestionDag', 'wget', 'scheduled__2019-04-02T06:00:00+00:00', '--job-id', '30', '--raw', '--subdir', 'DAGS_FOLDER/data_ingestion_localDB_dag.py', '--cfg-path', '/tmp/tmpwaa9rrd6', '--error-file', '/tmp/tmpa76kezjt']
[2022-02-03 13:45:26,950] {standard_task_runner.py:77} INFO - Job 30: Subtask wget
[2022-02-03 13:45:27,147] {logging_mixin.py:109} INFO - Running <TaskInstance: LocalIngestionDag.wget scheduled__2019-04-02T06:00:00+00:00 [running]> on host 2b92176b720f
[2022-02-03 13:45:27,835] {warnings.py:110} WARNING - /home/***/.local/lib/python3.7/site-packages/***/utils/context.py:152: AirflowContextDeprecationWarning: Accessing 'execution_date' from the template is deprecated and will be removed in a future version. Please use 'data_interval_start' or 'logical_date' instead.
  warnings.warn(_create_deprecation_warning(key, self._deprecation_replacements[key]))

[2022-02-03 13:45:28,096] {taskinstance.py:1426} INFO - Exporting the following env vars:
AIRFLOW_CTX_DAG_OWNER=***
AIRFLOW_CTX_DAG_ID=LocalIngestionDag
AIRFLOW_CTX_TASK_ID=wget
AIRFLOW_CTX_EXECUTION_DATE=2019-04-02T06:00:00+00:00
AIRFLOW_CTX_DAG_RUN_ID=scheduled__2019-04-02T06:00:00+00:00
[2022-02-03 13:45:28,098] {subprocess.py:62} INFO - Tmp dir root location: 
 /tmp
[2022-02-03 13:45:28,107] {subprocess.py:74} INFO - Running command: ['bash', '-c', 'echo "2019-m%"']
[2022-02-03 13:45:28,214] {subprocess.py:85} INFO - Output:
[2022-02-03 13:45:28,337] {subprocess.py:89} INFO - 2019-m%
[2022-02-03 13:45:28,360] {subprocess.py:93} INFO - Command exited with return code 0
[2022-02-03 13:45:28,544] {taskinstance.py:1277} INFO - Marking task as SUCCESS. dag_id=LocalIngestionDag, task_id=wget, execution_date=20190402T060000, start_date=20220203T134526, end_date=20220203T134528
[2022-02-03 13:45:28,679] {local_task_job.py:154} INFO - Task exited with return code 0
[2022-02-03 13:45:29,045] {local_task_job.py:264} INFO - 0 downstream tasks scheduled from follow-on schedule check
[2022-02-03 13:53:59,110] {taskinstance.py:1032} INFO - Dependencies all met for <TaskInstance: LocalIngestionDag.wget scheduled__2019-04-02T06:00:00+00:00 [queued]>
[2022-02-03 13:53:59,128] {taskinstance.py:1032} INFO - Dependencies all met for <TaskInstance: LocalIngestionDag.wget scheduled__2019-04-02T06:00:00+00:00 [queued]>
[2022-02-03 13:53:59,129] {taskinstance.py:1238} INFO - 
--------------------------------------------------------------------------------
[2022-02-03 13:53:59,129] {taskinstance.py:1239} INFO - Starting attempt 1 of 1
[2022-02-03 13:53:59,129] {taskinstance.py:1240} INFO - 
--------------------------------------------------------------------------------
[2022-02-03 13:53:59,150] {taskinstance.py:1259} INFO - Executing <Task(BashOperator): wget> on 2019-04-02 06:00:00+00:00
[2022-02-03 13:53:59,157] {standard_task_runner.py:52} INFO - Started process 1860 to run task
[2022-02-03 13:53:59,171] {standard_task_runner.py:76} INFO - Running: ['***', 'tasks', 'run', 'LocalIngestionDag', 'wget', 'scheduled__2019-04-02T06:00:00+00:00', '--job-id', '70', '--raw', '--subdir', 'DAGS_FOLDER/data_ingestion_localDB_dag.py', '--cfg-path', '/tmp/tmpqma9pwb3', '--error-file', '/tmp/tmpetw7frpc']
[2022-02-03 13:53:59,172] {standard_task_runner.py:77} INFO - Job 70: Subtask wget
[2022-02-03 13:53:59,303] {logging_mixin.py:109} INFO - Running <TaskInstance: LocalIngestionDag.wget scheduled__2019-04-02T06:00:00+00:00 [running]> on host 2b92176b720f
[2022-02-03 13:53:59,369] {warnings.py:110} WARNING - /home/***/.local/lib/python3.7/site-packages/***/utils/context.py:152: AirflowContextDeprecationWarning: Accessing 'execution_date' from the template is deprecated and will be removed in a future version. Please use 'data_interval_start' or 'logical_date' instead.
  warnings.warn(_create_deprecation_warning(key, self._deprecation_replacements[key]))

[2022-02-03 13:53:59,427] {taskinstance.py:1426} INFO - Exporting the following env vars:
AIRFLOW_CTX_DAG_OWNER=***
AIRFLOW_CTX_DAG_ID=LocalIngestionDag
AIRFLOW_CTX_TASK_ID=wget
AIRFLOW_CTX_EXECUTION_DATE=2019-04-02T06:00:00+00:00
AIRFLOW_CTX_DAG_RUN_ID=scheduled__2019-04-02T06:00:00+00:00
[2022-02-03 13:53:59,428] {subprocess.py:62} INFO - Tmp dir root location: 
 /tmp
[2022-02-03 13:53:59,429] {subprocess.py:74} INFO - Running command: ['bash', '-c', 'echo "2019-04"']
[2022-02-03 13:53:59,447] {subprocess.py:85} INFO - Output:
[2022-02-03 13:53:59,452] {subprocess.py:89} INFO - 2019-04
[2022-02-03 13:53:59,453] {subprocess.py:93} INFO - Command exited with return code 0
[2022-02-03 13:53:59,508] {taskinstance.py:1277} INFO - Marking task as SUCCESS. dag_id=LocalIngestionDag, task_id=wget, execution_date=20190402T060000, start_date=20220203T135359, end_date=20220203T135359
[2022-02-03 13:53:59,539] {local_task_job.py:154} INFO - Task exited with return code 0
[2022-02-03 13:53:59,584] {local_task_job.py:264} INFO - 0 downstream tasks scheduled from follow-on schedule check
