[2022-02-03 18:13:32,926] {taskinstance.py:1032} INFO - Dependencies all met for <TaskInstance: zones_gcs_dag.delete_the_local_file manual__2022-02-03T18:13:19.664951+00:00 [queued]>
[2022-02-03 18:13:32,964] {taskinstance.py:1032} INFO - Dependencies all met for <TaskInstance: zones_gcs_dag.delete_the_local_file manual__2022-02-03T18:13:19.664951+00:00 [queued]>
[2022-02-03 18:13:32,965] {taskinstance.py:1238} INFO - 
--------------------------------------------------------------------------------
[2022-02-03 18:13:32,965] {taskinstance.py:1239} INFO - Starting attempt 1 of 2
[2022-02-03 18:13:32,966] {taskinstance.py:1240} INFO - 
--------------------------------------------------------------------------------
[2022-02-03 18:13:32,992] {taskinstance.py:1259} INFO - Executing <Task(BashOperator): delete_the_local_file> on 2022-02-03 18:13:19.664951+00:00
[2022-02-03 18:13:33,000] {standard_task_runner.py:52} INFO - Started process 823 to run task
[2022-02-03 18:13:33,008] {standard_task_runner.py:76} INFO - Running: ['***', 'tasks', 'run', 'zones_gcs_dag', 'delete_the_local_file', 'manual__2022-02-03T18:13:19.664951+00:00', '--job-id', '151', '--raw', '--subdir', 'DAGS_FOLDER/zones_gcs_dag.py', '--cfg-path', '/tmp/tmp34dty8he', '--error-file', '/tmp/tmpx41wxmgh']
[2022-02-03 18:13:33,009] {standard_task_runner.py:77} INFO - Job 151: Subtask delete_the_local_file
[2022-02-03 18:13:33,119] {logging_mixin.py:109} INFO - Running <TaskInstance: zones_gcs_dag.delete_the_local_file manual__2022-02-03T18:13:19.664951+00:00 [running]> on host bd2f56b76e32
[2022-02-03 18:13:33,244] {taskinstance.py:1426} INFO - Exporting the following env vars:
AIRFLOW_CTX_DAG_OWNER=***
AIRFLOW_CTX_DAG_ID=zones_gcs_dag
AIRFLOW_CTX_TASK_ID=delete_the_local_file
AIRFLOW_CTX_EXECUTION_DATE=2022-02-03T18:13:19.664951+00:00
AIRFLOW_CTX_DAG_RUN_ID=manual__2022-02-03T18:13:19.664951+00:00
[2022-02-03 18:13:33,246] {subprocess.py:62} INFO - Tmp dir root location: 
 /tmp
[2022-02-03 18:13:33,248] {subprocess.py:74} INFO - Running command: ['bash', '-c', 'rm /opt/***/output_zones.csv | rm /opt/***/output_zones.parquet']
[2022-02-03 18:13:33,268] {subprocess.py:85} INFO - Output:
[2022-02-03 18:13:33,284] {subprocess.py:93} INFO - Command exited with return code 0
[2022-02-03 18:13:33,358] {taskinstance.py:1277} INFO - Marking task as SUCCESS. dag_id=zones_gcs_dag, task_id=delete_the_local_file, execution_date=20220203T181319, start_date=20220203T181332, end_date=20220203T181333
[2022-02-03 18:13:33,461] {local_task_job.py:154} INFO - Task exited with return code 0
[2022-02-03 18:13:33,611] {local_task_job.py:264} INFO - 0 downstream tasks scheduled from follow-on schedule check
