[2022-02-01 05:01:32,301] {taskinstance.py:1032} INFO - Dependencies all met for <TaskInstance: yellow_taxi_gcs_dag.format_to_parquet_task manual__2022-02-01T04:53:50.602413+00:00 [queued]>
[2022-02-01 05:01:32,351] {taskinstance.py:1032} INFO - Dependencies all met for <TaskInstance: yellow_taxi_gcs_dag.format_to_parquet_task manual__2022-02-01T04:53:50.602413+00:00 [queued]>
[2022-02-01 05:01:32,368] {taskinstance.py:1238} INFO - 
--------------------------------------------------------------------------------
[2022-02-01 05:01:32,369] {taskinstance.py:1239} INFO - Starting attempt 1 of 2
[2022-02-01 05:01:32,369] {taskinstance.py:1240} INFO - 
--------------------------------------------------------------------------------
[2022-02-01 05:01:32,432] {taskinstance.py:1259} INFO - Executing <Task(PythonOperator): format_to_parquet_task> on 2022-02-01 04:53:50.602413+00:00
[2022-02-01 05:01:32,444] {standard_task_runner.py:52} INFO - Started process 526 to run task
[2022-02-01 05:01:32,463] {standard_task_runner.py:76} INFO - Running: ['***', 'tasks', 'run', 'yellow_taxi_gcs_dag', 'format_to_parquet_task', 'manual__2022-02-01T04:53:50.602413+00:00', '--job-id', '8', '--raw', '--subdir', 'DAGS_FOLDER/yellow_taxi_gcs_dag.py', '--cfg-path', '/tmp/tmpom1k9qgi', '--error-file', '/tmp/tmpw0e7uqfv']
[2022-02-01 05:01:32,467] {standard_task_runner.py:77} INFO - Job 8: Subtask format_to_parquet_task
[2022-02-01 05:01:32,632] {logging_mixin.py:109} INFO - Running <TaskInstance: yellow_taxi_gcs_dag.format_to_parquet_task manual__2022-02-01T04:53:50.602413+00:00 [running]> on host 2ab0b752b16c
[2022-02-01 05:01:32,819] {taskinstance.py:1426} INFO - Exporting the following env vars:
AIRFLOW_CTX_DAG_OWNER=***
AIRFLOW_CTX_DAG_ID=yellow_taxi_gcs_dag
AIRFLOW_CTX_TASK_ID=format_to_parquet_task
AIRFLOW_CTX_EXECUTION_DATE=2022-02-01T04:53:50.602413+00:00
AIRFLOW_CTX_DAG_RUN_ID=manual__2022-02-01T04:53:50.602413+00:00
[2022-02-01 05:05:12,339] {python.py:175} INFO - Done. Returned value was: None
[2022-02-01 05:05:12,421] {taskinstance.py:1277} INFO - Marking task as SUCCESS. dag_id=yellow_taxi_gcs_dag, task_id=format_to_parquet_task, execution_date=20220201T045350, start_date=20220201T050132, end_date=20220201T050512
[2022-02-01 05:05:13,326] {local_task_job.py:154} INFO - Task exited with return code 0
[2022-02-01 05:05:13,493] {local_task_job.py:264} INFO - 0 downstream tasks scheduled from follow-on schedule check
