[2022-02-03 17:28:08,590] {taskinstance.py:1032} INFO - Dependencies all met for <TaskInstance: yellow_taxi_gcs_dag.delete_the_local_file scheduled__2020-08-02T00:00:00+00:00 [queued]>
[2022-02-03 17:28:08,608] {taskinstance.py:1032} INFO - Dependencies all met for <TaskInstance: yellow_taxi_gcs_dag.delete_the_local_file scheduled__2020-08-02T00:00:00+00:00 [queued]>
[2022-02-03 17:28:08,608] {taskinstance.py:1238} INFO - 
--------------------------------------------------------------------------------
[2022-02-03 17:28:08,608] {taskinstance.py:1239} INFO - Starting attempt 1 of 2
[2022-02-03 17:28:08,608] {taskinstance.py:1240} INFO - 
--------------------------------------------------------------------------------
[2022-02-03 17:28:08,626] {taskinstance.py:1259} INFO - Executing <Task(BashOperator): delete_the_local_file> on 2020-08-02 00:00:00+00:00
[2022-02-03 17:28:08,633] {standard_task_runner.py:52} INFO - Started process 3247 to run task
[2022-02-03 17:28:08,637] {standard_task_runner.py:76} INFO - Running: ['***', 'tasks', 'run', 'yellow_taxi_gcs_dag', 'delete_the_local_file', 'scheduled__2020-08-02T00:00:00+00:00', '--job-id', '125', '--raw', '--subdir', 'DAGS_FOLDER/yellow_taxi_gcs_dag.py', '--cfg-path', '/tmp/tmp08jzeogu', '--error-file', '/tmp/tmpkszpdl8y']
[2022-02-03 17:28:08,638] {standard_task_runner.py:77} INFO - Job 125: Subtask delete_the_local_file
[2022-02-03 17:28:08,710] {logging_mixin.py:109} INFO - Running <TaskInstance: yellow_taxi_gcs_dag.delete_the_local_file scheduled__2020-08-02T00:00:00+00:00 [running]> on host 7e458922b35d
[2022-02-03 17:28:08,763] {warnings.py:110} WARNING - /home/***/.local/lib/python3.7/site-packages/***/utils/context.py:152: AirflowContextDeprecationWarning: Accessing 'execution_date' from the template is deprecated and will be removed in a future version. Please use 'data_interval_start' or 'logical_date' instead.
  warnings.warn(_create_deprecation_warning(key, self._deprecation_replacements[key]))

[2022-02-03 17:28:08,788] {taskinstance.py:1426} INFO - Exporting the following env vars:
AIRFLOW_CTX_DAG_OWNER=***
AIRFLOW_CTX_DAG_ID=yellow_taxi_gcs_dag
AIRFLOW_CTX_TASK_ID=delete_the_local_file
AIRFLOW_CTX_EXECUTION_DATE=2020-08-02T00:00:00+00:00
AIRFLOW_CTX_DAG_RUN_ID=scheduled__2020-08-02T00:00:00+00:00
[2022-02-03 17:28:08,789] {subprocess.py:62} INFO - Tmp dir root location: 
 /tmp
[2022-02-03 17:28:08,790] {subprocess.py:74} INFO - Running command: ['bash', '-c', 'rm /opt/***/output_2020-08.csv | rm /opt/***/output_2020-08.parquet']
[2022-02-03 17:28:08,807] {subprocess.py:85} INFO - Output:
[2022-02-03 17:28:08,828] {subprocess.py:93} INFO - Command exited with return code 0
[2022-02-03 17:28:08,863] {taskinstance.py:1277} INFO - Marking task as SUCCESS. dag_id=yellow_taxi_gcs_dag, task_id=delete_the_local_file, execution_date=20200802T000000, start_date=20220203T172808, end_date=20220203T172808
[2022-02-03 17:28:08,901] {local_task_job.py:154} INFO - Task exited with return code 0
[2022-02-03 17:28:08,938] {local_task_job.py:264} INFO - 0 downstream tasks scheduled from follow-on schedule check
