[2022-02-03 17:27:21,234] {taskinstance.py:1032} INFO - Dependencies all met for <TaskInstance: yellow_taxi_gcs_dag.format_to_parquet_task scheduled__2020-06-02T00:00:00+00:00 [queued]>
[2022-02-03 17:27:21,251] {taskinstance.py:1032} INFO - Dependencies all met for <TaskInstance: yellow_taxi_gcs_dag.format_to_parquet_task scheduled__2020-06-02T00:00:00+00:00 [queued]>
[2022-02-03 17:27:21,252] {taskinstance.py:1238} INFO - 
--------------------------------------------------------------------------------
[2022-02-03 17:27:21,252] {taskinstance.py:1239} INFO - Starting attempt 1 of 2
[2022-02-03 17:27:21,252] {taskinstance.py:1240} INFO - 
--------------------------------------------------------------------------------
[2022-02-03 17:27:21,282] {taskinstance.py:1259} INFO - Executing <Task(PythonOperator): format_to_parquet_task> on 2020-06-02 00:00:00+00:00
[2022-02-03 17:27:21,289] {standard_task_runner.py:52} INFO - Started process 3135 to run task
[2022-02-03 17:27:21,297] {standard_task_runner.py:76} INFO - Running: ['***', 'tasks', 'run', 'yellow_taxi_gcs_dag', 'format_to_parquet_task', 'scheduled__2020-06-02T00:00:00+00:00', '--job-id', '111', '--raw', '--subdir', 'DAGS_FOLDER/yellow_taxi_gcs_dag.py', '--cfg-path', '/tmp/tmpk0_ej602', '--error-file', '/tmp/tmpytflz2ce']
[2022-02-03 17:27:21,298] {standard_task_runner.py:77} INFO - Job 111: Subtask format_to_parquet_task
[2022-02-03 17:27:21,422] {logging_mixin.py:109} INFO - Running <TaskInstance: yellow_taxi_gcs_dag.format_to_parquet_task scheduled__2020-06-02T00:00:00+00:00 [running]> on host 7e458922b35d
[2022-02-03 17:27:21,546] {warnings.py:110} WARNING - /home/***/.local/lib/python3.7/site-packages/***/utils/context.py:152: AirflowContextDeprecationWarning: Accessing 'execution_date' from the template is deprecated and will be removed in a future version. Please use 'data_interval_start' or 'logical_date' instead.
  warnings.warn(_create_deprecation_warning(key, self._deprecation_replacements[key]))

[2022-02-03 17:27:21,603] {taskinstance.py:1426} INFO - Exporting the following env vars:
AIRFLOW_CTX_DAG_OWNER=***
AIRFLOW_CTX_DAG_ID=yellow_taxi_gcs_dag
AIRFLOW_CTX_TASK_ID=format_to_parquet_task
AIRFLOW_CTX_EXECUTION_DATE=2020-06-02T00:00:00+00:00
AIRFLOW_CTX_DAG_RUN_ID=scheduled__2020-06-02T00:00:00+00:00
[2022-02-03 17:27:23,624] {python.py:175} INFO - Done. Returned value was: None
[2022-02-03 17:27:23,636] {taskinstance.py:1277} INFO - Marking task as SUCCESS. dag_id=yellow_taxi_gcs_dag, task_id=format_to_parquet_task, execution_date=20200602T000000, start_date=20220203T172721, end_date=20220203T172723
[2022-02-03 17:27:23,691] {local_task_job.py:154} INFO - Task exited with return code 0
[2022-02-03 17:27:23,759] {local_task_job.py:264} INFO - 1 downstream tasks scheduled from follow-on schedule check
<<<<<<< HEAD
[2022-02-20 00:30:31,622] {taskinstance.py:1032} INFO - Dependencies all met for <TaskInstance: yellow_taxi_gcs_dag.format_to_parquet_task scheduled__2020-06-02T00:00:00+00:00 [queued]>
[2022-02-20 00:30:31,638] {taskinstance.py:1032} INFO - Dependencies all met for <TaskInstance: yellow_taxi_gcs_dag.format_to_parquet_task scheduled__2020-06-02T00:00:00+00:00 [queued]>
[2022-02-20 00:30:31,638] {taskinstance.py:1238} INFO - 
--------------------------------------------------------------------------------
[2022-02-20 00:30:31,639] {taskinstance.py:1239} INFO - Starting attempt 1 of 2
[2022-02-20 00:30:31,639] {taskinstance.py:1240} INFO - 
--------------------------------------------------------------------------------
[2022-02-20 00:30:31,659] {taskinstance.py:1259} INFO - Executing <Task(PythonOperator): format_to_parquet_task> on 2020-06-02 00:00:00+00:00
[2022-02-20 00:30:31,666] {standard_task_runner.py:52} INFO - Started process 2358 to run task
[2022-02-20 00:30:31,671] {standard_task_runner.py:76} INFO - Running: ['***', 'tasks', 'run', 'yellow_taxi_gcs_dag', 'format_to_parquet_task', 'scheduled__2020-06-02T00:00:00+00:00', '--job-id', '487', '--raw', '--subdir', 'DAGS_FOLDER/yellow_taxi_gcs_dag.py', '--cfg-path', '/tmp/tmpa9srltww', '--error-file', '/tmp/tmp_0kafyi2']
[2022-02-20 00:30:31,673] {standard_task_runner.py:77} INFO - Job 487: Subtask format_to_parquet_task
[2022-02-20 00:30:31,763] {logging_mixin.py:109} INFO - Running <TaskInstance: yellow_taxi_gcs_dag.format_to_parquet_task scheduled__2020-06-02T00:00:00+00:00 [running]> on host da07aa254901
[2022-02-20 00:30:31,831] {warnings.py:110} WARNING - /home/***/.local/lib/python3.7/site-packages/***/utils/context.py:152: AirflowContextDeprecationWarning: Accessing 'execution_date' from the template is deprecated and will be removed in a future version. Please use 'data_interval_start' or 'logical_date' instead.
  warnings.warn(_create_deprecation_warning(key, self._deprecation_replacements[key]))

[2022-02-20 00:30:31,862] {taskinstance.py:1426} INFO - Exporting the following env vars:
AIRFLOW_CTX_DAG_OWNER=***
AIRFLOW_CTX_DAG_ID=yellow_taxi_gcs_dag
AIRFLOW_CTX_TASK_ID=format_to_parquet_task
AIRFLOW_CTX_EXECUTION_DATE=2020-06-02T00:00:00+00:00
AIRFLOW_CTX_DAG_RUN_ID=scheduled__2020-06-02T00:00:00+00:00
[2022-02-20 00:30:32,830] {python.py:175} INFO - Done. Returned value was: None
[2022-02-20 00:30:32,847] {taskinstance.py:1277} INFO - Marking task as SUCCESS. dag_id=yellow_taxi_gcs_dag, task_id=format_to_parquet_task, execution_date=20200602T000000, start_date=20220220T003031, end_date=20220220T003032
[2022-02-20 00:30:32,936] {local_task_job.py:154} INFO - Task exited with return code 0
[2022-02-20 00:30:32,990] {local_task_job.py:264} INFO - 1 downstream tasks scheduled from follow-on schedule check
=======
>>>>>>> origin/master
