[2022-01-29 19:36:06,149] {taskinstance.py:1032} INFO - Dependencies all met for <TaskInstance: data_ingestion_gcs_dag.format_to_parquet_task manual__2022-01-29T19:30:38.682081+00:00 [queued]>
[2022-01-29 19:36:06,162] {taskinstance.py:1032} INFO - Dependencies all met for <TaskInstance: data_ingestion_gcs_dag.format_to_parquet_task manual__2022-01-29T19:30:38.682081+00:00 [queued]>
[2022-01-29 19:36:06,162] {taskinstance.py:1238} INFO - 
--------------------------------------------------------------------------------
[2022-01-29 19:36:06,162] {taskinstance.py:1239} INFO - Starting attempt 1 of 2
[2022-01-29 19:36:06,162] {taskinstance.py:1240} INFO - 
--------------------------------------------------------------------------------
[2022-01-29 19:36:06,182] {taskinstance.py:1259} INFO - Executing <Task(PythonOperator): format_to_parquet_task> on 2022-01-29 19:30:38.682081+00:00
[2022-01-29 19:36:06,191] {standard_task_runner.py:52} INFO - Started process 1620 to run task
[2022-01-29 19:36:06,195] {standard_task_runner.py:76} INFO - Running: ['***', 'tasks', 'run', 'data_ingestion_gcs_dag', 'format_to_parquet_task', 'manual__2022-01-29T19:30:38.682081+00:00', '--job-id', '13', '--raw', '--subdir', 'DAGS_FOLDER/data_ingestion_gcs_dag.py', '--cfg-path', '/tmp/tmp4czifq1m', '--error-file', '/tmp/tmpehtirkn2']
[2022-01-29 19:36:06,196] {standard_task_runner.py:77} INFO - Job 13: Subtask format_to_parquet_task
[2022-01-29 19:36:06,257] {logging_mixin.py:109} INFO - Running <TaskInstance: data_ingestion_gcs_dag.format_to_parquet_task manual__2022-01-29T19:30:38.682081+00:00 [running]> on host 14e08c7aab25
[2022-01-29 19:36:06,324] {taskinstance.py:1426} INFO - Exporting the following env vars:
AIRFLOW_CTX_DAG_OWNER=***
AIRFLOW_CTX_DAG_ID=data_ingestion_gcs_dag
AIRFLOW_CTX_TASK_ID=format_to_parquet_task
AIRFLOW_CTX_EXECUTION_DATE=2022-01-29T19:30:38.682081+00:00
AIRFLOW_CTX_DAG_RUN_ID=manual__2022-01-29T19:30:38.682081+00:00
[2022-01-29 19:36:09,896] {python.py:175} INFO - Done. Returned value was: None
[2022-01-29 19:36:09,939] {taskinstance.py:1277} INFO - Marking task as SUCCESS. dag_id=data_ingestion_gcs_dag, task_id=format_to_parquet_task, execution_date=20220129T193038, start_date=20220129T193606, end_date=20220129T193609
[2022-01-29 19:36:10,053] {local_task_job.py:154} INFO - Task exited with return code 0
[2022-01-29 19:36:10,108] {local_task_job.py:264} INFO - 1 downstream tasks scheduled from follow-on schedule check
