[2022-02-03 17:20:50,038] {taskinstance.py:1032} INFO - Dependencies all met for <TaskInstance: yellow_taxi_gcs_dag.delete_the_local_file scheduled__2019-07-02T00:00:00+00:00 [queued]>
[2022-02-03 17:20:50,054] {taskinstance.py:1032} INFO - Dependencies all met for <TaskInstance: yellow_taxi_gcs_dag.delete_the_local_file scheduled__2019-07-02T00:00:00+00:00 [queued]>
[2022-02-03 17:20:50,054] {taskinstance.py:1238} INFO - 
--------------------------------------------------------------------------------
[2022-02-03 17:20:50,054] {taskinstance.py:1239} INFO - Starting attempt 1 of 2
[2022-02-03 17:20:50,054] {taskinstance.py:1240} INFO - 
--------------------------------------------------------------------------------
[2022-02-03 17:20:50,089] {taskinstance.py:1259} INFO - Executing <Task(BashOperator): delete_the_local_file> on 2019-07-02 00:00:00+00:00
[2022-02-03 17:20:50,096] {standard_task_runner.py:52} INFO - Started process 2656 to run task
[2022-02-03 17:20:50,100] {standard_task_runner.py:76} INFO - Running: ['***', 'tasks', 'run', 'yellow_taxi_gcs_dag', 'delete_the_local_file', 'scheduled__2019-07-02T00:00:00+00:00', '--job-id', '76', '--raw', '--subdir', 'DAGS_FOLDER/yellow_taxi_gcs_dag.py', '--cfg-path', '/tmp/tmp6dlmwm9f', '--error-file', '/tmp/tmp823lm23u']
[2022-02-03 17:20:50,101] {standard_task_runner.py:77} INFO - Job 76: Subtask delete_the_local_file
[2022-02-03 17:20:50,184] {logging_mixin.py:109} INFO - Running <TaskInstance: yellow_taxi_gcs_dag.delete_the_local_file scheduled__2019-07-02T00:00:00+00:00 [running]> on host 7e458922b35d
[2022-02-03 17:20:50,246] {warnings.py:110} WARNING - /home/***/.local/lib/python3.7/site-packages/***/utils/context.py:152: AirflowContextDeprecationWarning: Accessing 'execution_date' from the template is deprecated and will be removed in a future version. Please use 'data_interval_start' or 'logical_date' instead.
  warnings.warn(_create_deprecation_warning(key, self._deprecation_replacements[key]))

[2022-02-03 17:20:50,273] {taskinstance.py:1426} INFO - Exporting the following env vars:
AIRFLOW_CTX_DAG_OWNER=***
AIRFLOW_CTX_DAG_ID=yellow_taxi_gcs_dag
AIRFLOW_CTX_TASK_ID=delete_the_local_file
AIRFLOW_CTX_EXECUTION_DATE=2019-07-02T00:00:00+00:00
AIRFLOW_CTX_DAG_RUN_ID=scheduled__2019-07-02T00:00:00+00:00
[2022-02-03 17:20:50,274] {subprocess.py:62} INFO - Tmp dir root location: 
 /tmp
[2022-02-03 17:20:50,275] {subprocess.py:74} INFO - Running command: ['bash', '-c', 'rm /opt/***/output_2019-07.csv | rm /opt/***/output_2019-07.parquet']
[2022-02-03 17:20:50,288] {subprocess.py:85} INFO - Output:
[2022-02-03 17:20:50,382] {subprocess.py:93} INFO - Command exited with return code 0
[2022-02-03 17:20:50,408] {taskinstance.py:1277} INFO - Marking task as SUCCESS. dag_id=yellow_taxi_gcs_dag, task_id=delete_the_local_file, execution_date=20190702T000000, start_date=20220203T172050, end_date=20220203T172050
[2022-02-03 17:20:50,432] {local_task_job.py:154} INFO - Task exited with return code 0
[2022-02-03 17:20:50,498] {local_task_job.py:264} INFO - 0 downstream tasks scheduled from follow-on schedule check
<<<<<<< HEAD
[2022-02-20 00:22:31,805] {taskinstance.py:1032} INFO - Dependencies all met for <TaskInstance: yellow_taxi_gcs_dag.delete_the_local_file scheduled__2019-07-02T00:00:00+00:00 [queued]>
[2022-02-20 00:22:31,821] {taskinstance.py:1032} INFO - Dependencies all met for <TaskInstance: yellow_taxi_gcs_dag.delete_the_local_file scheduled__2019-07-02T00:00:00+00:00 [queued]>
[2022-02-20 00:22:31,821] {taskinstance.py:1238} INFO - 
--------------------------------------------------------------------------------
[2022-02-20 00:22:31,821] {taskinstance.py:1239} INFO - Starting attempt 1 of 2
[2022-02-20 00:22:31,821] {taskinstance.py:1240} INFO - 
--------------------------------------------------------------------------------
[2022-02-20 00:22:31,840] {taskinstance.py:1259} INFO - Executing <Task(BashOperator): delete_the_local_file> on 2019-07-02 00:00:00+00:00
[2022-02-20 00:22:31,848] {standard_task_runner.py:52} INFO - Started process 1845 to run task
[2022-02-20 00:22:31,854] {standard_task_runner.py:76} INFO - Running: ['***', 'tasks', 'run', 'yellow_taxi_gcs_dag', 'delete_the_local_file', 'scheduled__2019-07-02T00:00:00+00:00', '--job-id', '445', '--raw', '--subdir', 'DAGS_FOLDER/yellow_taxi_gcs_dag.py', '--cfg-path', '/tmp/tmpefvw2_nx', '--error-file', '/tmp/tmpf9537a3b']
[2022-02-20 00:22:31,856] {standard_task_runner.py:77} INFO - Job 445: Subtask delete_the_local_file
[2022-02-20 00:22:31,932] {logging_mixin.py:109} INFO - Running <TaskInstance: yellow_taxi_gcs_dag.delete_the_local_file scheduled__2019-07-02T00:00:00+00:00 [running]> on host da07aa254901
[2022-02-20 00:22:31,986] {warnings.py:110} WARNING - /home/***/.local/lib/python3.7/site-packages/***/utils/context.py:152: AirflowContextDeprecationWarning: Accessing 'execution_date' from the template is deprecated and will be removed in a future version. Please use 'data_interval_start' or 'logical_date' instead.
  warnings.warn(_create_deprecation_warning(key, self._deprecation_replacements[key]))

[2022-02-20 00:22:32,008] {taskinstance.py:1426} INFO - Exporting the following env vars:
AIRFLOW_CTX_DAG_OWNER=***
AIRFLOW_CTX_DAG_ID=yellow_taxi_gcs_dag
AIRFLOW_CTX_TASK_ID=delete_the_local_file
AIRFLOW_CTX_EXECUTION_DATE=2019-07-02T00:00:00+00:00
AIRFLOW_CTX_DAG_RUN_ID=scheduled__2019-07-02T00:00:00+00:00
[2022-02-20 00:22:32,010] {subprocess.py:62} INFO - Tmp dir root location: 
 /tmp
[2022-02-20 00:22:32,011] {subprocess.py:74} INFO - Running command: ['bash', '-c', 'rm /opt/***/output_2019-07.csv | rm /opt/***/output_2019-07.parquet']
[2022-02-20 00:22:32,024] {subprocess.py:85} INFO - Output:
[2022-02-20 00:22:32,078] {subprocess.py:93} INFO - Command exited with return code 0
[2022-02-20 00:22:32,148] {taskinstance.py:1277} INFO - Marking task as SUCCESS. dag_id=yellow_taxi_gcs_dag, task_id=delete_the_local_file, execution_date=20190702T000000, start_date=20220220T002231, end_date=20220220T002232
[2022-02-20 00:22:32,190] {local_task_job.py:154} INFO - Task exited with return code 0
[2022-02-20 00:22:32,237] {local_task_job.py:264} INFO - 0 downstream tasks scheduled from follow-on schedule check
=======
>>>>>>> origin/master
