[2022-02-09 20:23:17,468] {taskinstance.py:1032} INFO - Dependencies all met for <TaskInstance: green_taxi_gcs_dag.download_dataset_task scheduled__2019-02-02T00:00:00+00:00 [queued]>
[2022-02-09 20:23:17,511] {taskinstance.py:1032} INFO - Dependencies all met for <TaskInstance: green_taxi_gcs_dag.download_dataset_task scheduled__2019-02-02T00:00:00+00:00 [queued]>
[2022-02-09 20:23:17,512] {taskinstance.py:1238} INFO - 
--------------------------------------------------------------------------------
[2022-02-09 20:23:17,514] {taskinstance.py:1239} INFO - Starting attempt 1 of 2
[2022-02-09 20:23:17,514] {taskinstance.py:1240} INFO - 
--------------------------------------------------------------------------------
[2022-02-09 20:23:17,553] {taskinstance.py:1259} INFO - Executing <Task(BashOperator): download_dataset_task> on 2019-02-02 00:00:00+00:00
[2022-02-09 20:23:17,566] {standard_task_runner.py:52} INFO - Started process 133 to run task
[2022-02-09 20:23:17,606] {standard_task_runner.py:76} INFO - Running: ['***', 'tasks', 'run', 'green_taxi_gcs_dag', 'download_dataset_task', 'scheduled__2019-02-02T00:00:00+00:00', '--job-id', '3', '--raw', '--subdir', 'DAGS_FOLDER/green_gcs_dag.py', '--cfg-path', '/tmp/tmpsknhvm7r', '--error-file', '/tmp/tmpzfpngw0a']
[2022-02-09 20:23:17,625] {standard_task_runner.py:77} INFO - Job 3: Subtask download_dataset_task
[2022-02-09 20:23:17,974] {logging_mixin.py:109} INFO - Running <TaskInstance: green_taxi_gcs_dag.download_dataset_task scheduled__2019-02-02T00:00:00+00:00 [running]> on host c9ca302aeee6
[2022-02-09 20:23:18,319] {warnings.py:110} WARNING - /home/***/.local/lib/python3.7/site-packages/***/utils/context.py:152: AirflowContextDeprecationWarning: Accessing 'execution_date' from the template is deprecated and will be removed in a future version. Please use 'data_interval_start' or 'logical_date' instead.
  warnings.warn(_create_deprecation_warning(key, self._deprecation_replacements[key]))

[2022-02-09 20:23:18,436] {taskinstance.py:1426} INFO - Exporting the following env vars:
AIRFLOW_CTX_DAG_OWNER=***
AIRFLOW_CTX_DAG_ID=green_taxi_gcs_dag
AIRFLOW_CTX_TASK_ID=download_dataset_task
AIRFLOW_CTX_EXECUTION_DATE=2019-02-02T00:00:00+00:00
AIRFLOW_CTX_DAG_RUN_ID=scheduled__2019-02-02T00:00:00+00:00
[2022-02-09 20:23:18,437] {subprocess.py:62} INFO - Tmp dir root location: 
 /tmp
[2022-02-09 20:23:18,438] {subprocess.py:74} INFO - Running command: ['bash', '-c', 'curl -sS https://s3.amazonaws.com/nyc-tlc/trip+data/green_tripdata_2019-02.csv > /opt/***/output_2019-02.csv']
[2022-02-09 20:23:18,642] {subprocess.py:85} INFO - Output:
[2022-02-09 20:23:49,547] {subprocess.py:93} INFO - Command exited with return code 0
[2022-02-09 20:23:49,646] {taskinstance.py:1277} INFO - Marking task as SUCCESS. dag_id=green_taxi_gcs_dag, task_id=download_dataset_task, execution_date=20190202T000000, start_date=20220209T202317, end_date=20220209T202349
[2022-02-09 20:23:49,780] {local_task_job.py:154} INFO - Task exited with return code 0
[2022-02-09 20:23:49,967] {local_task_job.py:264} INFO - 1 downstream tasks scheduled from follow-on schedule check
[2022-02-09 20:42:12,579] {taskinstance.py:1032} INFO - Dependencies all met for <TaskInstance: green_taxi_gcs_dag.download_dataset_task scheduled__2019-02-02T00:00:00+00:00 [queued]>
[2022-02-09 20:42:12,617] {taskinstance.py:1032} INFO - Dependencies all met for <TaskInstance: green_taxi_gcs_dag.download_dataset_task scheduled__2019-02-02T00:00:00+00:00 [queued]>
[2022-02-09 20:42:12,617] {taskinstance.py:1238} INFO - 
--------------------------------------------------------------------------------
[2022-02-09 20:42:12,617] {taskinstance.py:1239} INFO - Starting attempt 1 of 2
[2022-02-09 20:42:12,618] {taskinstance.py:1240} INFO - 
--------------------------------------------------------------------------------
[2022-02-09 20:42:12,648] {taskinstance.py:1259} INFO - Executing <Task(BashOperator): download_dataset_task> on 2019-02-02 00:00:00+00:00
[2022-02-09 20:42:12,660] {standard_task_runner.py:52} INFO - Started process 533 to run task
[2022-02-09 20:42:12,675] {standard_task_runner.py:76} INFO - Running: ['***', 'tasks', 'run', 'green_taxi_gcs_dag', 'download_dataset_task', 'scheduled__2019-02-02T00:00:00+00:00', '--job-id', '118', '--raw', '--subdir', 'DAGS_FOLDER/green_gcs_dag.py', '--cfg-path', '/tmp/tmpv7_vk5oo', '--error-file', '/tmp/tmpkfdr1vav']
[2022-02-09 20:42:12,676] {standard_task_runner.py:77} INFO - Job 118: Subtask download_dataset_task
[2022-02-09 20:42:12,884] {logging_mixin.py:109} INFO - Running <TaskInstance: green_taxi_gcs_dag.download_dataset_task scheduled__2019-02-02T00:00:00+00:00 [running]> on host 4f97b6b16bdb
[2022-02-09 20:42:13,063] {warnings.py:110} WARNING - /home/***/.local/lib/python3.7/site-packages/***/utils/context.py:152: AirflowContextDeprecationWarning: Accessing 'execution_date' from the template is deprecated and will be removed in a future version. Please use 'data_interval_start' or 'logical_date' instead.
  warnings.warn(_create_deprecation_warning(key, self._deprecation_replacements[key]))

[2022-02-09 20:42:13,157] {taskinstance.py:1426} INFO - Exporting the following env vars:
AIRFLOW_CTX_DAG_OWNER=***
AIRFLOW_CTX_DAG_ID=green_taxi_gcs_dag
AIRFLOW_CTX_TASK_ID=download_dataset_task
AIRFLOW_CTX_EXECUTION_DATE=2019-02-02T00:00:00+00:00
AIRFLOW_CTX_DAG_RUN_ID=scheduled__2019-02-02T00:00:00+00:00
[2022-02-09 20:42:13,158] {subprocess.py:62} INFO - Tmp dir root location: 
 /tmp
[2022-02-09 20:42:13,159] {subprocess.py:74} INFO - Running command: ['bash', '-c', 'curl -sS https://s3.amazonaws.com/nyc-tlc/trip+data/green_tripdata_2019-02.csv > /opt/***/output_2019-02.csv']
[2022-02-09 20:42:13,219] {subprocess.py:85} INFO - Output:
[2022-02-09 20:42:25,134] {subprocess.py:93} INFO - Command exited with return code 0
[2022-02-09 20:42:25,296] {taskinstance.py:1277} INFO - Marking task as SUCCESS. dag_id=green_taxi_gcs_dag, task_id=download_dataset_task, execution_date=20190202T000000, start_date=20220209T204212, end_date=20220209T204225
[2022-02-09 20:42:25,396] {local_task_job.py:154} INFO - Task exited with return code 0
[2022-02-09 20:42:25,513] {local_task_job.py:264} INFO - 1 downstream tasks scheduled from follow-on schedule check
[2022-02-20 00:00:15,188] {taskinstance.py:1032} INFO - Dependencies all met for <TaskInstance: green_taxi_gcs_dag.download_dataset_task scheduled__2019-02-02T00:00:00+00:00 [queued]>
[2022-02-20 00:00:15,227] {taskinstance.py:1032} INFO - Dependencies all met for <TaskInstance: green_taxi_gcs_dag.download_dataset_task scheduled__2019-02-02T00:00:00+00:00 [queued]>
[2022-02-20 00:00:15,227] {taskinstance.py:1238} INFO - 
--------------------------------------------------------------------------------
[2022-02-20 00:00:15,227] {taskinstance.py:1239} INFO - Starting attempt 1 of 2
[2022-02-20 00:00:15,227] {taskinstance.py:1240} INFO - 
--------------------------------------------------------------------------------
[2022-02-20 00:00:15,260] {taskinstance.py:1259} INFO - Executing <Task(BashOperator): download_dataset_task> on 2019-02-02 00:00:00+00:00
[2022-02-20 00:00:15,269] {standard_task_runner.py:52} INFO - Started process 300 to run task
[2022-02-20 00:00:15,277] {standard_task_runner.py:76} INFO - Running: ['***', 'tasks', 'run', 'green_taxi_gcs_dag', 'download_dataset_task', 'scheduled__2019-02-02T00:00:00+00:00', '--job-id', '310', '--raw', '--subdir', 'DAGS_FOLDER/green_gcs_dag.py', '--cfg-path', '/tmp/tmpum1e11k0', '--error-file', '/tmp/tmp7mx0ryel']
[2022-02-20 00:00:15,285] {standard_task_runner.py:77} INFO - Job 310: Subtask download_dataset_task
[2022-02-20 00:00:15,512] {logging_mixin.py:109} INFO - Running <TaskInstance: green_taxi_gcs_dag.download_dataset_task scheduled__2019-02-02T00:00:00+00:00 [running]> on host da07aa254901
[2022-02-20 00:00:15,564] {warnings.py:110} WARNING - /home/***/.local/lib/python3.7/site-packages/***/utils/context.py:152: AirflowContextDeprecationWarning: Accessing 'execution_date' from the template is deprecated and will be removed in a future version. Please use 'data_interval_start' or 'logical_date' instead.
  warnings.warn(_create_deprecation_warning(key, self._deprecation_replacements[key]))

[2022-02-20 00:00:15,607] {taskinstance.py:1426} INFO - Exporting the following env vars:
AIRFLOW_CTX_DAG_OWNER=***
AIRFLOW_CTX_DAG_ID=green_taxi_gcs_dag
AIRFLOW_CTX_TASK_ID=download_dataset_task
AIRFLOW_CTX_EXECUTION_DATE=2019-02-02T00:00:00+00:00
AIRFLOW_CTX_DAG_RUN_ID=scheduled__2019-02-02T00:00:00+00:00
[2022-02-20 00:00:15,609] {subprocess.py:62} INFO - Tmp dir root location: 
 /tmp
[2022-02-20 00:00:15,610] {subprocess.py:74} INFO - Running command: ['bash', '-c', 'curl -sS https://s3.amazonaws.com/nyc-tlc/trip+data/green_tripdata_2019-02.csv > /opt/***/output_2019-02.csv']
[2022-02-20 00:00:15,632] {subprocess.py:85} INFO - Output:
[2022-02-20 00:00:53,088] {subprocess.py:93} INFO - Command exited with return code 0
[2022-02-20 00:00:53,119] {taskinstance.py:1277} INFO - Marking task as SUCCESS. dag_id=green_taxi_gcs_dag, task_id=download_dataset_task, execution_date=20190202T000000, start_date=20220220T000015, end_date=20220220T000053
[2022-02-20 00:00:53,183] {local_task_job.py:154} INFO - Task exited with return code 0
[2022-02-20 00:00:53,235] {local_task_job.py:264} INFO - 1 downstream tasks scheduled from follow-on schedule check
[2022-02-20 01:58:51,158] {taskinstance.py:1032} INFO - Dependencies all met for <TaskInstance: green_taxi_gcs_dag.download_dataset_task scheduled__2019-02-02T00:00:00+00:00 [queued]>
[2022-02-20 01:58:51,176] {taskinstance.py:1032} INFO - Dependencies all met for <TaskInstance: green_taxi_gcs_dag.download_dataset_task scheduled__2019-02-02T00:00:00+00:00 [queued]>
[2022-02-20 01:58:51,177] {taskinstance.py:1238} INFO - 
--------------------------------------------------------------------------------
[2022-02-20 01:58:51,177] {taskinstance.py:1239} INFO - Starting attempt 1 of 2
[2022-02-20 01:58:51,177] {taskinstance.py:1240} INFO - 
--------------------------------------------------------------------------------
[2022-02-20 01:58:51,196] {taskinstance.py:1259} INFO - Executing <Task(BashOperator): download_dataset_task> on 2019-02-02 00:00:00+00:00
[2022-02-20 01:58:51,203] {standard_task_runner.py:52} INFO - Started process 180 to run task
[2022-02-20 01:58:51,208] {standard_task_runner.py:76} INFO - Running: ['***', 'tasks', 'run', 'green_taxi_gcs_dag', 'download_dataset_task', 'scheduled__2019-02-02T00:00:00+00:00', '--job-id', '515', '--raw', '--subdir', 'DAGS_FOLDER/green_gcs_dag.py', '--cfg-path', '/tmp/tmp1oitq9l1', '--error-file', '/tmp/tmp8kh89it4']
[2022-02-20 01:58:51,209] {standard_task_runner.py:77} INFO - Job 515: Subtask download_dataset_task
[2022-02-20 01:58:51,388] {logging_mixin.py:109} INFO - Running <TaskInstance: green_taxi_gcs_dag.download_dataset_task scheduled__2019-02-02T00:00:00+00:00 [running]> on host 5484a3a1f7c3
[2022-02-20 01:58:51,538] {warnings.py:110} WARNING - /home/***/.local/lib/python3.7/site-packages/***/utils/context.py:152: AirflowContextDeprecationWarning: Accessing 'execution_date' from the template is deprecated and will be removed in a future version. Please use 'data_interval_start' or 'logical_date' instead.
  warnings.warn(_create_deprecation_warning(key, self._deprecation_replacements[key]))

[2022-02-20 01:58:51,633] {taskinstance.py:1426} INFO - Exporting the following env vars:
AIRFLOW_CTX_DAG_OWNER=***
AIRFLOW_CTX_DAG_ID=green_taxi_gcs_dag
AIRFLOW_CTX_TASK_ID=download_dataset_task
AIRFLOW_CTX_EXECUTION_DATE=2019-02-02T00:00:00+00:00
AIRFLOW_CTX_DAG_RUN_ID=scheduled__2019-02-02T00:00:00+00:00
[2022-02-20 01:58:51,634] {subprocess.py:62} INFO - Tmp dir root location: 
 /tmp
[2022-02-20 01:58:51,635] {subprocess.py:74} INFO - Running command: ['bash', '-c', 'curl -sS https://s3.amazonaws.com/nyc-tlc/trip+data/green_tripdata_2019-02.csv > /opt/***/output_2019-02.csv']
[2022-02-20 01:58:51,655] {subprocess.py:85} INFO - Output:
[2022-02-20 01:59:04,247] {subprocess.py:93} INFO - Command exited with return code 0
[2022-02-20 01:59:04,348] {taskinstance.py:1277} INFO - Marking task as SUCCESS. dag_id=green_taxi_gcs_dag, task_id=download_dataset_task, execution_date=20190202T000000, start_date=20220220T015851, end_date=20220220T015904
[2022-02-20 01:59:04,476] {local_task_job.py:154} INFO - Task exited with return code 0
[2022-02-20 01:59:04,576] {local_task_job.py:264} INFO - 1 downstream tasks scheduled from follow-on schedule check
[2022-02-23 20:10:52,981] {taskinstance.py:1032} INFO - Dependencies all met for <TaskInstance: green_taxi_gcs_dag.download_dataset_task scheduled__2019-02-02T00:00:00+00:00 [queued]>
[2022-02-23 20:10:53,031] {taskinstance.py:1032} INFO - Dependencies all met for <TaskInstance: green_taxi_gcs_dag.download_dataset_task scheduled__2019-02-02T00:00:00+00:00 [queued]>
[2022-02-23 20:10:53,031] {taskinstance.py:1238} INFO - 
--------------------------------------------------------------------------------
[2022-02-23 20:10:53,032] {taskinstance.py:1239} INFO - Starting attempt 1 of 2
[2022-02-23 20:10:53,033] {taskinstance.py:1240} INFO - 
--------------------------------------------------------------------------------
[2022-02-23 20:10:53,061] {taskinstance.py:1259} INFO - Executing <Task(BashOperator): download_dataset_task> on 2019-02-02 00:00:00+00:00
[2022-02-23 20:10:53,070] {standard_task_runner.py:52} INFO - Started process 446 to run task
[2022-02-23 20:10:53,083] {standard_task_runner.py:76} INFO - Running: ['***', 'tasks', 'run', 'green_taxi_gcs_dag', 'download_dataset_task', 'scheduled__2019-02-02T00:00:00+00:00', '--job-id', '17', '--raw', '--subdir', 'DAGS_FOLDER/green_gcs_dag.py', '--cfg-path', '/tmp/tmpeq5qvdjh', '--error-file', '/tmp/tmpqtkbc3i5']
[2022-02-23 20:10:53,090] {standard_task_runner.py:77} INFO - Job 17: Subtask download_dataset_task
[2022-02-23 20:10:53,341] {logging_mixin.py:109} INFO - Running <TaskInstance: green_taxi_gcs_dag.download_dataset_task scheduled__2019-02-02T00:00:00+00:00 [running]> on host 1bb54b80b2ee
[2022-02-23 20:10:53,495] {warnings.py:110} WARNING - /home/***/.local/lib/python3.7/site-packages/***/utils/context.py:152: AirflowContextDeprecationWarning: Accessing 'execution_date' from the template is deprecated and will be removed in a future version. Please use 'data_interval_start' or 'logical_date' instead.
  warnings.warn(_create_deprecation_warning(key, self._deprecation_replacements[key]))

[2022-02-23 20:10:53,552] {taskinstance.py:1426} INFO - Exporting the following env vars:
AIRFLOW_CTX_DAG_OWNER=***
AIRFLOW_CTX_DAG_ID=green_taxi_gcs_dag
AIRFLOW_CTX_TASK_ID=download_dataset_task
AIRFLOW_CTX_EXECUTION_DATE=2019-02-02T00:00:00+00:00
AIRFLOW_CTX_DAG_RUN_ID=scheduled__2019-02-02T00:00:00+00:00
[2022-02-23 20:10:53,554] {subprocess.py:62} INFO - Tmp dir root location: 
 /tmp
[2022-02-23 20:10:53,555] {subprocess.py:74} INFO - Running command: ['bash', '-c', 'curl -sS https://s3.amazonaws.com/nyc-tlc/trip+data/green_tripdata_2019-02.csv > /opt/***/output_2019-02.csv']
[2022-02-23 20:10:53,766] {subprocess.py:85} INFO - Output:
[2022-02-23 20:11:21,697] {subprocess.py:93} INFO - Command exited with return code 0
[2022-02-23 20:11:21,738] {taskinstance.py:1277} INFO - Marking task as SUCCESS. dag_id=green_taxi_gcs_dag, task_id=download_dataset_task, execution_date=20190202T000000, start_date=20220223T201052, end_date=20220223T201121
[2022-02-23 20:11:21,801] {local_task_job.py:154} INFO - Task exited with return code 0
[2022-02-23 20:11:21,861] {local_task_job.py:264} INFO - 1 downstream tasks scheduled from follow-on schedule check
