[2022-02-09 20:32:27,642] {taskinstance.py:1032} INFO - Dependencies all met for <TaskInstance: green_taxi_gcs_dag.download_dataset_task scheduled__2019-02-02T00:00:00+00:00 [queued]>
[2022-02-09 20:32:27,741] {taskinstance.py:1032} INFO - Dependencies all met for <TaskInstance: green_taxi_gcs_dag.download_dataset_task scheduled__2019-02-02T00:00:00+00:00 [queued]>
[2022-02-09 20:32:27,742] {taskinstance.py:1238} INFO - 
--------------------------------------------------------------------------------
[2022-02-09 20:32:27,742] {taskinstance.py:1239} INFO - Starting attempt 3 of 4
[2022-02-09 20:32:27,742] {taskinstance.py:1240} INFO - 
--------------------------------------------------------------------------------
[2022-02-09 20:32:27,842] {taskinstance.py:1259} INFO - Executing <Task(BashOperator): download_dataset_task> on 2019-02-02 00:00:00+00:00
[2022-02-09 20:32:27,852] {standard_task_runner.py:52} INFO - Started process 212 to run task
[2022-02-09 20:32:27,862] {standard_task_runner.py:76} INFO - Running: ['***', 'tasks', 'run', 'green_taxi_gcs_dag', 'download_dataset_task', 'scheduled__2019-02-02T00:00:00+00:00', '--job-id', '35', '--raw', '--subdir', 'DAGS_FOLDER/green_gcs_dag.py', '--cfg-path', '/tmp/tmpxqu2whx0', '--error-file', '/tmp/tmp_v8mnrdi']
[2022-02-09 20:32:27,869] {standard_task_runner.py:77} INFO - Job 35: Subtask download_dataset_task
[2022-02-09 20:32:28,120] {logging_mixin.py:109} INFO - Running <TaskInstance: green_taxi_gcs_dag.download_dataset_task scheduled__2019-02-02T00:00:00+00:00 [running]> on host 4f97b6b16bdb
[2022-02-09 20:32:28,290] {warnings.py:110} WARNING - /home/***/.local/lib/python3.7/site-packages/***/utils/context.py:152: AirflowContextDeprecationWarning: Accessing 'execution_date' from the template is deprecated and will be removed in a future version. Please use 'data_interval_start' or 'logical_date' instead.
  warnings.warn(_create_deprecation_warning(key, self._deprecation_replacements[key]))

[2022-02-09 20:32:28,383] {taskinstance.py:1426} INFO - Exporting the following env vars:
AIRFLOW_CTX_DAG_OWNER=***
AIRFLOW_CTX_DAG_ID=green_taxi_gcs_dag
AIRFLOW_CTX_TASK_ID=download_dataset_task
AIRFLOW_CTX_EXECUTION_DATE=2019-02-02T00:00:00+00:00
AIRFLOW_CTX_DAG_RUN_ID=scheduled__2019-02-02T00:00:00+00:00
[2022-02-09 20:32:28,385] {subprocess.py:62} INFO - Tmp dir root location: 
 /tmp
[2022-02-09 20:32:28,393] {subprocess.py:74} INFO - Running command: ['bash', '-c', 'curl -sS https://s3.amazonaws.com/nyc-tlc/trip+data/green_tripdata_2019-02.csv > /opt/***/output_2019-02.csv']
[2022-02-09 20:32:28,442] {subprocess.py:85} INFO - Output:
[2022-02-09 20:32:40,584] {subprocess.py:93} INFO - Command exited with return code 0
[2022-02-09 20:32:40,747] {taskinstance.py:1277} INFO - Marking task as SUCCESS. dag_id=green_taxi_gcs_dag, task_id=download_dataset_task, execution_date=20190202T000000, start_date=20220209T203227, end_date=20220209T203240
[2022-02-09 20:32:40,940] {local_task_job.py:154} INFO - Task exited with return code 0
[2022-02-09 20:32:41,150] {local_task_job.py:264} INFO - 1 downstream tasks scheduled from follow-on schedule check
