[2022-02-09 20:38:03,025] {taskinstance.py:1032} INFO - Dependencies all met for <TaskInstance: green_taxi_gcs_dag.download_dataset_task scheduled__2020-08-02T00:00:00+00:00 [queued]>
[2022-02-09 20:38:03,074] {taskinstance.py:1032} INFO - Dependencies all met for <TaskInstance: green_taxi_gcs_dag.download_dataset_task scheduled__2020-08-02T00:00:00+00:00 [queued]>
[2022-02-09 20:38:03,075] {taskinstance.py:1238} INFO - 
--------------------------------------------------------------------------------
[2022-02-09 20:38:03,075] {taskinstance.py:1239} INFO - Starting attempt 1 of 2
[2022-02-09 20:38:03,075] {taskinstance.py:1240} INFO - 
--------------------------------------------------------------------------------
[2022-02-09 20:38:03,121] {taskinstance.py:1259} INFO - Executing <Task(BashOperator): download_dataset_task> on 2020-08-02 00:00:00+00:00
[2022-02-09 20:38:03,129] {standard_task_runner.py:52} INFO - Started process 268 to run task
[2022-02-09 20:38:03,134] {standard_task_runner.py:76} INFO - Running: ['***', 'tasks', 'run', 'green_taxi_gcs_dag', 'download_dataset_task', 'scheduled__2020-08-02T00:00:00+00:00', '--job-id', '96', '--raw', '--subdir', 'DAGS_FOLDER/green_gcs_dag.py', '--cfg-path', '/tmp/tmp0d5txz46', '--error-file', '/tmp/tmptuhifz5c']
[2022-02-09 20:38:03,140] {standard_task_runner.py:77} INFO - Job 96: Subtask download_dataset_task
[2022-02-09 20:38:03,342] {logging_mixin.py:109} INFO - Running <TaskInstance: green_taxi_gcs_dag.download_dataset_task scheduled__2020-08-02T00:00:00+00:00 [running]> on host 4f97b6b16bdb
[2022-02-09 20:38:03,477] {warnings.py:110} WARNING - /home/***/.local/lib/python3.7/site-packages/***/utils/context.py:152: AirflowContextDeprecationWarning: Accessing 'execution_date' from the template is deprecated and will be removed in a future version. Please use 'data_interval_start' or 'logical_date' instead.
  warnings.warn(_create_deprecation_warning(key, self._deprecation_replacements[key]))

[2022-02-09 20:38:03,551] {taskinstance.py:1426} INFO - Exporting the following env vars:
AIRFLOW_CTX_DAG_OWNER=***
AIRFLOW_CTX_DAG_ID=green_taxi_gcs_dag
AIRFLOW_CTX_TASK_ID=download_dataset_task
AIRFLOW_CTX_EXECUTION_DATE=2020-08-02T00:00:00+00:00
AIRFLOW_CTX_DAG_RUN_ID=scheduled__2020-08-02T00:00:00+00:00
[2022-02-09 20:38:03,557] {subprocess.py:62} INFO - Tmp dir root location: 
 /tmp
[2022-02-09 20:38:03,557] {subprocess.py:74} INFO - Running command: ['bash', '-c', 'curl -sS https://s3.amazonaws.com/nyc-tlc/trip+data/green_tripdata_2020-08.csv > /opt/***/output_2020-08.csv']
[2022-02-09 20:38:03,598] {subprocess.py:85} INFO - Output:
[2022-02-09 20:38:05,246] {subprocess.py:93} INFO - Command exited with return code 0
[2022-02-09 20:38:05,313] {taskinstance.py:1277} INFO - Marking task as SUCCESS. dag_id=green_taxi_gcs_dag, task_id=download_dataset_task, execution_date=20200802T000000, start_date=20220209T203803, end_date=20220209T203805
[2022-02-09 20:38:05,387] {local_task_job.py:154} INFO - Task exited with return code 0
[2022-02-09 20:38:05,507] {local_task_job.py:264} INFO - 1 downstream tasks scheduled from follow-on schedule check
[2022-02-09 20:47:57,815] {taskinstance.py:1032} INFO - Dependencies all met for <TaskInstance: green_taxi_gcs_dag.download_dataset_task scheduled__2020-08-02T00:00:00+00:00 [queued]>
[2022-02-09 20:47:57,846] {taskinstance.py:1032} INFO - Dependencies all met for <TaskInstance: green_taxi_gcs_dag.download_dataset_task scheduled__2020-08-02T00:00:00+00:00 [queued]>
[2022-02-09 20:47:57,846] {taskinstance.py:1238} INFO - 
--------------------------------------------------------------------------------
[2022-02-09 20:47:57,846] {taskinstance.py:1239} INFO - Starting attempt 1 of 2
[2022-02-09 20:47:57,846] {taskinstance.py:1240} INFO - 
--------------------------------------------------------------------------------
[2022-02-09 20:47:57,884] {taskinstance.py:1259} INFO - Executing <Task(BashOperator): download_dataset_task> on 2020-08-02 00:00:00+00:00
[2022-02-09 20:47:57,897] {standard_task_runner.py:52} INFO - Started process 1096 to run task
[2022-02-09 20:47:57,908] {standard_task_runner.py:76} INFO - Running: ['***', 'tasks', 'run', 'green_taxi_gcs_dag', 'download_dataset_task', 'scheduled__2020-08-02T00:00:00+00:00', '--job-id', '187', '--raw', '--subdir', 'DAGS_FOLDER/green_gcs_dag.py', '--cfg-path', '/tmp/tmpw6du8n4g', '--error-file', '/tmp/tmpyhwjnc55']
[2022-02-09 20:47:57,910] {standard_task_runner.py:77} INFO - Job 187: Subtask download_dataset_task
[2022-02-09 20:47:58,031] {logging_mixin.py:109} INFO - Running <TaskInstance: green_taxi_gcs_dag.download_dataset_task scheduled__2020-08-02T00:00:00+00:00 [running]> on host 4f97b6b16bdb
[2022-02-09 20:47:58,128] {warnings.py:110} WARNING - /home/***/.local/lib/python3.7/site-packages/***/utils/context.py:152: AirflowContextDeprecationWarning: Accessing 'execution_date' from the template is deprecated and will be removed in a future version. Please use 'data_interval_start' or 'logical_date' instead.
  warnings.warn(_create_deprecation_warning(key, self._deprecation_replacements[key]))

[2022-02-09 20:47:58,170] {taskinstance.py:1426} INFO - Exporting the following env vars:
AIRFLOW_CTX_DAG_OWNER=***
AIRFLOW_CTX_DAG_ID=green_taxi_gcs_dag
AIRFLOW_CTX_TASK_ID=download_dataset_task
AIRFLOW_CTX_EXECUTION_DATE=2020-08-02T00:00:00+00:00
AIRFLOW_CTX_DAG_RUN_ID=scheduled__2020-08-02T00:00:00+00:00
[2022-02-09 20:47:58,172] {subprocess.py:62} INFO - Tmp dir root location: 
 /tmp
[2022-02-09 20:47:58,173] {subprocess.py:74} INFO - Running command: ['bash', '-c', 'curl -sS https://s3.amazonaws.com/nyc-tlc/trip+data/green_tripdata_2020-08.csv > /opt/***/output_2020-08.csv']
[2022-02-09 20:47:58,197] {subprocess.py:85} INFO - Output:
[2022-02-09 20:48:04,071] {subprocess.py:93} INFO - Command exited with return code 0
[2022-02-09 20:48:04,195] {taskinstance.py:1277} INFO - Marking task as SUCCESS. dag_id=green_taxi_gcs_dag, task_id=download_dataset_task, execution_date=20200802T000000, start_date=20220209T204757, end_date=20220209T204804
[2022-02-09 20:48:04,393] {local_task_job.py:154} INFO - Task exited with return code 0
[2022-02-09 20:48:04,609] {local_task_job.py:264} INFO - 1 downstream tasks scheduled from follow-on schedule check
[2022-02-20 00:08:21,975] {taskinstance.py:1032} INFO - Dependencies all met for <TaskInstance: green_taxi_gcs_dag.download_dataset_task scheduled__2020-08-02T00:00:00+00:00 [queued]>
[2022-02-20 00:08:21,989] {taskinstance.py:1032} INFO - Dependencies all met for <TaskInstance: green_taxi_gcs_dag.download_dataset_task scheduled__2020-08-02T00:00:00+00:00 [queued]>
[2022-02-20 00:08:21,990] {taskinstance.py:1238} INFO - 
--------------------------------------------------------------------------------
[2022-02-20 00:08:21,990] {taskinstance.py:1239} INFO - Starting attempt 1 of 2
[2022-02-20 00:08:21,990] {taskinstance.py:1240} INFO - 
--------------------------------------------------------------------------------
[2022-02-20 00:08:22,008] {taskinstance.py:1259} INFO - Executing <Task(BashOperator): download_dataset_task> on 2020-08-02 00:00:00+00:00
[2022-02-20 00:08:22,015] {standard_task_runner.py:52} INFO - Started process 1037 to run task
[2022-02-20 00:08:22,020] {standard_task_runner.py:76} INFO - Running: ['***', 'tasks', 'run', 'green_taxi_gcs_dag', 'download_dataset_task', 'scheduled__2020-08-02T00:00:00+00:00', '--job-id', '384', '--raw', '--subdir', 'DAGS_FOLDER/green_gcs_dag.py', '--cfg-path', '/tmp/tmp963mo0_5', '--error-file', '/tmp/tmpxlfqrwaa']
[2022-02-20 00:08:22,021] {standard_task_runner.py:77} INFO - Job 384: Subtask download_dataset_task
[2022-02-20 00:08:22,084] {logging_mixin.py:109} INFO - Running <TaskInstance: green_taxi_gcs_dag.download_dataset_task scheduled__2020-08-02T00:00:00+00:00 [running]> on host da07aa254901
[2022-02-20 00:08:22,139] {warnings.py:110} WARNING - /home/***/.local/lib/python3.7/site-packages/***/utils/context.py:152: AirflowContextDeprecationWarning: Accessing 'execution_date' from the template is deprecated and will be removed in a future version. Please use 'data_interval_start' or 'logical_date' instead.
  warnings.warn(_create_deprecation_warning(key, self._deprecation_replacements[key]))

[2022-02-20 00:08:22,160] {taskinstance.py:1426} INFO - Exporting the following env vars:
AIRFLOW_CTX_DAG_OWNER=***
AIRFLOW_CTX_DAG_ID=green_taxi_gcs_dag
AIRFLOW_CTX_TASK_ID=download_dataset_task
AIRFLOW_CTX_EXECUTION_DATE=2020-08-02T00:00:00+00:00
AIRFLOW_CTX_DAG_RUN_ID=scheduled__2020-08-02T00:00:00+00:00
[2022-02-20 00:08:22,161] {subprocess.py:62} INFO - Tmp dir root location: 
 /tmp
[2022-02-20 00:08:22,162] {subprocess.py:74} INFO - Running command: ['bash', '-c', 'curl -sS https://s3.amazonaws.com/nyc-tlc/trip+data/green_tripdata_2020-08.csv > /opt/***/output_2020-08.csv']
[2022-02-20 00:08:22,175] {subprocess.py:85} INFO - Output:
[2022-02-20 00:08:23,858] {subprocess.py:93} INFO - Command exited with return code 0
[2022-02-20 00:08:24,061] {taskinstance.py:1277} INFO - Marking task as SUCCESS. dag_id=green_taxi_gcs_dag, task_id=download_dataset_task, execution_date=20200802T000000, start_date=20220220T000821, end_date=20220220T000824
[2022-02-20 00:08:24,162] {local_task_job.py:154} INFO - Task exited with return code 0
[2022-02-20 00:08:24,297] {local_task_job.py:264} INFO - 1 downstream tasks scheduled from follow-on schedule check
[2022-02-20 02:01:46,737] {taskinstance.py:1032} INFO - Dependencies all met for <TaskInstance: green_taxi_gcs_dag.download_dataset_task scheduled__2020-08-02T00:00:00+00:00 [queued]>
[2022-02-20 02:01:46,757] {taskinstance.py:1032} INFO - Dependencies all met for <TaskInstance: green_taxi_gcs_dag.download_dataset_task scheduled__2020-08-02T00:00:00+00:00 [queued]>
[2022-02-20 02:01:46,757] {taskinstance.py:1238} INFO - 
--------------------------------------------------------------------------------
[2022-02-20 02:01:46,757] {taskinstance.py:1239} INFO - Starting attempt 1 of 2
[2022-02-20 02:01:46,757] {taskinstance.py:1240} INFO - 
--------------------------------------------------------------------------------
[2022-02-20 02:01:46,800] {taskinstance.py:1259} INFO - Executing <Task(BashOperator): download_dataset_task> on 2020-08-02 00:00:00+00:00
[2022-02-20 02:01:46,808] {standard_task_runner.py:52} INFO - Started process 697 to run task
[2022-02-20 02:01:46,828] {standard_task_runner.py:76} INFO - Running: ['***', 'tasks', 'run', 'green_taxi_gcs_dag', 'download_dataset_task', 'scheduled__2020-08-02T00:00:00+00:00', '--job-id', '587', '--raw', '--subdir', 'DAGS_FOLDER/green_gcs_dag.py', '--cfg-path', '/tmp/tmpxs_movy3', '--error-file', '/tmp/tmp_10qhcvy']
[2022-02-20 02:01:46,835] {standard_task_runner.py:77} INFO - Job 587: Subtask download_dataset_task
[2022-02-20 02:01:47,013] {logging_mixin.py:109} INFO - Running <TaskInstance: green_taxi_gcs_dag.download_dataset_task scheduled__2020-08-02T00:00:00+00:00 [running]> on host 5484a3a1f7c3
[2022-02-20 02:01:47,148] {warnings.py:110} WARNING - /home/***/.local/lib/python3.7/site-packages/***/utils/context.py:152: AirflowContextDeprecationWarning: Accessing 'execution_date' from the template is deprecated and will be removed in a future version. Please use 'data_interval_start' or 'logical_date' instead.
  warnings.warn(_create_deprecation_warning(key, self._deprecation_replacements[key]))

[2022-02-20 02:01:47,223] {taskinstance.py:1426} INFO - Exporting the following env vars:
AIRFLOW_CTX_DAG_OWNER=***
AIRFLOW_CTX_DAG_ID=green_taxi_gcs_dag
AIRFLOW_CTX_TASK_ID=download_dataset_task
AIRFLOW_CTX_EXECUTION_DATE=2020-08-02T00:00:00+00:00
AIRFLOW_CTX_DAG_RUN_ID=scheduled__2020-08-02T00:00:00+00:00
[2022-02-20 02:01:47,224] {subprocess.py:62} INFO - Tmp dir root location: 
 /tmp
[2022-02-20 02:01:47,225] {subprocess.py:74} INFO - Running command: ['bash', '-c', 'curl -sS https://s3.amazonaws.com/nyc-tlc/trip+data/green_tripdata_2020-08.csv > /opt/***/output_2020-08.csv']
[2022-02-20 02:01:47,310] {subprocess.py:85} INFO - Output:
[2022-02-20 02:01:49,100] {subprocess.py:93} INFO - Command exited with return code 0
[2022-02-20 02:01:49,155] {taskinstance.py:1277} INFO - Marking task as SUCCESS. dag_id=green_taxi_gcs_dag, task_id=download_dataset_task, execution_date=20200802T000000, start_date=20220220T020146, end_date=20220220T020149
[2022-02-20 02:01:49,230] {local_task_job.py:154} INFO - Task exited with return code 0
[2022-02-20 02:01:49,309] {local_task_job.py:264} INFO - 1 downstream tasks scheduled from follow-on schedule check
