[2022-02-03 18:13:29,286] {taskinstance.py:1032} INFO - Dependencies all met for <TaskInstance: zones_gcs_dag.local_to_gcs_task manual__2022-02-03T18:13:19.664951+00:00 [queued]>
[2022-02-03 18:13:29,319] {taskinstance.py:1032} INFO - Dependencies all met for <TaskInstance: zones_gcs_dag.local_to_gcs_task manual__2022-02-03T18:13:19.664951+00:00 [queued]>
[2022-02-03 18:13:29,320] {taskinstance.py:1238} INFO - 
--------------------------------------------------------------------------------
[2022-02-03 18:13:29,320] {taskinstance.py:1239} INFO - Starting attempt 1 of 2
[2022-02-03 18:13:29,320] {taskinstance.py:1240} INFO - 
--------------------------------------------------------------------------------
[2022-02-03 18:13:29,346] {taskinstance.py:1259} INFO - Executing <Task(PythonOperator): local_to_gcs_task> on 2022-02-03 18:13:19.664951+00:00
[2022-02-03 18:13:29,354] {standard_task_runner.py:52} INFO - Started process 817 to run task
[2022-02-03 18:13:29,366] {standard_task_runner.py:76} INFO - Running: ['***', 'tasks', 'run', 'zones_gcs_dag', 'local_to_gcs_task', 'manual__2022-02-03T18:13:19.664951+00:00', '--job-id', '149', '--raw', '--subdir', 'DAGS_FOLDER/zones_gcs_dag.py', '--cfg-path', '/tmp/tmp95vqjp2g', '--error-file', '/tmp/tmpln89jp1q']
[2022-02-03 18:13:29,368] {standard_task_runner.py:77} INFO - Job 149: Subtask local_to_gcs_task
[2022-02-03 18:13:29,550] {logging_mixin.py:109} INFO - Running <TaskInstance: zones_gcs_dag.local_to_gcs_task manual__2022-02-03T18:13:19.664951+00:00 [running]> on host bd2f56b76e32
[2022-02-03 18:13:29,674] {taskinstance.py:1426} INFO - Exporting the following env vars:
AIRFLOW_CTX_DAG_OWNER=***
AIRFLOW_CTX_DAG_ID=zones_gcs_dag
AIRFLOW_CTX_TASK_ID=local_to_gcs_task
AIRFLOW_CTX_EXECUTION_DATE=2022-02-03T18:13:19.664951+00:00
AIRFLOW_CTX_DAG_RUN_ID=manual__2022-02-03T18:13:19.664951+00:00
[2022-02-03 18:13:29,934] {python.py:175} INFO - Done. Returned value was: None
[2022-02-03 18:13:29,949] {taskinstance.py:1277} INFO - Marking task as SUCCESS. dag_id=zones_gcs_dag, task_id=local_to_gcs_task, execution_date=20220203T181319, start_date=20220203T181329, end_date=20220203T181329
[2022-02-03 18:13:29,992] {local_task_job.py:154} INFO - Task exited with return code 0
[2022-02-03 18:13:30,053] {local_task_job.py:264} INFO - 1 downstream tasks scheduled from follow-on schedule check
