[2022-02-20 00:09:43,367] {taskinstance.py:1032} INFO - Dependencies all met for <TaskInstance: green_taxi_gcs_dag.format_to_parquet_task scheduled__2019-05-02T00:00:00+00:00 [queued]>
[2022-02-20 00:09:43,381] {taskinstance.py:1032} INFO - Dependencies all met for <TaskInstance: green_taxi_gcs_dag.format_to_parquet_task scheduled__2019-05-02T00:00:00+00:00 [queued]>
[2022-02-20 00:09:43,382] {taskinstance.py:1238} INFO - 
--------------------------------------------------------------------------------
[2022-02-20 00:09:43,382] {taskinstance.py:1239} INFO - Starting attempt 3 of 4
[2022-02-20 00:09:43,382] {taskinstance.py:1240} INFO - 
--------------------------------------------------------------------------------
[2022-02-20 00:09:43,399] {taskinstance.py:1259} INFO - Executing <Task(PythonOperator): format_to_parquet_task> on 2019-05-02 00:00:00+00:00
[2022-02-20 00:09:43,409] {standard_task_runner.py:52} INFO - Started process 1215 to run task
[2022-02-20 00:09:43,421] {standard_task_runner.py:76} INFO - Running: ['***', 'tasks', 'run', 'green_taxi_gcs_dag', 'format_to_parquet_task', 'scheduled__2019-05-02T00:00:00+00:00', '--job-id', '408', '--raw', '--subdir', 'DAGS_FOLDER/green_gcs_dag.py', '--cfg-path', '/tmp/tmp08umkw2z', '--error-file', '/tmp/tmpjve5j3t5']
[2022-02-20 00:09:43,423] {standard_task_runner.py:77} INFO - Job 408: Subtask format_to_parquet_task
[2022-02-20 00:09:43,534] {logging_mixin.py:109} INFO - Running <TaskInstance: green_taxi_gcs_dag.format_to_parquet_task scheduled__2019-05-02T00:00:00+00:00 [running]> on host da07aa254901
[2022-02-20 00:09:43,592] {warnings.py:110} WARNING - /home/***/.local/lib/python3.7/site-packages/***/utils/context.py:152: AirflowContextDeprecationWarning: Accessing 'execution_date' from the template is deprecated and will be removed in a future version. Please use 'data_interval_start' or 'logical_date' instead.
  warnings.warn(_create_deprecation_warning(key, self._deprecation_replacements[key]))

[2022-02-20 00:09:43,615] {taskinstance.py:1426} INFO - Exporting the following env vars:
AIRFLOW_CTX_DAG_OWNER=***
AIRFLOW_CTX_DAG_ID=green_taxi_gcs_dag
AIRFLOW_CTX_TASK_ID=format_to_parquet_task
AIRFLOW_CTX_EXECUTION_DATE=2019-05-02T00:00:00+00:00
AIRFLOW_CTX_DAG_RUN_ID=scheduled__2019-05-02T00:00:00+00:00
[2022-02-20 00:09:44,725] {python.py:175} INFO - Done. Returned value was: None
[2022-02-20 00:09:44,743] {taskinstance.py:1277} INFO - Marking task as SUCCESS. dag_id=green_taxi_gcs_dag, task_id=format_to_parquet_task, execution_date=20190502T000000, start_date=20220220T000943, end_date=20220220T000944
[2022-02-20 00:09:44,818] {local_task_job.py:154} INFO - Task exited with return code 0
[2022-02-20 00:09:44,874] {local_task_job.py:264} INFO - 1 downstream tasks scheduled from follow-on schedule check
