[2022-02-03 14:00:31,309] {taskinstance.py:1032} INFO - Dependencies all met for <TaskInstance: LocalIngestionDag.wget scheduled__2021-02-01T06:00:00+00:00 [queued]>
[2022-02-03 14:00:31,432] {taskinstance.py:1032} INFO - Dependencies all met for <TaskInstance: LocalIngestionDag.wget scheduled__2021-02-01T06:00:00+00:00 [queued]>
[2022-02-03 14:00:31,433] {taskinstance.py:1238} INFO - 
--------------------------------------------------------------------------------
[2022-02-03 14:00:31,433] {taskinstance.py:1239} INFO - Starting attempt 1 of 1
[2022-02-03 14:00:31,433] {taskinstance.py:1240} INFO - 
--------------------------------------------------------------------------------
[2022-02-03 14:00:31,702] {taskinstance.py:1259} INFO - Executing <Task(BashOperator): wget> on 2021-02-01 06:00:00+00:00
[2022-02-03 14:00:31,734] {standard_task_runner.py:52} INFO - Started process 183 to run task
[2022-02-03 14:00:31,792] {standard_task_runner.py:76} INFO - Running: ['***', 'tasks', 'run', 'LocalIngestionDag', 'wget', 'scheduled__2021-02-01T06:00:00+00:00', '--job-id', '101', '--raw', '--subdir', 'DAGS_FOLDER/data_ingestion_localDB_dag.py', '--cfg-path', '/tmp/tmpo5m90cxs', '--error-file', '/tmp/tmpoz8rb6xp']
[2022-02-03 14:00:31,840] {standard_task_runner.py:77} INFO - Job 101: Subtask wget
[2022-02-03 14:00:32,523] {logging_mixin.py:109} INFO - Running <TaskInstance: LocalIngestionDag.wget scheduled__2021-02-01T06:00:00+00:00 [running]> on host cd3baa871297
[2022-02-03 14:00:33,009] {warnings.py:110} WARNING - /home/***/.local/lib/python3.7/site-packages/***/utils/context.py:152: AirflowContextDeprecationWarning: Accessing 'execution_date' from the template is deprecated and will be removed in a future version. Please use 'data_interval_start' or 'logical_date' instead.
  warnings.warn(_create_deprecation_warning(key, self._deprecation_replacements[key]))

[2022-02-03 14:00:33,112] {taskinstance.py:1426} INFO - Exporting the following env vars:
AIRFLOW_CTX_DAG_OWNER=***
AIRFLOW_CTX_DAG_ID=LocalIngestionDag
AIRFLOW_CTX_TASK_ID=wget
AIRFLOW_CTX_EXECUTION_DATE=2021-02-01T06:00:00+00:00
AIRFLOW_CTX_DAG_RUN_ID=scheduled__2021-02-01T06:00:00+00:00
[2022-02-03 14:00:33,114] {subprocess.py:62} INFO - Tmp dir root location: 
 /tmp
[2022-02-03 14:00:33,114] {subprocess.py:74} INFO - Running command: ['bash', '-c', 'echo "2021-02"']
[2022-02-03 14:00:33,186] {subprocess.py:85} INFO - Output:
[2022-02-03 14:00:33,206] {subprocess.py:89} INFO - 2021-02
[2022-02-03 14:00:33,206] {subprocess.py:93} INFO - Command exited with return code 0
[2022-02-03 14:00:33,365] {taskinstance.py:1277} INFO - Marking task as SUCCESS. dag_id=LocalIngestionDag, task_id=wget, execution_date=20210201T060000, start_date=20220203T140031, end_date=20220203T140033
[2022-02-03 14:00:33,560] {local_task_job.py:154} INFO - Task exited with return code 0
[2022-02-03 14:00:33,719] {local_task_job.py:264} INFO - 0 downstream tasks scheduled from follow-on schedule check
