[2022-02-09 20:37:16,758] {taskinstance.py:1032} INFO - Dependencies all met for <TaskInstance: green_taxi_gcs_dag.download_dataset_task scheduled__2020-04-02T00:00:00+00:00 [queued]>
[2022-02-09 20:37:16,810] {taskinstance.py:1032} INFO - Dependencies all met for <TaskInstance: green_taxi_gcs_dag.download_dataset_task scheduled__2020-04-02T00:00:00+00:00 [queued]>
[2022-02-09 20:37:16,810] {taskinstance.py:1238} INFO - 
--------------------------------------------------------------------------------
[2022-02-09 20:37:16,812] {taskinstance.py:1239} INFO - Starting attempt 1 of 2
[2022-02-09 20:37:16,813] {taskinstance.py:1240} INFO - 
--------------------------------------------------------------------------------
[2022-02-09 20:37:16,876] {taskinstance.py:1259} INFO - Executing <Task(BashOperator): download_dataset_task> on 2020-04-02 00:00:00+00:00
[2022-02-09 20:37:16,915] {standard_task_runner.py:52} INFO - Started process 160 to run task
[2022-02-09 20:37:16,921] {standard_task_runner.py:76} INFO - Running: ['***', 'tasks', 'run', 'green_taxi_gcs_dag', 'download_dataset_task', 'scheduled__2020-04-02T00:00:00+00:00', '--job-id', '80', '--raw', '--subdir', 'DAGS_FOLDER/green_gcs_dag.py', '--cfg-path', '/tmp/tmp7a3dgctj', '--error-file', '/tmp/tmpyodnpwxn']
[2022-02-09 20:37:16,922] {standard_task_runner.py:77} INFO - Job 80: Subtask download_dataset_task
[2022-02-09 20:37:17,136] {logging_mixin.py:109} INFO - Running <TaskInstance: green_taxi_gcs_dag.download_dataset_task scheduled__2020-04-02T00:00:00+00:00 [running]> on host 4f97b6b16bdb
[2022-02-09 20:37:17,278] {warnings.py:110} WARNING - /home/***/.local/lib/python3.7/site-packages/***/utils/context.py:152: AirflowContextDeprecationWarning: Accessing 'execution_date' from the template is deprecated and will be removed in a future version. Please use 'data_interval_start' or 'logical_date' instead.
  warnings.warn(_create_deprecation_warning(key, self._deprecation_replacements[key]))

[2022-02-09 20:37:17,343] {taskinstance.py:1426} INFO - Exporting the following env vars:
AIRFLOW_CTX_DAG_OWNER=***
AIRFLOW_CTX_DAG_ID=green_taxi_gcs_dag
AIRFLOW_CTX_TASK_ID=download_dataset_task
AIRFLOW_CTX_EXECUTION_DATE=2020-04-02T00:00:00+00:00
AIRFLOW_CTX_DAG_RUN_ID=scheduled__2020-04-02T00:00:00+00:00
[2022-02-09 20:37:17,344] {subprocess.py:62} INFO - Tmp dir root location: 
 /tmp
[2022-02-09 20:37:17,345] {subprocess.py:74} INFO - Running command: ['bash', '-c', 'curl -sS https://s3.amazonaws.com/nyc-tlc/trip+data/green_tripdata_2020-04.csv > /opt/***/output_2020-04.csv']
[2022-02-09 20:37:17,368] {subprocess.py:85} INFO - Output:
[2022-02-09 20:37:18,649] {subprocess.py:93} INFO - Command exited with return code 0
[2022-02-09 20:37:18,691] {taskinstance.py:1277} INFO - Marking task as SUCCESS. dag_id=green_taxi_gcs_dag, task_id=download_dataset_task, execution_date=20200402T000000, start_date=20220209T203716, end_date=20220209T203718
[2022-02-09 20:37:18,727] {local_task_job.py:154} INFO - Task exited with return code 0
[2022-02-09 20:37:18,793] {local_task_job.py:264} INFO - 1 downstream tasks scheduled from follow-on schedule check
[2022-02-09 20:47:03,787] {taskinstance.py:1032} INFO - Dependencies all met for <TaskInstance: green_taxi_gcs_dag.download_dataset_task scheduled__2020-04-02T00:00:00+00:00 [queued]>
[2022-02-09 20:47:03,809] {taskinstance.py:1032} INFO - Dependencies all met for <TaskInstance: green_taxi_gcs_dag.download_dataset_task scheduled__2020-04-02T00:00:00+00:00 [queued]>
[2022-02-09 20:47:03,809] {taskinstance.py:1238} INFO - 
--------------------------------------------------------------------------------
[2022-02-09 20:47:03,810] {taskinstance.py:1239} INFO - Starting attempt 1 of 2
[2022-02-09 20:47:03,810] {taskinstance.py:1240} INFO - 
--------------------------------------------------------------------------------
[2022-02-09 20:47:03,851] {taskinstance.py:1259} INFO - Executing <Task(BashOperator): download_dataset_task> on 2020-04-02 00:00:00+00:00
[2022-02-09 20:47:03,866] {standard_task_runner.py:52} INFO - Started process 993 to run task
[2022-02-09 20:47:03,879] {standard_task_runner.py:76} INFO - Running: ['***', 'tasks', 'run', 'green_taxi_gcs_dag', 'download_dataset_task', 'scheduled__2020-04-02T00:00:00+00:00', '--job-id', '173', '--raw', '--subdir', 'DAGS_FOLDER/green_gcs_dag.py', '--cfg-path', '/tmp/tmpjnublh51', '--error-file', '/tmp/tmpc0b9bois']
[2022-02-09 20:47:03,881] {standard_task_runner.py:77} INFO - Job 173: Subtask download_dataset_task
[2022-02-09 20:47:04,118] {logging_mixin.py:109} INFO - Running <TaskInstance: green_taxi_gcs_dag.download_dataset_task scheduled__2020-04-02T00:00:00+00:00 [running]> on host 4f97b6b16bdb
[2022-02-09 20:47:04,202] {warnings.py:110} WARNING - /home/***/.local/lib/python3.7/site-packages/***/utils/context.py:152: AirflowContextDeprecationWarning: Accessing 'execution_date' from the template is deprecated and will be removed in a future version. Please use 'data_interval_start' or 'logical_date' instead.
  warnings.warn(_create_deprecation_warning(key, self._deprecation_replacements[key]))

[2022-02-09 20:47:04,225] {taskinstance.py:1426} INFO - Exporting the following env vars:
AIRFLOW_CTX_DAG_OWNER=***
AIRFLOW_CTX_DAG_ID=green_taxi_gcs_dag
AIRFLOW_CTX_TASK_ID=download_dataset_task
AIRFLOW_CTX_EXECUTION_DATE=2020-04-02T00:00:00+00:00
AIRFLOW_CTX_DAG_RUN_ID=scheduled__2020-04-02T00:00:00+00:00
[2022-02-09 20:47:04,226] {subprocess.py:62} INFO - Tmp dir root location: 
 /tmp
[2022-02-09 20:47:04,227] {subprocess.py:74} INFO - Running command: ['bash', '-c', 'curl -sS https://s3.amazonaws.com/nyc-tlc/trip+data/green_tripdata_2020-04.csv > /opt/***/output_2020-04.csv']
[2022-02-09 20:47:04,245] {subprocess.py:85} INFO - Output:
[2022-02-09 20:47:05,454] {subprocess.py:93} INFO - Command exited with return code 0
[2022-02-09 20:47:05,489] {taskinstance.py:1277} INFO - Marking task as SUCCESS. dag_id=green_taxi_gcs_dag, task_id=download_dataset_task, execution_date=20200402T000000, start_date=20220209T204703, end_date=20220209T204705
[2022-02-09 20:47:05,534] {local_task_job.py:154} INFO - Task exited with return code 0
[2022-02-09 20:47:05,599] {local_task_job.py:264} INFO - 1 downstream tasks scheduled from follow-on schedule check
[2022-02-20 00:07:47,565] {taskinstance.py:1032} INFO - Dependencies all met for <TaskInstance: green_taxi_gcs_dag.download_dataset_task scheduled__2020-04-02T00:00:00+00:00 [queued]>
[2022-02-20 00:07:47,585] {taskinstance.py:1032} INFO - Dependencies all met for <TaskInstance: green_taxi_gcs_dag.download_dataset_task scheduled__2020-04-02T00:00:00+00:00 [queued]>
[2022-02-20 00:07:47,585] {taskinstance.py:1238} INFO - 
--------------------------------------------------------------------------------
[2022-02-20 00:07:47,586] {taskinstance.py:1239} INFO - Starting attempt 1 of 2
[2022-02-20 00:07:47,586] {taskinstance.py:1240} INFO - 
--------------------------------------------------------------------------------
[2022-02-20 00:07:47,615] {taskinstance.py:1259} INFO - Executing <Task(BashOperator): download_dataset_task> on 2020-04-02 00:00:00+00:00
[2022-02-20 00:07:47,621] {standard_task_runner.py:52} INFO - Started process 891 to run task
[2022-02-20 00:07:47,641] {standard_task_runner.py:76} INFO - Running: ['***', 'tasks', 'run', 'green_taxi_gcs_dag', 'download_dataset_task', 'scheduled__2020-04-02T00:00:00+00:00', '--job-id', '363', '--raw', '--subdir', 'DAGS_FOLDER/green_gcs_dag.py', '--cfg-path', '/tmp/tmpnumpexbr', '--error-file', '/tmp/tmpdgnvscel']
[2022-02-20 00:07:47,642] {standard_task_runner.py:77} INFO - Job 363: Subtask download_dataset_task
[2022-02-20 00:07:47,800] {logging_mixin.py:109} INFO - Running <TaskInstance: green_taxi_gcs_dag.download_dataset_task scheduled__2020-04-02T00:00:00+00:00 [running]> on host da07aa254901
[2022-02-20 00:07:47,946] {warnings.py:110} WARNING - /home/***/.local/lib/python3.7/site-packages/***/utils/context.py:152: AirflowContextDeprecationWarning: Accessing 'execution_date' from the template is deprecated and will be removed in a future version. Please use 'data_interval_start' or 'logical_date' instead.
  warnings.warn(_create_deprecation_warning(key, self._deprecation_replacements[key]))

[2022-02-20 00:07:47,982] {taskinstance.py:1426} INFO - Exporting the following env vars:
AIRFLOW_CTX_DAG_OWNER=***
AIRFLOW_CTX_DAG_ID=green_taxi_gcs_dag
AIRFLOW_CTX_TASK_ID=download_dataset_task
AIRFLOW_CTX_EXECUTION_DATE=2020-04-02T00:00:00+00:00
AIRFLOW_CTX_DAG_RUN_ID=scheduled__2020-04-02T00:00:00+00:00
[2022-02-20 00:07:47,984] {subprocess.py:62} INFO - Tmp dir root location: 
 /tmp
[2022-02-20 00:07:47,985] {subprocess.py:74} INFO - Running command: ['bash', '-c', 'curl -sS https://s3.amazonaws.com/nyc-tlc/trip+data/green_tripdata_2020-04.csv > /opt/***/output_2020-04.csv']
[2022-02-20 00:07:48,012] {subprocess.py:85} INFO - Output:
[2022-02-20 00:07:51,538] {subprocess.py:93} INFO - Command exited with return code 0
[2022-02-20 00:07:51,669] {taskinstance.py:1277} INFO - Marking task as SUCCESS. dag_id=green_taxi_gcs_dag, task_id=download_dataset_task, execution_date=20200402T000000, start_date=20220220T000747, end_date=20220220T000751
[2022-02-20 00:07:51,729] {local_task_job.py:154} INFO - Task exited with return code 0
[2022-02-20 00:07:51,834] {local_task_job.py:264} INFO - 1 downstream tasks scheduled from follow-on schedule check
[2022-02-20 02:01:08,677] {taskinstance.py:1032} INFO - Dependencies all met for <TaskInstance: green_taxi_gcs_dag.download_dataset_task scheduled__2020-04-02T00:00:00+00:00 [queued]>
[2022-02-20 02:01:08,698] {taskinstance.py:1032} INFO - Dependencies all met for <TaskInstance: green_taxi_gcs_dag.download_dataset_task scheduled__2020-04-02T00:00:00+00:00 [queued]>
[2022-02-20 02:01:08,698] {taskinstance.py:1238} INFO - 
--------------------------------------------------------------------------------
[2022-02-20 02:01:08,698] {taskinstance.py:1239} INFO - Starting attempt 1 of 2
[2022-02-20 02:01:08,698] {taskinstance.py:1240} INFO - 
--------------------------------------------------------------------------------
[2022-02-20 02:01:08,722] {taskinstance.py:1259} INFO - Executing <Task(BashOperator): download_dataset_task> on 2020-04-02 00:00:00+00:00
[2022-02-20 02:01:08,730] {standard_task_runner.py:52} INFO - Started process 566 to run task
[2022-02-20 02:01:08,738] {standard_task_runner.py:76} INFO - Running: ['***', 'tasks', 'run', 'green_taxi_gcs_dag', 'download_dataset_task', 'scheduled__2020-04-02T00:00:00+00:00', '--job-id', '568', '--raw', '--subdir', 'DAGS_FOLDER/green_gcs_dag.py', '--cfg-path', '/tmp/tmp6atd2mu2', '--error-file', '/tmp/tmpj7pxbus3']
[2022-02-20 02:01:08,739] {standard_task_runner.py:77} INFO - Job 568: Subtask download_dataset_task
[2022-02-20 02:01:08,970] {logging_mixin.py:109} INFO - Running <TaskInstance: green_taxi_gcs_dag.download_dataset_task scheduled__2020-04-02T00:00:00+00:00 [running]> on host 5484a3a1f7c3
[2022-02-20 02:01:09,101] {warnings.py:110} WARNING - /home/***/.local/lib/python3.7/site-packages/***/utils/context.py:152: AirflowContextDeprecationWarning: Accessing 'execution_date' from the template is deprecated and will be removed in a future version. Please use 'data_interval_start' or 'logical_date' instead.
  warnings.warn(_create_deprecation_warning(key, self._deprecation_replacements[key]))

[2022-02-20 02:01:09,129] {taskinstance.py:1426} INFO - Exporting the following env vars:
AIRFLOW_CTX_DAG_OWNER=***
AIRFLOW_CTX_DAG_ID=green_taxi_gcs_dag
AIRFLOW_CTX_TASK_ID=download_dataset_task
AIRFLOW_CTX_EXECUTION_DATE=2020-04-02T00:00:00+00:00
AIRFLOW_CTX_DAG_RUN_ID=scheduled__2020-04-02T00:00:00+00:00
[2022-02-20 02:01:09,130] {subprocess.py:62} INFO - Tmp dir root location: 
 /tmp
[2022-02-20 02:01:09,131] {subprocess.py:74} INFO - Running command: ['bash', '-c', 'curl -sS https://s3.amazonaws.com/nyc-tlc/trip+data/green_tripdata_2020-04.csv > /opt/***/output_2020-04.csv']
[2022-02-20 02:01:09,153] {subprocess.py:85} INFO - Output:
[2022-02-20 02:01:11,713] {subprocess.py:93} INFO - Command exited with return code 0
[2022-02-20 02:01:11,778] {taskinstance.py:1277} INFO - Marking task as SUCCESS. dag_id=green_taxi_gcs_dag, task_id=download_dataset_task, execution_date=20200402T000000, start_date=20220220T020108, end_date=20220220T020111
[2022-02-20 02:01:11,866] {local_task_job.py:154} INFO - Task exited with return code 0
[2022-02-20 02:01:12,081] {local_task_job.py:264} INFO - 1 downstream tasks scheduled from follow-on schedule check
