[2022-02-03 14:55:38,818] {taskinstance.py:1032} INFO - Dependencies all met for <TaskInstance: yellow_taxi_gcs_dag.download_dataset_task scheduled__2019-01-05T00:00:00+00:00 [queued]>
[2022-02-03 14:55:38,829] {taskinstance.py:1032} INFO - Dependencies all met for <TaskInstance: yellow_taxi_gcs_dag.download_dataset_task scheduled__2019-01-05T00:00:00+00:00 [queued]>
[2022-02-03 14:55:38,830] {taskinstance.py:1238} INFO - 
--------------------------------------------------------------------------------
[2022-02-03 14:55:38,830] {taskinstance.py:1239} INFO - Starting attempt 1 of 2
[2022-02-03 14:55:38,830] {taskinstance.py:1240} INFO - 
--------------------------------------------------------------------------------
[2022-02-03 14:55:38,843] {taskinstance.py:1259} INFO - Executing <Task(BashOperator): download_dataset_task> on 2019-01-05 00:00:00+00:00
[2022-02-03 14:55:38,849] {standard_task_runner.py:52} INFO - Started process 2638 to run task
[2022-02-03 14:55:38,853] {standard_task_runner.py:76} INFO - Running: ['***', 'tasks', 'run', 'yellow_taxi_gcs_dag', 'download_dataset_task', 'scheduled__2019-01-05T00:00:00+00:00', '--job-id', '131', '--raw', '--subdir', 'DAGS_FOLDER/yellow_taxi_gcs_dag.py', '--cfg-path', '/tmp/tmprhnkabfh', '--error-file', '/tmp/tmpk27oo9_q']
[2022-02-03 14:55:38,855] {standard_task_runner.py:77} INFO - Job 131: Subtask download_dataset_task
[2022-02-03 14:55:38,912] {logging_mixin.py:109} INFO - Running <TaskInstance: yellow_taxi_gcs_dag.download_dataset_task scheduled__2019-01-05T00:00:00+00:00 [running]> on host cd3baa871297
[2022-02-03 14:55:38,968] {warnings.py:110} WARNING - /home/***/.local/lib/python3.7/site-packages/***/utils/context.py:152: AirflowContextDeprecationWarning: Accessing 'execution_date' from the template is deprecated and will be removed in a future version. Please use 'data_interval_start' or 'logical_date' instead.
  warnings.warn(_create_deprecation_warning(key, self._deprecation_replacements[key]))

[2022-02-03 14:55:38,992] {taskinstance.py:1426} INFO - Exporting the following env vars:
AIRFLOW_CTX_DAG_OWNER=***
AIRFLOW_CTX_DAG_ID=yellow_taxi_gcs_dag
AIRFLOW_CTX_TASK_ID=download_dataset_task
AIRFLOW_CTX_EXECUTION_DATE=2019-01-05T00:00:00+00:00
AIRFLOW_CTX_DAG_RUN_ID=scheduled__2019-01-05T00:00:00+00:00
[2022-02-03 14:55:38,994] {subprocess.py:62} INFO - Tmp dir root location: 
 /tmp
[2022-02-03 14:55:38,994] {subprocess.py:74} INFO - Running command: ['bash', '-c', 'echo https://s3.amazonaws.com/nyc-tlc/trip+data/yellow_tripdata_2019-01.csv -  /opt/***/output_2019-01.csv | curl -sS https://s3.amazonaws.com/nyc-tlc/trip+data/yellow_tripdata_2019-01.csv > /opt/***/output_2019-01.csv']
[2022-02-03 14:55:39,007] {subprocess.py:85} INFO - Output:
[2022-02-03 14:57:46,899] {subprocess.py:93} INFO - Command exited with return code 0
[2022-02-03 14:57:47,002] {taskinstance.py:1277} INFO - Marking task as SUCCESS. dag_id=yellow_taxi_gcs_dag, task_id=download_dataset_task, execution_date=20190105T000000, start_date=20220203T145538, end_date=20220203T145747
[2022-02-03 14:57:47,043] {local_task_job.py:154} INFO - Task exited with return code 0
[2022-02-03 14:57:47,089] {local_task_job.py:264} INFO - 0 downstream tasks scheduled from follow-on schedule check
[2022-02-03 15:34:49,185] {taskinstance.py:1032} INFO - Dependencies all met for <TaskInstance: yellow_taxi_gcs_dag.download_dataset_task scheduled__2019-01-05T00:00:00+00:00 [queued]>
[2022-02-03 15:34:49,209] {taskinstance.py:1032} INFO - Dependencies all met for <TaskInstance: yellow_taxi_gcs_dag.download_dataset_task scheduled__2019-01-05T00:00:00+00:00 [queued]>
[2022-02-03 15:34:49,209] {taskinstance.py:1238} INFO - 
--------------------------------------------------------------------------------
[2022-02-03 15:34:49,209] {taskinstance.py:1239} INFO - Starting attempt 1 of 2
[2022-02-03 15:34:49,209] {taskinstance.py:1240} INFO - 
--------------------------------------------------------------------------------
[2022-02-03 15:34:49,222] {taskinstance.py:1259} INFO - Executing <Task(BashOperator): download_dataset_task> on 2019-01-05 00:00:00+00:00
[2022-02-03 15:34:49,227] {standard_task_runner.py:52} INFO - Started process 4431 to run task
[2022-02-03 15:34:49,232] {standard_task_runner.py:76} INFO - Running: ['***', 'tasks', 'run', 'yellow_taxi_gcs_dag', 'download_dataset_task', 'scheduled__2019-01-05T00:00:00+00:00', '--job-id', '164', '--raw', '--subdir', 'DAGS_FOLDER/yellow_taxi_gcs_dag.py', '--cfg-path', '/tmp/tmpwkn_g3n6', '--error-file', '/tmp/tmpwkvmk62q']
[2022-02-03 15:34:49,233] {standard_task_runner.py:77} INFO - Job 164: Subtask download_dataset_task
[2022-02-03 15:34:49,299] {logging_mixin.py:109} INFO - Running <TaskInstance: yellow_taxi_gcs_dag.download_dataset_task scheduled__2019-01-05T00:00:00+00:00 [running]> on host cd3baa871297
[2022-02-03 15:34:49,347] {warnings.py:110} WARNING - /home/***/.local/lib/python3.7/site-packages/***/utils/context.py:152: AirflowContextDeprecationWarning: Accessing 'execution_date' from the template is deprecated and will be removed in a future version. Please use 'data_interval_start' or 'logical_date' instead.
  warnings.warn(_create_deprecation_warning(key, self._deprecation_replacements[key]))

[2022-02-03 15:34:49,369] {taskinstance.py:1426} INFO - Exporting the following env vars:
AIRFLOW_CTX_DAG_OWNER=***
AIRFLOW_CTX_DAG_ID=yellow_taxi_gcs_dag
AIRFLOW_CTX_TASK_ID=download_dataset_task
AIRFLOW_CTX_EXECUTION_DATE=2019-01-05T00:00:00+00:00
AIRFLOW_CTX_DAG_RUN_ID=scheduled__2019-01-05T00:00:00+00:00
[2022-02-03 15:34:49,370] {subprocess.py:62} INFO - Tmp dir root location: 
 /tmp
[2022-02-03 15:34:49,371] {subprocess.py:74} INFO - Running command: ['bash', '-c', 'echo https://s3.amazonaws.com/nyc-tlc/trip+data/yellow_tripdata_2019-01.csv -  /opt/***/output_2019-01.csv']
[2022-02-03 15:34:49,383] {subprocess.py:85} INFO - Output:
[2022-02-03 15:34:49,385] {subprocess.py:89} INFO - https://s3.amazonaws.com/nyc-tlc/trip+data/yellow_tripdata_2019-01.csv - /opt/***/output_2019-01.csv
[2022-02-03 15:34:49,385] {subprocess.py:93} INFO - Command exited with return code 0
[2022-02-03 15:34:49,412] {taskinstance.py:1277} INFO - Marking task as SUCCESS. dag_id=yellow_taxi_gcs_dag, task_id=download_dataset_task, execution_date=20190105T000000, start_date=20220203T153449, end_date=20220203T153449
[2022-02-03 15:34:49,443] {local_task_job.py:154} INFO - Task exited with return code 0
[2022-02-03 15:34:49,476] {local_task_job.py:264} INFO - 0 downstream tasks scheduled from follow-on schedule check
