[2022-02-01 05:15:28,745] {taskinstance.py:1032} INFO - Dependencies all met for <TaskInstance: yellow_taxi_gcs_dag.bigquery_external_table_task manual__2022-02-01T05:08:32.591535+00:00 [queued]>
[2022-02-01 05:15:28,763] {taskinstance.py:1032} INFO - Dependencies all met for <TaskInstance: yellow_taxi_gcs_dag.bigquery_external_table_task manual__2022-02-01T05:08:32.591535+00:00 [queued]>
[2022-02-01 05:15:28,763] {taskinstance.py:1238} INFO - 
--------------------------------------------------------------------------------
[2022-02-01 05:15:28,763] {taskinstance.py:1239} INFO - Starting attempt 2 of 2
[2022-02-01 05:15:28,763] {taskinstance.py:1240} INFO - 
--------------------------------------------------------------------------------
[2022-02-01 05:15:28,781] {taskinstance.py:1259} INFO - Executing <Task(BigQueryCreateExternalTableOperator): bigquery_external_table_task> on 2022-02-01 05:08:32.591535+00:00
[2022-02-01 05:15:28,788] {standard_task_runner.py:52} INFO - Started process 957 to run task
[2022-02-01 05:15:28,793] {standard_task_runner.py:76} INFO - Running: ['***', 'tasks', 'run', 'yellow_taxi_gcs_dag', 'bigquery_external_table_task', 'manual__2022-02-01T05:08:32.591535+00:00', '--job-id', '14', '--raw', '--subdir', 'DAGS_FOLDER/yellow_taxi_gcs_dag.py', '--cfg-path', '/tmp/tmpt8uh4umz', '--error-file', '/tmp/tmpi_67obx1']
[2022-02-01 05:15:28,794] {standard_task_runner.py:77} INFO - Job 14: Subtask bigquery_external_table_task
[2022-02-01 05:15:28,861] {logging_mixin.py:109} INFO - Running <TaskInstance: yellow_taxi_gcs_dag.bigquery_external_table_task manual__2022-02-01T05:08:32.591535+00:00 [running]> on host 2ab0b752b16c
[2022-02-01 05:15:28,929] {taskinstance.py:1426} INFO - Exporting the following env vars:
AIRFLOW_CTX_DAG_OWNER=***
AIRFLOW_CTX_DAG_ID=yellow_taxi_gcs_dag
AIRFLOW_CTX_TASK_ID=bigquery_external_table_task
AIRFLOW_CTX_EXECUTION_DATE=2022-02-01T05:08:32.591535+00:00
AIRFLOW_CTX_DAG_RUN_ID=manual__2022-02-01T05:08:32.591535+00:00
[2022-02-01 05:15:28,931] {crypto.py:82} WARNING - empty cryptography key - values will not be stored encrypted.
[2022-02-01 05:15:29,537] {taskinstance.py:1277} INFO - Marking task as SUCCESS. dag_id=yellow_taxi_gcs_dag, task_id=bigquery_external_table_task, execution_date=20220201T050832, start_date=20220201T051528, end_date=20220201T051529
[2022-02-01 05:15:29,663] {local_task_job.py:154} INFO - Task exited with return code 0
[2022-02-01 05:15:29,728] {local_task_job.py:264} INFO - 0 downstream tasks scheduled from follow-on schedule check
