[2022-01-30 15:22:31,354] {taskinstance.py:1032} INFO - Dependencies all met for <TaskInstance: data_ingestion_gcs_dag.download_dataset_task scheduled__2022-01-29T00:00:00+00:00 [queued]>
[2022-01-30 15:22:31,391] {taskinstance.py:1032} INFO - Dependencies all met for <TaskInstance: data_ingestion_gcs_dag.download_dataset_task scheduled__2022-01-29T00:00:00+00:00 [queued]>
[2022-01-30 15:22:31,392] {taskinstance.py:1238} INFO - 
--------------------------------------------------------------------------------
[2022-01-30 15:22:31,392] {taskinstance.py:1239} INFO - Starting attempt 1 of 2
[2022-01-30 15:22:31,392] {taskinstance.py:1240} INFO - 
--------------------------------------------------------------------------------
[2022-01-30 15:22:31,440] {taskinstance.py:1259} INFO - Executing <Task(BashOperator): download_dataset_task> on 2022-01-29 00:00:00+00:00
[2022-01-30 15:22:31,447] {standard_task_runner.py:52} INFO - Started process 62 to run task
[2022-01-30 15:22:31,451] {standard_task_runner.py:76} INFO - Running: ['***', 'tasks', 'run', 'data_ingestion_gcs_dag', 'download_dataset_task', 'scheduled__2022-01-29T00:00:00+00:00', '--job-id', '29', '--raw', '--subdir', 'DAGS_FOLDER/data_ingestion_gcs_dag.py', '--cfg-path', '/tmp/tmpqk0czrx2', '--error-file', '/tmp/tmpj26w78_1']
[2022-01-30 15:22:31,452] {standard_task_runner.py:77} INFO - Job 29: Subtask download_dataset_task
[2022-01-30 15:22:31,583] {logging_mixin.py:109} INFO - Running <TaskInstance: data_ingestion_gcs_dag.download_dataset_task scheduled__2022-01-29T00:00:00+00:00 [running]> on host b6db3711bc00
[2022-01-30 15:22:31,751] {taskinstance.py:1426} INFO - Exporting the following env vars:
AIRFLOW_CTX_DAG_OWNER=***
AIRFLOW_CTX_DAG_ID=data_ingestion_gcs_dag
AIRFLOW_CTX_TASK_ID=download_dataset_task
AIRFLOW_CTX_EXECUTION_DATE=2022-01-29T00:00:00+00:00
AIRFLOW_CTX_DAG_RUN_ID=scheduled__2022-01-29T00:00:00+00:00
[2022-01-30 15:22:31,758] {subprocess.py:62} INFO - Tmp dir root location: 
 /tmp
[2022-01-30 15:22:31,760] {subprocess.py:74} INFO - Running command: ['bash', '-c', 'curl -sS https://s3.amazonaws.com/nyc-tlc/trip+data/yellow_tripdata_2021-01.csv > /opt/***/yellow_tripdata_2021-01.csv']
[2022-01-30 15:22:31,782] {subprocess.py:85} INFO - Output:
[2022-01-30 15:22:43,569] {subprocess.py:93} INFO - Command exited with return code 0
[2022-01-30 15:22:43,608] {taskinstance.py:1277} INFO - Marking task as SUCCESS. dag_id=data_ingestion_gcs_dag, task_id=download_dataset_task, execution_date=20220129T000000, start_date=20220130T152231, end_date=20220130T152243
[2022-01-30 15:22:43,676] {local_task_job.py:154} INFO - Task exited with return code 0
[2022-01-30 15:22:43,741] {local_task_job.py:264} INFO - 1 downstream tasks scheduled from follow-on schedule check
[2022-01-30 17:31:10,837] {taskinstance.py:1032} INFO - Dependencies all met for <TaskInstance: data_ingestion_gcs_dag.download_dataset_task scheduled__2022-01-29T00:00:00+00:00 [queued]>
[2022-01-30 17:31:10,856] {taskinstance.py:1032} INFO - Dependencies all met for <TaskInstance: data_ingestion_gcs_dag.download_dataset_task scheduled__2022-01-29T00:00:00+00:00 [queued]>
[2022-01-30 17:31:10,856] {taskinstance.py:1238} INFO - 
--------------------------------------------------------------------------------
[2022-01-30 17:31:10,856] {taskinstance.py:1239} INFO - Starting attempt 1 of 2
[2022-01-30 17:31:10,856] {taskinstance.py:1240} INFO - 
--------------------------------------------------------------------------------
[2022-01-30 17:31:10,881] {taskinstance.py:1259} INFO - Executing <Task(BashOperator): download_dataset_task> on 2022-01-29 00:00:00+00:00
[2022-01-30 17:31:10,888] {standard_task_runner.py:52} INFO - Started process 183 to run task
[2022-01-30 17:31:10,892] {standard_task_runner.py:76} INFO - Running: ['***', 'tasks', 'run', 'data_ingestion_gcs_dag', 'download_dataset_task', 'scheduled__2022-01-29T00:00:00+00:00', '--job-id', '3', '--raw', '--subdir', 'DAGS_FOLDER/data_ingestion_gcs_dag.py', '--cfg-path', '/tmp/tmpwbb_da2t', '--error-file', '/tmp/tmpulfikveh']
[2022-01-30 17:31:10,893] {standard_task_runner.py:77} INFO - Job 3: Subtask download_dataset_task
[2022-01-30 17:31:10,958] {logging_mixin.py:109} INFO - Running <TaskInstance: data_ingestion_gcs_dag.download_dataset_task scheduled__2022-01-29T00:00:00+00:00 [running]> on host 4d230e568692
[2022-01-30 17:31:11,026] {taskinstance.py:1426} INFO - Exporting the following env vars:
AIRFLOW_CTX_DAG_OWNER=***
AIRFLOW_CTX_DAG_ID=data_ingestion_gcs_dag
AIRFLOW_CTX_TASK_ID=download_dataset_task
AIRFLOW_CTX_EXECUTION_DATE=2022-01-29T00:00:00+00:00
AIRFLOW_CTX_DAG_RUN_ID=scheduled__2022-01-29T00:00:00+00:00
[2022-01-30 17:31:11,027] {subprocess.py:62} INFO - Tmp dir root location: 
 /tmp
[2022-01-30 17:31:11,028] {subprocess.py:74} INFO - Running command: ['bash', '-c', 'curl -sS https://s3.amazonaws.com/nyc-tlc/trip+data/yellow_tripdata_2021-01.csv > /opt/***/yellow_tripdata_2021-01.csv']
[2022-01-30 17:31:11,041] {subprocess.py:85} INFO - Output:
[2022-01-30 17:31:45,919] {subprocess.py:93} INFO - Command exited with return code 0
[2022-01-30 17:31:45,968] {taskinstance.py:1277} INFO - Marking task as SUCCESS. dag_id=data_ingestion_gcs_dag, task_id=download_dataset_task, execution_date=20220129T000000, start_date=20220130T173110, end_date=20220130T173145
[2022-01-30 17:31:46,016] {local_task_job.py:154} INFO - Task exited with return code 0
[2022-01-30 17:31:46,065] {local_task_job.py:264} INFO - 1 downstream tasks scheduled from follow-on schedule check
