[2022-01-30 15:26:00,972] {taskinstance.py:1032} INFO - Dependencies all met for <TaskInstance: data_ingestion_gcs_dag.download_dataset_task manual__2022-01-30T15:25:38.555270+00:00 [queued]>
[2022-01-30 15:26:00,990] {taskinstance.py:1032} INFO - Dependencies all met for <TaskInstance: data_ingestion_gcs_dag.download_dataset_task manual__2022-01-30T15:25:38.555270+00:00 [queued]>
[2022-01-30 15:26:00,991] {taskinstance.py:1238} INFO - 
--------------------------------------------------------------------------------
[2022-01-30 15:26:00,991] {taskinstance.py:1239} INFO - Starting attempt 1 of 2
[2022-01-30 15:26:00,991] {taskinstance.py:1240} INFO - 
--------------------------------------------------------------------------------
[2022-01-30 15:26:01,013] {taskinstance.py:1259} INFO - Executing <Task(BashOperator): download_dataset_task> on 2022-01-30 15:25:38.555270+00:00
[2022-01-30 15:26:01,020] {standard_task_runner.py:52} INFO - Started process 123 to run task
[2022-01-30 15:26:01,024] {standard_task_runner.py:76} INFO - Running: ['***', 'tasks', 'run', 'data_ingestion_gcs_dag', 'download_dataset_task', 'manual__2022-01-30T15:25:38.555270+00:00', '--job-id', '34', '--raw', '--subdir', 'DAGS_FOLDER/data_ingestion_gcs_dag.py', '--cfg-path', '/tmp/tmpz8_pa_61', '--error-file', '/tmp/tmpnfgfc5jm']
[2022-01-30 15:26:01,025] {standard_task_runner.py:77} INFO - Job 34: Subtask download_dataset_task
[2022-01-30 15:26:01,143] {logging_mixin.py:109} INFO - Running <TaskInstance: data_ingestion_gcs_dag.download_dataset_task manual__2022-01-30T15:25:38.555270+00:00 [running]> on host ef4e4da8bf66
[2022-01-30 15:26:01,250] {taskinstance.py:1426} INFO - Exporting the following env vars:
AIRFLOW_CTX_DAG_OWNER=***
AIRFLOW_CTX_DAG_ID=data_ingestion_gcs_dag
AIRFLOW_CTX_TASK_ID=download_dataset_task
AIRFLOW_CTX_EXECUTION_DATE=2022-01-30T15:25:38.555270+00:00
AIRFLOW_CTX_DAG_RUN_ID=manual__2022-01-30T15:25:38.555270+00:00
[2022-01-30 15:26:01,252] {subprocess.py:62} INFO - Tmp dir root location: 
 /tmp
[2022-01-30 15:26:01,252] {subprocess.py:74} INFO - Running command: ['bash', '-c', 'curl -sS https://s3.amazonaws.com/nyc-tlc/trip+data/yellow_tripdata_2021-01.csv > /opt/***/yellow_tripdata_2021-01.csv']
[2022-01-30 15:26:01,268] {subprocess.py:85} INFO - Output:
[2022-01-30 15:26:14,526] {subprocess.py:93} INFO - Command exited with return code 0
[2022-01-30 15:26:14,578] {taskinstance.py:1277} INFO - Marking task as SUCCESS. dag_id=data_ingestion_gcs_dag, task_id=download_dataset_task, execution_date=20220130T152538, start_date=20220130T152600, end_date=20220130T152614
[2022-01-30 15:26:14,615] {local_task_job.py:154} INFO - Task exited with return code 0
[2022-01-30 15:26:14,671] {local_task_job.py:264} INFO - 1 downstream tasks scheduled from follow-on schedule check
