[2022-02-19 23:37:41,754] {taskinstance.py:1032} INFO - Dependencies all met for <TaskInstance: yellow_taxi_gcs_dag.download_dataset_task scheduled__2019-03-02T00:00:00+00:00 [queued]>
[2022-02-19 23:37:41,775] {taskinstance.py:1032} INFO - Dependencies all met for <TaskInstance: yellow_taxi_gcs_dag.download_dataset_task scheduled__2019-03-02T00:00:00+00:00 [queued]>
[2022-02-19 23:37:41,775] {taskinstance.py:1238} INFO - 
--------------------------------------------------------------------------------
[2022-02-19 23:37:41,777] {taskinstance.py:1239} INFO - Starting attempt 2 of 2
[2022-02-19 23:37:41,777] {taskinstance.py:1240} INFO - 
--------------------------------------------------------------------------------
[2022-02-19 23:37:41,898] {taskinstance.py:1259} INFO - Executing <Task(BashOperator): download_dataset_task> on 2019-03-02 00:00:00+00:00
[2022-02-19 23:37:42,125] {standard_task_runner.py:52} INFO - Started process 299 to run task
[2022-02-19 23:37:42,256] {standard_task_runner.py:76} INFO - Running: ['***', 'tasks', 'run', 'yellow_taxi_gcs_dag', 'download_dataset_task', 'scheduled__2019-03-02T00:00:00+00:00', '--job-id', '223', '--raw', '--subdir', 'DAGS_FOLDER/yellow_taxi_gcs_dag.py', '--cfg-path', '/tmp/tmppp040cq9', '--error-file', '/tmp/tmp3ewerwqo']
[2022-02-19 23:37:42,258] {standard_task_runner.py:77} INFO - Job 223: Subtask download_dataset_task
[2022-02-19 23:37:43,638] {logging_mixin.py:109} INFO - Running <TaskInstance: yellow_taxi_gcs_dag.download_dataset_task scheduled__2019-03-02T00:00:00+00:00 [running]> on host 812dd7ecce85
[2022-02-19 23:37:44,405] {warnings.py:110} WARNING - /home/***/.local/lib/python3.7/site-packages/***/utils/context.py:152: AirflowContextDeprecationWarning: Accessing 'execution_date' from the template is deprecated and will be removed in a future version. Please use 'data_interval_start' or 'logical_date' instead.
  warnings.warn(_create_deprecation_warning(key, self._deprecation_replacements[key]))

[2022-02-19 23:37:44,708] {taskinstance.py:1426} INFO - Exporting the following env vars:
AIRFLOW_CTX_DAG_OWNER=***
AIRFLOW_CTX_DAG_ID=yellow_taxi_gcs_dag
AIRFLOW_CTX_TASK_ID=download_dataset_task
AIRFLOW_CTX_EXECUTION_DATE=2019-03-02T00:00:00+00:00
AIRFLOW_CTX_DAG_RUN_ID=scheduled__2019-03-02T00:00:00+00:00
[2022-02-19 23:37:44,709] {subprocess.py:62} INFO - Tmp dir root location: 
 /tmp
[2022-02-19 23:37:44,722] {subprocess.py:74} INFO - Running command: ['bash', '-c', 'curl -sS https://s3.amazonaws.com/nyc-tlc/trip+data/yellow_tripdata_2019-03.csv > /opt/***/output_2019-03.csv']
[2022-02-19 23:37:45,145] {subprocess.py:85} INFO - Output:
[2022-02-19 23:41:41,918] {subprocess.py:93} INFO - Command exited with return code 0
[2022-02-19 23:41:41,995] {taskinstance.py:1277} INFO - Marking task as SUCCESS. dag_id=yellow_taxi_gcs_dag, task_id=download_dataset_task, execution_date=20190302T000000, start_date=20220219T233741, end_date=20220219T234141
[2022-02-19 23:41:42,101] {local_task_job.py:154} INFO - Task exited with return code 0
[2022-02-19 23:41:42,207] {local_task_job.py:264} INFO - 1 downstream tasks scheduled from follow-on schedule check
