[2022-02-20 00:11:46,094] {taskinstance.py:1032} INFO - Dependencies all met for <TaskInstance: yellow_taxi_gcs_dag.download_dataset_task scheduled__2019-03-02T00:00:00+00:00 [queued]>
[2022-02-20 00:11:46,225] {taskinstance.py:1032} INFO - Dependencies all met for <TaskInstance: yellow_taxi_gcs_dag.download_dataset_task scheduled__2019-03-02T00:00:00+00:00 [queued]>
[2022-02-20 00:11:46,225] {taskinstance.py:1238} INFO - 
--------------------------------------------------------------------------------
[2022-02-20 00:11:46,225] {taskinstance.py:1239} INFO - Starting attempt 4 of 5
[2022-02-20 00:11:46,226] {taskinstance.py:1240} INFO - 
--------------------------------------------------------------------------------
[2022-02-20 00:11:46,278] {taskinstance.py:1259} INFO - Executing <Task(BashOperator): download_dataset_task> on 2019-03-02 00:00:00+00:00
[2022-02-20 00:11:46,305] {standard_task_runner.py:52} INFO - Started process 1326 to run task
[2022-02-20 00:11:46,312] {standard_task_runner.py:76} INFO - Running: ['***', 'tasks', 'run', 'yellow_taxi_gcs_dag', 'download_dataset_task', 'scheduled__2019-03-02T00:00:00+00:00', '--job-id', '413', '--raw', '--subdir', 'DAGS_FOLDER/yellow_taxi_gcs_dag.py', '--cfg-path', '/tmp/tmpu9zz3zuz', '--error-file', '/tmp/tmpfibf7tn7']
[2022-02-20 00:11:46,316] {standard_task_runner.py:77} INFO - Job 413: Subtask download_dataset_task
[2022-02-20 00:11:46,473] {logging_mixin.py:109} INFO - Running <TaskInstance: yellow_taxi_gcs_dag.download_dataset_task scheduled__2019-03-02T00:00:00+00:00 [running]> on host da07aa254901
[2022-02-20 00:11:46,597] {warnings.py:110} WARNING - /home/***/.local/lib/python3.7/site-packages/***/utils/context.py:152: AirflowContextDeprecationWarning: Accessing 'execution_date' from the template is deprecated and will be removed in a future version. Please use 'data_interval_start' or 'logical_date' instead.
  warnings.warn(_create_deprecation_warning(key, self._deprecation_replacements[key]))

[2022-02-20 00:11:46,687] {taskinstance.py:1426} INFO - Exporting the following env vars:
AIRFLOW_CTX_DAG_OWNER=***
AIRFLOW_CTX_DAG_ID=yellow_taxi_gcs_dag
AIRFLOW_CTX_TASK_ID=download_dataset_task
AIRFLOW_CTX_EXECUTION_DATE=2019-03-02T00:00:00+00:00
AIRFLOW_CTX_DAG_RUN_ID=scheduled__2019-03-02T00:00:00+00:00
[2022-02-20 00:11:46,688] {subprocess.py:62} INFO - Tmp dir root location: 
 /tmp
[2022-02-20 00:11:46,689] {subprocess.py:74} INFO - Running command: ['bash', '-c', 'curl -sS https://s3.amazonaws.com/nyc-tlc/trip+data/yellow_tripdata_2019-03.csv > /opt/***/output_2019-03.csv']
[2022-02-20 00:11:46,727] {subprocess.py:85} INFO - Output:
[2022-02-20 00:15:23,589] {subprocess.py:93} INFO - Command exited with return code 0
[2022-02-20 00:15:23,648] {taskinstance.py:1277} INFO - Marking task as SUCCESS. dag_id=yellow_taxi_gcs_dag, task_id=download_dataset_task, execution_date=20190302T000000, start_date=20220220T001146, end_date=20220220T001523
[2022-02-20 00:15:23,724] {local_task_job.py:154} INFO - Task exited with return code 0
[2022-02-20 00:15:23,801] {local_task_job.py:264} INFO - 1 downstream tasks scheduled from follow-on schedule check
