[2022-02-03 17:16:55,833] {taskinstance.py:1032} INFO - Dependencies all met for <TaskInstance: yellow_taxi_gcs_dag.format_to_parquet_task scheduled__2019-05-02T00:00:00+00:00 [queued]>
[2022-02-03 17:16:55,850] {taskinstance.py:1032} INFO - Dependencies all met for <TaskInstance: yellow_taxi_gcs_dag.format_to_parquet_task scheduled__2019-05-02T00:00:00+00:00 [queued]>
[2022-02-03 17:16:55,850] {taskinstance.py:1238} INFO - 
--------------------------------------------------------------------------------
[2022-02-03 17:16:55,851] {taskinstance.py:1239} INFO - Starting attempt 1 of 2
[2022-02-03 17:16:55,851] {taskinstance.py:1240} INFO - 
--------------------------------------------------------------------------------
[2022-02-03 17:16:55,866] {taskinstance.py:1259} INFO - Executing <Task(PythonOperator): format_to_parquet_task> on 2019-05-02 00:00:00+00:00
[2022-02-03 17:16:55,873] {standard_task_runner.py:52} INFO - Started process 2414 to run task
[2022-02-03 17:16:55,878] {standard_task_runner.py:76} INFO - Running: ['***', 'tasks', 'run', 'yellow_taxi_gcs_dag', 'format_to_parquet_task', 'scheduled__2019-05-02T00:00:00+00:00', '--job-id', '61', '--raw', '--subdir', 'DAGS_FOLDER/yellow_taxi_gcs_dag.py', '--cfg-path', '/tmp/tmp2jd3tr_u', '--error-file', '/tmp/tmpm_n99as6']
[2022-02-03 17:16:55,879] {standard_task_runner.py:77} INFO - Job 61: Subtask format_to_parquet_task
[2022-02-03 17:16:55,947] {logging_mixin.py:109} INFO - Running <TaskInstance: yellow_taxi_gcs_dag.format_to_parquet_task scheduled__2019-05-02T00:00:00+00:00 [running]> on host 7e458922b35d
[2022-02-03 17:16:55,994] {warnings.py:110} WARNING - /home/***/.local/lib/python3.7/site-packages/***/utils/context.py:152: AirflowContextDeprecationWarning: Accessing 'execution_date' from the template is deprecated and will be removed in a future version. Please use 'data_interval_start' or 'logical_date' instead.
  warnings.warn(_create_deprecation_warning(key, self._deprecation_replacements[key]))

[2022-02-03 17:16:56,013] {taskinstance.py:1426} INFO - Exporting the following env vars:
AIRFLOW_CTX_DAG_OWNER=***
AIRFLOW_CTX_DAG_ID=yellow_taxi_gcs_dag
AIRFLOW_CTX_TASK_ID=format_to_parquet_task
AIRFLOW_CTX_EXECUTION_DATE=2019-05-02T00:00:00+00:00
AIRFLOW_CTX_DAG_RUN_ID=scheduled__2019-05-02T00:00:00+00:00
[2022-02-03 17:17:03,696] {python.py:175} INFO - Done. Returned value was: None
[2022-02-03 17:17:03,708] {taskinstance.py:1277} INFO - Marking task as SUCCESS. dag_id=yellow_taxi_gcs_dag, task_id=format_to_parquet_task, execution_date=20190502T000000, start_date=20220203T171655, end_date=20220203T171703
[2022-02-03 17:17:03,899] {local_task_job.py:154} INFO - Task exited with return code 0
[2022-02-03 17:17:03,941] {local_task_job.py:264} INFO - 1 downstream tasks scheduled from follow-on schedule check
<<<<<<< HEAD
[2022-02-20 00:17:27,745] {taskinstance.py:1032} INFO - Dependencies all met for <TaskInstance: yellow_taxi_gcs_dag.format_to_parquet_task scheduled__2019-05-02T00:00:00+00:00 [queued]>
[2022-02-20 00:17:27,789] {taskinstance.py:1032} INFO - Dependencies all met for <TaskInstance: yellow_taxi_gcs_dag.format_to_parquet_task scheduled__2019-05-02T00:00:00+00:00 [queued]>
[2022-02-20 00:17:27,791] {taskinstance.py:1238} INFO - 
--------------------------------------------------------------------------------
[2022-02-20 00:17:27,791] {taskinstance.py:1239} INFO - Starting attempt 1 of 2
[2022-02-20 00:17:27,792] {taskinstance.py:1240} INFO - 
--------------------------------------------------------------------------------
[2022-02-20 00:17:27,840] {taskinstance.py:1259} INFO - Executing <Task(PythonOperator): format_to_parquet_task> on 2019-05-02 00:00:00+00:00
[2022-02-20 00:17:27,859] {standard_task_runner.py:52} INFO - Started process 1601 to run task
[2022-02-20 00:17:27,881] {standard_task_runner.py:76} INFO - Running: ['***', 'tasks', 'run', 'yellow_taxi_gcs_dag', 'format_to_parquet_task', 'scheduled__2019-05-02T00:00:00+00:00', '--job-id', '431', '--raw', '--subdir', 'DAGS_FOLDER/yellow_taxi_gcs_dag.py', '--cfg-path', '/tmp/tmpamvms8r1', '--error-file', '/tmp/tmpbrrzlrje']
[2022-02-20 00:17:27,883] {standard_task_runner.py:77} INFO - Job 431: Subtask format_to_parquet_task
[2022-02-20 00:17:28,115] {logging_mixin.py:109} INFO - Running <TaskInstance: yellow_taxi_gcs_dag.format_to_parquet_task scheduled__2019-05-02T00:00:00+00:00 [running]> on host da07aa254901
[2022-02-20 00:17:28,215] {warnings.py:110} WARNING - /home/***/.local/lib/python3.7/site-packages/***/utils/context.py:152: AirflowContextDeprecationWarning: Accessing 'execution_date' from the template is deprecated and will be removed in a future version. Please use 'data_interval_start' or 'logical_date' instead.
  warnings.warn(_create_deprecation_warning(key, self._deprecation_replacements[key]))

[2022-02-20 00:17:28,259] {taskinstance.py:1426} INFO - Exporting the following env vars:
AIRFLOW_CTX_DAG_OWNER=***
AIRFLOW_CTX_DAG_ID=yellow_taxi_gcs_dag
AIRFLOW_CTX_TASK_ID=format_to_parquet_task
AIRFLOW_CTX_EXECUTION_DATE=2019-05-02T00:00:00+00:00
AIRFLOW_CTX_DAG_RUN_ID=scheduled__2019-05-02T00:00:00+00:00
[2022-02-20 00:17:42,683] {python.py:175} INFO - Done. Returned value was: None
[2022-02-20 00:17:42,738] {taskinstance.py:1277} INFO - Marking task as SUCCESS. dag_id=yellow_taxi_gcs_dag, task_id=format_to_parquet_task, execution_date=20190502T000000, start_date=20220220T001727, end_date=20220220T001742
[2022-02-20 00:17:43,214] {local_task_job.py:212} WARNING - State of this instance has been externally set to success. Terminating instance.
[2022-02-20 00:17:43,216] {process_utils.py:124} INFO - Sending Signals.SIGTERM to group 1601. PIDs of all processes in the group: [1601]
[2022-02-20 00:17:43,216] {process_utils.py:75} INFO - Sending the signal Signals.SIGTERM to group 1601
[2022-02-20 00:17:43,324] {process_utils.py:70} INFO - Process psutil.Process(pid=1601, status='terminated', exitcode=0, started='00:17:27') (1601) terminated with exit code 0
=======
>>>>>>> origin/master
