[2022-02-09 20:33:44,261] {taskinstance.py:1032} INFO - Dependencies all met for <TaskInstance: green_taxi_gcs_dag.download_dataset_task scheduled__2019-10-02T00:00:00+00:00 [queued]>
[2022-02-09 20:33:44,434] {taskinstance.py:1032} INFO - Dependencies all met for <TaskInstance: green_taxi_gcs_dag.download_dataset_task scheduled__2019-10-02T00:00:00+00:00 [queued]>
[2022-02-09 20:33:44,434] {taskinstance.py:1238} INFO - 
--------------------------------------------------------------------------------
[2022-02-09 20:33:44,434] {taskinstance.py:1239} INFO - Starting attempt 1 of 2
[2022-02-09 20:33:44,434] {taskinstance.py:1240} INFO - 
--------------------------------------------------------------------------------
[2022-02-09 20:33:44,572] {taskinstance.py:1259} INFO - Executing <Task(BashOperator): download_dataset_task> on 2019-10-02 00:00:00+00:00
[2022-02-09 20:33:44,601] {standard_task_runner.py:52} INFO - Started process 368 to run task
[2022-02-09 20:33:44,624] {standard_task_runner.py:76} INFO - Running: ['***', 'tasks', 'run', 'green_taxi_gcs_dag', 'download_dataset_task', 'scheduled__2019-10-02T00:00:00+00:00', '--job-id', '55', '--raw', '--subdir', 'DAGS_FOLDER/green_gcs_dag.py', '--cfg-path', '/tmp/tmpmhaqd8c5', '--error-file', '/tmp/tmpqwy3ze01']
[2022-02-09 20:33:44,625] {standard_task_runner.py:77} INFO - Job 55: Subtask download_dataset_task
[2022-02-09 20:33:44,954] {logging_mixin.py:109} INFO - Running <TaskInstance: green_taxi_gcs_dag.download_dataset_task scheduled__2019-10-02T00:00:00+00:00 [running]> on host 4f97b6b16bdb
[2022-02-09 20:33:45,124] {warnings.py:110} WARNING - /home/***/.local/lib/python3.7/site-packages/***/utils/context.py:152: AirflowContextDeprecationWarning: Accessing 'execution_date' from the template is deprecated and will be removed in a future version. Please use 'data_interval_start' or 'logical_date' instead.
  warnings.warn(_create_deprecation_warning(key, self._deprecation_replacements[key]))

[2022-02-09 20:33:45,236] {taskinstance.py:1426} INFO - Exporting the following env vars:
AIRFLOW_CTX_DAG_OWNER=***
AIRFLOW_CTX_DAG_ID=green_taxi_gcs_dag
AIRFLOW_CTX_TASK_ID=download_dataset_task
AIRFLOW_CTX_EXECUTION_DATE=2019-10-02T00:00:00+00:00
AIRFLOW_CTX_DAG_RUN_ID=scheduled__2019-10-02T00:00:00+00:00
[2022-02-09 20:33:45,238] {subprocess.py:62} INFO - Tmp dir root location: 
 /tmp
[2022-02-09 20:33:45,239] {subprocess.py:74} INFO - Running command: ['bash', '-c', 'curl -sS https://s3.amazonaws.com/nyc-tlc/trip+data/green_tripdata_2019-10.csv > /opt/***/output_2019-10.csv']
[2022-02-09 20:33:45,329] {subprocess.py:85} INFO - Output:
[2022-02-09 20:33:50,844] {subprocess.py:93} INFO - Command exited with return code 0
[2022-02-09 20:33:50,969] {taskinstance.py:1277} INFO - Marking task as SUCCESS. dag_id=green_taxi_gcs_dag, task_id=download_dataset_task, execution_date=20191002T000000, start_date=20220209T203344, end_date=20220209T203350
[2022-02-09 20:33:51,057] {local_task_job.py:154} INFO - Task exited with return code 0
[2022-02-09 20:33:51,266] {local_task_job.py:264} INFO - 0 downstream tasks scheduled from follow-on schedule check
[2022-02-09 20:44:52,720] {taskinstance.py:1032} INFO - Dependencies all met for <TaskInstance: green_taxi_gcs_dag.download_dataset_task scheduled__2019-10-02T00:00:00+00:00 [queued]>
[2022-02-09 20:44:52,748] {taskinstance.py:1032} INFO - Dependencies all met for <TaskInstance: green_taxi_gcs_dag.download_dataset_task scheduled__2019-10-02T00:00:00+00:00 [queued]>
[2022-02-09 20:44:52,748] {taskinstance.py:1238} INFO - 
--------------------------------------------------------------------------------
[2022-02-09 20:44:52,748] {taskinstance.py:1239} INFO - Starting attempt 1 of 2
[2022-02-09 20:44:52,748] {taskinstance.py:1240} INFO - 
--------------------------------------------------------------------------------
[2022-02-09 20:44:52,771] {taskinstance.py:1259} INFO - Executing <Task(BashOperator): download_dataset_task> on 2019-10-02 00:00:00+00:00
[2022-02-09 20:44:52,780] {standard_task_runner.py:52} INFO - Started process 808 to run task
[2022-02-09 20:44:52,787] {standard_task_runner.py:76} INFO - Running: ['***', 'tasks', 'run', 'green_taxi_gcs_dag', 'download_dataset_task', 'scheduled__2019-10-02T00:00:00+00:00', '--job-id', '153', '--raw', '--subdir', 'DAGS_FOLDER/green_gcs_dag.py', '--cfg-path', '/tmp/tmp1dhp5jcj', '--error-file', '/tmp/tmppqigs2ig']
[2022-02-09 20:44:52,789] {standard_task_runner.py:77} INFO - Job 153: Subtask download_dataset_task
[2022-02-09 20:44:52,900] {logging_mixin.py:109} INFO - Running <TaskInstance: green_taxi_gcs_dag.download_dataset_task scheduled__2019-10-02T00:00:00+00:00 [running]> on host 4f97b6b16bdb
[2022-02-09 20:44:53,012] {warnings.py:110} WARNING - /home/***/.local/lib/python3.7/site-packages/***/utils/context.py:152: AirflowContextDeprecationWarning: Accessing 'execution_date' from the template is deprecated and will be removed in a future version. Please use 'data_interval_start' or 'logical_date' instead.
  warnings.warn(_create_deprecation_warning(key, self._deprecation_replacements[key]))

[2022-02-09 20:44:53,046] {taskinstance.py:1426} INFO - Exporting the following env vars:
AIRFLOW_CTX_DAG_OWNER=***
AIRFLOW_CTX_DAG_ID=green_taxi_gcs_dag
AIRFLOW_CTX_TASK_ID=download_dataset_task
AIRFLOW_CTX_EXECUTION_DATE=2019-10-02T00:00:00+00:00
AIRFLOW_CTX_DAG_RUN_ID=scheduled__2019-10-02T00:00:00+00:00
[2022-02-09 20:44:53,047] {subprocess.py:62} INFO - Tmp dir root location: 
 /tmp
[2022-02-09 20:44:53,048] {subprocess.py:74} INFO - Running command: ['bash', '-c', 'curl -sS https://s3.amazonaws.com/nyc-tlc/trip+data/green_tripdata_2019-10.csv > /opt/***/output_2019-10.csv']
[2022-02-09 20:44:53,069] {subprocess.py:85} INFO - Output:
[2022-02-09 20:44:58,142] {subprocess.py:93} INFO - Command exited with return code 0
[2022-02-09 20:44:58,241] {taskinstance.py:1277} INFO - Marking task as SUCCESS. dag_id=green_taxi_gcs_dag, task_id=download_dataset_task, execution_date=20191002T000000, start_date=20220209T204452, end_date=20220209T204458
[2022-02-09 20:44:58,310] {local_task_job.py:154} INFO - Task exited with return code 0
[2022-02-09 20:44:58,376] {local_task_job.py:264} INFO - 1 downstream tasks scheduled from follow-on schedule check
[2022-02-20 00:06:42,928] {taskinstance.py:1032} INFO - Dependencies all met for <TaskInstance: green_taxi_gcs_dag.download_dataset_task scheduled__2019-10-02T00:00:00+00:00 [queued]>
[2022-02-20 00:06:42,944] {taskinstance.py:1032} INFO - Dependencies all met for <TaskInstance: green_taxi_gcs_dag.download_dataset_task scheduled__2019-10-02T00:00:00+00:00 [queued]>
[2022-02-20 00:06:42,945] {taskinstance.py:1238} INFO - 
--------------------------------------------------------------------------------
[2022-02-20 00:06:42,945] {taskinstance.py:1239} INFO - Starting attempt 1 of 2
[2022-02-20 00:06:42,945] {taskinstance.py:1240} INFO - 
--------------------------------------------------------------------------------
[2022-02-20 00:06:42,961] {taskinstance.py:1259} INFO - Executing <Task(BashOperator): download_dataset_task> on 2019-10-02 00:00:00+00:00
[2022-02-20 00:06:42,966] {standard_task_runner.py:52} INFO - Started process 720 to run task
[2022-02-20 00:06:42,970] {standard_task_runner.py:76} INFO - Running: ['***', 'tasks', 'run', 'green_taxi_gcs_dag', 'download_dataset_task', 'scheduled__2019-10-02T00:00:00+00:00', '--job-id', '340', '--raw', '--subdir', 'DAGS_FOLDER/green_gcs_dag.py', '--cfg-path', '/tmp/tmpcqhxykt3', '--error-file', '/tmp/tmpv34d3clr']
[2022-02-20 00:06:42,971] {standard_task_runner.py:77} INFO - Job 340: Subtask download_dataset_task
[2022-02-20 00:06:43,047] {logging_mixin.py:109} INFO - Running <TaskInstance: green_taxi_gcs_dag.download_dataset_task scheduled__2019-10-02T00:00:00+00:00 [running]> on host da07aa254901
[2022-02-20 00:06:43,109] {warnings.py:110} WARNING - /home/***/.local/lib/python3.7/site-packages/***/utils/context.py:152: AirflowContextDeprecationWarning: Accessing 'execution_date' from the template is deprecated and will be removed in a future version. Please use 'data_interval_start' or 'logical_date' instead.
  warnings.warn(_create_deprecation_warning(key, self._deprecation_replacements[key]))

[2022-02-20 00:06:43,138] {taskinstance.py:1426} INFO - Exporting the following env vars:
AIRFLOW_CTX_DAG_OWNER=***
AIRFLOW_CTX_DAG_ID=green_taxi_gcs_dag
AIRFLOW_CTX_TASK_ID=download_dataset_task
AIRFLOW_CTX_EXECUTION_DATE=2019-10-02T00:00:00+00:00
AIRFLOW_CTX_DAG_RUN_ID=scheduled__2019-10-02T00:00:00+00:00
[2022-02-20 00:06:43,139] {subprocess.py:62} INFO - Tmp dir root location: 
 /tmp
[2022-02-20 00:06:43,139] {subprocess.py:74} INFO - Running command: ['bash', '-c', 'curl -sS https://s3.amazonaws.com/nyc-tlc/trip+data/green_tripdata_2019-10.csv > /opt/***/output_2019-10.csv']
[2022-02-20 00:06:43,157] {subprocess.py:85} INFO - Output:
[2022-02-20 00:06:59,953] {subprocess.py:93} INFO - Command exited with return code 0
[2022-02-20 00:07:00,171] {taskinstance.py:1277} INFO - Marking task as SUCCESS. dag_id=green_taxi_gcs_dag, task_id=download_dataset_task, execution_date=20191002T000000, start_date=20220220T000642, end_date=20220220T000700
[2022-02-20 00:07:00,305] {local_task_job.py:154} INFO - Task exited with return code 0
[2022-02-20 00:07:00,488] {local_task_job.py:264} INFO - 1 downstream tasks scheduled from follow-on schedule check
[2022-02-20 02:00:15,365] {taskinstance.py:1032} INFO - Dependencies all met for <TaskInstance: green_taxi_gcs_dag.download_dataset_task scheduled__2019-10-02T00:00:00+00:00 [queued]>
[2022-02-20 02:00:15,416] {taskinstance.py:1032} INFO - Dependencies all met for <TaskInstance: green_taxi_gcs_dag.download_dataset_task scheduled__2019-10-02T00:00:00+00:00 [queued]>
[2022-02-20 02:00:15,416] {taskinstance.py:1238} INFO - 
--------------------------------------------------------------------------------
[2022-02-20 02:00:15,417] {taskinstance.py:1239} INFO - Starting attempt 1 of 2
[2022-02-20 02:00:15,418] {taskinstance.py:1240} INFO - 
--------------------------------------------------------------------------------
[2022-02-20 02:00:15,464] {taskinstance.py:1259} INFO - Executing <Task(BashOperator): download_dataset_task> on 2019-10-02 00:00:00+00:00
[2022-02-20 02:00:15,476] {standard_task_runner.py:52} INFO - Started process 396 to run task
[2022-02-20 02:00:15,481] {standard_task_runner.py:76} INFO - Running: ['***', 'tasks', 'run', 'green_taxi_gcs_dag', 'download_dataset_task', 'scheduled__2019-10-02T00:00:00+00:00', '--job-id', '545', '--raw', '--subdir', 'DAGS_FOLDER/green_gcs_dag.py', '--cfg-path', '/tmp/tmp9wtj9r3u', '--error-file', '/tmp/tmpf41yd7uz']
[2022-02-20 02:00:15,482] {standard_task_runner.py:77} INFO - Job 545: Subtask download_dataset_task
[2022-02-20 02:00:15,632] {logging_mixin.py:109} INFO - Running <TaskInstance: green_taxi_gcs_dag.download_dataset_task scheduled__2019-10-02T00:00:00+00:00 [running]> on host 5484a3a1f7c3
[2022-02-20 02:00:15,733] {warnings.py:110} WARNING - /home/***/.local/lib/python3.7/site-packages/***/utils/context.py:152: AirflowContextDeprecationWarning: Accessing 'execution_date' from the template is deprecated and will be removed in a future version. Please use 'data_interval_start' or 'logical_date' instead.
  warnings.warn(_create_deprecation_warning(key, self._deprecation_replacements[key]))

[2022-02-20 02:00:15,805] {taskinstance.py:1426} INFO - Exporting the following env vars:
AIRFLOW_CTX_DAG_OWNER=***
AIRFLOW_CTX_DAG_ID=green_taxi_gcs_dag
AIRFLOW_CTX_TASK_ID=download_dataset_task
AIRFLOW_CTX_EXECUTION_DATE=2019-10-02T00:00:00+00:00
AIRFLOW_CTX_DAG_RUN_ID=scheduled__2019-10-02T00:00:00+00:00
[2022-02-20 02:00:15,807] {subprocess.py:62} INFO - Tmp dir root location: 
 /tmp
[2022-02-20 02:00:15,807] {subprocess.py:74} INFO - Running command: ['bash', '-c', 'curl -sS https://s3.amazonaws.com/nyc-tlc/trip+data/green_tripdata_2019-10.csv > /opt/***/output_2019-10.csv']
[2022-02-20 02:00:15,846] {subprocess.py:85} INFO - Output:
[2022-02-20 02:00:24,908] {subprocess.py:93} INFO - Command exited with return code 0
[2022-02-20 02:00:24,946] {taskinstance.py:1277} INFO - Marking task as SUCCESS. dag_id=green_taxi_gcs_dag, task_id=download_dataset_task, execution_date=20191002T000000, start_date=20220220T020015, end_date=20220220T020024
[2022-02-20 02:00:25,004] {local_task_job.py:154} INFO - Task exited with return code 0
[2022-02-20 02:00:25,069] {local_task_job.py:264} INFO - 1 downstream tasks scheduled from follow-on schedule check
