[2022-02-03 13:45:25,874] {taskinstance.py:1032} INFO - Dependencies all met for <TaskInstance: LocalIngestionDag.wget scheduled__2019-03-02T06:00:00+00:00 [queued]>
[2022-02-03 13:45:25,945] {taskinstance.py:1032} INFO - Dependencies all met for <TaskInstance: LocalIngestionDag.wget scheduled__2019-03-02T06:00:00+00:00 [queued]>
[2022-02-03 13:45:25,945] {taskinstance.py:1238} INFO - 
--------------------------------------------------------------------------------
[2022-02-03 13:45:25,946] {taskinstance.py:1239} INFO - Starting attempt 1 of 1
[2022-02-03 13:45:25,947] {taskinstance.py:1240} INFO - 
--------------------------------------------------------------------------------
[2022-02-03 13:45:26,041] {taskinstance.py:1259} INFO - Executing <Task(BashOperator): wget> on 2019-03-02 06:00:00+00:00
[2022-02-03 13:45:26,069] {standard_task_runner.py:52} INFO - Started process 1397 to run task
[2022-02-03 13:45:26,098] {standard_task_runner.py:76} INFO - Running: ['***', 'tasks', 'run', 'LocalIngestionDag', 'wget', 'scheduled__2019-03-02T06:00:00+00:00', '--job-id', '29', '--raw', '--subdir', 'DAGS_FOLDER/data_ingestion_localDB_dag.py', '--cfg-path', '/tmp/tmpflw8vcgh', '--error-file', '/tmp/tmpb3_tmajp']
[2022-02-03 13:45:26,099] {standard_task_runner.py:77} INFO - Job 29: Subtask wget
[2022-02-03 13:45:26,303] {logging_mixin.py:109} INFO - Running <TaskInstance: LocalIngestionDag.wget scheduled__2019-03-02T06:00:00+00:00 [running]> on host 2b92176b720f
[2022-02-03 13:45:26,534] {warnings.py:110} WARNING - /home/***/.local/lib/python3.7/site-packages/***/utils/context.py:152: AirflowContextDeprecationWarning: Accessing 'execution_date' from the template is deprecated and will be removed in a future version. Please use 'data_interval_start' or 'logical_date' instead.
  warnings.warn(_create_deprecation_warning(key, self._deprecation_replacements[key]))

[2022-02-03 13:45:26,803] {taskinstance.py:1426} INFO - Exporting the following env vars:
AIRFLOW_CTX_DAG_OWNER=***
AIRFLOW_CTX_DAG_ID=LocalIngestionDag
AIRFLOW_CTX_TASK_ID=wget
AIRFLOW_CTX_EXECUTION_DATE=2019-03-02T06:00:00+00:00
AIRFLOW_CTX_DAG_RUN_ID=scheduled__2019-03-02T06:00:00+00:00
[2022-02-03 13:45:26,815] {subprocess.py:62} INFO - Tmp dir root location: 
 /tmp
[2022-02-03 13:45:26,817] {subprocess.py:74} INFO - Running command: ['bash', '-c', 'echo "2019-m%"']
[2022-02-03 13:45:26,913] {subprocess.py:85} INFO - Output:
[2022-02-03 13:45:26,933] {subprocess.py:89} INFO - 2019-m%
[2022-02-03 13:45:26,933] {subprocess.py:93} INFO - Command exited with return code 0
[2022-02-03 13:45:27,148] {taskinstance.py:1277} INFO - Marking task as SUCCESS. dag_id=LocalIngestionDag, task_id=wget, execution_date=20190302T060000, start_date=20220203T134525, end_date=20220203T134527
[2022-02-03 13:45:27,563] {local_task_job.py:154} INFO - Task exited with return code 0
[2022-02-03 13:45:28,220] {local_task_job.py:264} INFO - 0 downstream tasks scheduled from follow-on schedule check
[2022-02-03 13:53:57,071] {taskinstance.py:1032} INFO - Dependencies all met for <TaskInstance: LocalIngestionDag.wget scheduled__2019-03-02T06:00:00+00:00 [queued]>
[2022-02-03 13:53:57,088] {taskinstance.py:1032} INFO - Dependencies all met for <TaskInstance: LocalIngestionDag.wget scheduled__2019-03-02T06:00:00+00:00 [queued]>
[2022-02-03 13:53:57,088] {taskinstance.py:1238} INFO - 
--------------------------------------------------------------------------------
[2022-02-03 13:53:57,089] {taskinstance.py:1239} INFO - Starting attempt 1 of 1
[2022-02-03 13:53:57,089] {taskinstance.py:1240} INFO - 
--------------------------------------------------------------------------------
[2022-02-03 13:53:57,108] {taskinstance.py:1259} INFO - Executing <Task(BashOperator): wget> on 2019-03-02 06:00:00+00:00
[2022-02-03 13:53:57,114] {standard_task_runner.py:52} INFO - Started process 1857 to run task
[2022-02-03 13:53:57,120] {standard_task_runner.py:76} INFO - Running: ['***', 'tasks', 'run', 'LocalIngestionDag', 'wget', 'scheduled__2019-03-02T06:00:00+00:00', '--job-id', '69', '--raw', '--subdir', 'DAGS_FOLDER/data_ingestion_localDB_dag.py', '--cfg-path', '/tmp/tmpzvppx8xw', '--error-file', '/tmp/tmpxgnl2_ld']
[2022-02-03 13:53:57,121] {standard_task_runner.py:77} INFO - Job 69: Subtask wget
[2022-02-03 13:53:57,200] {logging_mixin.py:109} INFO - Running <TaskInstance: LocalIngestionDag.wget scheduled__2019-03-02T06:00:00+00:00 [running]> on host 2b92176b720f
[2022-02-03 13:53:57,284] {warnings.py:110} WARNING - /home/***/.local/lib/python3.7/site-packages/***/utils/context.py:152: AirflowContextDeprecationWarning: Accessing 'execution_date' from the template is deprecated and will be removed in a future version. Please use 'data_interval_start' or 'logical_date' instead.
  warnings.warn(_create_deprecation_warning(key, self._deprecation_replacements[key]))

[2022-02-03 13:53:57,314] {taskinstance.py:1426} INFO - Exporting the following env vars:
AIRFLOW_CTX_DAG_OWNER=***
AIRFLOW_CTX_DAG_ID=LocalIngestionDag
AIRFLOW_CTX_TASK_ID=wget
AIRFLOW_CTX_EXECUTION_DATE=2019-03-02T06:00:00+00:00
AIRFLOW_CTX_DAG_RUN_ID=scheduled__2019-03-02T06:00:00+00:00
[2022-02-03 13:53:57,321] {subprocess.py:62} INFO - Tmp dir root location: 
 /tmp
[2022-02-03 13:53:57,322] {subprocess.py:74} INFO - Running command: ['bash', '-c', 'echo "2019-03"']
[2022-02-03 13:53:57,344] {subprocess.py:85} INFO - Output:
[2022-02-03 13:53:57,348] {subprocess.py:89} INFO - 2019-03
[2022-02-03 13:53:57,348] {subprocess.py:93} INFO - Command exited with return code 0
[2022-02-03 13:53:57,401] {taskinstance.py:1277} INFO - Marking task as SUCCESS. dag_id=LocalIngestionDag, task_id=wget, execution_date=20190302T060000, start_date=20220203T135357, end_date=20220203T135357
[2022-02-03 13:53:57,469] {local_task_job.py:154} INFO - Task exited with return code 0
[2022-02-03 13:53:57,552] {local_task_job.py:264} INFO - 0 downstream tasks scheduled from follow-on schedule check
