[2022-02-03 13:45:28,328] {taskinstance.py:1032} INFO - Dependencies all met for <TaskInstance: LocalIngestionDag.wget scheduled__2019-05-02T06:00:00+00:00 [queued]>
[2022-02-03 13:45:28,431] {taskinstance.py:1032} INFO - Dependencies all met for <TaskInstance: LocalIngestionDag.wget scheduled__2019-05-02T06:00:00+00:00 [queued]>
[2022-02-03 13:45:28,432] {taskinstance.py:1238} INFO - 
--------------------------------------------------------------------------------
[2022-02-03 13:45:28,433] {taskinstance.py:1239} INFO - Starting attempt 1 of 1
[2022-02-03 13:45:28,433] {taskinstance.py:1240} INFO - 
--------------------------------------------------------------------------------
[2022-02-03 13:45:28,656] {taskinstance.py:1259} INFO - Executing <Task(BashOperator): wget> on 2019-05-02 06:00:00+00:00
[2022-02-03 13:45:28,696] {standard_task_runner.py:52} INFO - Started process 1403 to run task
[2022-02-03 13:45:28,719] {standard_task_runner.py:76} INFO - Running: ['***', 'tasks', 'run', 'LocalIngestionDag', 'wget', 'scheduled__2019-05-02T06:00:00+00:00', '--job-id', '31', '--raw', '--subdir', 'DAGS_FOLDER/data_ingestion_localDB_dag.py', '--cfg-path', '/tmp/tmp4q6ihful', '--error-file', '/tmp/tmpwegjbfpt']
[2022-02-03 13:45:28,720] {standard_task_runner.py:77} INFO - Job 31: Subtask wget
[2022-02-03 13:45:29,639] {logging_mixin.py:109} INFO - Running <TaskInstance: LocalIngestionDag.wget scheduled__2019-05-02T06:00:00+00:00 [running]> on host 2b92176b720f
[2022-02-03 13:45:30,159] {warnings.py:110} WARNING - /home/***/.local/lib/python3.7/site-packages/***/utils/context.py:152: AirflowContextDeprecationWarning: Accessing 'execution_date' from the template is deprecated and will be removed in a future version. Please use 'data_interval_start' or 'logical_date' instead.
  warnings.warn(_create_deprecation_warning(key, self._deprecation_replacements[key]))

[2022-02-03 13:45:30,358] {taskinstance.py:1426} INFO - Exporting the following env vars:
AIRFLOW_CTX_DAG_OWNER=***
AIRFLOW_CTX_DAG_ID=LocalIngestionDag
AIRFLOW_CTX_TASK_ID=wget
AIRFLOW_CTX_EXECUTION_DATE=2019-05-02T06:00:00+00:00
AIRFLOW_CTX_DAG_RUN_ID=scheduled__2019-05-02T06:00:00+00:00
[2022-02-03 13:45:30,359] {subprocess.py:62} INFO - Tmp dir root location: 
 /tmp
[2022-02-03 13:45:30,360] {subprocess.py:74} INFO - Running command: ['bash', '-c', 'echo "2019-m%"']
[2022-02-03 13:45:30,415] {subprocess.py:85} INFO - Output:
[2022-02-03 13:45:30,425] {subprocess.py:89} INFO - 2019-m%
[2022-02-03 13:45:30,426] {subprocess.py:93} INFO - Command exited with return code 0
[2022-02-03 13:45:30,604] {taskinstance.py:1277} INFO - Marking task as SUCCESS. dag_id=LocalIngestionDag, task_id=wget, execution_date=20190502T060000, start_date=20220203T134528, end_date=20220203T134530
[2022-02-03 13:45:30,803] {local_task_job.py:154} INFO - Task exited with return code 0
[2022-02-03 13:45:31,094] {local_task_job.py:264} INFO - 0 downstream tasks scheduled from follow-on schedule check
[2022-02-03 13:53:59,461] {taskinstance.py:1032} INFO - Dependencies all met for <TaskInstance: LocalIngestionDag.wget scheduled__2019-05-02T06:00:00+00:00 [queued]>
[2022-02-03 13:53:59,485] {taskinstance.py:1032} INFO - Dependencies all met for <TaskInstance: LocalIngestionDag.wget scheduled__2019-05-02T06:00:00+00:00 [queued]>
[2022-02-03 13:53:59,485] {taskinstance.py:1238} INFO - 
--------------------------------------------------------------------------------
[2022-02-03 13:53:59,486] {taskinstance.py:1239} INFO - Starting attempt 1 of 1
[2022-02-03 13:53:59,486] {taskinstance.py:1240} INFO - 
--------------------------------------------------------------------------------
[2022-02-03 13:53:59,510] {taskinstance.py:1259} INFO - Executing <Task(BashOperator): wget> on 2019-05-02 06:00:00+00:00
[2022-02-03 13:53:59,516] {standard_task_runner.py:52} INFO - Started process 1863 to run task
[2022-02-03 13:53:59,524] {standard_task_runner.py:76} INFO - Running: ['***', 'tasks', 'run', 'LocalIngestionDag', 'wget', 'scheduled__2019-05-02T06:00:00+00:00', '--job-id', '71', '--raw', '--subdir', 'DAGS_FOLDER/data_ingestion_localDB_dag.py', '--cfg-path', '/tmp/tmpqxybvcjm', '--error-file', '/tmp/tmpmy1ov6rv']
[2022-02-03 13:53:59,524] {standard_task_runner.py:77} INFO - Job 71: Subtask wget
[2022-02-03 13:53:59,614] {logging_mixin.py:109} INFO - Running <TaskInstance: LocalIngestionDag.wget scheduled__2019-05-02T06:00:00+00:00 [running]> on host 2b92176b720f
[2022-02-03 13:53:59,667] {warnings.py:110} WARNING - /home/***/.local/lib/python3.7/site-packages/***/utils/context.py:152: AirflowContextDeprecationWarning: Accessing 'execution_date' from the template is deprecated and will be removed in a future version. Please use 'data_interval_start' or 'logical_date' instead.
  warnings.warn(_create_deprecation_warning(key, self._deprecation_replacements[key]))

[2022-02-03 13:53:59,687] {taskinstance.py:1426} INFO - Exporting the following env vars:
AIRFLOW_CTX_DAG_OWNER=***
AIRFLOW_CTX_DAG_ID=LocalIngestionDag
AIRFLOW_CTX_TASK_ID=wget
AIRFLOW_CTX_EXECUTION_DATE=2019-05-02T06:00:00+00:00
AIRFLOW_CTX_DAG_RUN_ID=scheduled__2019-05-02T06:00:00+00:00
[2022-02-03 13:53:59,688] {subprocess.py:62} INFO - Tmp dir root location: 
 /tmp
[2022-02-03 13:53:59,689] {subprocess.py:74} INFO - Running command: ['bash', '-c', 'echo "2019-05"']
[2022-02-03 13:53:59,699] {subprocess.py:85} INFO - Output:
[2022-02-03 13:53:59,701] {subprocess.py:89} INFO - 2019-05
[2022-02-03 13:53:59,702] {subprocess.py:93} INFO - Command exited with return code 0
[2022-02-03 13:53:59,731] {taskinstance.py:1277} INFO - Marking task as SUCCESS. dag_id=LocalIngestionDag, task_id=wget, execution_date=20190502T060000, start_date=20220203T135359, end_date=20220203T135359
[2022-02-03 13:53:59,777] {local_task_job.py:154} INFO - Task exited with return code 0
[2022-02-03 13:53:59,822] {local_task_job.py:264} INFO - 0 downstream tasks scheduled from follow-on schedule check
