[2022-02-03 14:12:07,831] {taskinstance.py:1032} INFO - Dependencies all met for <TaskInstance: LocalIngestionDag.wget scheduled__2019-01-01T06:00:00+00:00 [queued]>
[2022-02-03 14:12:07,883] {taskinstance.py:1032} INFO - Dependencies all met for <TaskInstance: LocalIngestionDag.wget scheduled__2019-01-01T06:00:00+00:00 [queued]>
[2022-02-03 14:12:07,883] {taskinstance.py:1238} INFO - 
--------------------------------------------------------------------------------
[2022-02-03 14:12:07,883] {taskinstance.py:1239} INFO - Starting attempt 1 of 1
[2022-02-03 14:12:07,883] {taskinstance.py:1240} INFO - 
--------------------------------------------------------------------------------
[2022-02-03 14:12:07,930] {taskinstance.py:1259} INFO - Executing <Task(BashOperator): wget> on 2019-01-01 06:00:00+00:00
[2022-02-03 14:12:07,938] {standard_task_runner.py:52} INFO - Started process 687 to run task
[2022-02-03 14:12:07,946] {standard_task_runner.py:76} INFO - Running: ['***', 'tasks', 'run', 'LocalIngestionDag', 'wget', 'scheduled__2019-01-01T06:00:00+00:00', '--job-id', '111', '--raw', '--subdir', 'DAGS_FOLDER/data_ingestion_localDB_dag.py', '--cfg-path', '/tmp/tmp9i3f7z_e', '--error-file', '/tmp/tmp8l5p2f_y']
[2022-02-03 14:12:07,946] {standard_task_runner.py:77} INFO - Job 111: Subtask wget
[2022-02-03 14:12:08,122] {logging_mixin.py:109} INFO - Running <TaskInstance: LocalIngestionDag.wget scheduled__2019-01-01T06:00:00+00:00 [running]> on host cd3baa871297
[2022-02-03 14:12:08,270] {warnings.py:110} WARNING - /home/***/.local/lib/python3.7/site-packages/***/utils/context.py:152: AirflowContextDeprecationWarning: Accessing 'execution_date' from the template is deprecated and will be removed in a future version. Please use 'data_interval_start' or 'logical_date' instead.
  warnings.warn(_create_deprecation_warning(key, self._deprecation_replacements[key]))

[2022-02-03 14:12:08,453] {taskinstance.py:1426} INFO - Exporting the following env vars:
AIRFLOW_CTX_DAG_OWNER=***
AIRFLOW_CTX_DAG_ID=LocalIngestionDag
AIRFLOW_CTX_TASK_ID=wget
AIRFLOW_CTX_EXECUTION_DATE=2019-01-01T06:00:00+00:00
AIRFLOW_CTX_DAG_RUN_ID=scheduled__2019-01-01T06:00:00+00:00
[2022-02-03 14:12:08,454] {subprocess.py:62} INFO - Tmp dir root location: 
 /tmp
[2022-02-03 14:12:08,456] {subprocess.py:74} INFO - Running command: ['bash', '-c', 'echo "2019-01"']
[2022-02-03 14:12:08,510] {subprocess.py:85} INFO - Output:
[2022-02-03 14:12:08,526] {subprocess.py:89} INFO - 2019-01
[2022-02-03 14:12:08,533] {subprocess.py:93} INFO - Command exited with return code 0
[2022-02-03 14:12:08,811] {taskinstance.py:1277} INFO - Marking task as SUCCESS. dag_id=LocalIngestionDag, task_id=wget, execution_date=20190101T060000, start_date=20220203T141207, end_date=20220203T141208
[2022-02-03 14:12:08,898] {local_task_job.py:154} INFO - Task exited with return code 0
[2022-02-03 14:12:09,024] {local_task_job.py:264} INFO - 0 downstream tasks scheduled from follow-on schedule check
[2022-02-03 14:26:53,730] {taskinstance.py:1032} INFO - Dependencies all met for <TaskInstance: LocalIngestionDag.wget scheduled__2019-01-01T06:00:00+00:00 [queued]>
[2022-02-03 14:26:53,754] {taskinstance.py:1032} INFO - Dependencies all met for <TaskInstance: LocalIngestionDag.wget scheduled__2019-01-01T06:00:00+00:00 [queued]>
[2022-02-03 14:26:53,754] {taskinstance.py:1238} INFO - 
--------------------------------------------------------------------------------
[2022-02-03 14:26:53,754] {taskinstance.py:1239} INFO - Starting attempt 1 of 1
[2022-02-03 14:26:53,754] {taskinstance.py:1240} INFO - 
--------------------------------------------------------------------------------
[2022-02-03 14:26:53,794] {taskinstance.py:1259} INFO - Executing <Task(BashOperator): wget> on 2019-01-01 06:00:00+00:00
[2022-02-03 14:26:53,807] {standard_task_runner.py:52} INFO - Started process 1343 to run task
[2022-02-03 14:26:53,813] {standard_task_runner.py:76} INFO - Running: ['***', 'tasks', 'run', 'LocalIngestionDag', 'wget', 'scheduled__2019-01-01T06:00:00+00:00', '--job-id', '117', '--raw', '--subdir', 'DAGS_FOLDER/data_ingestion_localDB_dag.py', '--cfg-path', '/tmp/tmpuerzglmy', '--error-file', '/tmp/tmp5udse_il']
[2022-02-03 14:26:53,813] {standard_task_runner.py:77} INFO - Job 117: Subtask wget
[2022-02-03 14:26:53,964] {logging_mixin.py:109} INFO - Running <TaskInstance: LocalIngestionDag.wget scheduled__2019-01-01T06:00:00+00:00 [running]> on host cd3baa871297
[2022-02-03 14:26:54,098] {warnings.py:110} WARNING - /home/***/.local/lib/python3.7/site-packages/***/utils/context.py:152: AirflowContextDeprecationWarning: Accessing 'execution_date' from the template is deprecated and will be removed in a future version. Please use 'data_interval_start' or 'logical_date' instead.
  warnings.warn(_create_deprecation_warning(key, self._deprecation_replacements[key]))

[2022-02-03 14:26:54,223] {taskinstance.py:1426} INFO - Exporting the following env vars:
AIRFLOW_CTX_DAG_OWNER=***
AIRFLOW_CTX_DAG_ID=LocalIngestionDag
AIRFLOW_CTX_TASK_ID=wget
AIRFLOW_CTX_EXECUTION_DATE=2019-01-01T06:00:00+00:00
AIRFLOW_CTX_DAG_RUN_ID=scheduled__2019-01-01T06:00:00+00:00
[2022-02-03 14:26:54,224] {subprocess.py:62} INFO - Tmp dir root location: 
 /tmp
[2022-02-03 14:26:54,235] {subprocess.py:74} INFO - Running command: ['bash', '-c', 'echo "2019-01"']
[2022-02-03 14:26:54,313] {subprocess.py:85} INFO - Output:
[2022-02-03 14:26:54,340] {subprocess.py:89} INFO - 2019-01
[2022-02-03 14:26:54,340] {subprocess.py:93} INFO - Command exited with return code 0
[2022-02-03 14:26:54,536] {taskinstance.py:1277} INFO - Marking task as SUCCESS. dag_id=LocalIngestionDag, task_id=wget, execution_date=20190101T060000, start_date=20220203T142653, end_date=20220203T142654
[2022-02-03 14:26:54,610] {local_task_job.py:154} INFO - Task exited with return code 0
[2022-02-03 14:26:54,690] {local_task_job.py:264} INFO - 0 downstream tasks scheduled from follow-on schedule check
