[2022-02-09 20:36:22,580] {taskinstance.py:1032} INFO - Dependencies all met for <TaskInstance: green_taxi_gcs_dag.delete_the_local_file scheduled__2019-11-02T00:00:00+00:00 [queued]>
[2022-02-09 20:36:22,670] {taskinstance.py:1032} INFO - Dependencies all met for <TaskInstance: green_taxi_gcs_dag.delete_the_local_file scheduled__2019-11-02T00:00:00+00:00 [queued]>
[2022-02-09 20:36:22,670] {taskinstance.py:1238} INFO - 
--------------------------------------------------------------------------------
[2022-02-09 20:36:22,670] {taskinstance.py:1239} INFO - Starting attempt 1 of 2
[2022-02-09 20:36:22,671] {taskinstance.py:1240} INFO - 
--------------------------------------------------------------------------------
[2022-02-09 20:36:22,722] {taskinstance.py:1259} INFO - Executing <Task(BashOperator): delete_the_local_file> on 2019-11-02 00:00:00+00:00
[2022-02-09 20:36:22,731] {standard_task_runner.py:52} INFO - Started process 73 to run task
[2022-02-09 20:36:22,736] {standard_task_runner.py:76} INFO - Running: ['***', 'tasks', 'run', 'green_taxi_gcs_dag', 'delete_the_local_file', 'scheduled__2019-11-02T00:00:00+00:00', '--job-id', '70', '--raw', '--subdir', 'DAGS_FOLDER/green_gcs_dag.py', '--cfg-path', '/tmp/tmp3938caxr', '--error-file', '/tmp/tmpkyncqxlx']
[2022-02-09 20:36:22,748] {standard_task_runner.py:77} INFO - Job 70: Subtask delete_the_local_file
[2022-02-09 20:36:22,943] {logging_mixin.py:109} INFO - Running <TaskInstance: green_taxi_gcs_dag.delete_the_local_file scheduled__2019-11-02T00:00:00+00:00 [running]> on host 4f97b6b16bdb
[2022-02-09 20:36:23,100] {warnings.py:110} WARNING - /home/***/.local/lib/python3.7/site-packages/***/utils/context.py:152: AirflowContextDeprecationWarning: Accessing 'execution_date' from the template is deprecated and will be removed in a future version. Please use 'data_interval_start' or 'logical_date' instead.
  warnings.warn(_create_deprecation_warning(key, self._deprecation_replacements[key]))

[2022-02-09 20:36:23,145] {taskinstance.py:1426} INFO - Exporting the following env vars:
AIRFLOW_CTX_DAG_OWNER=***
AIRFLOW_CTX_DAG_ID=green_taxi_gcs_dag
AIRFLOW_CTX_TASK_ID=delete_the_local_file
AIRFLOW_CTX_EXECUTION_DATE=2019-11-02T00:00:00+00:00
AIRFLOW_CTX_DAG_RUN_ID=scheduled__2019-11-02T00:00:00+00:00
[2022-02-09 20:36:23,146] {subprocess.py:62} INFO - Tmp dir root location: 
 /tmp
[2022-02-09 20:36:23,154] {subprocess.py:74} INFO - Running command: ['bash', '-c', 'rm /opt/***/output_2019-11.csv | rm /opt/***/output_2019-11.parquet']
[2022-02-09 20:36:23,183] {subprocess.py:85} INFO - Output:
[2022-02-09 20:36:23,243] {subprocess.py:93} INFO - Command exited with return code 0
[2022-02-09 20:36:23,329] {taskinstance.py:1277} INFO - Marking task as SUCCESS. dag_id=green_taxi_gcs_dag, task_id=delete_the_local_file, execution_date=20191102T000000, start_date=20220209T203622, end_date=20220209T203623
[2022-02-09 20:36:23,382] {local_task_job.py:154} INFO - Task exited with return code 0
[2022-02-09 20:36:23,463] {local_task_job.py:264} INFO - 0 downstream tasks scheduled from follow-on schedule check
[2022-02-09 20:45:23,577] {taskinstance.py:1032} INFO - Dependencies all met for <TaskInstance: green_taxi_gcs_dag.delete_the_local_file scheduled__2019-11-02T00:00:00+00:00 [queued]>
[2022-02-09 20:45:23,613] {taskinstance.py:1032} INFO - Dependencies all met for <TaskInstance: green_taxi_gcs_dag.delete_the_local_file scheduled__2019-11-02T00:00:00+00:00 [queued]>
[2022-02-09 20:45:23,614] {taskinstance.py:1238} INFO - 
--------------------------------------------------------------------------------
[2022-02-09 20:45:23,614] {taskinstance.py:1239} INFO - Starting attempt 1 of 2
[2022-02-09 20:45:23,614] {taskinstance.py:1240} INFO - 
--------------------------------------------------------------------------------
[2022-02-09 20:45:23,652] {taskinstance.py:1259} INFO - Executing <Task(BashOperator): delete_the_local_file> on 2019-11-02 00:00:00+00:00
[2022-02-09 20:45:23,664] {standard_task_runner.py:52} INFO - Started process 864 to run task
[2022-02-09 20:45:23,676] {standard_task_runner.py:76} INFO - Running: ['***', 'tasks', 'run', 'green_taxi_gcs_dag', 'delete_the_local_file', 'scheduled__2019-11-02T00:00:00+00:00', '--job-id', '160', '--raw', '--subdir', 'DAGS_FOLDER/green_gcs_dag.py', '--cfg-path', '/tmp/tmpugm2nssy', '--error-file', '/tmp/tmp61fx1kk0']
[2022-02-09 20:45:23,678] {standard_task_runner.py:77} INFO - Job 160: Subtask delete_the_local_file
[2022-02-09 20:45:23,829] {logging_mixin.py:109} INFO - Running <TaskInstance: green_taxi_gcs_dag.delete_the_local_file scheduled__2019-11-02T00:00:00+00:00 [running]> on host 4f97b6b16bdb
[2022-02-09 20:45:23,910] {warnings.py:110} WARNING - /home/***/.local/lib/python3.7/site-packages/***/utils/context.py:152: AirflowContextDeprecationWarning: Accessing 'execution_date' from the template is deprecated and will be removed in a future version. Please use 'data_interval_start' or 'logical_date' instead.
  warnings.warn(_create_deprecation_warning(key, self._deprecation_replacements[key]))

[2022-02-09 20:45:23,936] {taskinstance.py:1426} INFO - Exporting the following env vars:
AIRFLOW_CTX_DAG_OWNER=***
AIRFLOW_CTX_DAG_ID=green_taxi_gcs_dag
AIRFLOW_CTX_TASK_ID=delete_the_local_file
AIRFLOW_CTX_EXECUTION_DATE=2019-11-02T00:00:00+00:00
AIRFLOW_CTX_DAG_RUN_ID=scheduled__2019-11-02T00:00:00+00:00
[2022-02-09 20:45:23,937] {subprocess.py:62} INFO - Tmp dir root location: 
 /tmp
[2022-02-09 20:45:23,939] {subprocess.py:74} INFO - Running command: ['bash', '-c', 'rm /opt/***/output_2019-11.csv | rm /opt/***/output_2019-11.parquet']
[2022-02-09 20:45:23,956] {subprocess.py:85} INFO - Output:
[2022-02-09 20:45:23,971] {subprocess.py:93} INFO - Command exited with return code 0
[2022-02-09 20:45:24,011] {taskinstance.py:1277} INFO - Marking task as SUCCESS. dag_id=green_taxi_gcs_dag, task_id=delete_the_local_file, execution_date=20191102T000000, start_date=20220209T204523, end_date=20220209T204524
[2022-02-09 20:45:24,053] {local_task_job.py:154} INFO - Task exited with return code 0
[2022-02-09 20:45:24,098] {local_task_job.py:264} INFO - 0 downstream tasks scheduled from follow-on schedule check
[2022-02-20 00:07:24,176] {taskinstance.py:1032} INFO - Dependencies all met for <TaskInstance: green_taxi_gcs_dag.delete_the_local_file scheduled__2019-11-02T00:00:00+00:00 [queued]>
[2022-02-20 00:07:24,191] {taskinstance.py:1032} INFO - Dependencies all met for <TaskInstance: green_taxi_gcs_dag.delete_the_local_file scheduled__2019-11-02T00:00:00+00:00 [queued]>
[2022-02-20 00:07:24,191] {taskinstance.py:1238} INFO - 
--------------------------------------------------------------------------------
[2022-02-20 00:07:24,191] {taskinstance.py:1239} INFO - Starting attempt 1 of 2
[2022-02-20 00:07:24,191] {taskinstance.py:1240} INFO - 
--------------------------------------------------------------------------------
[2022-02-20 00:07:24,206] {taskinstance.py:1259} INFO - Executing <Task(BashOperator): delete_the_local_file> on 2019-11-02 00:00:00+00:00
[2022-02-20 00:07:24,212] {standard_task_runner.py:52} INFO - Started process 818 to run task
[2022-02-20 00:07:24,216] {standard_task_runner.py:76} INFO - Running: ['***', 'tasks', 'run', 'green_taxi_gcs_dag', 'delete_the_local_file', 'scheduled__2019-11-02T00:00:00+00:00', '--job-id', '352', '--raw', '--subdir', 'DAGS_FOLDER/green_gcs_dag.py', '--cfg-path', '/tmp/tmpu8aminum', '--error-file', '/tmp/tmpt8xv647l']
[2022-02-20 00:07:24,218] {standard_task_runner.py:77} INFO - Job 352: Subtask delete_the_local_file
[2022-02-20 00:07:24,303] {logging_mixin.py:109} INFO - Running <TaskInstance: green_taxi_gcs_dag.delete_the_local_file scheduled__2019-11-02T00:00:00+00:00 [running]> on host da07aa254901
[2022-02-20 00:07:24,353] {warnings.py:110} WARNING - /home/***/.local/lib/python3.7/site-packages/***/utils/context.py:152: AirflowContextDeprecationWarning: Accessing 'execution_date' from the template is deprecated and will be removed in a future version. Please use 'data_interval_start' or 'logical_date' instead.
  warnings.warn(_create_deprecation_warning(key, self._deprecation_replacements[key]))

[2022-02-20 00:07:24,376] {taskinstance.py:1426} INFO - Exporting the following env vars:
AIRFLOW_CTX_DAG_OWNER=***
AIRFLOW_CTX_DAG_ID=green_taxi_gcs_dag
AIRFLOW_CTX_TASK_ID=delete_the_local_file
AIRFLOW_CTX_EXECUTION_DATE=2019-11-02T00:00:00+00:00
AIRFLOW_CTX_DAG_RUN_ID=scheduled__2019-11-02T00:00:00+00:00
[2022-02-20 00:07:24,377] {subprocess.py:62} INFO - Tmp dir root location: 
 /tmp
[2022-02-20 00:07:24,378] {subprocess.py:74} INFO - Running command: ['bash', '-c', 'rm /opt/***/output_2019-11.csv | rm /opt/***/output_2019-11.parquet']
[2022-02-20 00:07:24,397] {subprocess.py:85} INFO - Output:
[2022-02-20 00:07:24,411] {subprocess.py:93} INFO - Command exited with return code 0
[2022-02-20 00:07:24,443] {taskinstance.py:1277} INFO - Marking task as SUCCESS. dag_id=green_taxi_gcs_dag, task_id=delete_the_local_file, execution_date=20191102T000000, start_date=20220220T000724, end_date=20220220T000724
[2022-02-20 00:07:24,468] {local_task_job.py:154} INFO - Task exited with return code 0
[2022-02-20 00:07:24,551] {local_task_job.py:264} INFO - 0 downstream tasks scheduled from follow-on schedule check
[2022-02-20 02:00:57,331] {taskinstance.py:1032} INFO - Dependencies all met for <TaskInstance: green_taxi_gcs_dag.delete_the_local_file scheduled__2019-11-02T00:00:00+00:00 [queued]>
[2022-02-20 02:00:57,405] {taskinstance.py:1032} INFO - Dependencies all met for <TaskInstance: green_taxi_gcs_dag.delete_the_local_file scheduled__2019-11-02T00:00:00+00:00 [queued]>
[2022-02-20 02:00:57,410] {taskinstance.py:1238} INFO - 
--------------------------------------------------------------------------------
[2022-02-20 02:00:57,419] {taskinstance.py:1239} INFO - Starting attempt 1 of 2
[2022-02-20 02:00:57,420] {taskinstance.py:1240} INFO - 
--------------------------------------------------------------------------------
[2022-02-20 02:00:57,481] {taskinstance.py:1259} INFO - Executing <Task(BashOperator): delete_the_local_file> on 2019-11-02 00:00:00+00:00
[2022-02-20 02:00:57,489] {standard_task_runner.py:52} INFO - Started process 528 to run task
[2022-02-20 02:00:57,497] {standard_task_runner.py:76} INFO - Running: ['***', 'tasks', 'run', 'green_taxi_gcs_dag', 'delete_the_local_file', 'scheduled__2019-11-02T00:00:00+00:00', '--job-id', '563', '--raw', '--subdir', 'DAGS_FOLDER/green_gcs_dag.py', '--cfg-path', '/tmp/tmpefjkwn_l', '--error-file', '/tmp/tmpuo6aaq_i']
[2022-02-20 02:00:57,499] {standard_task_runner.py:77} INFO - Job 563: Subtask delete_the_local_file
[2022-02-20 02:00:57,631] {logging_mixin.py:109} INFO - Running <TaskInstance: green_taxi_gcs_dag.delete_the_local_file scheduled__2019-11-02T00:00:00+00:00 [running]> on host 5484a3a1f7c3
[2022-02-20 02:00:57,785] {warnings.py:110} WARNING - /home/***/.local/lib/python3.7/site-packages/***/utils/context.py:152: AirflowContextDeprecationWarning: Accessing 'execution_date' from the template is deprecated and will be removed in a future version. Please use 'data_interval_start' or 'logical_date' instead.
  warnings.warn(_create_deprecation_warning(key, self._deprecation_replacements[key]))

[2022-02-20 02:00:57,870] {taskinstance.py:1426} INFO - Exporting the following env vars:
AIRFLOW_CTX_DAG_OWNER=***
AIRFLOW_CTX_DAG_ID=green_taxi_gcs_dag
AIRFLOW_CTX_TASK_ID=delete_the_local_file
AIRFLOW_CTX_EXECUTION_DATE=2019-11-02T00:00:00+00:00
AIRFLOW_CTX_DAG_RUN_ID=scheduled__2019-11-02T00:00:00+00:00
[2022-02-20 02:00:57,871] {subprocess.py:62} INFO - Tmp dir root location: 
 /tmp
[2022-02-20 02:00:57,874] {subprocess.py:74} INFO - Running command: ['bash', '-c', 'rm /opt/***/output_2019-11.csv | rm /opt/***/output_2019-11.parquet']
[2022-02-20 02:00:57,935] {subprocess.py:85} INFO - Output:
[2022-02-20 02:00:57,970] {subprocess.py:93} INFO - Command exited with return code 0
[2022-02-20 02:00:58,047] {taskinstance.py:1277} INFO - Marking task as SUCCESS. dag_id=green_taxi_gcs_dag, task_id=delete_the_local_file, execution_date=20191102T000000, start_date=20220220T020057, end_date=20220220T020058
[2022-02-20 02:00:58,112] {local_task_job.py:154} INFO - Task exited with return code 0
[2022-02-20 02:00:58,167] {local_task_job.py:264} INFO - 0 downstream tasks scheduled from follow-on schedule check
