[2022-02-09 20:38:22,353] {taskinstance.py:1032} INFO - Dependencies all met for <TaskInstance: green_taxi_gcs_dag.download_dataset_task scheduled__2020-10-02T00:00:00+00:00 [queued]>
[2022-02-09 20:38:22,378] {taskinstance.py:1032} INFO - Dependencies all met for <TaskInstance: green_taxi_gcs_dag.download_dataset_task scheduled__2020-10-02T00:00:00+00:00 [queued]>
[2022-02-09 20:38:22,378] {taskinstance.py:1238} INFO - 
--------------------------------------------------------------------------------
[2022-02-09 20:38:22,378] {taskinstance.py:1239} INFO - Starting attempt 1 of 2
[2022-02-09 20:38:22,378] {taskinstance.py:1240} INFO - 
--------------------------------------------------------------------------------
[2022-02-09 20:38:22,411] {taskinstance.py:1259} INFO - Executing <Task(BashOperator): download_dataset_task> on 2020-10-02 00:00:00+00:00
[2022-02-09 20:38:22,419] {standard_task_runner.py:52} INFO - Started process 301 to run task
[2022-02-09 20:38:22,435] {standard_task_runner.py:76} INFO - Running: ['***', 'tasks', 'run', 'green_taxi_gcs_dag', 'download_dataset_task', 'scheduled__2020-10-02T00:00:00+00:00', '--job-id', '101', '--raw', '--subdir', 'DAGS_FOLDER/green_gcs_dag.py', '--cfg-path', '/tmp/tmpgj7f258g', '--error-file', '/tmp/tmp1sxx3xkg']
[2022-02-09 20:38:22,437] {standard_task_runner.py:77} INFO - Job 101: Subtask download_dataset_task
[2022-02-09 20:38:22,671] {logging_mixin.py:109} INFO - Running <TaskInstance: green_taxi_gcs_dag.download_dataset_task scheduled__2020-10-02T00:00:00+00:00 [running]> on host 4f97b6b16bdb
[2022-02-09 20:38:22,815] {warnings.py:110} WARNING - /home/***/.local/lib/python3.7/site-packages/***/utils/context.py:152: AirflowContextDeprecationWarning: Accessing 'execution_date' from the template is deprecated and will be removed in a future version. Please use 'data_interval_start' or 'logical_date' instead.
  warnings.warn(_create_deprecation_warning(key, self._deprecation_replacements[key]))

[2022-02-09 20:38:22,913] {taskinstance.py:1426} INFO - Exporting the following env vars:
AIRFLOW_CTX_DAG_OWNER=***
AIRFLOW_CTX_DAG_ID=green_taxi_gcs_dag
AIRFLOW_CTX_TASK_ID=download_dataset_task
AIRFLOW_CTX_EXECUTION_DATE=2020-10-02T00:00:00+00:00
AIRFLOW_CTX_DAG_RUN_ID=scheduled__2020-10-02T00:00:00+00:00
[2022-02-09 20:38:22,914] {subprocess.py:62} INFO - Tmp dir root location: 
 /tmp
[2022-02-09 20:38:22,915] {subprocess.py:74} INFO - Running command: ['bash', '-c', 'curl -sS https://s3.amazonaws.com/nyc-tlc/trip+data/green_tripdata_2020-10.csv > /opt/***/output_2020-10.csv']
[2022-02-09 20:38:22,959] {subprocess.py:85} INFO - Output:
[2022-02-09 20:38:25,176] {subprocess.py:93} INFO - Command exited with return code 0
[2022-02-09 20:38:25,298] {taskinstance.py:1277} INFO - Marking task as SUCCESS. dag_id=green_taxi_gcs_dag, task_id=download_dataset_task, execution_date=20201002T000000, start_date=20220209T203822, end_date=20220209T203825
[2022-02-09 20:38:25,415] {local_task_job.py:154} INFO - Task exited with return code 0
[2022-02-09 20:38:25,560] {local_task_job.py:264} INFO - 1 downstream tasks scheduled from follow-on schedule check
[2022-02-09 20:48:20,581] {taskinstance.py:1032} INFO - Dependencies all met for <TaskInstance: green_taxi_gcs_dag.download_dataset_task scheduled__2020-10-02T00:00:00+00:00 [queued]>
[2022-02-09 20:48:20,597] {taskinstance.py:1032} INFO - Dependencies all met for <TaskInstance: green_taxi_gcs_dag.download_dataset_task scheduled__2020-10-02T00:00:00+00:00 [queued]>
[2022-02-09 20:48:20,597] {taskinstance.py:1238} INFO - 
--------------------------------------------------------------------------------
[2022-02-09 20:48:20,597] {taskinstance.py:1239} INFO - Starting attempt 1 of 2
[2022-02-09 20:48:20,597] {taskinstance.py:1240} INFO - 
--------------------------------------------------------------------------------
[2022-02-09 20:48:20,614] {taskinstance.py:1259} INFO - Executing <Task(BashOperator): download_dataset_task> on 2020-10-02 00:00:00+00:00
[2022-02-09 20:48:20,621] {standard_task_runner.py:52} INFO - Started process 1151 to run task
[2022-02-09 20:48:20,627] {standard_task_runner.py:76} INFO - Running: ['***', 'tasks', 'run', 'green_taxi_gcs_dag', 'download_dataset_task', 'scheduled__2020-10-02T00:00:00+00:00', '--job-id', '195', '--raw', '--subdir', 'DAGS_FOLDER/green_gcs_dag.py', '--cfg-path', '/tmp/tmp00oluhcn', '--error-file', '/tmp/tmpeo2cle7g']
[2022-02-09 20:48:20,629] {standard_task_runner.py:77} INFO - Job 195: Subtask download_dataset_task
[2022-02-09 20:48:20,720] {logging_mixin.py:109} INFO - Running <TaskInstance: green_taxi_gcs_dag.download_dataset_task scheduled__2020-10-02T00:00:00+00:00 [running]> on host 4f97b6b16bdb
[2022-02-09 20:48:20,823] {warnings.py:110} WARNING - /home/***/.local/lib/python3.7/site-packages/***/utils/context.py:152: AirflowContextDeprecationWarning: Accessing 'execution_date' from the template is deprecated and will be removed in a future version. Please use 'data_interval_start' or 'logical_date' instead.
  warnings.warn(_create_deprecation_warning(key, self._deprecation_replacements[key]))

[2022-02-09 20:48:20,858] {taskinstance.py:1426} INFO - Exporting the following env vars:
AIRFLOW_CTX_DAG_OWNER=***
AIRFLOW_CTX_DAG_ID=green_taxi_gcs_dag
AIRFLOW_CTX_TASK_ID=download_dataset_task
AIRFLOW_CTX_EXECUTION_DATE=2020-10-02T00:00:00+00:00
AIRFLOW_CTX_DAG_RUN_ID=scheduled__2020-10-02T00:00:00+00:00
[2022-02-09 20:48:20,860] {subprocess.py:62} INFO - Tmp dir root location: 
 /tmp
[2022-02-09 20:48:20,861] {subprocess.py:74} INFO - Running command: ['bash', '-c', 'curl -sS https://s3.amazonaws.com/nyc-tlc/trip+data/green_tripdata_2020-10.csv > /opt/***/output_2020-10.csv']
[2022-02-09 20:48:20,879] {subprocess.py:85} INFO - Output:
[2022-02-09 20:48:29,592] {subprocess.py:93} INFO - Command exited with return code 0
[2022-02-09 20:48:29,665] {taskinstance.py:1277} INFO - Marking task as SUCCESS. dag_id=green_taxi_gcs_dag, task_id=download_dataset_task, execution_date=20201002T000000, start_date=20220209T204820, end_date=20220209T204829
[2022-02-09 20:48:29,745] {local_task_job.py:154} INFO - Task exited with return code 0
[2022-02-09 20:48:29,880] {local_task_job.py:264} INFO - 1 downstream tasks scheduled from follow-on schedule check
[2022-02-20 00:08:24,875] {taskinstance.py:1032} INFO - Dependencies all met for <TaskInstance: green_taxi_gcs_dag.download_dataset_task scheduled__2020-10-02T00:00:00+00:00 [queued]>
[2022-02-20 00:08:24,903] {taskinstance.py:1032} INFO - Dependencies all met for <TaskInstance: green_taxi_gcs_dag.download_dataset_task scheduled__2020-10-02T00:00:00+00:00 [queued]>
[2022-02-20 00:08:24,904] {taskinstance.py:1238} INFO - 
--------------------------------------------------------------------------------
[2022-02-20 00:08:24,904] {taskinstance.py:1239} INFO - Starting attempt 1 of 2
[2022-02-20 00:08:24,904] {taskinstance.py:1240} INFO - 
--------------------------------------------------------------------------------
[2022-02-20 00:08:24,922] {taskinstance.py:1259} INFO - Executing <Task(BashOperator): download_dataset_task> on 2020-10-02 00:00:00+00:00
[2022-02-20 00:08:24,935] {standard_task_runner.py:52} INFO - Started process 1051 to run task
[2022-02-20 00:08:24,939] {standard_task_runner.py:76} INFO - Running: ['***', 'tasks', 'run', 'green_taxi_gcs_dag', 'download_dataset_task', 'scheduled__2020-10-02T00:00:00+00:00', '--job-id', '386', '--raw', '--subdir', 'DAGS_FOLDER/green_gcs_dag.py', '--cfg-path', '/tmp/tmprak5gwwj', '--error-file', '/tmp/tmp47mnp55z']
[2022-02-20 00:08:24,949] {standard_task_runner.py:77} INFO - Job 386: Subtask download_dataset_task
[2022-02-20 00:08:25,067] {logging_mixin.py:109} INFO - Running <TaskInstance: green_taxi_gcs_dag.download_dataset_task scheduled__2020-10-02T00:00:00+00:00 [running]> on host da07aa254901
[2022-02-20 00:08:25,136] {warnings.py:110} WARNING - /home/***/.local/lib/python3.7/site-packages/***/utils/context.py:152: AirflowContextDeprecationWarning: Accessing 'execution_date' from the template is deprecated and will be removed in a future version. Please use 'data_interval_start' or 'logical_date' instead.
  warnings.warn(_create_deprecation_warning(key, self._deprecation_replacements[key]))

[2022-02-20 00:08:25,175] {taskinstance.py:1426} INFO - Exporting the following env vars:
AIRFLOW_CTX_DAG_OWNER=***
AIRFLOW_CTX_DAG_ID=green_taxi_gcs_dag
AIRFLOW_CTX_TASK_ID=download_dataset_task
AIRFLOW_CTX_EXECUTION_DATE=2020-10-02T00:00:00+00:00
AIRFLOW_CTX_DAG_RUN_ID=scheduled__2020-10-02T00:00:00+00:00
[2022-02-20 00:08:25,178] {subprocess.py:62} INFO - Tmp dir root location: 
 /tmp
[2022-02-20 00:08:25,179] {subprocess.py:74} INFO - Running command: ['bash', '-c', 'curl -sS https://s3.amazonaws.com/nyc-tlc/trip+data/green_tripdata_2020-10.csv > /opt/***/output_2020-10.csv']
[2022-02-20 00:08:25,201] {subprocess.py:85} INFO - Output:
[2022-02-20 00:08:30,994] {subprocess.py:93} INFO - Command exited with return code 0
[2022-02-20 00:08:31,063] {taskinstance.py:1277} INFO - Marking task as SUCCESS. dag_id=green_taxi_gcs_dag, task_id=download_dataset_task, execution_date=20201002T000000, start_date=20220220T000824, end_date=20220220T000831
[2022-02-20 00:08:31,150] {local_task_job.py:154} INFO - Task exited with return code 0
[2022-02-20 00:08:31,292] {local_task_job.py:264} INFO - 1 downstream tasks scheduled from follow-on schedule check
[2022-02-20 02:02:03,289] {taskinstance.py:1032} INFO - Dependencies all met for <TaskInstance: green_taxi_gcs_dag.download_dataset_task scheduled__2020-10-02T00:00:00+00:00 [queued]>
[2022-02-20 02:02:03,329] {taskinstance.py:1032} INFO - Dependencies all met for <TaskInstance: green_taxi_gcs_dag.download_dataset_task scheduled__2020-10-02T00:00:00+00:00 [queued]>
[2022-02-20 02:02:03,330] {taskinstance.py:1238} INFO - 
--------------------------------------------------------------------------------
[2022-02-20 02:02:03,330] {taskinstance.py:1239} INFO - Starting attempt 1 of 2
[2022-02-20 02:02:03,330] {taskinstance.py:1240} INFO - 
--------------------------------------------------------------------------------
[2022-02-20 02:02:03,400] {taskinstance.py:1259} INFO - Executing <Task(BashOperator): download_dataset_task> on 2020-10-02 00:00:00+00:00
[2022-02-20 02:02:03,420] {standard_task_runner.py:52} INFO - Started process 768 to run task
[2022-02-20 02:02:03,429] {standard_task_runner.py:76} INFO - Running: ['***', 'tasks', 'run', 'green_taxi_gcs_dag', 'download_dataset_task', 'scheduled__2020-10-02T00:00:00+00:00', '--job-id', '598', '--raw', '--subdir', 'DAGS_FOLDER/green_gcs_dag.py', '--cfg-path', '/tmp/tmp6plucs11', '--error-file', '/tmp/tmprncdmpwo']
[2022-02-20 02:02:03,434] {standard_task_runner.py:77} INFO - Job 598: Subtask download_dataset_task
[2022-02-20 02:02:03,565] {logging_mixin.py:109} INFO - Running <TaskInstance: green_taxi_gcs_dag.download_dataset_task scheduled__2020-10-02T00:00:00+00:00 [running]> on host 5484a3a1f7c3
[2022-02-20 02:02:03,664] {warnings.py:110} WARNING - /home/***/.local/lib/python3.7/site-packages/***/utils/context.py:152: AirflowContextDeprecationWarning: Accessing 'execution_date' from the template is deprecated and will be removed in a future version. Please use 'data_interval_start' or 'logical_date' instead.
  warnings.warn(_create_deprecation_warning(key, self._deprecation_replacements[key]))

[2022-02-20 02:02:03,699] {taskinstance.py:1426} INFO - Exporting the following env vars:
AIRFLOW_CTX_DAG_OWNER=***
AIRFLOW_CTX_DAG_ID=green_taxi_gcs_dag
AIRFLOW_CTX_TASK_ID=download_dataset_task
AIRFLOW_CTX_EXECUTION_DATE=2020-10-02T00:00:00+00:00
AIRFLOW_CTX_DAG_RUN_ID=scheduled__2020-10-02T00:00:00+00:00
[2022-02-20 02:02:03,700] {subprocess.py:62} INFO - Tmp dir root location: 
 /tmp
[2022-02-20 02:02:03,701] {subprocess.py:74} INFO - Running command: ['bash', '-c', 'curl -sS https://s3.amazonaws.com/nyc-tlc/trip+data/green_tripdata_2020-10.csv > /opt/***/output_2020-10.csv']
[2022-02-20 02:02:03,723] {subprocess.py:85} INFO - Output:
[2022-02-20 02:02:05,484] {subprocess.py:93} INFO - Command exited with return code 0
[2022-02-20 02:02:05,518] {taskinstance.py:1277} INFO - Marking task as SUCCESS. dag_id=green_taxi_gcs_dag, task_id=download_dataset_task, execution_date=20201002T000000, start_date=20220220T020203, end_date=20220220T020205
[2022-02-20 02:02:05,566] {local_task_job.py:154} INFO - Task exited with return code 0
[2022-02-20 02:02:05,629] {local_task_job.py:264} INFO - 1 downstream tasks scheduled from follow-on schedule check
