[2022-02-09 20:33:05,268] {taskinstance.py:1032} INFO - Dependencies all met for <TaskInstance: green_taxi_gcs_dag.download_dataset_task scheduled__2019-07-02T00:00:00+00:00 [queued]>
[2022-02-09 20:33:05,361] {taskinstance.py:1032} INFO - Dependencies all met for <TaskInstance: green_taxi_gcs_dag.download_dataset_task scheduled__2019-07-02T00:00:00+00:00 [queued]>
[2022-02-09 20:33:05,361] {taskinstance.py:1238} INFO - 
--------------------------------------------------------------------------------
[2022-02-09 20:33:05,361] {taskinstance.py:1239} INFO - Starting attempt 1 of 2
[2022-02-09 20:33:05,361] {taskinstance.py:1240} INFO - 
--------------------------------------------------------------------------------
[2022-02-09 20:33:05,430] {taskinstance.py:1259} INFO - Executing <Task(BashOperator): download_dataset_task> on 2019-07-02 00:00:00+00:00
[2022-02-09 20:33:05,454] {standard_task_runner.py:52} INFO - Started process 289 to run task
[2022-02-09 20:33:05,473] {standard_task_runner.py:76} INFO - Running: ['***', 'tasks', 'run', 'green_taxi_gcs_dag', 'download_dataset_task', 'scheduled__2019-07-02T00:00:00+00:00', '--job-id', '45', '--raw', '--subdir', 'DAGS_FOLDER/green_gcs_dag.py', '--cfg-path', '/tmp/tmpmlceu545', '--error-file', '/tmp/tmpid6n4x6n']
[2022-02-09 20:33:05,475] {standard_task_runner.py:77} INFO - Job 45: Subtask download_dataset_task
[2022-02-09 20:33:05,684] {logging_mixin.py:109} INFO - Running <TaskInstance: green_taxi_gcs_dag.download_dataset_task scheduled__2019-07-02T00:00:00+00:00 [running]> on host 4f97b6b16bdb
[2022-02-09 20:33:05,897] {warnings.py:110} WARNING - /home/***/.local/lib/python3.7/site-packages/***/utils/context.py:152: AirflowContextDeprecationWarning: Accessing 'execution_date' from the template is deprecated and will be removed in a future version. Please use 'data_interval_start' or 'logical_date' instead.
  warnings.warn(_create_deprecation_warning(key, self._deprecation_replacements[key]))

[2022-02-09 20:33:05,977] {taskinstance.py:1426} INFO - Exporting the following env vars:
AIRFLOW_CTX_DAG_OWNER=***
AIRFLOW_CTX_DAG_ID=green_taxi_gcs_dag
AIRFLOW_CTX_TASK_ID=download_dataset_task
AIRFLOW_CTX_EXECUTION_DATE=2019-07-02T00:00:00+00:00
AIRFLOW_CTX_DAG_RUN_ID=scheduled__2019-07-02T00:00:00+00:00
[2022-02-09 20:33:05,978] {subprocess.py:62} INFO - Tmp dir root location: 
 /tmp
[2022-02-09 20:33:05,979] {subprocess.py:74} INFO - Running command: ['bash', '-c', 'curl -sS https://s3.amazonaws.com/nyc-tlc/trip+data/green_tripdata_2019-07.csv > /opt/***/output_2019-07.csv']
[2022-02-09 20:33:06,046] {subprocess.py:85} INFO - Output:
[2022-02-09 20:33:11,038] {subprocess.py:93} INFO - Command exited with return code 0
[2022-02-09 20:33:11,101] {taskinstance.py:1277} INFO - Marking task as SUCCESS. dag_id=green_taxi_gcs_dag, task_id=download_dataset_task, execution_date=20190702T000000, start_date=20220209T203305, end_date=20220209T203311
[2022-02-09 20:33:11,162] {local_task_job.py:154} INFO - Task exited with return code 0
[2022-02-09 20:33:11,257] {local_task_job.py:264} INFO - 1 downstream tasks scheduled from follow-on schedule check
[2022-02-09 20:43:46,631] {taskinstance.py:1032} INFO - Dependencies all met for <TaskInstance: green_taxi_gcs_dag.download_dataset_task scheduled__2019-07-02T00:00:00+00:00 [queued]>
[2022-02-09 20:43:46,649] {taskinstance.py:1032} INFO - Dependencies all met for <TaskInstance: green_taxi_gcs_dag.download_dataset_task scheduled__2019-07-02T00:00:00+00:00 [queued]>
[2022-02-09 20:43:46,649] {taskinstance.py:1238} INFO - 
--------------------------------------------------------------------------------
[2022-02-09 20:43:46,649] {taskinstance.py:1239} INFO - Starting attempt 1 of 2
[2022-02-09 20:43:46,650] {taskinstance.py:1240} INFO - 
--------------------------------------------------------------------------------
[2022-02-09 20:43:46,666] {taskinstance.py:1259} INFO - Executing <Task(BashOperator): download_dataset_task> on 2019-07-02 00:00:00+00:00
[2022-02-09 20:43:46,673] {standard_task_runner.py:52} INFO - Started process 684 to run task
[2022-02-09 20:43:46,677] {standard_task_runner.py:76} INFO - Running: ['***', 'tasks', 'run', 'green_taxi_gcs_dag', 'download_dataset_task', 'scheduled__2019-07-02T00:00:00+00:00', '--job-id', '138', '--raw', '--subdir', 'DAGS_FOLDER/green_gcs_dag.py', '--cfg-path', '/tmp/tmpxyexp9ct', '--error-file', '/tmp/tmp1i07odwc']
[2022-02-09 20:43:46,679] {standard_task_runner.py:77} INFO - Job 138: Subtask download_dataset_task
[2022-02-09 20:43:46,801] {logging_mixin.py:109} INFO - Running <TaskInstance: green_taxi_gcs_dag.download_dataset_task scheduled__2019-07-02T00:00:00+00:00 [running]> on host 4f97b6b16bdb
[2022-02-09 20:43:46,875] {warnings.py:110} WARNING - /home/***/.local/lib/python3.7/site-packages/***/utils/context.py:152: AirflowContextDeprecationWarning: Accessing 'execution_date' from the template is deprecated and will be removed in a future version. Please use 'data_interval_start' or 'logical_date' instead.
  warnings.warn(_create_deprecation_warning(key, self._deprecation_replacements[key]))

[2022-02-09 20:43:46,914] {taskinstance.py:1426} INFO - Exporting the following env vars:
AIRFLOW_CTX_DAG_OWNER=***
AIRFLOW_CTX_DAG_ID=green_taxi_gcs_dag
AIRFLOW_CTX_TASK_ID=download_dataset_task
AIRFLOW_CTX_EXECUTION_DATE=2019-07-02T00:00:00+00:00
AIRFLOW_CTX_DAG_RUN_ID=scheduled__2019-07-02T00:00:00+00:00
[2022-02-09 20:43:46,915] {subprocess.py:62} INFO - Tmp dir root location: 
 /tmp
[2022-02-09 20:43:46,917] {subprocess.py:74} INFO - Running command: ['bash', '-c', 'curl -sS https://s3.amazonaws.com/nyc-tlc/trip+data/green_tripdata_2019-07.csv > /opt/***/output_2019-07.csv']
[2022-02-09 20:43:46,934] {subprocess.py:85} INFO - Output:
[2022-02-09 20:44:07,325] {subprocess.py:93} INFO - Command exited with return code 0
[2022-02-09 20:44:07,372] {taskinstance.py:1277} INFO - Marking task as SUCCESS. dag_id=green_taxi_gcs_dag, task_id=download_dataset_task, execution_date=20190702T000000, start_date=20220209T204346, end_date=20220209T204407
[2022-02-09 20:44:07,423] {local_task_job.py:154} INFO - Task exited with return code 0
[2022-02-09 20:44:07,494] {local_task_job.py:264} INFO - 1 downstream tasks scheduled from follow-on schedule check
[2022-02-20 00:05:54,877] {taskinstance.py:1032} INFO - Dependencies all met for <TaskInstance: green_taxi_gcs_dag.download_dataset_task scheduled__2019-07-02T00:00:00+00:00 [queued]>
[2022-02-20 00:05:54,892] {taskinstance.py:1032} INFO - Dependencies all met for <TaskInstance: green_taxi_gcs_dag.download_dataset_task scheduled__2019-07-02T00:00:00+00:00 [queued]>
[2022-02-20 00:05:54,892] {taskinstance.py:1238} INFO - 
--------------------------------------------------------------------------------
[2022-02-20 00:05:54,892] {taskinstance.py:1239} INFO - Starting attempt 1 of 2
[2022-02-20 00:05:54,893] {taskinstance.py:1240} INFO - 
--------------------------------------------------------------------------------
[2022-02-20 00:05:54,909] {taskinstance.py:1259} INFO - Executing <Task(BashOperator): download_dataset_task> on 2019-07-02 00:00:00+00:00
[2022-02-20 00:05:54,916] {standard_task_runner.py:52} INFO - Started process 634 to run task
[2022-02-20 00:05:54,920] {standard_task_runner.py:76} INFO - Running: ['***', 'tasks', 'run', 'green_taxi_gcs_dag', 'download_dataset_task', 'scheduled__2019-07-02T00:00:00+00:00', '--job-id', '330', '--raw', '--subdir', 'DAGS_FOLDER/green_gcs_dag.py', '--cfg-path', '/tmp/tmptuaq6cgo', '--error-file', '/tmp/tmpxk5kml0j']
[2022-02-20 00:05:54,921] {standard_task_runner.py:77} INFO - Job 330: Subtask download_dataset_task
[2022-02-20 00:05:54,985] {logging_mixin.py:109} INFO - Running <TaskInstance: green_taxi_gcs_dag.download_dataset_task scheduled__2019-07-02T00:00:00+00:00 [running]> on host da07aa254901
[2022-02-20 00:05:55,027] {warnings.py:110} WARNING - /home/***/.local/lib/python3.7/site-packages/***/utils/context.py:152: AirflowContextDeprecationWarning: Accessing 'execution_date' from the template is deprecated and will be removed in a future version. Please use 'data_interval_start' or 'logical_date' instead.
  warnings.warn(_create_deprecation_warning(key, self._deprecation_replacements[key]))

[2022-02-20 00:05:55,047] {taskinstance.py:1426} INFO - Exporting the following env vars:
AIRFLOW_CTX_DAG_OWNER=***
AIRFLOW_CTX_DAG_ID=green_taxi_gcs_dag
AIRFLOW_CTX_TASK_ID=download_dataset_task
AIRFLOW_CTX_EXECUTION_DATE=2019-07-02T00:00:00+00:00
AIRFLOW_CTX_DAG_RUN_ID=scheduled__2019-07-02T00:00:00+00:00
[2022-02-20 00:05:55,048] {subprocess.py:62} INFO - Tmp dir root location: 
 /tmp
[2022-02-20 00:05:55,048] {subprocess.py:74} INFO - Running command: ['bash', '-c', 'curl -sS https://s3.amazonaws.com/nyc-tlc/trip+data/green_tripdata_2019-07.csv > /opt/***/output_2019-07.csv']
[2022-02-20 00:05:55,059] {subprocess.py:85} INFO - Output:
[2022-02-20 00:06:00,016] {subprocess.py:93} INFO - Command exited with return code 0
[2022-02-20 00:06:00,043] {taskinstance.py:1277} INFO - Marking task as SUCCESS. dag_id=green_taxi_gcs_dag, task_id=download_dataset_task, execution_date=20190702T000000, start_date=20220220T000554, end_date=20220220T000600
[2022-02-20 00:06:00,080] {local_task_job.py:154} INFO - Task exited with return code 0
[2022-02-20 00:06:00,122] {local_task_job.py:264} INFO - 1 downstream tasks scheduled from follow-on schedule check
[2022-02-20 01:59:44,278] {taskinstance.py:1032} INFO - Dependencies all met for <TaskInstance: green_taxi_gcs_dag.download_dataset_task scheduled__2019-07-02T00:00:00+00:00 [queued]>
[2022-02-20 01:59:44,291] {taskinstance.py:1032} INFO - Dependencies all met for <TaskInstance: green_taxi_gcs_dag.download_dataset_task scheduled__2019-07-02T00:00:00+00:00 [queued]>
[2022-02-20 01:59:44,292] {taskinstance.py:1238} INFO - 
--------------------------------------------------------------------------------
[2022-02-20 01:59:44,292] {taskinstance.py:1239} INFO - Starting attempt 1 of 2
[2022-02-20 01:59:44,292] {taskinstance.py:1240} INFO - 
--------------------------------------------------------------------------------
[2022-02-20 01:59:44,305] {taskinstance.py:1259} INFO - Executing <Task(BashOperator): download_dataset_task> on 2019-07-02 00:00:00+00:00
[2022-02-20 01:59:44,312] {standard_task_runner.py:52} INFO - Started process 307 to run task
[2022-02-20 01:59:44,316] {standard_task_runner.py:76} INFO - Running: ['***', 'tasks', 'run', 'green_taxi_gcs_dag', 'download_dataset_task', 'scheduled__2019-07-02T00:00:00+00:00', '--job-id', '532', '--raw', '--subdir', 'DAGS_FOLDER/green_gcs_dag.py', '--cfg-path', '/tmp/tmp0tfc8e76', '--error-file', '/tmp/tmpj7iliuh0']
[2022-02-20 01:59:44,317] {standard_task_runner.py:77} INFO - Job 532: Subtask download_dataset_task
[2022-02-20 01:59:44,387] {logging_mixin.py:109} INFO - Running <TaskInstance: green_taxi_gcs_dag.download_dataset_task scheduled__2019-07-02T00:00:00+00:00 [running]> on host 5484a3a1f7c3
[2022-02-20 01:59:44,443] {warnings.py:110} WARNING - /home/***/.local/lib/python3.7/site-packages/***/utils/context.py:152: AirflowContextDeprecationWarning: Accessing 'execution_date' from the template is deprecated and will be removed in a future version. Please use 'data_interval_start' or 'logical_date' instead.
  warnings.warn(_create_deprecation_warning(key, self._deprecation_replacements[key]))

[2022-02-20 01:59:44,466] {taskinstance.py:1426} INFO - Exporting the following env vars:
AIRFLOW_CTX_DAG_OWNER=***
AIRFLOW_CTX_DAG_ID=green_taxi_gcs_dag
AIRFLOW_CTX_TASK_ID=download_dataset_task
AIRFLOW_CTX_EXECUTION_DATE=2019-07-02T00:00:00+00:00
AIRFLOW_CTX_DAG_RUN_ID=scheduled__2019-07-02T00:00:00+00:00
[2022-02-20 01:59:44,467] {subprocess.py:62} INFO - Tmp dir root location: 
 /tmp
[2022-02-20 01:59:44,468] {subprocess.py:74} INFO - Running command: ['bash', '-c', 'curl -sS https://s3.amazonaws.com/nyc-tlc/trip+data/green_tripdata_2019-07.csv > /opt/***/output_2019-07.csv']
[2022-02-20 01:59:44,485] {subprocess.py:85} INFO - Output:
[2022-02-20 02:00:01,175] {subprocess.py:93} INFO - Command exited with return code 0
[2022-02-20 02:00:01,218] {taskinstance.py:1277} INFO - Marking task as SUCCESS. dag_id=green_taxi_gcs_dag, task_id=download_dataset_task, execution_date=20190702T000000, start_date=20220220T015944, end_date=20220220T020001
[2022-02-20 02:00:01,304] {local_task_job.py:154} INFO - Task exited with return code 0
[2022-02-20 02:00:01,465] {local_task_job.py:264} INFO - 1 downstream tasks scheduled from follow-on schedule check
