[2022-02-03 16:57:37,865] {taskinstance.py:1032} INFO - Dependencies all met for <TaskInstance: yellow_taxi_gcs_dag.delete_the_local_file scheduled__2019-02-02T00:00:00+00:00 [queued]>
[2022-02-03 16:57:37,885] {taskinstance.py:1032} INFO - Dependencies all met for <TaskInstance: yellow_taxi_gcs_dag.delete_the_local_file scheduled__2019-02-02T00:00:00+00:00 [queued]>
[2022-02-03 16:57:37,886] {taskinstance.py:1238} INFO - 
--------------------------------------------------------------------------------
[2022-02-03 16:57:37,886] {taskinstance.py:1239} INFO - Starting attempt 1 of 2
[2022-02-03 16:57:37,887] {taskinstance.py:1240} INFO - 
--------------------------------------------------------------------------------
[2022-02-03 16:57:37,924] {taskinstance.py:1259} INFO - Executing <Task(BashOperator): delete_the_local_file> on 2019-02-02 00:00:00+00:00
[2022-02-03 16:57:37,939] {standard_task_runner.py:52} INFO - Started process 1491 to run task
[2022-02-03 16:57:37,961] {standard_task_runner.py:76} INFO - Running: ['***', 'tasks', 'run', 'yellow_taxi_gcs_dag', 'delete_the_local_file', 'scheduled__2019-02-02T00:00:00+00:00', '--job-id', '34', '--raw', '--subdir', 'DAGS_FOLDER/yellow_taxi_gcs_dag.py', '--cfg-path', '/tmp/tmpxo1omoik', '--error-file', '/tmp/tmp8i_8gnf2']
[2022-02-03 16:57:37,962] {standard_task_runner.py:77} INFO - Job 34: Subtask delete_the_local_file
[2022-02-03 16:57:38,076] {logging_mixin.py:109} INFO - Running <TaskInstance: yellow_taxi_gcs_dag.delete_the_local_file scheduled__2019-02-02T00:00:00+00:00 [running]> on host 7e458922b35d
[2022-02-03 16:57:38,140] {warnings.py:110} WARNING - /home/***/.local/lib/python3.7/site-packages/***/utils/context.py:152: AirflowContextDeprecationWarning: Accessing 'execution_date' from the template is deprecated and will be removed in a future version. Please use 'data_interval_start' or 'logical_date' instead.
  warnings.warn(_create_deprecation_warning(key, self._deprecation_replacements[key]))

[2022-02-03 16:57:38,198] {taskinstance.py:1426} INFO - Exporting the following env vars:
AIRFLOW_CTX_DAG_OWNER=***
AIRFLOW_CTX_DAG_ID=yellow_taxi_gcs_dag
AIRFLOW_CTX_TASK_ID=delete_the_local_file
AIRFLOW_CTX_EXECUTION_DATE=2019-02-02T00:00:00+00:00
AIRFLOW_CTX_DAG_RUN_ID=scheduled__2019-02-02T00:00:00+00:00
[2022-02-03 16:57:38,200] {subprocess.py:62} INFO - Tmp dir root location: 
 /tmp
[2022-02-03 16:57:38,201] {subprocess.py:74} INFO - Running command: ['bash', '-c', 'rm /opt/***/output_2019-02.csv | rm /opt/***/output_2019-02.parquet']
[2022-02-03 16:57:38,247] {subprocess.py:85} INFO - Output:
[2022-02-03 16:57:38,267] {subprocess.py:93} INFO - Command exited with return code 0
[2022-02-03 16:57:38,301] {taskinstance.py:1277} INFO - Marking task as SUCCESS. dag_id=yellow_taxi_gcs_dag, task_id=delete_the_local_file, execution_date=20190202T000000, start_date=20220203T165737, end_date=20220203T165738
[2022-02-03 16:57:38,346] {local_task_job.py:154} INFO - Task exited with return code 0
[2022-02-03 16:57:38,395] {local_task_job.py:264} INFO - 0 downstream tasks scheduled from follow-on schedule check
[2022-02-03 17:13:15,552] {taskinstance.py:1032} INFO - Dependencies all met for <TaskInstance: yellow_taxi_gcs_dag.delete_the_local_file scheduled__2019-02-02T00:00:00+00:00 [queued]>
[2022-02-03 17:13:15,565] {taskinstance.py:1032} INFO - Dependencies all met for <TaskInstance: yellow_taxi_gcs_dag.delete_the_local_file scheduled__2019-02-02T00:00:00+00:00 [queued]>
[2022-02-03 17:13:15,565] {taskinstance.py:1238} INFO - 
--------------------------------------------------------------------------------
[2022-02-03 17:13:15,565] {taskinstance.py:1239} INFO - Starting attempt 1 of 2
[2022-02-03 17:13:15,565] {taskinstance.py:1240} INFO - 
--------------------------------------------------------------------------------
[2022-02-03 17:13:15,579] {taskinstance.py:1259} INFO - Executing <Task(BashOperator): delete_the_local_file> on 2019-02-02 00:00:00+00:00
[2022-02-03 17:13:15,585] {standard_task_runner.py:52} INFO - Started process 2190 to run task
[2022-02-03 17:13:15,589] {standard_task_runner.py:76} INFO - Running: ['***', 'tasks', 'run', 'yellow_taxi_gcs_dag', 'delete_the_local_file', 'scheduled__2019-02-02T00:00:00+00:00', '--job-id', '50', '--raw', '--subdir', 'DAGS_FOLDER/yellow_taxi_gcs_dag.py', '--cfg-path', '/tmp/tmprjn4vlaw', '--error-file', '/tmp/tmp00thxooj']
[2022-02-03 17:13:15,590] {standard_task_runner.py:77} INFO - Job 50: Subtask delete_the_local_file
[2022-02-03 17:13:15,652] {logging_mixin.py:109} INFO - Running <TaskInstance: yellow_taxi_gcs_dag.delete_the_local_file scheduled__2019-02-02T00:00:00+00:00 [running]> on host 7e458922b35d
[2022-02-03 17:13:15,689] {warnings.py:110} WARNING - /home/***/.local/lib/python3.7/site-packages/***/utils/context.py:152: AirflowContextDeprecationWarning: Accessing 'execution_date' from the template is deprecated and will be removed in a future version. Please use 'data_interval_start' or 'logical_date' instead.
  warnings.warn(_create_deprecation_warning(key, self._deprecation_replacements[key]))

[2022-02-03 17:13:15,709] {taskinstance.py:1426} INFO - Exporting the following env vars:
AIRFLOW_CTX_DAG_OWNER=***
AIRFLOW_CTX_DAG_ID=yellow_taxi_gcs_dag
AIRFLOW_CTX_TASK_ID=delete_the_local_file
AIRFLOW_CTX_EXECUTION_DATE=2019-02-02T00:00:00+00:00
AIRFLOW_CTX_DAG_RUN_ID=scheduled__2019-02-02T00:00:00+00:00
[2022-02-03 17:13:15,710] {subprocess.py:62} INFO - Tmp dir root location: 
 /tmp
[2022-02-03 17:13:15,711] {subprocess.py:74} INFO - Running command: ['bash', '-c', 'rm /opt/***/output_2019-02.csv | rm /opt/***/output_2019-02.parquet']
[2022-02-03 17:13:15,726] {subprocess.py:85} INFO - Output:
[2022-02-03 17:13:15,747] {subprocess.py:93} INFO - Command exited with return code 0
[2022-02-03 17:13:15,775] {taskinstance.py:1277} INFO - Marking task as SUCCESS. dag_id=yellow_taxi_gcs_dag, task_id=delete_the_local_file, execution_date=20190202T000000, start_date=20220203T171315, end_date=20220203T171315
[2022-02-03 17:13:15,801] {local_task_job.py:154} INFO - Task exited with return code 0
[2022-02-03 17:13:15,832] {local_task_job.py:264} INFO - 0 downstream tasks scheduled from follow-on schedule check
[2022-02-20 00:14:01,795] {taskinstance.py:1032} INFO - Dependencies all met for <TaskInstance: yellow_taxi_gcs_dag.delete_the_local_file scheduled__2019-02-02T00:00:00+00:00 [queued]>
[2022-02-20 00:14:01,828] {taskinstance.py:1032} INFO - Dependencies all met for <TaskInstance: yellow_taxi_gcs_dag.delete_the_local_file scheduled__2019-02-02T00:00:00+00:00 [queued]>
[2022-02-20 00:14:01,828] {taskinstance.py:1238} INFO - 
--------------------------------------------------------------------------------
[2022-02-20 00:14:01,830] {taskinstance.py:1239} INFO - Starting attempt 1 of 2
[2022-02-20 00:14:01,830] {taskinstance.py:1240} INFO - 
--------------------------------------------------------------------------------
[2022-02-20 00:14:01,882] {taskinstance.py:1259} INFO - Executing <Task(BashOperator): delete_the_local_file> on 2019-02-02 00:00:00+00:00
[2022-02-20 00:14:01,896] {standard_task_runner.py:52} INFO - Started process 1410 to run task
[2022-02-20 00:14:01,915] {standard_task_runner.py:76} INFO - Running: ['***', 'tasks', 'run', 'yellow_taxi_gcs_dag', 'delete_the_local_file', 'scheduled__2019-02-02T00:00:00+00:00', '--job-id', '417', '--raw', '--subdir', 'DAGS_FOLDER/yellow_taxi_gcs_dag.py', '--cfg-path', '/tmp/tmpvc573kg6', '--error-file', '/tmp/tmp9dglye1v']
[2022-02-20 00:14:01,917] {standard_task_runner.py:77} INFO - Job 417: Subtask delete_the_local_file
[2022-02-20 00:14:02,048] {logging_mixin.py:109} INFO - Running <TaskInstance: yellow_taxi_gcs_dag.delete_the_local_file scheduled__2019-02-02T00:00:00+00:00 [running]> on host da07aa254901
[2022-02-20 00:14:02,140] {warnings.py:110} WARNING - /home/***/.local/lib/python3.7/site-packages/***/utils/context.py:152: AirflowContextDeprecationWarning: Accessing 'execution_date' from the template is deprecated and will be removed in a future version. Please use 'data_interval_start' or 'logical_date' instead.
  warnings.warn(_create_deprecation_warning(key, self._deprecation_replacements[key]))

[2022-02-20 00:14:02,186] {taskinstance.py:1426} INFO - Exporting the following env vars:
AIRFLOW_CTX_DAG_OWNER=***
AIRFLOW_CTX_DAG_ID=yellow_taxi_gcs_dag
AIRFLOW_CTX_TASK_ID=delete_the_local_file
AIRFLOW_CTX_EXECUTION_DATE=2019-02-02T00:00:00+00:00
AIRFLOW_CTX_DAG_RUN_ID=scheduled__2019-02-02T00:00:00+00:00
[2022-02-20 00:14:02,190] {subprocess.py:62} INFO - Tmp dir root location: 
 /tmp
[2022-02-20 00:14:02,194] {subprocess.py:74} INFO - Running command: ['bash', '-c', 'rm /opt/***/output_2019-02.csv | rm /opt/***/output_2019-02.parquet']
[2022-02-20 00:14:02,219] {subprocess.py:85} INFO - Output:
[2022-02-20 00:14:02,422] {subprocess.py:93} INFO - Command exited with return code 0
[2022-02-20 00:14:02,515] {taskinstance.py:1277} INFO - Marking task as SUCCESS. dag_id=yellow_taxi_gcs_dag, task_id=delete_the_local_file, execution_date=20190202T000000, start_date=20220220T001401, end_date=20220220T001402
[2022-02-20 00:14:02,582] {local_task_job.py:154} INFO - Task exited with return code 0
[2022-02-20 00:14:02,684] {local_task_job.py:264} INFO - 0 downstream tasks scheduled from follow-on schedule check
