[2022-02-09 20:38:37,019] {taskinstance.py:1032} INFO - Dependencies all met for <TaskInstance: green_taxi_gcs_dag.local_to_gcs_task scheduled__2020-10-02T00:00:00+00:00 [queued]>
[2022-02-09 20:38:37,070] {taskinstance.py:1032} INFO - Dependencies all met for <TaskInstance: green_taxi_gcs_dag.local_to_gcs_task scheduled__2020-10-02T00:00:00+00:00 [queued]>
[2022-02-09 20:38:37,071] {taskinstance.py:1238} INFO - 
--------------------------------------------------------------------------------
[2022-02-09 20:38:37,071] {taskinstance.py:1239} INFO - Starting attempt 1 of 2
[2022-02-09 20:38:37,071] {taskinstance.py:1240} INFO - 
--------------------------------------------------------------------------------
[2022-02-09 20:38:37,139] {taskinstance.py:1259} INFO - Executing <Task(PythonOperator): local_to_gcs_task> on 2020-10-02 00:00:00+00:00
[2022-02-09 20:38:37,155] {standard_task_runner.py:52} INFO - Started process 340 to run task
[2022-02-09 20:38:37,162] {standard_task_runner.py:76} INFO - Running: ['***', 'tasks', 'run', 'green_taxi_gcs_dag', 'local_to_gcs_task', 'scheduled__2020-10-02T00:00:00+00:00', '--job-id', '105', '--raw', '--subdir', 'DAGS_FOLDER/green_gcs_dag.py', '--cfg-path', '/tmp/tmpu2guyyey', '--error-file', '/tmp/tmptx_mdol3']
[2022-02-09 20:38:37,164] {standard_task_runner.py:77} INFO - Job 105: Subtask local_to_gcs_task
[2022-02-09 20:38:37,339] {logging_mixin.py:109} INFO - Running <TaskInstance: green_taxi_gcs_dag.local_to_gcs_task scheduled__2020-10-02T00:00:00+00:00 [running]> on host 4f97b6b16bdb
[2022-02-09 20:38:37,470] {warnings.py:110} WARNING - /home/***/.local/lib/python3.7/site-packages/***/utils/context.py:152: AirflowContextDeprecationWarning: Accessing 'execution_date' from the template is deprecated and will be removed in a future version. Please use 'data_interval_start' or 'logical_date' instead.
  warnings.warn(_create_deprecation_warning(key, self._deprecation_replacements[key]))

[2022-02-09 20:38:37,585] {taskinstance.py:1426} INFO - Exporting the following env vars:
AIRFLOW_CTX_DAG_OWNER=***
AIRFLOW_CTX_DAG_ID=green_taxi_gcs_dag
AIRFLOW_CTX_TASK_ID=local_to_gcs_task
AIRFLOW_CTX_EXECUTION_DATE=2020-10-02T00:00:00+00:00
AIRFLOW_CTX_DAG_RUN_ID=scheduled__2020-10-02T00:00:00+00:00
[2022-02-09 20:38:38,292] {python.py:175} INFO - Done. Returned value was: None
[2022-02-09 20:38:38,392] {taskinstance.py:1277} INFO - Marking task as SUCCESS. dag_id=green_taxi_gcs_dag, task_id=local_to_gcs_task, execution_date=20201002T000000, start_date=20220209T203837, end_date=20220209T203838
[2022-02-09 20:38:38,579] {local_task_job.py:154} INFO - Task exited with return code 0
[2022-02-09 20:38:38,800] {local_task_job.py:264} INFO - 1 downstream tasks scheduled from follow-on schedule check
[2022-02-09 20:48:35,383] {taskinstance.py:1032} INFO - Dependencies all met for <TaskInstance: green_taxi_gcs_dag.local_to_gcs_task scheduled__2020-10-02T00:00:00+00:00 [queued]>
[2022-02-09 20:48:35,413] {taskinstance.py:1032} INFO - Dependencies all met for <TaskInstance: green_taxi_gcs_dag.local_to_gcs_task scheduled__2020-10-02T00:00:00+00:00 [queued]>
[2022-02-09 20:48:35,413] {taskinstance.py:1238} INFO - 
--------------------------------------------------------------------------------
[2022-02-09 20:48:35,414] {taskinstance.py:1239} INFO - Starting attempt 1 of 2
[2022-02-09 20:48:35,414] {taskinstance.py:1240} INFO - 
--------------------------------------------------------------------------------
[2022-02-09 20:48:35,441] {taskinstance.py:1259} INFO - Executing <Task(PythonOperator): local_to_gcs_task> on 2020-10-02 00:00:00+00:00
[2022-02-09 20:48:35,451] {standard_task_runner.py:52} INFO - Started process 1188 to run task
[2022-02-09 20:48:35,460] {standard_task_runner.py:76} INFO - Running: ['***', 'tasks', 'run', 'green_taxi_gcs_dag', 'local_to_gcs_task', 'scheduled__2020-10-02T00:00:00+00:00', '--job-id', '200', '--raw', '--subdir', 'DAGS_FOLDER/green_gcs_dag.py', '--cfg-path', '/tmp/tmpmrq_r0xm', '--error-file', '/tmp/tmplp4y52qz']
[2022-02-09 20:48:35,462] {standard_task_runner.py:77} INFO - Job 200: Subtask local_to_gcs_task
[2022-02-09 20:48:35,581] {logging_mixin.py:109} INFO - Running <TaskInstance: green_taxi_gcs_dag.local_to_gcs_task scheduled__2020-10-02T00:00:00+00:00 [running]> on host 4f97b6b16bdb
[2022-02-09 20:48:35,678] {warnings.py:110} WARNING - /home/***/.local/lib/python3.7/site-packages/***/utils/context.py:152: AirflowContextDeprecationWarning: Accessing 'execution_date' from the template is deprecated and will be removed in a future version. Please use 'data_interval_start' or 'logical_date' instead.
  warnings.warn(_create_deprecation_warning(key, self._deprecation_replacements[key]))

[2022-02-09 20:48:35,724] {taskinstance.py:1426} INFO - Exporting the following env vars:
AIRFLOW_CTX_DAG_OWNER=***
AIRFLOW_CTX_DAG_ID=green_taxi_gcs_dag
AIRFLOW_CTX_TASK_ID=local_to_gcs_task
AIRFLOW_CTX_EXECUTION_DATE=2020-10-02T00:00:00+00:00
AIRFLOW_CTX_DAG_RUN_ID=scheduled__2020-10-02T00:00:00+00:00
[2022-02-09 20:48:36,253] {python.py:175} INFO - Done. Returned value was: None
[2022-02-09 20:48:36,270] {taskinstance.py:1277} INFO - Marking task as SUCCESS. dag_id=green_taxi_gcs_dag, task_id=local_to_gcs_task, execution_date=20201002T000000, start_date=20220209T204835, end_date=20220209T204836
[2022-02-09 20:48:36,310] {local_task_job.py:154} INFO - Task exited with return code 0
[2022-02-09 20:48:36,356] {local_task_job.py:264} INFO - 1 downstream tasks scheduled from follow-on schedule check
[2022-02-20 00:08:35,609] {taskinstance.py:1032} INFO - Dependencies all met for <TaskInstance: green_taxi_gcs_dag.local_to_gcs_task scheduled__2020-10-02T00:00:00+00:00 [queued]>
[2022-02-20 00:08:35,636] {taskinstance.py:1032} INFO - Dependencies all met for <TaskInstance: green_taxi_gcs_dag.local_to_gcs_task scheduled__2020-10-02T00:00:00+00:00 [queued]>
[2022-02-20 00:08:35,636] {taskinstance.py:1238} INFO - 
--------------------------------------------------------------------------------
[2022-02-20 00:08:35,637] {taskinstance.py:1239} INFO - Starting attempt 1 of 2
[2022-02-20 00:08:35,639] {taskinstance.py:1240} INFO - 
--------------------------------------------------------------------------------
[2022-02-20 00:08:35,683] {taskinstance.py:1259} INFO - Executing <Task(PythonOperator): local_to_gcs_task> on 2020-10-02 00:00:00+00:00
[2022-02-20 00:08:35,690] {standard_task_runner.py:52} INFO - Started process 1099 to run task
[2022-02-20 00:08:35,699] {standard_task_runner.py:76} INFO - Running: ['***', 'tasks', 'run', 'green_taxi_gcs_dag', 'local_to_gcs_task', 'scheduled__2020-10-02T00:00:00+00:00', '--job-id', '394', '--raw', '--subdir', 'DAGS_FOLDER/green_gcs_dag.py', '--cfg-path', '/tmp/tmp23bxxert', '--error-file', '/tmp/tmpm221m4pz']
[2022-02-20 00:08:35,701] {standard_task_runner.py:77} INFO - Job 394: Subtask local_to_gcs_task
[2022-02-20 00:08:35,796] {logging_mixin.py:109} INFO - Running <TaskInstance: green_taxi_gcs_dag.local_to_gcs_task scheduled__2020-10-02T00:00:00+00:00 [running]> on host da07aa254901
[2022-02-20 00:08:35,867] {warnings.py:110} WARNING - /home/***/.local/lib/python3.7/site-packages/***/utils/context.py:152: AirflowContextDeprecationWarning: Accessing 'execution_date' from the template is deprecated and will be removed in a future version. Please use 'data_interval_start' or 'logical_date' instead.
  warnings.warn(_create_deprecation_warning(key, self._deprecation_replacements[key]))

[2022-02-20 00:08:35,915] {taskinstance.py:1426} INFO - Exporting the following env vars:
AIRFLOW_CTX_DAG_OWNER=***
AIRFLOW_CTX_DAG_ID=green_taxi_gcs_dag
AIRFLOW_CTX_TASK_ID=local_to_gcs_task
AIRFLOW_CTX_EXECUTION_DATE=2020-10-02T00:00:00+00:00
AIRFLOW_CTX_DAG_RUN_ID=scheduled__2020-10-02T00:00:00+00:00
[2022-02-20 00:08:36,397] {python.py:175} INFO - Done. Returned value was: None
[2022-02-20 00:08:36,412] {taskinstance.py:1277} INFO - Marking task as SUCCESS. dag_id=green_taxi_gcs_dag, task_id=local_to_gcs_task, execution_date=20201002T000000, start_date=20220220T000835, end_date=20220220T000836
[2022-02-20 00:08:36,472] {local_task_job.py:154} INFO - Task exited with return code 0
[2022-02-20 00:08:36,510] {local_task_job.py:264} INFO - 1 downstream tasks scheduled from follow-on schedule check
[2022-02-20 02:02:11,898] {taskinstance.py:1032} INFO - Dependencies all met for <TaskInstance: green_taxi_gcs_dag.local_to_gcs_task scheduled__2020-10-02T00:00:00+00:00 [queued]>
[2022-02-20 02:02:11,917] {taskinstance.py:1032} INFO - Dependencies all met for <TaskInstance: green_taxi_gcs_dag.local_to_gcs_task scheduled__2020-10-02T00:00:00+00:00 [queued]>
[2022-02-20 02:02:11,917] {taskinstance.py:1238} INFO - 
--------------------------------------------------------------------------------
[2022-02-20 02:02:11,917] {taskinstance.py:1239} INFO - Starting attempt 1 of 2
[2022-02-20 02:02:11,917] {taskinstance.py:1240} INFO - 
--------------------------------------------------------------------------------
[2022-02-20 02:02:11,942] {taskinstance.py:1259} INFO - Executing <Task(PythonOperator): local_to_gcs_task> on 2020-10-02 00:00:00+00:00
[2022-02-20 02:02:11,950] {standard_task_runner.py:52} INFO - Started process 805 to run task
[2022-02-20 02:02:11,962] {standard_task_runner.py:76} INFO - Running: ['***', 'tasks', 'run', 'green_taxi_gcs_dag', 'local_to_gcs_task', 'scheduled__2020-10-02T00:00:00+00:00', '--job-id', '603', '--raw', '--subdir', 'DAGS_FOLDER/green_gcs_dag.py', '--cfg-path', '/tmp/tmpy8kgh7ng', '--error-file', '/tmp/tmpqop5c89k']
[2022-02-20 02:02:11,964] {standard_task_runner.py:77} INFO - Job 603: Subtask local_to_gcs_task
[2022-02-20 02:02:12,107] {logging_mixin.py:109} INFO - Running <TaskInstance: green_taxi_gcs_dag.local_to_gcs_task scheduled__2020-10-02T00:00:00+00:00 [running]> on host 5484a3a1f7c3
[2022-02-20 02:02:12,188] {warnings.py:110} WARNING - /home/***/.local/lib/python3.7/site-packages/***/utils/context.py:152: AirflowContextDeprecationWarning: Accessing 'execution_date' from the template is deprecated and will be removed in a future version. Please use 'data_interval_start' or 'logical_date' instead.
  warnings.warn(_create_deprecation_warning(key, self._deprecation_replacements[key]))

[2022-02-20 02:02:12,224] {taskinstance.py:1426} INFO - Exporting the following env vars:
AIRFLOW_CTX_DAG_OWNER=***
AIRFLOW_CTX_DAG_ID=green_taxi_gcs_dag
AIRFLOW_CTX_TASK_ID=local_to_gcs_task
AIRFLOW_CTX_EXECUTION_DATE=2020-10-02T00:00:00+00:00
AIRFLOW_CTX_DAG_RUN_ID=scheduled__2020-10-02T00:00:00+00:00
[2022-02-20 02:02:12,711] {python.py:175} INFO - Done. Returned value was: None
[2022-02-20 02:02:12,727] {taskinstance.py:1277} INFO - Marking task as SUCCESS. dag_id=green_taxi_gcs_dag, task_id=local_to_gcs_task, execution_date=20201002T000000, start_date=20220220T020211, end_date=20220220T020212
[2022-02-20 02:02:12,770] {local_task_job.py:154} INFO - Task exited with return code 0
[2022-02-20 02:02:12,827] {local_task_job.py:264} INFO - 1 downstream tasks scheduled from follow-on schedule check
