[2022-02-03 13:47:58,671] {taskinstance.py:1032} INFO - Dependencies all met for <TaskInstance: LocalIngestionDag.wget scheduled__2020-03-02T06:00:00+00:00 [queued]>
[2022-02-03 13:47:58,757] {taskinstance.py:1032} INFO - Dependencies all met for <TaskInstance: LocalIngestionDag.wget scheduled__2020-03-02T06:00:00+00:00 [queued]>
[2022-02-03 13:47:58,765] {taskinstance.py:1238} INFO - 
--------------------------------------------------------------------------------
[2022-02-03 13:47:58,768] {taskinstance.py:1239} INFO - Starting attempt 1 of 1
[2022-02-03 13:47:58,768] {taskinstance.py:1240} INFO - 
--------------------------------------------------------------------------------
[2022-02-03 13:47:58,858] {taskinstance.py:1259} INFO - Executing <Task(BashOperator): wget> on 2020-03-02 06:00:00+00:00
[2022-02-03 13:47:58,880] {standard_task_runner.py:52} INFO - Started process 1534 to run task
[2022-02-03 13:47:58,891] {standard_task_runner.py:76} INFO - Running: ['***', 'tasks', 'run', 'LocalIngestionDag', 'wget', 'scheduled__2020-03-02T06:00:00+00:00', '--job-id', '41', '--raw', '--subdir', 'DAGS_FOLDER/data_ingestion_localDB_dag.py', '--cfg-path', '/tmp/tmpj4y6ffpu', '--error-file', '/tmp/tmplruw82j1']
[2022-02-03 13:47:58,911] {standard_task_runner.py:77} INFO - Job 41: Subtask wget
[2022-02-03 13:47:59,213] {logging_mixin.py:109} INFO - Running <TaskInstance: LocalIngestionDag.wget scheduled__2020-03-02T06:00:00+00:00 [running]> on host 2b92176b720f
[2022-02-03 13:47:59,439] {warnings.py:110} WARNING - /home/***/.local/lib/python3.7/site-packages/***/utils/context.py:152: AirflowContextDeprecationWarning: Accessing 'execution_date' from the template is deprecated and will be removed in a future version. Please use 'data_interval_start' or 'logical_date' instead.
  warnings.warn(_create_deprecation_warning(key, self._deprecation_replacements[key]))

[2022-02-03 13:47:59,478] {taskinstance.py:1426} INFO - Exporting the following env vars:
AIRFLOW_CTX_DAG_OWNER=***
AIRFLOW_CTX_DAG_ID=LocalIngestionDag
AIRFLOW_CTX_TASK_ID=wget
AIRFLOW_CTX_EXECUTION_DATE=2020-03-02T06:00:00+00:00
AIRFLOW_CTX_DAG_RUN_ID=scheduled__2020-03-02T06:00:00+00:00
[2022-02-03 13:47:59,479] {subprocess.py:62} INFO - Tmp dir root location: 
 /tmp
[2022-02-03 13:47:59,480] {subprocess.py:74} INFO - Running command: ['bash', '-c', 'echo "2020-m%"']
[2022-02-03 13:47:59,496] {subprocess.py:85} INFO - Output:
[2022-02-03 13:47:59,499] {subprocess.py:89} INFO - 2020-m%
[2022-02-03 13:47:59,500] {subprocess.py:93} INFO - Command exited with return code 0
[2022-02-03 13:47:59,555] {taskinstance.py:1277} INFO - Marking task as SUCCESS. dag_id=LocalIngestionDag, task_id=wget, execution_date=20200302T060000, start_date=20220203T134758, end_date=20220203T134759
[2022-02-03 13:47:59,608] {local_task_job.py:154} INFO - Task exited with return code 0
[2022-02-03 13:47:59,690] {local_task_job.py:264} INFO - 0 downstream tasks scheduled from follow-on schedule check
[2022-02-03 13:59:56,696] {taskinstance.py:1032} INFO - Dependencies all met for <TaskInstance: LocalIngestionDag.wget scheduled__2020-03-02T06:00:00+00:00 [queued]>
[2022-02-03 13:59:56,876] {taskinstance.py:1032} INFO - Dependencies all met for <TaskInstance: LocalIngestionDag.wget scheduled__2020-03-02T06:00:00+00:00 [queued]>
[2022-02-03 13:59:56,876] {taskinstance.py:1238} INFO - 
--------------------------------------------------------------------------------
[2022-02-03 13:59:56,876] {taskinstance.py:1239} INFO - Starting attempt 1 of 1
[2022-02-03 13:59:56,877] {taskinstance.py:1240} INFO - 
--------------------------------------------------------------------------------
[2022-02-03 13:59:57,018] {taskinstance.py:1259} INFO - Executing <Task(BashOperator): wget> on 2020-03-02 06:00:00+00:00
[2022-02-03 13:59:57,138] {standard_task_runner.py:76} INFO - Running: ['***', 'tasks', 'run', 'LocalIngestionDag', 'wget', 'scheduled__2020-03-02T06:00:00+00:00', '--job-id', '84', '--raw', '--subdir', 'DAGS_FOLDER/data_ingestion_localDB_dag.py', '--cfg-path', '/tmp/tmpexu6oof7', '--error-file', '/tmp/tmp6o7ed0fw']
[2022-02-03 13:59:57,139] {standard_task_runner.py:77} INFO - Job 84: Subtask wget
[2022-02-03 13:59:57,133] {standard_task_runner.py:52} INFO - Started process 120 to run task
[2022-02-03 13:59:57,503] {logging_mixin.py:109} INFO - Running <TaskInstance: LocalIngestionDag.wget scheduled__2020-03-02T06:00:00+00:00 [running]> on host cd3baa871297
[2022-02-03 13:59:58,286] {warnings.py:110} WARNING - /home/***/.local/lib/python3.7/site-packages/***/utils/context.py:152: AirflowContextDeprecationWarning: Accessing 'execution_date' from the template is deprecated and will be removed in a future version. Please use 'data_interval_start' or 'logical_date' instead.
  warnings.warn(_create_deprecation_warning(key, self._deprecation_replacements[key]))

[2022-02-03 13:59:58,399] {taskinstance.py:1426} INFO - Exporting the following env vars:
AIRFLOW_CTX_DAG_OWNER=***
AIRFLOW_CTX_DAG_ID=LocalIngestionDag
AIRFLOW_CTX_TASK_ID=wget
AIRFLOW_CTX_EXECUTION_DATE=2020-03-02T06:00:00+00:00
AIRFLOW_CTX_DAG_RUN_ID=scheduled__2020-03-02T06:00:00+00:00
[2022-02-03 13:59:58,401] {subprocess.py:62} INFO - Tmp dir root location: 
 /tmp
[2022-02-03 13:59:58,403] {subprocess.py:74} INFO - Running command: ['bash', '-c', 'echo "2020-03"']
[2022-02-03 13:59:58,524] {subprocess.py:85} INFO - Output:
[2022-02-03 13:59:58,558] {subprocess.py:89} INFO - 2020-03
[2022-02-03 13:59:58,564] {subprocess.py:93} INFO - Command exited with return code 0
[2022-02-03 13:59:58,856] {taskinstance.py:1277} INFO - Marking task as SUCCESS. dag_id=LocalIngestionDag, task_id=wget, execution_date=20200302T060000, start_date=20220203T135956, end_date=20220203T135958
[2022-02-03 13:59:59,299] {local_task_job.py:154} INFO - Task exited with return code 0
[2022-02-03 13:59:59,653] {local_task_job.py:264} INFO - 0 downstream tasks scheduled from follow-on schedule check
