[2022-02-03 16:57:57,980] {taskinstance.py:1032} INFO - Dependencies all met for <TaskInstance: yellow_taxi_gcs_dag.delete_the_local_file scheduled__2019-01-02T00:00:00+00:00 [queued]>
[2022-02-03 16:57:57,998] {taskinstance.py:1032} INFO - Dependencies all met for <TaskInstance: yellow_taxi_gcs_dag.delete_the_local_file scheduled__2019-01-02T00:00:00+00:00 [queued]>
[2022-02-03 16:57:57,998] {taskinstance.py:1238} INFO - 
--------------------------------------------------------------------------------
[2022-02-03 16:57:57,998] {taskinstance.py:1239} INFO - Starting attempt 1 of 2
[2022-02-03 16:57:57,999] {taskinstance.py:1240} INFO - 
--------------------------------------------------------------------------------
[2022-02-03 16:57:58,017] {taskinstance.py:1259} INFO - Executing <Task(BashOperator): delete_the_local_file> on 2019-01-02 00:00:00+00:00
[2022-02-03 16:57:58,024] {standard_task_runner.py:52} INFO - Started process 1519 to run task
[2022-02-03 16:57:58,028] {standard_task_runner.py:76} INFO - Running: ['***', 'tasks', 'run', 'yellow_taxi_gcs_dag', 'delete_the_local_file', 'scheduled__2019-01-02T00:00:00+00:00', '--job-id', '36', '--raw', '--subdir', 'DAGS_FOLDER/yellow_taxi_gcs_dag.py', '--cfg-path', '/tmp/tmppsckdca1', '--error-file', '/tmp/tmpcmpe6tb3']
[2022-02-03 16:57:58,029] {standard_task_runner.py:77} INFO - Job 36: Subtask delete_the_local_file
[2022-02-03 16:57:58,094] {logging_mixin.py:109} INFO - Running <TaskInstance: yellow_taxi_gcs_dag.delete_the_local_file scheduled__2019-01-02T00:00:00+00:00 [running]> on host 7e458922b35d
[2022-02-03 16:57:58,150] {warnings.py:110} WARNING - /home/***/.local/lib/python3.7/site-packages/***/utils/context.py:152: AirflowContextDeprecationWarning: Accessing 'execution_date' from the template is deprecated and will be removed in a future version. Please use 'data_interval_start' or 'logical_date' instead.
  warnings.warn(_create_deprecation_warning(key, self._deprecation_replacements[key]))

[2022-02-03 16:57:58,170] {taskinstance.py:1426} INFO - Exporting the following env vars:
AIRFLOW_CTX_DAG_OWNER=***
AIRFLOW_CTX_DAG_ID=yellow_taxi_gcs_dag
AIRFLOW_CTX_TASK_ID=delete_the_local_file
AIRFLOW_CTX_EXECUTION_DATE=2019-01-02T00:00:00+00:00
AIRFLOW_CTX_DAG_RUN_ID=scheduled__2019-01-02T00:00:00+00:00
[2022-02-03 16:57:58,171] {subprocess.py:62} INFO - Tmp dir root location: 
 /tmp
[2022-02-03 16:57:58,172] {subprocess.py:74} INFO - Running command: ['bash', '-c', 'rm /opt/***/output_2019-01.csv | rm /opt/***/output_2019-01.parquet']
[2022-02-03 16:57:58,184] {subprocess.py:85} INFO - Output:
[2022-02-03 16:57:58,206] {subprocess.py:93} INFO - Command exited with return code 0
[2022-02-03 16:57:58,236] {taskinstance.py:1277} INFO - Marking task as SUCCESS. dag_id=yellow_taxi_gcs_dag, task_id=delete_the_local_file, execution_date=20190102T000000, start_date=20220203T165757, end_date=20220203T165758
[2022-02-03 16:57:58,280] {local_task_job.py:154} INFO - Task exited with return code 0
[2022-02-03 16:57:58,316] {local_task_job.py:264} INFO - 0 downstream tasks scheduled from follow-on schedule check
[2022-02-03 17:13:20,100] {taskinstance.py:1032} INFO - Dependencies all met for <TaskInstance: yellow_taxi_gcs_dag.delete_the_local_file scheduled__2019-01-02T00:00:00+00:00 [queued]>
[2022-02-03 17:13:20,127] {taskinstance.py:1032} INFO - Dependencies all met for <TaskInstance: yellow_taxi_gcs_dag.delete_the_local_file scheduled__2019-01-02T00:00:00+00:00 [queued]>
[2022-02-03 17:13:20,127] {taskinstance.py:1238} INFO - 
--------------------------------------------------------------------------------
[2022-02-03 17:13:20,127] {taskinstance.py:1239} INFO - Starting attempt 1 of 2
[2022-02-03 17:13:20,127] {taskinstance.py:1240} INFO - 
--------------------------------------------------------------------------------
[2022-02-03 17:13:20,154] {taskinstance.py:1259} INFO - Executing <Task(BashOperator): delete_the_local_file> on 2019-01-02 00:00:00+00:00
[2022-02-03 17:13:20,168] {standard_task_runner.py:52} INFO - Started process 2208 to run task
[2022-02-03 17:13:20,172] {standard_task_runner.py:76} INFO - Running: ['***', 'tasks', 'run', 'yellow_taxi_gcs_dag', 'delete_the_local_file', 'scheduled__2019-01-02T00:00:00+00:00', '--job-id', '53', '--raw', '--subdir', 'DAGS_FOLDER/yellow_taxi_gcs_dag.py', '--cfg-path', '/tmp/tmp5ho4_qyp', '--error-file', '/tmp/tmpw5_5mw0m']
[2022-02-03 17:13:20,174] {standard_task_runner.py:77} INFO - Job 53: Subtask delete_the_local_file
[2022-02-03 17:13:20,257] {logging_mixin.py:109} INFO - Running <TaskInstance: yellow_taxi_gcs_dag.delete_the_local_file scheduled__2019-01-02T00:00:00+00:00 [running]> on host 7e458922b35d
[2022-02-03 17:13:20,335] {warnings.py:110} WARNING - /home/***/.local/lib/python3.7/site-packages/***/utils/context.py:152: AirflowContextDeprecationWarning: Accessing 'execution_date' from the template is deprecated and will be removed in a future version. Please use 'data_interval_start' or 'logical_date' instead.
  warnings.warn(_create_deprecation_warning(key, self._deprecation_replacements[key]))

[2022-02-03 17:13:20,362] {taskinstance.py:1426} INFO - Exporting the following env vars:
AIRFLOW_CTX_DAG_OWNER=***
AIRFLOW_CTX_DAG_ID=yellow_taxi_gcs_dag
AIRFLOW_CTX_TASK_ID=delete_the_local_file
AIRFLOW_CTX_EXECUTION_DATE=2019-01-02T00:00:00+00:00
AIRFLOW_CTX_DAG_RUN_ID=scheduled__2019-01-02T00:00:00+00:00
[2022-02-03 17:13:20,363] {subprocess.py:62} INFO - Tmp dir root location: 
 /tmp
[2022-02-03 17:13:20,365] {subprocess.py:74} INFO - Running command: ['bash', '-c', 'rm /opt/***/output_2019-01.csv | rm /opt/***/output_2019-01.parquet']
[2022-02-03 17:13:20,390] {subprocess.py:85} INFO - Output:
[2022-02-03 17:13:20,442] {subprocess.py:93} INFO - Command exited with return code 0
[2022-02-03 17:13:20,488] {taskinstance.py:1277} INFO - Marking task as SUCCESS. dag_id=yellow_taxi_gcs_dag, task_id=delete_the_local_file, execution_date=20190102T000000, start_date=20220203T171320, end_date=20220203T171320
[2022-02-03 17:13:20,532] {local_task_job.py:154} INFO - Task exited with return code 0
[2022-02-03 17:13:20,592] {local_task_job.py:264} INFO - 0 downstream tasks scheduled from follow-on schedule check
<<<<<<< HEAD
[2022-02-20 00:16:28,664] {taskinstance.py:1032} INFO - Dependencies all met for <TaskInstance: yellow_taxi_gcs_dag.delete_the_local_file scheduled__2019-01-02T00:00:00+00:00 [queued]>
[2022-02-20 00:16:28,694] {taskinstance.py:1032} INFO - Dependencies all met for <TaskInstance: yellow_taxi_gcs_dag.delete_the_local_file scheduled__2019-01-02T00:00:00+00:00 [queued]>
[2022-02-20 00:16:28,695] {taskinstance.py:1238} INFO - 
--------------------------------------------------------------------------------
[2022-02-20 00:16:28,695] {taskinstance.py:1239} INFO - Starting attempt 1 of 2
[2022-02-20 00:16:28,695] {taskinstance.py:1240} INFO - 
--------------------------------------------------------------------------------
[2022-02-20 00:16:28,737] {taskinstance.py:1259} INFO - Executing <Task(BashOperator): delete_the_local_file> on 2019-01-02 00:00:00+00:00
[2022-02-20 00:16:28,748] {standard_task_runner.py:52} INFO - Started process 1548 to run task
[2022-02-20 00:16:28,754] {standard_task_runner.py:76} INFO - Running: ['***', 'tasks', 'run', 'yellow_taxi_gcs_dag', 'delete_the_local_file', 'scheduled__2019-01-02T00:00:00+00:00', '--job-id', '427', '--raw', '--subdir', 'DAGS_FOLDER/yellow_taxi_gcs_dag.py', '--cfg-path', '/tmp/tmp4eelvre6', '--error-file', '/tmp/tmpj3fluqaz']
[2022-02-20 00:16:28,759] {standard_task_runner.py:77} INFO - Job 427: Subtask delete_the_local_file
[2022-02-20 00:16:28,912] {logging_mixin.py:109} INFO - Running <TaskInstance: yellow_taxi_gcs_dag.delete_the_local_file scheduled__2019-01-02T00:00:00+00:00 [running]> on host da07aa254901
[2022-02-20 00:16:28,985] {warnings.py:110} WARNING - /home/***/.local/lib/python3.7/site-packages/***/utils/context.py:152: AirflowContextDeprecationWarning: Accessing 'execution_date' from the template is deprecated and will be removed in a future version. Please use 'data_interval_start' or 'logical_date' instead.
  warnings.warn(_create_deprecation_warning(key, self._deprecation_replacements[key]))

[2022-02-20 00:16:29,027] {taskinstance.py:1426} INFO - Exporting the following env vars:
AIRFLOW_CTX_DAG_OWNER=***
AIRFLOW_CTX_DAG_ID=yellow_taxi_gcs_dag
AIRFLOW_CTX_TASK_ID=delete_the_local_file
AIRFLOW_CTX_EXECUTION_DATE=2019-01-02T00:00:00+00:00
AIRFLOW_CTX_DAG_RUN_ID=scheduled__2019-01-02T00:00:00+00:00
[2022-02-20 00:16:29,029] {subprocess.py:62} INFO - Tmp dir root location: 
 /tmp
[2022-02-20 00:16:29,032] {subprocess.py:74} INFO - Running command: ['bash', '-c', 'rm /opt/***/output_2019-01.csv | rm /opt/***/output_2019-01.parquet']
[2022-02-20 00:16:29,059] {subprocess.py:85} INFO - Output:
[2022-02-20 00:16:29,116] {subprocess.py:93} INFO - Command exited with return code 0
[2022-02-20 00:16:29,153] {taskinstance.py:1277} INFO - Marking task as SUCCESS. dag_id=yellow_taxi_gcs_dag, task_id=delete_the_local_file, execution_date=20190102T000000, start_date=20220220T001628, end_date=20220220T001629
[2022-02-20 00:16:29,184] {local_task_job.py:154} INFO - Task exited with return code 0
[2022-02-20 00:16:29,237] {local_task_job.py:264} INFO - 0 downstream tasks scheduled from follow-on schedule check
=======
>>>>>>> origin/master
