[2022-02-20 00:13:41,927] {taskinstance.py:1032} INFO - Dependencies all met for <TaskInstance: yellow_taxi_gcs_dag.local_to_gcs_task scheduled__2019-02-02T00:00:00+00:00 [queued]>
[2022-02-20 00:13:41,943] {taskinstance.py:1032} INFO - Dependencies all met for <TaskInstance: yellow_taxi_gcs_dag.local_to_gcs_task scheduled__2019-02-02T00:00:00+00:00 [queued]>
[2022-02-20 00:13:41,944] {taskinstance.py:1238} INFO - 
--------------------------------------------------------------------------------
[2022-02-20 00:13:41,944] {taskinstance.py:1239} INFO - Starting attempt 4 of 5
[2022-02-20 00:13:41,944] {taskinstance.py:1240} INFO - 
--------------------------------------------------------------------------------
[2022-02-20 00:13:41,959] {taskinstance.py:1259} INFO - Executing <Task(PythonOperator): local_to_gcs_task> on 2019-02-02 00:00:00+00:00
[2022-02-20 00:13:41,965] {standard_task_runner.py:52} INFO - Started process 1399 to run task
[2022-02-20 00:13:41,971] {standard_task_runner.py:76} INFO - Running: ['***', 'tasks', 'run', 'yellow_taxi_gcs_dag', 'local_to_gcs_task', 'scheduled__2019-02-02T00:00:00+00:00', '--job-id', '416', '--raw', '--subdir', 'DAGS_FOLDER/yellow_taxi_gcs_dag.py', '--cfg-path', '/tmp/tmpn0q86rzx', '--error-file', '/tmp/tmpq3tc5i_s']
[2022-02-20 00:13:41,972] {standard_task_runner.py:77} INFO - Job 416: Subtask local_to_gcs_task
[2022-02-20 00:13:42,067] {logging_mixin.py:109} INFO - Running <TaskInstance: yellow_taxi_gcs_dag.local_to_gcs_task scheduled__2019-02-02T00:00:00+00:00 [running]> on host da07aa254901
[2022-02-20 00:13:42,150] {warnings.py:110} WARNING - /home/***/.local/lib/python3.7/site-packages/***/utils/context.py:152: AirflowContextDeprecationWarning: Accessing 'execution_date' from the template is deprecated and will be removed in a future version. Please use 'data_interval_start' or 'logical_date' instead.
  warnings.warn(_create_deprecation_warning(key, self._deprecation_replacements[key]))

[2022-02-20 00:13:42,210] {taskinstance.py:1426} INFO - Exporting the following env vars:
AIRFLOW_CTX_DAG_OWNER=***
AIRFLOW_CTX_DAG_ID=yellow_taxi_gcs_dag
AIRFLOW_CTX_TASK_ID=local_to_gcs_task
AIRFLOW_CTX_EXECUTION_DATE=2019-02-02T00:00:00+00:00
AIRFLOW_CTX_DAG_RUN_ID=scheduled__2019-02-02T00:00:00+00:00
[2022-02-20 00:13:59,689] {python.py:175} INFO - Done. Returned value was: None
[2022-02-20 00:13:59,707] {taskinstance.py:1277} INFO - Marking task as SUCCESS. dag_id=yellow_taxi_gcs_dag, task_id=local_to_gcs_task, execution_date=20190202T000000, start_date=20220220T001341, end_date=20220220T001359
[2022-02-20 00:13:59,780] {local_task_job.py:154} INFO - Task exited with return code 0
[2022-02-20 00:13:59,911] {local_task_job.py:264} INFO - 0 downstream tasks scheduled from follow-on schedule check
