[2022-02-09 20:38:29,916] {taskinstance.py:1032} INFO - Dependencies all met for <TaskInstance: green_taxi_gcs_dag.format_to_parquet_task scheduled__2020-10-02T00:00:00+00:00 [queued]>
[2022-02-09 20:38:29,980] {taskinstance.py:1032} INFO - Dependencies all met for <TaskInstance: green_taxi_gcs_dag.format_to_parquet_task scheduled__2020-10-02T00:00:00+00:00 [queued]>
[2022-02-09 20:38:29,980] {taskinstance.py:1238} INFO - 
--------------------------------------------------------------------------------
[2022-02-09 20:38:29,980] {taskinstance.py:1239} INFO - Starting attempt 1 of 2
[2022-02-09 20:38:29,980] {taskinstance.py:1240} INFO - 
--------------------------------------------------------------------------------
[2022-02-09 20:38:30,051] {taskinstance.py:1259} INFO - Executing <Task(PythonOperator): format_to_parquet_task> on 2020-10-02 00:00:00+00:00
[2022-02-09 20:38:30,063] {standard_task_runner.py:52} INFO - Started process 324 to run task
[2022-02-09 20:38:30,074] {standard_task_runner.py:76} INFO - Running: ['***', 'tasks', 'run', 'green_taxi_gcs_dag', 'format_to_parquet_task', 'scheduled__2020-10-02T00:00:00+00:00', '--job-id', '103', '--raw', '--subdir', 'DAGS_FOLDER/green_gcs_dag.py', '--cfg-path', '/tmp/tmpama3h6zw', '--error-file', '/tmp/tmpsc9ktxn6']
[2022-02-09 20:38:30,077] {standard_task_runner.py:77} INFO - Job 103: Subtask format_to_parquet_task
[2022-02-09 20:38:30,442] {logging_mixin.py:109} INFO - Running <TaskInstance: green_taxi_gcs_dag.format_to_parquet_task scheduled__2020-10-02T00:00:00+00:00 [running]> on host 4f97b6b16bdb
[2022-02-09 20:38:30,686] {warnings.py:110} WARNING - /home/***/.local/lib/python3.7/site-packages/***/utils/context.py:152: AirflowContextDeprecationWarning: Accessing 'execution_date' from the template is deprecated and will be removed in a future version. Please use 'data_interval_start' or 'logical_date' instead.
  warnings.warn(_create_deprecation_warning(key, self._deprecation_replacements[key]))

[2022-02-09 20:38:30,784] {taskinstance.py:1426} INFO - Exporting the following env vars:
AIRFLOW_CTX_DAG_OWNER=***
AIRFLOW_CTX_DAG_ID=green_taxi_gcs_dag
AIRFLOW_CTX_TASK_ID=format_to_parquet_task
AIRFLOW_CTX_EXECUTION_DATE=2020-10-02T00:00:00+00:00
AIRFLOW_CTX_DAG_RUN_ID=scheduled__2020-10-02T00:00:00+00:00
[2022-02-09 20:38:31,915] {python.py:175} INFO - Done. Returned value was: None
[2022-02-09 20:38:31,996] {taskinstance.py:1277} INFO - Marking task as SUCCESS. dag_id=green_taxi_gcs_dag, task_id=format_to_parquet_task, execution_date=20201002T000000, start_date=20220209T203829, end_date=20220209T203831
[2022-02-09 20:38:32,190] {local_task_job.py:154} INFO - Task exited with return code 0
[2022-02-09 20:38:32,638] {local_task_job.py:264} INFO - 0 downstream tasks scheduled from follow-on schedule check
[2022-02-09 20:48:32,776] {taskinstance.py:1032} INFO - Dependencies all met for <TaskInstance: green_taxi_gcs_dag.format_to_parquet_task scheduled__2020-10-02T00:00:00+00:00 [queued]>
[2022-02-09 20:48:32,823] {taskinstance.py:1032} INFO - Dependencies all met for <TaskInstance: green_taxi_gcs_dag.format_to_parquet_task scheduled__2020-10-02T00:00:00+00:00 [queued]>
[2022-02-09 20:48:32,824] {taskinstance.py:1238} INFO - 
--------------------------------------------------------------------------------
[2022-02-09 20:48:32,824] {taskinstance.py:1239} INFO - Starting attempt 1 of 2
[2022-02-09 20:48:32,824] {taskinstance.py:1240} INFO - 
--------------------------------------------------------------------------------
[2022-02-09 20:48:32,883] {taskinstance.py:1259} INFO - Executing <Task(PythonOperator): format_to_parquet_task> on 2020-10-02 00:00:00+00:00
[2022-02-09 20:48:32,894] {standard_task_runner.py:52} INFO - Started process 1177 to run task
[2022-02-09 20:48:32,908] {standard_task_runner.py:76} INFO - Running: ['***', 'tasks', 'run', 'green_taxi_gcs_dag', 'format_to_parquet_task', 'scheduled__2020-10-02T00:00:00+00:00', '--job-id', '198', '--raw', '--subdir', 'DAGS_FOLDER/green_gcs_dag.py', '--cfg-path', '/tmp/tmp244jo416', '--error-file', '/tmp/tmpcsozls9o']
[2022-02-09 20:48:32,909] {standard_task_runner.py:77} INFO - Job 198: Subtask format_to_parquet_task
[2022-02-09 20:48:33,047] {logging_mixin.py:109} INFO - Running <TaskInstance: green_taxi_gcs_dag.format_to_parquet_task scheduled__2020-10-02T00:00:00+00:00 [running]> on host 4f97b6b16bdb
[2022-02-09 20:48:33,107] {warnings.py:110} WARNING - /home/***/.local/lib/python3.7/site-packages/***/utils/context.py:152: AirflowContextDeprecationWarning: Accessing 'execution_date' from the template is deprecated and will be removed in a future version. Please use 'data_interval_start' or 'logical_date' instead.
  warnings.warn(_create_deprecation_warning(key, self._deprecation_replacements[key]))

[2022-02-09 20:48:33,133] {taskinstance.py:1426} INFO - Exporting the following env vars:
AIRFLOW_CTX_DAG_OWNER=***
AIRFLOW_CTX_DAG_ID=green_taxi_gcs_dag
AIRFLOW_CTX_TASK_ID=format_to_parquet_task
AIRFLOW_CTX_EXECUTION_DATE=2020-10-02T00:00:00+00:00
AIRFLOW_CTX_DAG_RUN_ID=scheduled__2020-10-02T00:00:00+00:00
[2022-02-09 20:48:33,424] {python.py:175} INFO - Done. Returned value was: None
[2022-02-09 20:48:33,442] {taskinstance.py:1277} INFO - Marking task as SUCCESS. dag_id=green_taxi_gcs_dag, task_id=format_to_parquet_task, execution_date=20201002T000000, start_date=20220209T204832, end_date=20220209T204833
[2022-02-09 20:48:33,479] {local_task_job.py:154} INFO - Task exited with return code 0
[2022-02-09 20:48:33,547] {local_task_job.py:264} INFO - 1 downstream tasks scheduled from follow-on schedule check
[2022-02-20 00:08:32,891] {taskinstance.py:1032} INFO - Dependencies all met for <TaskInstance: green_taxi_gcs_dag.format_to_parquet_task scheduled__2020-10-02T00:00:00+00:00 [queued]>
[2022-02-20 00:08:32,907] {taskinstance.py:1032} INFO - Dependencies all met for <TaskInstance: green_taxi_gcs_dag.format_to_parquet_task scheduled__2020-10-02T00:00:00+00:00 [queued]>
[2022-02-20 00:08:32,907] {taskinstance.py:1238} INFO - 
--------------------------------------------------------------------------------
[2022-02-20 00:08:32,908] {taskinstance.py:1239} INFO - Starting attempt 1 of 2
[2022-02-20 00:08:32,908] {taskinstance.py:1240} INFO - 
--------------------------------------------------------------------------------
[2022-02-20 00:08:32,923] {taskinstance.py:1259} INFO - Executing <Task(PythonOperator): format_to_parquet_task> on 2020-10-02 00:00:00+00:00
[2022-02-20 00:08:32,929] {standard_task_runner.py:52} INFO - Started process 1079 to run task
[2022-02-20 00:08:32,933] {standard_task_runner.py:76} INFO - Running: ['***', 'tasks', 'run', 'green_taxi_gcs_dag', 'format_to_parquet_task', 'scheduled__2020-10-02T00:00:00+00:00', '--job-id', '391', '--raw', '--subdir', 'DAGS_FOLDER/green_gcs_dag.py', '--cfg-path', '/tmp/tmp8cs63h7e', '--error-file', '/tmp/tmphjfveru7']
[2022-02-20 00:08:32,934] {standard_task_runner.py:77} INFO - Job 391: Subtask format_to_parquet_task
[2022-02-20 00:08:33,018] {logging_mixin.py:109} INFO - Running <TaskInstance: green_taxi_gcs_dag.format_to_parquet_task scheduled__2020-10-02T00:00:00+00:00 [running]> on host da07aa254901
[2022-02-20 00:08:33,080] {warnings.py:110} WARNING - /home/***/.local/lib/python3.7/site-packages/***/utils/context.py:152: AirflowContextDeprecationWarning: Accessing 'execution_date' from the template is deprecated and will be removed in a future version. Please use 'data_interval_start' or 'logical_date' instead.
  warnings.warn(_create_deprecation_warning(key, self._deprecation_replacements[key]))

[2022-02-20 00:08:33,106] {taskinstance.py:1426} INFO - Exporting the following env vars:
AIRFLOW_CTX_DAG_OWNER=***
AIRFLOW_CTX_DAG_ID=green_taxi_gcs_dag
AIRFLOW_CTX_TASK_ID=format_to_parquet_task
AIRFLOW_CTX_EXECUTION_DATE=2020-10-02T00:00:00+00:00
AIRFLOW_CTX_DAG_RUN_ID=scheduled__2020-10-02T00:00:00+00:00
[2022-02-20 00:08:33,371] {python.py:175} INFO - Done. Returned value was: None
[2022-02-20 00:08:33,406] {taskinstance.py:1277} INFO - Marking task as SUCCESS. dag_id=green_taxi_gcs_dag, task_id=format_to_parquet_task, execution_date=20201002T000000, start_date=20220220T000832, end_date=20220220T000833
[2022-02-20 00:08:33,519] {local_task_job.py:154} INFO - Task exited with return code 0
[2022-02-20 00:08:33,613] {local_task_job.py:264} INFO - 1 downstream tasks scheduled from follow-on schedule check
[2022-02-20 02:02:08,398] {taskinstance.py:1032} INFO - Dependencies all met for <TaskInstance: green_taxi_gcs_dag.format_to_parquet_task scheduled__2020-10-02T00:00:00+00:00 [queued]>
[2022-02-20 02:02:08,432] {taskinstance.py:1032} INFO - Dependencies all met for <TaskInstance: green_taxi_gcs_dag.format_to_parquet_task scheduled__2020-10-02T00:00:00+00:00 [queued]>
[2022-02-20 02:02:08,432] {taskinstance.py:1238} INFO - 
--------------------------------------------------------------------------------
[2022-02-20 02:02:08,432] {taskinstance.py:1239} INFO - Starting attempt 1 of 2
[2022-02-20 02:02:08,432] {taskinstance.py:1240} INFO - 
--------------------------------------------------------------------------------
[2022-02-20 02:02:08,498] {taskinstance.py:1259} INFO - Executing <Task(PythonOperator): format_to_parquet_task> on 2020-10-02 00:00:00+00:00
[2022-02-20 02:02:08,513] {standard_task_runner.py:52} INFO - Started process 786 to run task
[2022-02-20 02:02:08,544] {standard_task_runner.py:76} INFO - Running: ['***', 'tasks', 'run', 'green_taxi_gcs_dag', 'format_to_parquet_task', 'scheduled__2020-10-02T00:00:00+00:00', '--job-id', '601', '--raw', '--subdir', 'DAGS_FOLDER/green_gcs_dag.py', '--cfg-path', '/tmp/tmp_sf2k_36', '--error-file', '/tmp/tmpx0a1n_5c']
[2022-02-20 02:02:08,554] {standard_task_runner.py:77} INFO - Job 601: Subtask format_to_parquet_task
[2022-02-20 02:02:08,799] {logging_mixin.py:109} INFO - Running <TaskInstance: green_taxi_gcs_dag.format_to_parquet_task scheduled__2020-10-02T00:00:00+00:00 [running]> on host 5484a3a1f7c3
[2022-02-20 02:02:08,862] {warnings.py:110} WARNING - /home/***/.local/lib/python3.7/site-packages/***/utils/context.py:152: AirflowContextDeprecationWarning: Accessing 'execution_date' from the template is deprecated and will be removed in a future version. Please use 'data_interval_start' or 'logical_date' instead.
  warnings.warn(_create_deprecation_warning(key, self._deprecation_replacements[key]))

[2022-02-20 02:02:08,887] {taskinstance.py:1426} INFO - Exporting the following env vars:
AIRFLOW_CTX_DAG_OWNER=***
AIRFLOW_CTX_DAG_ID=green_taxi_gcs_dag
AIRFLOW_CTX_TASK_ID=format_to_parquet_task
AIRFLOW_CTX_EXECUTION_DATE=2020-10-02T00:00:00+00:00
AIRFLOW_CTX_DAG_RUN_ID=scheduled__2020-10-02T00:00:00+00:00
[2022-02-20 02:02:09,143] {python.py:175} INFO - Done. Returned value was: None
[2022-02-20 02:02:09,160] {taskinstance.py:1277} INFO - Marking task as SUCCESS. dag_id=green_taxi_gcs_dag, task_id=format_to_parquet_task, execution_date=20201002T000000, start_date=20220220T020208, end_date=20220220T020209
[2022-02-20 02:02:09,233] {local_task_job.py:154} INFO - Task exited with return code 0
[2022-02-20 02:02:09,315] {local_task_job.py:264} INFO - 1 downstream tasks scheduled from follow-on schedule check
