[2022-02-03 17:26:40,779] {taskinstance.py:1032} INFO - Dependencies all met for <TaskInstance: yellow_taxi_gcs_dag.local_to_gcs_task scheduled__2020-01-02T00:00:00+00:00 [queued]>
[2022-02-03 17:26:40,854] {taskinstance.py:1032} INFO - Dependencies all met for <TaskInstance: yellow_taxi_gcs_dag.local_to_gcs_task scheduled__2020-01-02T00:00:00+00:00 [queued]>
[2022-02-03 17:26:40,854] {taskinstance.py:1238} INFO - 
--------------------------------------------------------------------------------
[2022-02-03 17:26:40,854] {taskinstance.py:1239} INFO - Starting attempt 1 of 2
[2022-02-03 17:26:40,855] {taskinstance.py:1240} INFO - 
--------------------------------------------------------------------------------
[2022-02-03 17:26:40,885] {taskinstance.py:1259} INFO - Executing <Task(PythonOperator): local_to_gcs_task> on 2020-01-02 00:00:00+00:00
[2022-02-03 17:26:40,899] {standard_task_runner.py:52} INFO - Started process 3048 to run task
[2022-02-03 17:26:40,922] {standard_task_runner.py:76} INFO - Running: ['***', 'tasks', 'run', 'yellow_taxi_gcs_dag', 'local_to_gcs_task', 'scheduled__2020-01-02T00:00:00+00:00', '--job-id', '100', '--raw', '--subdir', 'DAGS_FOLDER/yellow_taxi_gcs_dag.py', '--cfg-path', '/tmp/tmphp3tw5lj', '--error-file', '/tmp/tmpcrwtpl_b']
[2022-02-03 17:26:40,923] {standard_task_runner.py:77} INFO - Job 100: Subtask local_to_gcs_task
[2022-02-03 17:26:41,225] {logging_mixin.py:109} INFO - Running <TaskInstance: yellow_taxi_gcs_dag.local_to_gcs_task scheduled__2020-01-02T00:00:00+00:00 [running]> on host 7e458922b35d
[2022-02-03 17:26:41,526] {warnings.py:110} WARNING - /home/***/.local/lib/python3.7/site-packages/***/utils/context.py:152: AirflowContextDeprecationWarning: Accessing 'execution_date' from the template is deprecated and will be removed in a future version. Please use 'data_interval_start' or 'logical_date' instead.
  warnings.warn(_create_deprecation_warning(key, self._deprecation_replacements[key]))

[2022-02-03 17:26:41,668] {taskinstance.py:1426} INFO - Exporting the following env vars:
AIRFLOW_CTX_DAG_OWNER=***
AIRFLOW_CTX_DAG_ID=yellow_taxi_gcs_dag
AIRFLOW_CTX_TASK_ID=local_to_gcs_task
AIRFLOW_CTX_EXECUTION_DATE=2020-01-02T00:00:00+00:00
AIRFLOW_CTX_DAG_RUN_ID=scheduled__2020-01-02T00:00:00+00:00
[2022-02-03 17:26:58,465] {python.py:175} INFO - Done. Returned value was: None
[2022-02-03 17:26:58,491] {taskinstance.py:1277} INFO - Marking task as SUCCESS. dag_id=yellow_taxi_gcs_dag, task_id=local_to_gcs_task, execution_date=20200102T000000, start_date=20220203T172640, end_date=20220203T172658
[2022-02-03 17:26:58,541] {local_task_job.py:154} INFO - Task exited with return code 0
[2022-02-03 17:26:58,581] {local_task_job.py:264} INFO - 1 downstream tasks scheduled from follow-on schedule check
<<<<<<< HEAD
[2022-02-20 00:28:58,928] {taskinstance.py:1032} INFO - Dependencies all met for <TaskInstance: yellow_taxi_gcs_dag.local_to_gcs_task scheduled__2020-01-02T00:00:00+00:00 [queued]>
[2022-02-20 00:28:58,948] {taskinstance.py:1032} INFO - Dependencies all met for <TaskInstance: yellow_taxi_gcs_dag.local_to_gcs_task scheduled__2020-01-02T00:00:00+00:00 [queued]>
[2022-02-20 00:28:58,949] {taskinstance.py:1238} INFO - 
--------------------------------------------------------------------------------
[2022-02-20 00:28:58,949] {taskinstance.py:1239} INFO - Starting attempt 1 of 2
[2022-02-20 00:28:58,949] {taskinstance.py:1240} INFO - 
--------------------------------------------------------------------------------
[2022-02-20 00:28:58,968] {taskinstance.py:1259} INFO - Executing <Task(PythonOperator): local_to_gcs_task> on 2020-01-02 00:00:00+00:00
[2022-02-20 00:28:58,975] {standard_task_runner.py:52} INFO - Started process 2182 to run task
[2022-02-20 00:28:58,980] {standard_task_runner.py:76} INFO - Running: ['***', 'tasks', 'run', 'yellow_taxi_gcs_dag', 'local_to_gcs_task', 'scheduled__2020-01-02T00:00:00+00:00', '--job-id', '466', '--raw', '--subdir', 'DAGS_FOLDER/yellow_taxi_gcs_dag.py', '--cfg-path', '/tmp/tmpp64s5dri', '--error-file', '/tmp/tmpp8ok89ut']
[2022-02-20 00:28:58,982] {standard_task_runner.py:77} INFO - Job 466: Subtask local_to_gcs_task
[2022-02-20 00:28:59,073] {logging_mixin.py:109} INFO - Running <TaskInstance: yellow_taxi_gcs_dag.local_to_gcs_task scheduled__2020-01-02T00:00:00+00:00 [running]> on host da07aa254901
[2022-02-20 00:28:59,130] {warnings.py:110} WARNING - /home/***/.local/lib/python3.7/site-packages/***/utils/context.py:152: AirflowContextDeprecationWarning: Accessing 'execution_date' from the template is deprecated and will be removed in a future version. Please use 'data_interval_start' or 'logical_date' instead.
  warnings.warn(_create_deprecation_warning(key, self._deprecation_replacements[key]))

[2022-02-20 00:28:59,159] {taskinstance.py:1426} INFO - Exporting the following env vars:
AIRFLOW_CTX_DAG_OWNER=***
AIRFLOW_CTX_DAG_ID=yellow_taxi_gcs_dag
AIRFLOW_CTX_TASK_ID=local_to_gcs_task
AIRFLOW_CTX_EXECUTION_DATE=2020-01-02T00:00:00+00:00
AIRFLOW_CTX_DAG_RUN_ID=scheduled__2020-01-02T00:00:00+00:00
[2022-02-20 00:29:19,342] {python.py:175} INFO - Done. Returned value was: None
[2022-02-20 00:29:19,375] {taskinstance.py:1277} INFO - Marking task as SUCCESS. dag_id=yellow_taxi_gcs_dag, task_id=local_to_gcs_task, execution_date=20200102T000000, start_date=20220220T002858, end_date=20220220T002919
[2022-02-20 00:29:19,489] {local_task_job.py:154} INFO - Task exited with return code 0
[2022-02-20 00:29:19,591] {local_task_job.py:264} INFO - 1 downstream tasks scheduled from follow-on schedule check
=======
>>>>>>> origin/master
