[2022-02-03 18:17:23,286] {taskinstance.py:1032} INFO - Dependencies all met for <TaskInstance: fhv_gcs_dag.download_dataset_task scheduled__2019-06-02T00:00:00+00:00 [queued]>
[2022-02-03 18:17:23,336] {taskinstance.py:1032} INFO - Dependencies all met for <TaskInstance: fhv_gcs_dag.download_dataset_task scheduled__2019-06-02T00:00:00+00:00 [queued]>
[2022-02-03 18:17:23,337] {taskinstance.py:1238} INFO - 
--------------------------------------------------------------------------------
[2022-02-03 18:17:23,337] {taskinstance.py:1239} INFO - Starting attempt 1 of 2
[2022-02-03 18:17:23,337] {taskinstance.py:1240} INFO - 
--------------------------------------------------------------------------------
[2022-02-03 18:17:23,368] {taskinstance.py:1259} INFO - Executing <Task(BashOperator): download_dataset_task> on 2019-06-02 00:00:00+00:00
[2022-02-03 18:17:23,398] {standard_task_runner.py:52} INFO - Started process 1081 to run task
[2022-02-03 18:17:23,416] {standard_task_runner.py:76} INFO - Running: ['***', 'tasks', 'run', 'fhv_gcs_dag', 'download_dataset_task', 'scheduled__2019-06-02T00:00:00+00:00', '--job-id', '167', '--raw', '--subdir', 'DAGS_FOLDER/fhv_gcs_dag.py', '--cfg-path', '/tmp/tmptc44iqzu', '--error-file', '/tmp/tmp9_euavn0']
[2022-02-03 18:17:23,417] {standard_task_runner.py:77} INFO - Job 167: Subtask download_dataset_task
[2022-02-03 18:17:23,575] {logging_mixin.py:109} INFO - Running <TaskInstance: fhv_gcs_dag.download_dataset_task scheduled__2019-06-02T00:00:00+00:00 [running]> on host bd2f56b76e32
[2022-02-03 18:17:23,775] {warnings.py:110} WARNING - /home/***/.local/lib/python3.7/site-packages/***/utils/context.py:152: AirflowContextDeprecationWarning: Accessing 'execution_date' from the template is deprecated and will be removed in a future version. Please use 'data_interval_start' or 'logical_date' instead.
  warnings.warn(_create_deprecation_warning(key, self._deprecation_replacements[key]))

[2022-02-03 18:17:23,855] {taskinstance.py:1426} INFO - Exporting the following env vars:
AIRFLOW_CTX_DAG_OWNER=***
AIRFLOW_CTX_DAG_ID=fhv_gcs_dag
AIRFLOW_CTX_TASK_ID=download_dataset_task
AIRFLOW_CTX_EXECUTION_DATE=2019-06-02T00:00:00+00:00
AIRFLOW_CTX_DAG_RUN_ID=scheduled__2019-06-02T00:00:00+00:00
[2022-02-03 18:17:23,856] {subprocess.py:62} INFO - Tmp dir root location: 
 /tmp
[2022-02-03 18:17:23,865] {subprocess.py:74} INFO - Running command: ['bash', '-c', 'curl -sS https://nyc-tlc.s3.amazonaws.com/trip+data/fhv_tripdata_2019-06.csv > /opt/***/output_2019-06.csv']
[2022-02-03 18:17:23,898] {subprocess.py:85} INFO - Output:
[2022-02-03 18:17:40,139] {subprocess.py:93} INFO - Command exited with return code 0
[2022-02-03 18:17:40,176] {taskinstance.py:1277} INFO - Marking task as SUCCESS. dag_id=fhv_gcs_dag, task_id=download_dataset_task, execution_date=20190602T000000, start_date=20220203T181723, end_date=20220203T181740
[2022-02-03 18:17:40,240] {local_task_job.py:154} INFO - Task exited with return code 0
[2022-02-03 18:17:40,285] {local_task_job.py:264} INFO - 1 downstream tasks scheduled from follow-on schedule check
<<<<<<< HEAD
[2022-02-23 19:31:03,790] {taskinstance.py:1032} INFO - Dependencies all met for <TaskInstance: fhv_gcs_dag.download_dataset_task scheduled__2019-06-02T00:00:00+00:00 [queued]>
[2022-02-23 19:31:03,808] {taskinstance.py:1032} INFO - Dependencies all met for <TaskInstance: fhv_gcs_dag.download_dataset_task scheduled__2019-06-02T00:00:00+00:00 [queued]>
[2022-02-23 19:31:03,808] {taskinstance.py:1238} INFO - 
--------------------------------------------------------------------------------
[2022-02-23 19:31:03,808] {taskinstance.py:1239} INFO - Starting attempt 1 of 2
[2022-02-23 19:31:03,808] {taskinstance.py:1240} INFO - 
--------------------------------------------------------------------------------
[2022-02-23 19:31:03,829] {taskinstance.py:1259} INFO - Executing <Task(BashOperator): download_dataset_task> on 2019-06-02 00:00:00+00:00
[2022-02-23 19:31:03,836] {standard_task_runner.py:52} INFO - Started process 713 to run task
[2022-02-23 19:31:03,847] {standard_task_runner.py:76} INFO - Running: ['***', 'tasks', 'run', 'fhv_gcs_dag', 'download_dataset_task', 'scheduled__2019-06-02T00:00:00+00:00', '--job-id', '645', '--raw', '--subdir', 'DAGS_FOLDER/fhv_gcs_dag.py', '--cfg-path', '/tmp/tmpwdgncd0l', '--error-file', '/tmp/tmpto199uy6']
[2022-02-23 19:31:03,848] {standard_task_runner.py:77} INFO - Job 645: Subtask download_dataset_task
[2022-02-23 19:31:03,923] {logging_mixin.py:109} INFO - Running <TaskInstance: fhv_gcs_dag.download_dataset_task scheduled__2019-06-02T00:00:00+00:00 [running]> on host 537c9393f0b3
[2022-02-23 19:31:03,977] {warnings.py:110} WARNING - /home/***/.local/lib/python3.7/site-packages/***/utils/context.py:152: AirflowContextDeprecationWarning: Accessing 'execution_date' from the template is deprecated and will be removed in a future version. Please use 'data_interval_start' or 'logical_date' instead.
  warnings.warn(_create_deprecation_warning(key, self._deprecation_replacements[key]))

[2022-02-23 19:31:04,013] {taskinstance.py:1426} INFO - Exporting the following env vars:
AIRFLOW_CTX_DAG_OWNER=***
AIRFLOW_CTX_DAG_ID=fhv_gcs_dag
AIRFLOW_CTX_TASK_ID=download_dataset_task
AIRFLOW_CTX_EXECUTION_DATE=2019-06-02T00:00:00+00:00
AIRFLOW_CTX_DAG_RUN_ID=scheduled__2019-06-02T00:00:00+00:00
[2022-02-23 19:31:04,014] {subprocess.py:62} INFO - Tmp dir root location: 
 /tmp
[2022-02-23 19:31:04,017] {subprocess.py:74} INFO - Running command: ['bash', '-c', 'curl -sS https://nyc-tlc.s3.amazonaws.com/trip+data/fhv_tripdata_2019-06.csv > /opt/***/output_2019-06.csv']
[2022-02-23 19:31:04,035] {subprocess.py:85} INFO - Output:
[2022-02-23 19:31:16,481] {subprocess.py:93} INFO - Command exited with return code 0
[2022-02-23 19:31:16,508] {taskinstance.py:1277} INFO - Marking task as SUCCESS. dag_id=fhv_gcs_dag, task_id=download_dataset_task, execution_date=20190602T000000, start_date=20220223T193103, end_date=20220223T193116
[2022-02-23 19:31:16,535] {local_task_job.py:154} INFO - Task exited with return code 0
[2022-02-23 19:31:16,576] {local_task_job.py:264} INFO - 1 downstream tasks scheduled from follow-on schedule check
[2022-02-23 20:41:31,071] {taskinstance.py:1032} INFO - Dependencies all met for <TaskInstance: fhv_gcs_dag.download_dataset_task scheduled__2019-06-02T00:00:00+00:00 [queued]>
[2022-02-23 20:41:31,095] {taskinstance.py:1032} INFO - Dependencies all met for <TaskInstance: fhv_gcs_dag.download_dataset_task scheduled__2019-06-02T00:00:00+00:00 [queued]>
[2022-02-23 20:41:31,095] {taskinstance.py:1238} INFO - 
--------------------------------------------------------------------------------
[2022-02-23 20:41:31,096] {taskinstance.py:1239} INFO - Starting attempt 1 of 2
[2022-02-23 20:41:31,096] {taskinstance.py:1240} INFO - 
--------------------------------------------------------------------------------
[2022-02-23 20:41:31,126] {taskinstance.py:1259} INFO - Executing <Task(BashOperator): download_dataset_task> on 2019-06-02 00:00:00+00:00
[2022-02-23 20:41:31,133] {standard_task_runner.py:52} INFO - Started process 327 to run task
[2022-02-23 20:41:31,141] {standard_task_runner.py:76} INFO - Running: ['***', 'tasks', 'run', 'fhv_gcs_dag', 'download_dataset_task', 'scheduled__2019-06-02T00:00:00+00:00', '--job-id', '18', '--raw', '--subdir', 'DAGS_FOLDER/fhv_gcs_dag.py', '--cfg-path', '/tmp/tmp0p0jumeu', '--error-file', '/tmp/tmpid9vi9ug']
[2022-02-23 20:41:31,142] {standard_task_runner.py:77} INFO - Job 18: Subtask download_dataset_task
[2022-02-23 20:41:31,284] {logging_mixin.py:109} INFO - Running <TaskInstance: fhv_gcs_dag.download_dataset_task scheduled__2019-06-02T00:00:00+00:00 [running]> on host 1c172e0325c8
[2022-02-23 20:41:31,366] {warnings.py:110} WARNING - /home/***/.local/lib/python3.7/site-packages/***/utils/context.py:152: AirflowContextDeprecationWarning: Accessing 'execution_date' from the template is deprecated and will be removed in a future version. Please use 'data_interval_start' or 'logical_date' instead.
  warnings.warn(_create_deprecation_warning(key, self._deprecation_replacements[key]))

[2022-02-23 20:41:31,388] {taskinstance.py:1426} INFO - Exporting the following env vars:
AIRFLOW_CTX_DAG_OWNER=***
AIRFLOW_CTX_DAG_ID=fhv_gcs_dag
AIRFLOW_CTX_TASK_ID=download_dataset_task
AIRFLOW_CTX_EXECUTION_DATE=2019-06-02T00:00:00+00:00
AIRFLOW_CTX_DAG_RUN_ID=scheduled__2019-06-02T00:00:00+00:00
[2022-02-23 20:41:31,389] {subprocess.py:62} INFO - Tmp dir root location: 
 /tmp
[2022-02-23 20:41:31,390] {subprocess.py:74} INFO - Running command: ['bash', '-c', 'curl -sS https://nyc-tlc.s3.amazonaws.com/trip+data/fhv_tripdata_2019-06.csv > /opt/***/output_2019-06.csv']
[2022-02-23 20:41:31,406] {subprocess.py:85} INFO - Output:
[2022-02-23 20:41:52,187] {subprocess.py:93} INFO - Command exited with return code 0
[2022-02-23 20:41:52,222] {taskinstance.py:1277} INFO - Marking task as SUCCESS. dag_id=fhv_gcs_dag, task_id=download_dataset_task, execution_date=20190602T000000, start_date=20220223T204131, end_date=20220223T204152
[2022-02-23 20:41:52,287] {local_task_job.py:154} INFO - Task exited with return code 0
[2022-02-23 20:41:52,344] {local_task_job.py:264} INFO - 1 downstream tasks scheduled from follow-on schedule check
=======
>>>>>>> origin/master
