[2022-02-23 19:19:26,652] {taskinstance.py:1032} INFO - Dependencies all met for <TaskInstance: fhv_gcs_dag.download_dataset_task scheduled__2019-02-02T00:00:00+00:00 [queued]>
[2022-02-23 19:19:26,669] {taskinstance.py:1032} INFO - Dependencies all met for <TaskInstance: fhv_gcs_dag.download_dataset_task scheduled__2019-02-02T00:00:00+00:00 [queued]>
[2022-02-23 19:19:26,669] {taskinstance.py:1238} INFO - 
--------------------------------------------------------------------------------
[2022-02-23 19:19:26,669] {taskinstance.py:1239} INFO - Starting attempt 4 of 5
[2022-02-23 19:19:26,669] {taskinstance.py:1240} INFO - 
--------------------------------------------------------------------------------
[2022-02-23 19:19:26,695] {taskinstance.py:1259} INFO - Executing <Task(BashOperator): download_dataset_task> on 2019-02-02 00:00:00+00:00
[2022-02-23 19:19:26,706] {standard_task_runner.py:52} INFO - Started process 173 to run task
[2022-02-23 19:19:26,710] {standard_task_runner.py:76} INFO - Running: ['***', 'tasks', 'run', 'fhv_gcs_dag', 'download_dataset_task', 'scheduled__2019-02-02T00:00:00+00:00', '--job-id', '627', '--raw', '--subdir', 'DAGS_FOLDER/fhv_gcs_dag.py', '--cfg-path', '/tmp/tmpavss0ymc', '--error-file', '/tmp/tmpd6y2ixwr']
[2022-02-23 19:19:26,719] {standard_task_runner.py:77} INFO - Job 627: Subtask download_dataset_task
[2022-02-23 19:19:26,867] {logging_mixin.py:109} INFO - Running <TaskInstance: fhv_gcs_dag.download_dataset_task scheduled__2019-02-02T00:00:00+00:00 [running]> on host 537c9393f0b3
[2022-02-23 19:19:26,947] {warnings.py:110} WARNING - /home/***/.local/lib/python3.7/site-packages/***/utils/context.py:152: AirflowContextDeprecationWarning: Accessing 'execution_date' from the template is deprecated and will be removed in a future version. Please use 'data_interval_start' or 'logical_date' instead.
  warnings.warn(_create_deprecation_warning(key, self._deprecation_replacements[key]))

[2022-02-23 19:19:26,980] {taskinstance.py:1426} INFO - Exporting the following env vars:
AIRFLOW_CTX_DAG_OWNER=***
AIRFLOW_CTX_DAG_ID=fhv_gcs_dag
AIRFLOW_CTX_TASK_ID=download_dataset_task
AIRFLOW_CTX_EXECUTION_DATE=2019-02-02T00:00:00+00:00
AIRFLOW_CTX_DAG_RUN_ID=scheduled__2019-02-02T00:00:00+00:00
[2022-02-23 19:19:26,981] {subprocess.py:62} INFO - Tmp dir root location: 
 /tmp
[2022-02-23 19:19:26,982] {subprocess.py:74} INFO - Running command: ['bash', '-c', 'curl -sS https://nyc-tlc.s3.amazonaws.com/trip+data/fhv_tripdata_2019-02.csv > /opt/***/output_2019-02.csv']
[2022-02-23 19:19:27,007] {subprocess.py:85} INFO - Output:
[2022-02-23 19:19:36,858] {subprocess.py:93} INFO - Command exited with return code 0
[2022-02-23 19:19:36,908] {taskinstance.py:1277} INFO - Marking task as SUCCESS. dag_id=fhv_gcs_dag, task_id=download_dataset_task, execution_date=20190202T000000, start_date=20220223T191926, end_date=20220223T191936
[2022-02-23 19:19:36,981] {local_task_job.py:154} INFO - Task exited with return code 0
[2022-02-23 19:19:37,029] {local_task_job.py:264} INFO - 1 downstream tasks scheduled from follow-on schedule check
