[2022-02-03 18:13:36,326] {taskinstance.py:1032} INFO - Dependencies all met for <TaskInstance: fhv_gcs_dag.local_to_gcs_task scheduled__2019-02-02T00:00:00+00:00 [queued]>
[2022-02-03 18:13:36,339] {taskinstance.py:1032} INFO - Dependencies all met for <TaskInstance: fhv_gcs_dag.local_to_gcs_task scheduled__2019-02-02T00:00:00+00:00 [queued]>
[2022-02-03 18:13:36,339] {taskinstance.py:1238} INFO - 
--------------------------------------------------------------------------------
[2022-02-03 18:13:36,339] {taskinstance.py:1239} INFO - Starting attempt 1 of 2
[2022-02-03 18:13:36,339] {taskinstance.py:1240} INFO - 
--------------------------------------------------------------------------------
[2022-02-03 18:13:36,354] {taskinstance.py:1259} INFO - Executing <Task(PythonOperator): local_to_gcs_task> on 2019-02-02 00:00:00+00:00
[2022-02-03 18:13:36,359] {standard_task_runner.py:52} INFO - Started process 834 to run task
[2022-02-03 18:13:36,363] {standard_task_runner.py:76} INFO - Running: ['***', 'tasks', 'run', 'fhv_gcs_dag', 'local_to_gcs_task', 'scheduled__2019-02-02T00:00:00+00:00', '--job-id', '152', '--raw', '--subdir', 'DAGS_FOLDER/fhv_gcs_dag.py', '--cfg-path', '/tmp/tmp28yfa39n', '--error-file', '/tmp/tmpvzm_gqu4']
[2022-02-03 18:13:36,364] {standard_task_runner.py:77} INFO - Job 152: Subtask local_to_gcs_task
[2022-02-03 18:13:36,433] {logging_mixin.py:109} INFO - Running <TaskInstance: fhv_gcs_dag.local_to_gcs_task scheduled__2019-02-02T00:00:00+00:00 [running]> on host bd2f56b76e32
[2022-02-03 18:13:36,488] {warnings.py:110} WARNING - /home/***/.local/lib/python3.7/site-packages/***/utils/context.py:152: AirflowContextDeprecationWarning: Accessing 'execution_date' from the template is deprecated and will be removed in a future version. Please use 'data_interval_start' or 'logical_date' instead.
  warnings.warn(_create_deprecation_warning(key, self._deprecation_replacements[key]))

[2022-02-03 18:13:36,516] {taskinstance.py:1426} INFO - Exporting the following env vars:
AIRFLOW_CTX_DAG_OWNER=***
AIRFLOW_CTX_DAG_ID=fhv_gcs_dag
AIRFLOW_CTX_TASK_ID=local_to_gcs_task
AIRFLOW_CTX_EXECUTION_DATE=2019-02-02T00:00:00+00:00
AIRFLOW_CTX_DAG_RUN_ID=scheduled__2019-02-02T00:00:00+00:00
[2022-02-03 18:13:38,661] {python.py:175} INFO - Done. Returned value was: None
[2022-02-03 18:13:38,679] {taskinstance.py:1277} INFO - Marking task as SUCCESS. dag_id=fhv_gcs_dag, task_id=local_to_gcs_task, execution_date=20190202T000000, start_date=20220203T181336, end_date=20220203T181338
[2022-02-03 18:13:38,711] {local_task_job.py:154} INFO - Task exited with return code 0
[2022-02-03 18:13:38,755] {local_task_job.py:264} INFO - 1 downstream tasks scheduled from follow-on schedule check
