[2022-02-03 18:15:48,645] {taskinstance.py:1032} INFO - Dependencies all met for <TaskInstance: fhv_gcs_dag.download_dataset_task scheduled__2019-05-02T00:00:00+00:00 [queued]>
[2022-02-03 18:15:48,659] {taskinstance.py:1032} INFO - Dependencies all met for <TaskInstance: fhv_gcs_dag.download_dataset_task scheduled__2019-05-02T00:00:00+00:00 [queued]>
[2022-02-03 18:15:48,659] {taskinstance.py:1238} INFO - 
--------------------------------------------------------------------------------
[2022-02-03 18:15:48,660] {taskinstance.py:1239} INFO - Starting attempt 1 of 2
[2022-02-03 18:15:48,660] {taskinstance.py:1240} INFO - 
--------------------------------------------------------------------------------
[2022-02-03 18:15:48,673] {taskinstance.py:1259} INFO - Executing <Task(BashOperator): download_dataset_task> on 2019-05-02 00:00:00+00:00
[2022-02-03 18:15:48,679] {standard_task_runner.py:52} INFO - Started process 975 to run task
[2022-02-03 18:15:48,683] {standard_task_runner.py:76} INFO - Running: ['***', 'tasks', 'run', 'fhv_gcs_dag', 'download_dataset_task', 'scheduled__2019-05-02T00:00:00+00:00', '--job-id', '162', '--raw', '--subdir', 'DAGS_FOLDER/fhv_gcs_dag.py', '--cfg-path', '/tmp/tmp10u5bghe', '--error-file', '/tmp/tmplsctblt8']
[2022-02-03 18:15:48,684] {standard_task_runner.py:77} INFO - Job 162: Subtask download_dataset_task
[2022-02-03 18:15:48,771] {logging_mixin.py:109} INFO - Running <TaskInstance: fhv_gcs_dag.download_dataset_task scheduled__2019-05-02T00:00:00+00:00 [running]> on host bd2f56b76e32
[2022-02-03 18:15:48,882] {warnings.py:110} WARNING - /home/***/.local/lib/python3.7/site-packages/***/utils/context.py:152: AirflowContextDeprecationWarning: Accessing 'execution_date' from the template is deprecated and will be removed in a future version. Please use 'data_interval_start' or 'logical_date' instead.
  warnings.warn(_create_deprecation_warning(key, self._deprecation_replacements[key]))

[2022-02-03 18:15:48,921] {taskinstance.py:1426} INFO - Exporting the following env vars:
AIRFLOW_CTX_DAG_OWNER=***
AIRFLOW_CTX_DAG_ID=fhv_gcs_dag
AIRFLOW_CTX_TASK_ID=download_dataset_task
AIRFLOW_CTX_EXECUTION_DATE=2019-05-02T00:00:00+00:00
AIRFLOW_CTX_DAG_RUN_ID=scheduled__2019-05-02T00:00:00+00:00
[2022-02-03 18:15:48,922] {subprocess.py:62} INFO - Tmp dir root location: 
 /tmp
[2022-02-03 18:15:48,923] {subprocess.py:74} INFO - Running command: ['bash', '-c', 'curl -sS https://nyc-tlc.s3.amazonaws.com/trip+data/fhv_tripdata_2019-05.csv > /opt/***/output_2019-05.csv']
[2022-02-03 18:15:48,939] {subprocess.py:85} INFO - Output:
[2022-02-03 18:16:40,050] {subprocess.py:93} INFO - Command exited with return code 0
[2022-02-03 18:16:40,086] {taskinstance.py:1277} INFO - Marking task as SUCCESS. dag_id=fhv_gcs_dag, task_id=download_dataset_task, execution_date=20190502T000000, start_date=20220203T181548, end_date=20220203T181640
[2022-02-03 18:16:40,145] {local_task_job.py:154} INFO - Task exited with return code 0
[2022-02-03 18:16:40,200] {local_task_job.py:264} INFO - 1 downstream tasks scheduled from follow-on schedule check
<<<<<<< HEAD
[2022-02-19 23:43:49,022] {taskinstance.py:1032} INFO - Dependencies all met for <TaskInstance: fhv_gcs_dag.download_dataset_task scheduled__2019-05-02T00:00:00+00:00 [queued]>
[2022-02-19 23:43:49,045] {taskinstance.py:1032} INFO - Dependencies all met for <TaskInstance: fhv_gcs_dag.download_dataset_task scheduled__2019-05-02T00:00:00+00:00 [queued]>
[2022-02-19 23:43:49,046] {taskinstance.py:1238} INFO - 
--------------------------------------------------------------------------------
[2022-02-19 23:43:49,046] {taskinstance.py:1239} INFO - Starting attempt 1 of 2
[2022-02-19 23:43:49,046] {taskinstance.py:1240} INFO - 
--------------------------------------------------------------------------------
[2022-02-19 23:43:49,084] {taskinstance.py:1259} INFO - Executing <Task(BashOperator): download_dataset_task> on 2019-05-02 00:00:00+00:00
[2022-02-19 23:43:49,093] {standard_task_runner.py:52} INFO - Started process 582 to run task
[2022-02-19 23:43:49,108] {standard_task_runner.py:76} INFO - Running: ['***', 'tasks', 'run', 'fhv_gcs_dag', 'download_dataset_task', 'scheduled__2019-05-02T00:00:00+00:00', '--job-id', '238', '--raw', '--subdir', 'DAGS_FOLDER/fhv_gcs_dag.py', '--cfg-path', '/tmp/tmp1gdwk87o', '--error-file', '/tmp/tmpmx03mpz_']
[2022-02-19 23:43:49,111] {standard_task_runner.py:77} INFO - Job 238: Subtask download_dataset_task
[2022-02-19 23:43:49,303] {logging_mixin.py:109} INFO - Running <TaskInstance: fhv_gcs_dag.download_dataset_task scheduled__2019-05-02T00:00:00+00:00 [running]> on host 812dd7ecce85
[2022-02-19 23:43:49,434] {warnings.py:110} WARNING - /home/***/.local/lib/python3.7/site-packages/***/utils/context.py:152: AirflowContextDeprecationWarning: Accessing 'execution_date' from the template is deprecated and will be removed in a future version. Please use 'data_interval_start' or 'logical_date' instead.
  warnings.warn(_create_deprecation_warning(key, self._deprecation_replacements[key]))

[2022-02-19 23:43:49,506] {taskinstance.py:1426} INFO - Exporting the following env vars:
AIRFLOW_CTX_DAG_OWNER=***
AIRFLOW_CTX_DAG_ID=fhv_gcs_dag
AIRFLOW_CTX_TASK_ID=download_dataset_task
AIRFLOW_CTX_EXECUTION_DATE=2019-05-02T00:00:00+00:00
AIRFLOW_CTX_DAG_RUN_ID=scheduled__2019-05-02T00:00:00+00:00
[2022-02-19 23:43:49,508] {subprocess.py:62} INFO - Tmp dir root location: 
 /tmp
[2022-02-19 23:43:49,512] {subprocess.py:74} INFO - Running command: ['bash', '-c', 'curl -sS https://nyc-tlc.s3.amazonaws.com/trip+data/fhv_tripdata_2019-05.csv > /opt/***/output_2019-05.csv']
[2022-02-19 23:43:49,550] {subprocess.py:85} INFO - Output:
[2022-02-19 23:44:14,649] {subprocess.py:93} INFO - Command exited with return code 0
[2022-02-19 23:44:14,740] {taskinstance.py:1277} INFO - Marking task as SUCCESS. dag_id=fhv_gcs_dag, task_id=download_dataset_task, execution_date=20190502T000000, start_date=20220219T234349, end_date=20220219T234414
[2022-02-19 23:44:14,802] {local_task_job.py:154} INFO - Task exited with return code 0
[2022-02-19 23:44:14,920] {local_task_job.py:264} INFO - 1 downstream tasks scheduled from follow-on schedule check
[2022-02-23 19:25:01,960] {taskinstance.py:1032} INFO - Dependencies all met for <TaskInstance: fhv_gcs_dag.download_dataset_task scheduled__2019-05-02T00:00:00+00:00 [queued]>
[2022-02-23 19:25:01,987] {taskinstance.py:1032} INFO - Dependencies all met for <TaskInstance: fhv_gcs_dag.download_dataset_task scheduled__2019-05-02T00:00:00+00:00 [queued]>
[2022-02-23 19:25:01,987] {taskinstance.py:1238} INFO - 
--------------------------------------------------------------------------------
[2022-02-23 19:25:01,988] {taskinstance.py:1239} INFO - Starting attempt 1 of 2
[2022-02-23 19:25:01,988] {taskinstance.py:1240} INFO - 
--------------------------------------------------------------------------------
[2022-02-23 19:25:02,013] {taskinstance.py:1259} INFO - Executing <Task(BashOperator): download_dataset_task> on 2019-05-02 00:00:00+00:00
[2022-02-23 19:25:02,023] {standard_task_runner.py:52} INFO - Started process 449 to run task
[2022-02-23 19:25:02,029] {standard_task_runner.py:76} INFO - Running: ['***', 'tasks', 'run', 'fhv_gcs_dag', 'download_dataset_task', 'scheduled__2019-05-02T00:00:00+00:00', '--job-id', '637', '--raw', '--subdir', 'DAGS_FOLDER/fhv_gcs_dag.py', '--cfg-path', '/tmp/tmps5ghuix4', '--error-file', '/tmp/tmpyczdztfa']
[2022-02-23 19:25:02,030] {standard_task_runner.py:77} INFO - Job 637: Subtask download_dataset_task
[2022-02-23 19:25:02,170] {logging_mixin.py:109} INFO - Running <TaskInstance: fhv_gcs_dag.download_dataset_task scheduled__2019-05-02T00:00:00+00:00 [running]> on host 537c9393f0b3
[2022-02-23 19:25:02,364] {warnings.py:110} WARNING - /home/***/.local/lib/python3.7/site-packages/***/utils/context.py:152: AirflowContextDeprecationWarning: Accessing 'execution_date' from the template is deprecated and will be removed in a future version. Please use 'data_interval_start' or 'logical_date' instead.
  warnings.warn(_create_deprecation_warning(key, self._deprecation_replacements[key]))

[2022-02-23 19:25:02,445] {taskinstance.py:1426} INFO - Exporting the following env vars:
AIRFLOW_CTX_DAG_OWNER=***
AIRFLOW_CTX_DAG_ID=fhv_gcs_dag
AIRFLOW_CTX_TASK_ID=download_dataset_task
AIRFLOW_CTX_EXECUTION_DATE=2019-05-02T00:00:00+00:00
AIRFLOW_CTX_DAG_RUN_ID=scheduled__2019-05-02T00:00:00+00:00
[2022-02-23 19:25:02,446] {subprocess.py:62} INFO - Tmp dir root location: 
 /tmp
[2022-02-23 19:25:02,447] {subprocess.py:74} INFO - Running command: ['bash', '-c', 'curl -sS https://nyc-tlc.s3.amazonaws.com/trip+data/fhv_tripdata_2019-05.csv > /opt/***/output_2019-05.csv']
[2022-02-23 19:25:02,467] {subprocess.py:85} INFO - Output:
[2022-02-23 19:25:46,250] {subprocess.py:93} INFO - Command exited with return code 0
[2022-02-23 19:25:46,278] {taskinstance.py:1277} INFO - Marking task as SUCCESS. dag_id=fhv_gcs_dag, task_id=download_dataset_task, execution_date=20190502T000000, start_date=20220223T192501, end_date=20220223T192546
[2022-02-23 19:25:46,307] {local_task_job.py:154} INFO - Task exited with return code 0
[2022-02-23 19:25:46,401] {local_task_job.py:264} INFO - 1 downstream tasks scheduled from follow-on schedule check
[2022-02-23 20:41:00,343] {taskinstance.py:1032} INFO - Dependencies all met for <TaskInstance: fhv_gcs_dag.download_dataset_task scheduled__2019-05-02T00:00:00+00:00 [queued]>
[2022-02-23 20:41:00,377] {taskinstance.py:1032} INFO - Dependencies all met for <TaskInstance: fhv_gcs_dag.download_dataset_task scheduled__2019-05-02T00:00:00+00:00 [queued]>
[2022-02-23 20:41:00,377] {taskinstance.py:1238} INFO - 
--------------------------------------------------------------------------------
[2022-02-23 20:41:00,377] {taskinstance.py:1239} INFO - Starting attempt 1 of 2
[2022-02-23 20:41:00,378] {taskinstance.py:1240} INFO - 
--------------------------------------------------------------------------------
[2022-02-23 20:41:00,431] {taskinstance.py:1259} INFO - Executing <Task(BashOperator): download_dataset_task> on 2019-05-02 00:00:00+00:00
[2022-02-23 20:41:00,447] {standard_task_runner.py:52} INFO - Started process 293 to run task
[2022-02-23 20:41:00,453] {standard_task_runner.py:76} INFO - Running: ['***', 'tasks', 'run', 'fhv_gcs_dag', 'download_dataset_task', 'scheduled__2019-05-02T00:00:00+00:00', '--job-id', '15', '--raw', '--subdir', 'DAGS_FOLDER/fhv_gcs_dag.py', '--cfg-path', '/tmp/tmpgk7nqfre', '--error-file', '/tmp/tmpy7dhscm8']
[2022-02-23 20:41:00,460] {standard_task_runner.py:77} INFO - Job 15: Subtask download_dataset_task
[2022-02-23 20:41:00,807] {logging_mixin.py:109} INFO - Running <TaskInstance: fhv_gcs_dag.download_dataset_task scheduled__2019-05-02T00:00:00+00:00 [running]> on host 1c172e0325c8
[2022-02-23 20:41:00,975] {warnings.py:110} WARNING - /home/***/.local/lib/python3.7/site-packages/***/utils/context.py:152: AirflowContextDeprecationWarning: Accessing 'execution_date' from the template is deprecated and will be removed in a future version. Please use 'data_interval_start' or 'logical_date' instead.
  warnings.warn(_create_deprecation_warning(key, self._deprecation_replacements[key]))

[2022-02-23 20:41:01,116] {taskinstance.py:1426} INFO - Exporting the following env vars:
AIRFLOW_CTX_DAG_OWNER=***
AIRFLOW_CTX_DAG_ID=fhv_gcs_dag
AIRFLOW_CTX_TASK_ID=download_dataset_task
AIRFLOW_CTX_EXECUTION_DATE=2019-05-02T00:00:00+00:00
AIRFLOW_CTX_DAG_RUN_ID=scheduled__2019-05-02T00:00:00+00:00
[2022-02-23 20:41:01,117] {subprocess.py:62} INFO - Tmp dir root location: 
 /tmp
[2022-02-23 20:41:01,119] {subprocess.py:74} INFO - Running command: ['bash', '-c', 'curl -sS https://nyc-tlc.s3.amazonaws.com/trip+data/fhv_tripdata_2019-05.csv > /opt/***/output_2019-05.csv']
[2022-02-23 20:41:01,192] {subprocess.py:85} INFO - Output:
[2022-02-23 20:41:28,563] {subprocess.py:93} INFO - Command exited with return code 0
[2022-02-23 20:41:28,630] {taskinstance.py:1277} INFO - Marking task as SUCCESS. dag_id=fhv_gcs_dag, task_id=download_dataset_task, execution_date=20190502T000000, start_date=20220223T204100, end_date=20220223T204128
[2022-02-23 20:41:28,670] {local_task_job.py:154} INFO - Task exited with return code 0
[2022-02-23 20:41:28,802] {local_task_job.py:264} INFO - 1 downstream tasks scheduled from follow-on schedule check
=======
>>>>>>> origin/master
