[2022-02-09 20:37:41,458] {taskinstance.py:1032} INFO - Dependencies all met for <TaskInstance: green_taxi_gcs_dag.download_dataset_task scheduled__2020-06-02T00:00:00+00:00 [queued]>
[2022-02-09 20:37:41,493] {taskinstance.py:1032} INFO - Dependencies all met for <TaskInstance: green_taxi_gcs_dag.download_dataset_task scheduled__2020-06-02T00:00:00+00:00 [queued]>
[2022-02-09 20:37:41,493] {taskinstance.py:1238} INFO - 
--------------------------------------------------------------------------------
[2022-02-09 20:37:41,493] {taskinstance.py:1239} INFO - Starting attempt 1 of 2
[2022-02-09 20:37:41,493] {taskinstance.py:1240} INFO - 
--------------------------------------------------------------------------------
[2022-02-09 20:37:41,527] {taskinstance.py:1259} INFO - Executing <Task(BashOperator): download_dataset_task> on 2020-06-02 00:00:00+00:00
[2022-02-09 20:37:41,536] {standard_task_runner.py:52} INFO - Started process 215 to run task
[2022-02-09 20:37:41,548] {standard_task_runner.py:76} INFO - Running: ['***', 'tasks', 'run', 'green_taxi_gcs_dag', 'download_dataset_task', 'scheduled__2020-06-02T00:00:00+00:00', '--job-id', '88', '--raw', '--subdir', 'DAGS_FOLDER/green_gcs_dag.py', '--cfg-path', '/tmp/tmpd6mhg0g9', '--error-file', '/tmp/tmpyaql79ih']
[2022-02-09 20:37:41,549] {standard_task_runner.py:77} INFO - Job 88: Subtask download_dataset_task
[2022-02-09 20:37:41,843] {logging_mixin.py:109} INFO - Running <TaskInstance: green_taxi_gcs_dag.download_dataset_task scheduled__2020-06-02T00:00:00+00:00 [running]> on host 4f97b6b16bdb
[2022-02-09 20:37:42,033] {warnings.py:110} WARNING - /home/***/.local/lib/python3.7/site-packages/***/utils/context.py:152: AirflowContextDeprecationWarning: Accessing 'execution_date' from the template is deprecated and will be removed in a future version. Please use 'data_interval_start' or 'logical_date' instead.
  warnings.warn(_create_deprecation_warning(key, self._deprecation_replacements[key]))

[2022-02-09 20:37:42,104] {taskinstance.py:1426} INFO - Exporting the following env vars:
AIRFLOW_CTX_DAG_OWNER=***
AIRFLOW_CTX_DAG_ID=green_taxi_gcs_dag
AIRFLOW_CTX_TASK_ID=download_dataset_task
AIRFLOW_CTX_EXECUTION_DATE=2020-06-02T00:00:00+00:00
AIRFLOW_CTX_DAG_RUN_ID=scheduled__2020-06-02T00:00:00+00:00
[2022-02-09 20:37:42,108] {subprocess.py:62} INFO - Tmp dir root location: 
 /tmp
[2022-02-09 20:37:42,108] {subprocess.py:74} INFO - Running command: ['bash', '-c', 'curl -sS https://s3.amazonaws.com/nyc-tlc/trip+data/green_tripdata_2020-06.csv > /opt/***/output_2020-06.csv']
[2022-02-09 20:37:42,138] {subprocess.py:85} INFO - Output:
[2022-02-09 20:37:43,731] {subprocess.py:93} INFO - Command exited with return code 0
[2022-02-09 20:37:43,799] {taskinstance.py:1277} INFO - Marking task as SUCCESS. dag_id=green_taxi_gcs_dag, task_id=download_dataset_task, execution_date=20200602T000000, start_date=20220209T203741, end_date=20220209T203743
[2022-02-09 20:37:43,893] {local_task_job.py:154} INFO - Task exited with return code 0
[2022-02-09 20:37:44,016] {local_task_job.py:264} INFO - 1 downstream tasks scheduled from follow-on schedule check
[2022-02-09 20:47:37,433] {taskinstance.py:1032} INFO - Dependencies all met for <TaskInstance: green_taxi_gcs_dag.download_dataset_task scheduled__2020-06-02T00:00:00+00:00 [queued]>
[2022-02-09 20:47:37,449] {taskinstance.py:1032} INFO - Dependencies all met for <TaskInstance: green_taxi_gcs_dag.download_dataset_task scheduled__2020-06-02T00:00:00+00:00 [queued]>
[2022-02-09 20:47:37,449] {taskinstance.py:1238} INFO - 
--------------------------------------------------------------------------------
[2022-02-09 20:47:37,449] {taskinstance.py:1239} INFO - Starting attempt 1 of 2
[2022-02-09 20:47:37,449] {taskinstance.py:1240} INFO - 
--------------------------------------------------------------------------------
[2022-02-09 20:47:37,469] {taskinstance.py:1259} INFO - Executing <Task(BashOperator): download_dataset_task> on 2020-06-02 00:00:00+00:00
[2022-02-09 20:47:37,478] {standard_task_runner.py:52} INFO - Started process 1041 to run task
[2022-02-09 20:47:37,482] {standard_task_runner.py:76} INFO - Running: ['***', 'tasks', 'run', 'green_taxi_gcs_dag', 'download_dataset_task', 'scheduled__2020-06-02T00:00:00+00:00', '--job-id', '179', '--raw', '--subdir', 'DAGS_FOLDER/green_gcs_dag.py', '--cfg-path', '/tmp/tmpdnx8clwl', '--error-file', '/tmp/tmp4pirnxyv']
[2022-02-09 20:47:37,483] {standard_task_runner.py:77} INFO - Job 179: Subtask download_dataset_task
[2022-02-09 20:47:37,566] {logging_mixin.py:109} INFO - Running <TaskInstance: green_taxi_gcs_dag.download_dataset_task scheduled__2020-06-02T00:00:00+00:00 [running]> on host 4f97b6b16bdb
[2022-02-09 20:47:37,625] {warnings.py:110} WARNING - /home/***/.local/lib/python3.7/site-packages/***/utils/context.py:152: AirflowContextDeprecationWarning: Accessing 'execution_date' from the template is deprecated and will be removed in a future version. Please use 'data_interval_start' or 'logical_date' instead.
  warnings.warn(_create_deprecation_warning(key, self._deprecation_replacements[key]))

[2022-02-09 20:47:37,649] {taskinstance.py:1426} INFO - Exporting the following env vars:
AIRFLOW_CTX_DAG_OWNER=***
AIRFLOW_CTX_DAG_ID=green_taxi_gcs_dag
AIRFLOW_CTX_TASK_ID=download_dataset_task
AIRFLOW_CTX_EXECUTION_DATE=2020-06-02T00:00:00+00:00
AIRFLOW_CTX_DAG_RUN_ID=scheduled__2020-06-02T00:00:00+00:00
[2022-02-09 20:47:37,650] {subprocess.py:62} INFO - Tmp dir root location: 
 /tmp
[2022-02-09 20:47:37,650] {subprocess.py:74} INFO - Running command: ['bash', '-c', 'curl -sS https://s3.amazonaws.com/nyc-tlc/trip+data/green_tripdata_2020-06.csv > /opt/***/output_2020-06.csv']
[2022-02-09 20:47:37,666] {subprocess.py:85} INFO - Output:
[2022-02-09 20:47:41,146] {subprocess.py:93} INFO - Command exited with return code 0
[2022-02-09 20:47:41,189] {taskinstance.py:1277} INFO - Marking task as SUCCESS. dag_id=green_taxi_gcs_dag, task_id=download_dataset_task, execution_date=20200602T000000, start_date=20220209T204737, end_date=20220209T204741
[2022-02-09 20:47:41,227] {local_task_job.py:154} INFO - Task exited with return code 0
[2022-02-09 20:47:41,296] {local_task_job.py:264} INFO - 1 downstream tasks scheduled from follow-on schedule check
[2022-02-20 00:08:07,535] {taskinstance.py:1032} INFO - Dependencies all met for <TaskInstance: green_taxi_gcs_dag.download_dataset_task scheduled__2020-06-02T00:00:00+00:00 [queued]>
[2022-02-20 00:08:07,553] {taskinstance.py:1032} INFO - Dependencies all met for <TaskInstance: green_taxi_gcs_dag.download_dataset_task scheduled__2020-06-02T00:00:00+00:00 [queued]>
[2022-02-20 00:08:07,553] {taskinstance.py:1238} INFO - 
--------------------------------------------------------------------------------
[2022-02-20 00:08:07,554] {taskinstance.py:1239} INFO - Starting attempt 1 of 2
[2022-02-20 00:08:07,554] {taskinstance.py:1240} INFO - 
--------------------------------------------------------------------------------
[2022-02-20 00:08:07,578] {taskinstance.py:1259} INFO - Executing <Task(BashOperator): download_dataset_task> on 2020-06-02 00:00:00+00:00
[2022-02-20 00:08:07,599] {standard_task_runner.py:52} INFO - Started process 972 to run task
[2022-02-20 00:08:07,608] {standard_task_runner.py:76} INFO - Running: ['***', 'tasks', 'run', 'green_taxi_gcs_dag', 'download_dataset_task', 'scheduled__2020-06-02T00:00:00+00:00', '--job-id', '373', '--raw', '--subdir', 'DAGS_FOLDER/green_gcs_dag.py', '--cfg-path', '/tmp/tmphzrap5oa', '--error-file', '/tmp/tmp69jkwyim']
[2022-02-20 00:08:07,610] {standard_task_runner.py:77} INFO - Job 373: Subtask download_dataset_task
[2022-02-20 00:08:07,756] {logging_mixin.py:109} INFO - Running <TaskInstance: green_taxi_gcs_dag.download_dataset_task scheduled__2020-06-02T00:00:00+00:00 [running]> on host da07aa254901
[2022-02-20 00:08:07,845] {warnings.py:110} WARNING - /home/***/.local/lib/python3.7/site-packages/***/utils/context.py:152: AirflowContextDeprecationWarning: Accessing 'execution_date' from the template is deprecated and will be removed in a future version. Please use 'data_interval_start' or 'logical_date' instead.
  warnings.warn(_create_deprecation_warning(key, self._deprecation_replacements[key]))

[2022-02-20 00:08:07,908] {taskinstance.py:1426} INFO - Exporting the following env vars:
AIRFLOW_CTX_DAG_OWNER=***
AIRFLOW_CTX_DAG_ID=green_taxi_gcs_dag
AIRFLOW_CTX_TASK_ID=download_dataset_task
AIRFLOW_CTX_EXECUTION_DATE=2020-06-02T00:00:00+00:00
AIRFLOW_CTX_DAG_RUN_ID=scheduled__2020-06-02T00:00:00+00:00
[2022-02-20 00:08:07,912] {subprocess.py:62} INFO - Tmp dir root location: 
 /tmp
[2022-02-20 00:08:07,912] {subprocess.py:74} INFO - Running command: ['bash', '-c', 'curl -sS https://s3.amazonaws.com/nyc-tlc/trip+data/green_tripdata_2020-06.csv > /opt/***/output_2020-06.csv']
[2022-02-20 00:08:07,980] {subprocess.py:85} INFO - Output:
[2022-02-20 00:08:09,454] {subprocess.py:93} INFO - Command exited with return code 0
[2022-02-20 00:08:09,532] {taskinstance.py:1277} INFO - Marking task as SUCCESS. dag_id=green_taxi_gcs_dag, task_id=download_dataset_task, execution_date=20200602T000000, start_date=20220220T000807, end_date=20220220T000809
[2022-02-20 00:08:09,607] {local_task_job.py:154} INFO - Task exited with return code 0
[2022-02-20 00:08:09,719] {local_task_job.py:264} INFO - 1 downstream tasks scheduled from follow-on schedule check
[2022-02-20 02:01:32,892] {taskinstance.py:1032} INFO - Dependencies all met for <TaskInstance: green_taxi_gcs_dag.download_dataset_task scheduled__2020-06-02T00:00:00+00:00 [queued]>
[2022-02-20 02:01:32,912] {taskinstance.py:1032} INFO - Dependencies all met for <TaskInstance: green_taxi_gcs_dag.download_dataset_task scheduled__2020-06-02T00:00:00+00:00 [queued]>
[2022-02-20 02:01:32,912] {taskinstance.py:1238} INFO - 
--------------------------------------------------------------------------------
[2022-02-20 02:01:32,913] {taskinstance.py:1239} INFO - Starting attempt 1 of 2
[2022-02-20 02:01:32,913] {taskinstance.py:1240} INFO - 
--------------------------------------------------------------------------------
[2022-02-20 02:01:32,937] {taskinstance.py:1259} INFO - Executing <Task(BashOperator): download_dataset_task> on 2020-06-02 00:00:00+00:00
[2022-02-20 02:01:32,945] {standard_task_runner.py:52} INFO - Started process 640 to run task
[2022-02-20 02:01:32,956] {standard_task_runner.py:76} INFO - Running: ['***', 'tasks', 'run', 'green_taxi_gcs_dag', 'download_dataset_task', 'scheduled__2020-06-02T00:00:00+00:00', '--job-id', '579', '--raw', '--subdir', 'DAGS_FOLDER/green_gcs_dag.py', '--cfg-path', '/tmp/tmp9aamggaw', '--error-file', '/tmp/tmpder_6wti']
[2022-02-20 02:01:32,958] {standard_task_runner.py:77} INFO - Job 579: Subtask download_dataset_task
[2022-02-20 02:01:33,043] {logging_mixin.py:109} INFO - Running <TaskInstance: green_taxi_gcs_dag.download_dataset_task scheduled__2020-06-02T00:00:00+00:00 [running]> on host 5484a3a1f7c3
[2022-02-20 02:01:33,106] {warnings.py:110} WARNING - /home/***/.local/lib/python3.7/site-packages/***/utils/context.py:152: AirflowContextDeprecationWarning: Accessing 'execution_date' from the template is deprecated and will be removed in a future version. Please use 'data_interval_start' or 'logical_date' instead.
  warnings.warn(_create_deprecation_warning(key, self._deprecation_replacements[key]))

[2022-02-20 02:01:33,131] {taskinstance.py:1426} INFO - Exporting the following env vars:
AIRFLOW_CTX_DAG_OWNER=***
AIRFLOW_CTX_DAG_ID=green_taxi_gcs_dag
AIRFLOW_CTX_TASK_ID=download_dataset_task
AIRFLOW_CTX_EXECUTION_DATE=2020-06-02T00:00:00+00:00
AIRFLOW_CTX_DAG_RUN_ID=scheduled__2020-06-02T00:00:00+00:00
[2022-02-20 02:01:33,132] {subprocess.py:62} INFO - Tmp dir root location: 
 /tmp
[2022-02-20 02:01:33,133] {subprocess.py:74} INFO - Running command: ['bash', '-c', 'curl -sS https://s3.amazonaws.com/nyc-tlc/trip+data/green_tripdata_2020-06.csv > /opt/***/output_2020-06.csv']
[2022-02-20 02:01:33,151] {subprocess.py:85} INFO - Output:
[2022-02-20 02:01:36,055] {subprocess.py:93} INFO - Command exited with return code 0
[2022-02-20 02:01:36,095] {taskinstance.py:1277} INFO - Marking task as SUCCESS. dag_id=green_taxi_gcs_dag, task_id=download_dataset_task, execution_date=20200602T000000, start_date=20220220T020132, end_date=20220220T020136
[2022-02-20 02:01:36,133] {local_task_job.py:154} INFO - Task exited with return code 0
[2022-02-20 02:01:36,206] {local_task_job.py:264} INFO - 1 downstream tasks scheduled from follow-on schedule check
