[2022-02-03 17:28:53,473] {taskinstance.py:1032} INFO - Dependencies all met for <TaskInstance: yellow_taxi_gcs_dag.delete_the_local_file scheduled__2020-11-02T00:00:00+00:00 [queued]>
[2022-02-03 17:28:53,486] {taskinstance.py:1032} INFO - Dependencies all met for <TaskInstance: yellow_taxi_gcs_dag.delete_the_local_file scheduled__2020-11-02T00:00:00+00:00 [queued]>
[2022-02-03 17:28:53,486] {taskinstance.py:1238} INFO - 
--------------------------------------------------------------------------------
[2022-02-03 17:28:53,486] {taskinstance.py:1239} INFO - Starting attempt 1 of 2
[2022-02-03 17:28:53,486] {taskinstance.py:1240} INFO - 
--------------------------------------------------------------------------------
[2022-02-03 17:28:53,500] {taskinstance.py:1259} INFO - Executing <Task(BashOperator): delete_the_local_file> on 2020-11-02 00:00:00+00:00
[2022-02-03 17:28:53,507] {standard_task_runner.py:52} INFO - Started process 3339 to run task
[2022-02-03 17:28:53,511] {standard_task_runner.py:76} INFO - Running: ['***', 'tasks', 'run', 'yellow_taxi_gcs_dag', 'delete_the_local_file', 'scheduled__2020-11-02T00:00:00+00:00', '--job-id', '136', '--raw', '--subdir', 'DAGS_FOLDER/yellow_taxi_gcs_dag.py', '--cfg-path', '/tmp/tmpi08kc5w0', '--error-file', '/tmp/tmptj5km7xc']
[2022-02-03 17:28:53,512] {standard_task_runner.py:77} INFO - Job 136: Subtask delete_the_local_file
[2022-02-03 17:28:53,597] {logging_mixin.py:109} INFO - Running <TaskInstance: yellow_taxi_gcs_dag.delete_the_local_file scheduled__2020-11-02T00:00:00+00:00 [running]> on host 7e458922b35d
[2022-02-03 17:28:53,683] {warnings.py:110} WARNING - /home/***/.local/lib/python3.7/site-packages/***/utils/context.py:152: AirflowContextDeprecationWarning: Accessing 'execution_date' from the template is deprecated and will be removed in a future version. Please use 'data_interval_start' or 'logical_date' instead.
  warnings.warn(_create_deprecation_warning(key, self._deprecation_replacements[key]))

[2022-02-03 17:28:53,709] {taskinstance.py:1426} INFO - Exporting the following env vars:
AIRFLOW_CTX_DAG_OWNER=***
AIRFLOW_CTX_DAG_ID=yellow_taxi_gcs_dag
AIRFLOW_CTX_TASK_ID=delete_the_local_file
AIRFLOW_CTX_EXECUTION_DATE=2020-11-02T00:00:00+00:00
AIRFLOW_CTX_DAG_RUN_ID=scheduled__2020-11-02T00:00:00+00:00
[2022-02-03 17:28:53,710] {subprocess.py:62} INFO - Tmp dir root location: 
 /tmp
[2022-02-03 17:28:53,711] {subprocess.py:74} INFO - Running command: ['bash', '-c', 'rm /opt/***/output_2020-11.csv | rm /opt/***/output_2020-11.parquet']
[2022-02-03 17:28:53,725] {subprocess.py:85} INFO - Output:
[2022-02-03 17:28:53,753] {subprocess.py:93} INFO - Command exited with return code 0
[2022-02-03 17:28:53,781] {taskinstance.py:1277} INFO - Marking task as SUCCESS. dag_id=yellow_taxi_gcs_dag, task_id=delete_the_local_file, execution_date=20201102T000000, start_date=20220203T172853, end_date=20220203T172853
[2022-02-03 17:28:53,802] {local_task_job.py:154} INFO - Task exited with return code 0
[2022-02-03 17:28:53,834] {local_task_job.py:264} INFO - 0 downstream tasks scheduled from follow-on schedule check
[2022-02-20 00:31:57,894] {taskinstance.py:1032} INFO - Dependencies all met for <TaskInstance: yellow_taxi_gcs_dag.delete_the_local_file scheduled__2020-11-02T00:00:00+00:00 [queued]>
[2022-02-20 00:31:57,907] {taskinstance.py:1032} INFO - Dependencies all met for <TaskInstance: yellow_taxi_gcs_dag.delete_the_local_file scheduled__2020-11-02T00:00:00+00:00 [queued]>
[2022-02-20 00:31:57,908] {taskinstance.py:1238} INFO - 
--------------------------------------------------------------------------------
[2022-02-20 00:31:57,908] {taskinstance.py:1239} INFO - Starting attempt 1 of 2
[2022-02-20 00:31:57,908] {taskinstance.py:1240} INFO - 
--------------------------------------------------------------------------------
[2022-02-20 00:31:57,921] {taskinstance.py:1259} INFO - Executing <Task(BashOperator): delete_the_local_file> on 2020-11-02 00:00:00+00:00
[2022-02-20 00:31:57,927] {standard_task_runner.py:52} INFO - Started process 2523 to run task
[2022-02-20 00:31:57,930] {standard_task_runner.py:76} INFO - Running: ['***', 'tasks', 'run', 'yellow_taxi_gcs_dag', 'delete_the_local_file', 'scheduled__2020-11-02T00:00:00+00:00', '--job-id', '508', '--raw', '--subdir', 'DAGS_FOLDER/yellow_taxi_gcs_dag.py', '--cfg-path', '/tmp/tmpty_0q30h', '--error-file', '/tmp/tmpdhueax46']
[2022-02-20 00:31:57,931] {standard_task_runner.py:77} INFO - Job 508: Subtask delete_the_local_file
[2022-02-20 00:31:57,996] {logging_mixin.py:109} INFO - Running <TaskInstance: yellow_taxi_gcs_dag.delete_the_local_file scheduled__2020-11-02T00:00:00+00:00 [running]> on host da07aa254901
[2022-02-20 00:31:58,039] {warnings.py:110} WARNING - /home/***/.local/lib/python3.7/site-packages/***/utils/context.py:152: AirflowContextDeprecationWarning: Accessing 'execution_date' from the template is deprecated and will be removed in a future version. Please use 'data_interval_start' or 'logical_date' instead.
  warnings.warn(_create_deprecation_warning(key, self._deprecation_replacements[key]))

[2022-02-20 00:31:58,060] {taskinstance.py:1426} INFO - Exporting the following env vars:
AIRFLOW_CTX_DAG_OWNER=***
AIRFLOW_CTX_DAG_ID=yellow_taxi_gcs_dag
AIRFLOW_CTX_TASK_ID=delete_the_local_file
AIRFLOW_CTX_EXECUTION_DATE=2020-11-02T00:00:00+00:00
AIRFLOW_CTX_DAG_RUN_ID=scheduled__2020-11-02T00:00:00+00:00
[2022-02-20 00:31:58,061] {subprocess.py:62} INFO - Tmp dir root location: 
 /tmp
[2022-02-20 00:31:58,062] {subprocess.py:74} INFO - Running command: ['bash', '-c', 'rm /opt/***/output_2020-11.csv | rm /opt/***/output_2020-11.parquet']
[2022-02-20 00:31:58,075] {subprocess.py:85} INFO - Output:
[2022-02-20 00:31:58,102] {subprocess.py:93} INFO - Command exited with return code 0
[2022-02-20 00:31:58,129] {taskinstance.py:1277} INFO - Marking task as SUCCESS. dag_id=yellow_taxi_gcs_dag, task_id=delete_the_local_file, execution_date=20201102T000000, start_date=20220220T003157, end_date=20220220T003158
[2022-02-20 00:31:58,182] {local_task_job.py:154} INFO - Task exited with return code 0
[2022-02-20 00:31:58,238] {local_task_job.py:264} INFO - 0 downstream tasks scheduled from follow-on schedule check
