[2022-02-03 17:27:05,541] {taskinstance.py:1032} INFO - Dependencies all met for <TaskInstance: yellow_taxi_gcs_dag.delete_the_local_file scheduled__2020-02-02T00:00:00+00:00 [queued]>
[2022-02-03 17:27:05,556] {taskinstance.py:1032} INFO - Dependencies all met for <TaskInstance: yellow_taxi_gcs_dag.delete_the_local_file scheduled__2020-02-02T00:00:00+00:00 [queued]>
[2022-02-03 17:27:05,556] {taskinstance.py:1238} INFO - 
--------------------------------------------------------------------------------
[2022-02-03 17:27:05,556] {taskinstance.py:1239} INFO - Starting attempt 1 of 2
[2022-02-03 17:27:05,556] {taskinstance.py:1240} INFO - 
--------------------------------------------------------------------------------
[2022-02-03 17:27:05,569] {taskinstance.py:1259} INFO - Executing <Task(BashOperator): delete_the_local_file> on 2020-02-02 00:00:00+00:00
[2022-02-03 17:27:05,575] {standard_task_runner.py:52} INFO - Started process 3093 to run task
[2022-02-03 17:27:05,579] {standard_task_runner.py:76} INFO - Running: ['***', 'tasks', 'run', 'yellow_taxi_gcs_dag', 'delete_the_local_file', 'scheduled__2020-02-02T00:00:00+00:00', '--job-id', '105', '--raw', '--subdir', 'DAGS_FOLDER/yellow_taxi_gcs_dag.py', '--cfg-path', '/tmp/tmpyk6ajr_0', '--error-file', '/tmp/tmp_cozb0gd']
[2022-02-03 17:27:05,580] {standard_task_runner.py:77} INFO - Job 105: Subtask delete_the_local_file
[2022-02-03 17:27:05,661] {logging_mixin.py:109} INFO - Running <TaskInstance: yellow_taxi_gcs_dag.delete_the_local_file scheduled__2020-02-02T00:00:00+00:00 [running]> on host 7e458922b35d
[2022-02-03 17:27:05,712] {warnings.py:110} WARNING - /home/***/.local/lib/python3.7/site-packages/***/utils/context.py:152: AirflowContextDeprecationWarning: Accessing 'execution_date' from the template is deprecated and will be removed in a future version. Please use 'data_interval_start' or 'logical_date' instead.
  warnings.warn(_create_deprecation_warning(key, self._deprecation_replacements[key]))

[2022-02-03 17:27:05,732] {taskinstance.py:1426} INFO - Exporting the following env vars:
AIRFLOW_CTX_DAG_OWNER=***
AIRFLOW_CTX_DAG_ID=yellow_taxi_gcs_dag
AIRFLOW_CTX_TASK_ID=delete_the_local_file
AIRFLOW_CTX_EXECUTION_DATE=2020-02-02T00:00:00+00:00
AIRFLOW_CTX_DAG_RUN_ID=scheduled__2020-02-02T00:00:00+00:00
[2022-02-03 17:27:05,733] {subprocess.py:62} INFO - Tmp dir root location: 
 /tmp
[2022-02-03 17:27:05,734] {subprocess.py:74} INFO - Running command: ['bash', '-c', 'rm /opt/***/output_2020-02.csv | rm /opt/***/output_2020-02.parquet']
[2022-02-03 17:27:05,746] {subprocess.py:85} INFO - Output:
[2022-02-03 17:27:05,864] {subprocess.py:93} INFO - Command exited with return code 0
[2022-02-03 17:27:05,891] {taskinstance.py:1277} INFO - Marking task as SUCCESS. dag_id=yellow_taxi_gcs_dag, task_id=delete_the_local_file, execution_date=20200202T000000, start_date=20220203T172705, end_date=20220203T172705
[2022-02-03 17:27:05,916] {local_task_job.py:154} INFO - Task exited with return code 0
[2022-02-03 17:27:05,950] {local_task_job.py:264} INFO - 0 downstream tasks scheduled from follow-on schedule check
[2022-02-20 00:29:49,493] {taskinstance.py:1032} INFO - Dependencies all met for <TaskInstance: yellow_taxi_gcs_dag.delete_the_local_file scheduled__2020-02-02T00:00:00+00:00 [queued]>
[2022-02-20 00:29:49,513] {taskinstance.py:1032} INFO - Dependencies all met for <TaskInstance: yellow_taxi_gcs_dag.delete_the_local_file scheduled__2020-02-02T00:00:00+00:00 [queued]>
[2022-02-20 00:29:49,514] {taskinstance.py:1238} INFO - 
--------------------------------------------------------------------------------
[2022-02-20 00:29:49,514] {taskinstance.py:1239} INFO - Starting attempt 1 of 2
[2022-02-20 00:29:49,514] {taskinstance.py:1240} INFO - 
--------------------------------------------------------------------------------
[2022-02-20 00:29:49,547] {taskinstance.py:1259} INFO - Executing <Task(BashOperator): delete_the_local_file> on 2020-02-02 00:00:00+00:00
[2022-02-20 00:29:49,557] {standard_task_runner.py:52} INFO - Started process 2262 to run task
[2022-02-20 00:29:49,561] {standard_task_runner.py:76} INFO - Running: ['***', 'tasks', 'run', 'yellow_taxi_gcs_dag', 'delete_the_local_file', 'scheduled__2020-02-02T00:00:00+00:00', '--job-id', '475', '--raw', '--subdir', 'DAGS_FOLDER/yellow_taxi_gcs_dag.py', '--cfg-path', '/tmp/tmpsl8qbwb_', '--error-file', '/tmp/tmpub1ana82']
[2022-02-20 00:29:49,562] {standard_task_runner.py:77} INFO - Job 475: Subtask delete_the_local_file
[2022-02-20 00:29:49,667] {logging_mixin.py:109} INFO - Running <TaskInstance: yellow_taxi_gcs_dag.delete_the_local_file scheduled__2020-02-02T00:00:00+00:00 [running]> on host da07aa254901
[2022-02-20 00:29:49,753] {warnings.py:110} WARNING - /home/***/.local/lib/python3.7/site-packages/***/utils/context.py:152: AirflowContextDeprecationWarning: Accessing 'execution_date' from the template is deprecated and will be removed in a future version. Please use 'data_interval_start' or 'logical_date' instead.
  warnings.warn(_create_deprecation_warning(key, self._deprecation_replacements[key]))

[2022-02-20 00:29:49,800] {taskinstance.py:1426} INFO - Exporting the following env vars:
AIRFLOW_CTX_DAG_OWNER=***
AIRFLOW_CTX_DAG_ID=yellow_taxi_gcs_dag
AIRFLOW_CTX_TASK_ID=delete_the_local_file
AIRFLOW_CTX_EXECUTION_DATE=2020-02-02T00:00:00+00:00
AIRFLOW_CTX_DAG_RUN_ID=scheduled__2020-02-02T00:00:00+00:00
[2022-02-20 00:29:49,801] {subprocess.py:62} INFO - Tmp dir root location: 
 /tmp
[2022-02-20 00:29:49,802] {subprocess.py:74} INFO - Running command: ['bash', '-c', 'rm /opt/***/output_2020-02.csv | rm /opt/***/output_2020-02.parquet']
[2022-02-20 00:29:49,845] {subprocess.py:85} INFO - Output:
[2022-02-20 00:29:49,979] {subprocess.py:93} INFO - Command exited with return code 0
[2022-02-20 00:29:50,024] {taskinstance.py:1277} INFO - Marking task as SUCCESS. dag_id=yellow_taxi_gcs_dag, task_id=delete_the_local_file, execution_date=20200202T000000, start_date=20220220T002949, end_date=20220220T002950
[2022-02-20 00:29:50,097] {local_task_job.py:154} INFO - Task exited with return code 0
[2022-02-20 00:29:50,158] {local_task_job.py:264} INFO - 0 downstream tasks scheduled from follow-on schedule check
