[2022-02-09 20:38:41,434] {taskinstance.py:1032} INFO - Dependencies all met for <TaskInstance: green_taxi_gcs_dag.delete_the_local_file scheduled__2020-10-02T00:00:00+00:00 [queued]>
[2022-02-09 20:38:41,473] {taskinstance.py:1032} INFO - Dependencies all met for <TaskInstance: green_taxi_gcs_dag.delete_the_local_file scheduled__2020-10-02T00:00:00+00:00 [queued]>
[2022-02-09 20:38:41,473] {taskinstance.py:1238} INFO - 
--------------------------------------------------------------------------------
[2022-02-09 20:38:41,473] {taskinstance.py:1239} INFO - Starting attempt 1 of 2
[2022-02-09 20:38:41,474] {taskinstance.py:1240} INFO - 
--------------------------------------------------------------------------------
[2022-02-09 20:38:41,497] {taskinstance.py:1259} INFO - Executing <Task(BashOperator): delete_the_local_file> on 2020-10-02 00:00:00+00:00
[2022-02-09 20:38:41,507] {standard_task_runner.py:52} INFO - Started process 349 to run task
[2022-02-09 20:38:41,519] {standard_task_runner.py:76} INFO - Running: ['***', 'tasks', 'run', 'green_taxi_gcs_dag', 'delete_the_local_file', 'scheduled__2020-10-02T00:00:00+00:00', '--job-id', '107', '--raw', '--subdir', 'DAGS_FOLDER/green_gcs_dag.py', '--cfg-path', '/tmp/tmpkijsnlph', '--error-file', '/tmp/tmpg1w1evlw']
[2022-02-09 20:38:41,521] {standard_task_runner.py:77} INFO - Job 107: Subtask delete_the_local_file
[2022-02-09 20:38:41,643] {logging_mixin.py:109} INFO - Running <TaskInstance: green_taxi_gcs_dag.delete_the_local_file scheduled__2020-10-02T00:00:00+00:00 [running]> on host 4f97b6b16bdb
[2022-02-09 20:38:41,741] {warnings.py:110} WARNING - /home/***/.local/lib/python3.7/site-packages/***/utils/context.py:152: AirflowContextDeprecationWarning: Accessing 'execution_date' from the template is deprecated and will be removed in a future version. Please use 'data_interval_start' or 'logical_date' instead.
  warnings.warn(_create_deprecation_warning(key, self._deprecation_replacements[key]))

[2022-02-09 20:38:41,826] {taskinstance.py:1426} INFO - Exporting the following env vars:
AIRFLOW_CTX_DAG_OWNER=***
AIRFLOW_CTX_DAG_ID=green_taxi_gcs_dag
AIRFLOW_CTX_TASK_ID=delete_the_local_file
AIRFLOW_CTX_EXECUTION_DATE=2020-10-02T00:00:00+00:00
AIRFLOW_CTX_DAG_RUN_ID=scheduled__2020-10-02T00:00:00+00:00
[2022-02-09 20:38:41,828] {subprocess.py:62} INFO - Tmp dir root location: 
 /tmp
[2022-02-09 20:38:41,830] {subprocess.py:74} INFO - Running command: ['bash', '-c', 'rm /opt/***/output_2020-10.csv | rm /opt/***/output_2020-10.parquet']
[2022-02-09 20:38:41,870] {subprocess.py:85} INFO - Output:
[2022-02-09 20:38:41,888] {subprocess.py:93} INFO - Command exited with return code 0
[2022-02-09 20:38:41,971] {taskinstance.py:1277} INFO - Marking task as SUCCESS. dag_id=green_taxi_gcs_dag, task_id=delete_the_local_file, execution_date=20201002T000000, start_date=20220209T203841, end_date=20220209T203841
[2022-02-09 20:38:42,062] {local_task_job.py:154} INFO - Task exited with return code 0
[2022-02-09 20:38:42,124] {local_task_job.py:264} INFO - 0 downstream tasks scheduled from follow-on schedule check
[2022-02-09 20:48:38,882] {taskinstance.py:1032} INFO - Dependencies all met for <TaskInstance: green_taxi_gcs_dag.delete_the_local_file scheduled__2020-10-02T00:00:00+00:00 [queued]>
[2022-02-09 20:48:38,924] {taskinstance.py:1032} INFO - Dependencies all met for <TaskInstance: green_taxi_gcs_dag.delete_the_local_file scheduled__2020-10-02T00:00:00+00:00 [queued]>
[2022-02-09 20:48:38,924] {taskinstance.py:1238} INFO - 
--------------------------------------------------------------------------------
[2022-02-09 20:48:38,925] {taskinstance.py:1239} INFO - Starting attempt 1 of 2
[2022-02-09 20:48:38,925] {taskinstance.py:1240} INFO - 
--------------------------------------------------------------------------------
[2022-02-09 20:48:38,971] {taskinstance.py:1259} INFO - Executing <Task(BashOperator): delete_the_local_file> on 2020-10-02 00:00:00+00:00
[2022-02-09 20:48:38,981] {standard_task_runner.py:52} INFO - Started process 1194 to run task
[2022-02-09 20:48:38,998] {standard_task_runner.py:76} INFO - Running: ['***', 'tasks', 'run', 'green_taxi_gcs_dag', 'delete_the_local_file', 'scheduled__2020-10-02T00:00:00+00:00', '--job-id', '201', '--raw', '--subdir', 'DAGS_FOLDER/green_gcs_dag.py', '--cfg-path', '/tmp/tmp4d7zhnnr', '--error-file', '/tmp/tmpsujato00']
[2022-02-09 20:48:38,999] {standard_task_runner.py:77} INFO - Job 201: Subtask delete_the_local_file
[2022-02-09 20:48:39,109] {logging_mixin.py:109} INFO - Running <TaskInstance: green_taxi_gcs_dag.delete_the_local_file scheduled__2020-10-02T00:00:00+00:00 [running]> on host 4f97b6b16bdb
[2022-02-09 20:48:39,191] {warnings.py:110} WARNING - /home/***/.local/lib/python3.7/site-packages/***/utils/context.py:152: AirflowContextDeprecationWarning: Accessing 'execution_date' from the template is deprecated and will be removed in a future version. Please use 'data_interval_start' or 'logical_date' instead.
  warnings.warn(_create_deprecation_warning(key, self._deprecation_replacements[key]))

[2022-02-09 20:48:39,230] {taskinstance.py:1426} INFO - Exporting the following env vars:
AIRFLOW_CTX_DAG_OWNER=***
AIRFLOW_CTX_DAG_ID=green_taxi_gcs_dag
AIRFLOW_CTX_TASK_ID=delete_the_local_file
AIRFLOW_CTX_EXECUTION_DATE=2020-10-02T00:00:00+00:00
AIRFLOW_CTX_DAG_RUN_ID=scheduled__2020-10-02T00:00:00+00:00
[2022-02-09 20:48:39,231] {subprocess.py:62} INFO - Tmp dir root location: 
 /tmp
[2022-02-09 20:48:39,232] {subprocess.py:74} INFO - Running command: ['bash', '-c', 'rm /opt/***/output_2020-10.csv | rm /opt/***/output_2020-10.parquet']
[2022-02-09 20:48:39,262] {subprocess.py:85} INFO - Output:
[2022-02-09 20:48:39,274] {subprocess.py:93} INFO - Command exited with return code 0
[2022-02-09 20:48:39,325] {taskinstance.py:1277} INFO - Marking task as SUCCESS. dag_id=green_taxi_gcs_dag, task_id=delete_the_local_file, execution_date=20201002T000000, start_date=20220209T204838, end_date=20220209T204839
[2022-02-09 20:48:39,369] {local_task_job.py:154} INFO - Task exited with return code 0
[2022-02-09 20:48:39,432] {local_task_job.py:264} INFO - 0 downstream tasks scheduled from follow-on schedule check
[2022-02-20 00:08:38,379] {taskinstance.py:1032} INFO - Dependencies all met for <TaskInstance: green_taxi_gcs_dag.delete_the_local_file scheduled__2020-10-02T00:00:00+00:00 [queued]>
[2022-02-20 00:08:38,483] {taskinstance.py:1032} INFO - Dependencies all met for <TaskInstance: green_taxi_gcs_dag.delete_the_local_file scheduled__2020-10-02T00:00:00+00:00 [queued]>
[2022-02-20 00:08:38,483] {taskinstance.py:1238} INFO - 
--------------------------------------------------------------------------------
[2022-02-20 00:08:38,483] {taskinstance.py:1239} INFO - Starting attempt 1 of 2
[2022-02-20 00:08:38,483] {taskinstance.py:1240} INFO - 
--------------------------------------------------------------------------------
[2022-02-20 00:08:38,557] {taskinstance.py:1259} INFO - Executing <Task(BashOperator): delete_the_local_file> on 2020-10-02 00:00:00+00:00
[2022-02-20 00:08:38,574] {standard_task_runner.py:52} INFO - Started process 1109 to run task
[2022-02-20 00:08:38,600] {standard_task_runner.py:76} INFO - Running: ['***', 'tasks', 'run', 'green_taxi_gcs_dag', 'delete_the_local_file', 'scheduled__2020-10-02T00:00:00+00:00', '--job-id', '395', '--raw', '--subdir', 'DAGS_FOLDER/green_gcs_dag.py', '--cfg-path', '/tmp/tmpijd4fawa', '--error-file', '/tmp/tmp2a15qjrc']
[2022-02-20 00:08:38,601] {standard_task_runner.py:77} INFO - Job 395: Subtask delete_the_local_file
[2022-02-20 00:08:38,946] {logging_mixin.py:109} INFO - Running <TaskInstance: green_taxi_gcs_dag.delete_the_local_file scheduled__2020-10-02T00:00:00+00:00 [running]> on host da07aa254901
[2022-02-20 00:08:39,194] {warnings.py:110} WARNING - /home/***/.local/lib/python3.7/site-packages/***/utils/context.py:152: AirflowContextDeprecationWarning: Accessing 'execution_date' from the template is deprecated and will be removed in a future version. Please use 'data_interval_start' or 'logical_date' instead.
  warnings.warn(_create_deprecation_warning(key, self._deprecation_replacements[key]))

[2022-02-20 00:08:39,412] {taskinstance.py:1426} INFO - Exporting the following env vars:
AIRFLOW_CTX_DAG_OWNER=***
AIRFLOW_CTX_DAG_ID=green_taxi_gcs_dag
AIRFLOW_CTX_TASK_ID=delete_the_local_file
AIRFLOW_CTX_EXECUTION_DATE=2020-10-02T00:00:00+00:00
AIRFLOW_CTX_DAG_RUN_ID=scheduled__2020-10-02T00:00:00+00:00
[2022-02-20 00:08:39,413] {subprocess.py:62} INFO - Tmp dir root location: 
 /tmp
[2022-02-20 00:08:39,414] {subprocess.py:74} INFO - Running command: ['bash', '-c', 'rm /opt/***/output_2020-10.csv | rm /opt/***/output_2020-10.parquet']
[2022-02-20 00:08:39,560] {subprocess.py:85} INFO - Output:
[2022-02-20 00:08:39,646] {subprocess.py:93} INFO - Command exited with return code 0
[2022-02-20 00:08:39,816] {taskinstance.py:1277} INFO - Marking task as SUCCESS. dag_id=green_taxi_gcs_dag, task_id=delete_the_local_file, execution_date=20201002T000000, start_date=20220220T000838, end_date=20220220T000839
[2022-02-20 00:08:39,897] {local_task_job.py:154} INFO - Task exited with return code 0
[2022-02-20 00:08:39,991] {local_task_job.py:264} INFO - 0 downstream tasks scheduled from follow-on schedule check
[2022-02-20 02:02:14,837] {taskinstance.py:1032} INFO - Dependencies all met for <TaskInstance: green_taxi_gcs_dag.delete_the_local_file scheduled__2020-10-02T00:00:00+00:00 [queued]>
[2022-02-20 02:02:14,859] {taskinstance.py:1032} INFO - Dependencies all met for <TaskInstance: green_taxi_gcs_dag.delete_the_local_file scheduled__2020-10-02T00:00:00+00:00 [queued]>
[2022-02-20 02:02:14,860] {taskinstance.py:1238} INFO - 
--------------------------------------------------------------------------------
[2022-02-20 02:02:14,860] {taskinstance.py:1239} INFO - Starting attempt 1 of 2
[2022-02-20 02:02:14,860] {taskinstance.py:1240} INFO - 
--------------------------------------------------------------------------------
[2022-02-20 02:02:14,883] {taskinstance.py:1259} INFO - Executing <Task(BashOperator): delete_the_local_file> on 2020-10-02 00:00:00+00:00
[2022-02-20 02:02:14,890] {standard_task_runner.py:52} INFO - Started process 821 to run task
[2022-02-20 02:02:14,897] {standard_task_runner.py:76} INFO - Running: ['***', 'tasks', 'run', 'green_taxi_gcs_dag', 'delete_the_local_file', 'scheduled__2020-10-02T00:00:00+00:00', '--job-id', '608', '--raw', '--subdir', 'DAGS_FOLDER/green_gcs_dag.py', '--cfg-path', '/tmp/tmpwrevle2n', '--error-file', '/tmp/tmpf2glo755']
[2022-02-20 02:02:14,898] {standard_task_runner.py:77} INFO - Job 608: Subtask delete_the_local_file
[2022-02-20 02:02:14,991] {logging_mixin.py:109} INFO - Running <TaskInstance: green_taxi_gcs_dag.delete_the_local_file scheduled__2020-10-02T00:00:00+00:00 [running]> on host 5484a3a1f7c3
[2022-02-20 02:02:15,056] {warnings.py:110} WARNING - /home/***/.local/lib/python3.7/site-packages/***/utils/context.py:152: AirflowContextDeprecationWarning: Accessing 'execution_date' from the template is deprecated and will be removed in a future version. Please use 'data_interval_start' or 'logical_date' instead.
  warnings.warn(_create_deprecation_warning(key, self._deprecation_replacements[key]))

[2022-02-20 02:02:15,101] {taskinstance.py:1426} INFO - Exporting the following env vars:
AIRFLOW_CTX_DAG_OWNER=***
AIRFLOW_CTX_DAG_ID=green_taxi_gcs_dag
AIRFLOW_CTX_TASK_ID=delete_the_local_file
AIRFLOW_CTX_EXECUTION_DATE=2020-10-02T00:00:00+00:00
AIRFLOW_CTX_DAG_RUN_ID=scheduled__2020-10-02T00:00:00+00:00
[2022-02-20 02:02:15,102] {subprocess.py:62} INFO - Tmp dir root location: 
 /tmp
[2022-02-20 02:02:15,103] {subprocess.py:74} INFO - Running command: ['bash', '-c', 'rm /opt/***/output_2020-10.csv | rm /opt/***/output_2020-10.parquet']
[2022-02-20 02:02:15,121] {subprocess.py:85} INFO - Output:
[2022-02-20 02:02:15,131] {subprocess.py:93} INFO - Command exited with return code 0
[2022-02-20 02:02:15,164] {taskinstance.py:1277} INFO - Marking task as SUCCESS. dag_id=green_taxi_gcs_dag, task_id=delete_the_local_file, execution_date=20201002T000000, start_date=20220220T020214, end_date=20220220T020215
[2022-02-20 02:02:15,231] {local_task_job.py:154} INFO - Task exited with return code 0
[2022-02-20 02:02:15,275] {local_task_job.py:264} INFO - 0 downstream tasks scheduled from follow-on schedule check
