[2022-02-03 17:28:07,042] {taskinstance.py:1032} INFO - Dependencies all met for <TaskInstance: yellow_taxi_gcs_dag.format_to_parquet_task scheduled__2020-09-02T00:00:00+00:00 [queued]>
[2022-02-03 17:28:07,054] {taskinstance.py:1032} INFO - Dependencies all met for <TaskInstance: yellow_taxi_gcs_dag.format_to_parquet_task scheduled__2020-09-02T00:00:00+00:00 [queued]>
[2022-02-03 17:28:07,054] {taskinstance.py:1238} INFO - 
--------------------------------------------------------------------------------
[2022-02-03 17:28:07,054] {taskinstance.py:1239} INFO - Starting attempt 1 of 2
[2022-02-03 17:28:07,054] {taskinstance.py:1240} INFO - 
--------------------------------------------------------------------------------
[2022-02-03 17:28:07,072] {taskinstance.py:1259} INFO - Executing <Task(PythonOperator): format_to_parquet_task> on 2020-09-02 00:00:00+00:00
[2022-02-03 17:28:07,080] {standard_task_runner.py:52} INFO - Started process 3239 to run task
[2022-02-03 17:28:07,084] {standard_task_runner.py:76} INFO - Running: ['***', 'tasks', 'run', 'yellow_taxi_gcs_dag', 'format_to_parquet_task', 'scheduled__2020-09-02T00:00:00+00:00', '--job-id', '124', '--raw', '--subdir', 'DAGS_FOLDER/yellow_taxi_gcs_dag.py', '--cfg-path', '/tmp/tmp9jy8dqtd', '--error-file', '/tmp/tmpxy6uctkc']
[2022-02-03 17:28:07,085] {standard_task_runner.py:77} INFO - Job 124: Subtask format_to_parquet_task
[2022-02-03 17:28:07,168] {logging_mixin.py:109} INFO - Running <TaskInstance: yellow_taxi_gcs_dag.format_to_parquet_task scheduled__2020-09-02T00:00:00+00:00 [running]> on host 7e458922b35d
[2022-02-03 17:28:07,244] {warnings.py:110} WARNING - /home/***/.local/lib/python3.7/site-packages/***/utils/context.py:152: AirflowContextDeprecationWarning: Accessing 'execution_date' from the template is deprecated and will be removed in a future version. Please use 'data_interval_start' or 'logical_date' instead.
  warnings.warn(_create_deprecation_warning(key, self._deprecation_replacements[key]))

[2022-02-03 17:28:07,274] {taskinstance.py:1426} INFO - Exporting the following env vars:
AIRFLOW_CTX_DAG_OWNER=***
AIRFLOW_CTX_DAG_ID=yellow_taxi_gcs_dag
AIRFLOW_CTX_TASK_ID=format_to_parquet_task
AIRFLOW_CTX_EXECUTION_DATE=2020-09-02T00:00:00+00:00
AIRFLOW_CTX_DAG_RUN_ID=scheduled__2020-09-02T00:00:00+00:00
[2022-02-03 17:28:09,165] {python.py:175} INFO - Done. Returned value was: None
[2022-02-03 17:28:09,179] {taskinstance.py:1277} INFO - Marking task as SUCCESS. dag_id=yellow_taxi_gcs_dag, task_id=format_to_parquet_task, execution_date=20200902T000000, start_date=20220203T172807, end_date=20220203T172809
[2022-02-03 17:28:09,251] {local_task_job.py:154} INFO - Task exited with return code 0
[2022-02-03 17:28:09,294] {local_task_job.py:264} INFO - 1 downstream tasks scheduled from follow-on schedule check
[2022-02-20 00:31:12,561] {taskinstance.py:1032} INFO - Dependencies all met for <TaskInstance: yellow_taxi_gcs_dag.format_to_parquet_task scheduled__2020-09-02T00:00:00+00:00 [queued]>
[2022-02-20 00:31:12,582] {taskinstance.py:1032} INFO - Dependencies all met for <TaskInstance: yellow_taxi_gcs_dag.format_to_parquet_task scheduled__2020-09-02T00:00:00+00:00 [queued]>
[2022-02-20 00:31:12,583] {taskinstance.py:1238} INFO - 
--------------------------------------------------------------------------------
[2022-02-20 00:31:12,583] {taskinstance.py:1239} INFO - Starting attempt 1 of 2
[2022-02-20 00:31:12,583] {taskinstance.py:1240} INFO - 
--------------------------------------------------------------------------------
[2022-02-20 00:31:12,611] {taskinstance.py:1259} INFO - Executing <Task(PythonOperator): format_to_parquet_task> on 2020-09-02 00:00:00+00:00
[2022-02-20 00:31:12,631] {standard_task_runner.py:52} INFO - Started process 2442 to run task
[2022-02-20 00:31:12,642] {standard_task_runner.py:76} INFO - Running: ['***', 'tasks', 'run', 'yellow_taxi_gcs_dag', 'format_to_parquet_task', 'scheduled__2020-09-02T00:00:00+00:00', '--job-id', '499', '--raw', '--subdir', 'DAGS_FOLDER/yellow_taxi_gcs_dag.py', '--cfg-path', '/tmp/tmpzrt6ikm6', '--error-file', '/tmp/tmpyc34jm7m']
[2022-02-20 00:31:12,644] {standard_task_runner.py:77} INFO - Job 499: Subtask format_to_parquet_task
[2022-02-20 00:31:12,758] {logging_mixin.py:109} INFO - Running <TaskInstance: yellow_taxi_gcs_dag.format_to_parquet_task scheduled__2020-09-02T00:00:00+00:00 [running]> on host da07aa254901
[2022-02-20 00:31:12,850] {warnings.py:110} WARNING - /home/***/.local/lib/python3.7/site-packages/***/utils/context.py:152: AirflowContextDeprecationWarning: Accessing 'execution_date' from the template is deprecated and will be removed in a future version. Please use 'data_interval_start' or 'logical_date' instead.
  warnings.warn(_create_deprecation_warning(key, self._deprecation_replacements[key]))

[2022-02-20 00:31:12,907] {taskinstance.py:1426} INFO - Exporting the following env vars:
AIRFLOW_CTX_DAG_OWNER=***
AIRFLOW_CTX_DAG_ID=yellow_taxi_gcs_dag
AIRFLOW_CTX_TASK_ID=format_to_parquet_task
AIRFLOW_CTX_EXECUTION_DATE=2020-09-02T00:00:00+00:00
AIRFLOW_CTX_DAG_RUN_ID=scheduled__2020-09-02T00:00:00+00:00
[2022-02-20 00:31:15,187] {python.py:175} INFO - Done. Returned value was: None
[2022-02-20 00:31:15,204] {taskinstance.py:1277} INFO - Marking task as SUCCESS. dag_id=yellow_taxi_gcs_dag, task_id=format_to_parquet_task, execution_date=20200902T000000, start_date=20220220T003112, end_date=20220220T003115
[2022-02-20 00:31:15,330] {local_task_job.py:154} INFO - Task exited with return code 0
[2022-02-20 00:31:15,498] {local_task_job.py:264} INFO - 0 downstream tasks scheduled from follow-on schedule check
