[2022-02-03 13:48:06,268] {taskinstance.py:1032} INFO - Dependencies all met for <TaskInstance: LocalIngestionDag.wget scheduled__2020-12-02T06:00:00+00:00 [queued]>
[2022-02-03 13:48:06,289] {taskinstance.py:1032} INFO - Dependencies all met for <TaskInstance: LocalIngestionDag.wget scheduled__2020-12-02T06:00:00+00:00 [queued]>
[2022-02-03 13:48:06,289] {taskinstance.py:1238} INFO - 
--------------------------------------------------------------------------------
[2022-02-03 13:48:06,290] {taskinstance.py:1239} INFO - Starting attempt 1 of 1
[2022-02-03 13:48:06,290] {taskinstance.py:1240} INFO - 
--------------------------------------------------------------------------------
[2022-02-03 13:48:06,353] {taskinstance.py:1259} INFO - Executing <Task(BashOperator): wget> on 2020-12-02 06:00:00+00:00
[2022-02-03 13:48:06,359] {standard_task_runner.py:52} INFO - Started process 1570 to run task
[2022-02-03 13:48:06,377] {standard_task_runner.py:76} INFO - Running: ['***', 'tasks', 'run', 'LocalIngestionDag', 'wget', 'scheduled__2020-12-02T06:00:00+00:00', '--job-id', '50', '--raw', '--subdir', 'DAGS_FOLDER/data_ingestion_localDB_dag.py', '--cfg-path', '/tmp/tmpczgpyxej', '--error-file', '/tmp/tmp0cjodhcz']
[2022-02-03 13:48:06,381] {standard_task_runner.py:77} INFO - Job 50: Subtask wget
[2022-02-03 13:48:06,631] {logging_mixin.py:109} INFO - Running <TaskInstance: LocalIngestionDag.wget scheduled__2020-12-02T06:00:00+00:00 [running]> on host 2b92176b720f
[2022-02-03 13:48:06,767] {warnings.py:110} WARNING - /home/***/.local/lib/python3.7/site-packages/***/utils/context.py:152: AirflowContextDeprecationWarning: Accessing 'execution_date' from the template is deprecated and will be removed in a future version. Please use 'data_interval_start' or 'logical_date' instead.
  warnings.warn(_create_deprecation_warning(key, self._deprecation_replacements[key]))

[2022-02-03 13:48:06,838] {taskinstance.py:1426} INFO - Exporting the following env vars:
AIRFLOW_CTX_DAG_OWNER=***
AIRFLOW_CTX_DAG_ID=LocalIngestionDag
AIRFLOW_CTX_TASK_ID=wget
AIRFLOW_CTX_EXECUTION_DATE=2020-12-02T06:00:00+00:00
AIRFLOW_CTX_DAG_RUN_ID=scheduled__2020-12-02T06:00:00+00:00
[2022-02-03 13:48:06,839] {subprocess.py:62} INFO - Tmp dir root location: 
 /tmp
[2022-02-03 13:48:06,840] {subprocess.py:74} INFO - Running command: ['bash', '-c', 'echo "2020-m%"']
[2022-02-03 13:48:06,886] {subprocess.py:85} INFO - Output:
[2022-02-03 13:48:06,890] {subprocess.py:89} INFO - 2020-m%
[2022-02-03 13:48:06,891] {subprocess.py:93} INFO - Command exited with return code 0
[2022-02-03 13:48:06,977] {taskinstance.py:1277} INFO - Marking task as SUCCESS. dag_id=LocalIngestionDag, task_id=wget, execution_date=20201202T060000, start_date=20220203T134806, end_date=20220203T134806
[2022-02-03 13:48:07,037] {local_task_job.py:154} INFO - Task exited with return code 0
[2022-02-03 13:48:07,152] {local_task_job.py:264} INFO - 0 downstream tasks scheduled from follow-on schedule check
[2022-02-03 14:00:13,068] {taskinstance.py:1032} INFO - Dependencies all met for <TaskInstance: LocalIngestionDag.wget scheduled__2020-12-02T06:00:00+00:00 [queued]>
[2022-02-03 14:00:13,487] {taskinstance.py:1032} INFO - Dependencies all met for <TaskInstance: LocalIngestionDag.wget scheduled__2020-12-02T06:00:00+00:00 [queued]>
[2022-02-03 14:00:13,488] {taskinstance.py:1238} INFO - 
--------------------------------------------------------------------------------
[2022-02-03 14:00:13,488] {taskinstance.py:1239} INFO - Starting attempt 1 of 1
[2022-02-03 14:00:13,488] {taskinstance.py:1240} INFO - 
--------------------------------------------------------------------------------
[2022-02-03 14:00:13,714] {taskinstance.py:1259} INFO - Executing <Task(BashOperator): wget> on 2020-12-02 06:00:00+00:00
[2022-02-03 14:00:13,833] {standard_task_runner.py:52} INFO - Started process 154 to run task
[2022-02-03 14:00:13,911] {standard_task_runner.py:76} INFO - Running: ['***', 'tasks', 'run', 'LocalIngestionDag', 'wget', 'scheduled__2020-12-02T06:00:00+00:00', '--job-id', '93', '--raw', '--subdir', 'DAGS_FOLDER/data_ingestion_localDB_dag.py', '--cfg-path', '/tmp/tmpidjq65xl', '--error-file', '/tmp/tmpbjf5nx1h']
[2022-02-03 14:00:13,966] {standard_task_runner.py:77} INFO - Job 93: Subtask wget
[2022-02-03 14:00:14,621] {logging_mixin.py:109} INFO - Running <TaskInstance: LocalIngestionDag.wget scheduled__2020-12-02T06:00:00+00:00 [running]> on host cd3baa871297
[2022-02-03 14:00:16,513] {warnings.py:110} WARNING - /home/***/.local/lib/python3.7/site-packages/***/utils/context.py:152: AirflowContextDeprecationWarning: Accessing 'execution_date' from the template is deprecated and will be removed in a future version. Please use 'data_interval_start' or 'logical_date' instead.
  warnings.warn(_create_deprecation_warning(key, self._deprecation_replacements[key]))

[2022-02-03 14:00:16,998] {taskinstance.py:1426} INFO - Exporting the following env vars:
AIRFLOW_CTX_DAG_OWNER=***
AIRFLOW_CTX_DAG_ID=LocalIngestionDag
AIRFLOW_CTX_TASK_ID=wget
AIRFLOW_CTX_EXECUTION_DATE=2020-12-02T06:00:00+00:00
AIRFLOW_CTX_DAG_RUN_ID=scheduled__2020-12-02T06:00:00+00:00
[2022-02-03 14:00:16,999] {subprocess.py:62} INFO - Tmp dir root location: 
 /tmp
[2022-02-03 14:00:17,019] {subprocess.py:74} INFO - Running command: ['bash', '-c', 'echo "2020-12"']
[2022-02-03 14:00:17,577] {subprocess.py:85} INFO - Output:
[2022-02-03 14:00:17,608] {subprocess.py:89} INFO - 2020-12
[2022-02-03 14:00:17,641] {subprocess.py:93} INFO - Command exited with return code 0
[2022-02-03 14:00:18,005] {taskinstance.py:1277} INFO - Marking task as SUCCESS. dag_id=LocalIngestionDag, task_id=wget, execution_date=20201202T060000, start_date=20220203T140013, end_date=20220203T140018
[2022-02-03 14:00:19,284] {local_task_job.py:154} INFO - Task exited with return code 0
[2022-02-03 14:00:20,410] {local_task_job.py:264} INFO - 0 downstream tasks scheduled from follow-on schedule check
