[2022-02-03 13:45:20,184] {taskinstance.py:1032} INFO - Dependencies all met for <TaskInstance: LocalIngestionDag.wget scheduled__2019-01-02T06:00:00+00:00 [queued]>
[2022-02-03 13:45:20,249] {taskinstance.py:1032} INFO - Dependencies all met for <TaskInstance: LocalIngestionDag.wget scheduled__2019-01-02T06:00:00+00:00 [queued]>
[2022-02-03 13:45:20,249] {taskinstance.py:1238} INFO - 
--------------------------------------------------------------------------------
[2022-02-03 13:45:20,249] {taskinstance.py:1239} INFO - Starting attempt 1 of 1
[2022-02-03 13:45:20,249] {taskinstance.py:1240} INFO - 
--------------------------------------------------------------------------------
[2022-02-03 13:45:20,349] {taskinstance.py:1259} INFO - Executing <Task(BashOperator): wget> on 2019-01-02 06:00:00+00:00
[2022-02-03 13:45:20,362] {standard_task_runner.py:52} INFO - Started process 1391 to run task
[2022-02-03 13:45:20,400] {standard_task_runner.py:76} INFO - Running: ['***', 'tasks', 'run', 'LocalIngestionDag', 'wget', 'scheduled__2019-01-02T06:00:00+00:00', '--job-id', '27', '--raw', '--subdir', 'DAGS_FOLDER/data_ingestion_localDB_dag.py', '--cfg-path', '/tmp/tmpgzbjg61v', '--error-file', '/tmp/tmpt5ax3w4a']
[2022-02-03 13:45:20,401] {standard_task_runner.py:77} INFO - Job 27: Subtask wget
[2022-02-03 13:45:20,790] {logging_mixin.py:109} INFO - Running <TaskInstance: LocalIngestionDag.wget scheduled__2019-01-02T06:00:00+00:00 [running]> on host 2b92176b720f
[2022-02-03 13:45:21,035] {warnings.py:110} WARNING - /home/***/.local/lib/python3.7/site-packages/***/utils/context.py:152: AirflowContextDeprecationWarning: Accessing 'execution_date' from the template is deprecated and will be removed in a future version. Please use 'data_interval_start' or 'logical_date' instead.
  warnings.warn(_create_deprecation_warning(key, self._deprecation_replacements[key]))

[2022-02-03 13:45:21,179] {taskinstance.py:1426} INFO - Exporting the following env vars:
AIRFLOW_CTX_DAG_OWNER=***
AIRFLOW_CTX_DAG_ID=LocalIngestionDag
AIRFLOW_CTX_TASK_ID=wget
AIRFLOW_CTX_EXECUTION_DATE=2019-01-02T06:00:00+00:00
AIRFLOW_CTX_DAG_RUN_ID=scheduled__2019-01-02T06:00:00+00:00
[2022-02-03 13:45:21,183] {subprocess.py:62} INFO - Tmp dir root location: 
 /tmp
[2022-02-03 13:45:21,209] {subprocess.py:74} INFO - Running command: ['bash', '-c', 'echo "2019-m%"']
[2022-02-03 13:45:21,346] {subprocess.py:85} INFO - Output:
[2022-02-03 13:45:21,362] {subprocess.py:89} INFO - 2019-m%
[2022-02-03 13:45:21,363] {subprocess.py:93} INFO - Command exited with return code 0
[2022-02-03 13:45:21,468] {taskinstance.py:1277} INFO - Marking task as SUCCESS. dag_id=LocalIngestionDag, task_id=wget, execution_date=20190102T060000, start_date=20220203T134520, end_date=20220203T134521
[2022-02-03 13:45:21,608] {local_task_job.py:154} INFO - Task exited with return code 0
[2022-02-03 13:45:21,811] {local_task_job.py:264} INFO - 0 downstream tasks scheduled from follow-on schedule check
[2022-02-03 13:53:56,361] {taskinstance.py:1032} INFO - Dependencies all met for <TaskInstance: LocalIngestionDag.wget scheduled__2019-01-02T06:00:00+00:00 [queued]>
[2022-02-03 13:53:56,382] {taskinstance.py:1032} INFO - Dependencies all met for <TaskInstance: LocalIngestionDag.wget scheduled__2019-01-02T06:00:00+00:00 [queued]>
[2022-02-03 13:53:56,382] {taskinstance.py:1238} INFO - 
--------------------------------------------------------------------------------
[2022-02-03 13:53:56,382] {taskinstance.py:1239} INFO - Starting attempt 1 of 1
[2022-02-03 13:53:56,382] {taskinstance.py:1240} INFO - 
--------------------------------------------------------------------------------
[2022-02-03 13:53:56,408] {taskinstance.py:1259} INFO - Executing <Task(BashOperator): wget> on 2019-01-02 06:00:00+00:00
[2022-02-03 13:53:56,415] {standard_task_runner.py:52} INFO - Started process 1851 to run task
[2022-02-03 13:53:56,419] {standard_task_runner.py:76} INFO - Running: ['***', 'tasks', 'run', 'LocalIngestionDag', 'wget', 'scheduled__2019-01-02T06:00:00+00:00', '--job-id', '67', '--raw', '--subdir', 'DAGS_FOLDER/data_ingestion_localDB_dag.py', '--cfg-path', '/tmp/tmpu8eoxq8a', '--error-file', '/tmp/tmpdf2itf3k']
[2022-02-03 13:53:56,420] {standard_task_runner.py:77} INFO - Job 67: Subtask wget
[2022-02-03 13:53:56,531] {logging_mixin.py:109} INFO - Running <TaskInstance: LocalIngestionDag.wget scheduled__2019-01-02T06:00:00+00:00 [running]> on host 2b92176b720f
[2022-02-03 13:53:56,606] {warnings.py:110} WARNING - /home/***/.local/lib/python3.7/site-packages/***/utils/context.py:152: AirflowContextDeprecationWarning: Accessing 'execution_date' from the template is deprecated and will be removed in a future version. Please use 'data_interval_start' or 'logical_date' instead.
  warnings.warn(_create_deprecation_warning(key, self._deprecation_replacements[key]))

[2022-02-03 13:53:56,635] {taskinstance.py:1426} INFO - Exporting the following env vars:
AIRFLOW_CTX_DAG_OWNER=***
AIRFLOW_CTX_DAG_ID=LocalIngestionDag
AIRFLOW_CTX_TASK_ID=wget
AIRFLOW_CTX_EXECUTION_DATE=2019-01-02T06:00:00+00:00
AIRFLOW_CTX_DAG_RUN_ID=scheduled__2019-01-02T06:00:00+00:00
[2022-02-03 13:53:56,636] {subprocess.py:62} INFO - Tmp dir root location: 
 /tmp
[2022-02-03 13:53:56,636] {subprocess.py:74} INFO - Running command: ['bash', '-c', 'echo "2019-01"']
[2022-02-03 13:53:56,650] {subprocess.py:85} INFO - Output:
[2022-02-03 13:53:56,654] {subprocess.py:89} INFO - 2019-01
[2022-02-03 13:53:56,655] {subprocess.py:93} INFO - Command exited with return code 0
[2022-02-03 13:53:56,743] {taskinstance.py:1277} INFO - Marking task as SUCCESS. dag_id=LocalIngestionDag, task_id=wget, execution_date=20190102T060000, start_date=20220203T135356, end_date=20220203T135356
[2022-02-03 13:53:56,795] {local_task_job.py:154} INFO - Task exited with return code 0
[2022-02-03 13:53:56,864] {local_task_job.py:264} INFO - 0 downstream tasks scheduled from follow-on schedule check
