[2022-02-09 20:33:09,638] {taskinstance.py:1032} INFO - Dependencies all met for <TaskInstance: green_taxi_gcs_dag.download_dataset_task scheduled__2019-09-02T00:00:00+00:00 [queued]>
[2022-02-09 20:33:09,685] {taskinstance.py:1032} INFO - Dependencies all met for <TaskInstance: green_taxi_gcs_dag.download_dataset_task scheduled__2019-09-02T00:00:00+00:00 [queued]>
[2022-02-09 20:33:09,685] {taskinstance.py:1238} INFO - 
--------------------------------------------------------------------------------
[2022-02-09 20:33:09,686] {taskinstance.py:1239} INFO - Starting attempt 1 of 2
[2022-02-09 20:33:09,686] {taskinstance.py:1240} INFO - 
--------------------------------------------------------------------------------
[2022-02-09 20:33:09,724] {taskinstance.py:1259} INFO - Executing <Task(BashOperator): download_dataset_task> on 2019-09-02 00:00:00+00:00
[2022-02-09 20:33:09,739] {standard_task_runner.py:52} INFO - Started process 299 to run task
[2022-02-09 20:33:09,748] {standard_task_runner.py:76} INFO - Running: ['***', 'tasks', 'run', 'green_taxi_gcs_dag', 'download_dataset_task', 'scheduled__2019-09-02T00:00:00+00:00', '--job-id', '47', '--raw', '--subdir', 'DAGS_FOLDER/green_gcs_dag.py', '--cfg-path', '/tmp/tmpl3nhaftn', '--error-file', '/tmp/tmpqm54b1fi']
[2022-02-09 20:33:09,762] {standard_task_runner.py:77} INFO - Job 47: Subtask download_dataset_task
[2022-02-09 20:33:09,945] {logging_mixin.py:109} INFO - Running <TaskInstance: green_taxi_gcs_dag.download_dataset_task scheduled__2019-09-02T00:00:00+00:00 [running]> on host 4f97b6b16bdb
[2022-02-09 20:33:10,147] {warnings.py:110} WARNING - /home/***/.local/lib/python3.7/site-packages/***/utils/context.py:152: AirflowContextDeprecationWarning: Accessing 'execution_date' from the template is deprecated and will be removed in a future version. Please use 'data_interval_start' or 'logical_date' instead.
  warnings.warn(_create_deprecation_warning(key, self._deprecation_replacements[key]))

[2022-02-09 20:33:10,265] {taskinstance.py:1426} INFO - Exporting the following env vars:
AIRFLOW_CTX_DAG_OWNER=***
AIRFLOW_CTX_DAG_ID=green_taxi_gcs_dag
AIRFLOW_CTX_TASK_ID=download_dataset_task
AIRFLOW_CTX_EXECUTION_DATE=2019-09-02T00:00:00+00:00
AIRFLOW_CTX_DAG_RUN_ID=scheduled__2019-09-02T00:00:00+00:00
[2022-02-09 20:33:10,267] {subprocess.py:62} INFO - Tmp dir root location: 
 /tmp
[2022-02-09 20:33:10,269] {subprocess.py:74} INFO - Running command: ['bash', '-c', 'curl -sS https://s3.amazonaws.com/nyc-tlc/trip+data/green_tripdata_2019-09.csv > /opt/***/output_2019-09.csv']
[2022-02-09 20:33:10,309] {subprocess.py:85} INFO - Output:
[2022-02-09 20:33:15,303] {subprocess.py:93} INFO - Command exited with return code 0
[2022-02-09 20:33:16,066] {taskinstance.py:1277} INFO - Marking task as SUCCESS. dag_id=green_taxi_gcs_dag, task_id=download_dataset_task, execution_date=20190902T000000, start_date=20220209T203309, end_date=20220209T203316
[2022-02-09 20:33:16,220] {local_task_job.py:154} INFO - Task exited with return code 0
[2022-02-09 20:33:16,419] {local_task_job.py:264} INFO - 1 downstream tasks scheduled from follow-on schedule check
[2022-02-09 20:44:23,176] {taskinstance.py:1032} INFO - Dependencies all met for <TaskInstance: green_taxi_gcs_dag.download_dataset_task scheduled__2019-09-02T00:00:00+00:00 [queued]>
[2022-02-09 20:44:23,201] {taskinstance.py:1032} INFO - Dependencies all met for <TaskInstance: green_taxi_gcs_dag.download_dataset_task scheduled__2019-09-02T00:00:00+00:00 [queued]>
[2022-02-09 20:44:23,201] {taskinstance.py:1238} INFO - 
--------------------------------------------------------------------------------
[2022-02-09 20:44:23,201] {taskinstance.py:1239} INFO - Starting attempt 1 of 2
[2022-02-09 20:44:23,201] {taskinstance.py:1240} INFO - 
--------------------------------------------------------------------------------
[2022-02-09 20:44:23,225] {taskinstance.py:1259} INFO - Executing <Task(BashOperator): download_dataset_task> on 2019-09-02 00:00:00+00:00
[2022-02-09 20:44:23,234] {standard_task_runner.py:52} INFO - Started process 753 to run task
[2022-02-09 20:44:23,240] {standard_task_runner.py:76} INFO - Running: ['***', 'tasks', 'run', 'green_taxi_gcs_dag', 'download_dataset_task', 'scheduled__2019-09-02T00:00:00+00:00', '--job-id', '146', '--raw', '--subdir', 'DAGS_FOLDER/green_gcs_dag.py', '--cfg-path', '/tmp/tmp4hc1h72l', '--error-file', '/tmp/tmpakvtilpz']
[2022-02-09 20:44:23,242] {standard_task_runner.py:77} INFO - Job 146: Subtask download_dataset_task
[2022-02-09 20:44:23,346] {logging_mixin.py:109} INFO - Running <TaskInstance: green_taxi_gcs_dag.download_dataset_task scheduled__2019-09-02T00:00:00+00:00 [running]> on host 4f97b6b16bdb
[2022-02-09 20:44:23,404] {warnings.py:110} WARNING - /home/***/.local/lib/python3.7/site-packages/***/utils/context.py:152: AirflowContextDeprecationWarning: Accessing 'execution_date' from the template is deprecated and will be removed in a future version. Please use 'data_interval_start' or 'logical_date' instead.
  warnings.warn(_create_deprecation_warning(key, self._deprecation_replacements[key]))

[2022-02-09 20:44:23,436] {taskinstance.py:1426} INFO - Exporting the following env vars:
AIRFLOW_CTX_DAG_OWNER=***
AIRFLOW_CTX_DAG_ID=green_taxi_gcs_dag
AIRFLOW_CTX_TASK_ID=download_dataset_task
AIRFLOW_CTX_EXECUTION_DATE=2019-09-02T00:00:00+00:00
AIRFLOW_CTX_DAG_RUN_ID=scheduled__2019-09-02T00:00:00+00:00
[2022-02-09 20:44:23,437] {subprocess.py:62} INFO - Tmp dir root location: 
 /tmp
[2022-02-09 20:44:23,438] {subprocess.py:74} INFO - Running command: ['bash', '-c', 'curl -sS https://s3.amazonaws.com/nyc-tlc/trip+data/green_tripdata_2019-09.csv > /opt/***/output_2019-09.csv']
[2022-02-09 20:44:23,453] {subprocess.py:85} INFO - Output:
[2022-02-09 20:44:36,128] {subprocess.py:93} INFO - Command exited with return code 0
[2022-02-09 20:44:36,185] {taskinstance.py:1277} INFO - Marking task as SUCCESS. dag_id=green_taxi_gcs_dag, task_id=download_dataset_task, execution_date=20190902T000000, start_date=20220209T204423, end_date=20220209T204436
[2022-02-09 20:44:36,231] {local_task_job.py:154} INFO - Task exited with return code 0
[2022-02-09 20:44:36,297] {local_task_job.py:264} INFO - 1 downstream tasks scheduled from follow-on schedule check
[2022-02-20 00:06:42,441] {taskinstance.py:1032} INFO - Dependencies all met for <TaskInstance: green_taxi_gcs_dag.download_dataset_task scheduled__2019-09-02T00:00:00+00:00 [queued]>
[2022-02-20 00:06:42,494] {taskinstance.py:1032} INFO - Dependencies all met for <TaskInstance: green_taxi_gcs_dag.download_dataset_task scheduled__2019-09-02T00:00:00+00:00 [queued]>
[2022-02-20 00:06:42,494] {taskinstance.py:1238} INFO - 
--------------------------------------------------------------------------------
[2022-02-20 00:06:42,494] {taskinstance.py:1239} INFO - Starting attempt 1 of 2
[2022-02-20 00:06:42,495] {taskinstance.py:1240} INFO - 
--------------------------------------------------------------------------------
[2022-02-20 00:06:42,517] {taskinstance.py:1259} INFO - Executing <Task(BashOperator): download_dataset_task> on 2019-09-02 00:00:00+00:00
[2022-02-20 00:06:42,526] {standard_task_runner.py:52} INFO - Started process 716 to run task
[2022-02-20 00:06:42,534] {standard_task_runner.py:76} INFO - Running: ['***', 'tasks', 'run', 'green_taxi_gcs_dag', 'download_dataset_task', 'scheduled__2019-09-02T00:00:00+00:00', '--job-id', '339', '--raw', '--subdir', 'DAGS_FOLDER/green_gcs_dag.py', '--cfg-path', '/tmp/tmpt5uz2fz0', '--error-file', '/tmp/tmpu915eygj']
[2022-02-20 00:06:42,535] {standard_task_runner.py:77} INFO - Job 339: Subtask download_dataset_task
[2022-02-20 00:06:42,631] {logging_mixin.py:109} INFO - Running <TaskInstance: green_taxi_gcs_dag.download_dataset_task scheduled__2019-09-02T00:00:00+00:00 [running]> on host da07aa254901
[2022-02-20 00:06:42,725] {warnings.py:110} WARNING - /home/***/.local/lib/python3.7/site-packages/***/utils/context.py:152: AirflowContextDeprecationWarning: Accessing 'execution_date' from the template is deprecated and will be removed in a future version. Please use 'data_interval_start' or 'logical_date' instead.
  warnings.warn(_create_deprecation_warning(key, self._deprecation_replacements[key]))

[2022-02-20 00:06:42,764] {taskinstance.py:1426} INFO - Exporting the following env vars:
AIRFLOW_CTX_DAG_OWNER=***
AIRFLOW_CTX_DAG_ID=green_taxi_gcs_dag
AIRFLOW_CTX_TASK_ID=download_dataset_task
AIRFLOW_CTX_EXECUTION_DATE=2019-09-02T00:00:00+00:00
AIRFLOW_CTX_DAG_RUN_ID=scheduled__2019-09-02T00:00:00+00:00
[2022-02-20 00:06:42,765] {subprocess.py:62} INFO - Tmp dir root location: 
 /tmp
[2022-02-20 00:06:42,765] {subprocess.py:74} INFO - Running command: ['bash', '-c', 'curl -sS https://s3.amazonaws.com/nyc-tlc/trip+data/green_tripdata_2019-09.csv > /opt/***/output_2019-09.csv']
[2022-02-20 00:06:42,788] {subprocess.py:85} INFO - Output:
[2022-02-20 00:06:47,512] {subprocess.py:93} INFO - Command exited with return code 0
[2022-02-20 00:06:47,553] {taskinstance.py:1277} INFO - Marking task as SUCCESS. dag_id=green_taxi_gcs_dag, task_id=download_dataset_task, execution_date=20190902T000000, start_date=20220220T000642, end_date=20220220T000647
[2022-02-20 00:06:47,635] {local_task_job.py:154} INFO - Task exited with return code 0
[2022-02-20 00:06:47,705] {local_task_job.py:264} INFO - 1 downstream tasks scheduled from follow-on schedule check
[2022-02-20 02:00:07,966] {taskinstance.py:1032} INFO - Dependencies all met for <TaskInstance: green_taxi_gcs_dag.download_dataset_task scheduled__2019-09-02T00:00:00+00:00 [queued]>
[2022-02-20 02:00:07,985] {taskinstance.py:1032} INFO - Dependencies all met for <TaskInstance: green_taxi_gcs_dag.download_dataset_task scheduled__2019-09-02T00:00:00+00:00 [queued]>
[2022-02-20 02:00:07,986] {taskinstance.py:1238} INFO - 
--------------------------------------------------------------------------------
[2022-02-20 02:00:07,986] {taskinstance.py:1239} INFO - Starting attempt 1 of 2
[2022-02-20 02:00:07,986] {taskinstance.py:1240} INFO - 
--------------------------------------------------------------------------------
[2022-02-20 02:00:08,008] {taskinstance.py:1259} INFO - Executing <Task(BashOperator): download_dataset_task> on 2019-09-02 00:00:00+00:00
[2022-02-20 02:00:08,016] {standard_task_runner.py:52} INFO - Started process 382 to run task
[2022-02-20 02:00:08,021] {standard_task_runner.py:76} INFO - Running: ['***', 'tasks', 'run', 'green_taxi_gcs_dag', 'download_dataset_task', 'scheduled__2019-09-02T00:00:00+00:00', '--job-id', '542', '--raw', '--subdir', 'DAGS_FOLDER/green_gcs_dag.py', '--cfg-path', '/tmp/tmpjyudhvie', '--error-file', '/tmp/tmpnrtazf18']
[2022-02-20 02:00:08,022] {standard_task_runner.py:77} INFO - Job 542: Subtask download_dataset_task
[2022-02-20 02:00:08,154] {logging_mixin.py:109} INFO - Running <TaskInstance: green_taxi_gcs_dag.download_dataset_task scheduled__2019-09-02T00:00:00+00:00 [running]> on host 5484a3a1f7c3
[2022-02-20 02:00:08,288] {warnings.py:110} WARNING - /home/***/.local/lib/python3.7/site-packages/***/utils/context.py:152: AirflowContextDeprecationWarning: Accessing 'execution_date' from the template is deprecated and will be removed in a future version. Please use 'data_interval_start' or 'logical_date' instead.
  warnings.warn(_create_deprecation_warning(key, self._deprecation_replacements[key]))

[2022-02-20 02:00:08,346] {taskinstance.py:1426} INFO - Exporting the following env vars:
AIRFLOW_CTX_DAG_OWNER=***
AIRFLOW_CTX_DAG_ID=green_taxi_gcs_dag
AIRFLOW_CTX_TASK_ID=download_dataset_task
AIRFLOW_CTX_EXECUTION_DATE=2019-09-02T00:00:00+00:00
AIRFLOW_CTX_DAG_RUN_ID=scheduled__2019-09-02T00:00:00+00:00
[2022-02-20 02:00:08,347] {subprocess.py:62} INFO - Tmp dir root location: 
 /tmp
[2022-02-20 02:00:08,348] {subprocess.py:74} INFO - Running command: ['bash', '-c', 'curl -sS https://s3.amazonaws.com/nyc-tlc/trip+data/green_tripdata_2019-09.csv > /opt/***/output_2019-09.csv']
[2022-02-20 02:00:08,391] {subprocess.py:85} INFO - Output:
[2022-02-20 02:00:19,623] {subprocess.py:93} INFO - Command exited with return code 0
[2022-02-20 02:00:19,662] {taskinstance.py:1277} INFO - Marking task as SUCCESS. dag_id=green_taxi_gcs_dag, task_id=download_dataset_task, execution_date=20190902T000000, start_date=20220220T020007, end_date=20220220T020019
[2022-02-20 02:00:19,708] {local_task_job.py:154} INFO - Task exited with return code 0
[2022-02-20 02:00:19,771] {local_task_job.py:264} INFO - 1 downstream tasks scheduled from follow-on schedule check
