[2022-02-03 17:26:36,384] {taskinstance.py:1032} INFO - Dependencies all met for <TaskInstance: yellow_taxi_gcs_dag.format_to_parquet_task scheduled__2020-02-02T00:00:00+00:00 [queued]>
[2022-02-03 17:26:36,400] {taskinstance.py:1032} INFO - Dependencies all met for <TaskInstance: yellow_taxi_gcs_dag.format_to_parquet_task scheduled__2020-02-02T00:00:00+00:00 [queued]>
[2022-02-03 17:26:36,401] {taskinstance.py:1238} INFO - 
--------------------------------------------------------------------------------
[2022-02-03 17:26:36,401] {taskinstance.py:1239} INFO - Starting attempt 1 of 2
[2022-02-03 17:26:36,401] {taskinstance.py:1240} INFO - 
--------------------------------------------------------------------------------
[2022-02-03 17:26:36,428] {taskinstance.py:1259} INFO - Executing <Task(PythonOperator): format_to_parquet_task> on 2020-02-02 00:00:00+00:00
[2022-02-03 17:26:36,435] {standard_task_runner.py:52} INFO - Started process 3033 to run task
[2022-02-03 17:26:36,445] {standard_task_runner.py:76} INFO - Running: ['***', 'tasks', 'run', 'yellow_taxi_gcs_dag', 'format_to_parquet_task', 'scheduled__2020-02-02T00:00:00+00:00', '--job-id', '98', '--raw', '--subdir', 'DAGS_FOLDER/yellow_taxi_gcs_dag.py', '--cfg-path', '/tmp/tmpu95fqh1t', '--error-file', '/tmp/tmpupjh2tti']
[2022-02-03 17:26:36,446] {standard_task_runner.py:77} INFO - Job 98: Subtask format_to_parquet_task
[2022-02-03 17:26:36,579] {logging_mixin.py:109} INFO - Running <TaskInstance: yellow_taxi_gcs_dag.format_to_parquet_task scheduled__2020-02-02T00:00:00+00:00 [running]> on host 7e458922b35d
[2022-02-03 17:26:36,690] {warnings.py:110} WARNING - /home/***/.local/lib/python3.7/site-packages/***/utils/context.py:152: AirflowContextDeprecationWarning: Accessing 'execution_date' from the template is deprecated and will be removed in a future version. Please use 'data_interval_start' or 'logical_date' instead.
  warnings.warn(_create_deprecation_warning(key, self._deprecation_replacements[key]))

[2022-02-03 17:26:36,735] {taskinstance.py:1426} INFO - Exporting the following env vars:
AIRFLOW_CTX_DAG_OWNER=***
AIRFLOW_CTX_DAG_ID=yellow_taxi_gcs_dag
AIRFLOW_CTX_TASK_ID=format_to_parquet_task
AIRFLOW_CTX_EXECUTION_DATE=2020-02-02T00:00:00+00:00
AIRFLOW_CTX_DAG_RUN_ID=scheduled__2020-02-02T00:00:00+00:00
[2022-02-03 17:26:46,613] {python.py:175} INFO - Done. Returned value was: None
[2022-02-03 17:26:46,626] {taskinstance.py:1277} INFO - Marking task as SUCCESS. dag_id=yellow_taxi_gcs_dag, task_id=format_to_parquet_task, execution_date=20200202T000000, start_date=20220203T172636, end_date=20220203T172646
[2022-02-03 17:26:46,831] {local_task_job.py:154} INFO - Task exited with return code 0
[2022-02-03 17:26:46,910] {local_task_job.py:264} INFO - 0 downstream tasks scheduled from follow-on schedule check
<<<<<<< HEAD
[2022-02-20 00:29:17,084] {taskinstance.py:1032} INFO - Dependencies all met for <TaskInstance: yellow_taxi_gcs_dag.format_to_parquet_task scheduled__2020-02-02T00:00:00+00:00 [queued]>
[2022-02-20 00:29:17,101] {taskinstance.py:1032} INFO - Dependencies all met for <TaskInstance: yellow_taxi_gcs_dag.format_to_parquet_task scheduled__2020-02-02T00:00:00+00:00 [queued]>
[2022-02-20 00:29:17,101] {taskinstance.py:1238} INFO - 
--------------------------------------------------------------------------------
[2022-02-20 00:29:17,101] {taskinstance.py:1239} INFO - Starting attempt 1 of 2
[2022-02-20 00:29:17,101] {taskinstance.py:1240} INFO - 
--------------------------------------------------------------------------------
[2022-02-20 00:29:17,117] {taskinstance.py:1259} INFO - Executing <Task(PythonOperator): format_to_parquet_task> on 2020-02-02 00:00:00+00:00
[2022-02-20 00:29:17,123] {standard_task_runner.py:52} INFO - Started process 2194 to run task
[2022-02-20 00:29:17,127] {standard_task_runner.py:76} INFO - Running: ['***', 'tasks', 'run', 'yellow_taxi_gcs_dag', 'format_to_parquet_task', 'scheduled__2020-02-02T00:00:00+00:00', '--job-id', '467', '--raw', '--subdir', 'DAGS_FOLDER/yellow_taxi_gcs_dag.py', '--cfg-path', '/tmp/tmpufdno1qz', '--error-file', '/tmp/tmpw4p05q_7']
[2022-02-20 00:29:17,128] {standard_task_runner.py:77} INFO - Job 467: Subtask format_to_parquet_task
[2022-02-20 00:29:17,200] {logging_mixin.py:109} INFO - Running <TaskInstance: yellow_taxi_gcs_dag.format_to_parquet_task scheduled__2020-02-02T00:00:00+00:00 [running]> on host da07aa254901
[2022-02-20 00:29:17,251] {warnings.py:110} WARNING - /home/***/.local/lib/python3.7/site-packages/***/utils/context.py:152: AirflowContextDeprecationWarning: Accessing 'execution_date' from the template is deprecated and will be removed in a future version. Please use 'data_interval_start' or 'logical_date' instead.
  warnings.warn(_create_deprecation_warning(key, self._deprecation_replacements[key]))

[2022-02-20 00:29:17,280] {taskinstance.py:1426} INFO - Exporting the following env vars:
AIRFLOW_CTX_DAG_OWNER=***
AIRFLOW_CTX_DAG_ID=yellow_taxi_gcs_dag
AIRFLOW_CTX_TASK_ID=format_to_parquet_task
AIRFLOW_CTX_EXECUTION_DATE=2020-02-02T00:00:00+00:00
AIRFLOW_CTX_DAG_RUN_ID=scheduled__2020-02-02T00:00:00+00:00
[2022-02-20 00:29:29,716] {python.py:175} INFO - Done. Returned value was: None
[2022-02-20 00:29:29,730] {taskinstance.py:1277} INFO - Marking task as SUCCESS. dag_id=yellow_taxi_gcs_dag, task_id=format_to_parquet_task, execution_date=20200202T000000, start_date=20220220T002917, end_date=20220220T002929
[2022-02-20 00:29:29,928] {local_task_job.py:154} INFO - Task exited with return code 0
[2022-02-20 00:29:29,972] {local_task_job.py:264} INFO - 1 downstream tasks scheduled from follow-on schedule check
=======
>>>>>>> origin/master
