[2022-02-03 17:28:31,087] {taskinstance.py:1032} INFO - Dependencies all met for <TaskInstance: yellow_taxi_gcs_dag.format_to_parquet_task scheduled__2020-10-02T00:00:00+00:00 [queued]>
[2022-02-03 17:28:31,105] {taskinstance.py:1032} INFO - Dependencies all met for <TaskInstance: yellow_taxi_gcs_dag.format_to_parquet_task scheduled__2020-10-02T00:00:00+00:00 [queued]>
[2022-02-03 17:28:31,105] {taskinstance.py:1238} INFO - 
--------------------------------------------------------------------------------
[2022-02-03 17:28:31,105] {taskinstance.py:1239} INFO - Starting attempt 1 of 2
[2022-02-03 17:28:31,106] {taskinstance.py:1240} INFO - 
--------------------------------------------------------------------------------
[2022-02-03 17:28:31,129] {taskinstance.py:1259} INFO - Executing <Task(PythonOperator): format_to_parquet_task> on 2020-10-02 00:00:00+00:00
[2022-02-03 17:28:31,138] {standard_task_runner.py:52} INFO - Started process 3293 to run task
[2022-02-03 17:28:31,146] {standard_task_runner.py:76} INFO - Running: ['***', 'tasks', 'run', 'yellow_taxi_gcs_dag', 'format_to_parquet_task', 'scheduled__2020-10-02T00:00:00+00:00', '--job-id', '130', '--raw', '--subdir', 'DAGS_FOLDER/yellow_taxi_gcs_dag.py', '--cfg-path', '/tmp/tmpfy2e0b9m', '--error-file', '/tmp/tmpesnj6gr1']
[2022-02-03 17:28:31,148] {standard_task_runner.py:77} INFO - Job 130: Subtask format_to_parquet_task
[2022-02-03 17:28:31,268] {logging_mixin.py:109} INFO - Running <TaskInstance: yellow_taxi_gcs_dag.format_to_parquet_task scheduled__2020-10-02T00:00:00+00:00 [running]> on host 7e458922b35d
[2022-02-03 17:28:31,352] {warnings.py:110} WARNING - /home/***/.local/lib/python3.7/site-packages/***/utils/context.py:152: AirflowContextDeprecationWarning: Accessing 'execution_date' from the template is deprecated and will be removed in a future version. Please use 'data_interval_start' or 'logical_date' instead.
  warnings.warn(_create_deprecation_warning(key, self._deprecation_replacements[key]))

[2022-02-03 17:28:31,379] {taskinstance.py:1426} INFO - Exporting the following env vars:
AIRFLOW_CTX_DAG_OWNER=***
AIRFLOW_CTX_DAG_ID=yellow_taxi_gcs_dag
AIRFLOW_CTX_TASK_ID=format_to_parquet_task
AIRFLOW_CTX_EXECUTION_DATE=2020-10-02T00:00:00+00:00
AIRFLOW_CTX_DAG_RUN_ID=scheduled__2020-10-02T00:00:00+00:00
[2022-02-03 17:28:34,540] {python.py:175} INFO - Done. Returned value was: None
[2022-02-03 17:28:34,556] {taskinstance.py:1277} INFO - Marking task as SUCCESS. dag_id=yellow_taxi_gcs_dag, task_id=format_to_parquet_task, execution_date=20201002T000000, start_date=20220203T172831, end_date=20220203T172834
[2022-02-03 17:28:34,671] {local_task_job.py:154} INFO - Task exited with return code 0
[2022-02-03 17:28:34,717] {local_task_job.py:264} INFO - 1 downstream tasks scheduled from follow-on schedule check
<<<<<<< HEAD
[2022-02-20 00:31:27,930] {taskinstance.py:1032} INFO - Dependencies all met for <TaskInstance: yellow_taxi_gcs_dag.format_to_parquet_task scheduled__2020-10-02T00:00:00+00:00 [queued]>
[2022-02-20 00:31:27,950] {taskinstance.py:1032} INFO - Dependencies all met for <TaskInstance: yellow_taxi_gcs_dag.format_to_parquet_task scheduled__2020-10-02T00:00:00+00:00 [queued]>
[2022-02-20 00:31:27,951] {taskinstance.py:1238} INFO - 
--------------------------------------------------------------------------------
[2022-02-20 00:31:27,951] {taskinstance.py:1239} INFO - Starting attempt 1 of 2
[2022-02-20 00:31:27,951] {taskinstance.py:1240} INFO - 
--------------------------------------------------------------------------------
[2022-02-20 00:31:27,969] {taskinstance.py:1259} INFO - Executing <Task(PythonOperator): format_to_parquet_task> on 2020-10-02 00:00:00+00:00
[2022-02-20 00:31:27,977] {standard_task_runner.py:52} INFO - Started process 2471 to run task
[2022-02-20 00:31:27,981] {standard_task_runner.py:76} INFO - Running: ['***', 'tasks', 'run', 'yellow_taxi_gcs_dag', 'format_to_parquet_task', 'scheduled__2020-10-02T00:00:00+00:00', '--job-id', '502', '--raw', '--subdir', 'DAGS_FOLDER/yellow_taxi_gcs_dag.py', '--cfg-path', '/tmp/tmpc5x188rd', '--error-file', '/tmp/tmp5713mu9e']
[2022-02-20 00:31:27,982] {standard_task_runner.py:77} INFO - Job 502: Subtask format_to_parquet_task
[2022-02-20 00:31:28,084] {logging_mixin.py:109} INFO - Running <TaskInstance: yellow_taxi_gcs_dag.format_to_parquet_task scheduled__2020-10-02T00:00:00+00:00 [running]> on host da07aa254901
[2022-02-20 00:31:28,147] {warnings.py:110} WARNING - /home/***/.local/lib/python3.7/site-packages/***/utils/context.py:152: AirflowContextDeprecationWarning: Accessing 'execution_date' from the template is deprecated and will be removed in a future version. Please use 'data_interval_start' or 'logical_date' instead.
  warnings.warn(_create_deprecation_warning(key, self._deprecation_replacements[key]))

[2022-02-20 00:31:28,174] {taskinstance.py:1426} INFO - Exporting the following env vars:
AIRFLOW_CTX_DAG_OWNER=***
AIRFLOW_CTX_DAG_ID=yellow_taxi_gcs_dag
AIRFLOW_CTX_TASK_ID=format_to_parquet_task
AIRFLOW_CTX_EXECUTION_DATE=2020-10-02T00:00:00+00:00
AIRFLOW_CTX_DAG_RUN_ID=scheduled__2020-10-02T00:00:00+00:00
[2022-02-20 00:31:30,584] {python.py:175} INFO - Done. Returned value was: None
[2022-02-20 00:31:30,597] {taskinstance.py:1277} INFO - Marking task as SUCCESS. dag_id=yellow_taxi_gcs_dag, task_id=format_to_parquet_task, execution_date=20201002T000000, start_date=20220220T003127, end_date=20220220T003130
[2022-02-20 00:31:30,688] {local_task_job.py:154} INFO - Task exited with return code 0
[2022-02-20 00:31:30,803] {local_task_job.py:264} INFO - 0 downstream tasks scheduled from follow-on schedule check
=======
>>>>>>> origin/master
