[2022-01-29 19:30:45,100] {taskinstance.py:1032} INFO - Dependencies all met for <TaskInstance: data_ingestion_gcs_dag.download_dataset_task manual__2022-01-29T19:24:55.984074+00:00 [queued]>
[2022-01-29 19:30:45,118] {taskinstance.py:1032} INFO - Dependencies all met for <TaskInstance: data_ingestion_gcs_dag.download_dataset_task manual__2022-01-29T19:24:55.984074+00:00 [queued]>
[2022-01-29 19:30:45,118] {taskinstance.py:1238} INFO - 
--------------------------------------------------------------------------------
[2022-01-29 19:30:45,118] {taskinstance.py:1239} INFO - Starting attempt 1 of 2
[2022-01-29 19:30:45,118] {taskinstance.py:1240} INFO - 
--------------------------------------------------------------------------------
[2022-01-29 19:30:45,143] {taskinstance.py:1259} INFO - Executing <Task(BashOperator): download_dataset_task> on 2022-01-29 19:24:55.984074+00:00
[2022-01-29 19:30:45,177] {standard_task_runner.py:52} INFO - Started process 1379 to run task
[2022-01-29 19:30:45,183] {standard_task_runner.py:76} INFO - Running: ['***', 'tasks', 'run', 'data_ingestion_gcs_dag', 'download_dataset_task', 'manual__2022-01-29T19:24:55.984074+00:00', '--job-id', '9', '--raw', '--subdir', 'DAGS_FOLDER/data_ingestion_gcs_dag.py', '--cfg-path', '/tmp/tmpbxutg2gm', '--error-file', '/tmp/tmpxhnu8mkv']
[2022-01-29 19:30:45,185] {standard_task_runner.py:77} INFO - Job 9: Subtask download_dataset_task
[2022-01-29 19:30:45,358] {logging_mixin.py:109} INFO - Running <TaskInstance: data_ingestion_gcs_dag.download_dataset_task manual__2022-01-29T19:24:55.984074+00:00 [running]> on host 14e08c7aab25
[2022-01-29 19:30:45,552] {taskinstance.py:1426} INFO - Exporting the following env vars:
AIRFLOW_CTX_DAG_OWNER=***
AIRFLOW_CTX_DAG_ID=data_ingestion_gcs_dag
AIRFLOW_CTX_TASK_ID=download_dataset_task
AIRFLOW_CTX_EXECUTION_DATE=2022-01-29T19:24:55.984074+00:00
AIRFLOW_CTX_DAG_RUN_ID=manual__2022-01-29T19:24:55.984074+00:00
[2022-01-29 19:30:45,554] {subprocess.py:62} INFO - Tmp dir root location: 
 /tmp
[2022-01-29 19:30:45,555] {subprocess.py:74} INFO - Running command: ['bash', '-c', 'curl -sS https://s3.amazonaws.com/nyc-tlc/trip+data/yellow_tripdata_2021-01.csv > /opt/***/yellow_tripdata_2021-01.csv']
[2022-01-29 19:30:45,574] {subprocess.py:85} INFO - Output:
[2022-01-29 19:31:03,230] {subprocess.py:93} INFO - Command exited with return code 0
[2022-01-29 19:31:03,299] {taskinstance.py:1277} INFO - Marking task as SUCCESS. dag_id=data_ingestion_gcs_dag, task_id=download_dataset_task, execution_date=20220129T192455, start_date=20220129T193045, end_date=20220129T193103
[2022-01-29 19:31:03,348] {local_task_job.py:154} INFO - Task exited with return code 0
[2022-01-29 19:31:03,395] {local_task_job.py:264} INFO - 1 downstream tasks scheduled from follow-on schedule check
