[2022-02-03 17:26:47,596] {taskinstance.py:1032} INFO - Dependencies all met for <TaskInstance: yellow_taxi_gcs_dag.local_to_gcs_task scheduled__2020-02-02T00:00:00+00:00 [queued]>
[2022-02-03 17:26:47,612] {taskinstance.py:1032} INFO - Dependencies all met for <TaskInstance: yellow_taxi_gcs_dag.local_to_gcs_task scheduled__2020-02-02T00:00:00+00:00 [queued]>
[2022-02-03 17:26:47,612] {taskinstance.py:1238} INFO - 
--------------------------------------------------------------------------------
[2022-02-03 17:26:47,612] {taskinstance.py:1239} INFO - Starting attempt 1 of 2
[2022-02-03 17:26:47,612] {taskinstance.py:1240} INFO - 
--------------------------------------------------------------------------------
[2022-02-03 17:26:47,633] {taskinstance.py:1259} INFO - Executing <Task(PythonOperator): local_to_gcs_task> on 2020-02-02 00:00:00+00:00
[2022-02-03 17:26:47,640] {standard_task_runner.py:52} INFO - Started process 3060 to run task
[2022-02-03 17:26:47,646] {standard_task_runner.py:76} INFO - Running: ['***', 'tasks', 'run', 'yellow_taxi_gcs_dag', 'local_to_gcs_task', 'scheduled__2020-02-02T00:00:00+00:00', '--job-id', '101', '--raw', '--subdir', 'DAGS_FOLDER/yellow_taxi_gcs_dag.py', '--cfg-path', '/tmp/tmpzogrddhy', '--error-file', '/tmp/tmp6rggiaj2']
[2022-02-03 17:26:47,647] {standard_task_runner.py:77} INFO - Job 101: Subtask local_to_gcs_task
[2022-02-03 17:26:47,727] {logging_mixin.py:109} INFO - Running <TaskInstance: yellow_taxi_gcs_dag.local_to_gcs_task scheduled__2020-02-02T00:00:00+00:00 [running]> on host 7e458922b35d
[2022-02-03 17:26:47,783] {warnings.py:110} WARNING - /home/***/.local/lib/python3.7/site-packages/***/utils/context.py:152: AirflowContextDeprecationWarning: Accessing 'execution_date' from the template is deprecated and will be removed in a future version. Please use 'data_interval_start' or 'logical_date' instead.
  warnings.warn(_create_deprecation_warning(key, self._deprecation_replacements[key]))

[2022-02-03 17:26:47,807] {taskinstance.py:1426} INFO - Exporting the following env vars:
AIRFLOW_CTX_DAG_OWNER=***
AIRFLOW_CTX_DAG_ID=yellow_taxi_gcs_dag
AIRFLOW_CTX_TASK_ID=local_to_gcs_task
AIRFLOW_CTX_EXECUTION_DATE=2020-02-02T00:00:00+00:00
AIRFLOW_CTX_DAG_RUN_ID=scheduled__2020-02-02T00:00:00+00:00
[2022-02-03 17:27:03,952] {python.py:175} INFO - Done. Returned value was: None
[2022-02-03 17:27:03,970] {taskinstance.py:1277} INFO - Marking task as SUCCESS. dag_id=yellow_taxi_gcs_dag, task_id=local_to_gcs_task, execution_date=20200202T000000, start_date=20220203T172647, end_date=20220203T172703
[2022-02-03 17:27:04,011] {local_task_job.py:154} INFO - Task exited with return code 0
[2022-02-03 17:27:04,084] {local_task_job.py:264} INFO - 1 downstream tasks scheduled from follow-on schedule check
<<<<<<< HEAD
[2022-02-20 00:29:31,384] {taskinstance.py:1032} INFO - Dependencies all met for <TaskInstance: yellow_taxi_gcs_dag.local_to_gcs_task scheduled__2020-02-02T00:00:00+00:00 [queued]>
[2022-02-20 00:29:31,401] {taskinstance.py:1032} INFO - Dependencies all met for <TaskInstance: yellow_taxi_gcs_dag.local_to_gcs_task scheduled__2020-02-02T00:00:00+00:00 [queued]>
[2022-02-20 00:29:31,401] {taskinstance.py:1238} INFO - 
--------------------------------------------------------------------------------
[2022-02-20 00:29:31,401] {taskinstance.py:1239} INFO - Starting attempt 1 of 2
[2022-02-20 00:29:31,401] {taskinstance.py:1240} INFO - 
--------------------------------------------------------------------------------
[2022-02-20 00:29:31,423] {taskinstance.py:1259} INFO - Executing <Task(PythonOperator): local_to_gcs_task> on 2020-02-02 00:00:00+00:00
[2022-02-20 00:29:31,430] {standard_task_runner.py:52} INFO - Started process 2236 to run task
[2022-02-20 00:29:31,438] {standard_task_runner.py:76} INFO - Running: ['***', 'tasks', 'run', 'yellow_taxi_gcs_dag', 'local_to_gcs_task', 'scheduled__2020-02-02T00:00:00+00:00', '--job-id', '472', '--raw', '--subdir', 'DAGS_FOLDER/yellow_taxi_gcs_dag.py', '--cfg-path', '/tmp/tmpczwc3_78', '--error-file', '/tmp/tmpihxbazxj']
[2022-02-20 00:29:31,439] {standard_task_runner.py:77} INFO - Job 472: Subtask local_to_gcs_task
[2022-02-20 00:29:31,511] {logging_mixin.py:109} INFO - Running <TaskInstance: yellow_taxi_gcs_dag.local_to_gcs_task scheduled__2020-02-02T00:00:00+00:00 [running]> on host da07aa254901
[2022-02-20 00:29:31,556] {warnings.py:110} WARNING - /home/***/.local/lib/python3.7/site-packages/***/utils/context.py:152: AirflowContextDeprecationWarning: Accessing 'execution_date' from the template is deprecated and will be removed in a future version. Please use 'data_interval_start' or 'logical_date' instead.
  warnings.warn(_create_deprecation_warning(key, self._deprecation_replacements[key]))

[2022-02-20 00:29:31,577] {taskinstance.py:1426} INFO - Exporting the following env vars:
AIRFLOW_CTX_DAG_OWNER=***
AIRFLOW_CTX_DAG_ID=yellow_taxi_gcs_dag
AIRFLOW_CTX_TASK_ID=local_to_gcs_task
AIRFLOW_CTX_EXECUTION_DATE=2020-02-02T00:00:00+00:00
AIRFLOW_CTX_DAG_RUN_ID=scheduled__2020-02-02T00:00:00+00:00
[2022-02-20 00:29:46,755] {python.py:175} INFO - Done. Returned value was: None
[2022-02-20 00:29:46,855] {taskinstance.py:1277} INFO - Marking task as SUCCESS. dag_id=yellow_taxi_gcs_dag, task_id=local_to_gcs_task, execution_date=20200202T000000, start_date=20220220T002931, end_date=20220220T002946
[2022-02-20 00:29:46,926] {local_task_job.py:154} INFO - Task exited with return code 0
[2022-02-20 00:29:46,976] {local_task_job.py:264} INFO - 1 downstream tasks scheduled from follow-on schedule check
=======
>>>>>>> origin/master
