[2022-02-03 17:27:52,324] {taskinstance.py:1032} INFO - Dependencies all met for <TaskInstance: yellow_taxi_gcs_dag.delete_the_local_file scheduled__2020-07-02T00:00:00+00:00 [queued]>
[2022-02-03 17:27:52,336] {taskinstance.py:1032} INFO - Dependencies all met for <TaskInstance: yellow_taxi_gcs_dag.delete_the_local_file scheduled__2020-07-02T00:00:00+00:00 [queued]>
[2022-02-03 17:27:52,336] {taskinstance.py:1238} INFO - 
--------------------------------------------------------------------------------
[2022-02-03 17:27:52,336] {taskinstance.py:1239} INFO - Starting attempt 1 of 2
[2022-02-03 17:27:52,336] {taskinstance.py:1240} INFO - 
--------------------------------------------------------------------------------
[2022-02-03 17:27:52,352] {taskinstance.py:1259} INFO - Executing <Task(BashOperator): delete_the_local_file> on 2020-07-02 00:00:00+00:00
[2022-02-03 17:27:52,359] {standard_task_runner.py:52} INFO - Started process 3213 to run task
[2022-02-03 17:27:52,363] {standard_task_runner.py:76} INFO - Running: ['***', 'tasks', 'run', 'yellow_taxi_gcs_dag', 'delete_the_local_file', 'scheduled__2020-07-02T00:00:00+00:00', '--job-id', '121', '--raw', '--subdir', 'DAGS_FOLDER/yellow_taxi_gcs_dag.py', '--cfg-path', '/tmp/tmpboq657w0', '--error-file', '/tmp/tmpvtr3ojzp']
[2022-02-03 17:27:52,364] {standard_task_runner.py:77} INFO - Job 121: Subtask delete_the_local_file
[2022-02-03 17:27:52,431] {logging_mixin.py:109} INFO - Running <TaskInstance: yellow_taxi_gcs_dag.delete_the_local_file scheduled__2020-07-02T00:00:00+00:00 [running]> on host 7e458922b35d
[2022-02-03 17:27:52,477] {warnings.py:110} WARNING - /home/***/.local/lib/python3.7/site-packages/***/utils/context.py:152: AirflowContextDeprecationWarning: Accessing 'execution_date' from the template is deprecated and will be removed in a future version. Please use 'data_interval_start' or 'logical_date' instead.
  warnings.warn(_create_deprecation_warning(key, self._deprecation_replacements[key]))

[2022-02-03 17:27:52,499] {taskinstance.py:1426} INFO - Exporting the following env vars:
AIRFLOW_CTX_DAG_OWNER=***
AIRFLOW_CTX_DAG_ID=yellow_taxi_gcs_dag
AIRFLOW_CTX_TASK_ID=delete_the_local_file
AIRFLOW_CTX_EXECUTION_DATE=2020-07-02T00:00:00+00:00
AIRFLOW_CTX_DAG_RUN_ID=scheduled__2020-07-02T00:00:00+00:00
[2022-02-03 17:27:52,500] {subprocess.py:62} INFO - Tmp dir root location: 
 /tmp
[2022-02-03 17:27:52,501] {subprocess.py:74} INFO - Running command: ['bash', '-c', 'rm /opt/***/output_2020-07.csv | rm /opt/***/output_2020-07.parquet']
[2022-02-03 17:27:52,515] {subprocess.py:85} INFO - Output:
[2022-02-03 17:27:52,532] {subprocess.py:93} INFO - Command exited with return code 0
[2022-02-03 17:27:52,563] {taskinstance.py:1277} INFO - Marking task as SUCCESS. dag_id=yellow_taxi_gcs_dag, task_id=delete_the_local_file, execution_date=20200702T000000, start_date=20220203T172752, end_date=20220203T172752
[2022-02-03 17:27:52,615] {local_task_job.py:154} INFO - Task exited with return code 0
[2022-02-03 17:27:52,649] {local_task_job.py:264} INFO - 0 downstream tasks scheduled from follow-on schedule check
[2022-02-20 00:30:51,688] {taskinstance.py:1032} INFO - Dependencies all met for <TaskInstance: yellow_taxi_gcs_dag.delete_the_local_file scheduled__2020-07-02T00:00:00+00:00 [queued]>
[2022-02-20 00:30:51,719] {taskinstance.py:1032} INFO - Dependencies all met for <TaskInstance: yellow_taxi_gcs_dag.delete_the_local_file scheduled__2020-07-02T00:00:00+00:00 [queued]>
[2022-02-20 00:30:51,719] {taskinstance.py:1238} INFO - 
--------------------------------------------------------------------------------
[2022-02-20 00:30:51,719] {taskinstance.py:1239} INFO - Starting attempt 1 of 2
[2022-02-20 00:30:51,720] {taskinstance.py:1240} INFO - 
--------------------------------------------------------------------------------
[2022-02-20 00:30:51,916] {taskinstance.py:1259} INFO - Executing <Task(BashOperator): delete_the_local_file> on 2020-07-02 00:00:00+00:00
[2022-02-20 00:30:51,923] {standard_task_runner.py:52} INFO - Started process 2403 to run task
[2022-02-20 00:30:51,927] {standard_task_runner.py:76} INFO - Running: ['***', 'tasks', 'run', 'yellow_taxi_gcs_dag', 'delete_the_local_file', 'scheduled__2020-07-02T00:00:00+00:00', '--job-id', '493', '--raw', '--subdir', 'DAGS_FOLDER/yellow_taxi_gcs_dag.py', '--cfg-path', '/tmp/tmp37fx5vej', '--error-file', '/tmp/tmpgbtetfqr']
[2022-02-20 00:30:51,928] {standard_task_runner.py:77} INFO - Job 493: Subtask delete_the_local_file
[2022-02-20 00:30:52,125] {logging_mixin.py:109} INFO - Running <TaskInstance: yellow_taxi_gcs_dag.delete_the_local_file scheduled__2020-07-02T00:00:00+00:00 [running]> on host da07aa254901
[2022-02-20 00:30:52,199] {warnings.py:110} WARNING - /home/***/.local/lib/python3.7/site-packages/***/utils/context.py:152: AirflowContextDeprecationWarning: Accessing 'execution_date' from the template is deprecated and will be removed in a future version. Please use 'data_interval_start' or 'logical_date' instead.
  warnings.warn(_create_deprecation_warning(key, self._deprecation_replacements[key]))

[2022-02-20 00:30:52,264] {taskinstance.py:1426} INFO - Exporting the following env vars:
AIRFLOW_CTX_DAG_OWNER=***
AIRFLOW_CTX_DAG_ID=yellow_taxi_gcs_dag
AIRFLOW_CTX_TASK_ID=delete_the_local_file
AIRFLOW_CTX_EXECUTION_DATE=2020-07-02T00:00:00+00:00
AIRFLOW_CTX_DAG_RUN_ID=scheduled__2020-07-02T00:00:00+00:00
[2022-02-20 00:30:52,268] {subprocess.py:62} INFO - Tmp dir root location: 
 /tmp
[2022-02-20 00:30:52,268] {subprocess.py:74} INFO - Running command: ['bash', '-c', 'rm /opt/***/output_2020-07.csv | rm /opt/***/output_2020-07.parquet']
[2022-02-20 00:30:52,284] {subprocess.py:85} INFO - Output:
[2022-02-20 00:30:52,319] {subprocess.py:93} INFO - Command exited with return code 0
[2022-02-20 00:30:52,367] {taskinstance.py:1277} INFO - Marking task as SUCCESS. dag_id=yellow_taxi_gcs_dag, task_id=delete_the_local_file, execution_date=20200702T000000, start_date=20220220T003051, end_date=20220220T003052
[2022-02-20 00:30:52,434] {local_task_job.py:154} INFO - Task exited with return code 0
[2022-02-20 00:30:52,479] {local_task_job.py:264} INFO - 0 downstream tasks scheduled from follow-on schedule check
