[2022-02-03 15:00:20,369] {taskinstance.py:1032} INFO - Dependencies all met for <TaskInstance: yellow_taxi_gcs_dag.download_dataset_task scheduled__2019-01-07T00:00:00+00:00 [queued]>
[2022-02-03 15:00:20,384] {taskinstance.py:1032} INFO - Dependencies all met for <TaskInstance: yellow_taxi_gcs_dag.download_dataset_task scheduled__2019-01-07T00:00:00+00:00 [queued]>
[2022-02-03 15:00:20,385] {taskinstance.py:1238} INFO - 
--------------------------------------------------------------------------------
[2022-02-03 15:00:20,385] {taskinstance.py:1239} INFO - Starting attempt 1 of 2
[2022-02-03 15:00:20,385] {taskinstance.py:1240} INFO - 
--------------------------------------------------------------------------------
[2022-02-03 15:00:20,401] {taskinstance.py:1259} INFO - Executing <Task(BashOperator): download_dataset_task> on 2019-01-07 00:00:00+00:00
[2022-02-03 15:00:20,408] {standard_task_runner.py:52} INFO - Started process 2843 to run task
[2022-02-03 15:00:20,412] {standard_task_runner.py:76} INFO - Running: ['***', 'tasks', 'run', 'yellow_taxi_gcs_dag', 'download_dataset_task', 'scheduled__2019-01-07T00:00:00+00:00', '--job-id', '133', '--raw', '--subdir', 'DAGS_FOLDER/yellow_taxi_gcs_dag.py', '--cfg-path', '/tmp/tmpyre2mwlz', '--error-file', '/tmp/tmp524tiyn7']
[2022-02-03 15:00:20,414] {standard_task_runner.py:77} INFO - Job 133: Subtask download_dataset_task
[2022-02-03 15:00:20,469] {logging_mixin.py:109} INFO - Running <TaskInstance: yellow_taxi_gcs_dag.download_dataset_task scheduled__2019-01-07T00:00:00+00:00 [running]> on host cd3baa871297
[2022-02-03 15:00:20,559] {warnings.py:110} WARNING - /home/***/.local/lib/python3.7/site-packages/***/utils/context.py:152: AirflowContextDeprecationWarning: Accessing 'execution_date' from the template is deprecated and will be removed in a future version. Please use 'data_interval_start' or 'logical_date' instead.
  warnings.warn(_create_deprecation_warning(key, self._deprecation_replacements[key]))

[2022-02-03 15:00:20,592] {taskinstance.py:1426} INFO - Exporting the following env vars:
AIRFLOW_CTX_DAG_OWNER=***
AIRFLOW_CTX_DAG_ID=yellow_taxi_gcs_dag
AIRFLOW_CTX_TASK_ID=download_dataset_task
AIRFLOW_CTX_EXECUTION_DATE=2019-01-07T00:00:00+00:00
AIRFLOW_CTX_DAG_RUN_ID=scheduled__2019-01-07T00:00:00+00:00
[2022-02-03 15:00:20,593] {subprocess.py:62} INFO - Tmp dir root location: 
 /tmp
[2022-02-03 15:00:20,594] {subprocess.py:74} INFO - Running command: ['bash', '-c', 'echo https://s3.amazonaws.com/nyc-tlc/trip+data/yellow_tripdata_2019-01.csv -  /opt/***/output_2019-01.csv | curl -sS https://s3.amazonaws.com/nyc-tlc/trip+data/yellow_tripdata_2019-01.csv > /opt/***/output_2019-01.csv']
[2022-02-03 15:00:20,686] {subprocess.py:85} INFO - Output:
[2022-02-03 15:05:27,353] {subprocess.py:93} INFO - Command exited with return code 0
[2022-02-03 15:05:27,393] {taskinstance.py:1277} INFO - Marking task as SUCCESS. dag_id=yellow_taxi_gcs_dag, task_id=download_dataset_task, execution_date=20190107T000000, start_date=20220203T150020, end_date=20220203T150527
[2022-02-03 15:05:27,456] {local_task_job.py:154} INFO - Task exited with return code 0
[2022-02-03 15:05:27,499] {local_task_job.py:264} INFO - 0 downstream tasks scheduled from follow-on schedule check
[2022-02-03 15:35:52,861] {taskinstance.py:1032} INFO - Dependencies all met for <TaskInstance: yellow_taxi_gcs_dag.download_dataset_task scheduled__2019-01-07T00:00:00+00:00 [queued]>
[2022-02-03 15:35:52,901] {taskinstance.py:1032} INFO - Dependencies all met for <TaskInstance: yellow_taxi_gcs_dag.download_dataset_task scheduled__2019-01-07T00:00:00+00:00 [queued]>
[2022-02-03 15:35:52,901] {taskinstance.py:1238} INFO - 
--------------------------------------------------------------------------------
[2022-02-03 15:35:52,901] {taskinstance.py:1239} INFO - Starting attempt 1 of 2
[2022-02-03 15:35:52,902] {taskinstance.py:1240} INFO - 
--------------------------------------------------------------------------------
[2022-02-03 15:35:52,932] {taskinstance.py:1259} INFO - Executing <Task(BashOperator): download_dataset_task> on 2019-01-07 00:00:00+00:00
[2022-02-03 15:35:52,956] {standard_task_runner.py:52} INFO - Started process 4492 to run task
[2022-02-03 15:35:52,969] {standard_task_runner.py:76} INFO - Running: ['***', 'tasks', 'run', 'yellow_taxi_gcs_dag', 'download_dataset_task', 'scheduled__2019-01-07T00:00:00+00:00', '--job-id', '166', '--raw', '--subdir', 'DAGS_FOLDER/yellow_taxi_gcs_dag.py', '--cfg-path', '/tmp/tmphtq89nf7', '--error-file', '/tmp/tmp5mcb_4tz']
[2022-02-03 15:35:52,970] {standard_task_runner.py:77} INFO - Job 166: Subtask download_dataset_task
[2022-02-03 15:35:53,062] {logging_mixin.py:109} INFO - Running <TaskInstance: yellow_taxi_gcs_dag.download_dataset_task scheduled__2019-01-07T00:00:00+00:00 [running]> on host cd3baa871297
[2022-02-03 15:35:53,119] {warnings.py:110} WARNING - /home/***/.local/lib/python3.7/site-packages/***/utils/context.py:152: AirflowContextDeprecationWarning: Accessing 'execution_date' from the template is deprecated and will be removed in a future version. Please use 'data_interval_start' or 'logical_date' instead.
  warnings.warn(_create_deprecation_warning(key, self._deprecation_replacements[key]))

[2022-02-03 15:35:53,147] {taskinstance.py:1426} INFO - Exporting the following env vars:
AIRFLOW_CTX_DAG_OWNER=***
AIRFLOW_CTX_DAG_ID=yellow_taxi_gcs_dag
AIRFLOW_CTX_TASK_ID=download_dataset_task
AIRFLOW_CTX_EXECUTION_DATE=2019-01-07T00:00:00+00:00
AIRFLOW_CTX_DAG_RUN_ID=scheduled__2019-01-07T00:00:00+00:00
[2022-02-03 15:35:53,148] {subprocess.py:62} INFO - Tmp dir root location: 
 /tmp
[2022-02-03 15:35:53,149] {subprocess.py:74} INFO - Running command: ['bash', '-c', 'echo https://s3.amazonaws.com/nyc-tlc/trip+data/yellow_tripdata_2019-01.csv -  /opt/***/output_2019-01.csv']
[2022-02-03 15:35:53,161] {subprocess.py:85} INFO - Output:
[2022-02-03 15:35:53,163] {subprocess.py:89} INFO - https://s3.amazonaws.com/nyc-tlc/trip+data/yellow_tripdata_2019-01.csv - /opt/***/output_2019-01.csv
[2022-02-03 15:35:53,163] {subprocess.py:93} INFO - Command exited with return code 0
[2022-02-03 15:35:53,194] {taskinstance.py:1277} INFO - Marking task as SUCCESS. dag_id=yellow_taxi_gcs_dag, task_id=download_dataset_task, execution_date=20190107T000000, start_date=20220203T153552, end_date=20220203T153553
[2022-02-03 15:35:53,224] {local_task_job.py:154} INFO - Task exited with return code 0
[2022-02-03 15:35:53,259] {local_task_job.py:264} INFO - 0 downstream tasks scheduled from follow-on schedule check
