[2022-02-03 17:20:55,553] {taskinstance.py:1032} INFO - Dependencies all met for <TaskInstance: yellow_taxi_gcs_dag.download_dataset_task scheduled__2019-10-02T00:00:00+00:00 [queued]>
[2022-02-03 17:20:55,570] {taskinstance.py:1032} INFO - Dependencies all met for <TaskInstance: yellow_taxi_gcs_dag.download_dataset_task scheduled__2019-10-02T00:00:00+00:00 [queued]>
[2022-02-03 17:20:55,571] {taskinstance.py:1238} INFO - 
--------------------------------------------------------------------------------
[2022-02-03 17:20:55,571] {taskinstance.py:1239} INFO - Starting attempt 1 of 2
[2022-02-03 17:20:55,571] {taskinstance.py:1240} INFO - 
--------------------------------------------------------------------------------
[2022-02-03 17:20:55,593] {taskinstance.py:1259} INFO - Executing <Task(BashOperator): download_dataset_task> on 2019-10-02 00:00:00+00:00
[2022-02-03 17:20:55,611] {standard_task_runner.py:52} INFO - Started process 2672 to run task
[2022-02-03 17:20:55,623] {standard_task_runner.py:76} INFO - Running: ['***', 'tasks', 'run', 'yellow_taxi_gcs_dag', 'download_dataset_task', 'scheduled__2019-10-02T00:00:00+00:00', '--job-id', '77', '--raw', '--subdir', 'DAGS_FOLDER/yellow_taxi_gcs_dag.py', '--cfg-path', '/tmp/tmp3e9n8ryt', '--error-file', '/tmp/tmpderbj65w']
[2022-02-03 17:20:55,624] {standard_task_runner.py:77} INFO - Job 77: Subtask download_dataset_task
[2022-02-03 17:20:55,905] {logging_mixin.py:109} INFO - Running <TaskInstance: yellow_taxi_gcs_dag.download_dataset_task scheduled__2019-10-02T00:00:00+00:00 [running]> on host 7e458922b35d
[2022-02-03 17:20:56,040] {warnings.py:110} WARNING - /home/***/.local/lib/python3.7/site-packages/***/utils/context.py:152: AirflowContextDeprecationWarning: Accessing 'execution_date' from the template is deprecated and will be removed in a future version. Please use 'data_interval_start' or 'logical_date' instead.
  warnings.warn(_create_deprecation_warning(key, self._deprecation_replacements[key]))

[2022-02-03 17:20:56,085] {taskinstance.py:1426} INFO - Exporting the following env vars:
AIRFLOW_CTX_DAG_OWNER=***
AIRFLOW_CTX_DAG_ID=yellow_taxi_gcs_dag
AIRFLOW_CTX_TASK_ID=download_dataset_task
AIRFLOW_CTX_EXECUTION_DATE=2019-10-02T00:00:00+00:00
AIRFLOW_CTX_DAG_RUN_ID=scheduled__2019-10-02T00:00:00+00:00
[2022-02-03 17:20:56,086] {subprocess.py:62} INFO - Tmp dir root location: 
 /tmp
[2022-02-03 17:20:56,088] {subprocess.py:74} INFO - Running command: ['bash', '-c', 'curl -sS https://s3.amazonaws.com/nyc-tlc/trip+data/yellow_tripdata_2019-10.csv > /opt/***/output_2019-10.csv']
[2022-02-03 17:20:56,106] {subprocess.py:85} INFO - Output:
[2022-02-03 17:23:32,990] {subprocess.py:93} INFO - Command exited with return code 0
[2022-02-03 17:23:33,047] {taskinstance.py:1277} INFO - Marking task as SUCCESS. dag_id=yellow_taxi_gcs_dag, task_id=download_dataset_task, execution_date=20191002T000000, start_date=20220203T172055, end_date=20220203T172333
[2022-02-03 17:23:33,146] {local_task_job.py:154} INFO - Task exited with return code 0
[2022-02-03 17:23:33,215] {local_task_job.py:264} INFO - 1 downstream tasks scheduled from follow-on schedule check
