[2022-02-03 14:12:09,044] {taskinstance.py:1032} INFO - Dependencies all met for <TaskInstance: LocalIngestionDag.wget scheduled__2019-03-01T06:00:00+00:00 [queued]>
[2022-02-03 14:12:09,131] {taskinstance.py:1032} INFO - Dependencies all met for <TaskInstance: LocalIngestionDag.wget scheduled__2019-03-01T06:00:00+00:00 [queued]>
[2022-02-03 14:12:09,141] {taskinstance.py:1238} INFO - 
--------------------------------------------------------------------------------
[2022-02-03 14:12:09,143] {taskinstance.py:1239} INFO - Starting attempt 1 of 1
[2022-02-03 14:12:09,145] {taskinstance.py:1240} INFO - 
--------------------------------------------------------------------------------
[2022-02-03 14:12:09,227] {taskinstance.py:1259} INFO - Executing <Task(BashOperator): wget> on 2019-03-01 06:00:00+00:00
[2022-02-03 14:12:09,251] {standard_task_runner.py:52} INFO - Started process 693 to run task
[2022-02-03 14:12:09,340] {standard_task_runner.py:76} INFO - Running: ['***', 'tasks', 'run', 'LocalIngestionDag', 'wget', 'scheduled__2019-03-01T06:00:00+00:00', '--job-id', '113', '--raw', '--subdir', 'DAGS_FOLDER/data_ingestion_localDB_dag.py', '--cfg-path', '/tmp/tmpsn4b_p8b', '--error-file', '/tmp/tmpsrgfbprj']
[2022-02-03 14:12:09,364] {standard_task_runner.py:77} INFO - Job 113: Subtask wget
[2022-02-03 14:12:10,123] {logging_mixin.py:109} INFO - Running <TaskInstance: LocalIngestionDag.wget scheduled__2019-03-01T06:00:00+00:00 [running]> on host cd3baa871297
[2022-02-03 14:12:10,456] {warnings.py:110} WARNING - /home/***/.local/lib/python3.7/site-packages/***/utils/context.py:152: AirflowContextDeprecationWarning: Accessing 'execution_date' from the template is deprecated and will be removed in a future version. Please use 'data_interval_start' or 'logical_date' instead.
  warnings.warn(_create_deprecation_warning(key, self._deprecation_replacements[key]))

[2022-02-03 14:12:10,620] {taskinstance.py:1426} INFO - Exporting the following env vars:
AIRFLOW_CTX_DAG_OWNER=***
AIRFLOW_CTX_DAG_ID=LocalIngestionDag
AIRFLOW_CTX_TASK_ID=wget
AIRFLOW_CTX_EXECUTION_DATE=2019-03-01T06:00:00+00:00
AIRFLOW_CTX_DAG_RUN_ID=scheduled__2019-03-01T06:00:00+00:00
[2022-02-03 14:12:10,621] {subprocess.py:62} INFO - Tmp dir root location: 
 /tmp
[2022-02-03 14:12:10,622] {subprocess.py:74} INFO - Running command: ['bash', '-c', 'echo "2019-03"']
[2022-02-03 14:12:10,734] {subprocess.py:85} INFO - Output:
[2022-02-03 14:12:10,754] {subprocess.py:89} INFO - 2019-03
[2022-02-03 14:12:10,782] {subprocess.py:93} INFO - Command exited with return code 0
[2022-02-03 14:12:10,905] {taskinstance.py:1277} INFO - Marking task as SUCCESS. dag_id=LocalIngestionDag, task_id=wget, execution_date=20190301T060000, start_date=20220203T141209, end_date=20220203T141210
[2022-02-03 14:12:11,096] {local_task_job.py:154} INFO - Task exited with return code 0
[2022-02-03 14:12:11,338] {local_task_job.py:264} INFO - 0 downstream tasks scheduled from follow-on schedule check
[2022-02-03 14:26:54,657] {taskinstance.py:1032} INFO - Dependencies all met for <TaskInstance: LocalIngestionDag.wget scheduled__2019-03-01T06:00:00+00:00 [queued]>
[2022-02-03 14:26:54,701] {taskinstance.py:1032} INFO - Dependencies all met for <TaskInstance: LocalIngestionDag.wget scheduled__2019-03-01T06:00:00+00:00 [queued]>
[2022-02-03 14:26:54,701] {taskinstance.py:1238} INFO - 
--------------------------------------------------------------------------------
[2022-02-03 14:26:54,702] {taskinstance.py:1239} INFO - Starting attempt 1 of 1
[2022-02-03 14:26:54,702] {taskinstance.py:1240} INFO - 
--------------------------------------------------------------------------------
[2022-02-03 14:26:54,746] {taskinstance.py:1259} INFO - Executing <Task(BashOperator): wget> on 2019-03-01 06:00:00+00:00
[2022-02-03 14:26:54,755] {standard_task_runner.py:52} INFO - Started process 1349 to run task
[2022-02-03 14:26:54,767] {standard_task_runner.py:76} INFO - Running: ['***', 'tasks', 'run', 'LocalIngestionDag', 'wget', 'scheduled__2019-03-01T06:00:00+00:00', '--job-id', '119', '--raw', '--subdir', 'DAGS_FOLDER/data_ingestion_localDB_dag.py', '--cfg-path', '/tmp/tmphtlu_a8v', '--error-file', '/tmp/tmp44iaug3_']
[2022-02-03 14:26:54,768] {standard_task_runner.py:77} INFO - Job 119: Subtask wget
[2022-02-03 14:26:54,925] {logging_mixin.py:109} INFO - Running <TaskInstance: LocalIngestionDag.wget scheduled__2019-03-01T06:00:00+00:00 [running]> on host cd3baa871297
[2022-02-03 14:26:55,003] {warnings.py:110} WARNING - /home/***/.local/lib/python3.7/site-packages/***/utils/context.py:152: AirflowContextDeprecationWarning: Accessing 'execution_date' from the template is deprecated and will be removed in a future version. Please use 'data_interval_start' or 'logical_date' instead.
  warnings.warn(_create_deprecation_warning(key, self._deprecation_replacements[key]))

[2022-02-03 14:26:55,049] {taskinstance.py:1426} INFO - Exporting the following env vars:
AIRFLOW_CTX_DAG_OWNER=***
AIRFLOW_CTX_DAG_ID=LocalIngestionDag
AIRFLOW_CTX_TASK_ID=wget
AIRFLOW_CTX_EXECUTION_DATE=2019-03-01T06:00:00+00:00
AIRFLOW_CTX_DAG_RUN_ID=scheduled__2019-03-01T06:00:00+00:00
[2022-02-03 14:26:55,052] {subprocess.py:62} INFO - Tmp dir root location: 
 /tmp
[2022-02-03 14:26:55,054] {subprocess.py:74} INFO - Running command: ['bash', '-c', 'echo "2019-03"']
[2022-02-03 14:26:55,074] {subprocess.py:85} INFO - Output:
[2022-02-03 14:26:55,080] {subprocess.py:89} INFO - 2019-03
[2022-02-03 14:26:55,081] {subprocess.py:93} INFO - Command exited with return code 0
[2022-02-03 14:26:55,221] {taskinstance.py:1277} INFO - Marking task as SUCCESS. dag_id=LocalIngestionDag, task_id=wget, execution_date=20190301T060000, start_date=20220203T142654, end_date=20220203T142655
[2022-02-03 14:26:55,312] {local_task_job.py:154} INFO - Task exited with return code 0
[2022-02-03 14:26:55,496] {local_task_job.py:264} INFO - 0 downstream tasks scheduled from follow-on schedule check
