[2022-02-03 17:27:09,544] {taskinstance.py:1032} INFO - Dependencies all met for <TaskInstance: yellow_taxi_gcs_dag.format_to_parquet_task scheduled__2020-04-02T00:00:00+00:00 [queued]>
[2022-02-03 17:27:09,563] {taskinstance.py:1032} INFO - Dependencies all met for <TaskInstance: yellow_taxi_gcs_dag.format_to_parquet_task scheduled__2020-04-02T00:00:00+00:00 [queued]>
[2022-02-03 17:27:09,568] {taskinstance.py:1238} INFO - 
--------------------------------------------------------------------------------
[2022-02-03 17:27:09,569] {taskinstance.py:1239} INFO - Starting attempt 1 of 2
[2022-02-03 17:27:09,569] {taskinstance.py:1240} INFO - 
--------------------------------------------------------------------------------
[2022-02-03 17:27:09,594] {taskinstance.py:1259} INFO - Executing <Task(PythonOperator): format_to_parquet_task> on 2020-04-02 00:00:00+00:00
[2022-02-03 17:27:09,601] {standard_task_runner.py:52} INFO - Started process 3099 to run task
[2022-02-03 17:27:09,606] {standard_task_runner.py:76} INFO - Running: ['***', 'tasks', 'run', 'yellow_taxi_gcs_dag', 'format_to_parquet_task', 'scheduled__2020-04-02T00:00:00+00:00', '--job-id', '106', '--raw', '--subdir', 'DAGS_FOLDER/yellow_taxi_gcs_dag.py', '--cfg-path', '/tmp/tmpf5mxqdjh', '--error-file', '/tmp/tmpn2fqtr4m']
[2022-02-03 17:27:09,607] {standard_task_runner.py:77} INFO - Job 106: Subtask format_to_parquet_task
[2022-02-03 17:27:09,795] {logging_mixin.py:109} INFO - Running <TaskInstance: yellow_taxi_gcs_dag.format_to_parquet_task scheduled__2020-04-02T00:00:00+00:00 [running]> on host 7e458922b35d
[2022-02-03 17:27:09,899] {warnings.py:110} WARNING - /home/***/.local/lib/python3.7/site-packages/***/utils/context.py:152: AirflowContextDeprecationWarning: Accessing 'execution_date' from the template is deprecated and will be removed in a future version. Please use 'data_interval_start' or 'logical_date' instead.
  warnings.warn(_create_deprecation_warning(key, self._deprecation_replacements[key]))

[2022-02-03 17:27:09,942] {taskinstance.py:1426} INFO - Exporting the following env vars:
AIRFLOW_CTX_DAG_OWNER=***
AIRFLOW_CTX_DAG_ID=yellow_taxi_gcs_dag
AIRFLOW_CTX_TASK_ID=format_to_parquet_task
AIRFLOW_CTX_EXECUTION_DATE=2020-04-02T00:00:00+00:00
AIRFLOW_CTX_DAG_RUN_ID=scheduled__2020-04-02T00:00:00+00:00
[2022-02-03 17:27:10,536] {python.py:175} INFO - Done. Returned value was: None
[2022-02-03 17:27:10,556] {taskinstance.py:1277} INFO - Marking task as SUCCESS. dag_id=yellow_taxi_gcs_dag, task_id=format_to_parquet_task, execution_date=20200402T000000, start_date=20220203T172709, end_date=20220203T172710
[2022-02-03 17:27:10,630] {local_task_job.py:154} INFO - Task exited with return code 0
[2022-02-03 17:27:10,716] {local_task_job.py:264} INFO - 1 downstream tasks scheduled from follow-on schedule check
<<<<<<< HEAD
[2022-02-20 00:29:42,770] {taskinstance.py:1032} INFO - Dependencies all met for <TaskInstance: yellow_taxi_gcs_dag.format_to_parquet_task scheduled__2020-04-02T00:00:00+00:00 [queued]>
[2022-02-20 00:29:42,785] {taskinstance.py:1032} INFO - Dependencies all met for <TaskInstance: yellow_taxi_gcs_dag.format_to_parquet_task scheduled__2020-04-02T00:00:00+00:00 [queued]>
[2022-02-20 00:29:42,785] {taskinstance.py:1238} INFO - 
--------------------------------------------------------------------------------
[2022-02-20 00:29:42,785] {taskinstance.py:1239} INFO - Starting attempt 1 of 2
[2022-02-20 00:29:42,785] {taskinstance.py:1240} INFO - 
--------------------------------------------------------------------------------
[2022-02-20 00:29:42,800] {taskinstance.py:1259} INFO - Executing <Task(PythonOperator): format_to_parquet_task> on 2020-04-02 00:00:00+00:00
[2022-02-20 00:29:42,807] {standard_task_runner.py:52} INFO - Started process 2249 to run task
[2022-02-20 00:29:42,812] {standard_task_runner.py:76} INFO - Running: ['***', 'tasks', 'run', 'yellow_taxi_gcs_dag', 'format_to_parquet_task', 'scheduled__2020-04-02T00:00:00+00:00', '--job-id', '473', '--raw', '--subdir', 'DAGS_FOLDER/yellow_taxi_gcs_dag.py', '--cfg-path', '/tmp/tmpnjvwgqkr', '--error-file', '/tmp/tmp_jlqw3a3']
[2022-02-20 00:29:42,813] {standard_task_runner.py:77} INFO - Job 473: Subtask format_to_parquet_task
[2022-02-20 00:29:42,894] {logging_mixin.py:109} INFO - Running <TaskInstance: yellow_taxi_gcs_dag.format_to_parquet_task scheduled__2020-04-02T00:00:00+00:00 [running]> on host da07aa254901
[2022-02-20 00:29:42,939] {warnings.py:110} WARNING - /home/***/.local/lib/python3.7/site-packages/***/utils/context.py:152: AirflowContextDeprecationWarning: Accessing 'execution_date' from the template is deprecated and will be removed in a future version. Please use 'data_interval_start' or 'logical_date' instead.
  warnings.warn(_create_deprecation_warning(key, self._deprecation_replacements[key]))

[2022-02-20 00:29:42,961] {taskinstance.py:1426} INFO - Exporting the following env vars:
AIRFLOW_CTX_DAG_OWNER=***
AIRFLOW_CTX_DAG_ID=yellow_taxi_gcs_dag
AIRFLOW_CTX_TASK_ID=format_to_parquet_task
AIRFLOW_CTX_EXECUTION_DATE=2020-04-02T00:00:00+00:00
AIRFLOW_CTX_DAG_RUN_ID=scheduled__2020-04-02T00:00:00+00:00
[2022-02-20 00:29:43,477] {python.py:175} INFO - Done. Returned value was: None
[2022-02-20 00:29:43,492] {taskinstance.py:1277} INFO - Marking task as SUCCESS. dag_id=yellow_taxi_gcs_dag, task_id=format_to_parquet_task, execution_date=20200402T000000, start_date=20220220T002942, end_date=20220220T002943
[2022-02-20 00:29:43,546] {local_task_job.py:154} INFO - Task exited with return code 0
[2022-02-20 00:29:43,613] {local_task_job.py:264} INFO - 1 downstream tasks scheduled from follow-on schedule check
=======
>>>>>>> origin/master
