[2022-02-03 18:19:48,339] {taskinstance.py:1032} INFO - Dependencies all met for <TaskInstance: fhv_gcs_dag.local_to_gcs_task scheduled__2019-12-02T00:00:00+00:00 [queued]>
[2022-02-03 18:19:48,351] {taskinstance.py:1032} INFO - Dependencies all met for <TaskInstance: fhv_gcs_dag.local_to_gcs_task scheduled__2019-12-02T00:00:00+00:00 [queued]>
[2022-02-03 18:19:48,351] {taskinstance.py:1238} INFO - 
--------------------------------------------------------------------------------
[2022-02-03 18:19:48,351] {taskinstance.py:1239} INFO - Starting attempt 1 of 2
[2022-02-03 18:19:48,351] {taskinstance.py:1240} INFO - 
--------------------------------------------------------------------------------
[2022-02-03 18:19:48,365] {taskinstance.py:1259} INFO - Executing <Task(PythonOperator): local_to_gcs_task> on 2019-12-02 00:00:00+00:00
[2022-02-03 18:19:48,370] {standard_task_runner.py:52} INFO - Started process 1332 to run task
[2022-02-03 18:19:48,373] {standard_task_runner.py:76} INFO - Running: ['***', 'tasks', 'run', 'fhv_gcs_dag', 'local_to_gcs_task', 'scheduled__2019-12-02T00:00:00+00:00', '--job-id', '196', '--raw', '--subdir', 'DAGS_FOLDER/fhv_gcs_dag.py', '--cfg-path', '/tmp/tmpoye0s1_6', '--error-file', '/tmp/tmpkwzsknuz']
[2022-02-03 18:19:48,374] {standard_task_runner.py:77} INFO - Job 196: Subtask local_to_gcs_task
[2022-02-03 18:19:48,434] {logging_mixin.py:109} INFO - Running <TaskInstance: fhv_gcs_dag.local_to_gcs_task scheduled__2019-12-02T00:00:00+00:00 [running]> on host bd2f56b76e32
[2022-02-03 18:19:48,477] {warnings.py:110} WARNING - /home/***/.local/lib/python3.7/site-packages/***/utils/context.py:152: AirflowContextDeprecationWarning: Accessing 'execution_date' from the template is deprecated and will be removed in a future version. Please use 'data_interval_start' or 'logical_date' instead.
  warnings.warn(_create_deprecation_warning(key, self._deprecation_replacements[key]))

[2022-02-03 18:19:48,497] {taskinstance.py:1426} INFO - Exporting the following env vars:
AIRFLOW_CTX_DAG_OWNER=***
AIRFLOW_CTX_DAG_ID=fhv_gcs_dag
AIRFLOW_CTX_TASK_ID=local_to_gcs_task
AIRFLOW_CTX_EXECUTION_DATE=2019-12-02T00:00:00+00:00
AIRFLOW_CTX_DAG_RUN_ID=scheduled__2019-12-02T00:00:00+00:00
[2022-02-03 18:19:50,753] {python.py:175} INFO - Done. Returned value was: None
[2022-02-03 18:19:50,767] {taskinstance.py:1277} INFO - Marking task as SUCCESS. dag_id=fhv_gcs_dag, task_id=local_to_gcs_task, execution_date=20191202T000000, start_date=20220203T181948, end_date=20220203T181950
[2022-02-03 18:19:50,832] {local_task_job.py:154} INFO - Task exited with return code 0
[2022-02-03 18:19:50,875] {local_task_job.py:264} INFO - 1 downstream tasks scheduled from follow-on schedule check
[2022-02-23 20:44:02,647] {taskinstance.py:1032} INFO - Dependencies all met for <TaskInstance: fhv_gcs_dag.local_to_gcs_task scheduled__2019-12-02T00:00:00+00:00 [queued]>
[2022-02-23 20:44:02,666] {taskinstance.py:1032} INFO - Dependencies all met for <TaskInstance: fhv_gcs_dag.local_to_gcs_task scheduled__2019-12-02T00:00:00+00:00 [queued]>
[2022-02-23 20:44:02,666] {taskinstance.py:1238} INFO - 
--------------------------------------------------------------------------------
[2022-02-23 20:44:02,667] {taskinstance.py:1239} INFO - Starting attempt 1 of 2
[2022-02-23 20:44:02,667] {taskinstance.py:1240} INFO - 
--------------------------------------------------------------------------------
[2022-02-23 20:44:02,686] {taskinstance.py:1259} INFO - Executing <Task(PythonOperator): local_to_gcs_task> on 2019-12-02 00:00:00+00:00
[2022-02-23 20:44:02,694] {standard_task_runner.py:52} INFO - Started process 557 to run task
[2022-02-23 20:44:02,698] {standard_task_runner.py:76} INFO - Running: ['***', 'tasks', 'run', 'fhv_gcs_dag', 'local_to_gcs_task', 'scheduled__2019-12-02T00:00:00+00:00', '--job-id', '43', '--raw', '--subdir', 'DAGS_FOLDER/fhv_gcs_dag.py', '--cfg-path', '/tmp/tmpz_o1ud6t', '--error-file', '/tmp/tmpstznb68i']
[2022-02-23 20:44:02,699] {standard_task_runner.py:77} INFO - Job 43: Subtask local_to_gcs_task
[2022-02-23 20:44:02,810] {logging_mixin.py:109} INFO - Running <TaskInstance: fhv_gcs_dag.local_to_gcs_task scheduled__2019-12-02T00:00:00+00:00 [running]> on host 1c172e0325c8
[2022-02-23 20:44:02,900] {warnings.py:110} WARNING - /home/***/.local/lib/python3.7/site-packages/***/utils/context.py:152: AirflowContextDeprecationWarning: Accessing 'execution_date' from the template is deprecated and will be removed in a future version. Please use 'data_interval_start' or 'logical_date' instead.
  warnings.warn(_create_deprecation_warning(key, self._deprecation_replacements[key]))

[2022-02-23 20:44:02,933] {taskinstance.py:1426} INFO - Exporting the following env vars:
AIRFLOW_CTX_DAG_OWNER=***
AIRFLOW_CTX_DAG_ID=fhv_gcs_dag
AIRFLOW_CTX_TASK_ID=local_to_gcs_task
AIRFLOW_CTX_EXECUTION_DATE=2019-12-02T00:00:00+00:00
AIRFLOW_CTX_DAG_RUN_ID=scheduled__2019-12-02T00:00:00+00:00
[2022-02-23 20:44:06,103] {python.py:175} INFO - Done. Returned value was: None
[2022-02-23 20:44:06,161] {taskinstance.py:1277} INFO - Marking task as SUCCESS. dag_id=fhv_gcs_dag, task_id=local_to_gcs_task, execution_date=20191202T000000, start_date=20220223T204402, end_date=20220223T204406
[2022-02-23 20:44:06,205] {local_task_job.py:154} INFO - Task exited with return code 0
[2022-02-23 20:44:06,266] {local_task_job.py:264} INFO - 1 downstream tasks scheduled from follow-on schedule check
