[2022-02-09 20:37:17,012] {taskinstance.py:1032} INFO - Dependencies all met for <TaskInstance: green_taxi_gcs_dag.download_dataset_task scheduled__2020-05-02T00:00:00+00:00 [queued]>
[2022-02-09 20:37:17,034] {taskinstance.py:1032} INFO - Dependencies all met for <TaskInstance: green_taxi_gcs_dag.download_dataset_task scheduled__2020-05-02T00:00:00+00:00 [queued]>
[2022-02-09 20:37:17,040] {taskinstance.py:1238} INFO - 
--------------------------------------------------------------------------------
[2022-02-09 20:37:17,041] {taskinstance.py:1239} INFO - Starting attempt 1 of 2
[2022-02-09 20:37:17,041] {taskinstance.py:1240} INFO - 
--------------------------------------------------------------------------------
[2022-02-09 20:37:17,122] {taskinstance.py:1259} INFO - Executing <Task(BashOperator): download_dataset_task> on 2020-05-02 00:00:00+00:00
[2022-02-09 20:37:17,140] {standard_task_runner.py:52} INFO - Started process 161 to run task
[2022-02-09 20:37:17,158] {standard_task_runner.py:76} INFO - Running: ['***', 'tasks', 'run', 'green_taxi_gcs_dag', 'download_dataset_task', 'scheduled__2020-05-02T00:00:00+00:00', '--job-id', '81', '--raw', '--subdir', 'DAGS_FOLDER/green_gcs_dag.py', '--cfg-path', '/tmp/tmpzgmtufht', '--error-file', '/tmp/tmpss3ju1o9']
[2022-02-09 20:37:17,159] {standard_task_runner.py:77} INFO - Job 81: Subtask download_dataset_task
[2022-02-09 20:37:17,341] {logging_mixin.py:109} INFO - Running <TaskInstance: green_taxi_gcs_dag.download_dataset_task scheduled__2020-05-02T00:00:00+00:00 [running]> on host 4f97b6b16bdb
[2022-02-09 20:37:17,477] {warnings.py:110} WARNING - /home/***/.local/lib/python3.7/site-packages/***/utils/context.py:152: AirflowContextDeprecationWarning: Accessing 'execution_date' from the template is deprecated and will be removed in a future version. Please use 'data_interval_start' or 'logical_date' instead.
  warnings.warn(_create_deprecation_warning(key, self._deprecation_replacements[key]))

[2022-02-09 20:37:17,561] {taskinstance.py:1426} INFO - Exporting the following env vars:
AIRFLOW_CTX_DAG_OWNER=***
AIRFLOW_CTX_DAG_ID=green_taxi_gcs_dag
AIRFLOW_CTX_TASK_ID=download_dataset_task
AIRFLOW_CTX_EXECUTION_DATE=2020-05-02T00:00:00+00:00
AIRFLOW_CTX_DAG_RUN_ID=scheduled__2020-05-02T00:00:00+00:00
[2022-02-09 20:37:17,562] {subprocess.py:62} INFO - Tmp dir root location: 
 /tmp
[2022-02-09 20:37:17,563] {subprocess.py:74} INFO - Running command: ['bash', '-c', 'curl -sS https://s3.amazonaws.com/nyc-tlc/trip+data/green_tripdata_2020-05.csv > /opt/***/output_2020-05.csv']
[2022-02-09 20:37:17,610] {subprocess.py:85} INFO - Output:
[2022-02-09 20:37:19,706] {subprocess.py:93} INFO - Command exited with return code 0
[2022-02-09 20:37:19,748] {taskinstance.py:1277} INFO - Marking task as SUCCESS. dag_id=green_taxi_gcs_dag, task_id=download_dataset_task, execution_date=20200502T000000, start_date=20220209T203717, end_date=20220209T203719
[2022-02-09 20:37:19,787] {local_task_job.py:154} INFO - Task exited with return code 0
[2022-02-09 20:37:19,887] {local_task_job.py:264} INFO - 1 downstream tasks scheduled from follow-on schedule check
[2022-02-09 20:47:36,968] {taskinstance.py:1032} INFO - Dependencies all met for <TaskInstance: green_taxi_gcs_dag.download_dataset_task scheduled__2020-05-02T00:00:00+00:00 [queued]>
[2022-02-09 20:47:36,990] {taskinstance.py:1032} INFO - Dependencies all met for <TaskInstance: green_taxi_gcs_dag.download_dataset_task scheduled__2020-05-02T00:00:00+00:00 [queued]>
[2022-02-09 20:47:36,990] {taskinstance.py:1238} INFO - 
--------------------------------------------------------------------------------
[2022-02-09 20:47:36,990] {taskinstance.py:1239} INFO - Starting attempt 1 of 2
[2022-02-09 20:47:36,990] {taskinstance.py:1240} INFO - 
--------------------------------------------------------------------------------
[2022-02-09 20:47:37,011] {taskinstance.py:1259} INFO - Executing <Task(BashOperator): download_dataset_task> on 2020-05-02 00:00:00+00:00
[2022-02-09 20:47:37,024] {standard_task_runner.py:52} INFO - Started process 1037 to run task
[2022-02-09 20:47:37,035] {standard_task_runner.py:76} INFO - Running: ['***', 'tasks', 'run', 'green_taxi_gcs_dag', 'download_dataset_task', 'scheduled__2020-05-02T00:00:00+00:00', '--job-id', '178', '--raw', '--subdir', 'DAGS_FOLDER/green_gcs_dag.py', '--cfg-path', '/tmp/tmpypa48hh3', '--error-file', '/tmp/tmpxb3fhpr5']
[2022-02-09 20:47:37,036] {standard_task_runner.py:77} INFO - Job 178: Subtask download_dataset_task
[2022-02-09 20:47:37,146] {logging_mixin.py:109} INFO - Running <TaskInstance: green_taxi_gcs_dag.download_dataset_task scheduled__2020-05-02T00:00:00+00:00 [running]> on host 4f97b6b16bdb
[2022-02-09 20:47:37,235] {warnings.py:110} WARNING - /home/***/.local/lib/python3.7/site-packages/***/utils/context.py:152: AirflowContextDeprecationWarning: Accessing 'execution_date' from the template is deprecated and will be removed in a future version. Please use 'data_interval_start' or 'logical_date' instead.
  warnings.warn(_create_deprecation_warning(key, self._deprecation_replacements[key]))

[2022-02-09 20:47:37,282] {taskinstance.py:1426} INFO - Exporting the following env vars:
AIRFLOW_CTX_DAG_OWNER=***
AIRFLOW_CTX_DAG_ID=green_taxi_gcs_dag
AIRFLOW_CTX_TASK_ID=download_dataset_task
AIRFLOW_CTX_EXECUTION_DATE=2020-05-02T00:00:00+00:00
AIRFLOW_CTX_DAG_RUN_ID=scheduled__2020-05-02T00:00:00+00:00
[2022-02-09 20:47:37,283] {subprocess.py:62} INFO - Tmp dir root location: 
 /tmp
[2022-02-09 20:47:37,285] {subprocess.py:74} INFO - Running command: ['bash', '-c', 'curl -sS https://s3.amazonaws.com/nyc-tlc/trip+data/green_tripdata_2020-05.csv > /opt/***/output_2020-05.csv']
[2022-02-09 20:47:37,316] {subprocess.py:85} INFO - Output:
[2022-02-09 20:47:38,834] {subprocess.py:93} INFO - Command exited with return code 0
[2022-02-09 20:47:38,881] {taskinstance.py:1277} INFO - Marking task as SUCCESS. dag_id=green_taxi_gcs_dag, task_id=download_dataset_task, execution_date=20200502T000000, start_date=20220209T204736, end_date=20220209T204738
[2022-02-09 20:47:38,944] {local_task_job.py:154} INFO - Task exited with return code 0
[2022-02-09 20:47:39,009] {local_task_job.py:264} INFO - 1 downstream tasks scheduled from follow-on schedule check
[2022-02-20 00:08:02,120] {taskinstance.py:1032} INFO - Dependencies all met for <TaskInstance: green_taxi_gcs_dag.download_dataset_task scheduled__2020-05-02T00:00:00+00:00 [queued]>
[2022-02-20 00:08:02,138] {taskinstance.py:1032} INFO - Dependencies all met for <TaskInstance: green_taxi_gcs_dag.download_dataset_task scheduled__2020-05-02T00:00:00+00:00 [queued]>
[2022-02-20 00:08:02,138] {taskinstance.py:1238} INFO - 
--------------------------------------------------------------------------------
[2022-02-20 00:08:02,138] {taskinstance.py:1239} INFO - Starting attempt 1 of 2
[2022-02-20 00:08:02,138] {taskinstance.py:1240} INFO - 
--------------------------------------------------------------------------------
[2022-02-20 00:08:02,156] {taskinstance.py:1259} INFO - Executing <Task(BashOperator): download_dataset_task> on 2020-05-02 00:00:00+00:00
[2022-02-20 00:08:02,163] {standard_task_runner.py:52} INFO - Started process 952 to run task
[2022-02-20 00:08:02,167] {standard_task_runner.py:76} INFO - Running: ['***', 'tasks', 'run', 'green_taxi_gcs_dag', 'download_dataset_task', 'scheduled__2020-05-02T00:00:00+00:00', '--job-id', '372', '--raw', '--subdir', 'DAGS_FOLDER/green_gcs_dag.py', '--cfg-path', '/tmp/tmpdrnqrkjy', '--error-file', '/tmp/tmp1ya37cmq']
[2022-02-20 00:08:02,168] {standard_task_runner.py:77} INFO - Job 372: Subtask download_dataset_task
[2022-02-20 00:08:02,251] {logging_mixin.py:109} INFO - Running <TaskInstance: green_taxi_gcs_dag.download_dataset_task scheduled__2020-05-02T00:00:00+00:00 [running]> on host da07aa254901
[2022-02-20 00:08:02,317] {warnings.py:110} WARNING - /home/***/.local/lib/python3.7/site-packages/***/utils/context.py:152: AirflowContextDeprecationWarning: Accessing 'execution_date' from the template is deprecated and will be removed in a future version. Please use 'data_interval_start' or 'logical_date' instead.
  warnings.warn(_create_deprecation_warning(key, self._deprecation_replacements[key]))

[2022-02-20 00:08:02,340] {taskinstance.py:1426} INFO - Exporting the following env vars:
AIRFLOW_CTX_DAG_OWNER=***
AIRFLOW_CTX_DAG_ID=green_taxi_gcs_dag
AIRFLOW_CTX_TASK_ID=download_dataset_task
AIRFLOW_CTX_EXECUTION_DATE=2020-05-02T00:00:00+00:00
AIRFLOW_CTX_DAG_RUN_ID=scheduled__2020-05-02T00:00:00+00:00
[2022-02-20 00:08:02,342] {subprocess.py:62} INFO - Tmp dir root location: 
 /tmp
[2022-02-20 00:08:02,343] {subprocess.py:74} INFO - Running command: ['bash', '-c', 'curl -sS https://s3.amazonaws.com/nyc-tlc/trip+data/green_tripdata_2020-05.csv > /opt/***/output_2020-05.csv']
[2022-02-20 00:08:02,355] {subprocess.py:85} INFO - Output:
[2022-02-20 00:08:03,760] {subprocess.py:93} INFO - Command exited with return code 0
[2022-02-20 00:08:03,797] {taskinstance.py:1277} INFO - Marking task as SUCCESS. dag_id=green_taxi_gcs_dag, task_id=download_dataset_task, execution_date=20200502T000000, start_date=20220220T000802, end_date=20220220T000803
[2022-02-20 00:08:03,863] {local_task_job.py:154} INFO - Task exited with return code 0
[2022-02-20 00:08:03,916] {local_task_job.py:264} INFO - 1 downstream tasks scheduled from follow-on schedule check
[2022-02-20 02:01:32,458] {taskinstance.py:1032} INFO - Dependencies all met for <TaskInstance: green_taxi_gcs_dag.download_dataset_task scheduled__2020-05-02T00:00:00+00:00 [queued]>
[2022-02-20 02:01:32,492] {taskinstance.py:1032} INFO - Dependencies all met for <TaskInstance: green_taxi_gcs_dag.download_dataset_task scheduled__2020-05-02T00:00:00+00:00 [queued]>
[2022-02-20 02:01:32,492] {taskinstance.py:1238} INFO - 
--------------------------------------------------------------------------------
[2022-02-20 02:01:32,492] {taskinstance.py:1239} INFO - Starting attempt 1 of 2
[2022-02-20 02:01:32,492] {taskinstance.py:1240} INFO - 
--------------------------------------------------------------------------------
[2022-02-20 02:01:32,537] {taskinstance.py:1259} INFO - Executing <Task(BashOperator): download_dataset_task> on 2020-05-02 00:00:00+00:00
[2022-02-20 02:01:32,544] {standard_task_runner.py:52} INFO - Started process 636 to run task
[2022-02-20 02:01:32,552] {standard_task_runner.py:76} INFO - Running: ['***', 'tasks', 'run', 'green_taxi_gcs_dag', 'download_dataset_task', 'scheduled__2020-05-02T00:00:00+00:00', '--job-id', '578', '--raw', '--subdir', 'DAGS_FOLDER/green_gcs_dag.py', '--cfg-path', '/tmp/tmpsawz6u49', '--error-file', '/tmp/tmpqa_ue9qi']
[2022-02-20 02:01:32,553] {standard_task_runner.py:77} INFO - Job 578: Subtask download_dataset_task
[2022-02-20 02:01:32,668] {logging_mixin.py:109} INFO - Running <TaskInstance: green_taxi_gcs_dag.download_dataset_task scheduled__2020-05-02T00:00:00+00:00 [running]> on host 5484a3a1f7c3
[2022-02-20 02:01:32,780] {warnings.py:110} WARNING - /home/***/.local/lib/python3.7/site-packages/***/utils/context.py:152: AirflowContextDeprecationWarning: Accessing 'execution_date' from the template is deprecated and will be removed in a future version. Please use 'data_interval_start' or 'logical_date' instead.
  warnings.warn(_create_deprecation_warning(key, self._deprecation_replacements[key]))

[2022-02-20 02:01:32,823] {taskinstance.py:1426} INFO - Exporting the following env vars:
AIRFLOW_CTX_DAG_OWNER=***
AIRFLOW_CTX_DAG_ID=green_taxi_gcs_dag
AIRFLOW_CTX_TASK_ID=download_dataset_task
AIRFLOW_CTX_EXECUTION_DATE=2020-05-02T00:00:00+00:00
AIRFLOW_CTX_DAG_RUN_ID=scheduled__2020-05-02T00:00:00+00:00
[2022-02-20 02:01:32,824] {subprocess.py:62} INFO - Tmp dir root location: 
 /tmp
[2022-02-20 02:01:32,824] {subprocess.py:74} INFO - Running command: ['bash', '-c', 'curl -sS https://s3.amazonaws.com/nyc-tlc/trip+data/green_tripdata_2020-05.csv > /opt/***/output_2020-05.csv']
[2022-02-20 02:01:32,847] {subprocess.py:85} INFO - Output:
[2022-02-20 02:01:34,470] {subprocess.py:93} INFO - Command exited with return code 0
[2022-02-20 02:01:34,500] {taskinstance.py:1277} INFO - Marking task as SUCCESS. dag_id=green_taxi_gcs_dag, task_id=download_dataset_task, execution_date=20200502T000000, start_date=20220220T020132, end_date=20220220T020134
[2022-02-20 02:01:34,547] {local_task_job.py:154} INFO - Task exited with return code 0
[2022-02-20 02:01:34,592] {local_task_job.py:264} INFO - 1 downstream tasks scheduled from follow-on schedule check
